################################################################################################################################################
Detected SHAFT Engine Version: [SHAFT Engine v6.1.20220113]
################################################################################################################################################

################################################################################################################################################
Starting Execution:	[1 out of 23] test cases in the current suite
Test Method:		[tests.api.users.UserData.validateUserEmail]
################################################################################################################################################
[ReportManager] Response status code: [200], status line: [HTTP/1.1 200 OK] @14-01-2022 18:40:24.0421 PM
[ReportManager] Assertion Passed: Evaluating the actual response status code against the expected one... @14-01-2022 18:40:24.0433 PM
[ReportManager] Assertion [ValidateComparativeRelation] PASSED. Expected [200] and Actual [200]. Comparison Type [EQUALS]. Validation Type [POSITIVE]. @14-01-2022 18:40:24.0439 PM
[ReportManager] API Action [PerformRequest] successfully performed. With the following test data [Request Type: "GET" | Target Status Code: "200" | Service URL: "https://jsonplaceholder.typicode.com/users" | Content Type: "*/*" | Response Time: "1375ms"]. @14-01-2022 18:40:25.0660 PM
[ReportManager] Successfully created attachment [API Request - Specifications] @14-01-2022 18:40:25.0662 PM
[ReportManager] Successfully created attachment [API Response - JSON Body] @14-01-2022 18:40:26.0016 PM
[ReportManager] Assertion [ValidateEquals] PASSED. Expected and Actual values are attached. Comparison Type [CONTAINS]. Validation Type [POSITIVE]. @14-01-2022 18:40:26.0027 PM
[ReportManager] Successfully created attachment [Validation Test Data - Expected Value] @14-01-2022 18:40:26.0028 PM
[ReportManager] Successfully created attachment [Validation Test Data - Actual Value] @14-01-2022 18:40:26.0029 PM
[ReportManager] API Action [GetResponseJSONValueAsList] successfully performed. With the following test data [$]. @14-01-2022 18:40:26.0063 PM
[ReportManager] API Action [GetResponseJSONValue] successfully performed. With the following test data [name]. @14-01-2022 18:40:26.0095 PM
[ReportManager] API Action [GetResponseJSONValue] successfully performed. With the following test data [email]. @14-01-2022 18:40:26.0127 PM
[ReportManager] Assertion [ValidateEquals] PASSED. Expected [Sincere@april.biz] and Actual [Sincere@april.biz]. Comparison Type [EQUALS]. Validation Type [POSITIVE]. @14-01-2022 18:40:26.0128 PM
[ReportManager] API Action [GetResponseJSONValue] successfully performed. With the following test data [name]. @14-01-2022 18:40:26.0167 PM
[ReportManager] API Action [GetResponseJSONValue] successfully performed. With the following test data [name]. @14-01-2022 18:40:26.0191 PM
[ReportManager] API Action [GetResponseJSONValue] successfully performed. With the following test data [name]. @14-01-2022 18:40:26.0216 PM
[ReportManager] API Action [GetResponseJSONValue] successfully performed. With the following test data [name]. @14-01-2022 18:40:26.0245 PM
[ReportManager] API Action [GetResponseJSONValue] successfully performed. With the following test data [name]. @14-01-2022 18:40:26.0274 PM
[ReportManager] API Action [GetResponseJSONValue] successfully performed. With the following test data [name]. @14-01-2022 18:40:26.0292 PM
[ReportManager] API Action [GetResponseJSONValue] successfully performed. With the following test data [name]. @14-01-2022 18:40:26.0318 PM
[ReportManager] API Action [GetResponseJSONValue] successfully performed. With the following test data [name]. @14-01-2022 18:40:26.0338 PM
[ReportManager] API Action [GetResponseJSONValue] successfully performed. With the following test data [name]. @14-01-2022 18:40:26.0363 P

################################################################################################################################################
Starting Execution:	[2 out of 23] test cases in the current suite
Test Method:		[tests.cli.demo.cliTest.sampleTestCase]
################################################################################################################################################
[ReportManager] Attempting to perform the following command locally. Command: [ls] @14-01-2022 18:40:26.0569 PM
[ReportManager] Terminal Action [PerformTerminalCommands] successfully performed. With the following test data [Host Name: "localHost" | Command: "ls" | Exit Status: "0"]. @14-01-2022 18:40:26.0595 PM
[ReportManager] Successfully created attachment [Terminal Action Actual Result - Command Log] @14-01-2022 18:40:26.0595 PM
[ReportManager] Assertion Passed: Demoing local terminal actions @14-01-2022 18:40:26.0596 PM
[ReportManager] Assertion [ValidateEquals] PASSED. Expected [pom.xml] and Actual [LICENSE
README.md
allure-results
docker-compose_native.yml
docker-compose_zalenium.yml
extent-reports
pom.xml
readMeImgs
src
target]. Comparison Type [CONTAINS]. Validation Type [POSITIVE]. @14-01-2022 18:40:26.0596 P
[ReportManager] File Action [GetAbsolutePath] successfully performed. With the following test data [Relative Folder Path: "target/downloadedFiles/"]. @14-01-2022 18:40:26.0617 PM
[ReportManager] Attempting to run remotely on: [Linux-64], [GoogleChrome], [http://localhost:4444/wd/hub], Headless Execution. @14-01-2022 18:40:26.0633 PM
[ReportManager] Successfully Opened [GoogleChrome]. @14-01-2022 18:40:29.0107 PM
[ReportManager] Target URL: [https://www.google.com/ncr], and after redirection: [https://www.google.com] @14-01-2022 18:40:29.0121 PM
[ReportManager] Initial URL: [data:,] @14-01-2022 18:40:29.0270 PM
[ReportManager] Browser Action [NavigateToURL] successfully performed. With the following test data [https://www.google.com/ncr]. @14-01-2022 18:40:31.0009 P

################################################################################################################################################
Starting Execution:	[3 out of 23] test cases in the current suite
Test Method:		[tests.gui.google.B_Search_FlatTest_SHAFT.navigateToGoogleHomeAndAssertGoogleLogoIsDisplayed]
################################################################################################################################################
[ReportManager] File Action [DoesFileExist] successfully performed. With the following test data [File Path: "src/main/resources/dynamicObjectRepository/tests_gui_google_B_Search_FlatTest_SHAFT_navigateToGoogleHomeAndAssertGoogleLogoIsDisplayed_By_xpath_img_id_hplogo_or_alt_Google.png"]. @14-01-2022 18:40:31.0028 PM
[ReportManager] File Action [GetAbsolutePath] successfully performed. With the following test data [Relative Folder Path: "src/main/resources/dynamicObjectRepository/tests_gui_google_B_Search_FlatTest_SHAFT_navigateToGoogleHomeAndAssertGoogleLogoIsDisplayed_By_xpath_img_id_hplogo_or_alt_Google.png"]. @14-01-2022 18:40:31.0029 PM
[ReportManager] File Action [ReadFromImageFile] successfully performed. With the following test data [File Path: "/home/runner/work/using_SHAFT_ENGINE/using_SHAFT_ENGINE/src/main/resources/dynamicObjectRepository/tests_gui_google_B_Search_FlatTest_SHAFT_navigateToGoogleHomeAndAssertGoogleLogoIsDisplayed_By_xpath_img_id_hplogo_or_alt_Google.png"]. @14-01-2022 18:40:31.0029 PM
[ReportManager] File Action [DoesFileExist] successfully performed. With the following test data [File Path: "src/main/resources/dynamicObjectRepository/tests_gui_google_B_Search_FlatTest_SHAFT_navigateToGoogleHomeAndAssertGoogleLogoIsDisplayed_By_xpath_img_id_hplogo_or_alt_Google.png"]. @14-01-2022 18:40:31.0396 PM
[ReportManager] File Action [DoesFileExist] successfully performed. With the following test data [File Path: "src/main/resources/dynamicObjectRepository/tests_gui_google_B_Search_FlatTest_SHAFT_navigateToGoogleHomeAndAssertGoogleLogoIsDisplayed_By_xpath_img_id_hplogo_or_alt_Google.png"]. @14-01-2022 18:40:31.0396 PM
[ReportManager] File Action [GetAbsolutePath] successfully performed. With the following test data [Relative Folder Path: "src/main/resources/dynamicObjectRepository/tests_gui_google_B_Search_FlatTest_SHAFT_navigateToGoogleHomeAndAssertGoogleLogoIsDisplayed_By_xpath_img_id_hplogo_or_alt_Google.png"]. @14-01-2022 18:40:31.0419 PM
[ReportManager] File Action [ReadFromImageFile] successfully performed. With the following test data [File Path: "/home/runner/work/using_SHAFT_ENGINE/using_SHAFT_ENGINE/src/main/resources/dynamicObjectRepository/tests_gui_google_B_Search_FlatTest_SHAFT_navigateToGoogleHomeAndAssertGoogleLogoIsDisplayed_By_xpath_img_id_hplogo_or_alt_Google.png"]. @14-01-2022 18:40:31.0420 PM
[ReportManager] Accuracy threshold is [80.0%] and the actual match accuracy is [91.50803089141846%]. @14-01-2022 18:40:31.0426 PM
[ReportManager] Successfully identified the element using AI; OpenCV. @14-01-2022 18:40:31.0431 PM
[ReportManager] Assertion Passed: Asserting that the Google logo is displayed @14-01-2022 18:40:31.0434 PM
[ReportManager] Successfully created attachment [Validation Test Data - Reference Screenshot] @14-01-2022 18:40:31.0435 PM
[ReportManager] Successfully created attachment [Validation Test Data - Actual Screenshot] @14-01-2022 18:40:31.0437 PM
[ReportManager] Assertion [ValidateElementMatches] PASSED. Expected [Element should match the reference screenshot] and Actual [TRUE]. Comparison Type [EXACT_OPENCV]. Validation Type [POSITIVE]. @14-01-2022 18:40:31.0437 P
[ReportManager] Browser Action [CloseCurrentWindow] successfully performed. @14-01-2022 18:40:31.0631 PM
[ReportManager] Successfully created attachment [Browser Action Test Data - CloseCurrentWindow - Actual Value] @14-01-2022 18:40:31.0637 P
[ReportManager] File Action [GetAbsolutePath] successfully performed. With the following test data [Relative Folder Path: "target/downloadedFiles/"]. @14-01-2022 18:40:31.0656 PM
[ReportManager] Attempting to run remotely on: [Linux-64], [GoogleChrome], [http://localhost:4444/wd/hub], Headless Execution. @14-01-2022 18:40:31.0656 PM
[ReportManager] Successfully Opened [GoogleChrome]. @14-01-2022 18:40:32.0310 PM
[ReportManager] Target URL: [https://www.google.com/ncr], and after redirection: [https://www.google.com] @14-01-2022 18:40:32.0310 PM
[ReportManager] Initial URL: [data:,] @14-01-2022 18:40:32.0453 PM
[ReportManager] Browser Action [NavigateToURL] successfully performed. With the following test data [https://www.google.com/ncr]. @14-01-2022 18:40:33.0789 P

################################################################################################################################################
Starting Execution:	[4 out of 23] test cases in the current suite
Test Method:		[tests.gui.google.B_Search_FlatTest_SHAFT.navigateToGoogleHomeAndAssertPageTitle]
################################################################################################################################################
[ReportManager] Browser Action [GetCurrentWindowTitle] successfully performed. With the following test data [Google]. @14-01-2022 18:40:33.0858 PM
[ReportManager] Assertion Passed: Asserting that the page title is Google @14-01-2022 18:40:34.0568 PM
[ReportManager] Successfully created attachment [Screenshot - 1642185634116_navigateToGoogleHomeAndAssertPageTitle_ValidateBrowserAttribute_passed] @14-01-2022 18:40:34.0577 PM
[ReportManager] Assertion [ValidateBrowserAttribute] PASSED. Expected [Value Should be 'Google' for the 'Title' attribute] and Actual [Google]. Comparison Type [EQUALS]. Validation Type [POSITIVE]. @14-01-2022 18:40:34.0577 P
[ReportManager] Browser Action [CloseCurrentWindow] successfully performed. @14-01-2022 18:40:34.0753 PM
[ReportManager] Successfully created attachment [Browser Action Test Data - CloseCurrentWindow - Actual Value] @14-01-2022 18:40:34.0764 P
[ReportManager] File Action [GetAbsolutePath] successfully performed. With the following test data [Relative Folder Path: "target/downloadedFiles/"]. @14-01-2022 18:40:34.0778 PM
[ReportManager] Attempting to run remotely on: [Linux-64], [GoogleChrome], [http://localhost:4444/wd/hub], Headless Execution. @14-01-2022 18:40:34.0778 PM
[ReportManager] Successfully Opened [GoogleChrome]. @14-01-2022 18:40:35.0269 PM
[ReportManager] Target URL: [https://www.google.com/ncr], and after redirection: [https://www.google.com] @14-01-2022 18:40:35.0270 PM
[ReportManager] Initial URL: [data:,] @14-01-2022 18:40:35.0377 PM
[ReportManager] Browser Action [NavigateToURL] successfully performed. With the following test data [https://www.google.com/ncr]. @14-01-2022 18:40:36.0527 P

################################################################################################################################################
Starting Execution:	[5 out of 23] test cases in the current suite
Test Method:		[tests.gui.google.B_Search_FlatTest_SHAFT.searchForQueryAndAssertFirstResultTextIsCorrect]
################################################################################################################################################
[ReportManager] Element Action [Type] successfully performed. With the following test data [SHAFT_Engine]. @14-01-2022 18:40:37.0591 PM
[ReportManager] Element Action [KeyPress] successfully performed. With the following test data [ENTER]. @14-01-2022 18:40:39.0258 PM
[ReportManager] Element Action [GetText] successfully performed. With the following test data [SHAFT_ENGINE is a Test Automation Engine that ... - GitHub]. @14-01-2022 18:40:39.0422 PM
[ReportManager] Assertion Failed: Asserting that the correct first result is displayed @14-01-2022 18:40:40.0284 PM
[ReportManager] Successfully created attachment [Screenshot - 1642185640054_searchForQueryAndAssertFirstResultTextIsCorrect_ValidateElementAttribute_failed] @14-01-2022 18:40:40.0299 PM
[ReportManager] Assertion [ValidateElementAttribute] FAILED. Expected [Value Should be 'MohabMohie' for the 'Text' attribute, element locator 'By.xpath: (//h1[contains(text(),'Search Result')]/following-sibling::div//a/h3)[1]'] and Actual [SHAFT_ENGINE is a Test Automation Engine that ... - GitHub]. Comparison Type [CONTAINS]. Validation Type [POSITIVE]. @14-01-2022 18:40:40.0299 P
[ReportManager] Browser Action [CloseCurrentWindow] successfully performed. @14-01-2022 18:40:40.0638 PM
[ReportManager] Successfully created attachment [Browser Action Test Data - CloseCurrentWindow - Actual Value] @14-01-2022 18:40:40.0673 P
[ReportManager] An Exception Occured with this Message: src/test/resources/testDataFiles/Google/SimpleSearch.xlsx (No such file or directory). @14-01-2022 18:40:40.0695 PM
[ReportManager] Successfully created attachment [Exception Stack Trace - java.io.FileNotFoundException] @14-01-2022 18:40:40.0695 PM
[ReportManager] Couldn't find the desired file. [src/test/resources/testDataFiles/Google/SimpleSearch.xlsx]. @14-01-2022 18:40:40.0696 P


################################################################################################################################################
Starting Execution:	[6 out of 23] test cases in the current suite
Test Method:		[tests.gui.google.F_Search_PageObjectModel_Fluent.navigateToGoogleHomeAndAssertGoogleLogoIsDisplayed]
###############################################################################################################################################



################################################################################################################################################
Starting Execution:	[7 out of 23] test cases in the current suite
Test Method:		[tests.gui.google.F_Search_PageObjectModel_Fluent.navigateToGoogleHomeAndAssertPageTitle]
###############################################################################################################################################



################################################################################################################################################
Starting Execution:	[8 out of 23] test cases in the current suite
Test Method:		[tests.gui.google.F_Search_PageObjectModel_Fluent.searchForQueryAndAssertFirstResultTextIsCorrect]
###############################################################################################################################################

[ReportManager] File Action [GetAbsolutePath] successfully performed. With the following test data [Relative Folder Path: "target/downloadedFiles/"]. @14-01-2022 18:40:40.0739 PM
[ReportManager] Attempting to run remotely on: [Linux-64], [GoogleChrome], [http://localhost:4444/wd/hub], Headless Execution. @14-01-2022 18:40:40.0739 PM
[ReportManager] Successfully Opened [GoogleChrome]. @14-01-2022 18:40:41.0219 PM
[ReportManager] Target URL: [https://www.google.com/ncr], and after redirection: [https://www.google.com] @14-01-2022 18:40:41.0221 PM
[ReportManager] Initial URL: [data:,] @14-01-2022 18:40:41.0328 PM
[ReportManager] Browser Action [NavigateToURL] successfully performed. With the following test data [https://www.google.com/ncr]. @14-01-2022 18:40:42.0416 P

################################################################################################################################################
Starting Execution:	[9 out of 23] test cases in the current suite
Test Method:		[tests.gui.google.C_Search_PageObjectModel_Traditional.navigateToGoogleHomeAndAssertGoogleLogoIsDisplayed]
################################################################################################################################################
[ReportManager] Element Action [IsElementDisplayed] successfully performed. @14-01-2022 18:40:42.0601 PM
[ReportManager] Assertion Passed: Asserting that the Google logo is displayed @14-01-2022 18:40:42.0602 PM
[ReportManager] Assertion [ValidateTrue] PASSED. Expected [TRUE] and Actual [TRUE]. Validation Type [POSITIVE]. @14-01-2022 18:40:42.0602 P
[ReportManager] Browser Action [CloseCurrentWindow] successfully performed. @14-01-2022 18:40:42.0782 PM
[ReportManager] Successfully created attachment [Browser Action Test Data - CloseCurrentWindow - Actual Value] @14-01-2022 18:40:42.0783 P
[ReportManager] File Action [GetAbsolutePath] successfully performed. With the following test data [Relative Folder Path: "target/downloadedFiles/"]. @14-01-2022 18:40:42.0786 PM
[ReportManager] Attempting to run remotely on: [Linux-64], [GoogleChrome], [http://localhost:4444/wd/hub], Headless Execution. @14-01-2022 18:40:42.0787 PM
[ReportManager] Successfully Opened [GoogleChrome]. @14-01-2022 18:40:43.0078 PM
[ReportManager] Target URL: [https://www.google.com/ncr], and after redirection: [https://www.google.com] @14-01-2022 18:40:43.0078 PM
[ReportManager] Initial URL: [data:,] @14-01-2022 18:40:43.0187 PM
[ReportManager] Browser Action [NavigateToURL] successfully performed. With the following test data [https://www.google.com/ncr]. @14-01-2022 18:40:44.0312 P

################################################################################################################################################
Starting Execution:	[10 out of 23] test cases in the current suite
Test Method:		[tests.gui.google.C_Search_PageObjectModel_Traditional.navigateToGoogleHomeAndAssertPageTitle]
################################################################################################################################################
[ReportManager] Browser Action [GetCurrentWindowTitle] successfully performed. With the following test data [Google]. @14-01-2022 18:40:44.0389 PM
[ReportManager] Assertion Passed: Asserting that the page title is Google @14-01-2022 18:40:44.0389 PM
[ReportManager] Assertion [ValidateEquals] PASSED. Expected [Google] and Actual [Google]. Comparison Type [EQUALS]. Validation Type [POSITIVE]. @14-01-2022 18:40:44.0389 P
[ReportManager] Browser Action [CloseCurrentWindow] successfully performed. @14-01-2022 18:40:44.0596 PM
[ReportManager] Successfully created attachment [Browser Action Test Data - CloseCurrentWindow - Actual Value] @14-01-2022 18:40:44.0598 P
[ReportManager] File Action [GetAbsolutePath] successfully performed. With the following test data [Relative Folder Path: "target/downloadedFiles/"]. @14-01-2022 18:40:44.0606 PM
[ReportManager] Attempting to run remotely on: [Linux-64], [GoogleChrome], [http://localhost:4444/wd/hub], Headless Execution. @14-01-2022 18:40:44.0607 PM
[ReportManager] Successfully Opened [GoogleChrome]. @14-01-2022 18:40:44.0909 PM
[ReportManager] Target URL: [https://www.google.com/ncr], and after redirection: [https://www.google.com] @14-01-2022 18:40:44.0909 PM
[ReportManager] Initial URL: [data:,] @14-01-2022 18:40:45.0008 PM
[ReportManager] Browser Action [NavigateToURL] successfully performed. With the following test data [https://www.google.com/ncr]. @14-01-2022 18:40:46.0138 P

################################################################################################################################################
Starting Execution:	[11 out of 23] test cases in the current suite
Test Method:		[tests.gui.google.C_Search_PageObjectModel_Traditional.searchForQueryAndAssertFirstResultTextIsCorrect]
################################################################################################################################################
[ReportManager] Element Action [Type] successfully performed. With the following test data [SHAFT_Engine]. @14-01-2022 18:40:47.0144 PM
[ReportManager] Element Action [KeyPress] successfully performed. With the following test data [ENTER]. @14-01-2022 18:40:48.0766 PM
[ReportManager] Element Action [GetText] successfully performed. With the following test data [SHAFT_ENGINE is a Test Automation Engine that ... - GitHub]. @14-01-2022 18:40:48.0930 PM
[ReportManager] Assertion Failed: Asserting that the correct first result is displayed @14-01-2022 18:40:48.0931 PM
[ReportManager] Assertion [ValidateEquals] FAILED. Expected [MohabMohie] and Actual [SHAFT_ENGINE is a Test Automation Engine that ... - GitHub]. Comparison Type [CONTAINS]. Validation Type [POSITIVE]. @14-01-2022 18:40:48.0931 P
[ReportManager] Browser Action [CloseCurrentWindow] successfully performed. @14-01-2022 18:40:49.0180 PM
[ReportManager] Successfully created attachment [Browser Action Test Data - CloseCurrentWindow - Actual Value] @14-01-2022 18:40:49.0183 P
[ReportManager] An Exception Occured with this Message: src/test/resources/testDataFiles/Google/SimpleSearch.xlsx (No such file or directory). @14-01-2022 18:40:49.0192 PM
[ReportManager] Successfully created attachment [Exception Stack Trace - java.io.FileNotFoundException] @14-01-2022 18:40:49.0196 PM
[ReportManager] Couldn't find the desired file. [src/test/resources/testDataFiles/Google/SimpleSearch.xlsx]. @14-01-2022 18:40:49.0197 P


################################################################################################################################################
Starting Execution:	[12 out of 23] test cases in the current suite
Test Method:		[tests.gui.google.E_Search_PageObjectModel_Traditional_SHAFTAssertions.navigateToGoogleHomeAndAssertGoogleLogoIsDisplayed]
###############################################################################################################################################



################################################################################################################################################
Starting Execution:	[13 out of 23] test cases in the current suite
Test Method:		[tests.gui.google.E_Search_PageObjectModel_Traditional_SHAFTAssertions.navigateToGoogleHomeAndAssertPageTitle]
###############################################################################################################################################



################################################################################################################################################
Starting Execution:	[14 out of 23] test cases in the current suite
Test Method:		[tests.gui.google.E_Search_PageObjectModel_Traditional_SHAFTAssertions.searchForQueryAndAssertFirstResultTextIsCorrect]
###############################################################################################################################################

[ReportManager] An Exception Occured with this Message: src/test/resources/testDataFiles/Google/SimpleSearch.xlsx (No such file or directory). @14-01-2022 18:40:49.0244 PM
[ReportManager] Successfully created attachment [Exception Stack Trace - java.io.FileNotFoundException] @14-01-2022 18:40:49.0244 PM
[ReportManager] Couldn't find the desired file. [src/test/resources/testDataFiles/Google/SimpleSearch.xlsx]. @14-01-2022 18:40:49.0245 P


################################################################################################################################################
Starting Execution:	[15 out of 23] test cases in the current suite
Test Method:		[tests.gui.google.G_Search_PageObjectModel_ThreadSafe.navigateToGoogleHomeAndAssertGoogleLogoIsDisplayed]
###############################################################################################################################################



################################################################################################################################################
Starting Execution:	[16 out of 23] test cases in the current suite
Test Method:		[tests.gui.google.G_Search_PageObjectModel_ThreadSafe.navigateToGoogleHomeAndAssertPageTitle]
###############################################################################################################################################



################################################################################################################################################
Starting Execution:	[17 out of 23] test cases in the current suite
Test Method:		[tests.gui.google.G_Search_PageObjectModel_ThreadSafe.searchForQueryAndAssertFirstResultTextIsCorrect]
###############################################################################################################################################

[ReportManager] An Exception Occured with this Message: src/test/resources/testDataFiles/Google/SimpleSearch.xlsx (No such file or directory). @14-01-2022 18:40:49.0283 PM
[ReportManager] Successfully created attachment [Exception Stack Trace - java.io.FileNotFoundException] @14-01-2022 18:40:49.0283 PM
[ReportManager] Couldn't find the desired file. [src/test/resources/testDataFiles/Google/SimpleSearch.xlsx]. @14-01-2022 18:40:49.0284 P


################################################################################################################################################
Starting Execution:	[18 out of 23] test cases in the current suite
Test Method:		[tests.gui.google.D_Search_PageObjectModel_Traditional_DataDriven.navigateToGoogleHomeAndAssertGoogleLogoIsDisplayed]
###############################################################################################################################################



################################################################################################################################################
Starting Execution:	[19 out of 23] test cases in the current suite
Test Method:		[tests.gui.google.D_Search_PageObjectModel_Traditional_DataDriven.navigateToGoogleHomeAndAssertPageTitle]
###############################################################################################################################################



################################################################################################################################################
Starting Execution:	[20 out of 23] test cases in the current suite
Test Method:		[tests.gui.google.D_Search_PageObjectModel_Traditional_DataDriven.searchForQueryAndAssertFirstResultTextIsCorrect]
###############################################################################################################################################




################################################################################################################################################
Starting Execution:	[21 out of 23] test cases in the current suite
Test Method:		[tests.gui.google.A_Search_FlatTest_NativeSeleniumWebDriver.navigateToGoogleHomeAndAssertGoogleLogoIsDisplayed]
###############################################################################################################################################



################################################################################################################################################
Starting Execution:	[22 out of 23] test cases in the current suite
Test Method:		[tests.gui.google.A_Search_FlatTest_NativeSeleniumWebDriver.navigateToGoogleHomeAndAssertPageTitle]
###############################################################################################################################################



################################################################################################################################################
Starting Execution:	[23 out of 23] test cases in the current suite
Test Method:		[tests.gui.google.A_Search_FlatTest_NativeSeleniumWebDriver.searchForQueryAndAssertFirstResultTextIsCorrect]
###############################################################################################################################################

[ReportManager] Successfully created attachment [SHAFT Engine Logs - Execution log] @14-01-2022 18:41:20.0462 PM

################################################################################################################################################
This test run was powered by SHAFT Engine Version: [SHAFT Engine v6.1.20220113]
SHAFT Engine is licensed under the MIT License: [https://github.com/MohabMohie/SHAFT_ENGINE/blob/master/LICENSE].
################################################################################################################################################