################################################################################################################################################
Detected SHAFT Engine Version: [SHAFT Engine v6.1.20220113]
################################################################################################################################################

################################################################################################################################################
Starting Execution:	[1 out of 23] test cases in the current suite
Test Method:		[tests.cli.demo.cliTest.sampleTestCase]
################################################################################################################################################
[ReportManager] Attempting to perform the following command locally. Command: [ls] @05-04-2022 18:40:44.0857 PM
[ReportManager] Terminal Action [PerformTerminalCommands] successfully performed. With the following test data [Host Name: "localHost" | Command: "ls" | Exit Status: "0"]. @05-04-2022 18:40:44.0862 PM
[ReportManager] Successfully created attachment [Terminal Action Actual Result - Command Log] @05-04-2022 18:40:44.0867 PM
[ReportManager] Assertion Passed: Demoing local terminal actions @05-04-2022 18:40:44.0882 PM
[ReportManager] Assertion [ValidateEquals] PASSED. Expected [pom.xml] and Actual [LICENSE
README.md
allure-results
docker-compose_native.yml
docker-compose_zalenium.yml
extent-reports
generateJdkMac.sh
pom.xml
readMeImgs
src
target]. Comparison Type [CONTAINS]. Validation Type [POSITIVE]. @05-04-2022 18:40:44.0882 P

################################################################################################################################################
Starting Execution:	[2 out of 23] test cases in the current suite
Test Method:		[tests.api.users.UserData.validateUserEmail]
################################################################################################################################################
[ReportManager] Response status code: [200], status line: [HTTP/1.1 200 OK] @05-04-2022 18:40:48.0072 PM
[ReportManager] Assertion Passed: Evaluating the actual response status code against the expected one... @05-04-2022 18:40:48.0079 PM
[ReportManager] Assertion [ValidateComparativeRelation] PASSED. Expected [200] and Actual [200]. Comparison Type [EQUALS]. Validation Type [POSITIVE]. @05-04-2022 18:40:48.0079 PM
[ReportManager] API Action [PerformRequest] successfully performed. With the following test data [Request Type: "GET" | Target Status Code: "200" | Service URL: "https://jsonplaceholder.typicode.com/users" | Content Type: "*/*" | Response Time: "1114ms"]. @05-04-2022 18:40:49.0178 PM
[ReportManager] Successfully created attachment [API Request - Specifications] @05-04-2022 18:40:49.0179 PM
[ReportManager] Successfully created attachment [API Response - JSON Body] @05-04-2022 18:40:49.0476 PM
[ReportManager] Assertion [ValidateEquals] PASSED. Expected and Actual values are attached. Comparison Type [CONTAINS]. Validation Type [POSITIVE]. @05-04-2022 18:40:49.0479 PM
[ReportManager] Successfully created attachment [Validation Test Data - Expected Value] @05-04-2022 18:40:49.0479 PM
[ReportManager] Successfully created attachment [Validation Test Data - Actual Value] @05-04-2022 18:40:49.0480 PM
[ReportManager] API Action [GetResponseJSONValueAsList] successfully performed. With the following test data [$]. @05-04-2022 18:40:49.0500 PM
[ReportManager] API Action [GetResponseJSONValue] successfully performed. With the following test data [name]. @05-04-2022 18:40:49.0524 PM
[ReportManager] API Action [GetResponseJSONValue] successfully performed. With the following test data [email]. @05-04-2022 18:40:49.0539 PM
[ReportManager] Assertion [ValidateEquals] PASSED. Expected [Sincere@april.biz] and Actual [Sincere@april.biz]. Comparison Type [EQUALS]. Validation Type [POSITIVE]. @05-04-2022 18:40:49.0539 PM
[ReportManager] API Action [GetResponseJSONValue] successfully performed. With the following test data [name]. @05-04-2022 18:40:49.0553 PM
[ReportManager] API Action [GetResponseJSONValue] successfully performed. With the following test data [name]. @05-04-2022 18:40:49.0567 PM
[ReportManager] API Action [GetResponseJSONValue] successfully performed. With the following test data [name]. @05-04-2022 18:40:49.0585 PM
[ReportManager] API Action [GetResponseJSONValue] successfully performed. With the following test data [name]. @05-04-2022 18:40:49.0611 PM
[ReportManager] API Action [GetResponseJSONValue] successfully performed. With the following test data [name]. @05-04-2022 18:40:49.0637 PM
[ReportManager] API Action [GetResponseJSONValue] successfully performed. With the following test data [name]. @05-04-2022 18:40:49.0669 PM
[ReportManager] API Action [GetResponseJSONValue] successfully performed. With the following test data [name]. @05-04-2022 18:40:49.0694 PM
[ReportManager] API Action [GetResponseJSONValue] successfully performed. With the following test data [name]. @05-04-2022 18:40:49.0711 PM
[ReportManager] API Action [GetResponseJSONValue] successfully performed. With the following test data [name]. @05-04-2022 18:40:49.0729 P
[ReportManager] An Exception Occured with this Message: src/test/resources/testDataFiles/Google/SimpleSearch.xlsx (No such file or directory). @05-04-2022 18:40:49.0749 PM
[ReportManager] Successfully created attachment [Exception Stack Trace - java.io.FileNotFoundException] @05-04-2022 18:40:49.0750 PM
[ReportManager] Couldn't find the desired file. [src/test/resources/testDataFiles/Google/SimpleSearch.xlsx]. @05-04-2022 18:40:49.0751 P


################################################################################################################################################
Starting Execution:	[3 out of 23] test cases in the current suite
Test Method:		[tests.gui.google.F_Search_PageObjectModel_Fluent.navigateToGoogleHomeAndAssertGoogleLogoIsDisplayed]
###############################################################################################################################################



################################################################################################################################################
Starting Execution:	[4 out of 23] test cases in the current suite
Test Method:		[tests.gui.google.F_Search_PageObjectModel_Fluent.navigateToGoogleHomeAndAssertPageTitle]
###############################################################################################################################################



################################################################################################################################################
Starting Execution:	[5 out of 23] test cases in the current suite
Test Method:		[tests.gui.google.F_Search_PageObjectModel_Fluent.searchForQueryAndAssertFirstResultTextIsCorrect]
###############################################################################################################################################

[ReportManager] An Exception Occured with this Message: src/test/resources/testDataFiles/Google/SimpleSearch.xlsx (No such file or directory). @05-04-2022 18:40:49.0837 PM
[ReportManager] Successfully created attachment [Exception Stack Trace - java.io.FileNotFoundException] @05-04-2022 18:40:49.0837 PM
[ReportManager] Couldn't find the desired file. [src/test/resources/testDataFiles/Google/SimpleSearch.xlsx]. @05-04-2022 18:40:49.0838 P


################################################################################################################################################
Starting Execution:	[6 out of 23] test cases in the current suite
Test Method:		[tests.gui.google.D_Search_PageObjectModel_Traditional_DataDriven.navigateToGoogleHomeAndAssertGoogleLogoIsDisplayed]
###############################################################################################################################################



################################################################################################################################################
Starting Execution:	[7 out of 23] test cases in the current suite
Test Method:		[tests.gui.google.D_Search_PageObjectModel_Traditional_DataDriven.navigateToGoogleHomeAndAssertPageTitle]
###############################################################################################################################################



################################################################################################################################################
Starting Execution:	[8 out of 23] test cases in the current suite
Test Method:		[tests.gui.google.D_Search_PageObjectModel_Traditional_DataDriven.searchForQueryAndAssertFirstResultTextIsCorrect]
###############################################################################################################################################

[ReportManager] An Exception Occured with this Message: src/test/resources/testDataFiles/Google/SimpleSearch.xlsx (No such file or directory). @05-04-2022 18:40:49.0899 PM
[ReportManager] Successfully created attachment [Exception Stack Trace - java.io.FileNotFoundException] @05-04-2022 18:40:49.0900 PM
[ReportManager] Couldn't find the desired file. [src/test/resources/testDataFiles/Google/SimpleSearch.xlsx]. @05-04-2022 18:40:49.0908 P


################################################################################################################################################
Starting Execution:	[9 out of 23] test cases in the current suite
Test Method:		[tests.gui.google.E_Search_PageObjectModel_Traditional_SHAFTAssertions.navigateToGoogleHomeAndAssertGoogleLogoIsDisplayed]
###############################################################################################################################################



################################################################################################################################################
Starting Execution:	[10 out of 23] test cases in the current suite
Test Method:		[tests.gui.google.E_Search_PageObjectModel_Traditional_SHAFTAssertions.navigateToGoogleHomeAndAssertPageTitle]
###############################################################################################################################################



################################################################################################################################################
Starting Execution:	[11 out of 23] test cases in the current suite
Test Method:		[tests.gui.google.E_Search_PageObjectModel_Traditional_SHAFTAssertions.searchForQueryAndAssertFirstResultTextIsCorrect]
###############################################################################################################################################

[ReportManager] An Exception Occured with this Message: src/test/resources/testDataFiles/Google/SimpleSearch.xlsx (No such file or directory). @05-04-2022 18:40:49.0965 PM
[ReportManager] Successfully created attachment [Exception Stack Trace - java.io.FileNotFoundException] @05-04-2022 18:40:49.0965 PM
[ReportManager] Couldn't find the desired file. [src/test/resources/testDataFiles/Google/SimpleSearch.xlsx]. @05-04-2022 18:40:49.0966 P


################################################################################################################################################
Starting Execution:	[12 out of 23] test cases in the current suite
Test Method:		[tests.gui.google.G_Search_PageObjectModel_ThreadSafe.navigateToGoogleHomeAndAssertGoogleLogoIsDisplayed]
###############################################################################################################################################



################################################################################################################################################
Starting Execution:	[13 out of 23] test cases in the current suite
Test Method:		[tests.gui.google.G_Search_PageObjectModel_ThreadSafe.navigateToGoogleHomeAndAssertPageTitle]
###############################################################################################################################################



################################################################################################################################################
Starting Execution:	[14 out of 23] test cases in the current suite
Test Method:		[tests.gui.google.G_Search_PageObjectModel_ThreadSafe.searchForQueryAndAssertFirstResultTextIsCorrect]
###############################################################################################################################################




################################################################################################################################################
Starting Execution:	[15 out of 23] test cases in the current suite
Test Method:		[tests.gui.google.A_Search_FlatTest_NativeSeleniumWebDriver.navigateToGoogleHomeAndAssertGoogleLogoIsDisplayed]
###############################################################################################################################################



################################################################################################################################################
Starting Execution:	[16 out of 23] test cases in the current suite
Test Method:		[tests.gui.google.A_Search_FlatTest_NativeSeleniumWebDriver.navigateToGoogleHomeAndAssertPageTitle]
###############################################################################################################################################



################################################################################################################################################
Starting Execution:	[17 out of 23] test cases in the current suite
Test Method:		[tests.gui.google.A_Search_FlatTest_NativeSeleniumWebDriver.searchForQueryAndAssertFirstResultTextIsCorrect]
###############################################################################################################################################

[ReportManager] File Action [GetAbsolutePath] successfully performed. With the following test data [Relative Folder Path: "target/downloadedFiles/"]. @05-04-2022 18:40:53.0913 PM
[ReportManager] Attempting to run remotely on: [Linux-64], [GoogleChrome], [http://localhost:4444/wd/hub], Headless Execution. @05-04-2022 18:40:53.0915 PM
[ReportManager] Successfully Opened [GoogleChrome]. @05-04-2022 18:40:54.0645 PM
[ReportManager] Target URL: [https://www.google.com/ncr], and after redirection: [https://www.google.com] @05-04-2022 18:40:54.0656 PM
[ReportManager] Initial URL: [data:,] @05-04-2022 18:40:54.0815 PM
[ReportManager] Browser Action [NavigateToURL] successfully performed. With the following test data [https://www.google.com/ncr]. @05-04-2022 18:40:56.0580 P

################################################################################################################################################
Starting Execution:	[18 out of 23] test cases in the current suite
Test Method:		[tests.gui.google.B_Search_FlatTest_SHAFT.navigateToGoogleHomeAndAssertGoogleLogoIsDisplayed]
################################################################################################################################################
[ReportManager] File Action [DoesFileExist] successfully performed. With the following test data [File Path: "src/main/resources/dynamicObjectRepository/tests_gui_google_B_Search_FlatTest_SHAFT_navigateToGoogleHomeAndAssertGoogleLogoIsDisplayed_By_xpath_img_id_hplogo_or_alt_Google.png"]. @05-04-2022 18:40:56.0590 PM
[ReportManager] File Action [GetAbsolutePath] successfully performed. With the following test data [Relative Folder Path: "src/main/resources/dynamicObjectRepository/tests_gui_google_B_Search_FlatTest_SHAFT_navigateToGoogleHomeAndAssertGoogleLogoIsDisplayed_By_xpath_img_id_hplogo_or_alt_Google.png"]. @05-04-2022 18:40:56.0590 PM
[ReportManager] File Action [ReadFromImageFile] successfully performed. With the following test data [File Path: "/home/runner/work/using_SHAFT_ENGINE/using_SHAFT_ENGINE/src/main/resources/dynamicObjectRepository/tests_gui_google_B_Search_FlatTest_SHAFT_navigateToGoogleHomeAndAssertGoogleLogoIsDisplayed_By_xpath_img_id_hplogo_or_alt_Google.png"]. @05-04-2022 18:40:56.0590 PM
[ReportManager] File Action [DoesFileExist] successfully performed. With the following test data [File Path: "src/main/resources/dynamicObjectRepository/tests_gui_google_B_Search_FlatTest_SHAFT_navigateToGoogleHomeAndAssertGoogleLogoIsDisplayed_By_xpath_img_id_hplogo_or_alt_Google.png"]. @05-04-2022 18:40:57.0004 PM
[ReportManager] File Action [DoesFileExist] successfully performed. With the following test data [File Path: "src/main/resources/dynamicObjectRepository/tests_gui_google_B_Search_FlatTest_SHAFT_navigateToGoogleHomeAndAssertGoogleLogoIsDisplayed_By_xpath_img_id_hplogo_or_alt_Google.png"]. @05-04-2022 18:40:57.0004 PM
[ReportManager] File Action [GetAbsolutePath] successfully performed. With the following test data [Relative Folder Path: "src/main/resources/dynamicObjectRepository/tests_gui_google_B_Search_FlatTest_SHAFT_navigateToGoogleHomeAndAssertGoogleLogoIsDisplayed_By_xpath_img_id_hplogo_or_alt_Google.png"]. @05-04-2022 18:40:57.0027 PM
[ReportManager] File Action [ReadFromImageFile] successfully performed. With the following test data [File Path: "/home/runner/work/using_SHAFT_ENGINE/using_SHAFT_ENGINE/src/main/resources/dynamicObjectRepository/tests_gui_google_B_Search_FlatTest_SHAFT_navigateToGoogleHomeAndAssertGoogleLogoIsDisplayed_By_xpath_img_id_hplogo_or_alt_Google.png"]. @05-04-2022 18:40:57.0028 PM
[ReportManager] Accuracy threshold is [80.0%] and the actual match accuracy is [91.50803089141846%]. @05-04-2022 18:40:57.0033 PM
[ReportManager] Successfully identified the element using AI; OpenCV. @05-04-2022 18:40:57.0034 PM
[ReportManager] Assertion Passed: Asserting that the Google logo is displayed @05-04-2022 18:40:57.0034 PM
[ReportManager] Successfully created attachment [Validation Test Data - Reference Screenshot] @05-04-2022 18:40:57.0035 PM
[ReportManager] Successfully created attachment [Validation Test Data - Actual Screenshot] @05-04-2022 18:40:57.0035 PM
[ReportManager] Assertion [ValidateElementMatches] PASSED. Expected [Element should match the reference screenshot] and Actual [TRUE]. Comparison Type [EXACT_OPENCV]. Validation Type [POSITIVE]. @05-04-2022 18:40:57.0036 P
[ReportManager] Browser Action [CloseCurrentWindow] successfully performed. @05-04-2022 18:40:57.0249 PM
[ReportManager] Successfully created attachment [Browser Action Test Data - CloseCurrentWindow - Actual Value] @05-04-2022 18:40:57.0253 P
[ReportManager] File Action [GetAbsolutePath] successfully performed. With the following test data [Relative Folder Path: "target/downloadedFiles/"]. @05-04-2022 18:40:57.0266 PM
[ReportManager] Attempting to run remotely on: [Linux-64], [GoogleChrome], [http://localhost:4444/wd/hub], Headless Execution. @05-04-2022 18:40:57.0266 PM
[ReportManager] Successfully Opened [GoogleChrome]. @05-04-2022 18:40:57.0715 PM
[ReportManager] Target URL: [https://www.google.com/ncr], and after redirection: [https://www.google.com] @05-04-2022 18:40:57.0715 PM
[ReportManager] Initial URL: [data:,] @05-04-2022 18:40:57.0814 PM
[ReportManager] Browser Action [NavigateToURL] successfully performed. With the following test data [https://www.google.com/ncr]. @05-04-2022 18:40:59.0180 P

################################################################################################################################################
Starting Execution:	[19 out of 23] test cases in the current suite
Test Method:		[tests.gui.google.B_Search_FlatTest_SHAFT.navigateToGoogleHomeAndAssertPageTitle]
################################################################################################################################################
[ReportManager] Browser Action [GetCurrentWindowTitle] successfully performed. With the following test data [Google]. @05-04-2022 18:40:59.0253 PM
[ReportManager] Assertion Passed: Asserting that the page title is Google @05-04-2022 18:40:59.0883 PM
[ReportManager] Successfully created attachment [Screenshot - 1649184059500_navigateToGoogleHomeAndAssertPageTitle_ValidateBrowserAttribute_passed] @05-04-2022 18:40:59.0890 PM
[ReportManager] Assertion [ValidateBrowserAttribute] PASSED. Expected [Value Should be 'Google' for the 'Title' attribute] and Actual [Google]. Comparison Type [EQUALS]. Validation Type [POSITIVE]. @05-04-2022 18:40:59.0890 P
[ReportManager] Browser Action [CloseCurrentWindow] successfully performed. @05-04-2022 18:41:00.0059 PM
[ReportManager] Successfully created attachment [Browser Action Test Data - CloseCurrentWindow - Actual Value] @05-04-2022 18:41:00.0060 P
[ReportManager] File Action [GetAbsolutePath] successfully performed. With the following test data [Relative Folder Path: "target/downloadedFiles/"]. @05-04-2022 18:41:00.0072 PM
[ReportManager] Attempting to run remotely on: [Linux-64], [GoogleChrome], [http://localhost:4444/wd/hub], Headless Execution. @05-04-2022 18:41:00.0075 PM
[ReportManager] Successfully Opened [GoogleChrome]. @05-04-2022 18:41:00.0526 PM
[ReportManager] Target URL: [https://www.google.com/ncr], and after redirection: [https://www.google.com] @05-04-2022 18:41:00.0526 PM
[ReportManager] Initial URL: [data:,] @05-04-2022 18:41:00.0630 PM
[ReportManager] Browser Action [NavigateToURL] successfully performed. With the following test data [https://www.google.com/ncr]. @05-04-2022 18:41:02.0101 P

################################################################################################################################################
Starting Execution:	[20 out of 23] test cases in the current suite
Test Method:		[tests.gui.google.B_Search_FlatTest_SHAFT.searchForQueryAndAssertFirstResultTextIsCorrect]
################################################################################################################################################
[ReportManager] Element Action [Type] successfully performed. With the following test data [SHAFT_Engine]. @05-04-2022 18:41:03.0078 PM
[ReportManager] Element Action [KeyPress] successfully performed. With the following test data [ENTER]. @05-04-2022 18:41:04.0448 PM
[ReportManager] Element Action [GetText] successfully performed. With the following test data [SHAFT_ENGINE is a Test Automation Engine that ... - GitHub]. @05-04-2022 18:41:04.0640 PM
[ReportManager] Assertion Failed: Asserting that the correct first result is displayed @05-04-2022 18:41:05.0445 PM
[ReportManager] Successfully created attachment [Screenshot - 1649184065218_searchForQueryAndAssertFirstResultTextIsCorrect_ValidateElementAttribute_failed] @05-04-2022 18:41:05.0453 PM
[ReportManager] Assertion [ValidateElementAttribute] FAILED. Expected [Value Should be 'MohabMohie' for the 'Text' attribute, element locator 'By.xpath: (//h1[contains(text(),'Search Result')]/following-sibling::div//a/h3)[1]'] and Actual [SHAFT_ENGINE is a Test Automation Engine that ... - GitHub]. Comparison Type [CONTAINS]. Validation Type [POSITIVE]. @05-04-2022 18:41:05.0454 P
[ReportManager] Browser Action [CloseCurrentWindow] successfully performed. @05-04-2022 18:41:05.0754 PM
[ReportManager] Successfully created attachment [Browser Action Test Data - CloseCurrentWindow - Actual Value] @05-04-2022 18:41:05.0799 P
[ReportManager] File Action [GetAbsolutePath] successfully performed. With the following test data [Relative Folder Path: "target/downloadedFiles/"]. @05-04-2022 18:41:05.0835 PM
[ReportManager] Attempting to run remotely on: [Linux-64], [GoogleChrome], [http://localhost:4444/wd/hub], Headless Execution. @05-04-2022 18:41:05.0835 PM
[ReportManager] Successfully Opened [GoogleChrome]. @05-04-2022 18:41:06.0251 PM
[ReportManager] Target URL: [https://www.google.com/ncr], and after redirection: [https://www.google.com] @05-04-2022 18:41:06.0251 PM
[ReportManager] Initial URL: [data:,] @05-04-2022 18:41:06.0376 PM
[ReportManager] Browser Action [NavigateToURL] successfully performed. With the following test data [https://www.google.com/ncr]. @05-04-2022 18:41:07.0702 P

################################################################################################################################################
Starting Execution:	[21 out of 23] test cases in the current suite
Test Method:		[tests.gui.google.C_Search_PageObjectModel_Traditional.navigateToGoogleHomeAndAssertGoogleLogoIsDisplayed]
################################################################################################################################################
[ReportManager] Element Action [IsElementDisplayed] successfully performed. @05-04-2022 18:41:07.0857 PM
[ReportManager] Assertion Passed: Asserting that the Google logo is displayed @05-04-2022 18:41:07.0858 PM
[ReportManager] Assertion [ValidateTrue] PASSED. Expected [TRUE] and Actual [TRUE]. Validation Type [POSITIVE]. @05-04-2022 18:41:07.0858 P
[ReportManager] Browser Action [CloseCurrentWindow] successfully performed. @05-04-2022 18:41:08.0022 PM
[ReportManager] Successfully created attachment [Browser Action Test Data - CloseCurrentWindow - Actual Value] @05-04-2022 18:41:08.0023 P
[ReportManager] File Action [GetAbsolutePath] successfully performed. With the following test data [Relative Folder Path: "target/downloadedFiles/"]. @05-04-2022 18:41:08.0026 PM
[ReportManager] Attempting to run remotely on: [Linux-64], [GoogleChrome], [http://localhost:4444/wd/hub], Headless Execution. @05-04-2022 18:41:08.0026 PM
[ReportManager] Successfully Opened [GoogleChrome]. @05-04-2022 18:41:08.0259 PM
[ReportManager] Target URL: [https://www.google.com/ncr], and after redirection: [https://www.google.com] @05-04-2022 18:41:08.0259 PM
[ReportManager] Initial URL: [data:,] @05-04-2022 18:41:08.0370 PM
[ReportManager] Browser Action [NavigateToURL] successfully performed. With the following test data [https://www.google.com/ncr]. @05-04-2022 18:41:09.0718 P

################################################################################################################################################
Starting Execution:	[22 out of 23] test cases in the current suite
Test Method:		[tests.gui.google.C_Search_PageObjectModel_Traditional.navigateToGoogleHomeAndAssertPageTitle]
################################################################################################################################################
[ReportManager] Browser Action [GetCurrentWindowTitle] successfully performed. With the following test data [Google]. @05-04-2022 18:41:09.0774 PM
[ReportManager] Assertion Passed: Asserting that the page title is Google @05-04-2022 18:41:09.0774 PM
[ReportManager] Assertion [ValidateEquals] PASSED. Expected [Google] and Actual [Google]. Comparison Type [EQUALS]. Validation Type [POSITIVE]. @05-04-2022 18:41:09.0774 P
[ReportManager] Browser Action [CloseCurrentWindow] successfully performed. @05-04-2022 18:41:09.0934 PM
[ReportManager] Successfully created attachment [Browser Action Test Data - CloseCurrentWindow - Actual Value] @05-04-2022 18:41:09.0936 P
[ReportManager] File Action [GetAbsolutePath] successfully performed. With the following test data [Relative Folder Path: "target/downloadedFiles/"]. @05-04-2022 18:41:09.0941 PM
[ReportManager] Attempting to run remotely on: [Linux-64], [GoogleChrome], [http://localhost:4444/wd/hub], Headless Execution. @05-04-2022 18:41:09.0941 PM
[ReportManager] Successfully Opened [GoogleChrome]. @05-04-2022 18:41:10.0196 PM
[ReportManager] Target URL: [https://www.google.com/ncr], and after redirection: [https://www.google.com] @05-04-2022 18:41:10.0196 PM
[ReportManager] Initial URL: [data:,] @05-04-2022 18:41:10.0302 PM
[ReportManager] Browser Action [NavigateToURL] successfully performed. With the following test data [https://www.google.com/ncr]. @05-04-2022 18:41:11.0658 P

################################################################################################################################################
Starting Execution:	[23 out of 23] test cases in the current suite
Test Method:		[tests.gui.google.C_Search_PageObjectModel_Traditional.searchForQueryAndAssertFirstResultTextIsCorrect]
################################################################################################################################################
[ReportManager] Element Action [Type] successfully performed. With the following test data [SHAFT_Engine]. @05-04-2022 18:41:12.0619 PM
[ReportManager] Element Action [KeyPress] successfully performed. With the following test data [ENTER]. @05-04-2022 18:41:13.0936 PM
[ReportManager] Element Action [GetText] successfully performed. With the following test data [SHAFT_ENGINE is a Test Automation Engine that ... - GitHub]. @05-04-2022 18:41:14.0097 PM
[ReportManager] Assertion Failed: Asserting that the correct first result is displayed @05-04-2022 18:41:14.0098 PM
[ReportManager] Assertion [ValidateEquals] FAILED. Expected [MohabMohie] and Actual [SHAFT_ENGINE is a Test Automation Engine that ... - GitHub]. Comparison Type [CONTAINS]. Validation Type [POSITIVE]. @05-04-2022 18:41:14.0098 P
[ReportManager] Browser Action [CloseCurrentWindow] successfully performed. @05-04-2022 18:41:14.0339 PM
[ReportManager] Successfully created attachment [Browser Action Test Data - CloseCurrentWindow - Actual Value] @05-04-2022 18:41:14.0345 P
[ReportManager] Successfully created attachment [SHAFT Engine Logs - Execution log] @05-04-2022 18:41:14.0373 PM

################################################################################################################################################
This test run was powered by SHAFT Engine Version: [SHAFT Engine v6.1.20220113]
SHAFT Engine is licensed under the MIT License: [https://github.com/MohabMohie/SHAFT_ENGINE/blob/master/LICENSE].
################################################################################################################################################