################################################################################################################################################
Detected SHAFT Engine Version: [SHAFT Engine v5.4.20211202-BETA]
################################################################################################################################################
[ReportManager] File Action [GetAbsolutePath] successfully performed. With the following test data [Relative Folder Path: "target/downloadedFiles/"]. @06-01-2022 01:45:03.0098 AM
[ReportManager] Attempting to run remotely on: [Linux-64], [GoogleChrome], [http://localhost:4444/wd/hub], Headless Execution. @06-01-2022 01:45:03.0119 AM
[ReportManager] Successfully Opened [GoogleChrome]. @06-01-2022 01:45:05.0739 AM
[ReportManager] Target URL: [https://www.google.com/ncr], and after redirection: [https://www.google.com] @06-01-2022 01:45:05.0755 AM
[ReportManager] Initial URL: [data:,] @06-01-2022 01:45:05.0923 AM
[ReportManager] Browser Action [NavigateToURL] successfully performed. With the following test data [https://www.google.com/ncr]. @06-01-2022 01:45:07.0494 A

################################################################################################################################################
Starting Execution:	[1 out of 23] test cases in the current suite
Test Method:		[tests.gui.google.B_Search_FlatTest_SHAFT.navigateToGoogleHomeAndAssertGoogleLogoIsDisplayed]
################################################################################################################################################
[ReportManager] File Action [DoesFileExist] successfully performed. With the following test data [File Path: "src/main/resources/dynamicObjectRepository/tests_gui_google_B_Search_FlatTest_SHAFT_navigateToGoogleHomeAndAssertGoogleLogoIsDisplayed_By_xpath_img_id_hplogo_or_alt_Google.png"]. @06-01-2022 01:45:07.0733 AM
[ReportManager] File Action [GetAbsolutePath] successfully performed. With the following test data [Relative Folder Path: "src/main/resources/dynamicObjectRepository/tests_gui_google_B_Search_FlatTest_SHAFT_navigateToGoogleHomeAndAssertGoogleLogoIsDisplayed_By_xpath_img_id_hplogo_or_alt_Google.png"]. @06-01-2022 01:45:07.0733 AM
[ReportManager] File Action [ReadFromImageFile] successfully performed. With the following test data [File Path: "/home/runner/work/using_SHAFT_ENGINE/using_SHAFT_ENGINE/src/main/resources/dynamicObjectRepository/tests_gui_google_B_Search_FlatTest_SHAFT_navigateToGoogleHomeAndAssertGoogleLogoIsDisplayed_By_xpath_img_id_hplogo_or_alt_Google.png"]. @06-01-2022 01:45:07.0738 AM
[ReportManager] File Action [DoesFileExist] successfully performed. With the following test data [File Path: "src/main/resources/dynamicObjectRepository/tests_gui_google_B_Search_FlatTest_SHAFT_navigateToGoogleHomeAndAssertGoogleLogoIsDisplayed_By_xpath_img_id_hplogo_or_alt_Google.png"]. @06-01-2022 01:45:08.0131 AM
[ReportManager] File Action [DoesFileExist] successfully performed. With the following test data [File Path: "src/main/resources/dynamicObjectRepository/tests_gui_google_B_Search_FlatTest_SHAFT_navigateToGoogleHomeAndAssertGoogleLogoIsDisplayed_By_xpath_img_id_hplogo_or_alt_Google.png"]. @06-01-2022 01:45:08.0132 AM
[ReportManager] Loaded Shared OpenCV @06-01-2022 01:45:08.0632 AM
[ReportManager] Successfully identified the element using AI; OpenCV. @06-01-2022 01:45:08.0663 AM
[ReportManager] Assertion Passed: Asserting that the Google logo is displayed @06-01-2022 01:45:08.0667 AM
[ReportManager] Successfully created attachment [Validation Test Data - Reference Screenshot] @06-01-2022 01:45:08.0675 AM
[ReportManager] Successfully created attachment [Validation Test Data - Actual Screenshot] @06-01-2022 01:45:08.0675 AM
[ReportManager] Assertion [ValidateElementMatches] PASSED. Expected [Element should match the reference screenshot] and Actual [TRUE]. Comparison Type [EXACT_OPENCV]. Validation Type [POSITIVE]. @06-01-2022 01:45:08.0675 A
[ReportManager] Browser Action [CloseCurrentWindow] successfully performed. @06-01-2022 01:45:08.0894 AM
[ReportManager] Successfully created attachment [Browser Action Test Data - CloseCurrentWindow - Actual Value] @06-01-2022 01:45:08.0907 A
[ReportManager] File Action [GetAbsolutePath] successfully performed. With the following test data [Relative Folder Path: "target/downloadedFiles/"]. @06-01-2022 01:45:08.0938 AM
[ReportManager] Attempting to run remotely on: [Linux-64], [GoogleChrome], [http://localhost:4444/wd/hub], Headless Execution. @06-01-2022 01:45:08.0939 AM
[ReportManager] Successfully Opened [GoogleChrome]. @06-01-2022 01:45:09.0438 AM
[ReportManager] Target URL: [https://www.google.com/ncr], and after redirection: [https://www.google.com] @06-01-2022 01:45:09.0438 AM
[ReportManager] Initial URL: [data:,] @06-01-2022 01:45:09.0595 AM
[ReportManager] Browser Action [NavigateToURL] successfully performed. With the following test data [https://www.google.com/ncr]. @06-01-2022 01:45:10.0856 A

################################################################################################################################################
Starting Execution:	[2 out of 23] test cases in the current suite
Test Method:		[tests.gui.google.B_Search_FlatTest_SHAFT.navigateToGoogleHomeAndAssertPageTitle]
################################################################################################################################################
[ReportManager] Browser Action [GetCurrentWindowTitle] successfully performed. With the following test data [Google]. @06-01-2022 01:45:10.0927 AM
[ReportManager] Assertion Passed: Asserting that the page title is Google @06-01-2022 01:45:11.0608 AM
[ReportManager] Successfully created attachment [Screenshot - 1641433511189_navigateToGoogleHomeAndAssertPageTitle_ValidateBrowserAttribute_passed] @06-01-2022 01:45:11.0629 AM
[ReportManager] Assertion [ValidateBrowserAttribute] PASSED. Expected [Value Should be 'Google' for the 'Title' attribute] and Actual [Google]. Comparison Type [EQUALS]. Validation Type [POSITIVE]. @06-01-2022 01:45:11.0629 A
[ReportManager] Browser Action [CloseCurrentWindow] successfully performed. @06-01-2022 01:45:11.0826 AM
[ReportManager] Successfully created attachment [Browser Action Test Data - CloseCurrentWindow - Actual Value] @06-01-2022 01:45:11.0829 A
[ReportManager] File Action [GetAbsolutePath] successfully performed. With the following test data [Relative Folder Path: "target/downloadedFiles/"]. @06-01-2022 01:45:11.0837 AM
[ReportManager] Attempting to run remotely on: [Linux-64], [GoogleChrome], [http://localhost:4444/wd/hub], Headless Execution. @06-01-2022 01:45:11.0838 AM
[ReportManager] Successfully Opened [GoogleChrome]. @06-01-2022 01:45:12.0350 AM
[ReportManager] Target URL: [https://www.google.com/ncr], and after redirection: [https://www.google.com] @06-01-2022 01:45:12.0351 AM
[ReportManager] Initial URL: [data:,] @06-01-2022 01:45:12.0448 AM
[ReportManager] Browser Action [NavigateToURL] successfully performed. With the following test data [https://www.google.com/ncr]. @06-01-2022 01:45:13.0589 A

################################################################################################################################################
Starting Execution:	[3 out of 23] test cases in the current suite
Test Method:		[tests.gui.google.B_Search_FlatTest_SHAFT.searchForQueryAndAssertFirstResultTextIsCorrect]
################################################################################################################################################
[ReportManager] Element Action [Type] successfully performed. With the following test data [SHAFT_Engine]. @06-01-2022 01:45:14.0200 AM
[ReportManager] Element Action [KeyPress] successfully performed. With the following test data [ENTER]. @06-01-2022 01:45:15.0902 AM
[ReportManager] Element Action [GetText] successfully performed. With the following test data [SHAFT_ENGINE is a Test Automation Engine that ... - GitHub]. @06-01-2022 01:45:16.0054 AM
[ReportManager] Loaded Shared OpenCV @06-01-2022 01:45:16.0511 AM
[ReportManager] Assertion Failed: Asserting that the correct first result is displayed @06-01-2022 01:45:16.0847 AM
[ReportManager] Successfully created attachment [Screenshot - 1641433516511_searchForQueryAndAssertFirstResultTextIsCorrect_ValidateElementAttribute_failed] @06-01-2022 01:45:16.0856 AM
[ReportManager] Assertion [ValidateElementAttribute] FAILED. Expected [Value Should be 'MohabMohie' for the 'Text' attribute, element locator 'By.xpath: (//h1[contains(text(),'Search Result')]/following-sibling::div//a/h3)[1]'] and Actual [SHAFT_ENGINE is a Test Automation Engine that ... - GitHub]. Comparison Type [CONTAINS]. Validation Type [POSITIVE]. @06-01-2022 01:45:16.0857 A
[ReportManager] Browser Action [CloseCurrentWindow] successfully performed. @06-01-2022 01:45:17.0187 AM
[ReportManager] Successfully created attachment [Browser Action Test Data - CloseCurrentWindow - Actual Value] @06-01-2022 01:45:17.0238 A
[ReportManager] An Exception Occured with this Message: src/test/resources/testDataFiles/Google/SimpleSearch.xlsx (No such file or directory). @06-01-2022 01:45:17.0270 AM
[ReportManager] Successfully created attachment [Exception Stack Trace - java.io.FileNotFoundException] @06-01-2022 01:45:17.0274 AM
[ReportManager] Couldn't find the desired file. [src/test/resources/testDataFiles/Google/SimpleSearch.xlsx]. @06-01-2022 01:45:17.0275 A


################################################################################################################################################
Starting Execution:	[4 out of 23] test cases in the current suite
Test Method:		[tests.gui.google.G_Search_PageObjectModel_ThreadSafe.navigateToGoogleHomeAndAssertGoogleLogoIsDisplayed]
###############################################################################################################################################



################################################################################################################################################
Starting Execution:	[5 out of 23] test cases in the current suite
Test Method:		[tests.gui.google.G_Search_PageObjectModel_ThreadSafe.navigateToGoogleHomeAndAssertPageTitle]
###############################################################################################################################################



################################################################################################################################################
Starting Execution:	[6 out of 23] test cases in the current suite
Test Method:		[tests.gui.google.G_Search_PageObjectModel_ThreadSafe.searchForQueryAndAssertFirstResultTextIsCorrect]
###############################################################################################################################################

[ReportManager] File Action [GetAbsolutePath] successfully performed. With the following test data [Relative Folder Path: "target/downloadedFiles/"]. @06-01-2022 01:45:17.0316 AM
[ReportManager] Attempting to run remotely on: [Linux-64], [GoogleChrome], [http://localhost:4444/wd/hub], Headless Execution. @06-01-2022 01:45:17.0316 AM
[ReportManager] Successfully Opened [GoogleChrome]. @06-01-2022 01:45:17.0801 AM
[ReportManager] Target URL: [https://www.google.com/ncr], and after redirection: [https://www.google.com] @06-01-2022 01:45:17.0803 AM
[ReportManager] Initial URL: [data:,] @06-01-2022 01:45:17.0905 AM
[ReportManager] Browser Action [NavigateToURL] successfully performed. With the following test data [https://www.google.com/ncr]. @06-01-2022 01:45:18.0992 A

################################################################################################################################################
Starting Execution:	[7 out of 23] test cases in the current suite
Test Method:		[tests.gui.google.C_Search_PageObjectModel_Traditional.navigateToGoogleHomeAndAssertGoogleLogoIsDisplayed]
################################################################################################################################################
[ReportManager] Element Action [IsElementDisplayed] successfully performed. @06-01-2022 01:45:19.0146 AM
[ReportManager] Assertion Passed: Asserting that the Google logo is displayed @06-01-2022 01:45:19.0146 AM
[ReportManager] Assertion [ValidateTrue] PASSED. Expected [TRUE] and Actual [TRUE]. Validation Type [POSITIVE]. @06-01-2022 01:45:19.0147 A
[ReportManager] Browser Action [CloseCurrentWindow] successfully performed. @06-01-2022 01:45:19.0315 AM
[ReportManager] Successfully created attachment [Browser Action Test Data - CloseCurrentWindow - Actual Value] @06-01-2022 01:45:19.0316 A
[ReportManager] File Action [GetAbsolutePath] successfully performed. With the following test data [Relative Folder Path: "target/downloadedFiles/"]. @06-01-2022 01:45:19.0320 AM
[ReportManager] Attempting to run remotely on: [Linux-64], [GoogleChrome], [http://localhost:4444/wd/hub], Headless Execution. @06-01-2022 01:45:19.0321 AM
[ReportManager] Successfully Opened [GoogleChrome]. @06-01-2022 01:45:19.0639 AM
[ReportManager] Target URL: [https://www.google.com/ncr], and after redirection: [https://www.google.com] @06-01-2022 01:45:19.0640 AM
[ReportManager] Initial URL: [data:,] @06-01-2022 01:45:19.0732 AM
[ReportManager] Browser Action [NavigateToURL] successfully performed. With the following test data [https://www.google.com/ncr]. @06-01-2022 01:45:21.0537 A

################################################################################################################################################
Starting Execution:	[8 out of 23] test cases in the current suite
Test Method:		[tests.gui.google.C_Search_PageObjectModel_Traditional.navigateToGoogleHomeAndAssertPageTitle]
################################################################################################################################################
[ReportManager] Browser Action [GetCurrentWindowTitle] successfully performed. With the following test data [Google]. @06-01-2022 01:45:21.0601 AM
[ReportManager] Assertion Passed: Asserting that the page title is Google @06-01-2022 01:45:21.0601 AM
[ReportManager] Assertion [ValidateEquals] PASSED. Expected [Google] and Actual [Google]. Comparison Type [EQUALS]. Validation Type [POSITIVE]. @06-01-2022 01:45:21.0602 A
[ReportManager] Browser Action [CloseCurrentWindow] successfully performed. @06-01-2022 01:45:21.0721 AM
[ReportManager] Successfully created attachment [Browser Action Test Data - CloseCurrentWindow - Actual Value] @06-01-2022 01:45:21.0722 A
[ReportManager] File Action [GetAbsolutePath] successfully performed. With the following test data [Relative Folder Path: "target/downloadedFiles/"]. @06-01-2022 01:45:21.0737 AM
[ReportManager] Attempting to run remotely on: [Linux-64], [GoogleChrome], [http://localhost:4444/wd/hub], Headless Execution. @06-01-2022 01:45:21.0738 AM
[ReportManager] Successfully Opened [GoogleChrome]. @06-01-2022 01:45:21.0993 AM
[ReportManager] Target URL: [https://www.google.com/ncr], and after redirection: [https://www.google.com] @06-01-2022 01:45:21.0993 AM
[ReportManager] Initial URL: [data:,] @06-01-2022 01:45:22.0134 AM
[ReportManager] Browser Action [NavigateToURL] successfully performed. With the following test data [https://www.google.com/ncr]. @06-01-2022 01:45:23.0236 A

################################################################################################################################################
Starting Execution:	[9 out of 23] test cases in the current suite
Test Method:		[tests.gui.google.C_Search_PageObjectModel_Traditional.searchForQueryAndAssertFirstResultTextIsCorrect]
################################################################################################################################################
[ReportManager] Element Action [Type] successfully performed. With the following test data [SHAFT_Engine]. @06-01-2022 01:45:23.0773 AM
[ReportManager] Element Action [KeyPress] successfully performed. With the following test data [ENTER]. @06-01-2022 01:45:25.0397 AM
[ReportManager] Element Action [GetText] successfully performed. With the following test data [SHAFT_ENGINE is a Test Automation Engine that ... - GitHub]. @06-01-2022 01:45:25.0543 AM
[ReportManager] Assertion Failed: Asserting that the correct first result is displayed @06-01-2022 01:45:25.0544 AM
[ReportManager] Assertion [ValidateEquals] FAILED. Expected [MohabMohie] and Actual [SHAFT_ENGINE is a Test Automation Engine that ... - GitHub]. Comparison Type [CONTAINS]. Validation Type [POSITIVE]. @06-01-2022 01:45:25.0544 A
[ReportManager] Browser Action [CloseCurrentWindow] successfully performed. @06-01-2022 01:45:25.0780 AM
[ReportManager] Successfully created attachment [Browser Action Test Data - CloseCurrentWindow - Actual Value] @06-01-2022 01:45:25.0784 A
[ReportManager] An Exception Occured with this Message: src/test/resources/testDataFiles/Google/SimpleSearch.xlsx (No such file or directory). @06-01-2022 01:45:25.0790 AM
[ReportManager] Successfully created attachment [Exception Stack Trace - java.io.FileNotFoundException] @06-01-2022 01:45:25.0792 AM
[ReportManager] Couldn't find the desired file. [src/test/resources/testDataFiles/Google/SimpleSearch.xlsx]. @06-01-2022 01:45:25.0793 A


################################################################################################################################################
Starting Execution:	[10 out of 23] test cases in the current suite
Test Method:		[tests.gui.google.F_Search_PageObjectModel_Fluent.navigateToGoogleHomeAndAssertGoogleLogoIsDisplayed]
###############################################################################################################################################



################################################################################################################################################
Starting Execution:	[11 out of 23] test cases in the current suite
Test Method:		[tests.gui.google.F_Search_PageObjectModel_Fluent.navigateToGoogleHomeAndAssertPageTitle]
###############################################################################################################################################



################################################################################################################################################
Starting Execution:	[12 out of 23] test cases in the current suite
Test Method:		[tests.gui.google.F_Search_PageObjectModel_Fluent.searchForQueryAndAssertFirstResultTextIsCorrect]
###############################################################################################################################################

[ReportManager] An Exception Occured with this Message: src/test/resources/testDataFiles/Google/SimpleSearch.xlsx (No such file or directory). @06-01-2022 01:45:25.0825 AM
[ReportManager] Successfully created attachment [Exception Stack Trace - java.io.FileNotFoundException] @06-01-2022 01:45:25.0826 AM
[ReportManager] Couldn't find the desired file. [src/test/resources/testDataFiles/Google/SimpleSearch.xlsx]. @06-01-2022 01:45:25.0826 A


################################################################################################################################################
Starting Execution:	[13 out of 23] test cases in the current suite
Test Method:		[tests.gui.google.E_Search_PageObjectModel_Traditional_SHAFTAssertions.navigateToGoogleHomeAndAssertGoogleLogoIsDisplayed]
###############################################################################################################################################



################################################################################################################################################
Starting Execution:	[14 out of 23] test cases in the current suite
Test Method:		[tests.gui.google.E_Search_PageObjectModel_Traditional_SHAFTAssertions.navigateToGoogleHomeAndAssertPageTitle]
###############################################################################################################################################



################################################################################################################################################
Starting Execution:	[15 out of 23] test cases in the current suite
Test Method:		[tests.gui.google.E_Search_PageObjectModel_Traditional_SHAFTAssertions.searchForQueryAndAssertFirstResultTextIsCorrect]
###############################################################################################################################################

[ReportManager] An Exception Occured with this Message: src/test/resources/testDataFiles/Google/SimpleSearch.xlsx (No such file or directory). @06-01-2022 01:45:25.0861 AM
[ReportManager] Successfully created attachment [Exception Stack Trace - java.io.FileNotFoundException] @06-01-2022 01:45:25.0861 AM
[ReportManager] Couldn't find the desired file. [src/test/resources/testDataFiles/Google/SimpleSearch.xlsx]. @06-01-2022 01:45:25.0862 A


################################################################################################################################################
Starting Execution:	[16 out of 23] test cases in the current suite
Test Method:		[tests.gui.google.D_Search_PageObjectModel_Traditional_DataDriven.navigateToGoogleHomeAndAssertGoogleLogoIsDisplayed]
###############################################################################################################################################



################################################################################################################################################
Starting Execution:	[17 out of 23] test cases in the current suite
Test Method:		[tests.gui.google.D_Search_PageObjectModel_Traditional_DataDriven.navigateToGoogleHomeAndAssertPageTitle]
###############################################################################################################################################



################################################################################################################################################
Starting Execution:	[18 out of 23] test cases in the current suite
Test Method:		[tests.gui.google.D_Search_PageObjectModel_Traditional_DataDriven.searchForQueryAndAssertFirstResultTextIsCorrect]
###############################################################################################################################################




################################################################################################################################################
Starting Execution:	[19 out of 23] test cases in the current suite
Test Method:		[tests.gui.google.A_Search_FlatTest_NativeSeleniumWebDriver.navigateToGoogleHomeAndAssertGoogleLogoIsDisplayed]
###############################################################################################################################################



################################################################################################################################################
Starting Execution:	[20 out of 23] test cases in the current suite
Test Method:		[tests.gui.google.A_Search_FlatTest_NativeSeleniumWebDriver.navigateToGoogleHomeAndAssertPageTitle]
###############################################################################################################################################



################################################################################################################################################
Starting Execution:	[21 out of 23] test cases in the current suite
Test Method:		[tests.gui.google.A_Search_FlatTest_NativeSeleniumWebDriver.searchForQueryAndAssertFirstResultTextIsCorrect]
###############################################################################################################################################


################################################################################################################################################
Starting Execution:	[22 out of 23] test cases in the current suite
Test Method:		[tests.api.users.UserData.validateUserEmail]
################################################################################################################################################
[ReportManager] Response status code: [200], status line: [HTTP/1.1 200 OK] @06-01-2022 01:45:48.0268 AM
[ReportManager] Assertion Passed: Evaluating the actual response status code against the expected one... @06-01-2022 01:45:48.0273 AM
[ReportManager] Assertion [ValidateComparativeRelation] PASSED. Expected [200] and Actual [200]. Comparison Type [EQUALS]. Validation Type [POSITIVE]. @06-01-2022 01:45:48.0274 AM
[ReportManager] API Action [PerformRequest] successfully performed. With the following test data [Request Type: "GET" | Target Status Code: "200" | Service URL: "https://jsonplaceholder.typicode.com/users" | Content Type: "*/*" | Response Time: "732ms"]. @06-01-2022 01:45:49.0675 AM
[ReportManager] Successfully created attachment [API Request - Specifications] @06-01-2022 01:45:49.0676 AM
[ReportManager] Successfully created attachment [API Response - JSON Body] @06-01-2022 01:45:50.0022 AM
[ReportManager] Assertion [ValidateEquals] PASSED. Expected and Actual values are attached. Comparison Type [CONTAINS]. Validation Type [POSITIVE]. @06-01-2022 01:45:50.0023 AM
[ReportManager] Successfully created attachment [Validation Test Data - Expected Value] @06-01-2022 01:45:50.0023 AM
[ReportManager] Successfully created attachment [Validation Test Data - Actual Value] @06-01-2022 01:45:50.0023 AM
[ReportManager] API Action [GetResponseJSONValueAsList] successfully performed. With the following test data [$]. @06-01-2022 01:45:50.0053 AM
[ReportManager] API Action [GetResponseJSONValue] successfully performed. With the following test data [name]. @06-01-2022 01:45:50.0089 AM
[ReportManager] API Action [GetResponseJSONValue] successfully performed. With the following test data [email]. @06-01-2022 01:45:50.0113 AM
[ReportManager] Assertion [ValidateEquals] PASSED. Expected [Sincere@april.biz] and Actual [Sincere@april.biz]. Comparison Type [EQUALS]. Validation Type [POSITIVE]. @06-01-2022 01:45:50.0113 AM
[ReportManager] API Action [GetResponseJSONValue] successfully performed. With the following test data [name]. @06-01-2022 01:45:50.0136 AM
[ReportManager] API Action [GetResponseJSONValue] successfully performed. With the following test data [name]. @06-01-2022 01:45:50.0160 AM
[ReportManager] API Action [GetResponseJSONValue] successfully performed. With the following test data [name]. @06-01-2022 01:45:50.0178 AM
[ReportManager] API Action [GetResponseJSONValue] successfully performed. With the following test data [name]. @06-01-2022 01:45:50.0201 AM
[ReportManager] API Action [GetResponseJSONValue] successfully performed. With the following test data [name]. @06-01-2022 01:45:50.0221 AM
[ReportManager] API Action [GetResponseJSONValue] successfully performed. With the following test data [name]. @06-01-2022 01:45:50.0240 AM
[ReportManager] API Action [GetResponseJSONValue] successfully performed. With the following test data [name]. @06-01-2022 01:45:50.0260 AM
[ReportManager] API Action [GetResponseJSONValue] successfully performed. With the following test data [name]. @06-01-2022 01:45:50.0276 AM
[ReportManager] API Action [GetResponseJSONValue] successfully performed. With the following test data [name]. @06-01-2022 01:45:50.0293 A

################################################################################################################################################
Starting Execution:	[23 out of 23] test cases in the current suite
Test Method:		[tests.cli.demo.cliTest.sampleTestCase]
################################################################################################################################################
[ReportManager] Attempting to perform the following command locally. Command: [ls] @06-01-2022 01:45:50.0304 AM
[ReportManager] Terminal Action [PerformTerminalCommands] successfully performed. With the following test data [Host Name: "localHost" | Command: "ls" | Exit Status: "0"]. @06-01-2022 01:45:50.0310 AM
[ReportManager] Successfully created attachment [Terminal Action Actual Result - Command Log] @06-01-2022 01:45:50.0310 AM
[ReportManager] Assertion Passed: Demoing local terminal actions @06-01-2022 01:45:50.0311 AM
[ReportManager] Assertion [ValidateEquals] PASSED. Expected [pom.xml] and Actual [LICENSE
README.md
allure-results
docker-compose_native.yml
docker-compose_zalenium.yml
extent-reports
pom.xml
readMeImgs
src
target]. Comparison Type [CONTAINS]. Validation Type [POSITIVE]. @06-01-2022 01:45:50.0311 A
[ReportManager] Successfully created attachment [SHAFT Engine Logs - Execution log] @06-01-2022 01:45:50.0339 AM

################################################################################################################################################
This test run was powered by SHAFT Engine Version: [SHAFT Engine v5.4.20211202-BETA]
SHAFT Engine is licensed under the MIT License: [https://github.com/MohabMohie/SHAFT_ENGINE/blob/master/LICENSE].
################################################################################################################################################