################################################################################################################################################
Detected SHAFT Engine Version: [SHAFT Engine v5.3.20210902]
################################################################################################################################################

################################################################################################################################################
Starting Execution:	[1 out of 23] test cases in the current suite
Test Method:		[tests.api.users.UserData.validateUserEmail]
################################################################################################################################################
[ReportManager] Response status code: [200], status line: [HTTP/1.1 200 OK] @07-09-2021 18:36:56.0494 PM
[ReportManager] Assertion Passed: Evaluating the actual response status code against the expected one... @07-09-2021 18:36:56.0505 PM
[ReportManager] Assertion [ValidateEquals] PASSED. Expected [200] and Actual [200]. Comparison Type [EQUALS]. Validation Type [POSITIVE]. @07-09-2021 18:36:56.0508 PM
[ReportManager] API Action [PerformRequest] successfully performed. With the following test data [Request Type: "GET" | Target Status Code: "200" | Service URL: "https://jsonplaceholder.typicode.com/users" | Content Type: "*/*" | Response Time: "888ms"]. @07-09-2021 18:36:57.0499 PM
[ReportManager] Successfully created attachment [API Request - Specifications] @07-09-2021 18:36:57.0501 PM
[ReportManager] Successfully created attachment [API Response - JSON Body] @07-09-2021 18:36:57.0706 PM
[ReportManager] Assertion [ValidateEquals] PASSED. Expected and Actual values are attached. Comparison Type [CONTAINS]. Validation Type [POSITIVE]. @07-09-2021 18:36:57.0711 PM
[ReportManager] Successfully created attachment [Validation Test Data - Expected Value] @07-09-2021 18:36:57.0712 PM
[ReportManager] Successfully created attachment [Validation Test Data - Actual Value] @07-09-2021 18:36:57.0713 PM
[ReportManager] API Action [GetResponseJSONValueAsList] successfully performed. With the following test data [$]. @07-09-2021 18:36:57.0726 PM
[ReportManager] API Action [GetResponseJSONValue] successfully performed. With the following test data [name]. @07-09-2021 18:36:57.0752 PM
[ReportManager] API Action [GetResponseJSONValue] successfully performed. With the following test data [email]. @07-09-2021 18:36:57.0771 PM
[ReportManager] Assertion [ValidateEquals] PASSED. Expected [Sincere@april.biz] and Actual [Sincere@april.biz]. Comparison Type [EQUALS]. Validation Type [POSITIVE]. @07-09-2021 18:36:57.0772 PM
[ReportManager] API Action [GetResponseJSONValue] successfully performed. With the following test data [name]. @07-09-2021 18:36:57.0791 PM
[ReportManager] API Action [GetResponseJSONValue] successfully performed. With the following test data [name]. @07-09-2021 18:36:57.0807 PM
[ReportManager] API Action [GetResponseJSONValue] successfully performed. With the following test data [name]. @07-09-2021 18:36:57.0821 PM
[ReportManager] API Action [GetResponseJSONValue] successfully performed. With the following test data [name]. @07-09-2021 18:36:57.0836 PM
[ReportManager] API Action [GetResponseJSONValue] successfully performed. With the following test data [name]. @07-09-2021 18:36:57.0851 PM
[ReportManager] API Action [GetResponseJSONValue] successfully performed. With the following test data [name]. @07-09-2021 18:36:57.0864 PM
[ReportManager] API Action [GetResponseJSONValue] successfully performed. With the following test data [name]. @07-09-2021 18:36:57.0877 PM
[ReportManager] API Action [GetResponseJSONValue] successfully performed. With the following test data [name]. @07-09-2021 18:36:57.0887 PM
[ReportManager] API Action [GetResponseJSONValue] successfully performed. With the following test data [name]. @07-09-2021 18:36:57.0895 P
[ReportManager] Successfully loaded the following test data file [src/test/resources/TestDataFiles/Google/SimpleSearch.xlsx]. @07-09-2021 18:36:58.0810 PM
[ReportManager] Successfully created attachment [Test Data - Excel] @07-09-2021 18:36:58.0811 P
[ReportManager] File Action [GetAbsolutePath] successfully performed. With the following test data [Relative Folder Path: "target/downloadedFiles/"]. @07-09-2021 18:36:58.0816 PM
[ReportManager] Attempting to run remotely on: [Linux-64], [GoogleChrome], [http://localhost:4444/wd/hub], Headless Execution. @07-09-2021 18:36:58.0836 PM
[ReportManager] Successfully Opened [GoogleChrome]. @07-09-2021 18:36:59.0942 PM
[ReportManager] Target URL: [https://www.google.com/ncr], and after redirection: [https://www.google.com] @07-09-2021 18:36:59.0992 PM
[ReportManager] Initial URL: [data:,] @07-09-2021 18:37:00.0067 PM
[ReportManager] Browser Action [NavigateToURL] successfully performed. With the following test data [https://www.google.com/ncr]. @07-09-2021 18:37:01.0175 P

################################################################################################################################################
Starting Execution:	[2 out of 23] test cases in the current suite
Test Method:		[tests.gui.google.F_Search_PageObjectModel_Fluent.navigateToGoogleHomeAndAssertGoogleLogoIsDisplayed]
################################################################################################################################################
[ReportManager] File Action [DoesFileExist] successfully performed. With the following test data [File Path: "src/test/resources/DynamicObjectRepository/tests_gui_google_F_Search_PageObjectModel_Fluent_navigateToGoogleHomeAndAssertGoogleLogoIsDisplayed_By_xpath_img_id_hplogo_or_alt_Google.png"]. @07-09-2021 18:37:01.0207 PM
[ReportManager] File Action [GetAbsolutePath] successfully performed. With the following test data [Relative Folder Path: "src/test/resources/DynamicObjectRepository/tests_gui_google_F_Search_PageObjectModel_Fluent_navigateToGoogleHomeAndAssertGoogleLogoIsDisplayed_By_xpath_img_id_hplogo_or_alt_Google.png"]. @07-09-2021 18:37:01.0207 PM
[ReportManager] File Action [ReadFromImageFile] successfully performed. With the following test data [File Path: "/home/runner/work/using_SHAFT_ENGINE/using_SHAFT_ENGINE/src/test/resources/DynamicObjectRepository/tests_gui_google_F_Search_PageObjectModel_Fluent_navigateToGoogleHomeAndAssertGoogleLogoIsDisplayed_By_xpath_img_id_hplogo_or_alt_Google.png"]. @07-09-2021 18:37:01.0207 PM
[ReportManager] File Action [DoesFileExist] successfully performed. With the following test data [File Path: "src/test/resources/DynamicObjectRepository/tests_gui_google_F_Search_PageObjectModel_Fluent_navigateToGoogleHomeAndAssertGoogleLogoIsDisplayed_By_xpath_img_id_hplogo_or_alt_Google.png"]. @07-09-2021 18:37:01.0440 PM
[ReportManager] File Action [DoesFileExist] successfully performed. With the following test data [File Path: "src/test/resources/DynamicObjectRepository/tests_gui_google_F_Search_PageObjectModel_Fluent_navigateToGoogleHomeAndAssertGoogleLogoIsDisplayed_By_xpath_img_id_hplogo_or_alt_Google.png"]. @07-09-2021 18:37:01.0441 PM
[ReportManager] Loaded Shared OpenCV @07-09-2021 18:37:01.0878 PM
[ReportManager] Successfully identified the element using AI; OpenCV. @07-09-2021 18:37:01.0909 PM
[ReportManager] Assertion Passed: Asserting that the Google logo is displayed @07-09-2021 18:37:01.0910 PM
[ReportManager] Successfully created attachment [Validation Test Data - Reference Screenshot] @07-09-2021 18:37:01.0910 PM
[ReportManager] Successfully created attachment [Validation Test Data - Actual Screenshot] @07-09-2021 18:37:01.0911 PM
[ReportManager] Assertion [ValidateElementMatches] PASSED. Expected [Element should match the reference screenshot] and Actual [TRUE]. Comparison Type [EXACT_OPENCV]. Validation Type [POSITIVE]. @07-09-2021 18:37:01.0911 P
[ReportManager] Successfully created attachment [Selenium WebDriver Logs - server] @07-09-2021 18:37:02.0030 PM
[ReportManager] Successfully created attachment [Selenium WebDriver Logs - performance] @07-09-2021 18:37:02.0091 PM
[ReportManager] Successfully created attachment [Selenium WebDriver Logs - driver] @07-09-2021 18:37:02.0279 PM
[ReportManager] Browser Action [CloseCurrentWindow] successfully performed. @07-09-2021 18:37:02.0345 PM
[ReportManager] Successfully created attachment [Browser Action Test Data - CloseCurrentWindow - Actual Value] @07-09-2021 18:37:02.0362 P
[ReportManager] File Action [GetAbsolutePath] successfully performed. With the following test data [Relative Folder Path: "target/downloadedFiles/"]. @07-09-2021 18:37:02.0376 PM
[ReportManager] Attempting to run remotely on: [Linux-64], [GoogleChrome], [http://localhost:4444/wd/hub], Headless Execution. @07-09-2021 18:37:02.0377 PM
[ReportManager] Successfully Opened [GoogleChrome]. @07-09-2021 18:37:02.0966 PM
[ReportManager] Target URL: [https://www.google.com/ncr], and after redirection: [https://www.google.com] @07-09-2021 18:37:03.0002 PM
[ReportManager] Initial URL: [data:,] @07-09-2021 18:37:03.0080 PM
[ReportManager] Browser Action [NavigateToURL] successfully performed. With the following test data [https://www.google.com/ncr]. @07-09-2021 18:37:03.0989 P

################################################################################################################################################
Starting Execution:	[3 out of 23] test cases in the current suite
Test Method:		[tests.gui.google.F_Search_PageObjectModel_Fluent.navigateToGoogleHomeAndAssertPageTitle]
################################################################################################################################################
[ReportManager] Browser Action [GetCurrentWindowTitle] successfully performed. With the following test data [Google]. @07-09-2021 18:37:04.0050 PM
[ReportManager] Assertion Passed: Asserting that the page title is Google @07-09-2021 18:37:04.0412 PM
[ReportManager] Successfully created attachment [Screenshot - 1631039824118_navigateToGoogleHomeAndAssertPageTitle_ValidateBrowserAttribute_passed] @07-09-2021 18:37:04.0418 PM
[ReportManager] Assertion [ValidateBrowserAttribute] PASSED. Expected [Value Should be 'Google' for the 'Title' attribute] and Actual [Google]. Comparison Type [EQUALS]. Validation Type [POSITIVE]. @07-09-2021 18:37:04.0418 P
[ReportManager] Successfully created attachment [Selenium WebDriver Logs - server] @07-09-2021 18:37:04.0579 PM
[ReportManager] Successfully created attachment [Selenium WebDriver Logs - performance] @07-09-2021 18:37:04.0618 PM
[ReportManager] Successfully created attachment [Selenium WebDriver Logs - driver] @07-09-2021 18:37:04.0713 PM
[ReportManager] Browser Action [CloseCurrentWindow] successfully performed. @07-09-2021 18:37:04.0781 PM
[ReportManager] Successfully created attachment [Browser Action Test Data - CloseCurrentWindow - Actual Value] @07-09-2021 18:37:04.0783 P
[ReportManager] File Action [GetAbsolutePath] successfully performed. With the following test data [Relative Folder Path: "target/downloadedFiles/"]. @07-09-2021 18:37:04.0791 PM
[ReportManager] Attempting to run remotely on: [Linux-64], [GoogleChrome], [http://localhost:4444/wd/hub], Headless Execution. @07-09-2021 18:37:04.0792 PM
[ReportManager] Successfully Opened [GoogleChrome]. @07-09-2021 18:37:05.0319 PM
[ReportManager] Target URL: [https://www.google.com/ncr], and after redirection: [https://www.google.com] @07-09-2021 18:37:05.0344 PM
[ReportManager] Initial URL: [data:,] @07-09-2021 18:37:05.0407 PM
[ReportManager] Browser Action [NavigateToURL] successfully performed. With the following test data [https://www.google.com/ncr]. @07-09-2021 18:37:06.0341 P

################################################################################################################################################
Starting Execution:	[4 out of 23] test cases in the current suite
Test Method:		[tests.gui.google.F_Search_PageObjectModel_Fluent.searchForQueryAndAssertFirstResultTextIsCorrect]
################################################################################################################################################
[ReportManager] Element Action [Type] successfully performed. With the following test data [SHAFT_Engine]. @07-09-2021 18:37:06.0936 PM
[ReportManager] Element Action [KeyPress] successfully performed. With the following test data [ENTER]. @07-09-2021 18:37:08.0813 PM
[ReportManager] Element Action [GetText] successfully performed. With the following test data [SHAFT_ENGINE is a Test Automation Engine that ... - GitHub]. @07-09-2021 18:37:08.0907 PM
[ReportManager] Loaded Shared OpenCV @07-09-2021 18:37:09.0122 PM
[ReportManager] Assertion Failed: Asserting that the correct first result is displayed @07-09-2021 18:37:09.0287 PM
[ReportManager] Successfully created attachment [Screenshot - 1631039829122_searchForQueryAndAssertFirstResultTextIsCorrect_ValidateElementAttribute_failed] @07-09-2021 18:37:09.0315 PM
[ReportManager] Assertion [ValidateElementAttribute] FAILED. Expected [Value Should be 'MohabMohie' for the 'Text' attribute, element locator 'By.xpath: (//h1[contains(text(),'Search Result')]/following-sibling::div//a/h3)[1]'] and Actual [SHAFT_ENGINE is a Test Automation Engine that ... - GitHub]. Comparison Type [CONTAINS]. Validation Type [POSITIVE]. @07-09-2021 18:37:09.0315 P
[ReportManager] Successfully created attachment [Selenium WebDriver Logs - server] @07-09-2021 18:37:09.0574 PM
[ReportManager] Successfully created attachment [Selenium WebDriver Logs - performance] @07-09-2021 18:37:09.0837 PM
[ReportManager] Successfully created attachment [Selenium WebDriver Logs - driver] @07-09-2021 18:37:10.0146 PM
[ReportManager] Browser Action [CloseCurrentWindow] successfully performed. @07-09-2021 18:37:10.0220 PM
[ReportManager] Successfully created attachment [Browser Action Test Data - CloseCurrentWindow - Actual Value] @07-09-2021 18:37:10.0238 P
[ReportManager] File Action [GetAbsolutePath] successfully performed. With the following test data [Relative Folder Path: "target/downloadedFiles/"]. @07-09-2021 18:37:10.0241 PM
[ReportManager] Attempting to run remotely on: [Linux-64], [GoogleChrome], [http://localhost:4444/wd/hub], Headless Execution. @07-09-2021 18:37:10.0242 PM
[ReportManager] Successfully Opened [GoogleChrome]. @07-09-2021 18:37:11.0063 PM
[ReportManager] Target URL: [https://www.google.com/ncr], and after redirection: [https://www.google.com] @07-09-2021 18:37:11.0096 PM
[ReportManager] Initial URL: [data:,] @07-09-2021 18:37:11.0168 PM
[ReportManager] Browser Action [NavigateToURL] successfully performed. With the following test data [https://www.google.com/ncr]. @07-09-2021 18:37:12.0027 P

################################################################################################################################################
Starting Execution:	[5 out of 23] test cases in the current suite
Test Method:		[tests.gui.google.C_Search_PageObjectModel_Traditional.navigateToGoogleHomeAndAssertGoogleLogoIsDisplayed]
################################################################################################################################################
[ReportManager] Element Action [IsElementDisplayed] successfully performed. @07-09-2021 18:37:12.0130 PM
[ReportManager] Assertion Passed: Asserting that the Google logo is displayed @07-09-2021 18:37:12.0130 PM
[ReportManager] Assertion [ValidateTrue] PASSED. Expected [TRUE] and Actual [TRUE]. Validation Type [POSITIVE]. @07-09-2021 18:37:12.0130 P
[ReportManager] Successfully created attachment [Selenium WebDriver Logs - server] @07-09-2021 18:37:12.0223 PM
[ReportManager] Successfully created attachment [Selenium WebDriver Logs - performance] @07-09-2021 18:37:12.0256 PM
[ReportManager] Successfully created attachment [Selenium WebDriver Logs - driver] @07-09-2021 18:37:12.0338 PM
[ReportManager] Browser Action [CloseCurrentWindow] successfully performed. @07-09-2021 18:37:12.0403 PM
[ReportManager] Successfully created attachment [Browser Action Test Data - CloseCurrentWindow - Actual Value] @07-09-2021 18:37:12.0404 P
[ReportManager] File Action [GetAbsolutePath] successfully performed. With the following test data [Relative Folder Path: "target/downloadedFiles/"]. @07-09-2021 18:37:12.0410 PM
[ReportManager] Attempting to run remotely on: [Linux-64], [GoogleChrome], [http://localhost:4444/wd/hub], Headless Execution. @07-09-2021 18:37:12.0410 PM
[ReportManager] Successfully Opened [GoogleChrome]. @07-09-2021 18:37:12.0686 PM
[ReportManager] Target URL: [https://www.google.com/ncr], and after redirection: [https://www.google.com] @07-09-2021 18:37:12.0704 PM
[ReportManager] Initial URL: [data:,] @07-09-2021 18:37:12.0753 PM
[ReportManager] Browser Action [NavigateToURL] successfully performed. With the following test data [https://www.google.com/ncr]. @07-09-2021 18:37:13.0680 P

################################################################################################################################################
Starting Execution:	[6 out of 23] test cases in the current suite
Test Method:		[tests.gui.google.C_Search_PageObjectModel_Traditional.navigateToGoogleHomeAndAssertPageTitle]
################################################################################################################################################
[ReportManager] Browser Action [GetCurrentWindowTitle] successfully performed. With the following test data [Google]. @07-09-2021 18:37:13.0717 PM
[ReportManager] Assertion Passed: Asserting that the page title is Google @07-09-2021 18:37:13.0717 PM
[ReportManager] Assertion [ValidateEquals] PASSED. Expected [Google] and Actual [Google]. Comparison Type [EQUALS]. Validation Type [POSITIVE]. @07-09-2021 18:37:13.0718 P
[ReportManager] Successfully created attachment [Selenium WebDriver Logs - server] @07-09-2021 18:37:13.0800 PM
[ReportManager] Successfully created attachment [Selenium WebDriver Logs - performance] @07-09-2021 18:37:13.0831 PM
[ReportManager] Successfully created attachment [Selenium WebDriver Logs - driver] @07-09-2021 18:37:13.0908 PM
[ReportManager] Browser Action [CloseCurrentWindow] successfully performed. @07-09-2021 18:37:13.0965 PM
[ReportManager] Successfully created attachment [Browser Action Test Data - CloseCurrentWindow - Actual Value] @07-09-2021 18:37:13.0966 P
[ReportManager] File Action [GetAbsolutePath] successfully performed. With the following test data [Relative Folder Path: "target/downloadedFiles/"]. @07-09-2021 18:37:13.0968 PM
[ReportManager] Attempting to run remotely on: [Linux-64], [GoogleChrome], [http://localhost:4444/wd/hub], Headless Execution. @07-09-2021 18:37:13.0968 PM
[ReportManager] Successfully Opened [GoogleChrome]. @07-09-2021 18:37:14.0192 PM
[ReportManager] Target URL: [https://www.google.com/ncr], and after redirection: [https://www.google.com] @07-09-2021 18:37:14.0230 PM
[ReportManager] Initial URL: [data:,] @07-09-2021 18:37:14.0294 PM
[ReportManager] Browser Action [NavigateToURL] successfully performed. With the following test data [https://www.google.com/ncr]. @07-09-2021 18:37:15.0098 P

################################################################################################################################################
Starting Execution:	[7 out of 23] test cases in the current suite
Test Method:		[tests.gui.google.C_Search_PageObjectModel_Traditional.searchForQueryAndAssertFirstResultTextIsCorrect]
################################################################################################################################################
[ReportManager] Element Action [Type] successfully performed. With the following test data [SHAFT_Engine]. @07-09-2021 18:37:15.0649 PM
[ReportManager] Element Action [KeyPress] successfully performed. With the following test data [ENTER]. @07-09-2021 18:37:17.0149 PM
[ReportManager] Element Action [GetText] successfully performed. With the following test data [SHAFT_ENGINE is a Test Automation Engine that ... - GitHub]. @07-09-2021 18:37:17.0240 PM
[ReportManager] Assertion Failed: Asserting that the correct first result is displayed @07-09-2021 18:37:17.0240 PM
[ReportManager] Assertion [ValidateEquals] FAILED. Expected [MohabMohie] and Actual [SHAFT_ENGINE is a Test Automation Engine that ... - GitHub]. Comparison Type [CONTAINS]. Validation Type [POSITIVE]. @07-09-2021 18:37:17.0241 P
[ReportManager] Successfully created attachment [Selenium WebDriver Logs - server] @07-09-2021 18:37:17.0443 PM
[ReportManager] Successfully created attachment [Selenium WebDriver Logs - performance] @07-09-2021 18:37:17.0637 PM
[ReportManager] Successfully created attachment [Selenium WebDriver Logs - driver] @07-09-2021 18:37:17.0909 PM
[ReportManager] Browser Action [CloseCurrentWindow] successfully performed. @07-09-2021 18:37:17.0973 PM
[ReportManager] Successfully created attachment [Browser Action Test Data - CloseCurrentWindow - Actual Value] @07-09-2021 18:37:17.0978 P
[ReportManager] File Action [GetAbsolutePath] successfully performed. With the following test data [Relative Folder Path: "target/downloadedFiles/"]. @07-09-2021 18:37:17.0982 PM
[ReportManager] Attempting to run remotely on: [Linux-64], [GoogleChrome], [http://localhost:4444/wd/hub], Headless Execution. @07-09-2021 18:37:17.0982 PM
[ReportManager] Successfully Opened [GoogleChrome]. @07-09-2021 18:37:18.0251 PM
[ReportManager] Target URL: [https://www.google.com/ncr], and after redirection: [https://www.google.com] @07-09-2021 18:37:18.0266 PM
[ReportManager] Initial URL: [data:,] @07-09-2021 18:37:18.0322 PM
[ReportManager] Browser Action [NavigateToURL] successfully performed. With the following test data [https://www.google.com/ncr]. @07-09-2021 18:37:19.0131 P

################################################################################################################################################
Starting Execution:	[8 out of 23] test cases in the current suite
Test Method:		[tests.gui.google.B_Search_FlatTest_SHAFT.navigateToGoogleHomeAndAssertGoogleLogoIsDisplayed]
################################################################################################################################################
[ReportManager] File Action [DoesFileExist] successfully performed. With the following test data [File Path: "src/test/resources/DynamicObjectRepository/tests_gui_google_B_Search_FlatTest_SHAFT_navigateToGoogleHomeAndAssertGoogleLogoIsDisplayed_By_xpath_img_id_hplogo_or_alt_Google.png"]. @07-09-2021 18:37:19.0136 PM
[ReportManager] File Action [GetAbsolutePath] successfully performed. With the following test data [Relative Folder Path: "src/test/resources/DynamicObjectRepository/tests_gui_google_B_Search_FlatTest_SHAFT_navigateToGoogleHomeAndAssertGoogleLogoIsDisplayed_By_xpath_img_id_hplogo_or_alt_Google.png"]. @07-09-2021 18:37:19.0137 PM
[ReportManager] File Action [ReadFromImageFile] successfully performed. With the following test data [File Path: "/home/runner/work/using_SHAFT_ENGINE/using_SHAFT_ENGINE/src/test/resources/DynamicObjectRepository/tests_gui_google_B_Search_FlatTest_SHAFT_navigateToGoogleHomeAndAssertGoogleLogoIsDisplayed_By_xpath_img_id_hplogo_or_alt_Google.png"]. @07-09-2021 18:37:19.0137 PM
[ReportManager] File Action [DoesFileExist] successfully performed. With the following test data [File Path: "src/test/resources/DynamicObjectRepository/tests_gui_google_B_Search_FlatTest_SHAFT_navigateToGoogleHomeAndAssertGoogleLogoIsDisplayed_By_xpath_img_id_hplogo_or_alt_Google.png"]. @07-09-2021 18:37:19.0304 PM
[ReportManager] File Action [DoesFileExist] successfully performed. With the following test data [File Path: "src/test/resources/DynamicObjectRepository/tests_gui_google_B_Search_FlatTest_SHAFT_navigateToGoogleHomeAndAssertGoogleLogoIsDisplayed_By_xpath_img_id_hplogo_or_alt_Google.png"]. @07-09-2021 18:37:19.0304 PM
[ReportManager] Loaded Shared OpenCV @07-09-2021 18:37:19.0304 PM
[ReportManager] Successfully identified the element using AI; OpenCV. @07-09-2021 18:37:19.0307 PM
[ReportManager] Assertion Passed: Asserting that the Google logo is displayed @07-09-2021 18:37:19.0307 PM
[ReportManager] Successfully created attachment [Validation Test Data - Reference Screenshot] @07-09-2021 18:37:19.0308 PM
[ReportManager] Successfully created attachment [Validation Test Data - Actual Screenshot] @07-09-2021 18:37:19.0308 PM
[ReportManager] Assertion [ValidateElementMatches] PASSED. Expected [Element should match the reference screenshot] and Actual [TRUE]. Comparison Type [EXACT_OPENCV]. Validation Type [POSITIVE]. @07-09-2021 18:37:19.0308 P
[ReportManager] Successfully created attachment [Selenium WebDriver Logs - server] @07-09-2021 18:37:19.0395 PM
[ReportManager] Successfully created attachment [Selenium WebDriver Logs - performance] @07-09-2021 18:37:19.0429 PM
[ReportManager] Successfully created attachment [Selenium WebDriver Logs - driver] @07-09-2021 18:37:19.0499 PM
[ReportManager] Browser Action [CloseCurrentWindow] successfully performed. @07-09-2021 18:37:19.0566 PM
[ReportManager] Successfully created attachment [Browser Action Test Data - CloseCurrentWindow - Actual Value] @07-09-2021 18:37:19.0566 P
[ReportManager] File Action [GetAbsolutePath] successfully performed. With the following test data [Relative Folder Path: "target/downloadedFiles/"]. @07-09-2021 18:37:19.0574 PM
[ReportManager] Attempting to run remotely on: [Linux-64], [GoogleChrome], [http://localhost:4444/wd/hub], Headless Execution. @07-09-2021 18:37:19.0579 PM
[ReportManager] Successfully Opened [GoogleChrome]. @07-09-2021 18:37:19.0795 PM
[ReportManager] Target URL: [https://www.google.com/ncr], and after redirection: [https://www.google.com] @07-09-2021 18:37:19.0811 PM
[ReportManager] Initial URL: [data:,] @07-09-2021 18:37:19.0863 PM
[ReportManager] Browser Action [NavigateToURL] successfully performed. With the following test data [https://www.google.com/ncr]. @07-09-2021 18:37:20.0636 P

################################################################################################################################################
Starting Execution:	[9 out of 23] test cases in the current suite
Test Method:		[tests.gui.google.B_Search_FlatTest_SHAFT.navigateToGoogleHomeAndAssertPageTitle]
################################################################################################################################################
[ReportManager] Browser Action [GetCurrentWindowTitle] successfully performed. With the following test data [Google]. @07-09-2021 18:37:20.0678 PM
[ReportManager] Assertion Passed: Asserting that the page title is Google @07-09-2021 18:37:20.0796 PM
[ReportManager] Successfully created attachment [Screenshot - 1631039840747_navigateToGoogleHomeAndAssertPageTitle_ValidateBrowserAttribute_passed] @07-09-2021 18:37:20.0797 PM
[ReportManager] Assertion [ValidateBrowserAttribute] PASSED. Expected [Value Should be 'Google' for the 'Title' attribute] and Actual [Google]. Comparison Type [EQUALS]. Validation Type [POSITIVE]. @07-09-2021 18:37:20.0797 P
[ReportManager] Successfully created attachment [Selenium WebDriver Logs - server] @07-09-2021 18:37:20.0873 PM
[ReportManager] Successfully created attachment [Selenium WebDriver Logs - performance] @07-09-2021 18:37:20.0904 PM
[ReportManager] Successfully created attachment [Selenium WebDriver Logs - driver] @07-09-2021 18:37:20.0969 PM
[ReportManager] Browser Action [CloseCurrentWindow] successfully performed. @07-09-2021 18:37:21.0027 PM
[ReportManager] Successfully created attachment [Browser Action Test Data - CloseCurrentWindow - Actual Value] @07-09-2021 18:37:21.0028 P
[ReportManager] File Action [GetAbsolutePath] successfully performed. With the following test data [Relative Folder Path: "target/downloadedFiles/"]. @07-09-2021 18:37:21.0035 PM
[ReportManager] Attempting to run remotely on: [Linux-64], [GoogleChrome], [http://localhost:4444/wd/hub], Headless Execution. @07-09-2021 18:37:21.0036 PM
[ReportManager] Successfully Opened [GoogleChrome]. @07-09-2021 18:37:21.0256 PM
[ReportManager] Target URL: [https://www.google.com/ncr], and after redirection: [https://www.google.com] @07-09-2021 18:37:21.0271 PM
[ReportManager] Initial URL: [data:,] @07-09-2021 18:37:21.0323 PM
[ReportManager] Browser Action [NavigateToURL] successfully performed. With the following test data [https://www.google.com/ncr]. @07-09-2021 18:37:22.0121 P

################################################################################################################################################
Starting Execution:	[10 out of 23] test cases in the current suite
Test Method:		[tests.gui.google.B_Search_FlatTest_SHAFT.searchForQueryAndAssertFirstResultTextIsCorrect]
################################################################################################################################################
[ReportManager] Element Action [Type] successfully performed. With the following test data [SHAFT_Engine]. @07-09-2021 18:37:22.0699 PM
[ReportManager] Element Action [KeyPress] successfully performed. With the following test data [ENTER]. @07-09-2021 18:37:24.0168 PM
[ReportManager] Element Action [GetText] successfully performed. With the following test data [SHAFT_ENGINE is a Test Automation Engine that ... - GitHub]. @07-09-2021 18:37:24.0260 PM
[ReportManager] Loaded Shared OpenCV @07-09-2021 18:37:24.0421 PM
[ReportManager] Assertion Failed: Asserting that the correct first result is displayed @07-09-2021 18:37:24.0486 PM
[ReportManager] Successfully created attachment [Screenshot - 1631039844421_searchForQueryAndAssertFirstResultTextIsCorrect_ValidateElementAttribute_failed] @07-09-2021 18:37:24.0488 PM
[ReportManager] Assertion [ValidateElementAttribute] FAILED. Expected [Value Should be 'MohabMohie' for the 'Text' attribute, element locator 'By.xpath: (//h1[contains(text(),'Search Result')]/following-sibling::div//a/h3)[1]'] and Actual [SHAFT_ENGINE is a Test Automation Engine that ... - GitHub]. Comparison Type [CONTAINS]. Validation Type [POSITIVE]. @07-09-2021 18:37:24.0488 P
[ReportManager] Successfully created attachment [Selenium WebDriver Logs - server] @07-09-2021 18:37:24.0644 PM
[ReportManager] Successfully created attachment [Selenium WebDriver Logs - performance] @07-09-2021 18:37:24.0790 PM
[ReportManager] Successfully created attachment [Selenium WebDriver Logs - driver] @07-09-2021 18:37:24.0974 PM
[ReportManager] Browser Action [CloseCurrentWindow] successfully performed. @07-09-2021 18:37:24.0989 PM
[ReportManager] Successfully created attachment [Browser Action Test Data - CloseCurrentWindow - Actual Value] @07-09-2021 18:37:24.0991 P
[ReportManager] Successfully loaded the following test data file [src/test/resources/TestDataFiles/Google/SimpleSearch.xlsx]. @07-09-2021 18:37:25.0035 PM
[ReportManager] Successfully created attachment [Test Data - Excel] @07-09-2021 18:37:25.0035 P
[ReportManager] File Action [GetAbsolutePath] successfully performed. With the following test data [Relative Folder Path: "target/downloadedFiles/"]. @07-09-2021 18:37:25.0037 PM
[ReportManager] Attempting to run remotely on: [Linux-64], [GoogleChrome], [http://localhost:4444/wd/hub], Headless Execution. @07-09-2021 18:37:25.0037 PM
[ReportManager] Successfully Opened [GoogleChrome]. @07-09-2021 18:37:25.0248 PM
[ReportManager] Target URL: [https://www.google.com/ncr], and after redirection: [https://www.google.com] @07-09-2021 18:37:25.0266 PM
[ReportManager] Initial URL: [data:,] @07-09-2021 18:37:25.0324 PM
[ReportManager] Browser Action [NavigateToURL] successfully performed. With the following test data [https://www.google.com/ncr]. @07-09-2021 18:37:26.0158 P

################################################################################################################################################
Starting Execution:	[11 out of 23] test cases in the current suite
Test Method:		[tests.gui.google.G_Search_PageObjectModel_ThreadSafe.navigateToGoogleHomeAndAssertGoogleLogoIsDisplayed]
################################################################################################################################################
[ReportManager] File Action [DoesFileExist] successfully performed. With the following test data [File Path: "src/test/resources/DynamicObjectRepository/tests_gui_google_G_Search_PageObjectModel_ThreadSafe_navigateToGoogleHomeAndAssertGoogleLogoIsDisplayed_By_xpath_img_id_hplogo_or_alt_Google.png"]. @07-09-2021 18:37:26.0166 PM
[ReportManager] File Action [GetAbsolutePath] successfully performed. With the following test data [Relative Folder Path: "src/test/resources/DynamicObjectRepository/tests_gui_google_G_Search_PageObjectModel_ThreadSafe_navigateToGoogleHomeAndAssertGoogleLogoIsDisplayed_By_xpath_img_id_hplogo_or_alt_Google.png"]. @07-09-2021 18:37:26.0166 PM
[ReportManager] File Action [ReadFromImageFile] successfully performed. With the following test data [File Path: "/home/runner/work/using_SHAFT_ENGINE/using_SHAFT_ENGINE/src/test/resources/DynamicObjectRepository/tests_gui_google_G_Search_PageObjectModel_ThreadSafe_navigateToGoogleHomeAndAssertGoogleLogoIsDisplayed_By_xpath_img_id_hplogo_or_alt_Google.png"]. @07-09-2021 18:37:26.0167 PM
[ReportManager] File Action [DoesFileExist] successfully performed. With the following test data [File Path: "src/test/resources/DynamicObjectRepository/tests_gui_google_G_Search_PageObjectModel_ThreadSafe_navigateToGoogleHomeAndAssertGoogleLogoIsDisplayed_By_xpath_img_id_hplogo_or_alt_Google.png"]. @07-09-2021 18:37:26.0353 PM
[ReportManager] File Action [DoesFileExist] successfully performed. With the following test data [File Path: "src/test/resources/DynamicObjectRepository/tests_gui_google_G_Search_PageObjectModel_ThreadSafe_navigateToGoogleHomeAndAssertGoogleLogoIsDisplayed_By_xpath_img_id_hplogo_or_alt_Google.png"]. @07-09-2021 18:37:26.0353 PM
[ReportManager] Loaded Shared OpenCV @07-09-2021 18:37:26.0353 PM
[ReportManager] Successfully identified the element using AI; OpenCV. @07-09-2021 18:37:26.0355 PM
[ReportManager] Assertion Passed: Asserting that the Google logo is displayed @07-09-2021 18:37:26.0356 PM
[ReportManager] Successfully created attachment [Validation Test Data - Reference Screenshot] @07-09-2021 18:37:26.0356 PM
[ReportManager] Successfully created attachment [Validation Test Data - Actual Screenshot] @07-09-2021 18:37:26.0356 PM
[ReportManager] Assertion [ValidateElementMatches] PASSED. Expected [Element should match the reference screenshot] and Actual [TRUE]. Comparison Type [EXACT_OPENCV]. Validation Type [POSITIVE]. @07-09-2021 18:37:26.0356 P
[ReportManager] Successfully created attachment [Selenium WebDriver Logs - server] @07-09-2021 18:37:26.0462 PM
[ReportManager] Successfully created attachment [Selenium WebDriver Logs - performance] @07-09-2021 18:37:26.0499 PM
[ReportManager] Successfully created attachment [Selenium WebDriver Logs - driver] @07-09-2021 18:37:26.0582 PM
[ReportManager] Browser Action [CloseCurrentWindow] successfully performed. @07-09-2021 18:37:26.0644 PM
[ReportManager] Successfully created attachment [Browser Action Test Data - CloseCurrentWindow - Actual Value] @07-09-2021 18:37:26.0645 P
[ReportManager] File Action [GetAbsolutePath] successfully performed. With the following test data [Relative Folder Path: "target/downloadedFiles/"]. @07-09-2021 18:37:26.0647 PM
[ReportManager] Attempting to run remotely on: [Linux-64], [GoogleChrome], [http://localhost:4444/wd/hub], Headless Execution. @07-09-2021 18:37:26.0648 PM
[ReportManager] Successfully Opened [GoogleChrome]. @07-09-2021 18:37:26.0839 PM
[ReportManager] Target URL: [https://www.google.com/ncr], and after redirection: [https://www.google.com] @07-09-2021 18:37:26.0853 PM
[ReportManager] Initial URL: [data:,] @07-09-2021 18:37:26.0900 PM
[ReportManager] Browser Action [NavigateToURL] successfully performed. With the following test data [https://www.google.com/ncr]. @07-09-2021 18:37:27.0700 P

################################################################################################################################################
Starting Execution:	[12 out of 23] test cases in the current suite
Test Method:		[tests.gui.google.G_Search_PageObjectModel_ThreadSafe.navigateToGoogleHomeAndAssertPageTitle]
################################################################################################################################################
[ReportManager] Browser Action [GetCurrentWindowTitle] successfully performed. With the following test data [Google]. @07-09-2021 18:37:27.0739 PM
[ReportManager] Assertion Passed: Asserting that the page title is Google @07-09-2021 18:37:27.0836 PM
[ReportManager] Successfully created attachment [Screenshot - 1631039847796_navigateToGoogleHomeAndAssertPageTitle_ValidateBrowserAttribute_passed] @07-09-2021 18:37:27.0837 PM
[ReportManager] Assertion [ValidateBrowserAttribute] PASSED. Expected [Value Should be 'Google' for the 'Title' attribute] and Actual [Google]. Comparison Type [EQUALS]. Validation Type [POSITIVE]. @07-09-2021 18:37:27.0837 P
[ReportManager] Successfully created attachment [Selenium WebDriver Logs - server] @07-09-2021 18:37:27.0913 PM
[ReportManager] Successfully created attachment [Selenium WebDriver Logs - performance] @07-09-2021 18:37:27.0943 PM
[ReportManager] Successfully created attachment [Selenium WebDriver Logs - driver] @07-09-2021 18:37:28.0000 PM
[ReportManager] Browser Action [CloseCurrentWindow] successfully performed. @07-09-2021 18:37:28.0057 PM
[ReportManager] Successfully created attachment [Browser Action Test Data - CloseCurrentWindow - Actual Value] @07-09-2021 18:37:28.0058 P
[ReportManager] File Action [GetAbsolutePath] successfully performed. With the following test data [Relative Folder Path: "target/downloadedFiles/"]. @07-09-2021 18:37:28.0060 PM
[ReportManager] Attempting to run remotely on: [Linux-64], [GoogleChrome], [http://localhost:4444/wd/hub], Headless Execution. @07-09-2021 18:37:28.0060 PM
[ReportManager] Successfully Opened [GoogleChrome]. @07-09-2021 18:37:28.0267 PM
[ReportManager] Target URL: [https://www.google.com/ncr], and after redirection: [https://www.google.com] @07-09-2021 18:37:28.0281 PM
[ReportManager] Initial URL: [data:,] @07-09-2021 18:37:28.0341 PM
[ReportManager] Browser Action [NavigateToURL] successfully performed. With the following test data [https://www.google.com/ncr]. @07-09-2021 18:37:29.0154 P

################################################################################################################################################
Starting Execution:	[13 out of 23] test cases in the current suite
Test Method:		[tests.gui.google.G_Search_PageObjectModel_ThreadSafe.searchForQueryAndAssertFirstResultTextIsCorrect]
################################################################################################################################################
[ReportManager] Element Action [Type] successfully performed. With the following test data [SHAFT_Engine]. @07-09-2021 18:37:29.0690 PM
[ReportManager] Element Action [KeyPress] successfully performed. With the following test data [ENTER]. @07-09-2021 18:37:31.0046 PM
[ReportManager] Element Action [GetText] successfully performed. With the following test data [SHAFT_ENGINE is a Test Automation Engine that ... - GitHub]. @07-09-2021 18:37:31.0137 PM
[ReportManager] Loaded Shared OpenCV @07-09-2021 18:37:31.0281 PM
[ReportManager] Assertion Failed: Asserting that the correct first result is displayed @07-09-2021 18:37:31.0340 PM
[ReportManager] Successfully created attachment [Screenshot - 1631039851281_searchForQueryAndAssertFirstResultTextIsCorrect_ValidateElementAttribute_failed] @07-09-2021 18:37:31.0341 PM
[ReportManager] Assertion [ValidateElementAttribute] FAILED. Expected [Value Should be 'MohabMohie' for the 'Text' attribute, element locator 'By.xpath: (//h1[contains(text(),'Search Result')]/following-sibling::div//a/h3)[1]'] and Actual [SHAFT_ENGINE is a Test Automation Engine that ... - GitHub]. Comparison Type [CONTAINS]. Validation Type [POSITIVE]. @07-09-2021 18:37:31.0341 P
[ReportManager] Successfully created attachment [Selenium WebDriver Logs - server] @07-09-2021 18:37:31.0502 PM
[ReportManager] Successfully created attachment [Selenium WebDriver Logs - performance] @07-09-2021 18:37:31.0648 PM
[ReportManager] Successfully created attachment [Selenium WebDriver Logs - driver] @07-09-2021 18:37:31.0832 PM
[ReportManager] Browser Action [CloseCurrentWindow] successfully performed. @07-09-2021 18:37:31.0896 PM
[ReportManager] Successfully created attachment [Browser Action Test Data - CloseCurrentWindow - Actual Value] @07-09-2021 18:37:31.0900 P



################################################################################################################################################
Starting Execution:	[14 out of 23] test cases in the current suite
Test Method:		[tests.gui.google.A_Search_FlatTest_NativeSeleniumWebDriver.navigateToGoogleHomeAndAssertGoogleLogoIsDisplayed]
###############################################################################################################################################



################################################################################################################################################
Starting Execution:	[15 out of 23] test cases in the current suite
Test Method:		[tests.gui.google.A_Search_FlatTest_NativeSeleniumWebDriver.navigateToGoogleHomeAndAssertPageTitle]
###############################################################################################################################################



################################################################################################################################################
Starting Execution:	[16 out of 23] test cases in the current suite
Test Method:		[tests.gui.google.A_Search_FlatTest_NativeSeleniumWebDriver.searchForQueryAndAssertFirstResultTextIsCorrect]
###############################################################################################################################################

[ReportManager] Successfully loaded the following test data file [src/test/resources/TestDataFiles/Google/SimpleSearch.xlsx]. @07-09-2021 18:37:33.0763 PM
[ReportManager] Successfully created attachment [Test Data - Excel] @07-09-2021 18:37:33.0763 P
[ReportManager] File Action [GetAbsolutePath] successfully performed. With the following test data [Relative Folder Path: "target/downloadedFiles/"]. @07-09-2021 18:37:33.0770 PM
[ReportManager] Attempting to run remotely on: [Linux-64], [GoogleChrome], [http://localhost:4444/wd/hub], Headless Execution. @07-09-2021 18:37:33.0770 PM
[ReportManager] Successfully Opened [GoogleChrome]. @07-09-2021 18:37:34.0031 PM
[ReportManager] Target URL: [https://www.google.com/ncr], and after redirection: [https://www.google.com] @07-09-2021 18:37:34.0042 PM
[ReportManager] Initial URL: [data:,] @07-09-2021 18:37:34.0104 PM
[ReportManager] Browser Action [NavigateToURL] successfully performed. With the following test data [https://www.google.com/ncr]. @07-09-2021 18:37:34.0920 P

################################################################################################################################################
Starting Execution:	[17 out of 23] test cases in the current suite
Test Method:		[tests.gui.google.E_Search_PageObjectModel_Traditional_SHAFTAssertions.navigateToGoogleHomeAndAssertGoogleLogoIsDisplayed]
################################################################################################################################################
[ReportManager] File Action [DoesFileExist] successfully performed. With the following test data [File Path: "src/test/resources/DynamicObjectRepository/tests_gui_google_E_Search_PageObjectModel_Traditional_SHAFTAssertions_navigateToGoogleHomeAndAssertGoogleLogoIsDisplayed_By_xpath_img_id_hplogo_or_alt_Google.png"]. @07-09-2021 18:37:34.0923 PM
[ReportManager] File Action [GetAbsolutePath] successfully performed. With the following test data [Relative Folder Path: "src/test/resources/DynamicObjectRepository/tests_gui_google_E_Search_PageObjectModel_Traditional_SHAFTAssertions_navigateToGoogleHomeAndAssertGoogleLogoIsDisplayed_By_xpath_img_id_hplogo_or_alt_Google.png"]. @07-09-2021 18:37:34.0923 PM
[ReportManager] File Action [ReadFromImageFile] successfully performed. With the following test data [File Path: "/home/runner/work/using_SHAFT_ENGINE/using_SHAFT_ENGINE/src/test/resources/DynamicObjectRepository/tests_gui_google_E_Search_PageObjectModel_Traditional_SHAFTAssertions_navigateToGoogleHomeAndAssertGoogleLogoIsDisplayed_By_xpath_img_id_hplogo_or_alt_Google.png"]. @07-09-2021 18:37:34.0925 PM
[ReportManager] File Action [DoesFileExist] successfully performed. With the following test data [File Path: "src/test/resources/DynamicObjectRepository/tests_gui_google_E_Search_PageObjectModel_Traditional_SHAFTAssertions_navigateToGoogleHomeAndAssertGoogleLogoIsDisplayed_By_xpath_img_id_hplogo_or_alt_Google.png"]. @07-09-2021 18:37:35.0085 PM
[ReportManager] File Action [DoesFileExist] successfully performed. With the following test data [File Path: "src/test/resources/DynamicObjectRepository/tests_gui_google_E_Search_PageObjectModel_Traditional_SHAFTAssertions_navigateToGoogleHomeAndAssertGoogleLogoIsDisplayed_By_xpath_img_id_hplogo_or_alt_Google.png"]. @07-09-2021 18:37:35.0085 PM
[ReportManager] Loaded Shared OpenCV @07-09-2021 18:37:35.0085 PM
[ReportManager] Successfully identified the element using AI; OpenCV. @07-09-2021 18:37:35.0088 PM
[ReportManager] Assertion Passed: Asserting that the Google logo is displayed @07-09-2021 18:37:35.0089 PM
[ReportManager] Successfully created attachment [Validation Test Data - Reference Screenshot] @07-09-2021 18:37:35.0090 PM
[ReportManager] Successfully created attachment [Validation Test Data - Actual Screenshot] @07-09-2021 18:37:35.0090 PM
[ReportManager] Assertion [ValidateElementMatches] PASSED. Expected [Element should match the reference screenshot] and Actual [TRUE]. Comparison Type [EXACT_OPENCV]. Validation Type [POSITIVE]. @07-09-2021 18:37:35.0090 P
[ReportManager] Successfully created attachment [Selenium WebDriver Logs - server] @07-09-2021 18:37:35.0171 PM
[ReportManager] Successfully created attachment [Selenium WebDriver Logs - performance] @07-09-2021 18:37:35.0200 PM
[ReportManager] Successfully created attachment [Selenium WebDriver Logs - driver] @07-09-2021 18:37:35.0283 PM
[ReportManager] Browser Action [CloseCurrentWindow] successfully performed. @07-09-2021 18:37:35.0341 PM
[ReportManager] Successfully created attachment [Browser Action Test Data - CloseCurrentWindow - Actual Value] @07-09-2021 18:37:35.0342 P
[ReportManager] File Action [GetAbsolutePath] successfully performed. With the following test data [Relative Folder Path: "target/downloadedFiles/"]. @07-09-2021 18:37:35.0345 PM
[ReportManager] Attempting to run remotely on: [Linux-64], [GoogleChrome], [http://localhost:4444/wd/hub], Headless Execution. @07-09-2021 18:37:35.0345 PM
[ReportManager] Successfully Opened [GoogleChrome]. @07-09-2021 18:37:35.0551 PM
[ReportManager] Target URL: [https://www.google.com/ncr], and after redirection: [https://www.google.com] @07-09-2021 18:37:35.0562 PM
[ReportManager] Initial URL: [data:,] @07-09-2021 18:37:35.0617 PM
[ReportManager] Browser Action [NavigateToURL] successfully performed. With the following test data [https://www.google.com/ncr]. @07-09-2021 18:37:36.0375 P

################################################################################################################################################
Starting Execution:	[18 out of 23] test cases in the current suite
Test Method:		[tests.gui.google.E_Search_PageObjectModel_Traditional_SHAFTAssertions.navigateToGoogleHomeAndAssertPageTitle]
################################################################################################################################################
[ReportManager] Browser Action [GetCurrentWindowTitle] successfully performed. With the following test data [Google]. @07-09-2021 18:37:36.0413 PM
[ReportManager] Assertion Passed: Asserting that the page title is Google @07-09-2021 18:37:36.0517 PM
[ReportManager] Successfully created attachment [Screenshot - 1631039856481_navigateToGoogleHomeAndAssertPageTitle_ValidateBrowserAttribute_passed] @07-09-2021 18:37:36.0518 PM
[ReportManager] Assertion [ValidateBrowserAttribute] PASSED. Expected [Value Should be 'Google' for the 'Title' attribute] and Actual [Google]. Comparison Type [EQUALS]. Validation Type [POSITIVE]. @07-09-2021 18:37:36.0518 P
[ReportManager] Successfully created attachment [Selenium WebDriver Logs - server] @07-09-2021 18:37:36.0596 PM
[ReportManager] Successfully created attachment [Selenium WebDriver Logs - performance] @07-09-2021 18:37:36.0627 PM
[ReportManager] Successfully created attachment [Selenium WebDriver Logs - driver] @07-09-2021 18:37:36.0690 PM
[ReportManager] Browser Action [CloseCurrentWindow] successfully performed. @07-09-2021 18:37:36.0747 PM
[ReportManager] Successfully created attachment [Browser Action Test Data - CloseCurrentWindow - Actual Value] @07-09-2021 18:37:36.0761 P
[ReportManager] File Action [GetAbsolutePath] successfully performed. With the following test data [Relative Folder Path: "target/downloadedFiles/"]. @07-09-2021 18:37:36.0763 PM
[ReportManager] Attempting to run remotely on: [Linux-64], [GoogleChrome], [http://localhost:4444/wd/hub], Headless Execution. @07-09-2021 18:37:36.0763 PM
[ReportManager] Successfully Opened [GoogleChrome]. @07-09-2021 18:37:36.0968 PM
[ReportManager] Target URL: [https://www.google.com/ncr], and after redirection: [https://www.google.com] @07-09-2021 18:37:36.0989 PM
[ReportManager] Initial URL: [data:,] @07-09-2021 18:37:37.0044 PM
[ReportManager] Browser Action [NavigateToURL] successfully performed. With the following test data [https://www.google.com/ncr]. @07-09-2021 18:37:37.0820 P

################################################################################################################################################
Starting Execution:	[19 out of 23] test cases in the current suite
Test Method:		[tests.gui.google.E_Search_PageObjectModel_Traditional_SHAFTAssertions.searchForQueryAndAssertFirstResultTextIsCorrect]
################################################################################################################################################
[ReportManager] Element Action [Type] successfully performed. With the following test data [SHAFT_Engine]. @07-09-2021 18:37:38.0332 PM
[ReportManager] Element Action [KeyPress] successfully performed. With the following test data [ENTER]. @07-09-2021 18:37:39.0144 PM
[ReportManager] Element Action [GetText] successfully performed. With the following test data [SHAFT_ENGINE is a Test Automation Engine that ... - GitHub]. @07-09-2021 18:37:39.0490 PM
[ReportManager] Loaded Shared OpenCV @07-09-2021 18:37:39.0716 PM
[ReportManager] Assertion Failed: Asserting that the correct first result is displayed @07-09-2021 18:37:39.0780 PM
[ReportManager] Successfully created attachment [Screenshot - 1631039859716_searchForQueryAndAssertFirstResultTextIsCorrect_ValidateElementAttribute_failed] @07-09-2021 18:37:39.0782 PM
[ReportManager] Assertion [ValidateElementAttribute] FAILED. Expected [Value Should be 'MohabMohie' for the 'Text' attribute, element locator 'By.xpath: (//h1[contains(text(),'Search Result')]/following-sibling::div//a/h3)[1]'] and Actual [SHAFT_ENGINE is a Test Automation Engine that ... - GitHub]. Comparison Type [CONTAINS]. Validation Type [POSITIVE]. @07-09-2021 18:37:39.0782 P
[ReportManager] Successfully created attachment [Selenium WebDriver Logs - server] @07-09-2021 18:37:39.0938 PM
[ReportManager] Successfully created attachment [Selenium WebDriver Logs - performance] @07-09-2021 18:37:40.0097 PM
[ReportManager] Successfully created attachment [Selenium WebDriver Logs - driver] @07-09-2021 18:37:40.0290 PM
[ReportManager] Browser Action [CloseCurrentWindow] successfully performed. @07-09-2021 18:37:40.0355 PM
[ReportManager] Successfully created attachment [Browser Action Test Data - CloseCurrentWindow - Actual Value] @07-09-2021 18:37:40.0357 P
[ReportManager] Successfully loaded the following test data file [src/test/resources/TestDataFiles/Google/SimpleSearch.xlsx]. @07-09-2021 18:37:40.0397 PM
[ReportManager] Successfully created attachment [Test Data - Excel] @07-09-2021 18:37:40.0398 P
[ReportManager] File Action [GetAbsolutePath] successfully performed. With the following test data [Relative Folder Path: "target/downloadedFiles/"]. @07-09-2021 18:37:40.0399 PM
[ReportManager] Attempting to run remotely on: [Linux-64], [GoogleChrome], [http://localhost:4444/wd/hub], Headless Execution. @07-09-2021 18:37:40.0399 PM
[ReportManager] Successfully Opened [GoogleChrome]. @07-09-2021 18:37:40.0648 PM
[ReportManager] Target URL: [https://www.google.com/ncr], and after redirection: [https://www.google.com] @07-09-2021 18:37:40.0664 PM
[ReportManager] Initial URL: [data:,] @07-09-2021 18:37:40.0708 PM
[ReportManager] Browser Action [NavigateToURL] successfully performed. With the following test data [https://www.google.com/ncr]. @07-09-2021 18:37:41.0489 P

################################################################################################################################################
Starting Execution:	[20 out of 23] test cases in the current suite
Test Method:		[tests.gui.google.D_Search_PageObjectModel_Traditional_DataDriven.navigateToGoogleHomeAndAssertGoogleLogoIsDisplayed]
################################################################################################################################################
[ReportManager] Element Action [IsElementDisplayed] successfully performed. @07-09-2021 18:37:41.0585 PM
[ReportManager] Assertion Passed: Asserting that the Google logo is displayed @07-09-2021 18:37:41.0585 PM
[ReportManager] Assertion [ValidateTrue] PASSED. Expected [TRUE] and Actual [TRUE]. Validation Type [POSITIVE]. @07-09-2021 18:37:41.0585 P
[ReportManager] Successfully created attachment [Selenium WebDriver Logs - server] @07-09-2021 18:37:41.0668 PM
[ReportManager] Successfully created attachment [Selenium WebDriver Logs - performance] @07-09-2021 18:37:41.0697 PM
[ReportManager] Successfully created attachment [Selenium WebDriver Logs - driver] @07-09-2021 18:37:41.0759 PM
[ReportManager] Browser Action [CloseCurrentWindow] successfully performed. @07-09-2021 18:37:41.0815 PM
[ReportManager] Successfully created attachment [Browser Action Test Data - CloseCurrentWindow - Actual Value] @07-09-2021 18:37:41.0816 P
[ReportManager] File Action [GetAbsolutePath] successfully performed. With the following test data [Relative Folder Path: "target/downloadedFiles/"]. @07-09-2021 18:37:41.0818 PM
[ReportManager] Attempting to run remotely on: [Linux-64], [GoogleChrome], [http://localhost:4444/wd/hub], Headless Execution. @07-09-2021 18:37:41.0818 PM
[ReportManager] Successfully Opened [GoogleChrome]. @07-09-2021 18:37:42.0028 PM
[ReportManager] Target URL: [https://www.google.com/ncr], and after redirection: [https://www.google.com] @07-09-2021 18:37:42.0041 PM
[ReportManager] Initial URL: [data:,] @07-09-2021 18:37:42.0079 PM
[ReportManager] Browser Action [NavigateToURL] successfully performed. With the following test data [https://www.google.com/ncr]. @07-09-2021 18:37:42.0847 P

################################################################################################################################################
Starting Execution:	[21 out of 23] test cases in the current suite
Test Method:		[tests.gui.google.D_Search_PageObjectModel_Traditional_DataDriven.navigateToGoogleHomeAndAssertPageTitle]
################################################################################################################################################
[ReportManager] Browser Action [GetCurrentWindowTitle] successfully performed. With the following test data [Google]. @07-09-2021 18:37:42.0885 PM
[ReportManager] Assertion Passed: Asserting that the page title is Google @07-09-2021 18:37:42.0885 PM
[ReportManager] Assertion [ValidateEquals] PASSED. Expected [Google] and Actual [Google]. Comparison Type [EQUALS]. Validation Type [POSITIVE]. @07-09-2021 18:37:42.0885 P
[ReportManager] Successfully created attachment [Selenium WebDriver Logs - server] @07-09-2021 18:37:42.0956 PM
[ReportManager] Successfully created attachment [Selenium WebDriver Logs - performance] @07-09-2021 18:37:42.0985 PM
[ReportManager] Successfully created attachment [Selenium WebDriver Logs - driver] @07-09-2021 18:37:43.0055 PM
[ReportManager] Browser Action [CloseCurrentWindow] successfully performed. @07-09-2021 18:37:43.0113 PM
[ReportManager] Successfully created attachment [Browser Action Test Data - CloseCurrentWindow - Actual Value] @07-09-2021 18:37:43.0115 P
[ReportManager] File Action [GetAbsolutePath] successfully performed. With the following test data [Relative Folder Path: "target/downloadedFiles/"]. @07-09-2021 18:37:43.0118 PM
[ReportManager] Attempting to run remotely on: [Linux-64], [GoogleChrome], [http://localhost:4444/wd/hub], Headless Execution. @07-09-2021 18:37:43.0118 PM
[ReportManager] Successfully Opened [GoogleChrome]. @07-09-2021 18:37:43.0330 PM
[ReportManager] Target URL: [https://www.google.com/ncr], and after redirection: [https://www.google.com] @07-09-2021 18:37:43.0341 PM
[ReportManager] Initial URL: [data:,] @07-09-2021 18:37:43.0394 PM
[ReportManager] Browser Action [NavigateToURL] successfully performed. With the following test data [https://www.google.com/ncr]. @07-09-2021 18:37:44.0180 P

################################################################################################################################################
Starting Execution:	[22 out of 23] test cases in the current suite
Test Method:		[tests.gui.google.D_Search_PageObjectModel_Traditional_DataDriven.searchForQueryAndAssertFirstResultTextIsCorrect]
################################################################################################################################################
[ReportManager] Element Action [Type] successfully performed. With the following test data [SHAFT_Engine]. @07-09-2021 18:37:44.0717 PM
[ReportManager] Element Action [KeyPress] successfully performed. With the following test data [ENTER]. @07-09-2021 18:37:46.0229 PM
[ReportManager] Element Action [GetText] successfully performed. With the following test data [SHAFT_ENGINE is a Test Automation Engine that ... - GitHub]. @07-09-2021 18:37:46.0320 PM
[ReportManager] Assertion Failed: Asserting that the correct first result is displayed @07-09-2021 18:37:46.0320 PM
[ReportManager] Assertion [ValidateEquals] FAILED. Expected [MohabMohie] and Actual [SHAFT_ENGINE is a Test Automation Engine that ... - GitHub]. Comparison Type [CONTAINS]. Validation Type [POSITIVE]. @07-09-2021 18:37:46.0320 P
[ReportManager] Successfully created attachment [Selenium WebDriver Logs - server] @07-09-2021 18:37:46.0469 PM
[ReportManager] Successfully created attachment [Selenium WebDriver Logs - performance] @07-09-2021 18:37:46.0623 PM
[ReportManager] Successfully created attachment [Selenium WebDriver Logs - driver] @07-09-2021 18:37:46.0808 PM
[ReportManager] Browser Action [CloseCurrentWindow] successfully performed. @07-09-2021 18:37:46.0865 PM
[ReportManager] Successfully created attachment [Browser Action Test Data - CloseCurrentWindow - Actual Value] @07-09-2021 18:37:46.0867 P

################################################################################################################################################
Starting Execution:	[23 out of 23] test cases in the current suite
Test Method:		[tests.cli.demo.cliTest.sampleTestCase]
################################################################################################################################################
[ReportManager] Attempting to perform the following command locally. Command: [ls] @07-09-2021 18:37:46.0877 PM
[ReportManager] Terminal Action [PerformTerminalCommands] successfully performed. With the following test data [Host Name: "localHost" | Command: "ls" | Exit Status: "0"]. @07-09-2021 18:37:46.0881 PM
[ReportManager] Successfully created attachment [Terminal Action Actual Result - Command Log] @07-09-2021 18:37:46.0881 PM
[ReportManager] Assertion Passed: Demoing local terminal actions @07-09-2021 18:37:46.0881 PM
[ReportManager] Assertion [ValidateEquals] PASSED. Expected [pom.xml] and Actual [LICENSE
README.md
allure-results
docker-compose_native.yml
docker-compose_zalenium.yml
extent-reports
pom.xml
src
target]. Comparison Type [CONTAINS]. Validation Type [POSITIVE]. @07-09-2021 18:37:46.0881 P

################################################################################################################################################
Test Closure Activities
################################################################################################################################################
[ReportManager] Successfully created attachment [SHAFT Engine Logs - Execution log] @07-09-2021 18:37:46.0901 PM

################################################################################################################################################
This test run was powered by SHAFT Engine Version: [SHAFT Engine v5.3.20210902]
SHAFT Engine is licensed under the MIT License: [https://github.com/MohabMohie/SHAFT_ENGINE/blob/master/LICENSE].
################################################################################################################################################