################################################################################################################################################
Detected SHAFT Engine Version: [SHAFT Engine v5.3.20210902]
################################################################################################################################################

################################################################################################################################################
Starting Execution:	[1 out of 23] test cases in the current suite
Test Method:		[tests.api.users.UserData.validateUserEmail]
################################################################################################################################################
[ReportManager] Response status code: [200], status line: [HTTP/1.1 200 OK] @14-09-2021 06:37:45.0174 AM
[ReportManager] Assertion Passed: Evaluating the actual response status code against the expected one... @14-09-2021 06:37:45.0210 AM
[ReportManager] Assertion [ValidateEquals] PASSED. Expected [200] and Actual [200]. Comparison Type [EQUALS]. Validation Type [POSITIVE]. @14-09-2021 06:37:45.0221 AM
[ReportManager] API Action [PerformRequest] successfully performed. With the following test data [Request Type: "GET" | Target Status Code: "200" | Service URL: "https://jsonplaceholder.typicode.com/users" | Content Type: "*/*" | Response Time: "1053ms"]. @14-09-2021 06:37:46.0455 AM
[ReportManager] Successfully created attachment [API Request - Specifications] @14-09-2021 06:37:46.0464 AM
[ReportManager] Successfully created attachment [API Response - JSON Body] @14-09-2021 06:37:46.0825 AM
[ReportManager] Assertion [ValidateEquals] PASSED. Expected and Actual values are attached. Comparison Type [CONTAINS]. Validation Type [POSITIVE]. @14-09-2021 06:37:46.0827 AM
[ReportManager] Successfully created attachment [Validation Test Data - Expected Value] @14-09-2021 06:37:46.0828 AM
[ReportManager] Successfully created attachment [Validation Test Data - Actual Value] @14-09-2021 06:37:46.0828 AM
[ReportManager] API Action [GetResponseJSONValueAsList] successfully performed. With the following test data [$]. @14-09-2021 06:37:46.0843 AM
[ReportManager] API Action [GetResponseJSONValue] successfully performed. With the following test data [name]. @14-09-2021 06:37:46.0889 AM
[ReportManager] API Action [GetResponseJSONValue] successfully performed. With the following test data [email]. @14-09-2021 06:37:46.0914 AM
[ReportManager] Assertion [ValidateEquals] PASSED. Expected [Sincere@april.biz] and Actual [Sincere@april.biz]. Comparison Type [EQUALS]. Validation Type [POSITIVE]. @14-09-2021 06:37:46.0914 AM
[ReportManager] API Action [GetResponseJSONValue] successfully performed. With the following test data [name]. @14-09-2021 06:37:46.0941 AM
[ReportManager] API Action [GetResponseJSONValue] successfully performed. With the following test data [name]. @14-09-2021 06:37:46.0963 AM
[ReportManager] API Action [GetResponseJSONValue] successfully performed. With the following test data [name]. @14-09-2021 06:37:46.0980 AM
[ReportManager] API Action [GetResponseJSONValue] successfully performed. With the following test data [name]. @14-09-2021 06:37:46.0999 AM
[ReportManager] API Action [GetResponseJSONValue] successfully performed. With the following test data [name]. @14-09-2021 06:37:47.0018 AM
[ReportManager] API Action [GetResponseJSONValue] successfully performed. With the following test data [name]. @14-09-2021 06:37:47.0034 AM
[ReportManager] API Action [GetResponseJSONValue] successfully performed. With the following test data [name]. @14-09-2021 06:37:47.0050 AM
[ReportManager] API Action [GetResponseJSONValue] successfully performed. With the following test data [name]. @14-09-2021 06:37:47.0067 AM
[ReportManager] API Action [GetResponseJSONValue] successfully performed. With the following test data [name]. @14-09-2021 06:37:47.0083 A
[ReportManager] Successfully loaded the following test data file [src/test/resources/TestDataFiles/Google/SimpleSearch.xlsx]. @14-09-2021 06:37:48.0252 AM
[ReportManager] Successfully created attachment [Test Data - Excel] @14-09-2021 06:37:48.0253 A
[ReportManager] File Action [GetAbsolutePath] successfully performed. With the following test data [Relative Folder Path: "target/downloadedFiles/"]. @14-09-2021 06:37:48.0263 AM
[ReportManager] Attempting to run remotely on: [Linux-64], [GoogleChrome], [http://localhost:4444/wd/hub], Headless Execution. @14-09-2021 06:37:48.0296 AM
[ReportManager] Successfully Opened [GoogleChrome]. @14-09-2021 06:37:49.0735 AM
[ReportManager] Target URL: [https://www.google.com/ncr], and after redirection: [https://www.google.com] @14-09-2021 06:37:49.0801 AM
[ReportManager] Initial URL: [data:,] @14-09-2021 06:37:49.0916 AM
[ReportManager] Browser Action [NavigateToURL] successfully performed. With the following test data [https://www.google.com/ncr]. @14-09-2021 06:37:51.0472 A

################################################################################################################################################
Starting Execution:	[2 out of 23] test cases in the current suite
Test Method:		[tests.gui.google.F_Search_PageObjectModel_Fluent.navigateToGoogleHomeAndAssertGoogleLogoIsDisplayed]
################################################################################################################################################
[ReportManager] File Action [DoesFileExist] successfully performed. With the following test data [File Path: "src/test/resources/DynamicObjectRepository/tests_gui_google_F_Search_PageObjectModel_Fluent_navigateToGoogleHomeAndAssertGoogleLogoIsDisplayed_By_xpath_img_id_hplogo_or_alt_Google.png"]. @14-09-2021 06:37:51.0515 AM
[ReportManager] File Action [GetAbsolutePath] successfully performed. With the following test data [Relative Folder Path: "src/test/resources/DynamicObjectRepository/tests_gui_google_F_Search_PageObjectModel_Fluent_navigateToGoogleHomeAndAssertGoogleLogoIsDisplayed_By_xpath_img_id_hplogo_or_alt_Google.png"]. @14-09-2021 06:37:51.0515 AM
[ReportManager] File Action [ReadFromImageFile] successfully performed. With the following test data [File Path: "/home/runner/work/using_SHAFT_ENGINE/using_SHAFT_ENGINE/src/test/resources/DynamicObjectRepository/tests_gui_google_F_Search_PageObjectModel_Fluent_navigateToGoogleHomeAndAssertGoogleLogoIsDisplayed_By_xpath_img_id_hplogo_or_alt_Google.png"]. @14-09-2021 06:37:51.0516 AM
[ReportManager] File Action [DoesFileExist] successfully performed. With the following test data [File Path: "src/test/resources/DynamicObjectRepository/tests_gui_google_F_Search_PageObjectModel_Fluent_navigateToGoogleHomeAndAssertGoogleLogoIsDisplayed_By_xpath_img_id_hplogo_or_alt_Google.png"]. @14-09-2021 06:37:51.0802 AM
[ReportManager] File Action [DoesFileExist] successfully performed. With the following test data [File Path: "src/test/resources/DynamicObjectRepository/tests_gui_google_F_Search_PageObjectModel_Fluent_navigateToGoogleHomeAndAssertGoogleLogoIsDisplayed_By_xpath_img_id_hplogo_or_alt_Google.png"]. @14-09-2021 06:37:51.0803 AM
[ReportManager] Loaded Shared OpenCV @14-09-2021 06:37:52.0304 AM
[ReportManager] Successfully identified the element using AI; OpenCV. @14-09-2021 06:37:52.0330 AM
[ReportManager] Assertion Passed: Asserting that the Google logo is displayed @14-09-2021 06:37:52.0331 AM
[ReportManager] Successfully created attachment [Validation Test Data - Reference Screenshot] @14-09-2021 06:37:52.0332 AM
[ReportManager] Successfully created attachment [Validation Test Data - Actual Screenshot] @14-09-2021 06:37:52.0332 AM
[ReportManager] Assertion [ValidateElementMatches] PASSED. Expected [Element should match the reference screenshot] and Actual [TRUE]. Comparison Type [EXACT_OPENCV]. Validation Type [POSITIVE]. @14-09-2021 06:37:52.0332 A
[ReportManager] Successfully created attachment [Selenium WebDriver Logs - server] @14-09-2021 06:37:52.0496 AM
[ReportManager] Successfully created attachment [Selenium WebDriver Logs - performance] @14-09-2021 06:37:52.0591 AM
[ReportManager] Successfully created attachment [Selenium WebDriver Logs - driver] @14-09-2021 06:37:52.0805 AM
[ReportManager] Browser Action [CloseCurrentWindow] successfully performed. @14-09-2021 06:37:52.0869 AM
[ReportManager] Successfully created attachment [Browser Action Test Data - CloseCurrentWindow - Actual Value] @14-09-2021 06:37:52.0882 A
[ReportManager] File Action [GetAbsolutePath] successfully performed. With the following test data [Relative Folder Path: "target/downloadedFiles/"]. @14-09-2021 06:37:52.0891 AM
[ReportManager] Attempting to run remotely on: [Linux-64], [GoogleChrome], [http://localhost:4444/wd/hub], Headless Execution. @14-09-2021 06:37:52.0892 AM
[ReportManager] Successfully Opened [GoogleChrome]. @14-09-2021 06:37:53.0659 AM
[ReportManager] Target URL: [https://www.google.com/ncr], and after redirection: [https://www.google.com] @14-09-2021 06:37:53.0699 AM
[ReportManager] Initial URL: [data:,] @14-09-2021 06:37:53.0782 AM
[ReportManager] Browser Action [NavigateToURL] successfully performed. With the following test data [https://www.google.com/ncr]. @14-09-2021 06:37:54.0785 A

################################################################################################################################################
Starting Execution:	[3 out of 23] test cases in the current suite
Test Method:		[tests.gui.google.F_Search_PageObjectModel_Fluent.navigateToGoogleHomeAndAssertPageTitle]
################################################################################################################################################
[ReportManager] Browser Action [GetCurrentWindowTitle] successfully performed. With the following test data [Google]. @14-09-2021 06:37:54.0847 AM
[ReportManager] Assertion Passed: Asserting that the page title is Google @14-09-2021 06:37:55.0180 AM
[ReportManager] Successfully created attachment [Screenshot - 1631601474935_navigateToGoogleHomeAndAssertPageTitle_ValidateBrowserAttribute_passed] @14-09-2021 06:37:55.0186 AM
[ReportManager] Assertion [ValidateBrowserAttribute] PASSED. Expected [Value Should be 'Google' for the 'Title' attribute] and Actual [Google]. Comparison Type [EQUALS]. Validation Type [POSITIVE]. @14-09-2021 06:37:55.0186 A
[ReportManager] Successfully created attachment [Selenium WebDriver Logs - server] @14-09-2021 06:37:55.0365 AM
[ReportManager] Successfully created attachment [Selenium WebDriver Logs - performance] @14-09-2021 06:37:55.0455 AM
[ReportManager] Successfully created attachment [Selenium WebDriver Logs - driver] @14-09-2021 06:37:55.0594 AM
[ReportManager] Browser Action [CloseCurrentWindow] successfully performed. @14-09-2021 06:37:55.0659 AM
[ReportManager] Successfully created attachment [Browser Action Test Data - CloseCurrentWindow - Actual Value] @14-09-2021 06:37:55.0660 A
[ReportManager] File Action [GetAbsolutePath] successfully performed. With the following test data [Relative Folder Path: "target/downloadedFiles/"]. @14-09-2021 06:37:55.0674 AM
[ReportManager] Attempting to run remotely on: [Linux-64], [GoogleChrome], [http://localhost:4444/wd/hub], Headless Execution. @14-09-2021 06:37:55.0674 AM
[ReportManager] Successfully Opened [GoogleChrome]. @14-09-2021 06:37:56.0323 AM
[ReportManager] Target URL: [https://www.google.com/ncr], and after redirection: [https://www.google.com] @14-09-2021 06:37:56.0349 AM
[ReportManager] Initial URL: [data:,] @14-09-2021 06:37:56.0413 AM
[ReportManager] Browser Action [NavigateToURL] successfully performed. With the following test data [https://www.google.com/ncr]. @14-09-2021 06:37:57.0453 A

################################################################################################################################################
Starting Execution:	[4 out of 23] test cases in the current suite
Test Method:		[tests.gui.google.F_Search_PageObjectModel_Fluent.searchForQueryAndAssertFirstResultTextIsCorrect]
################################################################################################################################################
[ReportManager] Element Action [Type] successfully performed. With the following test data [SHAFT_Engine]. @14-09-2021 06:37:58.0327 AM
[ReportManager] Element Action [KeyPress] successfully performed. With the following test data [ENTER]. @14-09-2021 06:37:59.0864 AM
[ReportManager] Element Action [GetText] successfully performed. With the following test data [SHAFT_ENGINE is a Test Automation Engine that ... - GitHub]. @14-09-2021 06:37:59.0986 AM
[ReportManager] Loaded Shared OpenCV @14-09-2021 06:38:00.0234 AM
[ReportManager] Assertion Failed: Asserting that the correct first result is displayed @14-09-2021 06:38:00.0357 AM
[ReportManager] Successfully created attachment [Screenshot - 1631601480234_searchForQueryAndAssertFirstResultTextIsCorrect_ValidateElementAttribute_failed] @14-09-2021 06:38:00.0365 AM
[ReportManager] Assertion [ValidateElementAttribute] FAILED. Expected [Value Should be 'MohabMohie' for the 'Text' attribute, element locator 'By.xpath: (//h1[contains(text(),'Search Result')]/following-sibling::div//a/h3)[1]'] and Actual [SHAFT_ENGINE is a Test Automation Engine that ... - GitHub]. Comparison Type [CONTAINS]. Validation Type [POSITIVE]. @14-09-2021 06:38:00.0365 A
[ReportManager] Successfully created attachment [Selenium WebDriver Logs - server] @14-09-2021 06:38:00.0664 AM
[ReportManager] Successfully created attachment [Selenium WebDriver Logs - performance] @14-09-2021 06:38:00.0924 AM
[ReportManager] Successfully created attachment [Selenium WebDriver Logs - driver] @14-09-2021 06:38:01.0309 AM
[ReportManager] Browser Action [CloseCurrentWindow] successfully performed. @14-09-2021 06:38:01.0376 AM
[ReportManager] Successfully created attachment [Browser Action Test Data - CloseCurrentWindow - Actual Value] @14-09-2021 06:38:01.0383 A
[ReportManager] File Action [GetAbsolutePath] successfully performed. With the following test data [Relative Folder Path: "target/downloadedFiles/"]. @14-09-2021 06:38:01.0399 AM
[ReportManager] Attempting to run remotely on: [Linux-64], [GoogleChrome], [http://localhost:4444/wd/hub], Headless Execution. @14-09-2021 06:38:01.0399 AM
[ReportManager] Successfully Opened [GoogleChrome]. @14-09-2021 06:38:02.0136 AM
[ReportManager] Target URL: [https://www.google.com/ncr], and after redirection: [https://www.google.com] @14-09-2021 06:38:02.0162 AM
[ReportManager] Initial URL: [data:,] @14-09-2021 06:38:02.0248 AM
[ReportManager] Browser Action [NavigateToURL] successfully performed. With the following test data [https://www.google.com/ncr]. @14-09-2021 06:38:03.0278 A

################################################################################################################################################
Starting Execution:	[5 out of 23] test cases in the current suite
Test Method:		[tests.gui.google.C_Search_PageObjectModel_Traditional.navigateToGoogleHomeAndAssertGoogleLogoIsDisplayed]
################################################################################################################################################
[ReportManager] Element Action [IsElementDisplayed] successfully performed. @14-09-2021 06:38:03.0396 AM
[ReportManager] Assertion Passed: Asserting that the Google logo is displayed @14-09-2021 06:38:03.0396 AM
[ReportManager] Assertion [ValidateTrue] PASSED. Expected [TRUE] and Actual [TRUE]. Validation Type [POSITIVE]. @14-09-2021 06:38:03.0397 A
[ReportManager] Successfully created attachment [Selenium WebDriver Logs - server] @14-09-2021 06:38:03.0532 AM
[ReportManager] Successfully created attachment [Selenium WebDriver Logs - performance] @14-09-2021 06:38:03.0578 AM
[ReportManager] Successfully created attachment [Selenium WebDriver Logs - driver] @14-09-2021 06:38:03.0677 AM
[ReportManager] Browser Action [CloseCurrentWindow] successfully performed. @14-09-2021 06:38:03.0739 AM
[ReportManager] Successfully created attachment [Browser Action Test Data - CloseCurrentWindow - Actual Value] @14-09-2021 06:38:03.0741 A
[ReportManager] File Action [GetAbsolutePath] successfully performed. With the following test data [Relative Folder Path: "target/downloadedFiles/"]. @14-09-2021 06:38:03.0749 AM
[ReportManager] Attempting to run remotely on: [Linux-64], [GoogleChrome], [http://localhost:4444/wd/hub], Headless Execution. @14-09-2021 06:38:03.0750 AM
[ReportManager] Successfully Opened [GoogleChrome]. @14-09-2021 06:38:04.0042 AM
[ReportManager] Target URL: [https://www.google.com/ncr], and after redirection: [https://www.google.com] @14-09-2021 06:38:04.0071 AM
[ReportManager] Initial URL: [data:,] @14-09-2021 06:38:04.0149 AM
[ReportManager] Browser Action [NavigateToURL] successfully performed. With the following test data [https://www.google.com/ncr]. @14-09-2021 06:38:05.0053 A

################################################################################################################################################
Starting Execution:	[6 out of 23] test cases in the current suite
Test Method:		[tests.gui.google.C_Search_PageObjectModel_Traditional.navigateToGoogleHomeAndAssertPageTitle]
################################################################################################################################################
[ReportManager] Browser Action [GetCurrentWindowTitle] successfully performed. With the following test data [Google]. @14-09-2021 06:38:05.0098 AM
[ReportManager] Assertion Passed: Asserting that the page title is Google @14-09-2021 06:38:05.0098 AM
[ReportManager] Assertion [ValidateEquals] PASSED. Expected [Google] and Actual [Google]. Comparison Type [EQUALS]. Validation Type [POSITIVE]. @14-09-2021 06:38:05.0098 A
[ReportManager] Successfully created attachment [Selenium WebDriver Logs - server] @14-09-2021 06:38:05.0200 AM
[ReportManager] Successfully created attachment [Selenium WebDriver Logs - performance] @14-09-2021 06:38:05.0256 AM
[ReportManager] Successfully created attachment [Selenium WebDriver Logs - driver] @14-09-2021 06:38:05.0366 AM
[ReportManager] Browser Action [CloseCurrentWindow] successfully performed. @14-09-2021 06:38:05.0428 AM
[ReportManager] Successfully created attachment [Browser Action Test Data - CloseCurrentWindow - Actual Value] @14-09-2021 06:38:05.0429 A
[ReportManager] File Action [GetAbsolutePath] successfully performed. With the following test data [Relative Folder Path: "target/downloadedFiles/"]. @14-09-2021 06:38:05.0438 AM
[ReportManager] Attempting to run remotely on: [Linux-64], [GoogleChrome], [http://localhost:4444/wd/hub], Headless Execution. @14-09-2021 06:38:05.0439 AM
[ReportManager] Successfully Opened [GoogleChrome]. @14-09-2021 06:38:05.0750 AM
[ReportManager] Target URL: [https://www.google.com/ncr], and after redirection: [https://www.google.com] @14-09-2021 06:38:05.0783 AM
[ReportManager] Initial URL: [data:,] @14-09-2021 06:38:05.0855 AM
[ReportManager] Browser Action [NavigateToURL] successfully performed. With the following test data [https://www.google.com/ncr]. @14-09-2021 06:38:06.0877 A

################################################################################################################################################
Starting Execution:	[7 out of 23] test cases in the current suite
Test Method:		[tests.gui.google.C_Search_PageObjectModel_Traditional.searchForQueryAndAssertFirstResultTextIsCorrect]
################################################################################################################################################
[ReportManager] Element Action [Type] successfully performed. With the following test data [SHAFT_Engine]. @14-09-2021 06:38:07.0641 AM
[ReportManager] Element Action [KeyPress] successfully performed. With the following test data [ENTER]. @14-09-2021 06:38:09.0061 AM
[ReportManager] Element Action [GetText] successfully performed. With the following test data [SHAFT_ENGINE is a Test Automation Engine that ... - GitHub]. @14-09-2021 06:38:09.0160 AM
[ReportManager] Assertion Failed: Asserting that the correct first result is displayed @14-09-2021 06:38:09.0160 AM
[ReportManager] Assertion [ValidateEquals] FAILED. Expected [MohabMohie] and Actual [SHAFT_ENGINE is a Test Automation Engine that ... - GitHub]. Comparison Type [CONTAINS]. Validation Type [POSITIVE]. @14-09-2021 06:38:09.0161 A
[ReportManager] Successfully created attachment [Selenium WebDriver Logs - server] @14-09-2021 06:38:09.0376 AM
[ReportManager] Successfully created attachment [Selenium WebDriver Logs - performance] @14-09-2021 06:38:09.0561 AM
[ReportManager] Successfully created attachment [Selenium WebDriver Logs - driver] @14-09-2021 06:38:09.0813 AM
[ReportManager] Browser Action [CloseCurrentWindow] successfully performed. @14-09-2021 06:38:09.0879 AM
[ReportManager] Successfully created attachment [Browser Action Test Data - CloseCurrentWindow - Actual Value] @14-09-2021 06:38:09.0882 A
[ReportManager] File Action [GetAbsolutePath] successfully performed. With the following test data [Relative Folder Path: "target/downloadedFiles/"]. @14-09-2021 06:38:09.0901 AM
[ReportManager] Attempting to run remotely on: [Linux-64], [GoogleChrome], [http://localhost:4444/wd/hub], Headless Execution. @14-09-2021 06:38:09.0901 AM
[ReportManager] Successfully Opened [GoogleChrome]. @14-09-2021 06:38:10.0195 AM
[ReportManager] Target URL: [https://www.google.com/ncr], and after redirection: [https://www.google.com] @14-09-2021 06:38:10.0218 AM
[ReportManager] Initial URL: [data:,] @14-09-2021 06:38:10.0283 AM
[ReportManager] Browser Action [NavigateToURL] successfully performed. With the following test data [https://www.google.com/ncr]. @14-09-2021 06:38:11.0231 A

################################################################################################################################################
Starting Execution:	[8 out of 23] test cases in the current suite
Test Method:		[tests.gui.google.B_Search_FlatTest_SHAFT.navigateToGoogleHomeAndAssertGoogleLogoIsDisplayed]
################################################################################################################################################
[ReportManager] File Action [DoesFileExist] successfully performed. With the following test data [File Path: "src/test/resources/DynamicObjectRepository/tests_gui_google_B_Search_FlatTest_SHAFT_navigateToGoogleHomeAndAssertGoogleLogoIsDisplayed_By_xpath_img_id_hplogo_or_alt_Google.png"]. @14-09-2021 06:38:11.0234 AM
[ReportManager] File Action [GetAbsolutePath] successfully performed. With the following test data [Relative Folder Path: "src/test/resources/DynamicObjectRepository/tests_gui_google_B_Search_FlatTest_SHAFT_navigateToGoogleHomeAndAssertGoogleLogoIsDisplayed_By_xpath_img_id_hplogo_or_alt_Google.png"]. @14-09-2021 06:38:11.0234 AM
[ReportManager] File Action [ReadFromImageFile] successfully performed. With the following test data [File Path: "/home/runner/work/using_SHAFT_ENGINE/using_SHAFT_ENGINE/src/test/resources/DynamicObjectRepository/tests_gui_google_B_Search_FlatTest_SHAFT_navigateToGoogleHomeAndAssertGoogleLogoIsDisplayed_By_xpath_img_id_hplogo_or_alt_Google.png"]. @14-09-2021 06:38:11.0234 AM
[ReportManager] File Action [DoesFileExist] successfully performed. With the following test data [File Path: "src/test/resources/DynamicObjectRepository/tests_gui_google_B_Search_FlatTest_SHAFT_navigateToGoogleHomeAndAssertGoogleLogoIsDisplayed_By_xpath_img_id_hplogo_or_alt_Google.png"]. @14-09-2021 06:38:11.0442 AM
[ReportManager] File Action [DoesFileExist] successfully performed. With the following test data [File Path: "src/test/resources/DynamicObjectRepository/tests_gui_google_B_Search_FlatTest_SHAFT_navigateToGoogleHomeAndAssertGoogleLogoIsDisplayed_By_xpath_img_id_hplogo_or_alt_Google.png"]. @14-09-2021 06:38:11.0443 AM
[ReportManager] Loaded Shared OpenCV @14-09-2021 06:38:11.0443 AM
[ReportManager] Successfully identified the element using AI; OpenCV. @14-09-2021 06:38:11.0446 AM
[ReportManager] Assertion Passed: Asserting that the Google logo is displayed @14-09-2021 06:38:11.0446 AM
[ReportManager] Successfully created attachment [Validation Test Data - Reference Screenshot] @14-09-2021 06:38:11.0447 AM
[ReportManager] Successfully created attachment [Validation Test Data - Actual Screenshot] @14-09-2021 06:38:11.0447 AM
[ReportManager] Assertion [ValidateElementMatches] PASSED. Expected [Element should match the reference screenshot] and Actual [TRUE]. Comparison Type [EXACT_OPENCV]. Validation Type [POSITIVE]. @14-09-2021 06:38:11.0447 A
[ReportManager] Successfully created attachment [Selenium WebDriver Logs - server] @14-09-2021 06:38:11.0554 AM
[ReportManager] Successfully created attachment [Selenium WebDriver Logs - performance] @14-09-2021 06:38:11.0591 AM
[ReportManager] Successfully created attachment [Selenium WebDriver Logs - driver] @14-09-2021 06:38:11.0673 AM
[ReportManager] Browser Action [CloseCurrentWindow] successfully performed. @14-09-2021 06:38:11.0739 AM
[ReportManager] Successfully created attachment [Browser Action Test Data - CloseCurrentWindow - Actual Value] @14-09-2021 06:38:11.0740 A
[ReportManager] File Action [GetAbsolutePath] successfully performed. With the following test data [Relative Folder Path: "target/downloadedFiles/"]. @14-09-2021 06:38:11.0748 AM
[ReportManager] Attempting to run remotely on: [Linux-64], [GoogleChrome], [http://localhost:4444/wd/hub], Headless Execution. @14-09-2021 06:38:11.0748 AM
[ReportManager] Successfully Opened [GoogleChrome]. @14-09-2021 06:38:12.0024 AM
[ReportManager] Target URL: [https://www.google.com/ncr], and after redirection: [https://www.google.com] @14-09-2021 06:38:12.0041 AM
[ReportManager] Initial URL: [data:,] @14-09-2021 06:38:12.0099 AM
[ReportManager] Browser Action [NavigateToURL] successfully performed. With the following test data [https://www.google.com/ncr]. @14-09-2021 06:38:13.0015 A

################################################################################################################################################
Starting Execution:	[9 out of 23] test cases in the current suite
Test Method:		[tests.gui.google.B_Search_FlatTest_SHAFT.navigateToGoogleHomeAndAssertPageTitle]
################################################################################################################################################
[ReportManager] Browser Action [GetCurrentWindowTitle] successfully performed. With the following test data [Google]. @14-09-2021 06:38:13.0059 AM
[ReportManager] Assertion Passed: Asserting that the page title is Google @14-09-2021 06:38:13.0205 AM
[ReportManager] Successfully created attachment [Screenshot - 1631601493149_navigateToGoogleHomeAndAssertPageTitle_ValidateBrowserAttribute_passed] @14-09-2021 06:38:13.0205 AM
[ReportManager] Assertion [ValidateBrowserAttribute] PASSED. Expected [Value Should be 'Google' for the 'Title' attribute] and Actual [Google]. Comparison Type [EQUALS]. Validation Type [POSITIVE]. @14-09-2021 06:38:13.0205 A
[ReportManager] Successfully created attachment [Selenium WebDriver Logs - server] @14-09-2021 06:38:13.0303 AM
[ReportManager] Successfully created attachment [Selenium WebDriver Logs - performance] @14-09-2021 06:38:13.0339 AM
[ReportManager] Successfully created attachment [Selenium WebDriver Logs - driver] @14-09-2021 06:38:13.0418 AM
[ReportManager] Browser Action [CloseCurrentWindow] successfully performed. @14-09-2021 06:38:13.0479 AM
[ReportManager] Successfully created attachment [Browser Action Test Data - CloseCurrentWindow - Actual Value] @14-09-2021 06:38:13.0480 A
[ReportManager] File Action [GetAbsolutePath] successfully performed. With the following test data [Relative Folder Path: "target/downloadedFiles/"]. @14-09-2021 06:38:13.0484 AM
[ReportManager] Attempting to run remotely on: [Linux-64], [GoogleChrome], [http://localhost:4444/wd/hub], Headless Execution. @14-09-2021 06:38:13.0484 AM
[ReportManager] Successfully Opened [GoogleChrome]. @14-09-2021 06:38:13.0729 AM
[ReportManager] Target URL: [https://www.google.com/ncr], and after redirection: [https://www.google.com] @14-09-2021 06:38:13.0747 AM
[ReportManager] Initial URL: [data:,] @14-09-2021 06:38:13.0807 AM
[ReportManager] Browser Action [NavigateToURL] successfully performed. With the following test data [https://www.google.com/ncr]. @14-09-2021 06:38:14.0704 A

################################################################################################################################################
Starting Execution:	[10 out of 23] test cases in the current suite
Test Method:		[tests.gui.google.B_Search_FlatTest_SHAFT.searchForQueryAndAssertFirstResultTextIsCorrect]
################################################################################################################################################
[ReportManager] Element Action [Type] successfully performed. With the following test data [SHAFT_Engine]. @14-09-2021 06:38:15.0512 AM
[ReportManager] Element Action [KeyPress] successfully performed. With the following test data [ENTER]. @14-09-2021 06:38:17.0031 AM
[ReportManager] Element Action [GetText] successfully performed. With the following test data [SHAFT_ENGINE is a Test Automation Engine that ... - GitHub]. @14-09-2021 06:38:17.0137 AM
[ReportManager] Loaded Shared OpenCV @14-09-2021 06:38:17.0326 AM
[ReportManager] Assertion Failed: Asserting that the correct first result is displayed @14-09-2021 06:38:17.0401 AM
[ReportManager] Successfully created attachment [Screenshot - 1631601497326_searchForQueryAndAssertFirstResultTextIsCorrect_ValidateElementAttribute_failed] @14-09-2021 06:38:17.0403 AM
[ReportManager] Assertion [ValidateElementAttribute] FAILED. Expected [Value Should be 'MohabMohie' for the 'Text' attribute, element locator 'By.xpath: (//h1[contains(text(),'Search Result')]/following-sibling::div//a/h3)[1]'] and Actual [SHAFT_ENGINE is a Test Automation Engine that ... - GitHub]. Comparison Type [CONTAINS]. Validation Type [POSITIVE]. @14-09-2021 06:38:17.0403 A
[ReportManager] Successfully created attachment [Selenium WebDriver Logs - server] @14-09-2021 06:38:17.0604 AM
[ReportManager] Successfully created attachment [Selenium WebDriver Logs - performance] @14-09-2021 06:38:17.0849 AM
[ReportManager] Successfully created attachment [Selenium WebDriver Logs - driver] @14-09-2021 06:38:18.0138 AM
[ReportManager] Browser Action [CloseCurrentWindow] successfully performed. @14-09-2021 06:38:18.0199 AM
[ReportManager] Successfully created attachment [Browser Action Test Data - CloseCurrentWindow - Actual Value] @14-09-2021 06:38:18.0207 A
[ReportManager] Successfully loaded the following test data file [src/test/resources/TestDataFiles/Google/SimpleSearch.xlsx]. @14-09-2021 06:38:18.0242 AM
[ReportManager] Successfully created attachment [Test Data - Excel] @14-09-2021 06:38:18.0242 A
[ReportManager] File Action [GetAbsolutePath] successfully performed. With the following test data [Relative Folder Path: "target/downloadedFiles/"]. @14-09-2021 06:38:18.0243 AM
[ReportManager] Attempting to run remotely on: [Linux-64], [GoogleChrome], [http://localhost:4444/wd/hub], Headless Execution. @14-09-2021 06:38:18.0244 AM
[ReportManager] Successfully Opened [GoogleChrome]. @14-09-2021 06:38:18.0530 AM
[ReportManager] Target URL: [https://www.google.com/ncr], and after redirection: [https://www.google.com] @14-09-2021 06:38:18.0563 AM
[ReportManager] Initial URL: [data:,] @14-09-2021 06:38:18.0613 AM
[ReportManager] Browser Action [NavigateToURL] successfully performed. With the following test data [https://www.google.com/ncr]. @14-09-2021 06:38:19.0469 A

################################################################################################################################################
Starting Execution:	[11 out of 23] test cases in the current suite
Test Method:		[tests.gui.google.G_Search_PageObjectModel_ThreadSafe.navigateToGoogleHomeAndAssertGoogleLogoIsDisplayed]
################################################################################################################################################
[ReportManager] File Action [DoesFileExist] successfully performed. With the following test data [File Path: "src/test/resources/DynamicObjectRepository/tests_gui_google_G_Search_PageObjectModel_ThreadSafe_navigateToGoogleHomeAndAssertGoogleLogoIsDisplayed_By_xpath_img_id_hplogo_or_alt_Google.png"]. @14-09-2021 06:38:19.0477 AM
[ReportManager] File Action [GetAbsolutePath] successfully performed. With the following test data [Relative Folder Path: "src/test/resources/DynamicObjectRepository/tests_gui_google_G_Search_PageObjectModel_ThreadSafe_navigateToGoogleHomeAndAssertGoogleLogoIsDisplayed_By_xpath_img_id_hplogo_or_alt_Google.png"]. @14-09-2021 06:38:19.0478 AM
[ReportManager] File Action [ReadFromImageFile] successfully performed. With the following test data [File Path: "/home/runner/work/using_SHAFT_ENGINE/using_SHAFT_ENGINE/src/test/resources/DynamicObjectRepository/tests_gui_google_G_Search_PageObjectModel_ThreadSafe_navigateToGoogleHomeAndAssertGoogleLogoIsDisplayed_By_xpath_img_id_hplogo_or_alt_Google.png"]. @14-09-2021 06:38:19.0478 AM
[ReportManager] File Action [DoesFileExist] successfully performed. With the following test data [File Path: "src/test/resources/DynamicObjectRepository/tests_gui_google_G_Search_PageObjectModel_ThreadSafe_navigateToGoogleHomeAndAssertGoogleLogoIsDisplayed_By_xpath_img_id_hplogo_or_alt_Google.png"]. @14-09-2021 06:38:19.0725 AM
[ReportManager] File Action [DoesFileExist] successfully performed. With the following test data [File Path: "src/test/resources/DynamicObjectRepository/tests_gui_google_G_Search_PageObjectModel_ThreadSafe_navigateToGoogleHomeAndAssertGoogleLogoIsDisplayed_By_xpath_img_id_hplogo_or_alt_Google.png"]. @14-09-2021 06:38:19.0726 AM
[ReportManager] Loaded Shared OpenCV @14-09-2021 06:38:19.0726 AM
[ReportManager] Successfully identified the element using AI; OpenCV. @14-09-2021 06:38:19.0729 AM
[ReportManager] Assertion Passed: Asserting that the Google logo is displayed @14-09-2021 06:38:19.0729 AM
[ReportManager] Successfully created attachment [Validation Test Data - Reference Screenshot] @14-09-2021 06:38:19.0730 AM
[ReportManager] Successfully created attachment [Validation Test Data - Actual Screenshot] @14-09-2021 06:38:19.0730 AM
[ReportManager] Assertion [ValidateElementMatches] PASSED. Expected [Element should match the reference screenshot] and Actual [TRUE]. Comparison Type [EXACT_OPENCV]. Validation Type [POSITIVE]. @14-09-2021 06:38:19.0730 A
[ReportManager] Successfully created attachment [Selenium WebDriver Logs - server] @14-09-2021 06:38:19.0830 AM
[ReportManager] Successfully created attachment [Selenium WebDriver Logs - performance] @14-09-2021 06:38:19.0873 AM
[ReportManager] Successfully created attachment [Selenium WebDriver Logs - driver] @14-09-2021 06:38:19.0958 AM
[ReportManager] Browser Action [CloseCurrentWindow] successfully performed. @14-09-2021 06:38:20.0026 AM
[ReportManager] Successfully created attachment [Browser Action Test Data - CloseCurrentWindow - Actual Value] @14-09-2021 06:38:20.0027 A
[ReportManager] File Action [GetAbsolutePath] successfully performed. With the following test data [Relative Folder Path: "target/downloadedFiles/"]. @14-09-2021 06:38:20.0029 AM
[ReportManager] Attempting to run remotely on: [Linux-64], [GoogleChrome], [http://localhost:4444/wd/hub], Headless Execution. @14-09-2021 06:38:20.0029 AM
[ReportManager] Successfully Opened [GoogleChrome]. @14-09-2021 06:38:20.0291 AM
[ReportManager] Target URL: [https://www.google.com/ncr], and after redirection: [https://www.google.com] @14-09-2021 06:38:20.0305 AM
[ReportManager] Initial URL: [data:,] @14-09-2021 06:38:20.0360 AM
[ReportManager] Browser Action [NavigateToURL] successfully performed. With the following test data [https://www.google.com/ncr]. @14-09-2021 06:38:21.0249 A

################################################################################################################################################
Starting Execution:	[12 out of 23] test cases in the current suite
Test Method:		[tests.gui.google.G_Search_PageObjectModel_ThreadSafe.navigateToGoogleHomeAndAssertPageTitle]
################################################################################################################################################
[ReportManager] Browser Action [GetCurrentWindowTitle] successfully performed. With the following test data [Google]. @14-09-2021 06:38:21.0285 AM
[ReportManager] Assertion Passed: Asserting that the page title is Google @14-09-2021 06:38:21.0401 AM
[ReportManager] Successfully created attachment [Screenshot - 1631601501361_navigateToGoogleHomeAndAssertPageTitle_ValidateBrowserAttribute_passed] @14-09-2021 06:38:21.0401 AM
[ReportManager] Assertion [ValidateBrowserAttribute] PASSED. Expected [Value Should be 'Google' for the 'Title' attribute] and Actual [Google]. Comparison Type [EQUALS]. Validation Type [POSITIVE]. @14-09-2021 06:38:21.0401 A
[ReportManager] Successfully created attachment [Selenium WebDriver Logs - server] @14-09-2021 06:38:21.0483 AM
[ReportManager] Successfully created attachment [Selenium WebDriver Logs - performance] @14-09-2021 06:38:21.0516 AM
[ReportManager] Successfully created attachment [Selenium WebDriver Logs - driver] @14-09-2021 06:38:21.0597 AM
[ReportManager] Browser Action [CloseCurrentWindow] successfully performed. @14-09-2021 06:38:21.0655 AM
[ReportManager] Successfully created attachment [Browser Action Test Data - CloseCurrentWindow - Actual Value] @14-09-2021 06:38:21.0656 A
[ReportManager] File Action [GetAbsolutePath] successfully performed. With the following test data [Relative Folder Path: "target/downloadedFiles/"]. @14-09-2021 06:38:21.0659 AM
[ReportManager] Attempting to run remotely on: [Linux-64], [GoogleChrome], [http://localhost:4444/wd/hub], Headless Execution. @14-09-2021 06:38:21.0659 AM
[ReportManager] Successfully Opened [GoogleChrome]. @14-09-2021 06:38:21.0944 AM
[ReportManager] Target URL: [https://www.google.com/ncr], and after redirection: [https://www.google.com] @14-09-2021 06:38:21.0964 AM
[ReportManager] Initial URL: [data:,] @14-09-2021 06:38:22.0048 AM
[ReportManager] Browser Action [NavigateToURL] successfully performed. With the following test data [https://www.google.com/ncr]. @14-09-2021 06:38:22.0926 A

################################################################################################################################################
Starting Execution:	[13 out of 23] test cases in the current suite
Test Method:		[tests.gui.google.G_Search_PageObjectModel_ThreadSafe.searchForQueryAndAssertFirstResultTextIsCorrect]
################################################################################################################################################
[ReportManager] Element Action [Type] successfully performed. With the following test data [SHAFT_Engine]. @14-09-2021 06:38:23.0763 AM
[ReportManager] Element Action [KeyPress] successfully performed. With the following test data [ENTER]. @14-09-2021 06:38:25.0497 AM
[ReportManager] Element Action [GetText] successfully performed. With the following test data [SHAFT_ENGINE is a Test Automation Engine that ... - GitHub]. @14-09-2021 06:38:25.0601 AM
[ReportManager] Loaded Shared OpenCV @14-09-2021 06:38:25.0787 AM
[ReportManager] Assertion Failed: Asserting that the correct first result is displayed @14-09-2021 06:38:25.0861 AM
[ReportManager] Successfully created attachment [Screenshot - 1631601505787_searchForQueryAndAssertFirstResultTextIsCorrect_ValidateElementAttribute_failed] @14-09-2021 06:38:25.0862 AM
[ReportManager] Assertion [ValidateElementAttribute] FAILED. Expected [Value Should be 'MohabMohie' for the 'Text' attribute, element locator 'By.xpath: (//h1[contains(text(),'Search Result')]/following-sibling::div//a/h3)[1]'] and Actual [SHAFT_ENGINE is a Test Automation Engine that ... - GitHub]. Comparison Type [CONTAINS]. Validation Type [POSITIVE]. @14-09-2021 06:38:25.0862 A
[ReportManager] Successfully created attachment [Selenium WebDriver Logs - server] @14-09-2021 06:38:26.0053 AM
[ReportManager] Successfully created attachment [Selenium WebDriver Logs - performance] @14-09-2021 06:38:26.0299 AM
[ReportManager] Successfully created attachment [Selenium WebDriver Logs - driver] @14-09-2021 06:38:26.0579 AM
[ReportManager] Browser Action [CloseCurrentWindow] successfully performed. @14-09-2021 06:38:26.0639 AM
[ReportManager] Successfully created attachment [Browser Action Test Data - CloseCurrentWindow - Actual Value] @14-09-2021 06:38:26.0644 A



################################################################################################################################################
Starting Execution:	[14 out of 23] test cases in the current suite
Test Method:		[tests.gui.google.A_Search_FlatTest_NativeSeleniumWebDriver.navigateToGoogleHomeAndAssertGoogleLogoIsDisplayed]
###############################################################################################################################################



################################################################################################################################################
Starting Execution:	[15 out of 23] test cases in the current suite
Test Method:		[tests.gui.google.A_Search_FlatTest_NativeSeleniumWebDriver.navigateToGoogleHomeAndAssertPageTitle]
###############################################################################################################################################



################################################################################################################################################
Starting Execution:	[16 out of 23] test cases in the current suite
Test Method:		[tests.gui.google.A_Search_FlatTest_NativeSeleniumWebDriver.searchForQueryAndAssertFirstResultTextIsCorrect]
###############################################################################################################################################

[ReportManager] Successfully loaded the following test data file [src/test/resources/TestDataFiles/Google/SimpleSearch.xlsx]. @14-09-2021 06:38:31.0501 AM
[ReportManager] Successfully created attachment [Test Data - Excel] @14-09-2021 06:38:31.0501 A
[ReportManager] File Action [GetAbsolutePath] successfully performed. With the following test data [Relative Folder Path: "target/downloadedFiles/"]. @14-09-2021 06:38:31.0502 AM
[ReportManager] Attempting to run remotely on: [Linux-64], [GoogleChrome], [http://localhost:4444/wd/hub], Headless Execution. @14-09-2021 06:38:31.0511 AM
[ReportManager] Successfully Opened [GoogleChrome]. @14-09-2021 06:38:31.0786 AM
[ReportManager] Target URL: [https://www.google.com/ncr], and after redirection: [https://www.google.com] @14-09-2021 06:38:31.0798 AM
[ReportManager] Initial URL: [data:,] @14-09-2021 06:38:31.0848 AM
[ReportManager] Browser Action [NavigateToURL] successfully performed. With the following test data [https://www.google.com/ncr]. @14-09-2021 06:38:32.0792 A

################################################################################################################################################
Starting Execution:	[17 out of 23] test cases in the current suite
Test Method:		[tests.gui.google.E_Search_PageObjectModel_Traditional_SHAFTAssertions.navigateToGoogleHomeAndAssertGoogleLogoIsDisplayed]
################################################################################################################################################
[ReportManager] File Action [DoesFileExist] successfully performed. With the following test data [File Path: "src/test/resources/DynamicObjectRepository/tests_gui_google_E_Search_PageObjectModel_Traditional_SHAFTAssertions_navigateToGoogleHomeAndAssertGoogleLogoIsDisplayed_By_xpath_img_id_hplogo_or_alt_Google.png"]. @14-09-2021 06:38:32.0802 AM
[ReportManager] File Action [GetAbsolutePath] successfully performed. With the following test data [Relative Folder Path: "src/test/resources/DynamicObjectRepository/tests_gui_google_E_Search_PageObjectModel_Traditional_SHAFTAssertions_navigateToGoogleHomeAndAssertGoogleLogoIsDisplayed_By_xpath_img_id_hplogo_or_alt_Google.png"]. @14-09-2021 06:38:32.0802 AM
[ReportManager] File Action [ReadFromImageFile] successfully performed. With the following test data [File Path: "/home/runner/work/using_SHAFT_ENGINE/using_SHAFT_ENGINE/src/test/resources/DynamicObjectRepository/tests_gui_google_E_Search_PageObjectModel_Traditional_SHAFTAssertions_navigateToGoogleHomeAndAssertGoogleLogoIsDisplayed_By_xpath_img_id_hplogo_or_alt_Google.png"]. @14-09-2021 06:38:32.0802 AM
[ReportManager] File Action [DoesFileExist] successfully performed. With the following test data [File Path: "src/test/resources/DynamicObjectRepository/tests_gui_google_E_Search_PageObjectModel_Traditional_SHAFTAssertions_navigateToGoogleHomeAndAssertGoogleLogoIsDisplayed_By_xpath_img_id_hplogo_or_alt_Google.png"]. @14-09-2021 06:38:32.0991 AM
[ReportManager] File Action [DoesFileExist] successfully performed. With the following test data [File Path: "src/test/resources/DynamicObjectRepository/tests_gui_google_E_Search_PageObjectModel_Traditional_SHAFTAssertions_navigateToGoogleHomeAndAssertGoogleLogoIsDisplayed_By_xpath_img_id_hplogo_or_alt_Google.png"]. @14-09-2021 06:38:32.0991 AM
[ReportManager] Loaded Shared OpenCV @14-09-2021 06:38:32.0991 AM
[ReportManager] Successfully identified the element using AI; OpenCV. @14-09-2021 06:38:32.0994 AM
[ReportManager] Assertion Passed: Asserting that the Google logo is displayed @14-09-2021 06:38:32.0994 AM
[ReportManager] Successfully created attachment [Validation Test Data - Reference Screenshot] @14-09-2021 06:38:32.0995 AM
[ReportManager] Successfully created attachment [Validation Test Data - Actual Screenshot] @14-09-2021 06:38:32.0995 AM
[ReportManager] Assertion [ValidateElementMatches] PASSED. Expected [Element should match the reference screenshot] and Actual [TRUE]. Comparison Type [EXACT_OPENCV]. Validation Type [POSITIVE]. @14-09-2021 06:38:32.0995 A
[ReportManager] Successfully created attachment [Selenium WebDriver Logs - server] @14-09-2021 06:38:33.0089 AM
[ReportManager] Successfully created attachment [Selenium WebDriver Logs - performance] @14-09-2021 06:38:33.0124 AM
[ReportManager] Successfully created attachment [Selenium WebDriver Logs - driver] @14-09-2021 06:38:33.0203 AM
[ReportManager] Browser Action [CloseCurrentWindow] successfully performed. @14-09-2021 06:38:33.0267 AM
[ReportManager] Successfully created attachment [Browser Action Test Data - CloseCurrentWindow - Actual Value] @14-09-2021 06:38:33.0268 A
[ReportManager] File Action [GetAbsolutePath] successfully performed. With the following test data [Relative Folder Path: "target/downloadedFiles/"]. @14-09-2021 06:38:33.0271 AM
[ReportManager] Attempting to run remotely on: [Linux-64], [GoogleChrome], [http://localhost:4444/wd/hub], Headless Execution. @14-09-2021 06:38:33.0271 AM
[ReportManager] Successfully Opened [GoogleChrome]. @14-09-2021 06:38:33.0525 AM
[ReportManager] Target URL: [https://www.google.com/ncr], and after redirection: [https://www.google.com] @14-09-2021 06:38:33.0555 AM
[ReportManager] Initial URL: [data:,] @14-09-2021 06:38:33.0617 AM
[ReportManager] Browser Action [NavigateToURL] successfully performed. With the following test data [https://www.google.com/ncr]. @14-09-2021 06:38:34.0493 A

################################################################################################################################################
Starting Execution:	[18 out of 23] test cases in the current suite
Test Method:		[tests.gui.google.E_Search_PageObjectModel_Traditional_SHAFTAssertions.navigateToGoogleHomeAndAssertPageTitle]
################################################################################################################################################
[ReportManager] Browser Action [GetCurrentWindowTitle] successfully performed. With the following test data [Google]. @14-09-2021 06:38:34.0537 AM
[ReportManager] Assertion Passed: Asserting that the page title is Google @14-09-2021 06:38:34.0659 AM
[ReportManager] Successfully created attachment [Screenshot - 1631601514617_navigateToGoogleHomeAndAssertPageTitle_ValidateBrowserAttribute_passed] @14-09-2021 06:38:34.0659 AM
[ReportManager] Assertion [ValidateBrowserAttribute] PASSED. Expected [Value Should be 'Google' for the 'Title' attribute] and Actual [Google]. Comparison Type [EQUALS]. Validation Type [POSITIVE]. @14-09-2021 06:38:34.0659 A
[ReportManager] Successfully created attachment [Selenium WebDriver Logs - server] @14-09-2021 06:38:34.0743 AM
[ReportManager] Successfully created attachment [Selenium WebDriver Logs - performance] @14-09-2021 06:38:34.0781 AM
[ReportManager] Successfully created attachment [Selenium WebDriver Logs - driver] @14-09-2021 06:38:34.0861 AM
[ReportManager] Browser Action [CloseCurrentWindow] successfully performed. @14-09-2021 06:38:34.0925 AM
[ReportManager] Successfully created attachment [Browser Action Test Data - CloseCurrentWindow - Actual Value] @14-09-2021 06:38:34.0926 A
[ReportManager] File Action [GetAbsolutePath] successfully performed. With the following test data [Relative Folder Path: "target/downloadedFiles/"]. @14-09-2021 06:38:34.0929 AM
[ReportManager] Attempting to run remotely on: [Linux-64], [GoogleChrome], [http://localhost:4444/wd/hub], Headless Execution. @14-09-2021 06:38:34.0929 AM
[ReportManager] Successfully Opened [GoogleChrome]. @14-09-2021 06:38:35.0190 AM
[ReportManager] Target URL: [https://www.google.com/ncr], and after redirection: [https://www.google.com] @14-09-2021 06:38:35.0207 AM
[ReportManager] Initial URL: [data:,] @14-09-2021 06:38:35.0272 AM
[ReportManager] Browser Action [NavigateToURL] successfully performed. With the following test data [https://www.google.com/ncr]. @14-09-2021 06:38:36.0225 A

################################################################################################################################################
Starting Execution:	[19 out of 23] test cases in the current suite
Test Method:		[tests.gui.google.E_Search_PageObjectModel_Traditional_SHAFTAssertions.searchForQueryAndAssertFirstResultTextIsCorrect]
################################################################################################################################################
[ReportManager] Element Action [Type] successfully performed. With the following test data [SHAFT_Engine]. @14-09-2021 06:38:36.0972 AM
[ReportManager] Element Action [KeyPress] successfully performed. With the following test data [ENTER]. @14-09-2021 06:38:38.0398 AM
[ReportManager] Element Action [GetText] successfully performed. With the following test data [SHAFT_ENGINE is a Test Automation Engine that ... - GitHub]. @14-09-2021 06:38:38.0493 AM
[ReportManager] Loaded Shared OpenCV @14-09-2021 06:38:38.0672 AM
[ReportManager] Assertion Failed: Asserting that the correct first result is displayed @14-09-2021 06:38:38.0741 AM
[ReportManager] Successfully created attachment [Screenshot - 1631601518672_searchForQueryAndAssertFirstResultTextIsCorrect_ValidateElementAttribute_failed] @14-09-2021 06:38:38.0743 AM
[ReportManager] Assertion [ValidateElementAttribute] FAILED. Expected [Value Should be 'MohabMohie' for the 'Text' attribute, element locator 'By.xpath: (//h1[contains(text(),'Search Result')]/following-sibling::div//a/h3)[1]'] and Actual [SHAFT_ENGINE is a Test Automation Engine that ... - GitHub]. Comparison Type [CONTAINS]. Validation Type [POSITIVE]. @14-09-2021 06:38:38.0743 A
[ReportManager] Successfully created attachment [Selenium WebDriver Logs - server] @14-09-2021 06:38:38.0943 AM
[ReportManager] Successfully created attachment [Selenium WebDriver Logs - performance] @14-09-2021 06:38:39.0159 AM
[ReportManager] Successfully created attachment [Selenium WebDriver Logs - driver] @14-09-2021 06:38:39.0420 AM
[ReportManager] Browser Action [CloseCurrentWindow] successfully performed. @14-09-2021 06:38:39.0482 AM
[ReportManager] Successfully created attachment [Browser Action Test Data - CloseCurrentWindow - Actual Value] @14-09-2021 06:38:39.0486 A
[ReportManager] Successfully loaded the following test data file [src/test/resources/TestDataFiles/Google/SimpleSearch.xlsx]. @14-09-2021 06:38:39.0516 AM
[ReportManager] Successfully created attachment [Test Data - Excel] @14-09-2021 06:38:39.0517 A
[ReportManager] File Action [GetAbsolutePath] successfully performed. With the following test data [Relative Folder Path: "target/downloadedFiles/"]. @14-09-2021 06:38:39.0518 AM
[ReportManager] Attempting to run remotely on: [Linux-64], [GoogleChrome], [http://localhost:4444/wd/hub], Headless Execution. @14-09-2021 06:38:39.0518 AM
[ReportManager] Successfully Opened [GoogleChrome]. @14-09-2021 06:38:39.0772 AM
[ReportManager] Target URL: [https://www.google.com/ncr], and after redirection: [https://www.google.com] @14-09-2021 06:38:39.0783 AM
[ReportManager] Initial URL: [data:,] @14-09-2021 06:38:39.0858 AM
[ReportManager] Browser Action [NavigateToURL] successfully performed. With the following test data [https://www.google.com/ncr]. @14-09-2021 06:38:40.0765 A

################################################################################################################################################
Starting Execution:	[20 out of 23] test cases in the current suite
Test Method:		[tests.gui.google.D_Search_PageObjectModel_Traditional_DataDriven.navigateToGoogleHomeAndAssertGoogleLogoIsDisplayed]
################################################################################################################################################
[ReportManager] Element Action [IsElementDisplayed] successfully performed. @14-09-2021 06:38:40.0864 AM
[ReportManager] Assertion Passed: Asserting that the Google logo is displayed @14-09-2021 06:38:40.0865 AM
[ReportManager] Assertion [ValidateTrue] PASSED. Expected [TRUE] and Actual [TRUE]. Validation Type [POSITIVE]. @14-09-2021 06:38:40.0865 A
[ReportManager] Successfully created attachment [Selenium WebDriver Logs - server] @14-09-2021 06:38:40.0963 AM
[ReportManager] Successfully created attachment [Selenium WebDriver Logs - performance] @14-09-2021 06:38:40.0997 AM
[ReportManager] Successfully created attachment [Selenium WebDriver Logs - driver] @14-09-2021 06:38:41.0080 AM
[ReportManager] Browser Action [CloseCurrentWindow] successfully performed. @14-09-2021 06:38:41.0138 AM
[ReportManager] Successfully created attachment [Browser Action Test Data - CloseCurrentWindow - Actual Value] @14-09-2021 06:38:41.0139 A
[ReportManager] File Action [GetAbsolutePath] successfully performed. With the following test data [Relative Folder Path: "target/downloadedFiles/"]. @14-09-2021 06:38:41.0141 AM
[ReportManager] Attempting to run remotely on: [Linux-64], [GoogleChrome], [http://localhost:4444/wd/hub], Headless Execution. @14-09-2021 06:38:41.0141 AM
[ReportManager] Successfully Opened [GoogleChrome]. @14-09-2021 06:38:41.0381 AM
[ReportManager] Target URL: [https://www.google.com/ncr], and after redirection: [https://www.google.com] @14-09-2021 06:38:41.0401 AM
[ReportManager] Initial URL: [data:,] @14-09-2021 06:38:41.0459 AM
[ReportManager] Browser Action [NavigateToURL] successfully performed. With the following test data [https://www.google.com/ncr]. @14-09-2021 06:38:42.0361 A

################################################################################################################################################
Starting Execution:	[21 out of 23] test cases in the current suite
Test Method:		[tests.gui.google.D_Search_PageObjectModel_Traditional_DataDriven.navigateToGoogleHomeAndAssertPageTitle]
################################################################################################################################################
[ReportManager] Browser Action [GetCurrentWindowTitle] successfully performed. With the following test data [Google]. @14-09-2021 06:38:42.0406 AM
[ReportManager] Assertion Passed: Asserting that the page title is Google @14-09-2021 06:38:42.0406 AM
[ReportManager] Assertion [ValidateEquals] PASSED. Expected [Google] and Actual [Google]. Comparison Type [EQUALS]. Validation Type [POSITIVE]. @14-09-2021 06:38:42.0406 A
[ReportManager] Successfully created attachment [Selenium WebDriver Logs - server] @14-09-2021 06:38:42.0492 AM
[ReportManager] Successfully created attachment [Selenium WebDriver Logs - performance] @14-09-2021 06:38:42.0533 AM
[ReportManager] Successfully created attachment [Selenium WebDriver Logs - driver] @14-09-2021 06:38:42.0611 AM
[ReportManager] Browser Action [CloseCurrentWindow] successfully performed. @14-09-2021 06:38:42.0668 AM
[ReportManager] Successfully created attachment [Browser Action Test Data - CloseCurrentWindow - Actual Value] @14-09-2021 06:38:42.0669 A
[ReportManager] File Action [GetAbsolutePath] successfully performed. With the following test data [Relative Folder Path: "target/downloadedFiles/"]. @14-09-2021 06:38:42.0672 AM
[ReportManager] Attempting to run remotely on: [Linux-64], [GoogleChrome], [http://localhost:4444/wd/hub], Headless Execution. @14-09-2021 06:38:42.0672 AM
[ReportManager] Successfully Opened [GoogleChrome]. @14-09-2021 06:38:42.0948 AM
[ReportManager] Target URL: [https://www.google.com/ncr], and after redirection: [https://www.google.com] @14-09-2021 06:38:42.0963 AM
[ReportManager] Initial URL: [data:,] @14-09-2021 06:38:43.0027 AM
[ReportManager] Browser Action [NavigateToURL] successfully performed. With the following test data [https://www.google.com/ncr]. @14-09-2021 06:38:43.0891 A

################################################################################################################################################
Starting Execution:	[22 out of 23] test cases in the current suite
Test Method:		[tests.gui.google.D_Search_PageObjectModel_Traditional_DataDriven.searchForQueryAndAssertFirstResultTextIsCorrect]
################################################################################################################################################
[ReportManager] Element Action [Type] successfully performed. With the following test data [SHAFT_Engine]. @14-09-2021 06:38:44.0670 AM
[ReportManager] Element Action [KeyPress] successfully performed. With the following test data [ENTER]. @14-09-2021 06:38:46.0251 AM
[ReportManager] Element Action [GetText] successfully performed. With the following test data [SHAFT_ENGINE is a Test Automation Engine that ... - GitHub]. @14-09-2021 06:38:46.0342 AM
[ReportManager] Assertion Failed: Asserting that the correct first result is displayed @14-09-2021 06:38:46.0342 AM
[ReportManager] Assertion [ValidateEquals] FAILED. Expected [MohabMohie] and Actual [SHAFT_ENGINE is a Test Automation Engine that ... - GitHub]. Comparison Type [CONTAINS]. Validation Type [POSITIVE]. @14-09-2021 06:38:46.0342 A
[ReportManager] Successfully created attachment [Selenium WebDriver Logs - server] @14-09-2021 06:38:46.0550 AM
[ReportManager] Successfully created attachment [Selenium WebDriver Logs - performance] @14-09-2021 06:38:46.0759 AM
[ReportManager] Successfully created attachment [Selenium WebDriver Logs - driver] @14-09-2021 06:38:47.0021 AM
[ReportManager] Browser Action [CloseCurrentWindow] successfully performed. @14-09-2021 06:38:47.0080 AM
[ReportManager] Successfully created attachment [Browser Action Test Data - CloseCurrentWindow - Actual Value] @14-09-2021 06:38:47.0083 A

################################################################################################################################################
Starting Execution:	[23 out of 23] test cases in the current suite
Test Method:		[tests.cli.demo.cliTest.sampleTestCase]
################################################################################################################################################
[ReportManager] Attempting to perform the following command locally. Command: [ls] @14-09-2021 06:38:47.0094 AM
[ReportManager] Terminal Action [PerformTerminalCommands] successfully performed. With the following test data [Host Name: "localHost" | Command: "ls" | Exit Status: "0"]. @14-09-2021 06:38:47.0098 AM
[ReportManager] Successfully created attachment [Terminal Action Actual Result - Command Log] @14-09-2021 06:38:47.0098 AM
[ReportManager] Assertion Passed: Demoing local terminal actions @14-09-2021 06:38:47.0099 AM
[ReportManager] Assertion [ValidateEquals] PASSED. Expected [pom.xml] and Actual [LICENSE
README.md
allure-results
docker-compose_native.yml
docker-compose_zalenium.yml
extent-reports
pom.xml
src
target]. Comparison Type [CONTAINS]. Validation Type [POSITIVE]. @14-09-2021 06:38:47.0099 A

################################################################################################################################################
Test Closure Activities
################################################################################################################################################
[ReportManager] Successfully created attachment [SHAFT Engine Logs - Execution log] @14-09-2021 06:38:47.0114 AM

################################################################################################################################################
This test run was powered by SHAFT Engine Version: [SHAFT Engine v5.3.20210902]
SHAFT Engine is licensed under the MIT License: [https://github.com/MohabMohie/SHAFT_ENGINE/blob/master/LICENSE].
################################################################################################################################################