################################################################################################################################################
Detected SHAFT Engine Version: [SHAFT Engine v5.3.20210902]
################################################################################################################################################

################################################################################################################################################
Starting Execution:	[1 out of 23] test cases in the current suite
Test Method:		[tests.cli.demo.cliTest.sampleTestCase]
################################################################################################################################################
[ReportManager] Attempting to perform the following command locally. Command: [ls] @24-09-2021 12:50:01.0159 PM
[ReportManager] Terminal Action [PerformTerminalCommands] successfully performed. With the following test data [Host Name: "localHost" | Command: "ls" | Exit Status: "0"]. @24-09-2021 12:50:01.0174 PM
[ReportManager] Successfully created attachment [Terminal Action Actual Result - Command Log] @24-09-2021 12:50:01.0181 PM
[ReportManager] Assertion Passed: Demoing local terminal actions @24-09-2021 12:50:01.0194 PM
[ReportManager] Assertion [ValidateEquals] PASSED. Expected [pom.xml] and Actual [LICENSE
README.md
allure-results
docker-compose_native.yml
docker-compose_zalenium.yml
extent-reports
pom.xml
src
target]. Comparison Type [CONTAINS]. Validation Type [POSITIVE]. @24-09-2021 12:50:01.0194 P

################################################################################################################################################
Starting Execution:	[2 out of 23] test cases in the current suite
Test Method:		[tests.api.users.UserData.validateUserEmail]
################################################################################################################################################
[ReportManager] Response status code: [200], status line: [HTTP/1.1 200 OK] @24-09-2021 12:50:03.0670 PM
[ReportManager] Assertion Passed: Evaluating the actual response status code against the expected one... @24-09-2021 12:50:03.0671 PM
[ReportManager] Assertion [ValidateEquals] PASSED. Expected [200] and Actual [200]. Comparison Type [EQUALS]. Validation Type [POSITIVE]. @24-09-2021 12:50:03.0671 PM
[ReportManager] API Action [PerformRequest] successfully performed. With the following test data [Request Type: "GET" | Target Status Code: "200" | Service URL: "https://jsonplaceholder.typicode.com/users" | Content Type: "*/*" | Response Time: "918ms"]. @24-09-2021 12:50:04.0992 PM
[ReportManager] Successfully created attachment [API Request - Specifications] @24-09-2021 12:50:04.0992 PM
[ReportManager] Successfully created attachment [API Response - JSON Body] @24-09-2021 12:50:05.0296 PM
[ReportManager] Assertion [ValidateEquals] PASSED. Expected and Actual values are attached. Comparison Type [CONTAINS]. Validation Type [POSITIVE]. @24-09-2021 12:50:05.0296 PM
[ReportManager] Successfully created attachment [Validation Test Data - Expected Value] @24-09-2021 12:50:05.0297 PM
[ReportManager] Successfully created attachment [Validation Test Data - Actual Value] @24-09-2021 12:50:05.0297 PM
[ReportManager] API Action [GetResponseJSONValueAsList] successfully performed. With the following test data [$]. @24-09-2021 12:50:05.0307 PM
[ReportManager] API Action [GetResponseJSONValue] successfully performed. With the following test data [name]. @24-09-2021 12:50:05.0336 PM
[ReportManager] API Action [GetResponseJSONValue] successfully performed. With the following test data [email]. @24-09-2021 12:50:05.0350 PM
[ReportManager] Assertion [ValidateEquals] PASSED. Expected [Sincere@april.biz] and Actual [Sincere@april.biz]. Comparison Type [EQUALS]. Validation Type [POSITIVE]. @24-09-2021 12:50:05.0351 PM
[ReportManager] API Action [GetResponseJSONValue] successfully performed. With the following test data [name]. @24-09-2021 12:50:05.0364 PM
[ReportManager] API Action [GetResponseJSONValue] successfully performed. With the following test data [name]. @24-09-2021 12:50:05.0378 PM
[ReportManager] API Action [GetResponseJSONValue] successfully performed. With the following test data [name]. @24-09-2021 12:50:05.0389 PM
[ReportManager] API Action [GetResponseJSONValue] successfully performed. With the following test data [name]. @24-09-2021 12:50:05.0400 PM
[ReportManager] API Action [GetResponseJSONValue] successfully performed. With the following test data [name]. @24-09-2021 12:50:05.0411 PM
[ReportManager] API Action [GetResponseJSONValue] successfully performed. With the following test data [name]. @24-09-2021 12:50:05.0421 PM
[ReportManager] API Action [GetResponseJSONValue] successfully performed. With the following test data [name]. @24-09-2021 12:50:05.0434 PM
[ReportManager] API Action [GetResponseJSONValue] successfully performed. With the following test data [name]. @24-09-2021 12:50:05.0444 PM
[ReportManager] API Action [GetResponseJSONValue] successfully performed. With the following test data [name]. @24-09-2021 12:50:05.0454 P
[ReportManager] File Action [GetAbsolutePath] successfully performed. With the following test data [Relative Folder Path: "target/downloadedFiles/"]. @24-09-2021 12:50:05.0469 PM
[ReportManager] Attempting to run remotely on: [Linux-64], [GoogleChrome], [http://localhost:4444/wd/hub], Headless Execution. @24-09-2021 12:50:05.0497 PM
[ReportManager] Successfully Opened [GoogleChrome]. @24-09-2021 12:50:06.0882 PM
[ReportManager] Target URL: [https://www.google.com/ncr], and after redirection: [https://www.google.com] @24-09-2021 12:50:06.0942 PM
[ReportManager] Initial URL: [data:,] @24-09-2021 12:50:07.0068 PM
[ReportManager] Browser Action [NavigateToURL] successfully performed. With the following test data [https://www.google.com/ncr]. @24-09-2021 12:50:08.0512 P

################################################################################################################################################
Starting Execution:	[3 out of 23] test cases in the current suite
Test Method:		[tests.gui.google.C_Search_PageObjectModel_Traditional.navigateToGoogleHomeAndAssertGoogleLogoIsDisplayed]
################################################################################################################################################
[ReportManager] Element Action [IsElementDisplayed] successfully performed. @24-09-2021 12:50:08.0673 PM
[ReportManager] Assertion Passed: Asserting that the Google logo is displayed @24-09-2021 12:50:08.0673 PM
[ReportManager] Assertion [ValidateTrue] PASSED. Expected [TRUE] and Actual [TRUE]. Validation Type [POSITIVE]. @24-09-2021 12:50:08.0674 P
[ReportManager] Successfully created attachment [Selenium WebDriver Logs - server] @24-09-2021 12:50:08.0809 PM
[ReportManager] Successfully created attachment [Selenium WebDriver Logs - performance] @24-09-2021 12:50:08.0859 PM
[ReportManager] Successfully created attachment [Selenium WebDriver Logs - driver] @24-09-2021 12:50:09.0019 PM
[ReportManager] Browser Action [CloseCurrentWindow] successfully performed. @24-09-2021 12:50:09.0079 PM
[ReportManager] Successfully created attachment [Browser Action Test Data - CloseCurrentWindow - Actual Value] @24-09-2021 12:50:09.0085 P
[ReportManager] File Action [GetAbsolutePath] successfully performed. With the following test data [Relative Folder Path: "target/downloadedFiles/"]. @24-09-2021 12:50:09.0098 PM
[ReportManager] Attempting to run remotely on: [Linux-64], [GoogleChrome], [http://localhost:4444/wd/hub], Headless Execution. @24-09-2021 12:50:09.0098 PM
[ReportManager] Successfully Opened [GoogleChrome]. @24-09-2021 12:50:09.0716 PM
[ReportManager] Target URL: [https://www.google.com/ncr], and after redirection: [https://www.google.com] @24-09-2021 12:50:09.0740 PM
[ReportManager] Initial URL: [data:,] @24-09-2021 12:50:09.0820 PM
[ReportManager] Browser Action [NavigateToURL] successfully performed. With the following test data [https://www.google.com/ncr]. @24-09-2021 12:50:10.0773 P

################################################################################################################################################
Starting Execution:	[4 out of 23] test cases in the current suite
Test Method:		[tests.gui.google.C_Search_PageObjectModel_Traditional.navigateToGoogleHomeAndAssertPageTitle]
################################################################################################################################################
[ReportManager] Browser Action [GetCurrentWindowTitle] successfully performed. With the following test data [Google]. @24-09-2021 12:50:10.0829 PM
[ReportManager] Assertion Passed: Asserting that the page title is Google @24-09-2021 12:50:10.0829 PM
[ReportManager] Assertion [ValidateEquals] PASSED. Expected [Google] and Actual [Google]. Comparison Type [EQUALS]. Validation Type [POSITIVE]. @24-09-2021 12:50:10.0830 P
[ReportManager] Successfully created attachment [Selenium WebDriver Logs - server] @24-09-2021 12:50:10.0958 PM
[ReportManager] Successfully created attachment [Selenium WebDriver Logs - performance] @24-09-2021 12:50:10.0998 PM
[ReportManager] Successfully created attachment [Selenium WebDriver Logs - driver] @24-09-2021 12:50:11.0131 PM
[ReportManager] Browser Action [CloseCurrentWindow] successfully performed. @24-09-2021 12:50:11.0193 PM
[ReportManager] Successfully created attachment [Browser Action Test Data - CloseCurrentWindow - Actual Value] @24-09-2021 12:50:11.0194 P
[ReportManager] File Action [GetAbsolutePath] successfully performed. With the following test data [Relative Folder Path: "target/downloadedFiles/"]. @24-09-2021 12:50:11.0204 PM
[ReportManager] Attempting to run remotely on: [Linux-64], [GoogleChrome], [http://localhost:4444/wd/hub], Headless Execution. @24-09-2021 12:50:11.0204 PM
[ReportManager] Successfully Opened [GoogleChrome]. @24-09-2021 12:50:11.0830 PM
[ReportManager] Target URL: [https://www.google.com/ncr], and after redirection: [https://www.google.com] @24-09-2021 12:50:11.0850 PM
[ReportManager] Initial URL: [data:,] @24-09-2021 12:50:11.0919 PM
[ReportManager] Browser Action [NavigateToURL] successfully performed. With the following test data [https://www.google.com/ncr]. @24-09-2021 12:50:12.0860 P

################################################################################################################################################
Starting Execution:	[5 out of 23] test cases in the current suite
Test Method:		[tests.gui.google.C_Search_PageObjectModel_Traditional.searchForQueryAndAssertFirstResultTextIsCorrect]
################################################################################################################################################
[ReportManager] Element Action [Type] successfully performed. With the following test data [SHAFT_Engine]. @24-09-2021 12:50:13.0590 PM
[ReportManager] Element Action [KeyPress] successfully performed. With the following test data [ENTER]. @24-09-2021 12:50:15.0198 PM
[ReportManager] Element Action [GetText] successfully performed. With the following test data [SHAFT_ENGINE is a Test Automation Engine that ... - GitHub]. @24-09-2021 12:50:15.0303 PM
[ReportManager] Assertion Failed: Asserting that the correct first result is displayed @24-09-2021 12:50:15.0304 PM
[ReportManager] Assertion [ValidateEquals] FAILED. Expected [MohabMohie] and Actual [SHAFT_ENGINE is a Test Automation Engine that ... - GitHub]. Comparison Type [CONTAINS]. Validation Type [POSITIVE]. @24-09-2021 12:50:15.0305 P
[ReportManager] Successfully created attachment [Selenium WebDriver Logs - server] @24-09-2021 12:50:15.0536 PM
[ReportManager] Successfully created attachment [Selenium WebDriver Logs - performance] @24-09-2021 12:50:15.0704 PM
[ReportManager] Successfully created attachment [Selenium WebDriver Logs - driver] @24-09-2021 12:50:15.0953 PM
[ReportManager] Browser Action [CloseCurrentWindow] successfully performed. @24-09-2021 12:50:16.0018 PM
[ReportManager] Successfully created attachment [Browser Action Test Data - CloseCurrentWindow - Actual Value] @24-09-2021 12:50:16.0028 P
[ReportManager] Successfully loaded the following test data file [src/test/resources/TestDataFiles/Google/SimpleSearch.xlsx]. @24-09-2021 12:50:16.0768 PM
[ReportManager] Successfully created attachment [Test Data - Excel] @24-09-2021 12:50:16.0771 P
[ReportManager] File Action [GetAbsolutePath] successfully performed. With the following test data [Relative Folder Path: "target/downloadedFiles/"]. @24-09-2021 12:50:16.0772 PM
[ReportManager] Attempting to run remotely on: [Linux-64], [GoogleChrome], [http://localhost:4444/wd/hub], Headless Execution. @24-09-2021 12:50:16.0772 PM
[ReportManager] Successfully Opened [GoogleChrome]. @24-09-2021 12:50:17.0563 PM
[ReportManager] Target URL: [https://www.google.com/ncr], and after redirection: [https://www.google.com] @24-09-2021 12:50:17.0590 PM
[ReportManager] Initial URL: [data:,] @24-09-2021 12:50:17.0676 PM
[ReportManager] Browser Action [NavigateToURL] successfully performed. With the following test data [https://www.google.com/ncr]. @24-09-2021 12:50:18.0649 P

################################################################################################################################################
Starting Execution:	[6 out of 23] test cases in the current suite
Test Method:		[tests.gui.google.E_Search_PageObjectModel_Traditional_SHAFTAssertions.navigateToGoogleHomeAndAssertGoogleLogoIsDisplayed]
################################################################################################################################################
[ReportManager] File Action [DoesFileExist] successfully performed. With the following test data [File Path: "src/test/resources/DynamicObjectRepository/tests_gui_google_E_Search_PageObjectModel_Traditional_SHAFTAssertions_navigateToGoogleHomeAndAssertGoogleLogoIsDisplayed_By_xpath_img_id_hplogo_or_alt_Google.png"]. @24-09-2021 12:50:18.0666 PM
[ReportManager] File Action [GetAbsolutePath] successfully performed. With the following test data [Relative Folder Path: "src/test/resources/DynamicObjectRepository/tests_gui_google_E_Search_PageObjectModel_Traditional_SHAFTAssertions_navigateToGoogleHomeAndAssertGoogleLogoIsDisplayed_By_xpath_img_id_hplogo_or_alt_Google.png"]. @24-09-2021 12:50:18.0666 PM
[ReportManager] File Action [ReadFromImageFile] successfully performed. With the following test data [File Path: "/home/runner/work/using_SHAFT_ENGINE/using_SHAFT_ENGINE/src/test/resources/DynamicObjectRepository/tests_gui_google_E_Search_PageObjectModel_Traditional_SHAFTAssertions_navigateToGoogleHomeAndAssertGoogleLogoIsDisplayed_By_xpath_img_id_hplogo_or_alt_Google.png"]. @24-09-2021 12:50:18.0666 PM
[ReportManager] File Action [DoesFileExist] successfully performed. With the following test data [File Path: "src/test/resources/DynamicObjectRepository/tests_gui_google_E_Search_PageObjectModel_Traditional_SHAFTAssertions_navigateToGoogleHomeAndAssertGoogleLogoIsDisplayed_By_xpath_img_id_hplogo_or_alt_Google.png"]. @24-09-2021 12:50:18.0907 PM
[ReportManager] File Action [DoesFileExist] successfully performed. With the following test data [File Path: "src/test/resources/DynamicObjectRepository/tests_gui_google_E_Search_PageObjectModel_Traditional_SHAFTAssertions_navigateToGoogleHomeAndAssertGoogleLogoIsDisplayed_By_xpath_img_id_hplogo_or_alt_Google.png"]. @24-09-2021 12:50:18.0907 PM
[ReportManager] Loaded Shared OpenCV @24-09-2021 12:50:19.0321 PM
[ReportManager] Successfully identified the element using AI; OpenCV. @24-09-2021 12:50:19.0339 PM
[ReportManager] Assertion Passed: Asserting that the Google logo is displayed @24-09-2021 12:50:19.0340 PM
[ReportManager] Successfully created attachment [Validation Test Data - Reference Screenshot] @24-09-2021 12:50:19.0340 PM
[ReportManager] Successfully created attachment [Validation Test Data - Actual Screenshot] @24-09-2021 12:50:19.0340 PM
[ReportManager] Assertion [ValidateElementMatches] PASSED. Expected [Element should match the reference screenshot] and Actual [TRUE]. Comparison Type [EXACT_OPENCV]. Validation Type [POSITIVE]. @24-09-2021 12:50:19.0341 P
[ReportManager] Successfully created attachment [Selenium WebDriver Logs - server] @24-09-2021 12:50:19.0468 PM
[ReportManager] Successfully created attachment [Selenium WebDriver Logs - performance] @24-09-2021 12:50:19.0517 PM
[ReportManager] Successfully created attachment [Selenium WebDriver Logs - driver] @24-09-2021 12:50:19.0606 PM
[ReportManager] Browser Action [CloseCurrentWindow] successfully performed. @24-09-2021 12:50:19.0665 PM
[ReportManager] Successfully created attachment [Browser Action Test Data - CloseCurrentWindow - Actual Value] @24-09-2021 12:50:19.0667 P
[ReportManager] File Action [GetAbsolutePath] successfully performed. With the following test data [Relative Folder Path: "target/downloadedFiles/"]. @24-09-2021 12:50:19.0674 PM
[ReportManager] Attempting to run remotely on: [Linux-64], [GoogleChrome], [http://localhost:4444/wd/hub], Headless Execution. @24-09-2021 12:50:19.0674 PM
[ReportManager] Successfully Opened [GoogleChrome]. @24-09-2021 12:50:19.0928 PM
[ReportManager] Target URL: [https://www.google.com/ncr], and after redirection: [https://www.google.com] @24-09-2021 12:50:19.0945 PM
[ReportManager] Initial URL: [data:,] @24-09-2021 12:50:19.0999 PM
[ReportManager] Browser Action [NavigateToURL] successfully performed. With the following test data [https://www.google.com/ncr]. @24-09-2021 12:50:20.0844 P

################################################################################################################################################
Starting Execution:	[7 out of 23] test cases in the current suite
Test Method:		[tests.gui.google.E_Search_PageObjectModel_Traditional_SHAFTAssertions.navigateToGoogleHomeAndAssertPageTitle]
################################################################################################################################################
[ReportManager] Browser Action [GetCurrentWindowTitle] successfully performed. With the following test data [Google]. @24-09-2021 12:50:20.0892 PM
[ReportManager] Assertion Passed: Asserting that the page title is Google @24-09-2021 12:50:21.0182 PM
[ReportManager] Successfully created attachment [Screenshot - 1632487820970_navigateToGoogleHomeAndAssertPageTitle_ValidateBrowserAttribute_passed] @24-09-2021 12:50:21.0189 PM
[ReportManager] Assertion [ValidateBrowserAttribute] PASSED. Expected [Value Should be 'Google' for the 'Title' attribute] and Actual [Google]. Comparison Type [EQUALS]. Validation Type [POSITIVE]. @24-09-2021 12:50:21.0189 P
[ReportManager] Successfully created attachment [Selenium WebDriver Logs - server] @24-09-2021 12:50:21.0305 PM
[ReportManager] Successfully created attachment [Selenium WebDriver Logs - performance] @24-09-2021 12:50:21.0388 PM
[ReportManager] Successfully created attachment [Selenium WebDriver Logs - driver] @24-09-2021 12:50:21.0537 PM
[ReportManager] Browser Action [CloseCurrentWindow] successfully performed. @24-09-2021 12:50:21.0600 PM
[ReportManager] Successfully created attachment [Browser Action Test Data - CloseCurrentWindow - Actual Value] @24-09-2021 12:50:21.0601 P
[ReportManager] File Action [GetAbsolutePath] successfully performed. With the following test data [Relative Folder Path: "target/downloadedFiles/"]. @24-09-2021 12:50:21.0611 PM
[ReportManager] Attempting to run remotely on: [Linux-64], [GoogleChrome], [http://localhost:4444/wd/hub], Headless Execution. @24-09-2021 12:50:21.0614 PM
[ReportManager] Successfully Opened [GoogleChrome]. @24-09-2021 12:50:21.0899 PM
[ReportManager] Target URL: [https://www.google.com/ncr], and after redirection: [https://www.google.com] @24-09-2021 12:50:21.0918 PM
[ReportManager] Initial URL: [data:,] @24-09-2021 12:50:21.0969 PM
[ReportManager] Browser Action [NavigateToURL] successfully performed. With the following test data [https://www.google.com/ncr]. @24-09-2021 12:50:22.0799 P

################################################################################################################################################
Starting Execution:	[8 out of 23] test cases in the current suite
Test Method:		[tests.gui.google.E_Search_PageObjectModel_Traditional_SHAFTAssertions.searchForQueryAndAssertFirstResultTextIsCorrect]
################################################################################################################################################
[ReportManager] Element Action [Type] successfully performed. With the following test data [SHAFT_Engine]. @24-09-2021 12:50:23.0470 PM
[ReportManager] Element Action [KeyPress] successfully performed. With the following test data [ENTER]. @24-09-2021 12:50:24.0564 PM
[ReportManager] Element Action [GetText] successfully performed. With the following test data [SHAFT_ENGINE is a Test Automation Engine that ... - GitHub]. @24-09-2021 12:50:24.0899 PM
[ReportManager] Loaded Shared OpenCV @24-09-2021 12:50:25.0162 PM
[ReportManager] Assertion Failed: Asserting that the correct first result is displayed @24-09-2021 12:50:25.0263 PM
[ReportManager] Successfully created attachment [Screenshot - 1632487825162_searchForQueryAndAssertFirstResultTextIsCorrect_ValidateElementAttribute_failed] @24-09-2021 12:50:25.0270 PM
[ReportManager] Assertion [ValidateElementAttribute] FAILED. Expected [Value Should be 'MohabMohie' for the 'Text' attribute, element locator 'By.xpath: (//h1[contains(text(),'Search Result')]/following-sibling::div//a/h3)[1]'] and Actual [SHAFT_ENGINE is a Test Automation Engine that ... - GitHub]. Comparison Type [CONTAINS]. Validation Type [POSITIVE]. @24-09-2021 12:50:25.0270 P
[ReportManager] Successfully created attachment [Selenium WebDriver Logs - server] @24-09-2021 12:50:25.0456 PM
[ReportManager] Successfully created attachment [Selenium WebDriver Logs - performance] @24-09-2021 12:50:25.0606 PM
[ReportManager] Successfully created attachment [Selenium WebDriver Logs - driver] @24-09-2021 12:50:25.0819 PM
[ReportManager] Browser Action [CloseCurrentWindow] successfully performed. @24-09-2021 12:50:25.0885 PM
[ReportManager] Successfully created attachment [Browser Action Test Data - CloseCurrentWindow - Actual Value] @24-09-2021 12:50:25.0888 P
[ReportManager] File Action [GetAbsolutePath] successfully performed. With the following test data [Relative Folder Path: "target/downloadedFiles/"]. @24-09-2021 12:50:25.0892 PM
[ReportManager] Attempting to run remotely on: [Linux-64], [GoogleChrome], [http://localhost:4444/wd/hub], Headless Execution. @24-09-2021 12:50:25.0892 PM
[ReportManager] Successfully Opened [GoogleChrome]. @24-09-2021 12:50:26.0163 PM
[ReportManager] Target URL: [https://www.google.com/ncr], and after redirection: [https://www.google.com] @24-09-2021 12:50:26.0190 PM
[ReportManager] Initial URL: [data:,] @24-09-2021 12:50:26.0245 PM
[ReportManager] Browser Action [NavigateToURL] successfully performed. With the following test data [https://www.google.com/ncr]. @24-09-2021 12:50:27.0064 P

################################################################################################################################################
Starting Execution:	[9 out of 23] test cases in the current suite
Test Method:		[tests.gui.google.B_Search_FlatTest_SHAFT.navigateToGoogleHomeAndAssertGoogleLogoIsDisplayed]
################################################################################################################################################
[ReportManager] File Action [DoesFileExist] successfully performed. With the following test data [File Path: "src/test/resources/DynamicObjectRepository/tests_gui_google_B_Search_FlatTest_SHAFT_navigateToGoogleHomeAndAssertGoogleLogoIsDisplayed_By_xpath_img_id_hplogo_or_alt_Google.png"]. @24-09-2021 12:50:27.0067 PM
[ReportManager] File Action [GetAbsolutePath] successfully performed. With the following test data [Relative Folder Path: "src/test/resources/DynamicObjectRepository/tests_gui_google_B_Search_FlatTest_SHAFT_navigateToGoogleHomeAndAssertGoogleLogoIsDisplayed_By_xpath_img_id_hplogo_or_alt_Google.png"]. @24-09-2021 12:50:27.0068 PM
[ReportManager] File Action [ReadFromImageFile] successfully performed. With the following test data [File Path: "/home/runner/work/using_SHAFT_ENGINE/using_SHAFT_ENGINE/src/test/resources/DynamicObjectRepository/tests_gui_google_B_Search_FlatTest_SHAFT_navigateToGoogleHomeAndAssertGoogleLogoIsDisplayed_By_xpath_img_id_hplogo_or_alt_Google.png"]. @24-09-2021 12:50:27.0068 PM
[ReportManager] File Action [DoesFileExist] successfully performed. With the following test data [File Path: "src/test/resources/DynamicObjectRepository/tests_gui_google_B_Search_FlatTest_SHAFT_navigateToGoogleHomeAndAssertGoogleLogoIsDisplayed_By_xpath_img_id_hplogo_or_alt_Google.png"]. @24-09-2021 12:50:27.0235 PM
[ReportManager] File Action [DoesFileExist] successfully performed. With the following test data [File Path: "src/test/resources/DynamicObjectRepository/tests_gui_google_B_Search_FlatTest_SHAFT_navigateToGoogleHomeAndAssertGoogleLogoIsDisplayed_By_xpath_img_id_hplogo_or_alt_Google.png"]. @24-09-2021 12:50:27.0235 PM
[ReportManager] Loaded Shared OpenCV @24-09-2021 12:50:27.0235 PM
[ReportManager] Successfully identified the element using AI; OpenCV. @24-09-2021 12:50:27.0239 PM
[ReportManager] Assertion Passed: Asserting that the Google logo is displayed @24-09-2021 12:50:27.0239 PM
[ReportManager] Successfully created attachment [Validation Test Data - Reference Screenshot] @24-09-2021 12:50:27.0240 PM
[ReportManager] Successfully created attachment [Validation Test Data - Actual Screenshot] @24-09-2021 12:50:27.0240 PM
[ReportManager] Assertion [ValidateElementMatches] PASSED. Expected [Element should match the reference screenshot] and Actual [TRUE]. Comparison Type [EXACT_OPENCV]. Validation Type [POSITIVE]. @24-09-2021 12:50:27.0240 P
[ReportManager] Successfully created attachment [Selenium WebDriver Logs - server] @24-09-2021 12:50:27.0351 PM
[ReportManager] Successfully created attachment [Selenium WebDriver Logs - performance] @24-09-2021 12:50:27.0401 PM
[ReportManager] Successfully created attachment [Selenium WebDriver Logs - driver] @24-09-2021 12:50:27.0476 PM
[ReportManager] Browser Action [CloseCurrentWindow] successfully performed. @24-09-2021 12:50:27.0536 PM
[ReportManager] Successfully created attachment [Browser Action Test Data - CloseCurrentWindow - Actual Value] @24-09-2021 12:50:27.0537 P
[ReportManager] File Action [GetAbsolutePath] successfully performed. With the following test data [Relative Folder Path: "target/downloadedFiles/"]. @24-09-2021 12:50:27.0547 PM
[ReportManager] Attempting to run remotely on: [Linux-64], [GoogleChrome], [http://localhost:4444/wd/hub], Headless Execution. @24-09-2021 12:50:27.0547 PM
[ReportManager] Successfully Opened [GoogleChrome]. @24-09-2021 12:50:27.0820 PM
[ReportManager] Target URL: [https://www.google.com/ncr], and after redirection: [https://www.google.com] @24-09-2021 12:50:27.0839 PM
[ReportManager] Initial URL: [data:,] @24-09-2021 12:50:27.0896 PM
[ReportManager] Browser Action [NavigateToURL] successfully performed. With the following test data [https://www.google.com/ncr]. @24-09-2021 12:50:28.0740 P

################################################################################################################################################
Starting Execution:	[10 out of 23] test cases in the current suite
Test Method:		[tests.gui.google.B_Search_FlatTest_SHAFT.navigateToGoogleHomeAndAssertPageTitle]
################################################################################################################################################
[ReportManager] Browser Action [GetCurrentWindowTitle] successfully performed. With the following test data [Google]. @24-09-2021 12:50:28.0790 PM
[ReportManager] Assertion Passed: Asserting that the page title is Google @24-09-2021 12:50:28.0921 PM
[ReportManager] Successfully created attachment [Screenshot - 1632487828872_navigateToGoogleHomeAndAssertPageTitle_ValidateBrowserAttribute_passed] @24-09-2021 12:50:28.0921 PM
[ReportManager] Assertion [ValidateBrowserAttribute] PASSED. Expected [Value Should be 'Google' for the 'Title' attribute] and Actual [Google]. Comparison Type [EQUALS]. Validation Type [POSITIVE]. @24-09-2021 12:50:28.0921 P
[ReportManager] Successfully created attachment [Selenium WebDriver Logs - server] @24-09-2021 12:50:29.0055 PM
[ReportManager] Successfully created attachment [Selenium WebDriver Logs - performance] @24-09-2021 12:50:29.0087 PM
[ReportManager] Successfully created attachment [Selenium WebDriver Logs - driver] @24-09-2021 12:50:29.0178 PM
[ReportManager] Browser Action [CloseCurrentWindow] successfully performed. @24-09-2021 12:50:29.0243 PM
[ReportManager] Successfully created attachment [Browser Action Test Data - CloseCurrentWindow - Actual Value] @24-09-2021 12:50:29.0244 P
[ReportManager] File Action [GetAbsolutePath] successfully performed. With the following test data [Relative Folder Path: "target/downloadedFiles/"]. @24-09-2021 12:50:29.0253 PM
[ReportManager] Attempting to run remotely on: [Linux-64], [GoogleChrome], [http://localhost:4444/wd/hub], Headless Execution. @24-09-2021 12:50:29.0253 PM
[ReportManager] Successfully Opened [GoogleChrome]. @24-09-2021 12:50:29.0510 PM
[ReportManager] Target URL: [https://www.google.com/ncr], and after redirection: [https://www.google.com] @24-09-2021 12:50:29.0538 PM
[ReportManager] Initial URL: [data:,] @24-09-2021 12:50:29.0584 PM
[ReportManager] Browser Action [NavigateToURL] successfully performed. With the following test data [https://www.google.com/ncr]. @24-09-2021 12:50:30.0442 P

################################################################################################################################################
Starting Execution:	[11 out of 23] test cases in the current suite
Test Method:		[tests.gui.google.B_Search_FlatTest_SHAFT.searchForQueryAndAssertFirstResultTextIsCorrect]
################################################################################################################################################
[ReportManager] Element Action [Type] successfully performed. With the following test data [SHAFT_Engine]. @24-09-2021 12:50:31.0081 PM
[ReportManager] Element Action [KeyPress] successfully performed. With the following test data [ENTER]. @24-09-2021 12:50:32.0615 PM
[ReportManager] Element Action [GetText] successfully performed. With the following test data [SHAFT_ENGINE is a Test Automation Engine that ... - GitHub]. @24-09-2021 12:50:32.0705 PM
[ReportManager] Loaded Shared OpenCV @24-09-2021 12:50:32.0865 PM
[ReportManager] Assertion Failed: Asserting that the correct first result is displayed @24-09-2021 12:50:32.0921 PM
[ReportManager] Successfully created attachment [Screenshot - 1632487832865_searchForQueryAndAssertFirstResultTextIsCorrect_ValidateElementAttribute_failed] @24-09-2021 12:50:32.0923 PM
[ReportManager] Assertion [ValidateElementAttribute] FAILED. Expected [Value Should be 'MohabMohie' for the 'Text' attribute, element locator 'By.xpath: (//h1[contains(text(),'Search Result')]/following-sibling::div//a/h3)[1]'] and Actual [SHAFT_ENGINE is a Test Automation Engine that ... - GitHub]. Comparison Type [CONTAINS]. Validation Type [POSITIVE]. @24-09-2021 12:50:32.0923 P
[ReportManager] Successfully created attachment [Selenium WebDriver Logs - server] @24-09-2021 12:50:33.0077 PM
[ReportManager] Successfully created attachment [Selenium WebDriver Logs - performance] @24-09-2021 12:50:33.0237 PM
[ReportManager] Successfully created attachment [Selenium WebDriver Logs - driver] @24-09-2021 12:50:33.0480 PM
[ReportManager] Browser Action [CloseCurrentWindow] successfully performed. @24-09-2021 12:50:33.0542 PM
[ReportManager] Successfully created attachment [Browser Action Test Data - CloseCurrentWindow - Actual Value] @24-09-2021 12:50:33.0545 P
[ReportManager] Successfully loaded the following test data file [src/test/resources/TestDataFiles/Google/SimpleSearch.xlsx]. @24-09-2021 12:50:33.0586 PM
[ReportManager] Successfully created attachment [Test Data - Excel] @24-09-2021 12:50:33.0586 P
[ReportManager] File Action [GetAbsolutePath] successfully performed. With the following test data [Relative Folder Path: "target/downloadedFiles/"]. @24-09-2021 12:50:33.0588 PM
[ReportManager] Attempting to run remotely on: [Linux-64], [GoogleChrome], [http://localhost:4444/wd/hub], Headless Execution. @24-09-2021 12:50:33.0588 PM
[ReportManager] Successfully Opened [GoogleChrome]. @24-09-2021 12:50:33.0835 PM
[ReportManager] Target URL: [https://www.google.com/ncr], and after redirection: [https://www.google.com] @24-09-2021 12:50:33.0848 PM
[ReportManager] Initial URL: [data:,] @24-09-2021 12:50:33.0893 PM
[ReportManager] Browser Action [NavigateToURL] successfully performed. With the following test data [https://www.google.com/ncr]. @24-09-2021 12:50:34.0790 P

################################################################################################################################################
Starting Execution:	[12 out of 23] test cases in the current suite
Test Method:		[tests.gui.google.F_Search_PageObjectModel_Fluent.navigateToGoogleHomeAndAssertGoogleLogoIsDisplayed]
################################################################################################################################################
[ReportManager] File Action [DoesFileExist] successfully performed. With the following test data [File Path: "src/test/resources/DynamicObjectRepository/tests_gui_google_F_Search_PageObjectModel_Fluent_navigateToGoogleHomeAndAssertGoogleLogoIsDisplayed_By_xpath_img_id_hplogo_or_alt_Google.png"]. @24-09-2021 12:50:34.0793 PM
[ReportManager] File Action [GetAbsolutePath] successfully performed. With the following test data [Relative Folder Path: "src/test/resources/DynamicObjectRepository/tests_gui_google_F_Search_PageObjectModel_Fluent_navigateToGoogleHomeAndAssertGoogleLogoIsDisplayed_By_xpath_img_id_hplogo_or_alt_Google.png"]. @24-09-2021 12:50:34.0793 PM
[ReportManager] File Action [ReadFromImageFile] successfully performed. With the following test data [File Path: "/home/runner/work/using_SHAFT_ENGINE/using_SHAFT_ENGINE/src/test/resources/DynamicObjectRepository/tests_gui_google_F_Search_PageObjectModel_Fluent_navigateToGoogleHomeAndAssertGoogleLogoIsDisplayed_By_xpath_img_id_hplogo_or_alt_Google.png"]. @24-09-2021 12:50:34.0794 PM
[ReportManager] File Action [DoesFileExist] successfully performed. With the following test data [File Path: "src/test/resources/DynamicObjectRepository/tests_gui_google_F_Search_PageObjectModel_Fluent_navigateToGoogleHomeAndAssertGoogleLogoIsDisplayed_By_xpath_img_id_hplogo_or_alt_Google.png"]. @24-09-2021 12:50:35.0001 PM
[ReportManager] File Action [DoesFileExist] successfully performed. With the following test data [File Path: "src/test/resources/DynamicObjectRepository/tests_gui_google_F_Search_PageObjectModel_Fluent_navigateToGoogleHomeAndAssertGoogleLogoIsDisplayed_By_xpath_img_id_hplogo_or_alt_Google.png"]. @24-09-2021 12:50:35.0001 PM
[ReportManager] Loaded Shared OpenCV @24-09-2021 12:50:35.0001 PM
[ReportManager] Successfully identified the element using AI; OpenCV. @24-09-2021 12:50:35.0004 PM
[ReportManager] Assertion Passed: Asserting that the Google logo is displayed @24-09-2021 12:50:35.0004 PM
[ReportManager] Successfully created attachment [Validation Test Data - Reference Screenshot] @24-09-2021 12:50:35.0005 PM
[ReportManager] Successfully created attachment [Validation Test Data - Actual Screenshot] @24-09-2021 12:50:35.0005 PM
[ReportManager] Assertion [ValidateElementMatches] PASSED. Expected [Element should match the reference screenshot] and Actual [TRUE]. Comparison Type [EXACT_OPENCV]. Validation Type [POSITIVE]. @24-09-2021 12:50:35.0005 P
[ReportManager] Successfully created attachment [Selenium WebDriver Logs - server] @24-09-2021 12:50:35.0095 PM
[ReportManager] Successfully created attachment [Selenium WebDriver Logs - performance] @24-09-2021 12:50:35.0133 PM
[ReportManager] Successfully created attachment [Selenium WebDriver Logs - driver] @24-09-2021 12:50:35.0195 PM
[ReportManager] Browser Action [CloseCurrentWindow] successfully performed. @24-09-2021 12:50:35.0252 PM
[ReportManager] Successfully created attachment [Browser Action Test Data - CloseCurrentWindow - Actual Value] @24-09-2021 12:50:35.0253 P
[ReportManager] File Action [GetAbsolutePath] successfully performed. With the following test data [Relative Folder Path: "target/downloadedFiles/"]. @24-09-2021 12:50:35.0255 PM
[ReportManager] Attempting to run remotely on: [Linux-64], [GoogleChrome], [http://localhost:4444/wd/hub], Headless Execution. @24-09-2021 12:50:35.0256 PM
[ReportManager] Successfully Opened [GoogleChrome]. @24-09-2021 12:50:35.0505 PM
[ReportManager] Target URL: [https://www.google.com/ncr], and after redirection: [https://www.google.com] @24-09-2021 12:50:35.0520 PM
[ReportManager] Initial URL: [data:,] @24-09-2021 12:50:35.0569 PM
[ReportManager] Browser Action [NavigateToURL] successfully performed. With the following test data [https://www.google.com/ncr]. @24-09-2021 12:50:36.0423 P

################################################################################################################################################
Starting Execution:	[13 out of 23] test cases in the current suite
Test Method:		[tests.gui.google.F_Search_PageObjectModel_Fluent.navigateToGoogleHomeAndAssertPageTitle]
################################################################################################################################################
[ReportManager] Browser Action [GetCurrentWindowTitle] successfully performed. With the following test data [Google]. @24-09-2021 12:50:36.0464 PM
[ReportManager] Assertion Passed: Asserting that the page title is Google @24-09-2021 12:50:36.0575 PM
[ReportManager] Successfully created attachment [Screenshot - 1632487836538_navigateToGoogleHomeAndAssertPageTitle_ValidateBrowserAttribute_passed] @24-09-2021 12:50:36.0575 PM
[ReportManager] Assertion [ValidateBrowserAttribute] PASSED. Expected [Value Should be 'Google' for the 'Title' attribute] and Actual [Google]. Comparison Type [EQUALS]. Validation Type [POSITIVE]. @24-09-2021 12:50:36.0575 P
[ReportManager] Successfully created attachment [Selenium WebDriver Logs - server] @24-09-2021 12:50:36.0664 PM
[ReportManager] Successfully created attachment [Selenium WebDriver Logs - performance] @24-09-2021 12:50:36.0699 PM
[ReportManager] Successfully created attachment [Selenium WebDriver Logs - driver] @24-09-2021 12:50:36.0764 PM
[ReportManager] Browser Action [CloseCurrentWindow] successfully performed. @24-09-2021 12:50:36.0823 PM
[ReportManager] Successfully created attachment [Browser Action Test Data - CloseCurrentWindow - Actual Value] @24-09-2021 12:50:36.0823 P
[ReportManager] File Action [GetAbsolutePath] successfully performed. With the following test data [Relative Folder Path: "target/downloadedFiles/"]. @24-09-2021 12:50:36.0825 PM
[ReportManager] Attempting to run remotely on: [Linux-64], [GoogleChrome], [http://localhost:4444/wd/hub], Headless Execution. @24-09-2021 12:50:36.0826 PM
[ReportManager] Successfully Opened [GoogleChrome]. @24-09-2021 12:50:37.0074 PM
[ReportManager] Target URL: [https://www.google.com/ncr], and after redirection: [https://www.google.com] @24-09-2021 12:50:37.0090 PM
[ReportManager] Initial URL: [data:,] @24-09-2021 12:50:37.0163 PM
[ReportManager] Browser Action [NavigateToURL] successfully performed. With the following test data [https://www.google.com/ncr]. @24-09-2021 12:50:38.0655 P

################################################################################################################################################
Starting Execution:	[14 out of 23] test cases in the current suite
Test Method:		[tests.gui.google.F_Search_PageObjectModel_Fluent.searchForQueryAndAssertFirstResultTextIsCorrect]
################################################################################################################################################
[ReportManager] Element Action [Type] successfully performed. With the following test data [SHAFT_Engine]. @24-09-2021 12:50:39.0316 PM
[ReportManager] Element Action [KeyPress] successfully performed. With the following test data [ENTER]. @24-09-2021 12:50:40.0778 PM
[ReportManager] Element Action [GetText] successfully performed. With the following test data [SHAFT_ENGINE is a Test Automation Engine that ... - GitHub]. @24-09-2021 12:50:40.0861 PM
[ReportManager] Loaded Shared OpenCV @24-09-2021 12:50:41.0021 PM
[ReportManager] Assertion Failed: Asserting that the correct first result is displayed @24-09-2021 12:50:41.0082 PM
[ReportManager] Successfully created attachment [Screenshot - 1632487841021_searchForQueryAndAssertFirstResultTextIsCorrect_ValidateElementAttribute_failed] @24-09-2021 12:50:41.0084 PM
[ReportManager] Assertion [ValidateElementAttribute] FAILED. Expected [Value Should be 'MohabMohie' for the 'Text' attribute, element locator 'By.xpath: (//h1[contains(text(),'Search Result')]/following-sibling::div//a/h3)[1]'] and Actual [SHAFT_ENGINE is a Test Automation Engine that ... - GitHub]. Comparison Type [CONTAINS]. Validation Type [POSITIVE]. @24-09-2021 12:50:41.0084 P
[ReportManager] Successfully created attachment [Selenium WebDriver Logs - server] @24-09-2021 12:50:41.0268 PM
[ReportManager] Successfully created attachment [Selenium WebDriver Logs - performance] @24-09-2021 12:50:41.0423 PM
[ReportManager] Successfully created attachment [Selenium WebDriver Logs - driver] @24-09-2021 12:50:41.0627 PM
[ReportManager] Browser Action [CloseCurrentWindow] successfully performed. @24-09-2021 12:50:41.0689 PM
[ReportManager] Successfully created attachment [Browser Action Test Data - CloseCurrentWindow - Actual Value] @24-09-2021 12:50:41.0691 P
[ReportManager] Successfully loaded the following test data file [src/test/resources/TestDataFiles/Google/SimpleSearch.xlsx]. @24-09-2021 12:50:41.0719 PM
[ReportManager] Successfully created attachment [Test Data - Excel] @24-09-2021 12:50:41.0719 P
[ReportManager] File Action [GetAbsolutePath] successfully performed. With the following test data [Relative Folder Path: "target/downloadedFiles/"]. @24-09-2021 12:50:41.0720 PM
[ReportManager] Attempting to run remotely on: [Linux-64], [GoogleChrome], [http://localhost:4444/wd/hub], Headless Execution. @24-09-2021 12:50:41.0720 PM
[ReportManager] Successfully Opened [GoogleChrome]. @24-09-2021 12:50:41.0977 PM
[ReportManager] Target URL: [https://www.google.com/ncr], and after redirection: [https://www.google.com] @24-09-2021 12:50:41.0998 PM
[ReportManager] Initial URL: [data:,] @24-09-2021 12:50:42.0041 PM
[ReportManager] Browser Action [NavigateToURL] successfully performed. With the following test data [https://www.google.com/ncr]. @24-09-2021 12:50:42.0899 P

################################################################################################################################################
Starting Execution:	[15 out of 23] test cases in the current suite
Test Method:		[tests.gui.google.G_Search_PageObjectModel_ThreadSafe.navigateToGoogleHomeAndAssertGoogleLogoIsDisplayed]
################################################################################################################################################
[ReportManager] File Action [DoesFileExist] successfully performed. With the following test data [File Path: "src/test/resources/DynamicObjectRepository/tests_gui_google_G_Search_PageObjectModel_ThreadSafe_navigateToGoogleHomeAndAssertGoogleLogoIsDisplayed_By_xpath_img_id_hplogo_or_alt_Google.png"]. @24-09-2021 12:50:42.0908 PM
[ReportManager] File Action [GetAbsolutePath] successfully performed. With the following test data [Relative Folder Path: "src/test/resources/DynamicObjectRepository/tests_gui_google_G_Search_PageObjectModel_ThreadSafe_navigateToGoogleHomeAndAssertGoogleLogoIsDisplayed_By_xpath_img_id_hplogo_or_alt_Google.png"]. @24-09-2021 12:50:42.0909 PM
[ReportManager] File Action [ReadFromImageFile] successfully performed. With the following test data [File Path: "/home/runner/work/using_SHAFT_ENGINE/using_SHAFT_ENGINE/src/test/resources/DynamicObjectRepository/tests_gui_google_G_Search_PageObjectModel_ThreadSafe_navigateToGoogleHomeAndAssertGoogleLogoIsDisplayed_By_xpath_img_id_hplogo_or_alt_Google.png"]. @24-09-2021 12:50:42.0909 PM
[ReportManager] File Action [DoesFileExist] successfully performed. With the following test data [File Path: "src/test/resources/DynamicObjectRepository/tests_gui_google_G_Search_PageObjectModel_ThreadSafe_navigateToGoogleHomeAndAssertGoogleLogoIsDisplayed_By_xpath_img_id_hplogo_or_alt_Google.png"]. @24-09-2021 12:50:43.0085 PM
[ReportManager] File Action [DoesFileExist] successfully performed. With the following test data [File Path: "src/test/resources/DynamicObjectRepository/tests_gui_google_G_Search_PageObjectModel_ThreadSafe_navigateToGoogleHomeAndAssertGoogleLogoIsDisplayed_By_xpath_img_id_hplogo_or_alt_Google.png"]. @24-09-2021 12:50:43.0086 PM
[ReportManager] Loaded Shared OpenCV @24-09-2021 12:50:43.0087 PM
[ReportManager] Successfully identified the element using AI; OpenCV. @24-09-2021 12:50:43.0089 PM
[ReportManager] Assertion Passed: Asserting that the Google logo is displayed @24-09-2021 12:50:43.0090 PM
[ReportManager] Successfully created attachment [Validation Test Data - Reference Screenshot] @24-09-2021 12:50:43.0090 PM
[ReportManager] Successfully created attachment [Validation Test Data - Actual Screenshot] @24-09-2021 12:50:43.0090 PM
[ReportManager] Assertion [ValidateElementMatches] PASSED. Expected [Element should match the reference screenshot] and Actual [TRUE]. Comparison Type [EXACT_OPENCV]. Validation Type [POSITIVE]. @24-09-2021 12:50:43.0090 P
[ReportManager] Successfully created attachment [Selenium WebDriver Logs - server] @24-09-2021 12:50:43.0179 PM
[ReportManager] Successfully created attachment [Selenium WebDriver Logs - performance] @24-09-2021 12:50:43.0209 PM
[ReportManager] Successfully created attachment [Selenium WebDriver Logs - driver] @24-09-2021 12:50:43.0271 PM
[ReportManager] Browser Action [CloseCurrentWindow] successfully performed. @24-09-2021 12:50:43.0329 PM
[ReportManager] Successfully created attachment [Browser Action Test Data - CloseCurrentWindow - Actual Value] @24-09-2021 12:50:43.0329 P
[ReportManager] File Action [GetAbsolutePath] successfully performed. With the following test data [Relative Folder Path: "target/downloadedFiles/"]. @24-09-2021 12:50:43.0331 PM
[ReportManager] Attempting to run remotely on: [Linux-64], [GoogleChrome], [http://localhost:4444/wd/hub], Headless Execution. @24-09-2021 12:50:43.0332 PM
[ReportManager] Successfully Opened [GoogleChrome]. @24-09-2021 12:50:43.0554 PM
[ReportManager] Target URL: [https://www.google.com/ncr], and after redirection: [https://www.google.com] @24-09-2021 12:50:43.0566 PM
[ReportManager] Initial URL: [data:,] @24-09-2021 12:50:43.0619 PM
[ReportManager] Browser Action [NavigateToURL] successfully performed. With the following test data [https://www.google.com/ncr]. @24-09-2021 12:50:44.0438 P

################################################################################################################################################
Starting Execution:	[16 out of 23] test cases in the current suite
Test Method:		[tests.gui.google.G_Search_PageObjectModel_ThreadSafe.navigateToGoogleHomeAndAssertPageTitle]
################################################################################################################################################
[ReportManager] Browser Action [GetCurrentWindowTitle] successfully performed. With the following test data [Google]. @24-09-2021 12:50:44.0475 PM
[ReportManager] Assertion Passed: Asserting that the page title is Google @24-09-2021 12:50:44.0591 PM
[ReportManager] Successfully created attachment [Screenshot - 1632487844555_navigateToGoogleHomeAndAssertPageTitle_ValidateBrowserAttribute_passed] @24-09-2021 12:50:44.0592 PM
[ReportManager] Assertion [ValidateBrowserAttribute] PASSED. Expected [Value Should be 'Google' for the 'Title' attribute] and Actual [Google]. Comparison Type [EQUALS]. Validation Type [POSITIVE]. @24-09-2021 12:50:44.0592 P
[ReportManager] Successfully created attachment [Selenium WebDriver Logs - server] @24-09-2021 12:50:44.0678 PM
[ReportManager] Successfully created attachment [Selenium WebDriver Logs - performance] @24-09-2021 12:50:44.0709 PM
[ReportManager] Successfully created attachment [Selenium WebDriver Logs - driver] @24-09-2021 12:50:44.0775 PM
[ReportManager] Browser Action [CloseCurrentWindow] successfully performed. @24-09-2021 12:50:44.0834 PM
[ReportManager] Successfully created attachment [Browser Action Test Data - CloseCurrentWindow - Actual Value] @24-09-2021 12:50:44.0835 P
[ReportManager] File Action [GetAbsolutePath] successfully performed. With the following test data [Relative Folder Path: "target/downloadedFiles/"]. @24-09-2021 12:50:44.0838 PM
[ReportManager] Attempting to run remotely on: [Linux-64], [GoogleChrome], [http://localhost:4444/wd/hub], Headless Execution. @24-09-2021 12:50:44.0839 PM
[ReportManager] Successfully Opened [GoogleChrome]. @24-09-2021 12:50:45.0090 PM
[ReportManager] Target URL: [https://www.google.com/ncr], and after redirection: [https://www.google.com] @24-09-2021 12:50:45.0113 PM
[ReportManager] Initial URL: [data:,] @24-09-2021 12:50:45.0182 PM
[ReportManager] Browser Action [NavigateToURL] successfully performed. With the following test data [https://www.google.com/ncr]. @24-09-2021 12:50:45.0974 P

################################################################################################################################################
Starting Execution:	[17 out of 23] test cases in the current suite
Test Method:		[tests.gui.google.G_Search_PageObjectModel_ThreadSafe.searchForQueryAndAssertFirstResultTextIsCorrect]
################################################################################################################################################
[ReportManager] Element Action [Type] successfully performed. With the following test data [SHAFT_Engine]. @24-09-2021 12:50:46.0644 PM
[ReportManager] Element Action [KeyPress] successfully performed. With the following test data [ENTER]. @24-09-2021 12:50:47.0701 PM
[ReportManager] Element Action [GetText] successfully performed. With the following test data [SHAFT_ENGINE is a Test Automation Engine that ... - GitHub]. @24-09-2021 12:50:47.0800 PM
[ReportManager] Loaded Shared OpenCV @24-09-2021 12:50:48.0318 PM
[ReportManager] Assertion Failed: Asserting that the correct first result is displayed @24-09-2021 12:50:48.0377 PM
[ReportManager] Successfully created attachment [Screenshot - 1632487848318_searchForQueryAndAssertFirstResultTextIsCorrect_ValidateElementAttribute_failed] @24-09-2021 12:50:48.0378 PM
[ReportManager] Assertion [ValidateElementAttribute] FAILED. Expected [Value Should be 'MohabMohie' for the 'Text' attribute, element locator 'By.xpath: (//h1[contains(text(),'Search Result')]/following-sibling::div//a/h3)[1]'] and Actual [SHAFT_ENGINE is a Test Automation Engine that ... - GitHub]. Comparison Type [CONTAINS]. Validation Type [POSITIVE]. @24-09-2021 12:50:48.0378 P
[ReportManager] Successfully created attachment [Selenium WebDriver Logs - server] @24-09-2021 12:50:48.0551 PM
[ReportManager] Successfully created attachment [Selenium WebDriver Logs - performance] @24-09-2021 12:50:48.0690 PM
[ReportManager] Successfully created attachment [Selenium WebDriver Logs - driver] @24-09-2021 12:50:48.0883 PM
[ReportManager] Browser Action [CloseCurrentWindow] successfully performed. @24-09-2021 12:50:48.0944 PM
[ReportManager] Successfully created attachment [Browser Action Test Data - CloseCurrentWindow - Actual Value] @24-09-2021 12:50:48.0946 P



################################################################################################################################################
Starting Execution:	[18 out of 23] test cases in the current suite
Test Method:		[tests.gui.google.A_Search_FlatTest_NativeSeleniumWebDriver.navigateToGoogleHomeAndAssertGoogleLogoIsDisplayed]
###############################################################################################################################################



################################################################################################################################################
Starting Execution:	[19 out of 23] test cases in the current suite
Test Method:		[tests.gui.google.A_Search_FlatTest_NativeSeleniumWebDriver.navigateToGoogleHomeAndAssertPageTitle]
###############################################################################################################################################



################################################################################################################################################
Starting Execution:	[20 out of 23] test cases in the current suite
Test Method:		[tests.gui.google.A_Search_FlatTest_NativeSeleniumWebDriver.searchForQueryAndAssertFirstResultTextIsCorrect]
###############################################################################################################################################

[ReportManager] Successfully loaded the following test data file [src/test/resources/TestDataFiles/Google/SimpleSearch.xlsx]. @24-09-2021 12:50:51.0015 PM
[ReportManager] Successfully created attachment [Test Data - Excel] @24-09-2021 12:50:51.0015 P
[ReportManager] File Action [GetAbsolutePath] successfully performed. With the following test data [Relative Folder Path: "target/downloadedFiles/"]. @24-09-2021 12:50:51.0016 PM
[ReportManager] Attempting to run remotely on: [Linux-64], [GoogleChrome], [http://localhost:4444/wd/hub], Headless Execution. @24-09-2021 12:50:51.0016 PM
[ReportManager] Successfully Opened [GoogleChrome]. @24-09-2021 12:50:51.0341 PM
[ReportManager] Target URL: [https://www.google.com/ncr], and after redirection: [https://www.google.com] @24-09-2021 12:50:51.0363 PM
[ReportManager] Initial URL: [data:,] @24-09-2021 12:50:51.0410 PM
[ReportManager] Browser Action [NavigateToURL] successfully performed. With the following test data [https://www.google.com/ncr]. @24-09-2021 12:50:52.0255 P

################################################################################################################################################
Starting Execution:	[21 out of 23] test cases in the current suite
Test Method:		[tests.gui.google.D_Search_PageObjectModel_Traditional_DataDriven.navigateToGoogleHomeAndAssertGoogleLogoIsDisplayed]
################################################################################################################################################
[ReportManager] Element Action [IsElementDisplayed] successfully performed. @24-09-2021 12:50:52.0369 PM
[ReportManager] Assertion Passed: Asserting that the Google logo is displayed @24-09-2021 12:50:52.0370 PM
[ReportManager] Assertion [ValidateTrue] PASSED. Expected [TRUE] and Actual [TRUE]. Validation Type [POSITIVE]. @24-09-2021 12:50:52.0370 P
[ReportManager] Successfully created attachment [Selenium WebDriver Logs - server] @24-09-2021 12:50:52.0465 PM
[ReportManager] Successfully created attachment [Selenium WebDriver Logs - performance] @24-09-2021 12:50:52.0496 PM
[ReportManager] Successfully created attachment [Selenium WebDriver Logs - driver] @24-09-2021 12:50:52.0559 PM
[ReportManager] Browser Action [CloseCurrentWindow] successfully performed. @24-09-2021 12:50:52.0618 PM
[ReportManager] Successfully created attachment [Browser Action Test Data - CloseCurrentWindow - Actual Value] @24-09-2021 12:50:52.0619 P
[ReportManager] File Action [GetAbsolutePath] successfully performed. With the following test data [Relative Folder Path: "target/downloadedFiles/"]. @24-09-2021 12:50:52.0621 PM
[ReportManager] Attempting to run remotely on: [Linux-64], [GoogleChrome], [http://localhost:4444/wd/hub], Headless Execution. @24-09-2021 12:50:52.0621 PM
[ReportManager] Successfully Opened [GoogleChrome]. @24-09-2021 12:50:52.0842 PM
[ReportManager] Target URL: [https://www.google.com/ncr], and after redirection: [https://www.google.com] @24-09-2021 12:50:52.0853 PM
[ReportManager] Initial URL: [data:,] @24-09-2021 12:50:52.0922 PM
[ReportManager] Browser Action [NavigateToURL] successfully performed. With the following test data [https://www.google.com/ncr]. @24-09-2021 12:50:53.0735 P

################################################################################################################################################
Starting Execution:	[22 out of 23] test cases in the current suite
Test Method:		[tests.gui.google.D_Search_PageObjectModel_Traditional_DataDriven.navigateToGoogleHomeAndAssertPageTitle]
################################################################################################################################################
[ReportManager] Browser Action [GetCurrentWindowTitle] successfully performed. With the following test data [Google]. @24-09-2021 12:50:53.0776 PM
[ReportManager] Assertion Passed: Asserting that the page title is Google @24-09-2021 12:50:53.0776 PM
[ReportManager] Assertion [ValidateEquals] PASSED. Expected [Google] and Actual [Google]. Comparison Type [EQUALS]. Validation Type [POSITIVE]. @24-09-2021 12:50:53.0776 P
[ReportManager] Successfully created attachment [Selenium WebDriver Logs - server] @24-09-2021 12:50:53.0900 PM
[ReportManager] Successfully created attachment [Selenium WebDriver Logs - performance] @24-09-2021 12:50:53.0932 PM
[ReportManager] Successfully created attachment [Selenium WebDriver Logs - driver] @24-09-2021 12:50:53.0997 PM
[ReportManager] Browser Action [CloseCurrentWindow] successfully performed. @24-09-2021 12:50:54.0058 PM
[ReportManager] Successfully created attachment [Browser Action Test Data - CloseCurrentWindow - Actual Value] @24-09-2021 12:50:54.0060 P
[ReportManager] File Action [GetAbsolutePath] successfully performed. With the following test data [Relative Folder Path: "target/downloadedFiles/"]. @24-09-2021 12:50:54.0063 PM
[ReportManager] Attempting to run remotely on: [Linux-64], [GoogleChrome], [http://localhost:4444/wd/hub], Headless Execution. @24-09-2021 12:50:54.0063 PM
[ReportManager] Successfully Opened [GoogleChrome]. @24-09-2021 12:50:54.0322 PM
[ReportManager] Target URL: [https://www.google.com/ncr], and after redirection: [https://www.google.com] @24-09-2021 12:50:54.0333 PM
[ReportManager] Initial URL: [data:,] @24-09-2021 12:50:54.0372 PM
[ReportManager] Browser Action [NavigateToURL] successfully performed. With the following test data [https://www.google.com/ncr]. @24-09-2021 12:50:55.0163 P

################################################################################################################################################
Starting Execution:	[23 out of 23] test cases in the current suite
Test Method:		[tests.gui.google.D_Search_PageObjectModel_Traditional_DataDriven.searchForQueryAndAssertFirstResultTextIsCorrect]
################################################################################################################################################
[ReportManager] Element Action [Type] successfully performed. With the following test data [SHAFT_Engine]. @24-09-2021 12:50:55.0814 PM
[ReportManager] Element Action [KeyPress] successfully performed. With the following test data [ENTER]. @24-09-2021 12:50:57.0403 PM
[ReportManager] Element Action [GetText] successfully performed. With the following test data [SHAFT_ENGINE is a Test Automation Engine that ... - GitHub]. @24-09-2021 12:50:57.0487 PM
[ReportManager] Assertion Failed: Asserting that the correct first result is displayed @24-09-2021 12:50:57.0487 PM
[ReportManager] Assertion [ValidateEquals] FAILED. Expected [MohabMohie] and Actual [SHAFT_ENGINE is a Test Automation Engine that ... - GitHub]. Comparison Type [CONTAINS]. Validation Type [POSITIVE]. @24-09-2021 12:50:57.0488 P
[ReportManager] Successfully created attachment [Selenium WebDriver Logs - server] @24-09-2021 12:50:57.0658 PM
[ReportManager] Successfully created attachment [Selenium WebDriver Logs - performance] @24-09-2021 12:50:57.0851 PM
[ReportManager] Successfully created attachment [Selenium WebDriver Logs - driver] @24-09-2021 12:50:58.0070 PM
[ReportManager] Browser Action [CloseCurrentWindow] successfully performed. @24-09-2021 12:50:58.0101 PM
[ReportManager] Successfully created attachment [Browser Action Test Data - CloseCurrentWindow - Actual Value] @24-09-2021 12:50:58.0106 P

################################################################################################################################################
Test Closure Activities
################################################################################################################################################
[ReportManager] Successfully created attachment [SHAFT Engine Logs - Execution log] @24-09-2021 12:50:58.0138 PM

################################################################################################################################################
This test run was powered by SHAFT Engine Version: [SHAFT Engine v5.3.20210902]
SHAFT Engine is licensed under the MIT License: [https://github.com/MohabMohie/SHAFT_ENGINE/blob/master/LICENSE].
################################################################################################################################################