{
  "uid" : "4b4757e66a1912dae1a509f688f20b0f",
  "children" : [ {
    "name" : "Product defects",
    "children" : [ {
      "name" : "Assertion [ValidateEquals] FAILED. Expected [MohabMohie] and Actual [SHAFT_ENGINE is a Test Automation Engine that ... - GitHub]. Comparison Type [CONTAINS]. Validation Type [POSITIVE].",
      "children" : [ {
        "name" : "searchForQueryAndAssertFirstResultTextIsCorrect",
        "uid" : "88901e30dcce5b2e",
        "parentUid" : "560f4ba7520edf3654889622d1ec21d5",
        "status" : "failed",
        "time" : {
          "start" : 1633178830612,
          "stop" : 1633178833253,
          "duration" : 2641
        },
        "flaky" : false,
        "newFailed" : false,
        "parameters" : [ ]
      }, {
        "name" : "searchForQueryAndAssertFirstResultTextIsCorrect",
        "uid" : "39327d475733fb62",
        "parentUid" : "560f4ba7520edf3654889622d1ec21d5",
        "status" : "failed",
        "time" : {
          "start" : 1633178877370,
          "stop" : 1633178879737,
          "duration" : 2367
        },
        "flaky" : false,
        "newFailed" : false,
        "parameters" : [ ]
      } ],
      "uid" : "560f4ba7520edf3654889622d1ec21d5"
    }, {
      "name" : "Assertion [ValidateElementAttribute] FAILED. Expected [Value Should be 'MohabMohie' for the 'Text' attribute, element locator 'By.xpath: (//h1[contains(text(),'Search Result')]/following-sibling::div//a/h3)[1]'] and Actual [SHAFT_ENGINE is a Test Automation Engine that ... - GitHub]. Comparison Type [CONTAINS]. Validation Type [POSITIVE].",
      "children" : [ {
        "name" : "searchForQueryAndAssertFirstResultTextIsCorrect",
        "uid" : "7ecef992c830c641",
        "parentUid" : "7ec2ccc38aacde760e1a17d26c12f1c8",
        "status" : "failed",
        "time" : {
          "start" : 1633178840478,
          "stop" : 1633178843093,
          "duration" : 2615
        },
        "flaky" : false,
        "newFailed" : false,
        "parameters" : [ ]
      }, {
        "name" : "searchForQueryAndAssertFirstResultTextIsCorrect",
        "uid" : "66beb0d3386e8b65",
        "parentUid" : "7ec2ccc38aacde760e1a17d26c12f1c8",
        "status" : "failed",
        "time" : {
          "start" : 1633178848308,
          "stop" : 1633178850952,
          "duration" : 2644
        },
        "flaky" : false,
        "newFailed" : false,
        "parameters" : [ ]
      }, {
        "name" : "searchForQueryAndAssertFirstResultTextIsCorrect",
        "uid" : "7b5a6a59e3d79319",
        "parentUid" : "7ec2ccc38aacde760e1a17d26c12f1c8",
        "status" : "failed",
        "time" : {
          "start" : 1633178856071,
          "stop" : 1633178860205,
          "duration" : 4134
        },
        "flaky" : false,
        "newFailed" : false,
        "parameters" : [ ]
      }, {
        "name" : "searchForQueryAndAssertFirstResultTextIsCorrect",
        "uid" : "c64454827fa1f08e",
        "parentUid" : "7ec2ccc38aacde760e1a17d26c12f1c8",
        "status" : "failed",
        "time" : {
          "start" : 1633178865148,
          "stop" : 1633178867776,
          "duration" : 2628
        },
        "flaky" : false,
        "newFailed" : false,
        "parameters" : [ ]
      } ],
      "uid" : "7ec2ccc38aacde760e1a17d26c12f1c8"
    } ],
    "uid" : "8fb3a91ba5aaf9de24cc8a92edc82b5d"
  }, {
    "name" : "Test defects",
    "children" : [ {
      "name" : "unknown error: Chrome failed to start: exited abnormally.\n  (unknown error: DevToolsActivePort file doesn't exist)\n  (The process started from chrome location /usr/bin/google-chrome is no longer running, so ChromeDriver is assuming that Chrome has crashed.)\nBuild info: version: '3.141.59', revision: 'e82be7d358', time: '2018-11-14T08:17:03'\nSystem info: host: 'fv-az292-147', ip: '10.1.0.35', os.name: 'Linux', os.arch: 'amd64', os.version: '5.8.0-1042-azure', java.version: '16.0.2'\nDriver info: driver.version: A_Search_FlatTest_NativeSeleniumWebDriver\nremote stacktrace: #0 0x558f72b738f3 <unknown>\n#1 0x558f72658ba8 <unknown>\n#2 0x558f7267be33 <unknown>\n#3 0x558f726779ef <unknown>\n#4 0x558f726b1995 <unknown>\n#5 0x558f726abd63 <unknown>\n#6 0x558f72682144 <unknown>\n#7 0x558f72683135 <unknown>\n#8 0x558f72ba2c3e <unknown>\n#9 0x558f72bb86b7 <unknown>\n#10 0x558f72ba3b95 <unknown>\n#11 0x558f72bb9b05 <unknown>\n#12 0x558f72b982ab <unknown>\n#13 0x558f72bd4248 <unknown>\n#14 0x558f72bd43c8 <unknown>\n#15 0x558f72bef33d <unknown>\n#16 0x7f7b41d1d609 start_thread\n",
      "children" : [ {
        "name" : "beforeMethod",
        "uid" : "b58770baefc12eb6",
        "parentUid" : "c58b6c7a6c8fbb1e179d484d96fdd586",
        "status" : "broken",
        "time" : {
          "start" : 1633178873158,
          "stop" : 1633178873170,
          "duration" : 12
        },
        "flaky" : false,
        "newFailed" : false,
        "parameters" : [ ]
      } ],
      "uid" : "c58b6c7a6c8fbb1e179d484d96fdd586"
    } ],
    "uid" : "bdbf199525818fae7a8651db9eafe741"
  } ],
  "name" : "categories"
}