{
  "uid" : "4b4757e66a1912dae1a509f688f20b0f",
  "children" : [ {
    "name" : "Product defects",
    "children" : [ {
      "name" : "Assertion [ValidateEquals] FAILED. Expected [MohabMohie] and Actual [SHAFT_ENGINE is a Test Automation Engine that ... - GitHub]. Comparison Type [CONTAINS]. Validation Type [POSITIVE].",
      "children" : [ {
        "name" : "searchForQueryAndAssertFirstResultTextIsCorrect",
        "uid" : "b803265f34a16141",
        "parentUid" : "560f4ba7520edf3654889622d1ec21d5",
        "status" : "failed",
        "time" : {
          "start" : 1632638212354,
          "stop" : 1632638214866,
          "duration" : 2512
        },
        "flaky" : false,
        "newFailed" : false,
        "parameters" : [ ]
      }, {
        "name" : "searchForQueryAndAssertFirstResultTextIsCorrect",
        "uid" : "a60170565515c7e2",
        "parentUid" : "560f4ba7520edf3654889622d1ec21d5",
        "status" : "failed",
        "time" : {
          "start" : 1632638257661,
          "stop" : 1632638260326,
          "duration" : 2665
        },
        "flaky" : false,
        "newFailed" : false,
        "parameters" : [ ]
      } ],
      "uid" : "560f4ba7520edf3654889622d1ec21d5"
    }, {
      "name" : "Assertion [ValidateElementAttribute] FAILED. Expected [Value Should be 'MohabMohie' for the 'Text' attribute, element locator 'By.xpath: (//h1[contains(text(),'Search Result')]/following-sibling::div//a/h3)[1]'] and Actual [SHAFT_ENGINE is a Test Automation Engine that ... - GitHub]. Comparison Type [CONTAINS]. Validation Type [POSITIVE].",
      "children" : [ {
        "name" : "searchForQueryAndAssertFirstResultTextIsCorrect",
        "uid" : "5fd84370d676b65a",
        "parentUid" : "7ec2ccc38aacde760e1a17d26c12f1c8",
        "status" : "failed",
        "time" : {
          "start" : 1632638222954,
          "stop" : 1632638225624,
          "duration" : 2670
        },
        "flaky" : false,
        "newFailed" : false,
        "parameters" : [ ]
      }, {
        "name" : "searchForQueryAndAssertFirstResultTextIsCorrect",
        "uid" : "4e9a3c0221b5c1a2",
        "parentUid" : "7ec2ccc38aacde760e1a17d26c12f1c8",
        "status" : "failed",
        "time" : {
          "start" : 1632638231481,
          "stop" : 1632638233986,
          "duration" : 2505
        },
        "flaky" : false,
        "newFailed" : false,
        "parameters" : [ ]
      }, {
        "name" : "searchForQueryAndAssertFirstResultTextIsCorrect",
        "uid" : "fcb4253506232885",
        "parentUid" : "7ec2ccc38aacde760e1a17d26c12f1c8",
        "status" : "failed",
        "time" : {
          "start" : 1632638239505,
          "stop" : 1632638242135,
          "duration" : 2630
        },
        "flaky" : false,
        "newFailed" : false,
        "parameters" : [ ]
      }, {
        "name" : "searchForQueryAndAssertFirstResultTextIsCorrect",
        "uid" : "f7dc884d82913b54",
        "parentUid" : "7ec2ccc38aacde760e1a17d26c12f1c8",
        "status" : "failed",
        "time" : {
          "start" : 1632638247615,
          "stop" : 1632638250324,
          "duration" : 2709
        },
        "flaky" : false,
        "newFailed" : false,
        "parameters" : [ ]
      } ],
      "uid" : "7ec2ccc38aacde760e1a17d26c12f1c8"
    } ],
    "uid" : "8fb3a91ba5aaf9de24cc8a92edc82b5d"
  }, {
    "name" : "Test defects",
    "children" : [ {
      "name" : "unknown error: Chrome failed to start: exited abnormally.\n  (unknown error: DevToolsActivePort file doesn't exist)\n  (The process started from chrome location /usr/bin/google-chrome is no longer running, so ChromeDriver is assuming that Chrome has crashed.)\nBuild info: version: '3.141.59', revision: 'e82be7d358', time: '2018-11-14T08:17:03'\nSystem info: host: 'fv-az213-905', ip: '10.1.0.218', os.name: 'Linux', os.arch: 'amd64', os.version: '5.8.0-1041-azure', java.version: '16.0.2'\nDriver info: driver.version: A_Search_FlatTest_NativeSeleniumWebDriver\nremote stacktrace: #0 0x564679c32583 <unknown>\n#1 0x5646799a6a38 <unknown>\n#2 0x5646799c9923 <unknown>\n#3 0x5646799c54df <unknown>\n#4 0x5646799ff1e2 <unknown>\n#5 0x5646799f9643 <unknown>\n#6 0x5646799cfb94 <unknown>\n#7 0x5646799d0b85 <unknown>\n#8 0x564679c62c6e <unknown>\n#9 0x564679c78975 <unknown>\n#10 0x564679c63bc5 <unknown>\n#11 0x564679c79fb5 <unknown>\n#12 0x564679c5884b <unknown>\n#13 0x564679c95248 <unknown>\n#14 0x564679c953c8 <unknown>\n#15 0x564679caf73d <unknown>\n#16 0x7f83bd2bf609 start_thread\n",
      "children" : [ {
        "name" : "beforeMethod",
        "uid" : "6ff4f45beac494a1",
        "parentUid" : "5604a72cfb60bc765221886f329ea0d1",
        "status" : "broken",
        "time" : {
          "start" : 1632638253014,
          "stop" : 1632638253015,
          "duration" : 1
        },
        "flaky" : false,
        "newFailed" : false,
        "parameters" : [ ]
      } ],
      "uid" : "5604a72cfb60bc765221886f329ea0d1"
    } ],
    "uid" : "bdbf199525818fae7a8651db9eafe741"
  } ],
  "name" : "categories"
}