{
  "uid" : "4b4757e66a1912dae1a509f688f20b0f",
  "children" : [ {
    "name" : "Product defects",
    "children" : [ {
      "name" : "Assertion [ValidateEquals] FAILED. Expected [MohabMohie] and Actual [SHAFT_ENGINE is a Test Automation Engine that ... - GitHub]. Comparison Type [CONTAINS]. Validation Type [POSITIVE].",
      "children" : [ {
        "name" : "searchForQueryAndAssertFirstResultTextIsCorrect",
        "uid" : "d91f2b6afdb639b6",
        "parentUid" : "560f4ba7520edf3654889622d1ec21d5",
        "status" : "failed",
        "time" : {
          "start" : 1631882996539,
          "stop" : 1631882998836,
          "duration" : 2297
        },
        "flaky" : false,
        "newFailed" : false,
        "parameters" : [ ]
      }, {
        "name" : "searchForQueryAndAssertFirstResultTextIsCorrect",
        "uid" : "7bb0cb7d1964c8ac",
        "parentUid" : "560f4ba7520edf3654889622d1ec21d5",
        "status" : "failed",
        "time" : {
          "start" : 1631883041036,
          "stop" : 1631883043349,
          "duration" : 2313
        },
        "flaky" : false,
        "newFailed" : false,
        "parameters" : [ ]
      } ],
      "uid" : "560f4ba7520edf3654889622d1ec21d5"
    }, {
      "name" : "Assertion [ValidateElementAttribute] FAILED. Expected [Value Should be 'MohabMohie' for the 'Text' attribute, element locator 'By.xpath: (//h1[contains(text(),'Search Result')]/following-sibling::div//a/h3)[1]'] and Actual [SHAFT_ENGINE is a Test Automation Engine that ... - GitHub]. Comparison Type [CONTAINS]. Validation Type [POSITIVE].",
      "children" : [ {
        "name" : "searchForQueryAndAssertFirstResultTextIsCorrect",
        "uid" : "db8bc88ed69db3c1",
        "parentUid" : "7ec2ccc38aacde760e1a17d26c12f1c8",
        "status" : "failed",
        "time" : {
          "start" : 1631883007262,
          "stop" : 1631883009905,
          "duration" : 2643
        },
        "flaky" : false,
        "newFailed" : false,
        "parameters" : [ ]
      }, {
        "name" : "searchForQueryAndAssertFirstResultTextIsCorrect",
        "uid" : "f8b5d47053e87d21",
        "parentUid" : "7ec2ccc38aacde760e1a17d26c12f1c8",
        "status" : "failed",
        "time" : {
          "start" : 1631883015611,
          "stop" : 1631883018039,
          "duration" : 2428
        },
        "flaky" : false,
        "newFailed" : false,
        "parameters" : [ ]
      }, {
        "name" : "searchForQueryAndAssertFirstResultTextIsCorrect",
        "uid" : "8df801b5f738a437",
        "parentUid" : "7ec2ccc38aacde760e1a17d26c12f1c8",
        "status" : "failed",
        "time" : {
          "start" : 1631883023615,
          "stop" : 1631883026009,
          "duration" : 2394
        },
        "flaky" : false,
        "newFailed" : false,
        "parameters" : [ ]
      }, {
        "name" : "searchForQueryAndAssertFirstResultTextIsCorrect",
        "uid" : "be6a3a496c600549",
        "parentUid" : "7ec2ccc38aacde760e1a17d26c12f1c8",
        "status" : "failed",
        "time" : {
          "start" : 1631883031322,
          "stop" : 1631883033868,
          "duration" : 2546
        },
        "flaky" : false,
        "newFailed" : false,
        "parameters" : [ ]
      } ],
      "uid" : "7ec2ccc38aacde760e1a17d26c12f1c8"
    } ],
    "uid" : "8fb3a91ba5aaf9de24cc8a92edc82b5d"
  }, {
    "name" : "Test defects",
    "children" : [ {
      "name" : "unknown error: Chrome failed to start: exited abnormally.\n  (unknown error: DevToolsActivePort file doesn't exist)\n  (The process started from chrome location /usr/bin/google-chrome is no longer running, so ChromeDriver is assuming that Chrome has crashed.)\nBuild info: version: '3.141.59', revision: 'e82be7d358', time: '2018-11-14T08:17:03'\nSystem info: host: 'fv-az292-303', ip: '10.1.0.22', os.name: 'Linux', os.arch: 'amd64', os.version: '5.8.0-1041-azure', java.version: '16.0.2'\nDriver info: driver.version: A_Search_FlatTest_NativeSeleniumWebDriver\nremote stacktrace: #0 0x55a0480d3583 <unknown>\n#1 0x55a047e47a38 <unknown>\n#2 0x55a047e6a923 <unknown>\n#3 0x55a047e664df <unknown>\n#4 0x55a047ea01e2 <unknown>\n#5 0x55a047e9a643 <unknown>\n#6 0x55a047e70b94 <unknown>\n#7 0x55a047e71b85 <unknown>\n#8 0x55a048103c6e <unknown>\n#9 0x55a048119975 <unknown>\n#10 0x55a048104bc5 <unknown>\n#11 0x55a04811afb5 <unknown>\n#12 0x55a0480f984b <unknown>\n#13 0x55a048136248 <unknown>\n#14 0x55a0481363c8 <unknown>\n#15 0x55a04815073d <unknown>\n#16 0x7fb6d9a6b609 start_thread\n",
      "children" : [ {
        "name" : "beforeMethod",
        "uid" : "550f6dbe09f2a98e",
        "parentUid" : "293e4d67d95abad46658af5bfb234bb2",
        "status" : "broken",
        "time" : {
          "start" : 1631883036669,
          "stop" : 1631883036670,
          "duration" : 1
        },
        "flaky" : false,
        "newFailed" : false,
        "parameters" : [ ]
      } ],
      "uid" : "293e4d67d95abad46658af5bfb234bb2"
    } ],
    "uid" : "bdbf199525818fae7a8651db9eafe741"
  } ],
  "name" : "categories"
}