################################################################################################################################################
Detected SHAFT Engine Version: [SHAFT Engine v5.3.20210902]
################################################################################################################################################

################################################################################################################################################
Starting Execution:	[1 out of 23] test cases in the current suite
Test Method:		[tests.cli.demo.cliTest.sampleTestCase]
################################################################################################################################################
[ReportManager] Attempting to perform the following command locally. Command: [ls] @07-10-2021 01:33:08.0180 AM
[ReportManager] Terminal Action [PerformTerminalCommands] successfully performed. With the following test data [Host Name: "localHost" | Command: "ls" | Exit Status: "0"]. @07-10-2021 01:33:08.0197 AM
[ReportManager] Successfully created attachment [Terminal Action Actual Result - Command Log] @07-10-2021 01:33:08.0205 AM
[ReportManager] Assertion Passed: Demoing local terminal actions @07-10-2021 01:33:08.0222 AM
[ReportManager] Assertion [ValidateEquals] PASSED. Expected [pom.xml] and Actual [LICENSE
README.md
allure-results
docker-compose_native.yml
docker-compose_zalenium.yml
extent-reports
pom.xml
readMeImgs
src
target]. Comparison Type [CONTAINS]. Validation Type [POSITIVE]. @07-10-2021 01:33:08.0222 A

################################################################################################################################################
Starting Execution:	[2 out of 23] test cases in the current suite
Test Method:		[tests.api.users.UserData.validateUserEmail]
################################################################################################################################################
[ReportManager] Response status code: [200], status line: [HTTP/1.1 200 OK] @07-10-2021 01:33:11.0241 AM
[ReportManager] Assertion Passed: Evaluating the actual response status code against the expected one... @07-10-2021 01:33:11.0242 AM
[ReportManager] Assertion [ValidateEquals] PASSED. Expected [200] and Actual [200]. Comparison Type [EQUALS]. Validation Type [POSITIVE]. @07-10-2021 01:33:11.0242 AM
[ReportManager] API Action [PerformRequest] successfully performed. With the following test data [Request Type: "GET" | Target Status Code: "200" | Service URL: "https://jsonplaceholder.typicode.com/users" | Content Type: "*/*" | Response Time: "895ms"]. @07-10-2021 01:33:12.0492 AM
[ReportManager] Successfully created attachment [API Request - Specifications] @07-10-2021 01:33:12.0493 AM
[ReportManager] Successfully created attachment [API Response - JSON Body] @07-10-2021 01:33:12.0742 AM
[ReportManager] Assertion [ValidateEquals] PASSED. Expected and Actual values are attached. Comparison Type [CONTAINS]. Validation Type [POSITIVE]. @07-10-2021 01:33:12.0743 AM
[ReportManager] Successfully created attachment [Validation Test Data - Expected Value] @07-10-2021 01:33:12.0746 AM
[ReportManager] Successfully created attachment [Validation Test Data - Actual Value] @07-10-2021 01:33:12.0746 AM
[ReportManager] API Action [GetResponseJSONValueAsList] successfully performed. With the following test data [$]. @07-10-2021 01:33:12.0758 AM
[ReportManager] API Action [GetResponseJSONValue] successfully performed. With the following test data [name]. @07-10-2021 01:33:12.0787 AM
[ReportManager] API Action [GetResponseJSONValue] successfully performed. With the following test data [email]. @07-10-2021 01:33:12.0800 AM
[ReportManager] Assertion [ValidateEquals] PASSED. Expected [Sincere@april.biz] and Actual [Sincere@april.biz]. Comparison Type [EQUALS]. Validation Type [POSITIVE]. @07-10-2021 01:33:12.0800 AM
[ReportManager] API Action [GetResponseJSONValue] successfully performed. With the following test data [name]. @07-10-2021 01:33:12.0813 AM
[ReportManager] API Action [GetResponseJSONValue] successfully performed. With the following test data [name]. @07-10-2021 01:33:12.0826 AM
[ReportManager] API Action [GetResponseJSONValue] successfully performed. With the following test data [name]. @07-10-2021 01:33:12.0838 AM
[ReportManager] API Action [GetResponseJSONValue] successfully performed. With the following test data [name]. @07-10-2021 01:33:12.0850 AM
[ReportManager] API Action [GetResponseJSONValue] successfully performed. With the following test data [name]. @07-10-2021 01:33:12.0864 AM
[ReportManager] API Action [GetResponseJSONValue] successfully performed. With the following test data [name]. @07-10-2021 01:33:12.0876 AM
[ReportManager] API Action [GetResponseJSONValue] successfully performed. With the following test data [name]. @07-10-2021 01:33:12.0888 AM
[ReportManager] API Action [GetResponseJSONValue] successfully performed. With the following test data [name]. @07-10-2021 01:33:12.0900 AM
[ReportManager] API Action [GetResponseJSONValue] successfully performed. With the following test data [name]. @07-10-2021 01:33:12.0911 A
[ReportManager] File Action [GetAbsolutePath] successfully performed. With the following test data [Relative Folder Path: "target/downloadedFiles/"]. @07-10-2021 01:33:12.0941 AM
[ReportManager] Attempting to run remotely on: [Linux-64], [GoogleChrome], [http://localhost:4444/wd/hub], Headless Execution. @07-10-2021 01:33:12.0972 AM
[ReportManager] Successfully Opened [GoogleChrome]. @07-10-2021 01:33:14.0462 AM
[ReportManager] Target URL: [https://www.google.com/ncr], and after redirection: [https://www.google.com] @07-10-2021 01:33:14.0545 AM
[ReportManager] Initial URL: [data:,] @07-10-2021 01:33:14.0683 AM
[ReportManager] Browser Action [NavigateToURL] successfully performed. With the following test data [https://www.google.com/ncr]. @07-10-2021 01:33:16.0532 A

################################################################################################################################################
Starting Execution:	[3 out of 23] test cases in the current suite
Test Method:		[tests.gui.google.C_Search_PageObjectModel_Traditional.navigateToGoogleHomeAndAssertGoogleLogoIsDisplayed]
################################################################################################################################################
[ReportManager] Element Action [IsElementDisplayed] successfully performed. @07-10-2021 01:33:16.0753 AM
[ReportManager] Assertion Passed: Asserting that the Google logo is displayed @07-10-2021 01:33:16.0753 AM
[ReportManager] Assertion [ValidateTrue] PASSED. Expected [TRUE] and Actual [TRUE]. Validation Type [POSITIVE]. @07-10-2021 01:33:16.0754 A
[ReportManager] Browser Action [CloseCurrentWindow] successfully performed. @07-10-2021 01:33:16.0929 AM
[ReportManager] Successfully created attachment [Browser Action Test Data - CloseCurrentWindow - Actual Value] @07-10-2021 01:33:16.0936 A
[ReportManager] File Action [GetAbsolutePath] successfully performed. With the following test data [Relative Folder Path: "target/downloadedFiles/"]. @07-10-2021 01:33:16.0952 AM
[ReportManager] Attempting to run remotely on: [Linux-64], [GoogleChrome], [http://localhost:4444/wd/hub], Headless Execution. @07-10-2021 01:33:16.0953 AM
[ReportManager] Successfully Opened [GoogleChrome]. @07-10-2021 01:33:17.0661 AM
[ReportManager] Target URL: [https://www.google.com/ncr], and after redirection: [https://www.google.com] @07-10-2021 01:33:17.0703 AM
[ReportManager] Initial URL: [data:,] @07-10-2021 01:33:17.0788 AM
[ReportManager] Browser Action [NavigateToURL] successfully performed. With the following test data [https://www.google.com/ncr]. @07-10-2021 01:33:18.0913 A

################################################################################################################################################
Starting Execution:	[4 out of 23] test cases in the current suite
Test Method:		[tests.gui.google.C_Search_PageObjectModel_Traditional.navigateToGoogleHomeAndAssertPageTitle]
################################################################################################################################################
[ReportManager] Browser Action [GetCurrentWindowTitle] successfully performed. With the following test data [Google]. @07-10-2021 01:33:18.0978 AM
[ReportManager] Assertion Passed: Asserting that the page title is Google @07-10-2021 01:33:18.0978 AM
[ReportManager] Assertion [ValidateEquals] PASSED. Expected [Google] and Actual [Google]. Comparison Type [EQUALS]. Validation Type [POSITIVE]. @07-10-2021 01:33:18.0979 A
[ReportManager] Browser Action [CloseCurrentWindow] successfully performed. @07-10-2021 01:33:19.0157 AM
[ReportManager] Successfully created attachment [Browser Action Test Data - CloseCurrentWindow - Actual Value] @07-10-2021 01:33:19.0158 A
[ReportManager] File Action [GetAbsolutePath] successfully performed. With the following test data [Relative Folder Path: "target/downloadedFiles/"]. @07-10-2021 01:33:19.0167 AM
[ReportManager] Attempting to run remotely on: [Linux-64], [GoogleChrome], [http://localhost:4444/wd/hub], Headless Execution. @07-10-2021 01:33:19.0168 AM
[ReportManager] Successfully Opened [GoogleChrome]. @07-10-2021 01:33:19.0955 AM
[ReportManager] Target URL: [https://www.google.com/ncr], and after redirection: [https://www.google.com] @07-10-2021 01:33:19.0998 AM
[ReportManager] Initial URL: [data:,] @07-10-2021 01:33:20.0082 AM
[ReportManager] Browser Action [NavigateToURL] successfully performed. With the following test data [https://www.google.com/ncr]. @07-10-2021 01:33:21.0136 A

################################################################################################################################################
Starting Execution:	[5 out of 23] test cases in the current suite
Test Method:		[tests.gui.google.C_Search_PageObjectModel_Traditional.searchForQueryAndAssertFirstResultTextIsCorrect]
################################################################################################################################################
[ReportManager] Element Action [Type] successfully performed. With the following test data [SHAFT_Engine]. @07-10-2021 01:33:21.0967 AM
[ReportManager] Element Action [KeyPress] successfully performed. With the following test data [ENTER]. @07-10-2021 01:33:23.0616 AM
[ReportManager] Element Action [GetText] successfully performed. With the following test data [SHAFT_ENGINE is a Test Automation Engine that ... - GitHub]. @07-10-2021 01:33:23.0752 AM
[ReportManager] Assertion Failed: Asserting that the correct first result is displayed @07-10-2021 01:33:23.0754 AM
[ReportManager] Assertion [ValidateEquals] FAILED. Expected [MohabMohie] and Actual [SHAFT_ENGINE is a Test Automation Engine that ... - GitHub]. Comparison Type [CONTAINS]. Validation Type [POSITIVE]. @07-10-2021 01:33:23.0754 A
[ReportManager] Browser Action [CloseCurrentWindow] successfully performed. @07-10-2021 01:33:24.0094 AM
[ReportManager] Successfully created attachment [Browser Action Test Data - CloseCurrentWindow - Actual Value] @07-10-2021 01:33:24.0124 A
[ReportManager] Successfully loaded the following test data file [src/test/resources/TestDataFiles/Google/SimpleSearch.xlsx]. @07-10-2021 01:33:24.0983 AM
[ReportManager] Successfully created attachment [Test Data - Excel] @07-10-2021 01:33:24.0983 A
[ReportManager] File Action [GetAbsolutePath] successfully performed. With the following test data [Relative Folder Path: "target/downloadedFiles/"]. @07-10-2021 01:33:24.0985 AM
[ReportManager] Attempting to run remotely on: [Linux-64], [GoogleChrome], [http://localhost:4444/wd/hub], Headless Execution. @07-10-2021 01:33:24.0985 AM
[ReportManager] Successfully Opened [GoogleChrome]. @07-10-2021 01:33:25.0840 AM
[ReportManager] Target URL: [https://www.google.com/ncr], and after redirection: [https://www.google.com] @07-10-2021 01:33:25.0869 AM
[ReportManager] Initial URL: [data:,] @07-10-2021 01:33:25.0942 AM
[ReportManager] Browser Action [NavigateToURL] successfully performed. With the following test data [https://www.google.com/ncr]. @07-10-2021 01:33:26.0948 A

################################################################################################################################################
Starting Execution:	[6 out of 23] test cases in the current suite
Test Method:		[tests.gui.google.E_Search_PageObjectModel_Traditional_SHAFTAssertions.navigateToGoogleHomeAndAssertGoogleLogoIsDisplayed]
################################################################################################################################################
[ReportManager] File Action [DoesFileExist] successfully performed. With the following test data [File Path: "src/test/resources/DynamicObjectRepository/tests_gui_google_E_Search_PageObjectModel_Traditional_SHAFTAssertions_navigateToGoogleHomeAndAssertGoogleLogoIsDisplayed_By_xpath_img_id_hplogo_or_alt_Google.png"]. @07-10-2021 01:33:26.0969 AM
[ReportManager] File Action [GetAbsolutePath] successfully performed. With the following test data [Relative Folder Path: "src/test/resources/DynamicObjectRepository/tests_gui_google_E_Search_PageObjectModel_Traditional_SHAFTAssertions_navigateToGoogleHomeAndAssertGoogleLogoIsDisplayed_By_xpath_img_id_hplogo_or_alt_Google.png"]. @07-10-2021 01:33:26.0970 AM
[ReportManager] File Action [ReadFromImageFile] successfully performed. With the following test data [File Path: "/home/runner/work/using_SHAFT_ENGINE/using_SHAFT_ENGINE/src/test/resources/DynamicObjectRepository/tests_gui_google_E_Search_PageObjectModel_Traditional_SHAFTAssertions_navigateToGoogleHomeAndAssertGoogleLogoIsDisplayed_By_xpath_img_id_hplogo_or_alt_Google.png"]. @07-10-2021 01:33:26.0970 AM
[ReportManager] File Action [DoesFileExist] successfully performed. With the following test data [File Path: "src/test/resources/DynamicObjectRepository/tests_gui_google_E_Search_PageObjectModel_Traditional_SHAFTAssertions_navigateToGoogleHomeAndAssertGoogleLogoIsDisplayed_By_xpath_img_id_hplogo_or_alt_Google.png"]. @07-10-2021 01:33:27.0259 AM
[ReportManager] File Action [DoesFileExist] successfully performed. With the following test data [File Path: "src/test/resources/DynamicObjectRepository/tests_gui_google_E_Search_PageObjectModel_Traditional_SHAFTAssertions_navigateToGoogleHomeAndAssertGoogleLogoIsDisplayed_By_xpath_img_id_hplogo_or_alt_Google.png"]. @07-10-2021 01:33:27.0259 AM
[ReportManager] Loaded Shared OpenCV @07-10-2021 01:33:27.0749 AM
[ReportManager] Successfully identified the element using AI; OpenCV. @07-10-2021 01:33:27.0779 AM
[ReportManager] Assertion Passed: Asserting that the Google logo is displayed @07-10-2021 01:33:27.0785 AM
[ReportManager] Successfully created attachment [Validation Test Data - Reference Screenshot] @07-10-2021 01:33:27.0786 AM
[ReportManager] Successfully created attachment [Validation Test Data - Actual Screenshot] @07-10-2021 01:33:27.0786 AM
[ReportManager] Assertion [ValidateElementMatches] PASSED. Expected [Element should match the reference screenshot] and Actual [TRUE]. Comparison Type [EXACT_OPENCV]. Validation Type [POSITIVE]. @07-10-2021 01:33:27.0786 A
[ReportManager] Browser Action [CloseCurrentWindow] successfully performed. @07-10-2021 01:33:27.0957 AM
[ReportManager] Successfully created attachment [Browser Action Test Data - CloseCurrentWindow - Actual Value] @07-10-2021 01:33:27.0958 A
[ReportManager] File Action [GetAbsolutePath] successfully performed. With the following test data [Relative Folder Path: "target/downloadedFiles/"]. @07-10-2021 01:33:27.0961 AM
[ReportManager] Attempting to run remotely on: [Linux-64], [GoogleChrome], [http://localhost:4444/wd/hub], Headless Execution. @07-10-2021 01:33:27.0961 AM
[ReportManager] Successfully Opened [GoogleChrome]. @07-10-2021 01:33:28.0265 AM
[ReportManager] Target URL: [https://www.google.com/ncr], and after redirection: [https://www.google.com] @07-10-2021 01:33:28.0288 AM
[ReportManager] Initial URL: [data:,] @07-10-2021 01:33:28.0368 AM
[ReportManager] Browser Action [NavigateToURL] successfully performed. With the following test data [https://www.google.com/ncr]. @07-10-2021 01:33:29.0474 A

################################################################################################################################################
Starting Execution:	[7 out of 23] test cases in the current suite
Test Method:		[tests.gui.google.E_Search_PageObjectModel_Traditional_SHAFTAssertions.navigateToGoogleHomeAndAssertPageTitle]
################################################################################################################################################
[ReportManager] Browser Action [GetCurrentWindowTitle] successfully performed. With the following test data [Google]. @07-10-2021 01:33:29.0526 AM
[ReportManager] Assertion Passed: Asserting that the page title is Google @07-10-2021 01:33:29.0832 AM
[ReportManager] Successfully created attachment [Screenshot - 1633570409626_navigateToGoogleHomeAndAssertPageTitle_ValidateBrowserAttribute_passed] @07-10-2021 01:33:29.0838 AM
[ReportManager] Assertion [ValidateBrowserAttribute] PASSED. Expected [Value Should be 'Google' for the 'Title' attribute] and Actual [Google]. Comparison Type [EQUALS]. Validation Type [POSITIVE]. @07-10-2021 01:33:29.0838 A
[ReportManager] Browser Action [CloseCurrentWindow] successfully performed. @07-10-2021 01:33:29.0996 AM
[ReportManager] Successfully created attachment [Browser Action Test Data - CloseCurrentWindow - Actual Value] @07-10-2021 01:33:30.0003 A
[ReportManager] File Action [GetAbsolutePath] successfully performed. With the following test data [Relative Folder Path: "target/downloadedFiles/"]. @07-10-2021 01:33:30.0006 AM
[ReportManager] Attempting to run remotely on: [Linux-64], [GoogleChrome], [http://localhost:4444/wd/hub], Headless Execution. @07-10-2021 01:33:30.0006 AM
[ReportManager] Successfully Opened [GoogleChrome]. @07-10-2021 01:33:30.0315 AM
[ReportManager] Target URL: [https://www.google.com/ncr], and after redirection: [https://www.google.com] @07-10-2021 01:33:30.0339 AM
[ReportManager] Initial URL: [data:,] @07-10-2021 01:33:30.0405 AM
[ReportManager] Browser Action [NavigateToURL] successfully performed. With the following test data [https://www.google.com/ncr]. @07-10-2021 01:33:31.0472 A

################################################################################################################################################
Starting Execution:	[8 out of 23] test cases in the current suite
Test Method:		[tests.gui.google.E_Search_PageObjectModel_Traditional_SHAFTAssertions.searchForQueryAndAssertFirstResultTextIsCorrect]
################################################################################################################################################
[ReportManager] Element Action [Type] successfully performed. With the following test data [SHAFT_Engine]. @07-10-2021 01:33:32.0399 AM
[ReportManager] Element Action [KeyPress] successfully performed. With the following test data [ENTER]. @07-10-2021 01:33:33.0785 AM
[ReportManager] Element Action [GetText] successfully performed. With the following test data [SHAFT_ENGINE is a Test Automation Engine that ... - GitHub]. @07-10-2021 01:33:33.0908 AM
[ReportManager] Loaded Shared OpenCV @07-10-2021 01:33:34.0166 AM
[ReportManager] Assertion Failed: Asserting that the correct first result is displayed @07-10-2021 01:33:34.0268 AM
[ReportManager] Successfully created attachment [Screenshot - 1633570414166_searchForQueryAndAssertFirstResultTextIsCorrect_ValidateElementAttribute_failed] @07-10-2021 01:33:34.0276 AM
[ReportManager] Assertion [ValidateElementAttribute] FAILED. Expected [Value Should be 'MohabMohie' for the 'Text' attribute, element locator 'By.xpath: (//h1[contains(text(),'Search Result')]/following-sibling::div//a/h3)[1]'] and Actual [SHAFT_ENGINE is a Test Automation Engine that ... - GitHub]. Comparison Type [CONTAINS]. Validation Type [POSITIVE]. @07-10-2021 01:33:34.0276 A
[ReportManager] Browser Action [CloseCurrentWindow] successfully performed. @07-10-2021 01:33:34.0568 AM
[ReportManager] Successfully created attachment [Browser Action Test Data - CloseCurrentWindow - Actual Value] @07-10-2021 01:33:34.0570 A
[ReportManager] File Action [GetAbsolutePath] successfully performed. With the following test data [Relative Folder Path: "target/downloadedFiles/"]. @07-10-2021 01:33:34.0579 AM
[ReportManager] Attempting to run remotely on: [Linux-64], [GoogleChrome], [http://localhost:4444/wd/hub], Headless Execution. @07-10-2021 01:33:34.0580 AM
[ReportManager] Successfully Opened [GoogleChrome]. @07-10-2021 01:33:34.0901 AM
[ReportManager] Target URL: [https://www.google.com/ncr], and after redirection: [https://www.google.com] @07-10-2021 01:33:34.0919 AM
[ReportManager] Initial URL: [data:,] @07-10-2021 01:33:34.0997 AM
[ReportManager] Browser Action [NavigateToURL] successfully performed. With the following test data [https://www.google.com/ncr]. @07-10-2021 01:33:35.0995 A

################################################################################################################################################
Starting Execution:	[9 out of 23] test cases in the current suite
Test Method:		[tests.gui.google.B_Search_FlatTest_SHAFT.navigateToGoogleHomeAndAssertGoogleLogoIsDisplayed]
################################################################################################################################################
[ReportManager] File Action [DoesFileExist] successfully performed. With the following test data [File Path: "src/test/resources/DynamicObjectRepository/tests_gui_google_B_Search_FlatTest_SHAFT_navigateToGoogleHomeAndAssertGoogleLogoIsDisplayed_By_xpath_img_id_hplogo_or_alt_Google.png"]. @07-10-2021 01:33:36.0001 AM
[ReportManager] File Action [GetAbsolutePath] successfully performed. With the following test data [Relative Folder Path: "src/test/resources/DynamicObjectRepository/tests_gui_google_B_Search_FlatTest_SHAFT_navigateToGoogleHomeAndAssertGoogleLogoIsDisplayed_By_xpath_img_id_hplogo_or_alt_Google.png"]. @07-10-2021 01:33:36.0001 AM
[ReportManager] File Action [ReadFromImageFile] successfully performed. With the following test data [File Path: "/home/runner/work/using_SHAFT_ENGINE/using_SHAFT_ENGINE/src/test/resources/DynamicObjectRepository/tests_gui_google_B_Search_FlatTest_SHAFT_navigateToGoogleHomeAndAssertGoogleLogoIsDisplayed_By_xpath_img_id_hplogo_or_alt_Google.png"]. @07-10-2021 01:33:36.0001 AM
[ReportManager] File Action [DoesFileExist] successfully performed. With the following test data [File Path: "src/test/resources/DynamicObjectRepository/tests_gui_google_B_Search_FlatTest_SHAFT_navigateToGoogleHomeAndAssertGoogleLogoIsDisplayed_By_xpath_img_id_hplogo_or_alt_Google.png"]. @07-10-2021 01:33:36.0254 AM
[ReportManager] File Action [DoesFileExist] successfully performed. With the following test data [File Path: "src/test/resources/DynamicObjectRepository/tests_gui_google_B_Search_FlatTest_SHAFT_navigateToGoogleHomeAndAssertGoogleLogoIsDisplayed_By_xpath_img_id_hplogo_or_alt_Google.png"]. @07-10-2021 01:33:36.0255 AM
[ReportManager] Loaded Shared OpenCV @07-10-2021 01:33:36.0255 AM
[ReportManager] Successfully identified the element using AI; OpenCV. @07-10-2021 01:33:36.0259 AM
[ReportManager] Assertion Passed: Asserting that the Google logo is displayed @07-10-2021 01:33:36.0259 AM
[ReportManager] Successfully created attachment [Validation Test Data - Reference Screenshot] @07-10-2021 01:33:36.0260 AM
[ReportManager] Successfully created attachment [Validation Test Data - Actual Screenshot] @07-10-2021 01:33:36.0260 AM
[ReportManager] Assertion [ValidateElementMatches] PASSED. Expected [Element should match the reference screenshot] and Actual [TRUE]. Comparison Type [EXACT_OPENCV]. Validation Type [POSITIVE]. @07-10-2021 01:33:36.0260 A
[ReportManager] Browser Action [CloseCurrentWindow] successfully performed. @07-10-2021 01:33:36.0411 AM
[ReportManager] Successfully created attachment [Browser Action Test Data - CloseCurrentWindow - Actual Value] @07-10-2021 01:33:36.0412 A
[ReportManager] File Action [GetAbsolutePath] successfully performed. With the following test data [Relative Folder Path: "target/downloadedFiles/"]. @07-10-2021 01:33:36.0416 AM
[ReportManager] Attempting to run remotely on: [Linux-64], [GoogleChrome], [http://localhost:4444/wd/hub], Headless Execution. @07-10-2021 01:33:36.0417 AM
[ReportManager] Successfully Opened [GoogleChrome]. @07-10-2021 01:33:36.0687 AM
[ReportManager] Target URL: [https://www.google.com/ncr], and after redirection: [https://www.google.com] @07-10-2021 01:33:36.0721 AM
[ReportManager] Initial URL: [data:,] @07-10-2021 01:33:36.0794 AM
[ReportManager] Browser Action [NavigateToURL] successfully performed. With the following test data [https://www.google.com/ncr]. @07-10-2021 01:33:37.0803 A

################################################################################################################################################
Starting Execution:	[10 out of 23] test cases in the current suite
Test Method:		[tests.gui.google.B_Search_FlatTest_SHAFT.navigateToGoogleHomeAndAssertPageTitle]
################################################################################################################################################
[ReportManager] Browser Action [GetCurrentWindowTitle] successfully performed. With the following test data [Google]. @07-10-2021 01:33:37.0854 AM
[ReportManager] Assertion Passed: Asserting that the page title is Google @07-10-2021 01:33:38.0025 AM
[ReportManager] Successfully created attachment [Screenshot - 1633570417959_navigateToGoogleHomeAndAssertPageTitle_ValidateBrowserAttribute_passed] @07-10-2021 01:33:38.0027 AM
[ReportManager] Assertion [ValidateBrowserAttribute] PASSED. Expected [Value Should be 'Google' for the 'Title' attribute] and Actual [Google]. Comparison Type [EQUALS]. Validation Type [POSITIVE]. @07-10-2021 01:33:38.0027 A
[ReportManager] Browser Action [CloseCurrentWindow] successfully performed. @07-10-2021 01:33:38.0222 AM
[ReportManager] Successfully created attachment [Browser Action Test Data - CloseCurrentWindow - Actual Value] @07-10-2021 01:33:38.0223 A
[ReportManager] File Action [GetAbsolutePath] successfully performed. With the following test data [Relative Folder Path: "target/downloadedFiles/"]. @07-10-2021 01:33:38.0235 AM
[ReportManager] Attempting to run remotely on: [Linux-64], [GoogleChrome], [http://localhost:4444/wd/hub], Headless Execution. @07-10-2021 01:33:38.0235 AM
[ReportManager] Successfully Opened [GoogleChrome]. @07-10-2021 01:33:38.0555 AM
[ReportManager] Target URL: [https://www.google.com/ncr], and after redirection: [https://www.google.com] @07-10-2021 01:33:38.0582 AM
[ReportManager] Initial URL: [data:,] @07-10-2021 01:33:38.0645 AM
[ReportManager] Browser Action [NavigateToURL] successfully performed. With the following test data [https://www.google.com/ncr]. @07-10-2021 01:33:39.0664 A

################################################################################################################################################
Starting Execution:	[11 out of 23] test cases in the current suite
Test Method:		[tests.gui.google.B_Search_FlatTest_SHAFT.searchForQueryAndAssertFirstResultTextIsCorrect]
################################################################################################################################################
[ReportManager] Element Action [Type] successfully performed. With the following test data [SHAFT_Engine]. @07-10-2021 01:33:40.0544 AM
[ReportManager] Element Action [KeyPress] successfully performed. With the following test data [ENTER]. @07-10-2021 01:33:41.0995 AM
[ReportManager] Element Action [GetText] successfully performed. With the following test data [SHAFT_ENGINE is a Test Automation Engine that ... - GitHub]. @07-10-2021 01:33:42.0131 AM
[ReportManager] Loaded Shared OpenCV @07-10-2021 01:33:42.0331 AM
[ReportManager] Assertion Failed: Asserting that the correct first result is displayed @07-10-2021 01:33:42.0421 AM
[ReportManager] Successfully created attachment [Screenshot - 1633570422331_searchForQueryAndAssertFirstResultTextIsCorrect_ValidateElementAttribute_failed] @07-10-2021 01:33:42.0423 AM
[ReportManager] Assertion [ValidateElementAttribute] FAILED. Expected [Value Should be 'MohabMohie' for the 'Text' attribute, element locator 'By.xpath: (//h1[contains(text(),'Search Result')]/following-sibling::div//a/h3)[1]'] and Actual [SHAFT_ENGINE is a Test Automation Engine that ... - GitHub]. Comparison Type [CONTAINS]. Validation Type [POSITIVE]. @07-10-2021 01:33:42.0423 A
[ReportManager] Browser Action [CloseCurrentWindow] successfully performed. @07-10-2021 01:33:42.0688 AM
[ReportManager] Successfully created attachment [Browser Action Test Data - CloseCurrentWindow - Actual Value] @07-10-2021 01:33:42.0690 A
[ReportManager] Successfully loaded the following test data file [src/test/resources/TestDataFiles/Google/SimpleSearch.xlsx]. @07-10-2021 01:33:42.0765 AM
[ReportManager] Successfully created attachment [Test Data - Excel] @07-10-2021 01:33:42.0765 A
[ReportManager] File Action [GetAbsolutePath] successfully performed. With the following test data [Relative Folder Path: "target/downloadedFiles/"]. @07-10-2021 01:33:42.0767 AM
[ReportManager] Attempting to run remotely on: [Linux-64], [GoogleChrome], [http://localhost:4444/wd/hub], Headless Execution. @07-10-2021 01:33:42.0767 AM
[ReportManager] Successfully Opened [GoogleChrome]. @07-10-2021 01:33:43.0096 AM
[ReportManager] Target URL: [https://www.google.com/ncr], and after redirection: [https://www.google.com] @07-10-2021 01:33:43.0120 AM
[ReportManager] Initial URL: [data:,] @07-10-2021 01:33:43.0228 AM
[ReportManager] Browser Action [NavigateToURL] successfully performed. With the following test data [https://www.google.com/ncr]. @07-10-2021 01:33:44.0217 A

################################################################################################################################################
Starting Execution:	[12 out of 23] test cases in the current suite
Test Method:		[tests.gui.google.F_Search_PageObjectModel_Fluent.navigateToGoogleHomeAndAssertGoogleLogoIsDisplayed]
################################################################################################################################################
[ReportManager] File Action [DoesFileExist] successfully performed. With the following test data [File Path: "src/test/resources/DynamicObjectRepository/tests_gui_google_F_Search_PageObjectModel_Fluent_navigateToGoogleHomeAndAssertGoogleLogoIsDisplayed_By_xpath_img_id_hplogo_or_alt_Google.png"]. @07-10-2021 01:33:44.0231 AM
[ReportManager] File Action [GetAbsolutePath] successfully performed. With the following test data [Relative Folder Path: "src/test/resources/DynamicObjectRepository/tests_gui_google_F_Search_PageObjectModel_Fluent_navigateToGoogleHomeAndAssertGoogleLogoIsDisplayed_By_xpath_img_id_hplogo_or_alt_Google.png"]. @07-10-2021 01:33:44.0232 AM
[ReportManager] File Action [ReadFromImageFile] successfully performed. With the following test data [File Path: "/home/runner/work/using_SHAFT_ENGINE/using_SHAFT_ENGINE/src/test/resources/DynamicObjectRepository/tests_gui_google_F_Search_PageObjectModel_Fluent_navigateToGoogleHomeAndAssertGoogleLogoIsDisplayed_By_xpath_img_id_hplogo_or_alt_Google.png"]. @07-10-2021 01:33:44.0232 AM
[ReportManager] File Action [DoesFileExist] successfully performed. With the following test data [File Path: "src/test/resources/DynamicObjectRepository/tests_gui_google_F_Search_PageObjectModel_Fluent_navigateToGoogleHomeAndAssertGoogleLogoIsDisplayed_By_xpath_img_id_hplogo_or_alt_Google.png"]. @07-10-2021 01:33:44.0528 AM
[ReportManager] File Action [DoesFileExist] successfully performed. With the following test data [File Path: "src/test/resources/DynamicObjectRepository/tests_gui_google_F_Search_PageObjectModel_Fluent_navigateToGoogleHomeAndAssertGoogleLogoIsDisplayed_By_xpath_img_id_hplogo_or_alt_Google.png"]. @07-10-2021 01:33:44.0528 AM
[ReportManager] Loaded Shared OpenCV @07-10-2021 01:33:44.0528 AM
[ReportManager] Successfully identified the element using AI; OpenCV. @07-10-2021 01:33:44.0531 AM
[ReportManager] Assertion Passed: Asserting that the Google logo is displayed @07-10-2021 01:33:44.0531 AM
[ReportManager] Successfully created attachment [Validation Test Data - Reference Screenshot] @07-10-2021 01:33:44.0532 AM
[ReportManager] Successfully created attachment [Validation Test Data - Actual Screenshot] @07-10-2021 01:33:44.0532 AM
[ReportManager] Assertion [ValidateElementMatches] PASSED. Expected [Element should match the reference screenshot] and Actual [TRUE]. Comparison Type [EXACT_OPENCV]. Validation Type [POSITIVE]. @07-10-2021 01:33:44.0532 A
[ReportManager] Browser Action [CloseCurrentWindow] successfully performed. @07-10-2021 01:33:44.0668 AM
[ReportManager] Successfully created attachment [Browser Action Test Data - CloseCurrentWindow - Actual Value] @07-10-2021 01:33:44.0673 A
[ReportManager] File Action [GetAbsolutePath] successfully performed. With the following test data [Relative Folder Path: "target/downloadedFiles/"]. @07-10-2021 01:33:44.0676 AM
[ReportManager] Attempting to run remotely on: [Linux-64], [GoogleChrome], [http://localhost:4444/wd/hub], Headless Execution. @07-10-2021 01:33:44.0677 AM
[ReportManager] Successfully Opened [GoogleChrome]. @07-10-2021 01:33:45.0004 AM
[ReportManager] Target URL: [https://www.google.com/ncr], and after redirection: [https://www.google.com] @07-10-2021 01:33:45.0021 AM
[ReportManager] Initial URL: [data:,] @07-10-2021 01:33:45.0104 AM
[ReportManager] Browser Action [NavigateToURL] successfully performed. With the following test data [https://www.google.com/ncr]. @07-10-2021 01:33:46.0049 A

################################################################################################################################################
Starting Execution:	[13 out of 23] test cases in the current suite
Test Method:		[tests.gui.google.F_Search_PageObjectModel_Fluent.navigateToGoogleHomeAndAssertPageTitle]
################################################################################################################################################
[ReportManager] Browser Action [GetCurrentWindowTitle] successfully performed. With the following test data [Google]. @07-10-2021 01:33:46.0102 AM
[ReportManager] Assertion Passed: Asserting that the page title is Google @07-10-2021 01:33:46.0236 AM
[ReportManager] Successfully created attachment [Screenshot - 1633570426190_navigateToGoogleHomeAndAssertPageTitle_ValidateBrowserAttribute_passed] @07-10-2021 01:33:46.0237 AM
[ReportManager] Assertion [ValidateBrowserAttribute] PASSED. Expected [Value Should be 'Google' for the 'Title' attribute] and Actual [Google]. Comparison Type [EQUALS]. Validation Type [POSITIVE]. @07-10-2021 01:33:46.0237 A
[ReportManager] Browser Action [CloseCurrentWindow] successfully performed. @07-10-2021 01:33:46.0416 AM
[ReportManager] Successfully created attachment [Browser Action Test Data - CloseCurrentWindow - Actual Value] @07-10-2021 01:33:46.0417 A
[ReportManager] File Action [GetAbsolutePath] successfully performed. With the following test data [Relative Folder Path: "target/downloadedFiles/"]. @07-10-2021 01:33:46.0420 AM
[ReportManager] Attempting to run remotely on: [Linux-64], [GoogleChrome], [http://localhost:4444/wd/hub], Headless Execution. @07-10-2021 01:33:46.0420 AM
[ReportManager] Successfully Opened [GoogleChrome]. @07-10-2021 01:33:46.0738 AM
[ReportManager] Target URL: [https://www.google.com/ncr], and after redirection: [https://www.google.com] @07-10-2021 01:33:46.0754 AM
[ReportManager] Initial URL: [data:,] @07-10-2021 01:33:46.0827 AM
[ReportManager] Browser Action [NavigateToURL] successfully performed. With the following test data [https://www.google.com/ncr]. @07-10-2021 01:33:48.0302 A

################################################################################################################################################
Starting Execution:	[14 out of 23] test cases in the current suite
Test Method:		[tests.gui.google.F_Search_PageObjectModel_Fluent.searchForQueryAndAssertFirstResultTextIsCorrect]
################################################################################################################################################
[ReportManager] Element Action [Type] successfully performed. With the following test data [SHAFT_Engine]. @07-10-2021 01:33:49.0226 AM
[ReportManager] Element Action [KeyPress] successfully performed. With the following test data [ENTER]. @07-10-2021 01:33:50.0571 AM
[ReportManager] Element Action [GetText] successfully performed. With the following test data [SHAFT_ENGINE is a Test Automation Engine that ... - GitHub]. @07-10-2021 01:33:50.0695 AM
[ReportManager] Loaded Shared OpenCV @07-10-2021 01:33:50.0932 AM
[ReportManager] Assertion Failed: Asserting that the correct first result is displayed @07-10-2021 01:33:51.0002 AM
[ReportManager] Successfully created attachment [Screenshot - 1633570430932_searchForQueryAndAssertFirstResultTextIsCorrect_ValidateElementAttribute_failed] @07-10-2021 01:33:51.0003 AM
[ReportManager] Assertion [ValidateElementAttribute] FAILED. Expected [Value Should be 'MohabMohie' for the 'Text' attribute, element locator 'By.xpath: (//h1[contains(text(),'Search Result')]/following-sibling::div//a/h3)[1]'] and Actual [SHAFT_ENGINE is a Test Automation Engine that ... - GitHub]. Comparison Type [CONTAINS]. Validation Type [POSITIVE]. @07-10-2021 01:33:51.0003 A
[ReportManager] Browser Action [CloseCurrentWindow] successfully performed. @07-10-2021 01:33:51.0271 AM
[ReportManager] Successfully created attachment [Browser Action Test Data - CloseCurrentWindow - Actual Value] @07-10-2021 01:33:51.0273 A
[ReportManager] Successfully loaded the following test data file [src/test/resources/TestDataFiles/Google/SimpleSearch.xlsx]. @07-10-2021 01:33:51.0321 AM
[ReportManager] Successfully created attachment [Test Data - Excel] @07-10-2021 01:33:51.0322 A
[ReportManager] File Action [GetAbsolutePath] successfully performed. With the following test data [Relative Folder Path: "target/downloadedFiles/"]. @07-10-2021 01:33:51.0323 AM
[ReportManager] Attempting to run remotely on: [Linux-64], [GoogleChrome], [http://localhost:4444/wd/hub], Headless Execution. @07-10-2021 01:33:51.0323 AM
[ReportManager] Successfully Opened [GoogleChrome]. @07-10-2021 01:33:51.0631 AM
[ReportManager] Target URL: [https://www.google.com/ncr], and after redirection: [https://www.google.com] @07-10-2021 01:33:51.0654 AM
[ReportManager] Initial URL: [data:,] @07-10-2021 01:33:51.0719 AM
[ReportManager] Browser Action [NavigateToURL] successfully performed. With the following test data [https://www.google.com/ncr]. @07-10-2021 01:33:52.0712 A

################################################################################################################################################
Starting Execution:	[15 out of 23] test cases in the current suite
Test Method:		[tests.gui.google.G_Search_PageObjectModel_ThreadSafe.navigateToGoogleHomeAndAssertGoogleLogoIsDisplayed]
################################################################################################################################################
[ReportManager] File Action [DoesFileExist] successfully performed. With the following test data [File Path: "src/test/resources/DynamicObjectRepository/tests_gui_google_G_Search_PageObjectModel_ThreadSafe_navigateToGoogleHomeAndAssertGoogleLogoIsDisplayed_By_xpath_img_id_hplogo_or_alt_Google.png"]. @07-10-2021 01:33:52.0716 AM
[ReportManager] File Action [GetAbsolutePath] successfully performed. With the following test data [Relative Folder Path: "src/test/resources/DynamicObjectRepository/tests_gui_google_G_Search_PageObjectModel_ThreadSafe_navigateToGoogleHomeAndAssertGoogleLogoIsDisplayed_By_xpath_img_id_hplogo_or_alt_Google.png"]. @07-10-2021 01:33:52.0718 AM
[ReportManager] File Action [ReadFromImageFile] successfully performed. With the following test data [File Path: "/home/runner/work/using_SHAFT_ENGINE/using_SHAFT_ENGINE/src/test/resources/DynamicObjectRepository/tests_gui_google_G_Search_PageObjectModel_ThreadSafe_navigateToGoogleHomeAndAssertGoogleLogoIsDisplayed_By_xpath_img_id_hplogo_or_alt_Google.png"]. @07-10-2021 01:33:52.0719 AM
[ReportManager] File Action [DoesFileExist] successfully performed. With the following test data [File Path: "src/test/resources/DynamicObjectRepository/tests_gui_google_G_Search_PageObjectModel_ThreadSafe_navigateToGoogleHomeAndAssertGoogleLogoIsDisplayed_By_xpath_img_id_hplogo_or_alt_Google.png"]. @07-10-2021 01:33:52.0938 AM
[ReportManager] File Action [DoesFileExist] successfully performed. With the following test data [File Path: "src/test/resources/DynamicObjectRepository/tests_gui_google_G_Search_PageObjectModel_ThreadSafe_navigateToGoogleHomeAndAssertGoogleLogoIsDisplayed_By_xpath_img_id_hplogo_or_alt_Google.png"]. @07-10-2021 01:33:52.0938 AM
[ReportManager] Loaded Shared OpenCV @07-10-2021 01:33:52.0938 AM
[ReportManager] Successfully identified the element using AI; OpenCV. @07-10-2021 01:33:52.0941 AM
[ReportManager] Assertion Passed: Asserting that the Google logo is displayed @07-10-2021 01:33:52.0941 AM
[ReportManager] Successfully created attachment [Validation Test Data - Reference Screenshot] @07-10-2021 01:33:52.0942 AM
[ReportManager] Successfully created attachment [Validation Test Data - Actual Screenshot] @07-10-2021 01:33:52.0942 AM
[ReportManager] Assertion [ValidateElementMatches] PASSED. Expected [Element should match the reference screenshot] and Actual [TRUE]. Comparison Type [EXACT_OPENCV]. Validation Type [POSITIVE]. @07-10-2021 01:33:52.0942 A
[ReportManager] Browser Action [CloseCurrentWindow] successfully performed. @07-10-2021 01:33:53.0086 AM
[ReportManager] Successfully created attachment [Browser Action Test Data - CloseCurrentWindow - Actual Value] @07-10-2021 01:33:53.0087 A
[ReportManager] File Action [GetAbsolutePath] successfully performed. With the following test data [Relative Folder Path: "target/downloadedFiles/"]. @07-10-2021 01:33:53.0090 AM
[ReportManager] Attempting to run remotely on: [Linux-64], [GoogleChrome], [http://localhost:4444/wd/hub], Headless Execution. @07-10-2021 01:33:53.0091 AM
[ReportManager] Successfully Opened [GoogleChrome]. @07-10-2021 01:33:53.0380 AM
[ReportManager] Target URL: [https://www.google.com/ncr], and after redirection: [https://www.google.com] @07-10-2021 01:33:53.0394 AM
[ReportManager] Initial URL: [data:,] @07-10-2021 01:33:53.0470 AM
[ReportManager] Browser Action [NavigateToURL] successfully performed. With the following test data [https://www.google.com/ncr]. @07-10-2021 01:33:54.0468 A

################################################################################################################################################
Starting Execution:	[16 out of 23] test cases in the current suite
Test Method:		[tests.gui.google.G_Search_PageObjectModel_ThreadSafe.navigateToGoogleHomeAndAssertPageTitle]
################################################################################################################################################
[ReportManager] Browser Action [GetCurrentWindowTitle] successfully performed. With the following test data [Google]. @07-10-2021 01:33:54.0517 AM
[ReportManager] Assertion Passed: Asserting that the page title is Google @07-10-2021 01:33:54.0634 AM
[ReportManager] Successfully created attachment [Screenshot - 1633570434590_navigateToGoogleHomeAndAssertPageTitle_ValidateBrowserAttribute_passed] @07-10-2021 01:33:54.0635 AM
[ReportManager] Assertion [ValidateBrowserAttribute] PASSED. Expected [Value Should be 'Google' for the 'Title' attribute] and Actual [Google]. Comparison Type [EQUALS]. Validation Type [POSITIVE]. @07-10-2021 01:33:54.0635 A
[ReportManager] Browser Action [CloseCurrentWindow] successfully performed. @07-10-2021 01:33:54.0790 AM
[ReportManager] Successfully created attachment [Browser Action Test Data - CloseCurrentWindow - Actual Value] @07-10-2021 01:33:54.0791 A
[ReportManager] File Action [GetAbsolutePath] successfully performed. With the following test data [Relative Folder Path: "target/downloadedFiles/"]. @07-10-2021 01:33:54.0794 AM
[ReportManager] Attempting to run remotely on: [Linux-64], [GoogleChrome], [http://localhost:4444/wd/hub], Headless Execution. @07-10-2021 01:33:54.0794 AM
[ReportManager] Successfully Opened [GoogleChrome]. @07-10-2021 01:33:55.0082 AM
[ReportManager] Target URL: [https://www.google.com/ncr], and after redirection: [https://www.google.com] @07-10-2021 01:33:55.0097 AM
[ReportManager] Initial URL: [data:,] @07-10-2021 01:33:55.0170 AM
[ReportManager] Browser Action [NavigateToURL] successfully performed. With the following test data [https://www.google.com/ncr]. @07-10-2021 01:33:56.0128 A

################################################################################################################################################
Starting Execution:	[17 out of 23] test cases in the current suite
Test Method:		[tests.gui.google.G_Search_PageObjectModel_ThreadSafe.searchForQueryAndAssertFirstResultTextIsCorrect]
################################################################################################################################################
[ReportManager] Element Action [Type] successfully performed. With the following test data [SHAFT_Engine]. @07-10-2021 01:33:57.0002 AM
[ReportManager] Element Action [KeyPress] successfully performed. With the following test data [ENTER]. @07-10-2021 01:33:58.0374 AM
[ReportManager] Element Action [GetText] successfully performed. With the following test data [SHAFT_ENGINE is a Test Automation Engine that ... - GitHub]. @07-10-2021 01:33:58.0497 AM
[ReportManager] Loaded Shared OpenCV @07-10-2021 01:33:58.0698 AM
[ReportManager] Assertion Failed: Asserting that the correct first result is displayed @07-10-2021 01:33:58.0769 AM
[ReportManager] Successfully created attachment [Screenshot - 1633570438698_searchForQueryAndAssertFirstResultTextIsCorrect_ValidateElementAttribute_failed] @07-10-2021 01:33:58.0771 AM
[ReportManager] Assertion [ValidateElementAttribute] FAILED. Expected [Value Should be 'MohabMohie' for the 'Text' attribute, element locator 'By.xpath: (//h1[contains(text(),'Search Result')]/following-sibling::div//a/h3)[1]'] and Actual [SHAFT_ENGINE is a Test Automation Engine that ... - GitHub]. Comparison Type [CONTAINS]. Validation Type [POSITIVE]. @07-10-2021 01:33:58.0771 A
[ReportManager] Browser Action [CloseCurrentWindow] successfully performed. @07-10-2021 01:33:59.0031 AM
[ReportManager] Successfully created attachment [Browser Action Test Data - CloseCurrentWindow - Actual Value] @07-10-2021 01:33:59.0034 A



################################################################################################################################################
Starting Execution:	[18 out of 23] test cases in the current suite
Test Method:		[tests.gui.google.A_Search_FlatTest_NativeSeleniumWebDriver.navigateToGoogleHomeAndAssertGoogleLogoIsDisplayed]
###############################################################################################################################################



################################################################################################################################################
Starting Execution:	[19 out of 23] test cases in the current suite
Test Method:		[tests.gui.google.A_Search_FlatTest_NativeSeleniumWebDriver.navigateToGoogleHomeAndAssertPageTitle]
###############################################################################################################################################



################################################################################################################################################
Starting Execution:	[20 out of 23] test cases in the current suite
Test Method:		[tests.gui.google.A_Search_FlatTest_NativeSeleniumWebDriver.searchForQueryAndAssertFirstResultTextIsCorrect]
###############################################################################################################################################

[ReportManager] Successfully loaded the following test data file [src/test/resources/TestDataFiles/Google/SimpleSearch.xlsx]. @07-10-2021 01:34:03.0935 AM
[ReportManager] Successfully created attachment [Test Data - Excel] @07-10-2021 01:34:03.0935 A
[ReportManager] File Action [GetAbsolutePath] successfully performed. With the following test data [Relative Folder Path: "target/downloadedFiles/"]. @07-10-2021 01:34:03.0939 AM
[ReportManager] Attempting to run remotely on: [Linux-64], [GoogleChrome], [http://localhost:4444/wd/hub], Headless Execution. @07-10-2021 01:34:03.0939 AM
[ReportManager] Successfully Opened [GoogleChrome]. @07-10-2021 01:34:04.0266 AM
[ReportManager] Target URL: [https://www.google.com/ncr], and after redirection: [https://www.google.com] @07-10-2021 01:34:04.0302 AM
[ReportManager] Initial URL: [data:,] @07-10-2021 01:34:04.0351 AM
[ReportManager] Browser Action [NavigateToURL] successfully performed. With the following test data [https://www.google.com/ncr]. @07-10-2021 01:34:05.0384 A

################################################################################################################################################
Starting Execution:	[21 out of 23] test cases in the current suite
Test Method:		[tests.gui.google.D_Search_PageObjectModel_Traditional_DataDriven.navigateToGoogleHomeAndAssertGoogleLogoIsDisplayed]
################################################################################################################################################
[ReportManager] Element Action [IsElementDisplayed] successfully performed. @07-10-2021 01:34:05.0490 AM
[ReportManager] Assertion Passed: Asserting that the Google logo is displayed @07-10-2021 01:34:05.0490 AM
[ReportManager] Assertion [ValidateTrue] PASSED. Expected [TRUE] and Actual [TRUE]. Validation Type [POSITIVE]. @07-10-2021 01:34:05.0490 A
[ReportManager] Browser Action [CloseCurrentWindow] successfully performed. @07-10-2021 01:34:05.0638 AM
[ReportManager] Successfully created attachment [Browser Action Test Data - CloseCurrentWindow - Actual Value] @07-10-2021 01:34:05.0639 A
[ReportManager] File Action [GetAbsolutePath] successfully performed. With the following test data [Relative Folder Path: "target/downloadedFiles/"]. @07-10-2021 01:34:05.0641 AM
[ReportManager] Attempting to run remotely on: [Linux-64], [GoogleChrome], [http://localhost:4444/wd/hub], Headless Execution. @07-10-2021 01:34:05.0642 AM
[ReportManager] Successfully Opened [GoogleChrome]. @07-10-2021 01:34:05.0916 AM
[ReportManager] Target URL: [https://www.google.com/ncr], and after redirection: [https://www.google.com] @07-10-2021 01:34:05.0929 AM
[ReportManager] Initial URL: [data:,] @07-10-2021 01:34:05.0994 AM
[ReportManager] Browser Action [NavigateToURL] successfully performed. With the following test data [https://www.google.com/ncr]. @07-10-2021 01:34:06.0935 A

################################################################################################################################################
Starting Execution:	[22 out of 23] test cases in the current suite
Test Method:		[tests.gui.google.D_Search_PageObjectModel_Traditional_DataDriven.navigateToGoogleHomeAndAssertPageTitle]
################################################################################################################################################
[ReportManager] Browser Action [GetCurrentWindowTitle] successfully performed. With the following test data [Google]. @07-10-2021 01:34:06.0978 AM
[ReportManager] Assertion Passed: Asserting that the page title is Google @07-10-2021 01:34:06.0979 AM
[ReportManager] Assertion [ValidateEquals] PASSED. Expected [Google] and Actual [Google]. Comparison Type [EQUALS]. Validation Type [POSITIVE]. @07-10-2021 01:34:06.0979 A
[ReportManager] Browser Action [CloseCurrentWindow] successfully performed. @07-10-2021 01:34:07.0137 AM
[ReportManager] Successfully created attachment [Browser Action Test Data - CloseCurrentWindow - Actual Value] @07-10-2021 01:34:07.0138 A
[ReportManager] File Action [GetAbsolutePath] successfully performed. With the following test data [Relative Folder Path: "target/downloadedFiles/"]. @07-10-2021 01:34:07.0142 AM
[ReportManager] Attempting to run remotely on: [Linux-64], [GoogleChrome], [http://localhost:4444/wd/hub], Headless Execution. @07-10-2021 01:34:07.0143 AM
[ReportManager] Successfully Opened [GoogleChrome]. @07-10-2021 01:34:07.0407 AM
[ReportManager] Target URL: [https://www.google.com/ncr], and after redirection: [https://www.google.com] @07-10-2021 01:34:07.0424 AM
[ReportManager] Initial URL: [data:,] @07-10-2021 01:34:07.0481 AM
[ReportManager] Browser Action [NavigateToURL] successfully performed. With the following test data [https://www.google.com/ncr]. @07-10-2021 01:34:08.0427 A

################################################################################################################################################
Starting Execution:	[23 out of 23] test cases in the current suite
Test Method:		[tests.gui.google.D_Search_PageObjectModel_Traditional_DataDriven.searchForQueryAndAssertFirstResultTextIsCorrect]
################################################################################################################################################
[ReportManager] Element Action [Type] successfully performed. With the following test data [SHAFT_Engine]. @07-10-2021 01:34:09.0233 AM
[ReportManager] Element Action [KeyPress] successfully performed. With the following test data [ENTER]. @07-10-2021 01:34:10.0648 AM
[ReportManager] Element Action [GetText] successfully performed. With the following test data [SHAFT_ENGINE is a Test Automation Engine that ... - GitHub]. @07-10-2021 01:34:10.0767 AM
[ReportManager] Assertion Failed: Asserting that the correct first result is displayed @07-10-2021 01:34:10.0767 AM
[ReportManager] Assertion [ValidateEquals] FAILED. Expected [MohabMohie] and Actual [SHAFT_ENGINE is a Test Automation Engine that ... - GitHub]. Comparison Type [CONTAINS]. Validation Type [POSITIVE]. @07-10-2021 01:34:10.0767 A
[ReportManager] Browser Action [CloseCurrentWindow] successfully performed. @07-10-2021 01:34:10.0991 AM
[ReportManager] Successfully created attachment [Browser Action Test Data - CloseCurrentWindow - Actual Value] @07-10-2021 01:34:10.0993 A

################################################################################################################################################
Test Closure Activities
################################################################################################################################################
[ReportManager] Successfully created attachment [SHAFT Engine Logs - Execution log] @07-10-2021 01:34:11.0014 AM

################################################################################################################################################
This test run was powered by SHAFT Engine Version: [SHAFT Engine v5.3.20210902]
SHAFT Engine is licensed under the MIT License: [https://github.com/MohabMohie/SHAFT_ENGINE/blob/master/LICENSE].
################################################################################################################################################