################################################################################################################################################
Detected SHAFT Engine Version: [SHAFT Engine v5.3.20210902]
################################################################################################################################################

################################################################################################################################################
Starting Execution:	[1 out of 23] test cases in the current suite
Test Method:		[tests.cli.demo.cliTest.sampleTestCase]
################################################################################################################################################
[ReportManager] Attempting to perform the following command locally. Command: [ls] @30-09-2021 18:36:45.0657 PM
[ReportManager] Terminal Action [PerformTerminalCommands] successfully performed. With the following test data [Host Name: "localHost" | Command: "ls" | Exit Status: "0"]. @30-09-2021 18:36:45.0671 PM
[ReportManager] Successfully created attachment [Terminal Action Actual Result - Command Log] @30-09-2021 18:36:45.0678 PM
[ReportManager] Assertion Passed: Demoing local terminal actions @30-09-2021 18:36:45.0693 PM
[ReportManager] Assertion [ValidateEquals] PASSED. Expected [pom.xml] and Actual [LICENSE
README.md
allure-results
docker-compose_native.yml
docker-compose_zalenium.yml
extent-reports
pom.xml
readMeImgs
src
target]. Comparison Type [CONTAINS]. Validation Type [POSITIVE]. @30-09-2021 18:36:45.0693 P

################################################################################################################################################
Starting Execution:	[2 out of 23] test cases in the current suite
Test Method:		[tests.api.users.UserData.validateUserEmail]
################################################################################################################################################
[ReportManager] Response status code: [200], status line: [HTTP/1.1 200 OK] @30-09-2021 18:36:48.0416 PM
[ReportManager] Assertion Passed: Evaluating the actual response status code against the expected one... @30-09-2021 18:36:48.0417 PM
[ReportManager] Assertion [ValidateEquals] PASSED. Expected [200] and Actual [200]. Comparison Type [EQUALS]. Validation Type [POSITIVE]. @30-09-2021 18:36:48.0417 PM
[ReportManager] API Action [PerformRequest] successfully performed. With the following test data [Request Type: "GET" | Target Status Code: "200" | Service URL: "https://jsonplaceholder.typicode.com/users" | Content Type: "*/*" | Response Time: "843ms"]. @30-09-2021 18:36:49.0483 PM
[ReportManager] Successfully created attachment [API Request - Specifications] @30-09-2021 18:36:49.0484 PM
[ReportManager] Successfully created attachment [API Response - JSON Body] @30-09-2021 18:36:49.0883 PM
[ReportManager] Assertion [ValidateEquals] PASSED. Expected and Actual values are attached. Comparison Type [CONTAINS]. Validation Type [POSITIVE]. @30-09-2021 18:36:49.0885 PM
[ReportManager] Successfully created attachment [Validation Test Data - Expected Value] @30-09-2021 18:36:49.0886 PM
[ReportManager] Successfully created attachment [Validation Test Data - Actual Value] @30-09-2021 18:36:49.0886 PM
[ReportManager] API Action [GetResponseJSONValueAsList] successfully performed. With the following test data [$]. @30-09-2021 18:36:49.0915 PM
[ReportManager] API Action [GetResponseJSONValue] successfully performed. With the following test data [name]. @30-09-2021 18:36:49.0944 PM
[ReportManager] API Action [GetResponseJSONValue] successfully performed. With the following test data [email]. @30-09-2021 18:36:49.0956 PM
[ReportManager] Assertion [ValidateEquals] PASSED. Expected [Sincere@april.biz] and Actual [Sincere@april.biz]. Comparison Type [EQUALS]. Validation Type [POSITIVE]. @30-09-2021 18:36:49.0957 PM
[ReportManager] API Action [GetResponseJSONValue] successfully performed. With the following test data [name]. @30-09-2021 18:36:49.0968 PM
[ReportManager] API Action [GetResponseJSONValue] successfully performed. With the following test data [name]. @30-09-2021 18:36:49.0979 PM
[ReportManager] API Action [GetResponseJSONValue] successfully performed. With the following test data [name]. @30-09-2021 18:36:49.0990 PM
[ReportManager] API Action [GetResponseJSONValue] successfully performed. With the following test data [name]. @30-09-2021 18:36:50.0001 PM
[ReportManager] API Action [GetResponseJSONValue] successfully performed. With the following test data [name]. @30-09-2021 18:36:50.0010 PM
[ReportManager] API Action [GetResponseJSONValue] successfully performed. With the following test data [name]. @30-09-2021 18:36:50.0020 PM
[ReportManager] API Action [GetResponseJSONValue] successfully performed. With the following test data [name]. @30-09-2021 18:36:50.0032 PM
[ReportManager] API Action [GetResponseJSONValue] successfully performed. With the following test data [name]. @30-09-2021 18:36:50.0043 PM
[ReportManager] API Action [GetResponseJSONValue] successfully performed. With the following test data [name]. @30-09-2021 18:36:50.0054 P
[ReportManager] File Action [GetAbsolutePath] successfully performed. With the following test data [Relative Folder Path: "target/downloadedFiles/"]. @30-09-2021 18:36:50.0073 PM
[ReportManager] Attempting to run remotely on: [Linux-64], [GoogleChrome], [http://localhost:4444/wd/hub], Headless Execution. @30-09-2021 18:36:50.0113 PM
[ReportManager] Successfully Opened [GoogleChrome]. @30-09-2021 18:36:51.0723 PM
[ReportManager] Target URL: [https://www.google.com/ncr], and after redirection: [https://www.google.com] @30-09-2021 18:36:51.0792 PM
[ReportManager] Initial URL: [data:,] @30-09-2021 18:36:51.0887 PM
[ReportManager] Browser Action [NavigateToURL] successfully performed. With the following test data [https://www.google.com/ncr]. @30-09-2021 18:36:53.0398 P

################################################################################################################################################
Starting Execution:	[3 out of 23] test cases in the current suite
Test Method:		[tests.gui.google.C_Search_PageObjectModel_Traditional.navigateToGoogleHomeAndAssertGoogleLogoIsDisplayed]
################################################################################################################################################
[ReportManager] Element Action [IsElementDisplayed] successfully performed. @30-09-2021 18:36:53.0555 PM
[ReportManager] Assertion Passed: Asserting that the Google logo is displayed @30-09-2021 18:36:53.0556 PM
[ReportManager] Assertion [ValidateTrue] PASSED. Expected [TRUE] and Actual [TRUE]. Validation Type [POSITIVE]. @30-09-2021 18:36:53.0556 P
[ReportManager] Successfully created attachment [Selenium WebDriver Logs - server] @30-09-2021 18:36:53.0708 PM
[ReportManager] Successfully created attachment [Selenium WebDriver Logs - performance] @30-09-2021 18:36:53.0794 PM
[ReportManager] Successfully created attachment [Selenium WebDriver Logs - driver] @30-09-2021 18:36:53.0988 PM
[ReportManager] Browser Action [CloseCurrentWindow] successfully performed. @30-09-2021 18:36:54.0053 PM
[ReportManager] Successfully created attachment [Browser Action Test Data - CloseCurrentWindow - Actual Value] @30-09-2021 18:36:54.0055 P
[ReportManager] File Action [GetAbsolutePath] successfully performed. With the following test data [Relative Folder Path: "target/downloadedFiles/"]. @30-09-2021 18:36:54.0076 PM
[ReportManager] Attempting to run remotely on: [Linux-64], [GoogleChrome], [http://localhost:4444/wd/hub], Headless Execution. @30-09-2021 18:36:54.0079 PM
[ReportManager] Successfully Opened [GoogleChrome]. @30-09-2021 18:36:54.0756 PM
[ReportManager] Target URL: [https://www.google.com/ncr], and after redirection: [https://www.google.com] @30-09-2021 18:36:54.0807 PM
[ReportManager] Initial URL: [data:,] @30-09-2021 18:36:54.0890 PM
[ReportManager] Browser Action [NavigateToURL] successfully performed. With the following test data [https://www.google.com/ncr]. @30-09-2021 18:36:55.0942 P

################################################################################################################################################
Starting Execution:	[4 out of 23] test cases in the current suite
Test Method:		[tests.gui.google.C_Search_PageObjectModel_Traditional.navigateToGoogleHomeAndAssertPageTitle]
################################################################################################################################################
[ReportManager] Browser Action [GetCurrentWindowTitle] successfully performed. With the following test data [Google]. @30-09-2021 18:36:55.0997 PM
[ReportManager] Assertion Passed: Asserting that the page title is Google @30-09-2021 18:36:55.0998 PM
[ReportManager] Assertion [ValidateEquals] PASSED. Expected [Google] and Actual [Google]. Comparison Type [EQUALS]. Validation Type [POSITIVE]. @30-09-2021 18:36:55.0998 P
[ReportManager] Successfully created attachment [Selenium WebDriver Logs - server] @30-09-2021 18:36:56.0104 PM
[ReportManager] Successfully created attachment [Selenium WebDriver Logs - performance] @30-09-2021 18:36:56.0166 PM
[ReportManager] Successfully created attachment [Selenium WebDriver Logs - driver] @30-09-2021 18:36:56.0265 PM
[ReportManager] Browser Action [CloseCurrentWindow] successfully performed. @30-09-2021 18:36:56.0325 PM
[ReportManager] Successfully created attachment [Browser Action Test Data - CloseCurrentWindow - Actual Value] @30-09-2021 18:36:56.0332 P
[ReportManager] File Action [GetAbsolutePath] successfully performed. With the following test data [Relative Folder Path: "target/downloadedFiles/"]. @30-09-2021 18:36:56.0341 PM
[ReportManager] Attempting to run remotely on: [Linux-64], [GoogleChrome], [http://localhost:4444/wd/hub], Headless Execution. @30-09-2021 18:36:56.0341 PM
[ReportManager] Successfully Opened [GoogleChrome]. @30-09-2021 18:36:57.0000 PM
[ReportManager] Target URL: [https://www.google.com/ncr], and after redirection: [https://www.google.com] @30-09-2021 18:36:57.0029 PM
[ReportManager] Initial URL: [data:,] @30-09-2021 18:36:57.0106 PM
[ReportManager] Browser Action [NavigateToURL] successfully performed. With the following test data [https://www.google.com/ncr]. @30-09-2021 18:36:58.0127 P

################################################################################################################################################
Starting Execution:	[5 out of 23] test cases in the current suite
Test Method:		[tests.gui.google.C_Search_PageObjectModel_Traditional.searchForQueryAndAssertFirstResultTextIsCorrect]
################################################################################################################################################
[ReportManager] Element Action [Type] successfully performed. With the following test data [SHAFT_Engine]. @30-09-2021 18:36:58.0859 PM
[ReportManager] Element Action [KeyPress] successfully performed. With the following test data [ENTER]. @30-09-2021 18:37:00.0574 PM
[ReportManager] Element Action [GetText] successfully performed. With the following test data [SHAFT_ENGINE is a Test Automation Engine that ... - GitHub]. @30-09-2021 18:37:00.0684 PM
[ReportManager] Assertion Failed: Asserting that the correct first result is displayed @30-09-2021 18:37:00.0685 PM
[ReportManager] Assertion [ValidateEquals] FAILED. Expected [MohabMohie] and Actual [SHAFT_ENGINE is a Test Automation Engine that ... - GitHub]. Comparison Type [CONTAINS]. Validation Type [POSITIVE]. @30-09-2021 18:37:00.0685 P
[ReportManager] Successfully created attachment [Selenium WebDriver Logs - server] @30-09-2021 18:37:00.0944 PM
[ReportManager] Successfully created attachment [Selenium WebDriver Logs - performance] @30-09-2021 18:37:01.0185 PM
[ReportManager] Successfully created attachment [Selenium WebDriver Logs - driver] @30-09-2021 18:37:01.0541 PM
[ReportManager] Browser Action [CloseCurrentWindow] successfully performed. @30-09-2021 18:37:01.0610 PM
[ReportManager] Successfully created attachment [Browser Action Test Data - CloseCurrentWindow - Actual Value] @30-09-2021 18:37:01.0617 P
[ReportManager] Successfully loaded the following test data file [src/test/resources/TestDataFiles/Google/SimpleSearch.xlsx]. @30-09-2021 18:37:02.0490 PM
[ReportManager] Successfully created attachment [Test Data - Excel] @30-09-2021 18:37:02.0491 P
[ReportManager] File Action [GetAbsolutePath] successfully performed. With the following test data [Relative Folder Path: "target/downloadedFiles/"]. @30-09-2021 18:37:02.0492 PM
[ReportManager] Attempting to run remotely on: [Linux-64], [GoogleChrome], [http://localhost:4444/wd/hub], Headless Execution. @30-09-2021 18:37:02.0492 PM
[ReportManager] Successfully Opened [GoogleChrome]. @30-09-2021 18:37:03.0215 PM
[ReportManager] Target URL: [https://www.google.com/ncr], and after redirection: [https://www.google.com] @30-09-2021 18:37:03.0236 PM
[ReportManager] Initial URL: [data:,] @30-09-2021 18:37:03.0312 PM
[ReportManager] Browser Action [NavigateToURL] successfully performed. With the following test data [https://www.google.com/ncr]. @30-09-2021 18:37:04.0330 P

################################################################################################################################################
Starting Execution:	[6 out of 23] test cases in the current suite
Test Method:		[tests.gui.google.E_Search_PageObjectModel_Traditional_SHAFTAssertions.navigateToGoogleHomeAndAssertGoogleLogoIsDisplayed]
################################################################################################################################################
[ReportManager] File Action [DoesFileExist] successfully performed. With the following test data [File Path: "src/test/resources/DynamicObjectRepository/tests_gui_google_E_Search_PageObjectModel_Traditional_SHAFTAssertions_navigateToGoogleHomeAndAssertGoogleLogoIsDisplayed_By_xpath_img_id_hplogo_or_alt_Google.png"]. @30-09-2021 18:37:04.0351 PM
[ReportManager] File Action [GetAbsolutePath] successfully performed. With the following test data [Relative Folder Path: "src/test/resources/DynamicObjectRepository/tests_gui_google_E_Search_PageObjectModel_Traditional_SHAFTAssertions_navigateToGoogleHomeAndAssertGoogleLogoIsDisplayed_By_xpath_img_id_hplogo_or_alt_Google.png"]. @30-09-2021 18:37:04.0351 PM
[ReportManager] File Action [ReadFromImageFile] successfully performed. With the following test data [File Path: "/home/runner/work/using_SHAFT_ENGINE/using_SHAFT_ENGINE/src/test/resources/DynamicObjectRepository/tests_gui_google_E_Search_PageObjectModel_Traditional_SHAFTAssertions_navigateToGoogleHomeAndAssertGoogleLogoIsDisplayed_By_xpath_img_id_hplogo_or_alt_Google.png"]. @30-09-2021 18:37:04.0352 PM
[ReportManager] File Action [DoesFileExist] successfully performed. With the following test data [File Path: "src/test/resources/DynamicObjectRepository/tests_gui_google_E_Search_PageObjectModel_Traditional_SHAFTAssertions_navigateToGoogleHomeAndAssertGoogleLogoIsDisplayed_By_xpath_img_id_hplogo_or_alt_Google.png"]. @30-09-2021 18:37:04.0606 PM
[ReportManager] File Action [DoesFileExist] successfully performed. With the following test data [File Path: "src/test/resources/DynamicObjectRepository/tests_gui_google_E_Search_PageObjectModel_Traditional_SHAFTAssertions_navigateToGoogleHomeAndAssertGoogleLogoIsDisplayed_By_xpath_img_id_hplogo_or_alt_Google.png"]. @30-09-2021 18:37:04.0607 PM
[ReportManager] Loaded Shared OpenCV @30-09-2021 18:37:05.0064 PM
[ReportManager] Successfully identified the element using AI; OpenCV. @30-09-2021 18:37:05.0084 PM
[ReportManager] Assertion Passed: Asserting that the Google logo is displayed @30-09-2021 18:37:05.0085 PM
[ReportManager] Successfully created attachment [Validation Test Data - Reference Screenshot] @30-09-2021 18:37:05.0085 PM
[ReportManager] Successfully created attachment [Validation Test Data - Actual Screenshot] @30-09-2021 18:37:05.0086 PM
[ReportManager] Assertion [ValidateElementMatches] PASSED. Expected [Element should match the reference screenshot] and Actual [TRUE]. Comparison Type [EXACT_OPENCV]. Validation Type [POSITIVE]. @30-09-2021 18:37:05.0086 P
[ReportManager] Successfully created attachment [Selenium WebDriver Logs - server] @30-09-2021 18:37:05.0197 PM
[ReportManager] Successfully created attachment [Selenium WebDriver Logs - performance] @30-09-2021 18:37:05.0266 PM
[ReportManager] Successfully created attachment [Selenium WebDriver Logs - driver] @30-09-2021 18:37:05.0351 PM
[ReportManager] Browser Action [CloseCurrentWindow] successfully performed. @30-09-2021 18:37:05.0409 PM
[ReportManager] Successfully created attachment [Browser Action Test Data - CloseCurrentWindow - Actual Value] @30-09-2021 18:37:05.0411 P
[ReportManager] File Action [GetAbsolutePath] successfully performed. With the following test data [Relative Folder Path: "target/downloadedFiles/"]. @30-09-2021 18:37:05.0413 PM
[ReportManager] Attempting to run remotely on: [Linux-64], [GoogleChrome], [http://localhost:4444/wd/hub], Headless Execution. @30-09-2021 18:37:05.0414 PM
[ReportManager] Successfully Opened [GoogleChrome]. @30-09-2021 18:37:05.0678 PM
[ReportManager] Target URL: [https://www.google.com/ncr], and after redirection: [https://www.google.com] @30-09-2021 18:37:05.0700 PM
[ReportManager] Initial URL: [data:,] @30-09-2021 18:37:05.0766 PM
[ReportManager] Browser Action [NavigateToURL] successfully performed. With the following test data [https://www.google.com/ncr]. @30-09-2021 18:37:06.0684 P

################################################################################################################################################
Starting Execution:	[7 out of 23] test cases in the current suite
Test Method:		[tests.gui.google.E_Search_PageObjectModel_Traditional_SHAFTAssertions.navigateToGoogleHomeAndAssertPageTitle]
################################################################################################################################################
[ReportManager] Browser Action [GetCurrentWindowTitle] successfully performed. With the following test data [Google]. @30-09-2021 18:37:06.0734 PM
[ReportManager] Assertion Passed: Asserting that the page title is Google @30-09-2021 18:37:07.0037 PM
[ReportManager] Successfully created attachment [Screenshot - 1633027026813_navigateToGoogleHomeAndAssertPageTitle_ValidateBrowserAttribute_passed] @30-09-2021 18:37:07.0044 PM
[ReportManager] Assertion [ValidateBrowserAttribute] PASSED. Expected [Value Should be 'Google' for the 'Title' attribute] and Actual [Google]. Comparison Type [EQUALS]. Validation Type [POSITIVE]. @30-09-2021 18:37:07.0044 P
[ReportManager] Successfully created attachment [Selenium WebDriver Logs - server] @30-09-2021 18:37:07.0148 PM
[ReportManager] Successfully created attachment [Selenium WebDriver Logs - performance] @30-09-2021 18:37:07.0207 PM
[ReportManager] Successfully created attachment [Selenium WebDriver Logs - driver] @30-09-2021 18:37:07.0311 PM
[ReportManager] Browser Action [CloseCurrentWindow] successfully performed. @30-09-2021 18:37:07.0372 PM
[ReportManager] Successfully created attachment [Browser Action Test Data - CloseCurrentWindow - Actual Value] @30-09-2021 18:37:07.0373 P
[ReportManager] File Action [GetAbsolutePath] successfully performed. With the following test data [Relative Folder Path: "target/downloadedFiles/"]. @30-09-2021 18:37:07.0381 PM
[ReportManager] Attempting to run remotely on: [Linux-64], [GoogleChrome], [http://localhost:4444/wd/hub], Headless Execution. @30-09-2021 18:37:07.0381 PM
[ReportManager] Successfully Opened [GoogleChrome]. @30-09-2021 18:37:07.0700 PM
[ReportManager] Target URL: [https://www.google.com/ncr], and after redirection: [https://www.google.com] @30-09-2021 18:37:07.0714 PM
[ReportManager] Initial URL: [data:,] @30-09-2021 18:37:07.0778 PM
[ReportManager] Browser Action [NavigateToURL] successfully performed. With the following test data [https://www.google.com/ncr]. @30-09-2021 18:37:08.0741 P

################################################################################################################################################
Starting Execution:	[8 out of 23] test cases in the current suite
Test Method:		[tests.gui.google.E_Search_PageObjectModel_Traditional_SHAFTAssertions.searchForQueryAndAssertFirstResultTextIsCorrect]
################################################################################################################################################
[ReportManager] Element Action [Type] successfully performed. With the following test data [SHAFT_Engine]. @30-09-2021 18:37:09.0514 PM
[ReportManager] Element Action [KeyPress] successfully performed. With the following test data [ENTER]. @30-09-2021 18:37:10.0602 PM
[ReportManager] Element Action [GetText] successfully performed. With the following test data [SHAFT_ENGINE is a Test Automation Engine that ... - GitHub]. @30-09-2021 18:37:10.0948 PM
[ReportManager] Loaded Shared OpenCV @30-09-2021 18:37:11.0476 PM
[ReportManager] Assertion Failed: Asserting that the correct first result is displayed @30-09-2021 18:37:11.0572 PM
[ReportManager] Successfully created attachment [Screenshot - 1633027031476_searchForQueryAndAssertFirstResultTextIsCorrect_ValidateElementAttribute_failed] @30-09-2021 18:37:11.0580 PM
[ReportManager] Assertion [ValidateElementAttribute] FAILED. Expected [Value Should be 'MohabMohie' for the 'Text' attribute, element locator 'By.xpath: (//h1[contains(text(),'Search Result')]/following-sibling::div//a/h3)[1]'] and Actual [SHAFT_ENGINE is a Test Automation Engine that ... - GitHub]. Comparison Type [CONTAINS]. Validation Type [POSITIVE]. @30-09-2021 18:37:11.0580 P
[ReportManager] Successfully created attachment [Selenium WebDriver Logs - server] @30-09-2021 18:37:11.0801 PM
[ReportManager] Successfully created attachment [Selenium WebDriver Logs - performance] @30-09-2021 18:37:12.0040 PM
[ReportManager] Successfully created attachment [Selenium WebDriver Logs - driver] @30-09-2021 18:37:12.0321 PM
[ReportManager] Browser Action [CloseCurrentWindow] successfully performed. @30-09-2021 18:37:12.0390 PM
[ReportManager] Successfully created attachment [Browser Action Test Data - CloseCurrentWindow - Actual Value] @30-09-2021 18:37:12.0393 P
[ReportManager] File Action [GetAbsolutePath] successfully performed. With the following test data [Relative Folder Path: "target/downloadedFiles/"]. @30-09-2021 18:37:12.0398 PM
[ReportManager] Attempting to run remotely on: [Linux-64], [GoogleChrome], [http://localhost:4444/wd/hub], Headless Execution. @30-09-2021 18:37:12.0399 PM
[ReportManager] Successfully Opened [GoogleChrome]. @30-09-2021 18:37:12.0698 PM
[ReportManager] Target URL: [https://www.google.com/ncr], and after redirection: [https://www.google.com] @30-09-2021 18:37:12.0723 PM
[ReportManager] Initial URL: [data:,] @30-09-2021 18:37:12.0782 PM
[ReportManager] Browser Action [NavigateToURL] successfully performed. With the following test data [https://www.google.com/ncr]. @30-09-2021 18:37:13.0688 P

################################################################################################################################################
Starting Execution:	[9 out of 23] test cases in the current suite
Test Method:		[tests.gui.google.B_Search_FlatTest_SHAFT.navigateToGoogleHomeAndAssertGoogleLogoIsDisplayed]
################################################################################################################################################
[ReportManager] File Action [DoesFileExist] successfully performed. With the following test data [File Path: "src/test/resources/DynamicObjectRepository/tests_gui_google_B_Search_FlatTest_SHAFT_navigateToGoogleHomeAndAssertGoogleLogoIsDisplayed_By_xpath_img_id_hplogo_or_alt_Google.png"]. @30-09-2021 18:37:13.0695 PM
[ReportManager] File Action [GetAbsolutePath] successfully performed. With the following test data [Relative Folder Path: "src/test/resources/DynamicObjectRepository/tests_gui_google_B_Search_FlatTest_SHAFT_navigateToGoogleHomeAndAssertGoogleLogoIsDisplayed_By_xpath_img_id_hplogo_or_alt_Google.png"]. @30-09-2021 18:37:13.0695 PM
[ReportManager] File Action [ReadFromImageFile] successfully performed. With the following test data [File Path: "/home/runner/work/using_SHAFT_ENGINE/using_SHAFT_ENGINE/src/test/resources/DynamicObjectRepository/tests_gui_google_B_Search_FlatTest_SHAFT_navigateToGoogleHomeAndAssertGoogleLogoIsDisplayed_By_xpath_img_id_hplogo_or_alt_Google.png"]. @30-09-2021 18:37:13.0696 PM
[ReportManager] File Action [DoesFileExist] successfully performed. With the following test data [File Path: "src/test/resources/DynamicObjectRepository/tests_gui_google_B_Search_FlatTest_SHAFT_navigateToGoogleHomeAndAssertGoogleLogoIsDisplayed_By_xpath_img_id_hplogo_or_alt_Google.png"]. @30-09-2021 18:37:13.0910 PM
[ReportManager] File Action [DoesFileExist] successfully performed. With the following test data [File Path: "src/test/resources/DynamicObjectRepository/tests_gui_google_B_Search_FlatTest_SHAFT_navigateToGoogleHomeAndAssertGoogleLogoIsDisplayed_By_xpath_img_id_hplogo_or_alt_Google.png"]. @30-09-2021 18:37:13.0910 PM
[ReportManager] Loaded Shared OpenCV @30-09-2021 18:37:13.0910 PM
[ReportManager] Successfully identified the element using AI; OpenCV. @30-09-2021 18:37:13.0913 PM
[ReportManager] Assertion Passed: Asserting that the Google logo is displayed @30-09-2021 18:37:13.0914 PM
[ReportManager] Successfully created attachment [Validation Test Data - Reference Screenshot] @30-09-2021 18:37:13.0914 PM
[ReportManager] Successfully created attachment [Validation Test Data - Actual Screenshot] @30-09-2021 18:37:13.0914 PM
[ReportManager] Assertion [ValidateElementMatches] PASSED. Expected [Element should match the reference screenshot] and Actual [TRUE]. Comparison Type [EXACT_OPENCV]. Validation Type [POSITIVE]. @30-09-2021 18:37:13.0914 P
[ReportManager] Successfully created attachment [Selenium WebDriver Logs - server] @30-09-2021 18:37:14.0025 PM
[ReportManager] Successfully created attachment [Selenium WebDriver Logs - performance] @30-09-2021 18:37:14.0072 PM
[ReportManager] Successfully created attachment [Selenium WebDriver Logs - driver] @30-09-2021 18:37:14.0163 PM
[ReportManager] Browser Action [CloseCurrentWindow] successfully performed. @30-09-2021 18:37:14.0224 PM
[ReportManager] Successfully created attachment [Browser Action Test Data - CloseCurrentWindow - Actual Value] @30-09-2021 18:37:14.0225 P
[ReportManager] File Action [GetAbsolutePath] successfully performed. With the following test data [Relative Folder Path: "target/downloadedFiles/"]. @30-09-2021 18:37:14.0230 PM
[ReportManager] Attempting to run remotely on: [Linux-64], [GoogleChrome], [http://localhost:4444/wd/hub], Headless Execution. @30-09-2021 18:37:14.0230 PM
[ReportManager] Successfully Opened [GoogleChrome]. @30-09-2021 18:37:14.0507 PM
[ReportManager] Target URL: [https://www.google.com/ncr], and after redirection: [https://www.google.com] @30-09-2021 18:37:14.0526 PM
[ReportManager] Initial URL: [data:,] @30-09-2021 18:37:14.0578 PM
[ReportManager] Browser Action [NavigateToURL] successfully performed. With the following test data [https://www.google.com/ncr]. @30-09-2021 18:37:16.0767 P

################################################################################################################################################
Starting Execution:	[10 out of 23] test cases in the current suite
Test Method:		[tests.gui.google.B_Search_FlatTest_SHAFT.navigateToGoogleHomeAndAssertPageTitle]
################################################################################################################################################
[ReportManager] Browser Action [GetCurrentWindowTitle] successfully performed. With the following test data [Google]. @30-09-2021 18:37:16.0806 PM
[ReportManager] Assertion Passed: Asserting that the page title is Google @30-09-2021 18:37:16.0936 PM
[ReportManager] Successfully created attachment [Screenshot - 1633027036877_navigateToGoogleHomeAndAssertPageTitle_ValidateBrowserAttribute_passed] @30-09-2021 18:37:16.0937 PM
[ReportManager] Assertion [ValidateBrowserAttribute] PASSED. Expected [Value Should be 'Google' for the 'Title' attribute] and Actual [Google]. Comparison Type [EQUALS]. Validation Type [POSITIVE]. @30-09-2021 18:37:16.0937 P
[ReportManager] Successfully created attachment [Selenium WebDriver Logs - server] @30-09-2021 18:37:17.0034 PM
[ReportManager] Successfully created attachment [Selenium WebDriver Logs - performance] @30-09-2021 18:37:17.0071 PM
[ReportManager] Successfully created attachment [Selenium WebDriver Logs - driver] @30-09-2021 18:37:17.0163 PM
[ReportManager] Browser Action [CloseCurrentWindow] successfully performed. @30-09-2021 18:37:17.0233 PM
[ReportManager] Successfully created attachment [Browser Action Test Data - CloseCurrentWindow - Actual Value] @30-09-2021 18:37:17.0235 P
[ReportManager] File Action [GetAbsolutePath] successfully performed. With the following test data [Relative Folder Path: "target/downloadedFiles/"]. @30-09-2021 18:37:17.0241 PM
[ReportManager] Attempting to run remotely on: [Linux-64], [GoogleChrome], [http://localhost:4444/wd/hub], Headless Execution. @30-09-2021 18:37:17.0241 PM
[ReportManager] Successfully Opened [GoogleChrome]. @30-09-2021 18:37:17.0500 PM
[ReportManager] Target URL: [https://www.google.com/ncr], and after redirection: [https://www.google.com] @30-09-2021 18:37:17.0531 PM
[ReportManager] Initial URL: [data:,] @30-09-2021 18:37:17.0579 PM
[ReportManager] Browser Action [NavigateToURL] successfully performed. With the following test data [https://www.google.com/ncr]. @30-09-2021 18:37:18.0529 P

################################################################################################################################################
Starting Execution:	[11 out of 23] test cases in the current suite
Test Method:		[tests.gui.google.B_Search_FlatTest_SHAFT.searchForQueryAndAssertFirstResultTextIsCorrect]
################################################################################################################################################
[ReportManager] Element Action [Type] successfully performed. With the following test data [SHAFT_Engine]. @30-09-2021 18:37:19.0236 PM
[ReportManager] Element Action [KeyPress] successfully performed. With the following test data [ENTER]. @30-09-2021 18:37:20.0876 PM
[ReportManager] Element Action [GetText] successfully performed. With the following test data [SHAFT_ENGINE is a Test Automation Engine that ... - GitHub]. @30-09-2021 18:37:20.0977 PM
[ReportManager] Loaded Shared OpenCV @30-09-2021 18:37:21.0166 PM
[ReportManager] Assertion Failed: Asserting that the correct first result is displayed @30-09-2021 18:37:21.0233 PM
[ReportManager] Successfully created attachment [Screenshot - 1633027041165_searchForQueryAndAssertFirstResultTextIsCorrect_ValidateElementAttribute_failed] @30-09-2021 18:37:21.0240 PM
[ReportManager] Assertion [ValidateElementAttribute] FAILED. Expected [Value Should be 'MohabMohie' for the 'Text' attribute, element locator 'By.xpath: (//h1[contains(text(),'Search Result')]/following-sibling::div//a/h3)[1]'] and Actual [SHAFT_ENGINE is a Test Automation Engine that ... - GitHub]. Comparison Type [CONTAINS]. Validation Type [POSITIVE]. @30-09-2021 18:37:21.0240 P
[ReportManager] Successfully created attachment [Selenium WebDriver Logs - server] @30-09-2021 18:37:21.0429 PM
[ReportManager] Successfully created attachment [Selenium WebDriver Logs - performance] @30-09-2021 18:37:21.0619 PM
[ReportManager] Successfully created attachment [Selenium WebDriver Logs - driver] @30-09-2021 18:37:21.0867 PM
[ReportManager] Browser Action [CloseCurrentWindow] successfully performed. @30-09-2021 18:37:21.0927 PM
[ReportManager] Successfully created attachment [Browser Action Test Data - CloseCurrentWindow - Actual Value] @30-09-2021 18:37:21.0929 P
[ReportManager] Successfully loaded the following test data file [src/test/resources/TestDataFiles/Google/SimpleSearch.xlsx]. @30-09-2021 18:37:21.0988 PM
[ReportManager] Successfully created attachment [Test Data - Excel] @30-09-2021 18:37:21.0988 P
[ReportManager] File Action [GetAbsolutePath] successfully performed. With the following test data [Relative Folder Path: "target/downloadedFiles/"]. @30-09-2021 18:37:21.0989 PM
[ReportManager] Attempting to run remotely on: [Linux-64], [GoogleChrome], [http://localhost:4444/wd/hub], Headless Execution. @30-09-2021 18:37:21.0990 PM
[ReportManager] Successfully Opened [GoogleChrome]. @30-09-2021 18:37:22.0317 PM
[ReportManager] Target URL: [https://www.google.com/ncr], and after redirection: [https://www.google.com] @30-09-2021 18:37:22.0334 PM
[ReportManager] Initial URL: [data:,] @30-09-2021 18:37:22.0382 PM
[ReportManager] Browser Action [NavigateToURL] successfully performed. With the following test data [https://www.google.com/ncr]. @30-09-2021 18:37:23.0312 P

################################################################################################################################################
Starting Execution:	[12 out of 23] test cases in the current suite
Test Method:		[tests.gui.google.F_Search_PageObjectModel_Fluent.navigateToGoogleHomeAndAssertGoogleLogoIsDisplayed]
################################################################################################################################################
[ReportManager] File Action [DoesFileExist] successfully performed. With the following test data [File Path: "src/test/resources/DynamicObjectRepository/tests_gui_google_F_Search_PageObjectModel_Fluent_navigateToGoogleHomeAndAssertGoogleLogoIsDisplayed_By_xpath_img_id_hplogo_or_alt_Google.png"]. @30-09-2021 18:37:23.0333 PM
[ReportManager] File Action [GetAbsolutePath] successfully performed. With the following test data [Relative Folder Path: "src/test/resources/DynamicObjectRepository/tests_gui_google_F_Search_PageObjectModel_Fluent_navigateToGoogleHomeAndAssertGoogleLogoIsDisplayed_By_xpath_img_id_hplogo_or_alt_Google.png"]. @30-09-2021 18:37:23.0333 PM
[ReportManager] File Action [ReadFromImageFile] successfully performed. With the following test data [File Path: "/home/runner/work/using_SHAFT_ENGINE/using_SHAFT_ENGINE/src/test/resources/DynamicObjectRepository/tests_gui_google_F_Search_PageObjectModel_Fluent_navigateToGoogleHomeAndAssertGoogleLogoIsDisplayed_By_xpath_img_id_hplogo_or_alt_Google.png"]. @30-09-2021 18:37:23.0333 PM
[ReportManager] File Action [DoesFileExist] successfully performed. With the following test data [File Path: "src/test/resources/DynamicObjectRepository/tests_gui_google_F_Search_PageObjectModel_Fluent_navigateToGoogleHomeAndAssertGoogleLogoIsDisplayed_By_xpath_img_id_hplogo_or_alt_Google.png"]. @30-09-2021 18:37:23.0575 PM
[ReportManager] File Action [DoesFileExist] successfully performed. With the following test data [File Path: "src/test/resources/DynamicObjectRepository/tests_gui_google_F_Search_PageObjectModel_Fluent_navigateToGoogleHomeAndAssertGoogleLogoIsDisplayed_By_xpath_img_id_hplogo_or_alt_Google.png"]. @30-09-2021 18:37:23.0575 PM
[ReportManager] Loaded Shared OpenCV @30-09-2021 18:37:23.0575 PM
[ReportManager] Successfully identified the element using AI; OpenCV. @30-09-2021 18:37:23.0578 PM
[ReportManager] Assertion Passed: Asserting that the Google logo is displayed @30-09-2021 18:37:23.0579 PM
[ReportManager] Successfully created attachment [Validation Test Data - Reference Screenshot] @30-09-2021 18:37:23.0579 PM
[ReportManager] Successfully created attachment [Validation Test Data - Actual Screenshot] @30-09-2021 18:37:23.0579 PM
[ReportManager] Assertion [ValidateElementMatches] PASSED. Expected [Element should match the reference screenshot] and Actual [TRUE]. Comparison Type [EXACT_OPENCV]. Validation Type [POSITIVE]. @30-09-2021 18:37:23.0580 P
[ReportManager] Successfully created attachment [Selenium WebDriver Logs - server] @30-09-2021 18:37:23.0671 PM
[ReportManager] Successfully created attachment [Selenium WebDriver Logs - performance] @30-09-2021 18:37:23.0709 PM
[ReportManager] Successfully created attachment [Selenium WebDriver Logs - driver] @30-09-2021 18:37:23.0785 PM
[ReportManager] Browser Action [CloseCurrentWindow] successfully performed. @30-09-2021 18:37:23.0847 PM
[ReportManager] Successfully created attachment [Browser Action Test Data - CloseCurrentWindow - Actual Value] @30-09-2021 18:37:23.0849 P
[ReportManager] File Action [GetAbsolutePath] successfully performed. With the following test data [Relative Folder Path: "target/downloadedFiles/"]. @30-09-2021 18:37:23.0867 PM
[ReportManager] Attempting to run remotely on: [Linux-64], [GoogleChrome], [http://localhost:4444/wd/hub], Headless Execution. @30-09-2021 18:37:23.0868 PM
[ReportManager] Successfully Opened [GoogleChrome]. @30-09-2021 18:37:24.0213 PM
[ReportManager] Target URL: [https://www.google.com/ncr], and after redirection: [https://www.google.com] @30-09-2021 18:37:24.0226 PM
[ReportManager] Initial URL: [data:,] @30-09-2021 18:37:24.0275 PM
[ReportManager] Browser Action [NavigateToURL] successfully performed. With the following test data [https://www.google.com/ncr]. @30-09-2021 18:37:25.0206 P

################################################################################################################################################
Starting Execution:	[13 out of 23] test cases in the current suite
Test Method:		[tests.gui.google.F_Search_PageObjectModel_Fluent.navigateToGoogleHomeAndAssertPageTitle]
################################################################################################################################################
[ReportManager] Browser Action [GetCurrentWindowTitle] successfully performed. With the following test data [Google]. @30-09-2021 18:37:25.0244 PM
[ReportManager] Assertion Passed: Asserting that the page title is Google @30-09-2021 18:37:25.0367 PM
[ReportManager] Successfully created attachment [Screenshot - 1633027045328_navigateToGoogleHomeAndAssertPageTitle_ValidateBrowserAttribute_passed] @30-09-2021 18:37:25.0368 PM
[ReportManager] Assertion [ValidateBrowserAttribute] PASSED. Expected [Value Should be 'Google' for the 'Title' attribute] and Actual [Google]. Comparison Type [EQUALS]. Validation Type [POSITIVE]. @30-09-2021 18:37:25.0368 P
[ReportManager] Successfully created attachment [Selenium WebDriver Logs - server] @30-09-2021 18:37:25.0456 PM
[ReportManager] Successfully created attachment [Selenium WebDriver Logs - performance] @30-09-2021 18:37:25.0494 PM
[ReportManager] Successfully created attachment [Selenium WebDriver Logs - driver] @30-09-2021 18:37:25.0565 PM
[ReportManager] Browser Action [CloseCurrentWindow] successfully performed. @30-09-2021 18:37:25.0625 PM
[ReportManager] Successfully created attachment [Browser Action Test Data - CloseCurrentWindow - Actual Value] @30-09-2021 18:37:25.0625 P
[ReportManager] File Action [GetAbsolutePath] successfully performed. With the following test data [Relative Folder Path: "target/downloadedFiles/"]. @30-09-2021 18:37:25.0628 PM
[ReportManager] Attempting to run remotely on: [Linux-64], [GoogleChrome], [http://localhost:4444/wd/hub], Headless Execution. @30-09-2021 18:37:25.0628 PM
[ReportManager] Successfully Opened [GoogleChrome]. @30-09-2021 18:37:25.0892 PM
[ReportManager] Target URL: [https://www.google.com/ncr], and after redirection: [https://www.google.com] @30-09-2021 18:37:25.0914 PM
[ReportManager] Initial URL: [data:,] @30-09-2021 18:37:26.0000 PM
[ReportManager] Browser Action [NavigateToURL] successfully performed. With the following test data [https://www.google.com/ncr]. @30-09-2021 18:37:26.0961 P

################################################################################################################################################
Starting Execution:	[14 out of 23] test cases in the current suite
Test Method:		[tests.gui.google.F_Search_PageObjectModel_Fluent.searchForQueryAndAssertFirstResultTextIsCorrect]
################################################################################################################################################
[ReportManager] Element Action [Type] successfully performed. With the following test data [SHAFT_Engine]. @30-09-2021 18:37:27.0716 PM
[ReportManager] Element Action [KeyPress] successfully performed. With the following test data [ENTER]. @30-09-2021 18:37:29.0301 PM
[ReportManager] Element Action [GetText] successfully performed. With the following test data [SHAFT_ENGINE is a Test Automation Engine that ... - GitHub]. @30-09-2021 18:37:29.0384 PM
[ReportManager] Loaded Shared OpenCV @30-09-2021 18:37:29.0567 PM
[ReportManager] Assertion Failed: Asserting that the correct first result is displayed @30-09-2021 18:37:29.0632 PM
[ReportManager] Successfully created attachment [Screenshot - 1633027049567_searchForQueryAndAssertFirstResultTextIsCorrect_ValidateElementAttribute_failed] @30-09-2021 18:37:29.0633 PM
[ReportManager] Assertion [ValidateElementAttribute] FAILED. Expected [Value Should be 'MohabMohie' for the 'Text' attribute, element locator 'By.xpath: (//h1[contains(text(),'Search Result')]/following-sibling::div//a/h3)[1]'] and Actual [SHAFT_ENGINE is a Test Automation Engine that ... - GitHub]. Comparison Type [CONTAINS]. Validation Type [POSITIVE]. @30-09-2021 18:37:29.0633 P
[ReportManager] Successfully created attachment [Selenium WebDriver Logs - server] @30-09-2021 18:37:29.0834 PM
[ReportManager] Successfully created attachment [Selenium WebDriver Logs - performance] @30-09-2021 18:37:30.0029 PM
[ReportManager] Successfully created attachment [Selenium WebDriver Logs - driver] @30-09-2021 18:37:30.0290 PM
[ReportManager] Browser Action [CloseCurrentWindow] successfully performed. @30-09-2021 18:37:30.0350 PM
[ReportManager] Successfully created attachment [Browser Action Test Data - CloseCurrentWindow - Actual Value] @30-09-2021 18:37:30.0352 P
[ReportManager] Successfully loaded the following test data file [src/test/resources/TestDataFiles/Google/SimpleSearch.xlsx]. @30-09-2021 18:37:30.0397 PM
[ReportManager] Successfully created attachment [Test Data - Excel] @30-09-2021 18:37:30.0397 P
[ReportManager] File Action [GetAbsolutePath] successfully performed. With the following test data [Relative Folder Path: "target/downloadedFiles/"]. @30-09-2021 18:37:30.0398 PM
[ReportManager] Attempting to run remotely on: [Linux-64], [GoogleChrome], [http://localhost:4444/wd/hub], Headless Execution. @30-09-2021 18:37:30.0399 PM
[ReportManager] Successfully Opened [GoogleChrome]. @30-09-2021 18:37:30.0681 PM
[ReportManager] Target URL: [https://www.google.com/ncr], and after redirection: [https://www.google.com] @30-09-2021 18:37:30.0701 PM
[ReportManager] Initial URL: [data:,] @30-09-2021 18:37:30.0756 PM
[ReportManager] Browser Action [NavigateToURL] successfully performed. With the following test data [https://www.google.com/ncr]. @30-09-2021 18:37:31.0868 P

################################################################################################################################################
Starting Execution:	[15 out of 23] test cases in the current suite
Test Method:		[tests.gui.google.G_Search_PageObjectModel_ThreadSafe.navigateToGoogleHomeAndAssertGoogleLogoIsDisplayed]
################################################################################################################################################
[ReportManager] File Action [DoesFileExist] successfully performed. With the following test data [File Path: "src/test/resources/DynamicObjectRepository/tests_gui_google_G_Search_PageObjectModel_ThreadSafe_navigateToGoogleHomeAndAssertGoogleLogoIsDisplayed_By_xpath_img_id_hplogo_or_alt_Google.png"]. @30-09-2021 18:37:31.0870 PM
[ReportManager] File Action [GetAbsolutePath] successfully performed. With the following test data [Relative Folder Path: "src/test/resources/DynamicObjectRepository/tests_gui_google_G_Search_PageObjectModel_ThreadSafe_navigateToGoogleHomeAndAssertGoogleLogoIsDisplayed_By_xpath_img_id_hplogo_or_alt_Google.png"]. @30-09-2021 18:37:31.0871 PM
[ReportManager] File Action [ReadFromImageFile] successfully performed. With the following test data [File Path: "/home/runner/work/using_SHAFT_ENGINE/using_SHAFT_ENGINE/src/test/resources/DynamicObjectRepository/tests_gui_google_G_Search_PageObjectModel_ThreadSafe_navigateToGoogleHomeAndAssertGoogleLogoIsDisplayed_By_xpath_img_id_hplogo_or_alt_Google.png"]. @30-09-2021 18:37:31.0871 PM
[ReportManager] File Action [DoesFileExist] successfully performed. With the following test data [File Path: "src/test/resources/DynamicObjectRepository/tests_gui_google_G_Search_PageObjectModel_ThreadSafe_navigateToGoogleHomeAndAssertGoogleLogoIsDisplayed_By_xpath_img_id_hplogo_or_alt_Google.png"]. @30-09-2021 18:37:32.0059 PM
[ReportManager] File Action [DoesFileExist] successfully performed. With the following test data [File Path: "src/test/resources/DynamicObjectRepository/tests_gui_google_G_Search_PageObjectModel_ThreadSafe_navigateToGoogleHomeAndAssertGoogleLogoIsDisplayed_By_xpath_img_id_hplogo_or_alt_Google.png"]. @30-09-2021 18:37:32.0059 PM
[ReportManager] Loaded Shared OpenCV @30-09-2021 18:37:32.0059 PM
[ReportManager] Successfully identified the element using AI; OpenCV. @30-09-2021 18:37:32.0062 PM
[ReportManager] Assertion Passed: Asserting that the Google logo is displayed @30-09-2021 18:37:32.0062 PM
[ReportManager] Successfully created attachment [Validation Test Data - Reference Screenshot] @30-09-2021 18:37:32.0063 PM
[ReportManager] Successfully created attachment [Validation Test Data - Actual Screenshot] @30-09-2021 18:37:32.0063 PM
[ReportManager] Assertion [ValidateElementMatches] PASSED. Expected [Element should match the reference screenshot] and Actual [TRUE]. Comparison Type [EXACT_OPENCV]. Validation Type [POSITIVE]. @30-09-2021 18:37:32.0063 P
[ReportManager] Successfully created attachment [Selenium WebDriver Logs - server] @30-09-2021 18:37:32.0148 PM
[ReportManager] Successfully created attachment [Selenium WebDriver Logs - performance] @30-09-2021 18:37:32.0184 PM
[ReportManager] Successfully created attachment [Selenium WebDriver Logs - driver] @30-09-2021 18:37:32.0268 PM
[ReportManager] Browser Action [CloseCurrentWindow] successfully performed. @30-09-2021 18:37:32.0326 PM
[ReportManager] Successfully created attachment [Browser Action Test Data - CloseCurrentWindow - Actual Value] @30-09-2021 18:37:32.0327 P
[ReportManager] File Action [GetAbsolutePath] successfully performed. With the following test data [Relative Folder Path: "target/downloadedFiles/"]. @30-09-2021 18:37:32.0329 PM
[ReportManager] Attempting to run remotely on: [Linux-64], [GoogleChrome], [http://localhost:4444/wd/hub], Headless Execution. @30-09-2021 18:37:32.0329 PM
[ReportManager] Successfully Opened [GoogleChrome]. @30-09-2021 18:37:32.0628 PM
[ReportManager] Target URL: [https://www.google.com/ncr], and after redirection: [https://www.google.com] @30-09-2021 18:37:32.0657 PM
[ReportManager] Initial URL: [data:,] @30-09-2021 18:37:32.0712 PM
[ReportManager] Browser Action [NavigateToURL] successfully performed. With the following test data [https://www.google.com/ncr]. @30-09-2021 18:37:33.0578 P

################################################################################################################################################
Starting Execution:	[16 out of 23] test cases in the current suite
Test Method:		[tests.gui.google.G_Search_PageObjectModel_ThreadSafe.navigateToGoogleHomeAndAssertPageTitle]
################################################################################################################################################
[ReportManager] Browser Action [GetCurrentWindowTitle] successfully performed. With the following test data [Google]. @30-09-2021 18:37:33.0625 PM
[ReportManager] Assertion Passed: Asserting that the page title is Google @30-09-2021 18:37:33.0746 PM
[ReportManager] Successfully created attachment [Screenshot - 1633027053709_navigateToGoogleHomeAndAssertPageTitle_ValidateBrowserAttribute_passed] @30-09-2021 18:37:33.0746 PM
[ReportManager] Assertion [ValidateBrowserAttribute] PASSED. Expected [Value Should be 'Google' for the 'Title' attribute] and Actual [Google]. Comparison Type [EQUALS]. Validation Type [POSITIVE]. @30-09-2021 18:37:33.0747 P
[ReportManager] Successfully created attachment [Selenium WebDriver Logs - server] @30-09-2021 18:37:33.0832 PM
[ReportManager] Successfully created attachment [Selenium WebDriver Logs - performance] @30-09-2021 18:37:33.0873 PM
[ReportManager] Successfully created attachment [Selenium WebDriver Logs - driver] @30-09-2021 18:37:33.0947 PM
[ReportManager] Browser Action [CloseCurrentWindow] successfully performed. @30-09-2021 18:37:34.0007 PM
[ReportManager] Successfully created attachment [Browser Action Test Data - CloseCurrentWindow - Actual Value] @30-09-2021 18:37:34.0008 P
[ReportManager] File Action [GetAbsolutePath] successfully performed. With the following test data [Relative Folder Path: "target/downloadedFiles/"]. @30-09-2021 18:37:34.0013 PM
[ReportManager] Attempting to run remotely on: [Linux-64], [GoogleChrome], [http://localhost:4444/wd/hub], Headless Execution. @30-09-2021 18:37:34.0013 PM
[ReportManager] Successfully Opened [GoogleChrome]. @30-09-2021 18:37:34.0274 PM
[ReportManager] Target URL: [https://www.google.com/ncr], and after redirection: [https://www.google.com] @30-09-2021 18:37:34.0288 PM
[ReportManager] Initial URL: [data:,] @30-09-2021 18:37:34.0352 PM
[ReportManager] Browser Action [NavigateToURL] successfully performed. With the following test data [https://www.google.com/ncr]. @30-09-2021 18:37:35.0205 P

################################################################################################################################################
Starting Execution:	[17 out of 23] test cases in the current suite
Test Method:		[tests.gui.google.G_Search_PageObjectModel_ThreadSafe.searchForQueryAndAssertFirstResultTextIsCorrect]
################################################################################################################################################
[ReportManager] Element Action [Type] successfully performed. With the following test data [SHAFT_Engine]. @30-09-2021 18:37:35.0868 PM
[ReportManager] Element Action [KeyPress] successfully performed. With the following test data [ENTER]. @30-09-2021 18:37:37.0578 PM
[ReportManager] Element Action [GetText] successfully performed. With the following test data [SHAFT_ENGINE is a Test Automation Engine that ... - GitHub]. @30-09-2021 18:37:37.0715 PM
[ReportManager] Loaded Shared OpenCV @30-09-2021 18:37:37.0883 PM
[ReportManager] Assertion Failed: Asserting that the correct first result is displayed @30-09-2021 18:37:37.0951 PM
[ReportManager] Successfully created attachment [Screenshot - 1633027057883_searchForQueryAndAssertFirstResultTextIsCorrect_ValidateElementAttribute_failed] @30-09-2021 18:37:37.0955 PM
[ReportManager] Assertion [ValidateElementAttribute] FAILED. Expected [Value Should be 'MohabMohie' for the 'Text' attribute, element locator 'By.xpath: (//h1[contains(text(),'Search Result')]/following-sibling::div//a/h3)[1]'] and Actual [SHAFT_ENGINE is a Test Automation Engine that ... - GitHub]. Comparison Type [CONTAINS]. Validation Type [POSITIVE]. @30-09-2021 18:37:37.0955 P
[ReportManager] Successfully created attachment [Selenium WebDriver Logs - server] @30-09-2021 18:37:38.0158 PM
[ReportManager] Successfully created attachment [Selenium WebDriver Logs - performance] @30-09-2021 18:37:38.0340 PM
[ReportManager] Successfully created attachment [Selenium WebDriver Logs - driver] @30-09-2021 18:37:38.0622 PM
[ReportManager] Browser Action [CloseCurrentWindow] successfully performed. @30-09-2021 18:37:38.0681 PM
[ReportManager] Successfully created attachment [Browser Action Test Data - CloseCurrentWindow - Actual Value] @30-09-2021 18:37:38.0683 P



################################################################################################################################################
Starting Execution:	[18 out of 23] test cases in the current suite
Test Method:		[tests.gui.google.A_Search_FlatTest_NativeSeleniumWebDriver.navigateToGoogleHomeAndAssertGoogleLogoIsDisplayed]
###############################################################################################################################################



################################################################################################################################################
Starting Execution:	[19 out of 23] test cases in the current suite
Test Method:		[tests.gui.google.A_Search_FlatTest_NativeSeleniumWebDriver.navigateToGoogleHomeAndAssertPageTitle]
###############################################################################################################################################



################################################################################################################################################
Starting Execution:	[20 out of 23] test cases in the current suite
Test Method:		[tests.gui.google.A_Search_FlatTest_NativeSeleniumWebDriver.searchForQueryAndAssertFirstResultTextIsCorrect]
###############################################################################################################################################

[ReportManager] Successfully loaded the following test data file [src/test/resources/TestDataFiles/Google/SimpleSearch.xlsx]. @30-09-2021 18:37:44.0079 PM
[ReportManager] Successfully created attachment [Test Data - Excel] @30-09-2021 18:37:44.0079 P
[ReportManager] File Action [GetAbsolutePath] successfully performed. With the following test data [Relative Folder Path: "target/downloadedFiles/"]. @30-09-2021 18:37:44.0081 PM
[ReportManager] Attempting to run remotely on: [Linux-64], [GoogleChrome], [http://localhost:4444/wd/hub], Headless Execution. @30-09-2021 18:37:44.0083 PM
[ReportManager] Successfully Opened [GoogleChrome]. @30-09-2021 18:37:44.0339 PM
[ReportManager] Target URL: [https://www.google.com/ncr], and after redirection: [https://www.google.com] @30-09-2021 18:37:44.0364 PM
[ReportManager] Initial URL: [data:,] @30-09-2021 18:37:44.0434 PM
[ReportManager] Browser Action [NavigateToURL] successfully performed. With the following test data [https://www.google.com/ncr]. @30-09-2021 18:37:45.0345 P

################################################################################################################################################
Starting Execution:	[21 out of 23] test cases in the current suite
Test Method:		[tests.gui.google.D_Search_PageObjectModel_Traditional_DataDriven.navigateToGoogleHomeAndAssertGoogleLogoIsDisplayed]
################################################################################################################################################
[ReportManager] Element Action [IsElementDisplayed] successfully performed. @30-09-2021 18:37:45.0438 PM
[ReportManager] Assertion Passed: Asserting that the Google logo is displayed @30-09-2021 18:37:45.0438 PM
[ReportManager] Assertion [ValidateTrue] PASSED. Expected [TRUE] and Actual [TRUE]. Validation Type [POSITIVE]. @30-09-2021 18:37:45.0438 P
[ReportManager] Successfully created attachment [Selenium WebDriver Logs - server] @30-09-2021 18:37:45.0533 PM
[ReportManager] Successfully created attachment [Selenium WebDriver Logs - performance] @30-09-2021 18:37:45.0588 PM
[ReportManager] Successfully created attachment [Selenium WebDriver Logs - driver] @30-09-2021 18:37:45.0664 PM
[ReportManager] Browser Action [CloseCurrentWindow] successfully performed. @30-09-2021 18:37:45.0725 PM
[ReportManager] Successfully created attachment [Browser Action Test Data - CloseCurrentWindow - Actual Value] @30-09-2021 18:37:45.0727 P
[ReportManager] File Action [GetAbsolutePath] successfully performed. With the following test data [Relative Folder Path: "target/downloadedFiles/"]. @30-09-2021 18:37:45.0730 PM
[ReportManager] Attempting to run remotely on: [Linux-64], [GoogleChrome], [http://localhost:4444/wd/hub], Headless Execution. @30-09-2021 18:37:45.0730 PM
[ReportManager] Successfully Opened [GoogleChrome]. @30-09-2021 18:37:45.0984 PM
[ReportManager] Target URL: [https://www.google.com/ncr], and after redirection: [https://www.google.com] @30-09-2021 18:37:45.0998 PM
[ReportManager] Initial URL: [data:,] @30-09-2021 18:37:46.0061 PM
[ReportManager] Browser Action [NavigateToURL] successfully performed. With the following test data [https://www.google.com/ncr]. @30-09-2021 18:37:47.0011 P

################################################################################################################################################
Starting Execution:	[22 out of 23] test cases in the current suite
Test Method:		[tests.gui.google.D_Search_PageObjectModel_Traditional_DataDriven.navigateToGoogleHomeAndAssertPageTitle]
################################################################################################################################################
[ReportManager] Browser Action [GetCurrentWindowTitle] successfully performed. With the following test data [Google]. @30-09-2021 18:37:47.0060 PM
[ReportManager] Assertion Passed: Asserting that the page title is Google @30-09-2021 18:37:47.0060 PM
[ReportManager] Assertion [ValidateEquals] PASSED. Expected [Google] and Actual [Google]. Comparison Type [EQUALS]. Validation Type [POSITIVE]. @30-09-2021 18:37:47.0060 P
[ReportManager] Successfully created attachment [Selenium WebDriver Logs - server] @30-09-2021 18:37:47.0170 PM
[ReportManager] Successfully created attachment [Selenium WebDriver Logs - performance] @30-09-2021 18:37:47.0209 PM
[ReportManager] Successfully created attachment [Selenium WebDriver Logs - driver] @30-09-2021 18:37:47.0284 PM
[ReportManager] Browser Action [CloseCurrentWindow] successfully performed. @30-09-2021 18:37:47.0347 PM
[ReportManager] Successfully created attachment [Browser Action Test Data - CloseCurrentWindow - Actual Value] @30-09-2021 18:37:47.0348 P
[ReportManager] File Action [GetAbsolutePath] successfully performed. With the following test data [Relative Folder Path: "target/downloadedFiles/"]. @30-09-2021 18:37:47.0353 PM
[ReportManager] Attempting to run remotely on: [Linux-64], [GoogleChrome], [http://localhost:4444/wd/hub], Headless Execution. @30-09-2021 18:37:47.0353 PM
[ReportManager] Successfully Opened [GoogleChrome]. @30-09-2021 18:37:47.0680 PM
[ReportManager] Target URL: [https://www.google.com/ncr], and after redirection: [https://www.google.com] @30-09-2021 18:37:47.0699 PM
[ReportManager] Initial URL: [data:,] @30-09-2021 18:37:47.0750 PM
[ReportManager] Browser Action [NavigateToURL] successfully performed. With the following test data [https://www.google.com/ncr]. @30-09-2021 18:37:48.0668 P

################################################################################################################################################
Starting Execution:	[23 out of 23] test cases in the current suite
Test Method:		[tests.gui.google.D_Search_PageObjectModel_Traditional_DataDriven.searchForQueryAndAssertFirstResultTextIsCorrect]
################################################################################################################################################
[ReportManager] Element Action [Type] successfully performed. With the following test data [SHAFT_Engine]. @30-09-2021 18:37:49.0336 PM
[ReportManager] Element Action [KeyPress] successfully performed. With the following test data [ENTER]. @30-09-2021 18:37:50.0924 PM
[ReportManager] Element Action [GetText] successfully performed. With the following test data [SHAFT_ENGINE is a Test Automation Engine that ... - GitHub]. @30-09-2021 18:37:51.0010 PM
[ReportManager] Assertion Failed: Asserting that the correct first result is displayed @30-09-2021 18:37:51.0011 PM
[ReportManager] Assertion [ValidateEquals] FAILED. Expected [MohabMohie] and Actual [SHAFT_ENGINE is a Test Automation Engine that ... - GitHub]. Comparison Type [CONTAINS]. Validation Type [POSITIVE]. @30-09-2021 18:37:51.0011 P
[ReportManager] Successfully created attachment [Selenium WebDriver Logs - server] @30-09-2021 18:37:51.0188 PM
[ReportManager] Successfully created attachment [Selenium WebDriver Logs - performance] @30-09-2021 18:37:51.0359 PM
[ReportManager] Successfully created attachment [Selenium WebDriver Logs - driver] @30-09-2021 18:37:51.0590 PM
[ReportManager] Browser Action [CloseCurrentWindow] successfully performed. @30-09-2021 18:37:51.0650 PM
[ReportManager] Successfully created attachment [Browser Action Test Data - CloseCurrentWindow - Actual Value] @30-09-2021 18:37:51.0652 P

################################################################################################################################################
Test Closure Activities
################################################################################################################################################
[ReportManager] Successfully created attachment [SHAFT Engine Logs - Execution log] @30-09-2021 18:37:51.0673 PM

################################################################################################################################################
This test run was powered by SHAFT Engine Version: [SHAFT Engine v5.3.20210902]
SHAFT Engine is licensed under the MIT License: [https://github.com/MohabMohie/SHAFT_ENGINE/blob/master/LICENSE].
################################################################################################################################################