################################################################################################################################################
Detected SHAFT Engine Version: [SHAFT Engine v5.4.20211202-BETA]
################################################################################################################################################
[ReportManager] File Action [GetAbsolutePath] successfully performed. With the following test data [Relative Folder Path: "target/downloadedFiles/"]. @19-12-2021 12:50:33.0792 PM
[ReportManager] Attempting to run remotely on: [Linux-64], [GoogleChrome], [http://localhost:4444/wd/hub], Headless Execution. @19-12-2021 12:50:33.0804 PM
[ReportManager] Successfully Opened [GoogleChrome]. @19-12-2021 12:50:35.0732 PM
[ReportManager] Target URL: [https://www.google.com/ncr], and after redirection: [https://www.google.com] @19-12-2021 12:50:35.0741 PM
[ReportManager] Initial URL: [data:,] @19-12-2021 12:50:35.0857 PM
[ReportManager] Browser Action [NavigateToURL] successfully performed. With the following test data [https://www.google.com/ncr]. @19-12-2021 12:50:37.0123 P

################################################################################################################################################
Starting Execution:	[1 out of 23] test cases in the current suite
Test Method:		[tests.gui.google.B_Search_FlatTest_SHAFT.navigateToGoogleHomeAndAssertGoogleLogoIsDisplayed]
################################################################################################################################################
[ReportManager] File Action [DoesFileExist] successfully performed. With the following test data [File Path: "src/main/resources/dynamicObjectRepository/tests_gui_google_B_Search_FlatTest_SHAFT_navigateToGoogleHomeAndAssertGoogleLogoIsDisplayed_By_xpath_img_id_hplogo_or_alt_Google.png"]. @19-12-2021 12:50:37.0267 PM
[ReportManager] File Action [GetAbsolutePath] successfully performed. With the following test data [Relative Folder Path: "src/main/resources/dynamicObjectRepository/tests_gui_google_B_Search_FlatTest_SHAFT_navigateToGoogleHomeAndAssertGoogleLogoIsDisplayed_By_xpath_img_id_hplogo_or_alt_Google.png"]. @19-12-2021 12:50:37.0267 PM
[ReportManager] File Action [ReadFromImageFile] successfully performed. With the following test data [File Path: "/home/runner/work/using_SHAFT_ENGINE/using_SHAFT_ENGINE/src/main/resources/dynamicObjectRepository/tests_gui_google_B_Search_FlatTest_SHAFT_navigateToGoogleHomeAndAssertGoogleLogoIsDisplayed_By_xpath_img_id_hplogo_or_alt_Google.png"]. @19-12-2021 12:50:37.0268 PM
[ReportManager] File Action [DoesFileExist] successfully performed. With the following test data [File Path: "src/main/resources/dynamicObjectRepository/tests_gui_google_B_Search_FlatTest_SHAFT_navigateToGoogleHomeAndAssertGoogleLogoIsDisplayed_By_xpath_img_id_hplogo_or_alt_Google.png"]. @19-12-2021 12:50:37.0545 PM
[ReportManager] File Action [DoesFileExist] successfully performed. With the following test data [File Path: "src/main/resources/dynamicObjectRepository/tests_gui_google_B_Search_FlatTest_SHAFT_navigateToGoogleHomeAndAssertGoogleLogoIsDisplayed_By_xpath_img_id_hplogo_or_alt_Google.png"]. @19-12-2021 12:50:37.0545 PM
[ReportManager] Loaded Shared OpenCV @19-12-2021 12:50:37.0941 PM
[ReportManager] Successfully identified the element using AI; OpenCV. @19-12-2021 12:50:37.0970 PM
[ReportManager] Assertion Passed: Asserting that the Google logo is displayed @19-12-2021 12:50:37.0973 PM
[ReportManager] Successfully created attachment [Validation Test Data - Reference Screenshot] @19-12-2021 12:50:37.0978 PM
[ReportManager] Successfully created attachment [Validation Test Data - Actual Screenshot] @19-12-2021 12:50:37.0978 PM
[ReportManager] Assertion [ValidateElementMatches] PASSED. Expected [Element should match the reference screenshot] and Actual [TRUE]. Comparison Type [EXACT_OPENCV]. Validation Type [POSITIVE]. @19-12-2021 12:50:37.0978 P
[ReportManager] Browser Action [CloseCurrentWindow] successfully performed. @19-12-2021 12:50:38.0150 PM
[ReportManager] Successfully created attachment [Browser Action Test Data - CloseCurrentWindow - Actual Value] @19-12-2021 12:50:38.0160 P
[ReportManager] File Action [GetAbsolutePath] successfully performed. With the following test data [Relative Folder Path: "target/downloadedFiles/"]. @19-12-2021 12:50:38.0185 PM
[ReportManager] Attempting to run remotely on: [Linux-64], [GoogleChrome], [http://localhost:4444/wd/hub], Headless Execution. @19-12-2021 12:50:38.0186 PM
[ReportManager] Successfully Opened [GoogleChrome]. @19-12-2021 12:50:38.0546 PM
[ReportManager] Target URL: [https://www.google.com/ncr], and after redirection: [https://www.google.com] @19-12-2021 12:50:38.0546 PM
[ReportManager] Initial URL: [data:,] @19-12-2021 12:50:38.0625 PM
[ReportManager] Browser Action [NavigateToURL] successfully performed. With the following test data [https://www.google.com/ncr]. @19-12-2021 12:50:39.0607 P

################################################################################################################################################
Starting Execution:	[2 out of 23] test cases in the current suite
Test Method:		[tests.gui.google.B_Search_FlatTest_SHAFT.navigateToGoogleHomeAndAssertPageTitle]
################################################################################################################################################
[ReportManager] Browser Action [GetCurrentWindowTitle] successfully performed. With the following test data [Google]. @19-12-2021 12:50:39.0664 PM
[ReportManager] Assertion Passed: Asserting that the page title is Google @19-12-2021 12:50:40.0211 PM
[ReportManager] Successfully created attachment [Screenshot - 1639918239857_navigateToGoogleHomeAndAssertPageTitle_ValidateBrowserAttribute_passed] @19-12-2021 12:50:40.0229 PM
[ReportManager] Assertion [ValidateBrowserAttribute] PASSED. Expected [Value Should be 'Google' for the 'Title' attribute] and Actual [Google]. Comparison Type [EQUALS]. Validation Type [POSITIVE]. @19-12-2021 12:50:40.0230 P
[ReportManager] Browser Action [CloseCurrentWindow] successfully performed. @19-12-2021 12:50:40.0385 PM
[ReportManager] Successfully created attachment [Browser Action Test Data - CloseCurrentWindow - Actual Value] @19-12-2021 12:50:40.0386 P
[ReportManager] File Action [GetAbsolutePath] successfully performed. With the following test data [Relative Folder Path: "target/downloadedFiles/"]. @19-12-2021 12:50:40.0402 PM
[ReportManager] Attempting to run remotely on: [Linux-64], [GoogleChrome], [http://localhost:4444/wd/hub], Headless Execution. @19-12-2021 12:50:40.0405 PM
[ReportManager] Successfully Opened [GoogleChrome]. @19-12-2021 12:50:40.0776 PM
[ReportManager] Target URL: [https://www.google.com/ncr], and after redirection: [https://www.google.com] @19-12-2021 12:50:40.0777 PM
[ReportManager] Initial URL: [data:,] @19-12-2021 12:50:40.0846 PM
[ReportManager] Browser Action [NavigateToURL] successfully performed. With the following test data [https://www.google.com/ncr]. @19-12-2021 12:50:41.0732 P

################################################################################################################################################
Starting Execution:	[3 out of 23] test cases in the current suite
Test Method:		[tests.gui.google.B_Search_FlatTest_SHAFT.searchForQueryAndAssertFirstResultTextIsCorrect]
################################################################################################################################################
[ReportManager] Element Action [Type] successfully performed. With the following test data [SHAFT_Engine]. @19-12-2021 12:50:42.0182 PM
[ReportManager] Element Action [KeyPress] successfully performed. With the following test data [ENTER]. @19-12-2021 12:50:43.0651 PM
[ReportManager] Element Action [GetText] successfully performed. With the following test data [SHAFT: Unified Test Automation Engine - GitHub]. @19-12-2021 12:50:43.0791 PM
[ReportManager] Loaded Shared OpenCV @19-12-2021 12:50:44.0186 PM
[ReportManager] Assertion Failed: Asserting that the correct first result is displayed @19-12-2021 12:50:44.0451 PM
[ReportManager] Successfully created attachment [Screenshot - 1639918244186_searchForQueryAndAssertFirstResultTextIsCorrect_ValidateElementAttribute_failed] @19-12-2021 12:50:44.0459 PM
[ReportManager] Assertion [ValidateElementAttribute] FAILED. Expected [Value Should be 'MohabMohie' for the 'Text' attribute, element locator 'By.xpath: (//h1[contains(text(),'Search Result')]/following-sibling::div//a/h3)[1]'] and Actual [SHAFT: Unified Test Automation Engine - GitHub]. Comparison Type [CONTAINS]. Validation Type [POSITIVE]. @19-12-2021 12:50:44.0459 P
[ReportManager] Browser Action [CloseCurrentWindow] successfully performed. @19-12-2021 12:50:44.0716 PM
[ReportManager] Successfully created attachment [Browser Action Test Data - CloseCurrentWindow - Actual Value] @19-12-2021 12:50:44.0724 P
[ReportManager] An Exception Occured with this Message: src/test/resources/testDataFiles/Google/SimpleSearch.xlsx (No such file or directory). @19-12-2021 12:50:44.0737 PM
[ReportManager] Successfully created attachment [Exception Stack Trace - java.io.FileNotFoundException] @19-12-2021 12:50:44.0737 PM
[ReportManager] Couldn't find the desired file. [src/test/resources/testDataFiles/Google/SimpleSearch.xlsx]. @19-12-2021 12:50:44.0739 P


################################################################################################################################################
Starting Execution:	[4 out of 23] test cases in the current suite
Test Method:		[tests.gui.google.G_Search_PageObjectModel_ThreadSafe.navigateToGoogleHomeAndAssertGoogleLogoIsDisplayed]
###############################################################################################################################################



################################################################################################################################################
Starting Execution:	[5 out of 23] test cases in the current suite
Test Method:		[tests.gui.google.G_Search_PageObjectModel_ThreadSafe.navigateToGoogleHomeAndAssertPageTitle]
###############################################################################################################################################



################################################################################################################################################
Starting Execution:	[6 out of 23] test cases in the current suite
Test Method:		[tests.gui.google.G_Search_PageObjectModel_ThreadSafe.searchForQueryAndAssertFirstResultTextIsCorrect]
###############################################################################################################################################

[ReportManager] File Action [GetAbsolutePath] successfully performed. With the following test data [Relative Folder Path: "target/downloadedFiles/"]. @19-12-2021 12:50:44.0769 PM
[ReportManager] Attempting to run remotely on: [Linux-64], [GoogleChrome], [http://localhost:4444/wd/hub], Headless Execution. @19-12-2021 12:50:44.0770 PM
[ReportManager] Successfully Opened [GoogleChrome]. @19-12-2021 12:50:45.0135 PM
[ReportManager] Target URL: [https://www.google.com/ncr], and after redirection: [https://www.google.com] @19-12-2021 12:50:45.0137 PM
[ReportManager] Initial URL: [data:,] @19-12-2021 12:50:45.0238 PM
[ReportManager] Browser Action [NavigateToURL] successfully performed. With the following test data [https://www.google.com/ncr]. @19-12-2021 12:50:46.0112 P

################################################################################################################################################
Starting Execution:	[7 out of 23] test cases in the current suite
Test Method:		[tests.gui.google.C_Search_PageObjectModel_Traditional.navigateToGoogleHomeAndAssertGoogleLogoIsDisplayed]
################################################################################################################################################
[ReportManager] Element Action [IsElementDisplayed] successfully performed. @19-12-2021 12:50:46.0260 PM
[ReportManager] Assertion Passed: Asserting that the Google logo is displayed @19-12-2021 12:50:46.0261 PM
[ReportManager] Assertion [ValidateTrue] PASSED. Expected [TRUE] and Actual [TRUE]. Validation Type [POSITIVE]. @19-12-2021 12:50:46.0261 P
[ReportManager] Browser Action [CloseCurrentWindow] successfully performed. @19-12-2021 12:50:46.0396 PM
[ReportManager] Successfully created attachment [Browser Action Test Data - CloseCurrentWindow - Actual Value] @19-12-2021 12:50:46.0397 P
[ReportManager] File Action [GetAbsolutePath] successfully performed. With the following test data [Relative Folder Path: "target/downloadedFiles/"]. @19-12-2021 12:50:46.0401 PM
[ReportManager] Attempting to run remotely on: [Linux-64], [GoogleChrome], [http://localhost:4444/wd/hub], Headless Execution. @19-12-2021 12:50:46.0401 PM
[ReportManager] Successfully Opened [GoogleChrome]. @19-12-2021 12:50:46.0635 PM
[ReportManager] Target URL: [https://www.google.com/ncr], and after redirection: [https://www.google.com] @19-12-2021 12:50:46.0635 PM
[ReportManager] Initial URL: [data:,] @19-12-2021 12:50:46.0714 PM
[ReportManager] Browser Action [NavigateToURL] successfully performed. With the following test data [https://www.google.com/ncr]. @19-12-2021 12:50:47.0616 P

################################################################################################################################################
Starting Execution:	[8 out of 23] test cases in the current suite
Test Method:		[tests.gui.google.C_Search_PageObjectModel_Traditional.navigateToGoogleHomeAndAssertPageTitle]
################################################################################################################################################
[ReportManager] Browser Action [GetCurrentWindowTitle] successfully performed. With the following test data [Google]. @19-12-2021 12:50:47.0670 PM
[ReportManager] Assertion Passed: Asserting that the page title is Google @19-12-2021 12:50:47.0671 PM
[ReportManager] Assertion [ValidateEquals] PASSED. Expected [Google] and Actual [Google]. Comparison Type [EQUALS]. Validation Type [POSITIVE]. @19-12-2021 12:50:47.0671 P
[ReportManager] Browser Action [CloseCurrentWindow] successfully performed. @19-12-2021 12:50:47.0812 PM
[ReportManager] Successfully created attachment [Browser Action Test Data - CloseCurrentWindow - Actual Value] @19-12-2021 12:50:47.0813 P
[ReportManager] File Action [GetAbsolutePath] successfully performed. With the following test data [Relative Folder Path: "target/downloadedFiles/"]. @19-12-2021 12:50:47.0822 PM
[ReportManager] Attempting to run remotely on: [Linux-64], [GoogleChrome], [http://localhost:4444/wd/hub], Headless Execution. @19-12-2021 12:50:47.0822 PM
[ReportManager] Successfully Opened [GoogleChrome]. @19-12-2021 12:50:48.0042 PM
[ReportManager] Target URL: [https://www.google.com/ncr], and after redirection: [https://www.google.com] @19-12-2021 12:50:48.0042 PM
[ReportManager] Initial URL: [data:,] @19-12-2021 12:50:48.0128 PM
[ReportManager] Browser Action [NavigateToURL] successfully performed. With the following test data [https://www.google.com/ncr]. @19-12-2021 12:50:48.0976 P

################################################################################################################################################
Starting Execution:	[9 out of 23] test cases in the current suite
Test Method:		[tests.gui.google.C_Search_PageObjectModel_Traditional.searchForQueryAndAssertFirstResultTextIsCorrect]
################################################################################################################################################
[ReportManager] Element Action [Type] successfully performed. With the following test data [SHAFT_Engine]. @19-12-2021 12:50:49.0387 PM
[ReportManager] Element Action [KeyPress] successfully performed. With the following test data [ENTER]. @19-12-2021 12:50:50.0709 PM
[ReportManager] Element Action [GetText] successfully performed. With the following test data [SHAFT: Unified Test Automation Engine - GitHub]. @19-12-2021 12:50:50.0818 PM
[ReportManager] Assertion Failed: Asserting that the correct first result is displayed @19-12-2021 12:50:50.0818 PM
[ReportManager] Assertion [ValidateEquals] FAILED. Expected [MohabMohie] and Actual [SHAFT: Unified Test Automation Engine - GitHub]. Comparison Type [CONTAINS]. Validation Type [POSITIVE]. @19-12-2021 12:50:50.0818 P
[ReportManager] Browser Action [CloseCurrentWindow] successfully performed. @19-12-2021 12:50:51.0016 PM
[ReportManager] Successfully created attachment [Browser Action Test Data - CloseCurrentWindow - Actual Value] @19-12-2021 12:50:51.0021 P
[ReportManager] An Exception Occured with this Message: src/test/resources/testDataFiles/Google/SimpleSearch.xlsx (No such file or directory). @19-12-2021 12:50:51.0025 PM
[ReportManager] Successfully created attachment [Exception Stack Trace - java.io.FileNotFoundException] @19-12-2021 12:50:51.0025 PM
[ReportManager] Couldn't find the desired file. [src/test/resources/testDataFiles/Google/SimpleSearch.xlsx]. @19-12-2021 12:50:51.0026 P


################################################################################################################################################
Starting Execution:	[10 out of 23] test cases in the current suite
Test Method:		[tests.gui.google.F_Search_PageObjectModel_Fluent.navigateToGoogleHomeAndAssertGoogleLogoIsDisplayed]
###############################################################################################################################################



################################################################################################################################################
Starting Execution:	[11 out of 23] test cases in the current suite
Test Method:		[tests.gui.google.F_Search_PageObjectModel_Fluent.navigateToGoogleHomeAndAssertPageTitle]
###############################################################################################################################################



################################################################################################################################################
Starting Execution:	[12 out of 23] test cases in the current suite
Test Method:		[tests.gui.google.F_Search_PageObjectModel_Fluent.searchForQueryAndAssertFirstResultTextIsCorrect]
###############################################################################################################################################

[ReportManager] An Exception Occured with this Message: src/test/resources/testDataFiles/Google/SimpleSearch.xlsx (No such file or directory). @19-12-2021 12:50:51.0065 PM
[ReportManager] Successfully created attachment [Exception Stack Trace - java.io.FileNotFoundException] @19-12-2021 12:50:51.0065 PM
[ReportManager] Couldn't find the desired file. [src/test/resources/testDataFiles/Google/SimpleSearch.xlsx]. @19-12-2021 12:50:51.0066 P


################################################################################################################################################
Starting Execution:	[13 out of 23] test cases in the current suite
Test Method:		[tests.gui.google.E_Search_PageObjectModel_Traditional_SHAFTAssertions.navigateToGoogleHomeAndAssertGoogleLogoIsDisplayed]
###############################################################################################################################################



################################################################################################################################################
Starting Execution:	[14 out of 23] test cases in the current suite
Test Method:		[tests.gui.google.E_Search_PageObjectModel_Traditional_SHAFTAssertions.navigateToGoogleHomeAndAssertPageTitle]
###############################################################################################################################################



################################################################################################################################################
Starting Execution:	[15 out of 23] test cases in the current suite
Test Method:		[tests.gui.google.E_Search_PageObjectModel_Traditional_SHAFTAssertions.searchForQueryAndAssertFirstResultTextIsCorrect]
###############################################################################################################################################

[ReportManager] An Exception Occured with this Message: src/test/resources/testDataFiles/Google/SimpleSearch.xlsx (No such file or directory). @19-12-2021 12:50:51.0092 PM
[ReportManager] Successfully created attachment [Exception Stack Trace - java.io.FileNotFoundException] @19-12-2021 12:50:51.0092 PM
[ReportManager] Couldn't find the desired file. [src/test/resources/testDataFiles/Google/SimpleSearch.xlsx]. @19-12-2021 12:50:51.0092 P


################################################################################################################################################
Starting Execution:	[16 out of 23] test cases in the current suite
Test Method:		[tests.gui.google.D_Search_PageObjectModel_Traditional_DataDriven.navigateToGoogleHomeAndAssertGoogleLogoIsDisplayed]
###############################################################################################################################################



################################################################################################################################################
Starting Execution:	[17 out of 23] test cases in the current suite
Test Method:		[tests.gui.google.D_Search_PageObjectModel_Traditional_DataDriven.navigateToGoogleHomeAndAssertPageTitle]
###############################################################################################################################################



################################################################################################################################################
Starting Execution:	[18 out of 23] test cases in the current suite
Test Method:		[tests.gui.google.D_Search_PageObjectModel_Traditional_DataDriven.searchForQueryAndAssertFirstResultTextIsCorrect]
###############################################################################################################################################




################################################################################################################################################
Starting Execution:	[19 out of 23] test cases in the current suite
Test Method:		[tests.gui.google.A_Search_FlatTest_NativeSeleniumWebDriver.navigateToGoogleHomeAndAssertGoogleLogoIsDisplayed]
###############################################################################################################################################



################################################################################################################################################
Starting Execution:	[20 out of 23] test cases in the current suite
Test Method:		[tests.gui.google.A_Search_FlatTest_NativeSeleniumWebDriver.navigateToGoogleHomeAndAssertPageTitle]
###############################################################################################################################################



################################################################################################################################################
Starting Execution:	[21 out of 23] test cases in the current suite
Test Method:		[tests.gui.google.A_Search_FlatTest_NativeSeleniumWebDriver.searchForQueryAndAssertFirstResultTextIsCorrect]
###############################################################################################################################################


################################################################################################################################################
Starting Execution:	[22 out of 23] test cases in the current suite
Test Method:		[tests.api.users.UserData.validateUserEmail]
################################################################################################################################################
[ReportManager] Response status code: [200], status line: [HTTP/1.1 200 OK] @19-12-2021 12:51:17.0490 PM
[ReportManager] Assertion Passed: Evaluating the actual response status code against the expected one... @19-12-2021 12:51:17.0495 PM
[ReportManager] Assertion [ValidateComparativeRelation] PASSED. Expected [200] and Actual [200]. Comparison Type [EQUALS]. Validation Type [POSITIVE]. @19-12-2021 12:51:17.0496 PM
[ReportManager] API Action [PerformRequest] successfully performed. With the following test data [Request Type: "GET" | Target Status Code: "200" | Service URL: "https://jsonplaceholder.typicode.com/users" | Content Type: "*/*" | Response Time: "571ms"]. @19-12-2021 12:51:18.0505 PM
[ReportManager] Successfully created attachment [API Request - Specifications] @19-12-2021 12:51:18.0508 PM
[ReportManager] Successfully created attachment [API Response - JSON Body] @19-12-2021 12:51:18.0723 PM
[ReportManager] Assertion [ValidateEquals] PASSED. Expected and Actual values are attached. Comparison Type [CONTAINS]. Validation Type [POSITIVE]. @19-12-2021 12:51:18.0723 PM
[ReportManager] Successfully created attachment [Validation Test Data - Expected Value] @19-12-2021 12:51:18.0724 PM
[ReportManager] Successfully created attachment [Validation Test Data - Actual Value] @19-12-2021 12:51:18.0724 PM
[ReportManager] API Action [GetResponseJSONValueAsList] successfully performed. With the following test data [$]. @19-12-2021 12:51:18.0736 PM
[ReportManager] API Action [GetResponseJSONValue] successfully performed. With the following test data [name]. @19-12-2021 12:51:18.0764 PM
[ReportManager] API Action [GetResponseJSONValue] successfully performed. With the following test data [email]. @19-12-2021 12:51:18.0785 PM
[ReportManager] Assertion [ValidateEquals] PASSED. Expected [Sincere@april.biz] and Actual [Sincere@april.biz]. Comparison Type [EQUALS]. Validation Type [POSITIVE]. @19-12-2021 12:51:18.0786 PM
[ReportManager] API Action [GetResponseJSONValue] successfully performed. With the following test data [name]. @19-12-2021 12:51:18.0808 PM
[ReportManager] API Action [GetResponseJSONValue] successfully performed. With the following test data [name]. @19-12-2021 12:51:18.0823 PM
[ReportManager] API Action [GetResponseJSONValue] successfully performed. With the following test data [name]. @19-12-2021 12:51:18.0838 PM
[ReportManager] API Action [GetResponseJSONValue] successfully performed. With the following test data [name]. @19-12-2021 12:51:18.0856 PM
[ReportManager] API Action [GetResponseJSONValue] successfully performed. With the following test data [name]. @19-12-2021 12:51:18.0872 PM
[ReportManager] API Action [GetResponseJSONValue] successfully performed. With the following test data [name]. @19-12-2021 12:51:18.0884 PM
[ReportManager] API Action [GetResponseJSONValue] successfully performed. With the following test data [name]. @19-12-2021 12:51:18.0898 PM
[ReportManager] API Action [GetResponseJSONValue] successfully performed. With the following test data [name]. @19-12-2021 12:51:18.0914 PM
[ReportManager] API Action [GetResponseJSONValue] successfully performed. With the following test data [name]. @19-12-2021 12:51:18.0928 P

################################################################################################################################################
Starting Execution:	[23 out of 23] test cases in the current suite
Test Method:		[tests.cli.demo.cliTest.sampleTestCase]
################################################################################################################################################
[ReportManager] Attempting to perform the following command locally. Command: [ls] @19-12-2021 12:51:18.0944 PM
[ReportManager] Terminal Action [PerformTerminalCommands] successfully performed. With the following test data [Host Name: "localHost" | Command: "ls" | Exit Status: "0"]. @19-12-2021 12:51:18.0949 PM
[ReportManager] Successfully created attachment [Terminal Action Actual Result - Command Log] @19-12-2021 12:51:18.0950 PM
[ReportManager] Assertion Passed: Demoing local terminal actions @19-12-2021 12:51:18.0951 PM
[ReportManager] Assertion [ValidateEquals] PASSED. Expected [pom.xml] and Actual [LICENSE
README.md
allure-results
docker-compose_native.yml
docker-compose_zalenium.yml
extent-reports
pom.xml
readMeImgs
src
target]. Comparison Type [CONTAINS]. Validation Type [POSITIVE]. @19-12-2021 12:51:18.0951 P
[ReportManager] Successfully created attachment [SHAFT Engine Logs - Execution log] @19-12-2021 12:51:18.0977 PM

################################################################################################################################################
This test run was powered by SHAFT Engine Version: [SHAFT Engine v5.4.20211202-BETA]
SHAFT Engine is licensed under the MIT License: [https://github.com/MohabMohie/SHAFT_ENGINE/blob/master/LICENSE].
################################################################################################################################################