################################################################################################################################################
Detected SHAFT Engine Version: [SHAFT Engine v5.3.20210902]
################################################################################################################################################

################################################################################################################################################
Starting Execution:	[1 out of 23] test cases in the current suite
Test Method:		[tests.cli.demo.cliTest.sampleTestCase]
################################################################################################################################################
[ReportManager] Attempting to perform the following command locally. Command: [ls] @24-09-2021 06:37:46.0597 AM
[ReportManager] Terminal Action [PerformTerminalCommands] successfully performed. With the following test data [Host Name: "localHost" | Command: "ls" | Exit Status: "0"]. @24-09-2021 06:37:46.0616 AM
[ReportManager] Successfully created attachment [Terminal Action Actual Result - Command Log] @24-09-2021 06:37:46.0624 AM
[ReportManager] Assertion Passed: Demoing local terminal actions @24-09-2021 06:37:46.0639 AM
[ReportManager] Assertion [ValidateEquals] PASSED. Expected [pom.xml] and Actual [LICENSE
README.md
allure-results
docker-compose_native.yml
docker-compose_zalenium.yml
extent-reports
pom.xml
src
target]. Comparison Type [CONTAINS]. Validation Type [POSITIVE]. @24-09-2021 06:37:46.0640 A

################################################################################################################################################
Starting Execution:	[2 out of 23] test cases in the current suite
Test Method:		[tests.api.users.UserData.validateUserEmail]
################################################################################################################################################
[ReportManager] Response status code: [200], status line: [HTTP/1.1 200 OK] @24-09-2021 06:37:49.0672 AM
[ReportManager] Assertion Passed: Evaluating the actual response status code against the expected one... @24-09-2021 06:37:49.0673 AM
[ReportManager] Assertion [ValidateEquals] PASSED. Expected [200] and Actual [200]. Comparison Type [EQUALS]. Validation Type [POSITIVE]. @24-09-2021 06:37:49.0673 AM
[ReportManager] API Action [PerformRequest] successfully performed. With the following test data [Request Type: "GET" | Target Status Code: "200" | Service URL: "https://jsonplaceholder.typicode.com/users" | Content Type: "*/*" | Response Time: "1114ms"]. @24-09-2021 06:37:50.0892 AM
[ReportManager] Successfully created attachment [API Request - Specifications] @24-09-2021 06:37:50.0893 AM
[ReportManager] Successfully created attachment [API Response - JSON Body] @24-09-2021 06:37:51.0245 AM
[ReportManager] Assertion [ValidateEquals] PASSED. Expected and Actual values are attached. Comparison Type [CONTAINS]. Validation Type [POSITIVE]. @24-09-2021 06:37:51.0247 AM
[ReportManager] Successfully created attachment [Validation Test Data - Expected Value] @24-09-2021 06:37:51.0248 AM
[ReportManager] Successfully created attachment [Validation Test Data - Actual Value] @24-09-2021 06:37:51.0249 AM
[ReportManager] API Action [GetResponseJSONValueAsList] successfully performed. With the following test data [$]. @24-09-2021 06:37:51.0268 AM
[ReportManager] API Action [GetResponseJSONValue] successfully performed. With the following test data [name]. @24-09-2021 06:37:51.0291 AM
[ReportManager] API Action [GetResponseJSONValue] successfully performed. With the following test data [email]. @24-09-2021 06:37:51.0305 AM
[ReportManager] Assertion [ValidateEquals] PASSED. Expected [Sincere@april.biz] and Actual [Sincere@april.biz]. Comparison Type [EQUALS]. Validation Type [POSITIVE]. @24-09-2021 06:37:51.0306 AM
[ReportManager] API Action [GetResponseJSONValue] successfully performed. With the following test data [name]. @24-09-2021 06:37:51.0322 AM
[ReportManager] API Action [GetResponseJSONValue] successfully performed. With the following test data [name]. @24-09-2021 06:37:51.0335 AM
[ReportManager] API Action [GetResponseJSONValue] successfully performed. With the following test data [name]. @24-09-2021 06:37:51.0347 AM
[ReportManager] API Action [GetResponseJSONValue] successfully performed. With the following test data [name]. @24-09-2021 06:37:51.0359 AM
[ReportManager] API Action [GetResponseJSONValue] successfully performed. With the following test data [name]. @24-09-2021 06:37:51.0370 AM
[ReportManager] API Action [GetResponseJSONValue] successfully performed. With the following test data [name]. @24-09-2021 06:37:51.0381 AM
[ReportManager] API Action [GetResponseJSONValue] successfully performed. With the following test data [name]. @24-09-2021 06:37:51.0392 AM
[ReportManager] API Action [GetResponseJSONValue] successfully performed. With the following test data [name]. @24-09-2021 06:37:51.0403 AM
[ReportManager] API Action [GetResponseJSONValue] successfully performed. With the following test data [name]. @24-09-2021 06:37:51.0413 A
[ReportManager] File Action [GetAbsolutePath] successfully performed. With the following test data [Relative Folder Path: "target/downloadedFiles/"]. @24-09-2021 06:37:51.0439 AM
[ReportManager] Attempting to run remotely on: [Linux-64], [GoogleChrome], [http://localhost:4444/wd/hub], Headless Execution. @24-09-2021 06:37:51.0471 AM
[ReportManager] Successfully Opened [GoogleChrome]. @24-09-2021 06:37:52.0729 AM
[ReportManager] Target URL: [https://www.google.com/ncr], and after redirection: [https://www.google.com] @24-09-2021 06:37:52.0806 AM
[ReportManager] Initial URL: [data:,] @24-09-2021 06:37:52.0936 AM
[ReportManager] Browser Action [NavigateToURL] successfully performed. With the following test data [https://www.google.com/ncr]. @24-09-2021 06:37:54.0386 A

################################################################################################################################################
Starting Execution:	[3 out of 23] test cases in the current suite
Test Method:		[tests.gui.google.C_Search_PageObjectModel_Traditional.navigateToGoogleHomeAndAssertGoogleLogoIsDisplayed]
################################################################################################################################################
[ReportManager] Element Action [IsElementDisplayed] successfully performed. @24-09-2021 06:37:54.0547 AM
[ReportManager] Assertion Passed: Asserting that the Google logo is displayed @24-09-2021 06:37:54.0548 AM
[ReportManager] Assertion [ValidateTrue] PASSED. Expected [TRUE] and Actual [TRUE]. Validation Type [POSITIVE]. @24-09-2021 06:37:54.0548 A
[ReportManager] Successfully created attachment [Selenium WebDriver Logs - server] @24-09-2021 06:37:54.0689 AM
[ReportManager] Successfully created attachment [Selenium WebDriver Logs - performance] @24-09-2021 06:37:54.0780 AM
[ReportManager] Successfully created attachment [Selenium WebDriver Logs - driver] @24-09-2021 06:37:54.0932 AM
[ReportManager] Browser Action [CloseCurrentWindow] successfully performed. @24-09-2021 06:37:54.0998 AM
[ReportManager] Successfully created attachment [Browser Action Test Data - CloseCurrentWindow - Actual Value] @24-09-2021 06:37:55.0037 A
[ReportManager] File Action [GetAbsolutePath] successfully performed. With the following test data [Relative Folder Path: "target/downloadedFiles/"]. @24-09-2021 06:37:55.0047 AM
[ReportManager] Attempting to run remotely on: [Linux-64], [GoogleChrome], [http://localhost:4444/wd/hub], Headless Execution. @24-09-2021 06:37:55.0048 AM
[ReportManager] Successfully Opened [GoogleChrome]. @24-09-2021 06:37:55.0751 AM
[ReportManager] Target URL: [https://www.google.com/ncr], and after redirection: [https://www.google.com] @24-09-2021 06:37:55.0782 AM
[ReportManager] Initial URL: [data:,] @24-09-2021 06:37:55.0877 AM
[ReportManager] Browser Action [NavigateToURL] successfully performed. With the following test data [https://www.google.com/ncr]. @24-09-2021 06:37:56.0906 A

################################################################################################################################################
Starting Execution:	[4 out of 23] test cases in the current suite
Test Method:		[tests.gui.google.C_Search_PageObjectModel_Traditional.navigateToGoogleHomeAndAssertPageTitle]
################################################################################################################################################
[ReportManager] Browser Action [GetCurrentWindowTitle] successfully performed. With the following test data [Google]. @24-09-2021 06:37:56.0962 AM
[ReportManager] Assertion Passed: Asserting that the page title is Google @24-09-2021 06:37:56.0962 AM
[ReportManager] Assertion [ValidateEquals] PASSED. Expected [Google] and Actual [Google]. Comparison Type [EQUALS]. Validation Type [POSITIVE]. @24-09-2021 06:37:56.0962 A
[ReportManager] Successfully created attachment [Selenium WebDriver Logs - server] @24-09-2021 06:37:57.0091 AM
[ReportManager] Successfully created attachment [Selenium WebDriver Logs - performance] @24-09-2021 06:37:57.0145 AM
[ReportManager] Successfully created attachment [Selenium WebDriver Logs - driver] @24-09-2021 06:37:57.0315 AM
[ReportManager] Browser Action [CloseCurrentWindow] successfully performed. @24-09-2021 06:37:57.0381 AM
[ReportManager] Successfully created attachment [Browser Action Test Data - CloseCurrentWindow - Actual Value] @24-09-2021 06:37:57.0383 A
[ReportManager] File Action [GetAbsolutePath] successfully performed. With the following test data [Relative Folder Path: "target/downloadedFiles/"]. @24-09-2021 06:37:57.0390 AM
[ReportManager] Attempting to run remotely on: [Linux-64], [GoogleChrome], [http://localhost:4444/wd/hub], Headless Execution. @24-09-2021 06:37:57.0390 AM
[ReportManager] Successfully Opened [GoogleChrome]. @24-09-2021 06:37:58.0062 AM
[ReportManager] Target URL: [https://www.google.com/ncr], and after redirection: [https://www.google.com] @24-09-2021 06:37:58.0086 AM
[ReportManager] Initial URL: [data:,] @24-09-2021 06:37:58.0172 AM
[ReportManager] Browser Action [NavigateToURL] successfully performed. With the following test data [https://www.google.com/ncr]. @24-09-2021 06:37:59.0224 A

################################################################################################################################################
Starting Execution:	[5 out of 23] test cases in the current suite
Test Method:		[tests.gui.google.C_Search_PageObjectModel_Traditional.searchForQueryAndAssertFirstResultTextIsCorrect]
################################################################################################################################################
[ReportManager] Element Action [Type] successfully performed. With the following test data [SHAFT_Engine]. @24-09-2021 06:37:59.0972 AM
[ReportManager] Element Action [KeyPress] successfully performed. With the following test data [ENTER]. @24-09-2021 06:38:01.0751 AM
[ReportManager] Element Action [GetText] successfully performed. With the following test data [SHAFT_ENGINE is a Test Automation Engine that ... - GitHub]. @24-09-2021 06:38:01.0866 AM
[ReportManager] Assertion Failed: Asserting that the correct first result is displayed @24-09-2021 06:38:01.0868 AM
[ReportManager] Assertion [ValidateEquals] FAILED. Expected [MohabMohie] and Actual [SHAFT_ENGINE is a Test Automation Engine that ... - GitHub]. Comparison Type [CONTAINS]. Validation Type [POSITIVE]. @24-09-2021 06:38:01.0868 A
[ReportManager] Successfully created attachment [Selenium WebDriver Logs - server] @24-09-2021 06:38:02.0142 AM
[ReportManager] Successfully created attachment [Selenium WebDriver Logs - performance] @24-09-2021 06:38:02.0367 AM
[ReportManager] Successfully created attachment [Selenium WebDriver Logs - driver] @24-09-2021 06:38:02.0653 AM
[ReportManager] Browser Action [CloseCurrentWindow] successfully performed. @24-09-2021 06:38:02.0725 AM
[ReportManager] Successfully created attachment [Browser Action Test Data - CloseCurrentWindow - Actual Value] @24-09-2021 06:38:02.0735 A
[ReportManager] Successfully loaded the following test data file [src/test/resources/TestDataFiles/Google/SimpleSearch.xlsx]. @24-09-2021 06:38:03.0555 AM
[ReportManager] Successfully created attachment [Test Data - Excel] @24-09-2021 06:38:03.0556 A
[ReportManager] File Action [GetAbsolutePath] successfully performed. With the following test data [Relative Folder Path: "target/downloadedFiles/"]. @24-09-2021 06:38:03.0557 AM
[ReportManager] Attempting to run remotely on: [Linux-64], [GoogleChrome], [http://localhost:4444/wd/hub], Headless Execution. @24-09-2021 06:38:03.0557 AM
[ReportManager] Successfully Opened [GoogleChrome]. @24-09-2021 06:38:04.0312 AM
[ReportManager] Target URL: [https://www.google.com/ncr], and after redirection: [https://www.google.com] @24-09-2021 06:38:04.0336 AM
[ReportManager] Initial URL: [data:,] @24-09-2021 06:38:04.0440 AM
[ReportManager] Browser Action [NavigateToURL] successfully performed. With the following test data [https://www.google.com/ncr]. @24-09-2021 06:38:05.0454 A

################################################################################################################################################
Starting Execution:	[6 out of 23] test cases in the current suite
Test Method:		[tests.gui.google.E_Search_PageObjectModel_Traditional_SHAFTAssertions.navigateToGoogleHomeAndAssertGoogleLogoIsDisplayed]
################################################################################################################################################
[ReportManager] File Action [DoesFileExist] successfully performed. With the following test data [File Path: "src/test/resources/DynamicObjectRepository/tests_gui_google_E_Search_PageObjectModel_Traditional_SHAFTAssertions_navigateToGoogleHomeAndAssertGoogleLogoIsDisplayed_By_xpath_img_id_hplogo_or_alt_Google.png"]. @24-09-2021 06:38:05.0470 AM
[ReportManager] File Action [GetAbsolutePath] successfully performed. With the following test data [Relative Folder Path: "src/test/resources/DynamicObjectRepository/tests_gui_google_E_Search_PageObjectModel_Traditional_SHAFTAssertions_navigateToGoogleHomeAndAssertGoogleLogoIsDisplayed_By_xpath_img_id_hplogo_or_alt_Google.png"]. @24-09-2021 06:38:05.0470 AM
[ReportManager] File Action [ReadFromImageFile] successfully performed. With the following test data [File Path: "/home/runner/work/using_SHAFT_ENGINE/using_SHAFT_ENGINE/src/test/resources/DynamicObjectRepository/tests_gui_google_E_Search_PageObjectModel_Traditional_SHAFTAssertions_navigateToGoogleHomeAndAssertGoogleLogoIsDisplayed_By_xpath_img_id_hplogo_or_alt_Google.png"]. @24-09-2021 06:38:05.0471 AM
[ReportManager] File Action [DoesFileExist] successfully performed. With the following test data [File Path: "src/test/resources/DynamicObjectRepository/tests_gui_google_E_Search_PageObjectModel_Traditional_SHAFTAssertions_navigateToGoogleHomeAndAssertGoogleLogoIsDisplayed_By_xpath_img_id_hplogo_or_alt_Google.png"]. @24-09-2021 06:38:05.0707 AM
[ReportManager] File Action [DoesFileExist] successfully performed. With the following test data [File Path: "src/test/resources/DynamicObjectRepository/tests_gui_google_E_Search_PageObjectModel_Traditional_SHAFTAssertions_navigateToGoogleHomeAndAssertGoogleLogoIsDisplayed_By_xpath_img_id_hplogo_or_alt_Google.png"]. @24-09-2021 06:38:05.0708 AM
[ReportManager] Loaded Shared OpenCV @24-09-2021 06:38:06.0252 AM
[ReportManager] Successfully identified the element using AI; OpenCV. @24-09-2021 06:38:06.0273 AM
[ReportManager] Assertion Passed: Asserting that the Google logo is displayed @24-09-2021 06:38:06.0274 AM
[ReportManager] Successfully created attachment [Validation Test Data - Reference Screenshot] @24-09-2021 06:38:06.0275 AM
[ReportManager] Successfully created attachment [Validation Test Data - Actual Screenshot] @24-09-2021 06:38:06.0275 AM
[ReportManager] Assertion [ValidateElementMatches] PASSED. Expected [Element should match the reference screenshot] and Actual [TRUE]. Comparison Type [EXACT_OPENCV]. Validation Type [POSITIVE]. @24-09-2021 06:38:06.0275 A
[ReportManager] Successfully created attachment [Selenium WebDriver Logs - server] @24-09-2021 06:38:06.0389 AM
[ReportManager] Successfully created attachment [Selenium WebDriver Logs - performance] @24-09-2021 06:38:06.0432 AM
[ReportManager] Successfully created attachment [Selenium WebDriver Logs - driver] @24-09-2021 06:38:06.0544 AM
[ReportManager] Browser Action [CloseCurrentWindow] successfully performed. @24-09-2021 06:38:06.0608 AM
[ReportManager] Successfully created attachment [Browser Action Test Data - CloseCurrentWindow - Actual Value] @24-09-2021 06:38:06.0609 A
[ReportManager] File Action [GetAbsolutePath] successfully performed. With the following test data [Relative Folder Path: "target/downloadedFiles/"]. @24-09-2021 06:38:06.0615 AM
[ReportManager] Attempting to run remotely on: [Linux-64], [GoogleChrome], [http://localhost:4444/wd/hub], Headless Execution. @24-09-2021 06:38:06.0615 AM
[ReportManager] Successfully Opened [GoogleChrome]. @24-09-2021 06:38:07.0030 AM
[ReportManager] Target URL: [https://www.google.com/ncr], and after redirection: [https://www.google.com] @24-09-2021 06:38:07.0058 AM
[ReportManager] Initial URL: [data:,] @24-09-2021 06:38:07.0141 AM
[ReportManager] Browser Action [NavigateToURL] successfully performed. With the following test data [https://www.google.com/ncr]. @24-09-2021 06:38:08.0125 A

################################################################################################################################################
Starting Execution:	[7 out of 23] test cases in the current suite
Test Method:		[tests.gui.google.E_Search_PageObjectModel_Traditional_SHAFTAssertions.navigateToGoogleHomeAndAssertPageTitle]
################################################################################################################################################
[ReportManager] Browser Action [GetCurrentWindowTitle] successfully performed. With the following test data [Google]. @24-09-2021 06:38:08.0180 AM
[ReportManager] Assertion Passed: Asserting that the page title is Google @24-09-2021 06:38:08.0484 AM
[ReportManager] Successfully created attachment [Screenshot - 1632465488276_navigateToGoogleHomeAndAssertPageTitle_ValidateBrowserAttribute_passed] @24-09-2021 06:38:08.0490 AM
[ReportManager] Assertion [ValidateBrowserAttribute] PASSED. Expected [Value Should be 'Google' for the 'Title' attribute] and Actual [Google]. Comparison Type [EQUALS]. Validation Type [POSITIVE]. @24-09-2021 06:38:08.0490 A
[ReportManager] Successfully created attachment [Selenium WebDriver Logs - server] @24-09-2021 06:38:08.0609 AM
[ReportManager] Successfully created attachment [Selenium WebDriver Logs - performance] @24-09-2021 06:38:08.0659 AM
[ReportManager] Successfully created attachment [Selenium WebDriver Logs - driver] @24-09-2021 06:38:08.0769 AM
[ReportManager] Browser Action [CloseCurrentWindow] successfully performed. @24-09-2021 06:38:08.0830 AM
[ReportManager] Successfully created attachment [Browser Action Test Data - CloseCurrentWindow - Actual Value] @24-09-2021 06:38:08.0834 A
[ReportManager] File Action [GetAbsolutePath] successfully performed. With the following test data [Relative Folder Path: "target/downloadedFiles/"]. @24-09-2021 06:38:08.0842 AM
[ReportManager] Attempting to run remotely on: [Linux-64], [GoogleChrome], [http://localhost:4444/wd/hub], Headless Execution. @24-09-2021 06:38:08.0842 AM
[ReportManager] Successfully Opened [GoogleChrome]. @24-09-2021 06:38:09.0164 AM
[ReportManager] Target URL: [https://www.google.com/ncr], and after redirection: [https://www.google.com] @24-09-2021 06:38:09.0184 AM
[ReportManager] Initial URL: [data:,] @24-09-2021 06:38:09.0260 AM
[ReportManager] Browser Action [NavigateToURL] successfully performed. With the following test data [https://www.google.com/ncr]. @24-09-2021 06:38:10.0213 A

################################################################################################################################################
Starting Execution:	[8 out of 23] test cases in the current suite
Test Method:		[tests.gui.google.E_Search_PageObjectModel_Traditional_SHAFTAssertions.searchForQueryAndAssertFirstResultTextIsCorrect]
################################################################################################################################################
[ReportManager] Element Action [Type] successfully performed. With the following test data [SHAFT_Engine]. @24-09-2021 06:38:10.0935 AM
[ReportManager] Element Action [KeyPress] successfully performed. With the following test data [ENTER]. @24-09-2021 06:38:12.0640 AM
[ReportManager] Element Action [GetText] successfully performed. With the following test data [SHAFT_ENGINE is a Test Automation Engine that ... - GitHub]. @24-09-2021 06:38:12.0749 AM
[ReportManager] Loaded Shared OpenCV @24-09-2021 06:38:12.0949 AM
[ReportManager] Assertion Failed: Asserting that the correct first result is displayed @24-09-2021 06:38:13.0052 AM
[ReportManager] Successfully created attachment [Screenshot - 1632465492948_searchForQueryAndAssertFirstResultTextIsCorrect_ValidateElementAttribute_failed] @24-09-2021 06:38:13.0060 AM
[ReportManager] Assertion [ValidateElementAttribute] FAILED. Expected [Value Should be 'MohabMohie' for the 'Text' attribute, element locator 'By.xpath: (//h1[contains(text(),'Search Result')]/following-sibling::div//a/h3)[1]'] and Actual [SHAFT_ENGINE is a Test Automation Engine that ... - GitHub]. Comparison Type [CONTAINS]. Validation Type [POSITIVE]. @24-09-2021 06:38:13.0060 A
[ReportManager] Successfully created attachment [Selenium WebDriver Logs - server] @24-09-2021 06:38:13.0294 AM
[ReportManager] Successfully created attachment [Selenium WebDriver Logs - performance] @24-09-2021 06:38:13.0513 AM
[ReportManager] Successfully created attachment [Selenium WebDriver Logs - driver] @24-09-2021 06:38:13.0792 AM
[ReportManager] Browser Action [CloseCurrentWindow] successfully performed. @24-09-2021 06:38:13.0855 AM
[ReportManager] Successfully created attachment [Browser Action Test Data - CloseCurrentWindow - Actual Value] @24-09-2021 06:38:13.0859 A
[ReportManager] File Action [GetAbsolutePath] successfully performed. With the following test data [Relative Folder Path: "target/downloadedFiles/"]. @24-09-2021 06:38:13.0864 AM
[ReportManager] Attempting to run remotely on: [Linux-64], [GoogleChrome], [http://localhost:4444/wd/hub], Headless Execution. @24-09-2021 06:38:13.0864 AM
[ReportManager] Successfully Opened [GoogleChrome]. @24-09-2021 06:38:14.0171 AM
[ReportManager] Target URL: [https://www.google.com/ncr], and after redirection: [https://www.google.com] @24-09-2021 06:38:14.0189 AM
[ReportManager] Initial URL: [data:,] @24-09-2021 06:38:14.0270 AM
[ReportManager] Browser Action [NavigateToURL] successfully performed. With the following test data [https://www.google.com/ncr]. @24-09-2021 06:38:15.0237 A

################################################################################################################################################
Starting Execution:	[9 out of 23] test cases in the current suite
Test Method:		[tests.gui.google.B_Search_FlatTest_SHAFT.navigateToGoogleHomeAndAssertGoogleLogoIsDisplayed]
################################################################################################################################################
[ReportManager] File Action [DoesFileExist] successfully performed. With the following test data [File Path: "src/test/resources/DynamicObjectRepository/tests_gui_google_B_Search_FlatTest_SHAFT_navigateToGoogleHomeAndAssertGoogleLogoIsDisplayed_By_xpath_img_id_hplogo_or_alt_Google.png"]. @24-09-2021 06:38:15.0246 AM
[ReportManager] File Action [GetAbsolutePath] successfully performed. With the following test data [Relative Folder Path: "src/test/resources/DynamicObjectRepository/tests_gui_google_B_Search_FlatTest_SHAFT_navigateToGoogleHomeAndAssertGoogleLogoIsDisplayed_By_xpath_img_id_hplogo_or_alt_Google.png"]. @24-09-2021 06:38:15.0253 AM
[ReportManager] File Action [ReadFromImageFile] successfully performed. With the following test data [File Path: "/home/runner/work/using_SHAFT_ENGINE/using_SHAFT_ENGINE/src/test/resources/DynamicObjectRepository/tests_gui_google_B_Search_FlatTest_SHAFT_navigateToGoogleHomeAndAssertGoogleLogoIsDisplayed_By_xpath_img_id_hplogo_or_alt_Google.png"]. @24-09-2021 06:38:15.0253 AM
[ReportManager] File Action [DoesFileExist] successfully performed. With the following test data [File Path: "src/test/resources/DynamicObjectRepository/tests_gui_google_B_Search_FlatTest_SHAFT_navigateToGoogleHomeAndAssertGoogleLogoIsDisplayed_By_xpath_img_id_hplogo_or_alt_Google.png"]. @24-09-2021 06:38:15.0467 AM
[ReportManager] File Action [DoesFileExist] successfully performed. With the following test data [File Path: "src/test/resources/DynamicObjectRepository/tests_gui_google_B_Search_FlatTest_SHAFT_navigateToGoogleHomeAndAssertGoogleLogoIsDisplayed_By_xpath_img_id_hplogo_or_alt_Google.png"]. @24-09-2021 06:38:15.0470 AM
[ReportManager] Loaded Shared OpenCV @24-09-2021 06:38:15.0470 AM
[ReportManager] Successfully identified the element using AI; OpenCV. @24-09-2021 06:38:15.0472 AM
[ReportManager] Assertion Passed: Asserting that the Google logo is displayed @24-09-2021 06:38:15.0474 AM
[ReportManager] Successfully created attachment [Validation Test Data - Reference Screenshot] @24-09-2021 06:38:15.0474 AM
[ReportManager] Successfully created attachment [Validation Test Data - Actual Screenshot] @24-09-2021 06:38:15.0475 AM
[ReportManager] Assertion [ValidateElementMatches] PASSED. Expected [Element should match the reference screenshot] and Actual [TRUE]. Comparison Type [EXACT_OPENCV]. Validation Type [POSITIVE]. @24-09-2021 06:38:15.0475 A
[ReportManager] Successfully created attachment [Selenium WebDriver Logs - server] @24-09-2021 06:38:15.0580 AM
[ReportManager] Successfully created attachment [Selenium WebDriver Logs - performance] @24-09-2021 06:38:15.0630 AM
[ReportManager] Successfully created attachment [Selenium WebDriver Logs - driver] @24-09-2021 06:38:15.0717 AM
[ReportManager] Browser Action [CloseCurrentWindow] successfully performed. @24-09-2021 06:38:15.0779 AM
[ReportManager] Successfully created attachment [Browser Action Test Data - CloseCurrentWindow - Actual Value] @24-09-2021 06:38:15.0781 A
[ReportManager] File Action [GetAbsolutePath] successfully performed. With the following test data [Relative Folder Path: "target/downloadedFiles/"]. @24-09-2021 06:38:15.0787 AM
[ReportManager] Attempting to run remotely on: [Linux-64], [GoogleChrome], [http://localhost:4444/wd/hub], Headless Execution. @24-09-2021 06:38:15.0788 AM
[ReportManager] Successfully Opened [GoogleChrome]. @24-09-2021 06:38:16.0076 AM
[ReportManager] Target URL: [https://www.google.com/ncr], and after redirection: [https://www.google.com] @24-09-2021 06:38:16.0096 AM
[ReportManager] Initial URL: [data:,] @24-09-2021 06:38:16.0157 AM
[ReportManager] Browser Action [NavigateToURL] successfully performed. With the following test data [https://www.google.com/ncr]. @24-09-2021 06:38:19.0009 A

################################################################################################################################################
Starting Execution:	[10 out of 23] test cases in the current suite
Test Method:		[tests.gui.google.B_Search_FlatTest_SHAFT.navigateToGoogleHomeAndAssertPageTitle]
################################################################################################################################################
[ReportManager] Browser Action [GetCurrentWindowTitle] successfully performed. With the following test data [Google]. @24-09-2021 06:38:19.0069 AM
[ReportManager] Assertion Passed: Asserting that the page title is Google @24-09-2021 06:38:19.0234 AM
[ReportManager] Successfully created attachment [Screenshot - 1632465499159_navigateToGoogleHomeAndAssertPageTitle_ValidateBrowserAttribute_passed] @24-09-2021 06:38:19.0235 AM
[ReportManager] Assertion [ValidateBrowserAttribute] PASSED. Expected [Value Should be 'Google' for the 'Title' attribute] and Actual [Google]. Comparison Type [EQUALS]. Validation Type [POSITIVE]. @24-09-2021 06:38:19.0235 A
[ReportManager] Successfully created attachment [Selenium WebDriver Logs - server] @24-09-2021 06:38:19.0331 AM
[ReportManager] Successfully created attachment [Selenium WebDriver Logs - performance] @24-09-2021 06:38:19.0371 AM
[ReportManager] Successfully created attachment [Selenium WebDriver Logs - driver] @24-09-2021 06:38:19.0466 AM
[ReportManager] Browser Action [CloseCurrentWindow] successfully performed. @24-09-2021 06:38:19.0533 AM
[ReportManager] Successfully created attachment [Browser Action Test Data - CloseCurrentWindow - Actual Value] @24-09-2021 06:38:19.0534 A
[ReportManager] File Action [GetAbsolutePath] successfully performed. With the following test data [Relative Folder Path: "target/downloadedFiles/"]. @24-09-2021 06:38:19.0538 AM
[ReportManager] Attempting to run remotely on: [Linux-64], [GoogleChrome], [http://localhost:4444/wd/hub], Headless Execution. @24-09-2021 06:38:19.0539 AM
[ReportManager] Successfully Opened [GoogleChrome]. @24-09-2021 06:38:19.0823 AM
[ReportManager] Target URL: [https://www.google.com/ncr], and after redirection: [https://www.google.com] @24-09-2021 06:38:19.0844 AM
[ReportManager] Initial URL: [data:,] @24-09-2021 06:38:19.0908 AM
[ReportManager] Browser Action [NavigateToURL] successfully performed. With the following test data [https://www.google.com/ncr]. @24-09-2021 06:38:20.0847 A

################################################################################################################################################
Starting Execution:	[11 out of 23] test cases in the current suite
Test Method:		[tests.gui.google.B_Search_FlatTest_SHAFT.searchForQueryAndAssertFirstResultTextIsCorrect]
################################################################################################################################################
[ReportManager] Element Action [Type] successfully performed. With the following test data [SHAFT_Engine]. @24-09-2021 06:38:21.0567 AM
[ReportManager] Element Action [KeyPress] successfully performed. With the following test data [ENTER]. @24-09-2021 06:38:23.0111 AM
[ReportManager] Element Action [GetText] successfully performed. With the following test data [SHAFT_ENGINE is a Test Automation Engine that ... - GitHub]. @24-09-2021 06:38:23.0299 AM
[ReportManager] Loaded Shared OpenCV @24-09-2021 06:38:23.0493 AM
[ReportManager] Assertion Failed: Asserting that the correct first result is displayed @24-09-2021 06:38:23.0570 AM
[ReportManager] Successfully created attachment [Screenshot - 1632465503493_searchForQueryAndAssertFirstResultTextIsCorrect_ValidateElementAttribute_failed] @24-09-2021 06:38:23.0572 AM
[ReportManager] Assertion [ValidateElementAttribute] FAILED. Expected [Value Should be 'MohabMohie' for the 'Text' attribute, element locator 'By.xpath: (//h1[contains(text(),'Search Result')]/following-sibling::div//a/h3)[1]'] and Actual [SHAFT_ENGINE is a Test Automation Engine that ... - GitHub]. Comparison Type [CONTAINS]. Validation Type [POSITIVE]. @24-09-2021 06:38:23.0572 A
[ReportManager] Successfully created attachment [Selenium WebDriver Logs - server] @24-09-2021 06:38:23.0767 AM
[ReportManager] Successfully created attachment [Selenium WebDriver Logs - performance] @24-09-2021 06:38:23.0952 AM
[ReportManager] Successfully created attachment [Selenium WebDriver Logs - driver] @24-09-2021 06:38:24.0261 AM
[ReportManager] Browser Action [CloseCurrentWindow] successfully performed. @24-09-2021 06:38:24.0332 AM
[ReportManager] Successfully created attachment [Browser Action Test Data - CloseCurrentWindow - Actual Value] @24-09-2021 06:38:24.0334 A
[ReportManager] Successfully loaded the following test data file [src/test/resources/TestDataFiles/Google/SimpleSearch.xlsx]. @24-09-2021 06:38:24.0368 AM
[ReportManager] Successfully created attachment [Test Data - Excel] @24-09-2021 06:38:24.0368 A
[ReportManager] File Action [GetAbsolutePath] successfully performed. With the following test data [Relative Folder Path: "target/downloadedFiles/"]. @24-09-2021 06:38:24.0370 AM
[ReportManager] Attempting to run remotely on: [Linux-64], [GoogleChrome], [http://localhost:4444/wd/hub], Headless Execution. @24-09-2021 06:38:24.0370 AM
[ReportManager] Successfully Opened [GoogleChrome]. @24-09-2021 06:38:24.0646 AM
[ReportManager] Target URL: [https://www.google.com/ncr], and after redirection: [https://www.google.com] @24-09-2021 06:38:24.0660 AM
[ReportManager] Initial URL: [data:,] @24-09-2021 06:38:24.0720 AM
[ReportManager] Browser Action [NavigateToURL] successfully performed. With the following test data [https://www.google.com/ncr]. @24-09-2021 06:38:25.0707 A

################################################################################################################################################
Starting Execution:	[12 out of 23] test cases in the current suite
Test Method:		[tests.gui.google.F_Search_PageObjectModel_Fluent.navigateToGoogleHomeAndAssertGoogleLogoIsDisplayed]
################################################################################################################################################
[ReportManager] File Action [DoesFileExist] successfully performed. With the following test data [File Path: "src/test/resources/DynamicObjectRepository/tests_gui_google_F_Search_PageObjectModel_Fluent_navigateToGoogleHomeAndAssertGoogleLogoIsDisplayed_By_xpath_img_id_hplogo_or_alt_Google.png"]. @24-09-2021 06:38:25.0723 AM
[ReportManager] File Action [GetAbsolutePath] successfully performed. With the following test data [Relative Folder Path: "src/test/resources/DynamicObjectRepository/tests_gui_google_F_Search_PageObjectModel_Fluent_navigateToGoogleHomeAndAssertGoogleLogoIsDisplayed_By_xpath_img_id_hplogo_or_alt_Google.png"]. @24-09-2021 06:38:25.0723 AM
[ReportManager] File Action [ReadFromImageFile] successfully performed. With the following test data [File Path: "/home/runner/work/using_SHAFT_ENGINE/using_SHAFT_ENGINE/src/test/resources/DynamicObjectRepository/tests_gui_google_F_Search_PageObjectModel_Fluent_navigateToGoogleHomeAndAssertGoogleLogoIsDisplayed_By_xpath_img_id_hplogo_or_alt_Google.png"]. @24-09-2021 06:38:25.0723 AM
[ReportManager] File Action [DoesFileExist] successfully performed. With the following test data [File Path: "src/test/resources/DynamicObjectRepository/tests_gui_google_F_Search_PageObjectModel_Fluent_navigateToGoogleHomeAndAssertGoogleLogoIsDisplayed_By_xpath_img_id_hplogo_or_alt_Google.png"]. @24-09-2021 06:38:25.0965 AM
[ReportManager] File Action [DoesFileExist] successfully performed. With the following test data [File Path: "src/test/resources/DynamicObjectRepository/tests_gui_google_F_Search_PageObjectModel_Fluent_navigateToGoogleHomeAndAssertGoogleLogoIsDisplayed_By_xpath_img_id_hplogo_or_alt_Google.png"]. @24-09-2021 06:38:25.0965 AM
[ReportManager] Loaded Shared OpenCV @24-09-2021 06:38:25.0965 AM
[ReportManager] Successfully identified the element using AI; OpenCV. @24-09-2021 06:38:25.0967 AM
[ReportManager] Assertion Passed: Asserting that the Google logo is displayed @24-09-2021 06:38:25.0969 AM
[ReportManager] Successfully created attachment [Validation Test Data - Reference Screenshot] @24-09-2021 06:38:25.0969 AM
[ReportManager] Successfully created attachment [Validation Test Data - Actual Screenshot] @24-09-2021 06:38:25.0970 AM
[ReportManager] Assertion [ValidateElementMatches] PASSED. Expected [Element should match the reference screenshot] and Actual [TRUE]. Comparison Type [EXACT_OPENCV]. Validation Type [POSITIVE]. @24-09-2021 06:38:25.0970 A
[ReportManager] Successfully created attachment [Selenium WebDriver Logs - server] @24-09-2021 06:38:26.0066 AM
[ReportManager] Successfully created attachment [Selenium WebDriver Logs - performance] @24-09-2021 06:38:26.0104 AM
[ReportManager] Successfully created attachment [Selenium WebDriver Logs - driver] @24-09-2021 06:38:26.0184 AM
[ReportManager] Browser Action [CloseCurrentWindow] successfully performed. @24-09-2021 06:38:26.0244 AM
[ReportManager] Successfully created attachment [Browser Action Test Data - CloseCurrentWindow - Actual Value] @24-09-2021 06:38:26.0245 A
[ReportManager] File Action [GetAbsolutePath] successfully performed. With the following test data [Relative Folder Path: "target/downloadedFiles/"]. @24-09-2021 06:38:26.0249 AM
[ReportManager] Attempting to run remotely on: [Linux-64], [GoogleChrome], [http://localhost:4444/wd/hub], Headless Execution. @24-09-2021 06:38:26.0249 AM
[ReportManager] Successfully Opened [GoogleChrome]. @24-09-2021 06:38:26.0517 AM
[ReportManager] Target URL: [https://www.google.com/ncr], and after redirection: [https://www.google.com] @24-09-2021 06:38:26.0533 AM
[ReportManager] Initial URL: [data:,] @24-09-2021 06:38:26.0593 AM
[ReportManager] Browser Action [NavigateToURL] successfully performed. With the following test data [https://www.google.com/ncr]. @24-09-2021 06:38:27.0479 A

################################################################################################################################################
Starting Execution:	[13 out of 23] test cases in the current suite
Test Method:		[tests.gui.google.F_Search_PageObjectModel_Fluent.navigateToGoogleHomeAndAssertPageTitle]
################################################################################################################################################
[ReportManager] Browser Action [GetCurrentWindowTitle] successfully performed. With the following test data [Google]. @24-09-2021 06:38:27.0518 AM
[ReportManager] Assertion Passed: Asserting that the page title is Google @24-09-2021 06:38:27.0652 AM
[ReportManager] Successfully created attachment [Screenshot - 1632465507604_navigateToGoogleHomeAndAssertPageTitle_ValidateBrowserAttribute_passed] @24-09-2021 06:38:27.0653 AM
[ReportManager] Assertion [ValidateBrowserAttribute] PASSED. Expected [Value Should be 'Google' for the 'Title' attribute] and Actual [Google]. Comparison Type [EQUALS]. Validation Type [POSITIVE]. @24-09-2021 06:38:27.0653 A
[ReportManager] Successfully created attachment [Selenium WebDriver Logs - server] @24-09-2021 06:38:27.0764 AM
[ReportManager] Successfully created attachment [Selenium WebDriver Logs - performance] @24-09-2021 06:38:27.0801 AM
[ReportManager] Successfully created attachment [Selenium WebDriver Logs - driver] @24-09-2021 06:38:27.0872 AM
[ReportManager] Browser Action [CloseCurrentWindow] successfully performed. @24-09-2021 06:38:27.0932 AM
[ReportManager] Successfully created attachment [Browser Action Test Data - CloseCurrentWindow - Actual Value] @24-09-2021 06:38:27.0933 A
[ReportManager] File Action [GetAbsolutePath] successfully performed. With the following test data [Relative Folder Path: "target/downloadedFiles/"]. @24-09-2021 06:38:27.0936 AM
[ReportManager] Attempting to run remotely on: [Linux-64], [GoogleChrome], [http://localhost:4444/wd/hub], Headless Execution. @24-09-2021 06:38:27.0937 AM
[ReportManager] Successfully Opened [GoogleChrome]. @24-09-2021 06:38:28.0223 AM
[ReportManager] Target URL: [https://www.google.com/ncr], and after redirection: [https://www.google.com] @24-09-2021 06:38:28.0243 AM
[ReportManager] Initial URL: [data:,] @24-09-2021 06:38:28.0339 AM
[ReportManager] Browser Action [NavigateToURL] successfully performed. With the following test data [https://www.google.com/ncr]. @24-09-2021 06:38:29.0261 A

################################################################################################################################################
Starting Execution:	[14 out of 23] test cases in the current suite
Test Method:		[tests.gui.google.F_Search_PageObjectModel_Fluent.searchForQueryAndAssertFirstResultTextIsCorrect]
################################################################################################################################################
[ReportManager] Element Action [Type] successfully performed. With the following test data [SHAFT_Engine]. @24-09-2021 06:38:29.0938 AM
[ReportManager] Element Action [KeyPress] successfully performed. With the following test data [ENTER]. @24-09-2021 06:38:31.0555 AM
[ReportManager] Element Action [GetText] successfully performed. With the following test data [SHAFT_ENGINE is a Test Automation Engine that ... - GitHub]. @24-09-2021 06:38:31.0678 AM
[ReportManager] Loaded Shared OpenCV @24-09-2021 06:38:31.0898 AM
[ReportManager] Assertion Failed: Asserting that the correct first result is displayed @24-09-2021 06:38:31.0974 AM
[ReportManager] Successfully created attachment [Screenshot - 1632465511898_searchForQueryAndAssertFirstResultTextIsCorrect_ValidateElementAttribute_failed] @24-09-2021 06:38:31.0975 AM
[ReportManager] Assertion [ValidateElementAttribute] FAILED. Expected [Value Should be 'MohabMohie' for the 'Text' attribute, element locator 'By.xpath: (//h1[contains(text(),'Search Result')]/following-sibling::div//a/h3)[1]'] and Actual [SHAFT_ENGINE is a Test Automation Engine that ... - GitHub]. Comparison Type [CONTAINS]. Validation Type [POSITIVE]. @24-09-2021 06:38:31.0976 A
[ReportManager] Successfully created attachment [Selenium WebDriver Logs - server] @24-09-2021 06:38:32.0161 AM
[ReportManager] Successfully created attachment [Selenium WebDriver Logs - performance] @24-09-2021 06:38:32.0338 AM
[ReportManager] Successfully created attachment [Selenium WebDriver Logs - driver] @24-09-2021 06:38:32.0568 AM
[ReportManager] Browser Action [CloseCurrentWindow] successfully performed. @24-09-2021 06:38:32.0633 AM
[ReportManager] Successfully created attachment [Browser Action Test Data - CloseCurrentWindow - Actual Value] @24-09-2021 06:38:32.0636 A
[ReportManager] Successfully loaded the following test data file [src/test/resources/TestDataFiles/Google/SimpleSearch.xlsx]. @24-09-2021 06:38:32.0685 AM
[ReportManager] Successfully created attachment [Test Data - Excel] @24-09-2021 06:38:32.0685 A
[ReportManager] File Action [GetAbsolutePath] successfully performed. With the following test data [Relative Folder Path: "target/downloadedFiles/"]. @24-09-2021 06:38:32.0686 AM
[ReportManager] Attempting to run remotely on: [Linux-64], [GoogleChrome], [http://localhost:4444/wd/hub], Headless Execution. @24-09-2021 06:38:32.0686 AM
[ReportManager] Successfully Opened [GoogleChrome]. @24-09-2021 06:38:32.0931 AM
[ReportManager] Target URL: [https://www.google.com/ncr], and after redirection: [https://www.google.com] @24-09-2021 06:38:32.0944 AM
[ReportManager] Initial URL: [data:,] @24-09-2021 06:38:32.0991 AM
[ReportManager] Browser Action [NavigateToURL] successfully performed. With the following test data [https://www.google.com/ncr]. @24-09-2021 06:38:33.0917 A

################################################################################################################################################
Starting Execution:	[15 out of 23] test cases in the current suite
Test Method:		[tests.gui.google.G_Search_PageObjectModel_ThreadSafe.navigateToGoogleHomeAndAssertGoogleLogoIsDisplayed]
################################################################################################################################################
[ReportManager] File Action [DoesFileExist] successfully performed. With the following test data [File Path: "src/test/resources/DynamicObjectRepository/tests_gui_google_G_Search_PageObjectModel_ThreadSafe_navigateToGoogleHomeAndAssertGoogleLogoIsDisplayed_By_xpath_img_id_hplogo_or_alt_Google.png"]. @24-09-2021 06:38:33.0927 AM
[ReportManager] File Action [GetAbsolutePath] successfully performed. With the following test data [Relative Folder Path: "src/test/resources/DynamicObjectRepository/tests_gui_google_G_Search_PageObjectModel_ThreadSafe_navigateToGoogleHomeAndAssertGoogleLogoIsDisplayed_By_xpath_img_id_hplogo_or_alt_Google.png"]. @24-09-2021 06:38:33.0927 AM
[ReportManager] File Action [ReadFromImageFile] successfully performed. With the following test data [File Path: "/home/runner/work/using_SHAFT_ENGINE/using_SHAFT_ENGINE/src/test/resources/DynamicObjectRepository/tests_gui_google_G_Search_PageObjectModel_ThreadSafe_navigateToGoogleHomeAndAssertGoogleLogoIsDisplayed_By_xpath_img_id_hplogo_or_alt_Google.png"]. @24-09-2021 06:38:33.0927 AM
[ReportManager] File Action [DoesFileExist] successfully performed. With the following test data [File Path: "src/test/resources/DynamicObjectRepository/tests_gui_google_G_Search_PageObjectModel_ThreadSafe_navigateToGoogleHomeAndAssertGoogleLogoIsDisplayed_By_xpath_img_id_hplogo_or_alt_Google.png"]. @24-09-2021 06:38:34.0132 AM
[ReportManager] File Action [DoesFileExist] successfully performed. With the following test data [File Path: "src/test/resources/DynamicObjectRepository/tests_gui_google_G_Search_PageObjectModel_ThreadSafe_navigateToGoogleHomeAndAssertGoogleLogoIsDisplayed_By_xpath_img_id_hplogo_or_alt_Google.png"]. @24-09-2021 06:38:34.0132 AM
[ReportManager] Loaded Shared OpenCV @24-09-2021 06:38:34.0132 AM
[ReportManager] Successfully identified the element using AI; OpenCV. @24-09-2021 06:38:34.0135 AM
[ReportManager] Assertion Passed: Asserting that the Google logo is displayed @24-09-2021 06:38:34.0135 AM
[ReportManager] Successfully created attachment [Validation Test Data - Reference Screenshot] @24-09-2021 06:38:34.0136 AM
[ReportManager] Successfully created attachment [Validation Test Data - Actual Screenshot] @24-09-2021 06:38:34.0136 AM
[ReportManager] Assertion [ValidateElementMatches] PASSED. Expected [Element should match the reference screenshot] and Actual [TRUE]. Comparison Type [EXACT_OPENCV]. Validation Type [POSITIVE]. @24-09-2021 06:38:34.0136 A
[ReportManager] Successfully created attachment [Selenium WebDriver Logs - server] @24-09-2021 06:38:34.0239 AM
[ReportManager] Successfully created attachment [Selenium WebDriver Logs - performance] @24-09-2021 06:38:34.0275 AM
[ReportManager] Successfully created attachment [Selenium WebDriver Logs - driver] @24-09-2021 06:38:34.0367 AM
[ReportManager] Browser Action [CloseCurrentWindow] successfully performed. @24-09-2021 06:38:34.0426 AM
[ReportManager] Successfully created attachment [Browser Action Test Data - CloseCurrentWindow - Actual Value] @24-09-2021 06:38:34.0427 A
[ReportManager] File Action [GetAbsolutePath] successfully performed. With the following test data [Relative Folder Path: "target/downloadedFiles/"]. @24-09-2021 06:38:34.0430 AM
[ReportManager] Attempting to run remotely on: [Linux-64], [GoogleChrome], [http://localhost:4444/wd/hub], Headless Execution. @24-09-2021 06:38:34.0431 AM
[ReportManager] Successfully Opened [GoogleChrome]. @24-09-2021 06:38:34.0706 AM
[ReportManager] Target URL: [https://www.google.com/ncr], and after redirection: [https://www.google.com] @24-09-2021 06:38:34.0730 AM
[ReportManager] Initial URL: [data:,] @24-09-2021 06:38:34.0797 AM
[ReportManager] Browser Action [NavigateToURL] successfully performed. With the following test data [https://www.google.com/ncr]. @24-09-2021 06:38:35.0749 A

################################################################################################################################################
Starting Execution:	[16 out of 23] test cases in the current suite
Test Method:		[tests.gui.google.G_Search_PageObjectModel_ThreadSafe.navigateToGoogleHomeAndAssertPageTitle]
################################################################################################################################################
[ReportManager] Browser Action [GetCurrentWindowTitle] successfully performed. With the following test data [Google]. @24-09-2021 06:38:35.0782 AM
[ReportManager] Assertion Passed: Asserting that the page title is Google @24-09-2021 06:38:35.0914 AM
[ReportManager] Successfully created attachment [Screenshot - 1632465515870_navigateToGoogleHomeAndAssertPageTitle_ValidateBrowserAttribute_passed] @24-09-2021 06:38:35.0915 AM
[ReportManager] Assertion [ValidateBrowserAttribute] PASSED. Expected [Value Should be 'Google' for the 'Title' attribute] and Actual [Google]. Comparison Type [EQUALS]. Validation Type [POSITIVE]. @24-09-2021 06:38:35.0915 A
[ReportManager] Successfully created attachment [Selenium WebDriver Logs - server] @24-09-2021 06:38:36.0004 AM
[ReportManager] Successfully created attachment [Selenium WebDriver Logs - performance] @24-09-2021 06:38:36.0040 AM
[ReportManager] Successfully created attachment [Selenium WebDriver Logs - driver] @24-09-2021 06:38:36.0113 AM
[ReportManager] Browser Action [CloseCurrentWindow] successfully performed. @24-09-2021 06:38:36.0171 AM
[ReportManager] Successfully created attachment [Browser Action Test Data - CloseCurrentWindow - Actual Value] @24-09-2021 06:38:36.0172 A
[ReportManager] File Action [GetAbsolutePath] successfully performed. With the following test data [Relative Folder Path: "target/downloadedFiles/"]. @24-09-2021 06:38:36.0174 AM
[ReportManager] Attempting to run remotely on: [Linux-64], [GoogleChrome], [http://localhost:4444/wd/hub], Headless Execution. @24-09-2021 06:38:36.0174 AM
[ReportManager] Successfully Opened [GoogleChrome]. @24-09-2021 06:38:36.0430 AM
[ReportManager] Target URL: [https://www.google.com/ncr], and after redirection: [https://www.google.com] @24-09-2021 06:38:36.0453 AM
[ReportManager] Initial URL: [data:,] @24-09-2021 06:38:36.0502 AM
[ReportManager] Browser Action [NavigateToURL] successfully performed. With the following test data [https://www.google.com/ncr]. @24-09-2021 06:38:37.0672 A

################################################################################################################################################
Starting Execution:	[17 out of 23] test cases in the current suite
Test Method:		[tests.gui.google.G_Search_PageObjectModel_ThreadSafe.searchForQueryAndAssertFirstResultTextIsCorrect]
################################################################################################################################################
[ReportManager] Element Action [Type] successfully performed. With the following test data [SHAFT_Engine]. @24-09-2021 06:38:38.0457 AM
[ReportManager] Element Action [KeyPress] successfully performed. With the following test data [ENTER]. @24-09-2021 06:38:39.0828 AM
[ReportManager] Element Action [GetText] successfully performed. With the following test data [SHAFT_ENGINE is a Test Automation Engine that ... - GitHub]. @24-09-2021 06:38:39.0939 AM
[ReportManager] Loaded Shared OpenCV @24-09-2021 06:38:40.0126 AM
[ReportManager] Assertion Failed: Asserting that the correct first result is displayed @24-09-2021 06:38:40.0199 AM
[ReportManager] Successfully created attachment [Screenshot - 1632465520126_searchForQueryAndAssertFirstResultTextIsCorrect_ValidateElementAttribute_failed] @24-09-2021 06:38:40.0201 AM
[ReportManager] Assertion [ValidateElementAttribute] FAILED. Expected [Value Should be 'MohabMohie' for the 'Text' attribute, element locator 'By.xpath: (//h1[contains(text(),'Search Result')]/following-sibling::div//a/h3)[1]'] and Actual [SHAFT_ENGINE is a Test Automation Engine that ... - GitHub]. Comparison Type [CONTAINS]. Validation Type [POSITIVE]. @24-09-2021 06:38:40.0201 A
[ReportManager] Successfully created attachment [Selenium WebDriver Logs - server] @24-09-2021 06:38:40.0390 AM
[ReportManager] Successfully created attachment [Selenium WebDriver Logs - performance] @24-09-2021 06:38:40.0590 AM
[ReportManager] Successfully created attachment [Selenium WebDriver Logs - driver] @24-09-2021 06:38:40.0880 AM
[ReportManager] Browser Action [CloseCurrentWindow] successfully performed. @24-09-2021 06:38:40.0943 AM
[ReportManager] Successfully created attachment [Browser Action Test Data - CloseCurrentWindow - Actual Value] @24-09-2021 06:38:40.0948 A



################################################################################################################################################
Starting Execution:	[18 out of 23] test cases in the current suite
Test Method:		[tests.gui.google.A_Search_FlatTest_NativeSeleniumWebDriver.navigateToGoogleHomeAndAssertGoogleLogoIsDisplayed]
###############################################################################################################################################



################################################################################################################################################
Starting Execution:	[19 out of 23] test cases in the current suite
Test Method:		[tests.gui.google.A_Search_FlatTest_NativeSeleniumWebDriver.navigateToGoogleHomeAndAssertPageTitle]
###############################################################################################################################################



################################################################################################################################################
Starting Execution:	[20 out of 23] test cases in the current suite
Test Method:		[tests.gui.google.A_Search_FlatTest_NativeSeleniumWebDriver.searchForQueryAndAssertFirstResultTextIsCorrect]
###############################################################################################################################################

[ReportManager] Successfully loaded the following test data file [src/test/resources/TestDataFiles/Google/SimpleSearch.xlsx]. @24-09-2021 06:38:45.0638 AM
[ReportManager] Successfully created attachment [Test Data - Excel] @24-09-2021 06:38:45.0638 A
[ReportManager] File Action [GetAbsolutePath] successfully performed. With the following test data [Relative Folder Path: "target/downloadedFiles/"]. @24-09-2021 06:38:45.0639 AM
[ReportManager] Attempting to run remotely on: [Linux-64], [GoogleChrome], [http://localhost:4444/wd/hub], Headless Execution. @24-09-2021 06:38:45.0640 AM
[ReportManager] Successfully Opened [GoogleChrome]. @24-09-2021 06:38:45.0950 AM
[ReportManager] Target URL: [https://www.google.com/ncr], and after redirection: [https://www.google.com] @24-09-2021 06:38:45.0969 AM
[ReportManager] Initial URL: [data:,] @24-09-2021 06:38:46.0030 AM
[ReportManager] Browser Action [NavigateToURL] successfully performed. With the following test data [https://www.google.com/ncr]. @24-09-2021 06:38:46.0973 A

################################################################################################################################################
Starting Execution:	[21 out of 23] test cases in the current suite
Test Method:		[tests.gui.google.D_Search_PageObjectModel_Traditional_DataDriven.navigateToGoogleHomeAndAssertGoogleLogoIsDisplayed]
################################################################################################################################################
[ReportManager] Element Action [IsElementDisplayed] successfully performed. @24-09-2021 06:38:47.0079 AM
[ReportManager] Assertion Passed: Asserting that the Google logo is displayed @24-09-2021 06:38:47.0079 AM
[ReportManager] Assertion [ValidateTrue] PASSED. Expected [TRUE] and Actual [TRUE]. Validation Type [POSITIVE]. @24-09-2021 06:38:47.0079 A
[ReportManager] Successfully created attachment [Selenium WebDriver Logs - server] @24-09-2021 06:38:47.0174 AM
[ReportManager] Successfully created attachment [Selenium WebDriver Logs - performance] @24-09-2021 06:38:47.0211 AM
[ReportManager] Successfully created attachment [Selenium WebDriver Logs - driver] @24-09-2021 06:38:47.0287 AM
[ReportManager] Browser Action [CloseCurrentWindow] successfully performed. @24-09-2021 06:38:47.0346 AM
[ReportManager] Successfully created attachment [Browser Action Test Data - CloseCurrentWindow - Actual Value] @24-09-2021 06:38:47.0347 A
[ReportManager] File Action [GetAbsolutePath] successfully performed. With the following test data [Relative Folder Path: "target/downloadedFiles/"]. @24-09-2021 06:38:47.0350 AM
[ReportManager] Attempting to run remotely on: [Linux-64], [GoogleChrome], [http://localhost:4444/wd/hub], Headless Execution. @24-09-2021 06:38:47.0351 AM
[ReportManager] Successfully Opened [GoogleChrome]. @24-09-2021 06:38:47.0592 AM
[ReportManager] Target URL: [https://www.google.com/ncr], and after redirection: [https://www.google.com] @24-09-2021 06:38:47.0608 AM
[ReportManager] Initial URL: [data:,] @24-09-2021 06:38:47.0667 AM
[ReportManager] Browser Action [NavigateToURL] successfully performed. With the following test data [https://www.google.com/ncr]. @24-09-2021 06:38:48.0544 A

################################################################################################################################################
Starting Execution:	[22 out of 23] test cases in the current suite
Test Method:		[tests.gui.google.D_Search_PageObjectModel_Traditional_DataDriven.navigateToGoogleHomeAndAssertPageTitle]
################################################################################################################################################
[ReportManager] Browser Action [GetCurrentWindowTitle] successfully performed. With the following test data [Google]. @24-09-2021 06:38:48.0580 AM
[ReportManager] Assertion Passed: Asserting that the page title is Google @24-09-2021 06:38:48.0581 AM
[ReportManager] Assertion [ValidateEquals] PASSED. Expected [Google] and Actual [Google]. Comparison Type [EQUALS]. Validation Type [POSITIVE]. @24-09-2021 06:38:48.0581 A
[ReportManager] Successfully created attachment [Selenium WebDriver Logs - server] @24-09-2021 06:38:48.0674 AM
[ReportManager] Successfully created attachment [Selenium WebDriver Logs - performance] @24-09-2021 06:38:48.0735 AM
[ReportManager] Successfully created attachment [Selenium WebDriver Logs - driver] @24-09-2021 06:38:48.0815 AM
[ReportManager] Browser Action [CloseCurrentWindow] successfully performed. @24-09-2021 06:38:48.0875 AM
[ReportManager] Successfully created attachment [Browser Action Test Data - CloseCurrentWindow - Actual Value] @24-09-2021 06:38:48.0876 A
[ReportManager] File Action [GetAbsolutePath] successfully performed. With the following test data [Relative Folder Path: "target/downloadedFiles/"]. @24-09-2021 06:38:48.0882 AM
[ReportManager] Attempting to run remotely on: [Linux-64], [GoogleChrome], [http://localhost:4444/wd/hub], Headless Execution. @24-09-2021 06:38:48.0882 AM
[ReportManager] Successfully Opened [GoogleChrome]. @24-09-2021 06:38:49.0110 AM
[ReportManager] Target URL: [https://www.google.com/ncr], and after redirection: [https://www.google.com] @24-09-2021 06:38:49.0147 AM
[ReportManager] Initial URL: [data:,] @24-09-2021 06:38:49.0246 AM
[ReportManager] Browser Action [NavigateToURL] successfully performed. With the following test data [https://www.google.com/ncr]. @24-09-2021 06:38:50.0145 A

################################################################################################################################################
Starting Execution:	[23 out of 23] test cases in the current suite
Test Method:		[tests.gui.google.D_Search_PageObjectModel_Traditional_DataDriven.searchForQueryAndAssertFirstResultTextIsCorrect]
################################################################################################################################################
[ReportManager] Element Action [Type] successfully performed. With the following test data [SHAFT_Engine]. @24-09-2021 06:38:50.0853 AM
[ReportManager] Element Action [KeyPress] successfully performed. With the following test data [ENTER]. @24-09-2021 06:38:52.0429 AM
[ReportManager] Element Action [GetText] successfully performed. With the following test data [SHAFT_ENGINE is a Test Automation Engine that ... - GitHub]. @24-09-2021 06:38:52.0520 AM
[ReportManager] Assertion Failed: Asserting that the correct first result is displayed @24-09-2021 06:38:52.0521 AM
[ReportManager] Assertion [ValidateEquals] FAILED. Expected [MohabMohie] and Actual [SHAFT_ENGINE is a Test Automation Engine that ... - GitHub]. Comparison Type [CONTAINS]. Validation Type [POSITIVE]. @24-09-2021 06:38:52.0521 A
[ReportManager] Successfully created attachment [Selenium WebDriver Logs - server] @24-09-2021 06:38:52.0691 AM
[ReportManager] Successfully created attachment [Selenium WebDriver Logs - performance] @24-09-2021 06:38:52.0878 AM
[ReportManager] Successfully created attachment [Selenium WebDriver Logs - driver] @24-09-2021 06:38:53.0148 AM
[ReportManager] Browser Action [CloseCurrentWindow] successfully performed. @24-09-2021 06:38:53.0210 AM
[ReportManager] Successfully created attachment [Browser Action Test Data - CloseCurrentWindow - Actual Value] @24-09-2021 06:38:53.0217 A

################################################################################################################################################
Test Closure Activities
################################################################################################################################################
[ReportManager] Successfully created attachment [SHAFT Engine Logs - Execution log] @24-09-2021 06:38:53.0250 AM

################################################################################################################################################
This test run was powered by SHAFT Engine Version: [SHAFT Engine v5.3.20210902]
SHAFT Engine is licensed under the MIT License: [https://github.com/MohabMohie/SHAFT_ENGINE/blob/master/LICENSE].
################################################################################################################################################