{
  "uid" : "4b4757e66a1912dae1a509f688f20b0f",
  "children" : [ {
    "name" : "Product defects",
    "children" : [ {
      "name" : "Assertion [ValidateElementAttribute] FAILED. Expected [Value Should be 'MohabMohie' for the 'Text' attribute, element locator 'By.xpath: (//h1[contains(text(),'Search Result')]/following-sibling::div//a/h3)[1]'] and Actual [SHAFT_ENGINE is a Test Automation Engine that ... - GitHub]. Comparison Type [CONTAINS]. Validation Type [POSITIVE].",
      "children" : [ {
        "name" : "searchForQueryAndAssertFirstResultTextIsCorrect",
        "uid" : "d3be7ad761d11add",
        "parentUid" : "7ec2ccc38aacde760e1a17d26c12f1c8",
        "status" : "failed",
        "time" : {
          "start" : 1641796964146,
          "stop" : 1641796966890,
          "duration" : 2744
        },
        "flaky" : false,
        "newFailed" : false,
        "parameters" : [ ]
      } ],
      "uid" : "7ec2ccc38aacde760e1a17d26c12f1c8"
    }, {
      "name" : "Couldn't find the desired file. [src/test/resources/testDataFiles/Google/SimpleSearch.xlsx].",
      "children" : [ {
        "name" : "beforeClass",
        "uid" : "905d4d051150816e",
        "parentUid" : "0cf878649e8dacea607ed6d8ff7b1a2f",
        "status" : "failed",
        "time" : {
          "start" : 1641796967200,
          "stop" : 1641796967201,
          "duration" : 1
        },
        "flaky" : false,
        "newFailed" : false,
        "parameters" : [ ]
      }, {
        "name" : "beforeClass",
        "uid" : "d709f4713a3f9a53",
        "parentUid" : "0cf878649e8dacea607ed6d8ff7b1a2f",
        "status" : "failed",
        "time" : {
          "start" : 1641796973786,
          "stop" : 1641796973786,
          "duration" : 0
        },
        "flaky" : false,
        "newFailed" : false,
        "parameters" : [ ]
      }, {
        "name" : "beforeClass",
        "uid" : "fc3d394fbf45411e",
        "parentUid" : "0cf878649e8dacea607ed6d8ff7b1a2f",
        "status" : "failed",
        "time" : {
          "start" : 1641796973822,
          "stop" : 1641796973822,
          "duration" : 0
        },
        "flaky" : false,
        "newFailed" : false,
        "parameters" : [ ]
      }, {
        "name" : "beforeClass",
        "uid" : "2b2e6a6c6f7fc243",
        "parentUid" : "0cf878649e8dacea607ed6d8ff7b1a2f",
        "status" : "failed",
        "time" : {
          "start" : 1641796973859,
          "stop" : 1641796973859,
          "duration" : 0
        },
        "flaky" : false,
        "newFailed" : false,
        "parameters" : [ ]
      } ],
      "uid" : "0cf878649e8dacea607ed6d8ff7b1a2f"
    }, {
      "name" : "Assertion [ValidateEquals] FAILED. Expected [MohabMohie] and Actual [SHAFT_ENGINE is a Test Automation Engine that ... - GitHub]. Comparison Type [CONTAINS]. Validation Type [POSITIVE].",
      "children" : [ {
        "name" : "searchForQueryAndAssertFirstResultTextIsCorrect",
        "uid" : "eabd426c4b35e313",
        "parentUid" : "560f4ba7520edf3654889622d1ec21d5",
        "status" : "failed",
        "time" : {
          "start" : 1641796971585,
          "stop" : 1641796973570,
          "duration" : 1985
        },
        "flaky" : false,
        "newFailed" : false,
        "parameters" : [ ]
      } ],
      "uid" : "560f4ba7520edf3654889622d1ec21d5"
    } ],
    "uid" : "8fb3a91ba5aaf9de24cc8a92edc82b5d"
  }, {
    "name" : "Test defects",
    "children" : [ {
      "name" : "Could not start a new session. Response code 500. Message: unknown error: Chrome failed to start: crashed.\n  (unknown error: DevToolsActivePort file doesn't exist)\n  (The process started from chrome location /usr/bin/google-chrome is no longer running, so ChromeDriver is assuming that Chrome has crashed.)\nBuild info: version: '4.1.0', revision: '87802e897b'\nSystem info: host: 'fv-az219-507', ip: '10.1.0.212', os.name: 'Linux', os.arch: 'amd64', os.version: '5.11.0-1022-azure', java.version: '17.0.1'\nDriver info: org.openqa.selenium.chrome.ChromeDriver\nCommand: [null, newSession {capabilities=[Capabilities {browserName: chrome, goog:chromeOptions: {args: [], extensions: []}}], desiredCapabilities=Capabilities {browserName: chrome, goog:chromeOptions: {args: [], extensions: []}}}]",
      "children" : [ {
        "name" : "beforeMethod",
        "uid" : "ab1f069632ef1edd",
        "parentUid" : "02ffa5d8e5bc938b044eadc8a77c1747",
        "status" : "broken",
        "time" : {
          "start" : 1641796997570,
          "stop" : 1641796997570,
          "duration" : 0
        },
        "flaky" : false,
        "newFailed" : false,
        "parameters" : [ ]
      } ],
      "uid" : "02ffa5d8e5bc938b044eadc8a77c1747"
    } ],
    "uid" : "bdbf199525818fae7a8651db9eafe741"
  } ],
  "name" : "categories"
}