{
  "uid" : "4b4757e66a1912dae1a509f688f20b0f",
  "children" : [ {
    "name" : "Product defects",
    "children" : [ {
      "name" : "Assertion [ValidateElementAttribute] FAILED. Expected [Value Should be 'MohabMohie' for the 'Text' attribute, element locator 'By.xpath: (//h1[contains(text(),'Search Result')]/following-sibling::div//a/h3)[1]'] and Actual [SHAFT: Unified Test Automation Engine - GitHub]. Comparison Type [CONTAINS]. Validation Type [POSITIVE].",
      "children" : [ {
        "name" : "searchForQueryAndAssertFirstResultTextIsCorrect",
        "uid" : "befca5c09fdd4b24",
        "parentUid" : "36f771086daca37e576c8f54ca78e2e8",
        "status" : "failed",
        "time" : {
          "start" : 1640829881003,
          "stop" : 1640829883666,
          "duration" : 2663
        },
        "flaky" : false,
        "newFailed" : false,
        "parameters" : [ ]
      } ],
      "uid" : "36f771086daca37e576c8f54ca78e2e8"
    }, {
      "name" : "Couldn't find the desired file. [src/test/resources/testDataFiles/Google/SimpleSearch.xlsx].",
      "children" : [ {
        "name" : "beforeClass",
        "uid" : "a06fbc81a8769e24",
        "parentUid" : "0cf878649e8dacea607ed6d8ff7b1a2f",
        "status" : "failed",
        "time" : {
          "start" : 1640829883917,
          "stop" : 1640829883917,
          "duration" : 0
        },
        "flaky" : false,
        "newFailed" : false,
        "parameters" : [ ]
      }, {
        "name" : "beforeClass",
        "uid" : "d027876744b8d3b9",
        "parentUid" : "0cf878649e8dacea607ed6d8ff7b1a2f",
        "status" : "failed",
        "time" : {
          "start" : 1640829890178,
          "stop" : 1640829890178,
          "duration" : 0
        },
        "flaky" : false,
        "newFailed" : false,
        "parameters" : [ ]
      }, {
        "name" : "beforeClass",
        "uid" : "515026326b6a1f7d",
        "parentUid" : "0cf878649e8dacea607ed6d8ff7b1a2f",
        "status" : "failed",
        "time" : {
          "start" : 1640829890216,
          "stop" : 1640829890216,
          "duration" : 0
        },
        "flaky" : false,
        "newFailed" : false,
        "parameters" : [ ]
      }, {
        "name" : "beforeClass",
        "uid" : "7f89049005cf0952",
        "parentUid" : "0cf878649e8dacea607ed6d8ff7b1a2f",
        "status" : "failed",
        "time" : {
          "start" : 1640829890240,
          "stop" : 1640829890240,
          "duration" : 0
        },
        "flaky" : false,
        "newFailed" : false,
        "parameters" : [ ]
      } ],
      "uid" : "0cf878649e8dacea607ed6d8ff7b1a2f"
    }, {
      "name" : "Assertion [ValidateEquals] FAILED. Expected [MohabMohie] and Actual [SHAFT: Unified Test Automation Engine - GitHub]. Comparison Type [CONTAINS]. Validation Type [POSITIVE].",
      "children" : [ {
        "name" : "searchForQueryAndAssertFirstResultTextIsCorrect",
        "uid" : "f53e326c42f86ef9",
        "parentUid" : "ab225c3efa9697d821bd8bd14f8e852f",
        "status" : "failed",
        "time" : {
          "start" : 1640829887995,
          "stop" : 1640829889971,
          "duration" : 1976
        },
        "flaky" : false,
        "newFailed" : false,
        "parameters" : [ ]
      } ],
      "uid" : "ab225c3efa9697d821bd8bd14f8e852f"
    } ],
    "uid" : "8fb3a91ba5aaf9de24cc8a92edc82b5d"
  }, {
    "name" : "Test defects",
    "children" : [ {
      "name" : "Could not start a new session. Response code 500. Message: unknown error: Chrome failed to start: crashed.\n  (unknown error: DevToolsActivePort file doesn't exist)\n  (The process started from chrome location /usr/bin/google-chrome is no longer running, so ChromeDriver is assuming that Chrome has crashed.)\nBuild info: version: '4.1.0', revision: '87802e897b'\nSystem info: host: 'fv-az292-831', ip: '10.1.1.2', os.name: 'Linux', os.arch: 'amd64', os.version: '5.11.0-1022-azure', java.version: '17.0.1'\nDriver info: org.openqa.selenium.chrome.ChromeDriver\nCommand: [null, newSession {capabilities=[Capabilities {browserName: chrome, goog:chromeOptions: {args: [], extensions: []}}], desiredCapabilities=Capabilities {browserName: chrome, goog:chromeOptions: {args: [], extensions: []}}}]",
      "children" : [ {
        "name" : "beforeMethod",
        "uid" : "dbf8518f7c71f934",
        "parentUid" : "f708a5d6116f6c234f56d6eb1ed39b2d",
        "status" : "broken",
        "time" : {
          "start" : 1640829909820,
          "stop" : 1640829909821,
          "duration" : 1
        },
        "flaky" : false,
        "newFailed" : false,
        "parameters" : [ ]
      } ],
      "uid" : "f708a5d6116f6c234f56d6eb1ed39b2d"
    } ],
    "uid" : "bdbf199525818fae7a8651db9eafe741"
  } ],
  "name" : "categories"
}