################################################################################################################################################
Detected SHAFT Engine Version: [SHAFT Engine v5.4.20211202-BETA]
################################################################################################################################################
[ReportManager] File Action [GetAbsolutePath] successfully performed. With the following test data [Relative Folder Path: "target/downloadedFiles/"]. @08-01-2022 06:40:09.0585 AM
[ReportManager] Attempting to run remotely on: [Linux-64], [GoogleChrome], [http://localhost:4444/wd/hub], Headless Execution. @08-01-2022 06:40:09.0603 AM
[ReportManager] Successfully Opened [GoogleChrome]. @08-01-2022 06:40:11.0919 AM
[ReportManager] Target URL: [https://www.google.com/ncr], and after redirection: [https://www.google.com] @08-01-2022 06:40:11.0931 AM
[ReportManager] Initial URL: [data:,] @08-01-2022 06:40:12.0094 AM
[ReportManager] Browser Action [NavigateToURL] successfully performed. With the following test data [https://www.google.com/ncr]. @08-01-2022 06:40:13.0754 A

################################################################################################################################################
Starting Execution:	[1 out of 23] test cases in the current suite
Test Method:		[tests.gui.google.B_Search_FlatTest_SHAFT.navigateToGoogleHomeAndAssertGoogleLogoIsDisplayed]
################################################################################################################################################
[ReportManager] File Action [DoesFileExist] successfully performed. With the following test data [File Path: "src/main/resources/dynamicObjectRepository/tests_gui_google_B_Search_FlatTest_SHAFT_navigateToGoogleHomeAndAssertGoogleLogoIsDisplayed_By_xpath_img_id_hplogo_or_alt_Google.png"]. @08-01-2022 06:40:13.0917 AM
[ReportManager] File Action [GetAbsolutePath] successfully performed. With the following test data [Relative Folder Path: "src/main/resources/dynamicObjectRepository/tests_gui_google_B_Search_FlatTest_SHAFT_navigateToGoogleHomeAndAssertGoogleLogoIsDisplayed_By_xpath_img_id_hplogo_or_alt_Google.png"]. @08-01-2022 06:40:13.0918 AM
[ReportManager] File Action [ReadFromImageFile] successfully performed. With the following test data [File Path: "/home/runner/work/using_SHAFT_ENGINE/using_SHAFT_ENGINE/src/main/resources/dynamicObjectRepository/tests_gui_google_B_Search_FlatTest_SHAFT_navigateToGoogleHomeAndAssertGoogleLogoIsDisplayed_By_xpath_img_id_hplogo_or_alt_Google.png"]. @08-01-2022 06:40:13.0918 AM
[ReportManager] org.openqa.selenium.TimeoutException:
Expected condition failed: waiting for com.shaft.gui.element.ElementActionsHelper$$Lambda$589/0x00000008010bb890@63c163e1 (tried for 25 second(s) with 1000 milliseconds interval)
org.openqa.selenium.support.ui.FluentWait.timeoutException(FluentWait.java:263)
org.openqa.selenium.support.ui.FluentWait.until(FluentWait.java:231)
com.shaft.gui.element.ElementActionsHelper.waitForElementPresence(ElementActionsHelper.java:63)
com.shaft.gui.element.ElementActionsHelper.waitForElementPresence(ElementActionsHelper.java:33)
com.shaft.gui.element.WebDriverElementActions.getMatchingElementsCount(WebDriverElementActions.java:1466)
com.shaft.gui.element.WebDriverElementActions.getElementsCount(WebDriverElementActions.java:543)
com.shaft.gui.element.ElementActions.getElementsCount(ElementActions.java:245)
com.shaft.validation.ValidationsHelper.validateElementMatches(ValidationsHelper.java:491)
com.shaft.validation.Assertions.assertElementMatches(Assertions.java:756)
tests.gui.google.B_Search_FlatTest_SHAFT.navigateToGoogleHomeAndAssertGoogleLogoIsDisplayed(B_Search_FlatTest_SHAFT.java:27)
java.base/jdk.internal.reflect.NativeMethodAccessorImpl.invoke0(Native Method)
java.base/jdk.internal.reflect.NativeMethodAccessorImpl.invoke(NativeMethodAccessorImpl.java:77)
java.base/jdk.internal.reflect.DelegatingMethodAccessorImpl.invoke(DelegatingMethodAccessorImpl.java:43)
java.base/java.lang.reflect.Method.invoke(Method.java:568)
org.testng.internal.MethodInvocationHelper.invokeMethod(MethodInvocationHelper.java:133)
org.testng.internal.TestInvoker.invokeMethod(TestInvoker.java:598)
org.testng.internal.TestInvoker.invokeTestMethod(TestInvoker.java:173)
org.testng.internal.MethodRunner.runInSequence(MethodRunner.java:46)
org.testng.internal.TestInvoker$MethodInvocationAgent.invoke(TestInvoker.java:824)
org.testng.internal.TestInvoker.invokeTestMethods(TestInvoker.java:146)
org.testng.internal.TestMethodWorker.invokeTestMethods(TestMethodWorker.java:146)
org.testng.internal.TestMethodWorker.run(TestMethodWorker.java:128)
java.base/java.util.ArrayList.forEach(ArrayList.java:1511)
org.testng.TestRunner.privateRun(TestRunner.java:794)
org.testng.TestRunner.run(TestRunner.java:596)
org.testng.SuiteRunner.runTest(SuiteRunner.java:377)
org.testng.SuiteRunner.runSequentially(SuiteRunner.java:371)
org.testng.SuiteRunner.privateRun(SuiteRunner.java:332)
org.testng.SuiteRunner.run(SuiteRunner.java:276)
org.testng.SuiteRunnerWorker.runSuite(SuiteRunnerWorker.java:53)
org.testng.SuiteRunnerWorker.run(SuiteRunnerWorker.java:96)
org.testng.TestNG.runSuitesSequentially(TestNG.java:1212)
org.testng.TestNG.runSuitesLocally(TestNG.java:1134)
org.testng.TestNG.runSuites(TestNG.java:1063)
org.testng.TestNG.run(TestNG.java:1031)
org.apache.maven.surefire.testng.TestNGExecutor.run(TestNGExecutor.java:136)
org.apache.maven.surefire.testng.TestNGDirectoryTestSuite.executeMulti(TestNGDirectoryTestSuite.java:193)
org.apache.maven.surefire.testng.TestNGDirectoryTestSuite.execute(TestNGDirectoryTestSuite.java:94)
org.apache.maven.surefire.testng.TestNGProvider.invoke(TestNGProvider.java:145)
org.apache.maven.surefire.booter.ForkedBooter.runSuitesInProcess(ForkedBooter.java:428)
org.apache.maven.surefire.booter.ForkedBooter.execute(ForkedBooter.java:162)
org.apache.maven.surefire.booter.ForkedBooter.run(ForkedBooter.java:562)
org.apache.maven.surefire.booter.ForkedBooter.main(ForkedBooter.java:548)

Caused by: org.openqa.selenium.NoSuchElementException:
no such element: Unable to locate element: {"method":"xpath","selector":"//img[@id='hplogo' or @alt='Google']"}
  (Session info: headless chrome=81.0.4044.138)
For documentation on this error, please visit: https://selenium.dev/exceptions/#no_such_element
Build info: version: '4.1.0', revision: '87802e897b'
System info: host: 'fv-az198-858', ip: '10.1.0.108', os.name: 'Linux', os.arch: 'amd64', os.version: '5.11.0-1022-azure', java.version: '17.0.1'
Driver info: org.openqa.selenium.remote.RemoteWebDriver
Command: [4eab488f9172fe702d76676ec381b664, findElement {using=xpath, value=//img[@id='hplogo' or @alt='Google']}]
Capabilities {acceptInsecureCerts: true, browserName: chrome, browserVersion: 81.0.4044.138, chrome: {chromedriverVersion: 81.0.4044.138 (8c6c7ba89cc9..., userDataDir: /tmp/.com.google.Chrome.7bkaHX}, goog:chromeOptions: {debuggerAddress: localhost:9222}, javascriptEnabled: true, networkConnectionEnabled: false, pageLoadStrategy: normal, platform: LINUX, platformName: LINUX, proxy: Proxy(), setWindowRect: true, strictFileInteractability: false, timeouts: {implicit: 0, pageLoad: 30000, script: 30000}, unhandledPromptBehavior: accept and notify, webauthn:virtualAuthenticators: true, webdriver.remote.sessionid: 4eab488f9172fe702d76676ec38...}
Session ID: 4eab488f9172fe702d76676ec381b664
jdk.internal.reflect.GeneratedConstructorAccessor10.newInstance(Unknown Source)
java.base/jdk.internal.reflect.DelegatingConstructorAccessorImpl.newInstance(DelegatingConstructorAccessorImpl.java:45)
java.base/java.lang.reflect.Constructor.newInstanceWithCaller(Constructor.java:499)
java.base/java.lang.reflect.Constructor.newInstance(Constructor.java:480)
org.openqa.selenium.remote.codec.w3c.W3CHttpResponseCodec.createException(W3CHttpResponseCodec.java:200)
org.openqa.selenium.remote.codec.w3c.W3CHttpResponseCodec.decode(W3CHttpResponseCodec.java:133)
org.openqa.selenium.remote.codec.w3c.W3CHttpResponseCodec.decode(W3CHttpResponseCodec.java:53)
org.openqa.selenium.remote.HttpCommandExecutor.execute(HttpCommandExecutor.java:184)
org.openqa.selenium.remote.TracedCommandExecutor.execute(TracedCommandExecutor.java:50)
org.openqa.selenium.remote.RemoteWebDriver.execute(RemoteWebDriver.java:559)
org.openqa.selenium.remote.ElementLocation$ElementFinder$2.findElement(ElementLocation.java:162)
org.openqa.selenium.remote.ElementLocation.findElement(ElementLocation.java:60)
org.openqa.selenium.remote.RemoteWebDriver.findElement(RemoteWebDriver.java:383)
org.openqa.selenium.remote.RemoteWebDriver.findElement(RemoteWebDriver.java:375)
com.shaft.gui.element.ElementActionsHelper.lambda$waitForElementPresence$0(ElementActionsHelper.java:71)
org.openqa.selenium.support.ui.FluentWait.until(FluentWait.java:208)
com.shaft.gui.element.ElementActionsHelper.waitForElementPresence(ElementActionsHelper.java:63)
com.shaft.gui.element.ElementActionsHelper.waitForElementPresence(ElementActionsHelper.java:33)
com.shaft.gui.element.WebDriverElementActions.getMatchingElementsCount(WebDriverElementActions.java:1466)
com.shaft.gui.element.WebDriverElementActions.getElementsCount(WebDriverElementActions.java:543)
com.shaft.gui.element.ElementActions.getElementsCount(ElementActions.java:245)
com.shaft.validation.ValidationsHelper.validateElementMatches(ValidationsHelper.java:491)
com.shaft.validation.Assertions.assertElementMatches(Assertions.java:756)
tests.gui.google.B_Search_FlatTest_SHAFT.navigateToGoogleHomeAndAssertGoogleLogoIsDisplayed(B_Search_FlatTest_SHAFT.java:27)
java.base/jdk.internal.reflect.NativeMethodAccessorImpl.invoke0(Native Method)
java.base/jdk.internal.reflect.NativeMethodAccessorImpl.invoke(NativeMethodAccessorImpl.java:77)
java.base/jdk.internal.reflect.DelegatingMethodAccessorImpl.invoke(DelegatingMethodAccessorImpl.java:43)
java.base/java.lang.reflect.Method.invoke(Method.java:568)
org.testng.internal.MethodInvocationHelper.invokeMethod(MethodInvocationHelper.java:133)
org.testng.internal.TestInvoker.invokeMethod(TestInvoker.java:598)
org.testng.internal.TestInvoker.invokeTestMethod(TestInvoker.java:173)
org.testng.internal.MethodRunner.runInSequence(MethodRunner.java:46)
org.testng.internal.TestInvoker$MethodInvocationAgent.invoke(TestInvoker.java:824)
org.testng.internal.TestInvoker.invokeTestMethods(TestInvoker.java:146)
org.testng.internal.TestMethodWorker.invokeTestMethods(TestMethodWorker.java:146)
org.testng.internal.TestMethodWorker.run(TestMethodWorker.java:128)
java.base/java.util.ArrayList.forEach(ArrayList.java:1511)
org.testng.TestRunner.privateRun(TestRunner.java:794)
org.testng.TestRunner.run(TestRunner.java:596)
org.testng.SuiteRunner.runTest(SuiteRunner.java:377)
org.testng.SuiteRunner.runSequentially(SuiteRunner.java:371)
org.testng.SuiteRunner.privateRun(SuiteRunner.java:332)
org.testng.SuiteRunner.run(SuiteRunner.java:276)
org.testng.SuiteRunnerWorker.runSuite(SuiteRunnerWorker.java:53)
org.testng.SuiteRunnerWorker.run(SuiteRunnerWorker.java:96)
org.testng.TestNG.runSuitesSequentially(TestNG.java:1212)
org.testng.TestNG.runSuitesLocally(TestNG.java:1134)
org.testng.TestNG.runSuites(TestNG.java:1063)
org.testng.TestNG.run(TestNG.java:1031)
org.apache.maven.surefire.testng.TestNGExecutor.run(TestNGExecutor.java:136)
org.apache.maven.surefire.testng.TestNGDirectoryTestSuite.executeMulti(TestNGDirectoryTestSuite.java:193)
org.apache.maven.surefire.testng.TestNGDirectoryTestSuite.execute(TestNGDirectoryTestSuite.java:94)
org.apache.maven.surefire.testng.TestNGProvider.invoke(TestNGProvider.java:145)
org.apache.maven.surefire.booter.ForkedBooter.runSuitesInProcess(ForkedBooter.java:428)
org.apache.maven.surefire.booter.ForkedBooter.execute(ForkedBooter.java:162)
org.apache.maven.surefire.booter.ForkedBooter.run(ForkedBooter.java:562)
org.apache.maven.surefire.booter.ForkedBooter.main(ForkedBooter.java:548) @08-01-2022 06:40:39.0603 AM
[ReportManager] Assertion Failed: Asserting that the Google logo is displayed @08-01-2022 06:40:40.0618 AM
[ReportManager] Successfully created attachment [Validation Test Data - Reference Screenshot] @08-01-2022 06:40:40.0626 AM
[ReportManager] Successfully created attachment [Validation Test Data - Actual Screenshot] @08-01-2022 06:40:40.0627 AM
[ReportManager] Assertion [ValidateElementMatches] FAILED. Expected [Element should match the reference screenshot] and Actual [ELEMENT NOT FOUND]. Comparison Type [EXACT_OPENCV]. Validation Type [POSITIVE]. @08-01-2022 06:40:40.0627 A
[ReportManager] Browser Action [CloseCurrentWindow] successfully performed. @08-01-2022 06:40:40.0915 AM
[ReportManager] Successfully created attachment [Browser Action Test Data - CloseCurrentWindow - Actual Value] @08-01-2022 06:40:40.0922 A
[ReportManager] File Action [GetAbsolutePath] successfully performed. With the following test data [Relative Folder Path: "target/downloadedFiles/"]. @08-01-2022 06:40:40.0935 AM
[ReportManager] Attempting to run remotely on: [Linux-64], [GoogleChrome], [http://localhost:4444/wd/hub], Headless Execution. @08-01-2022 06:40:40.0935 AM
[ReportManager] Successfully Opened [GoogleChrome]. @08-01-2022 06:40:41.0387 AM
[ReportManager] Target URL: [https://www.google.com/ncr], and after redirection: [https://www.google.com] @08-01-2022 06:40:41.0387 AM
[ReportManager] Initial URL: [data:,] @08-01-2022 06:40:41.0511 AM
[ReportManager] Browser Action [NavigateToURL] successfully performed. With the following test data [https://www.google.com/ncr]. @08-01-2022 06:40:42.0718 A

################################################################################################################################################
Starting Execution:	[2 out of 23] test cases in the current suite
Test Method:		[tests.gui.google.B_Search_FlatTest_SHAFT.navigateToGoogleHomeAndAssertPageTitle]
################################################################################################################################################
[ReportManager] Browser Action [GetCurrentWindowTitle] successfully performed. With the following test data [Google]. @08-01-2022 06:40:42.0819 AM
[ReportManager] Assertion Passed: Asserting that the page title is Google @08-01-2022 06:40:43.0456 AM
[ReportManager] Successfully created attachment [Screenshot - 1641624043114_navigateToGoogleHomeAndAssertPageTitle_ValidateBrowserAttribute_passed] @08-01-2022 06:40:43.0472 AM
[ReportManager] Assertion [ValidateBrowserAttribute] PASSED. Expected [Value Should be 'Google' for the 'Title' attribute] and Actual [Google]. Comparison Type [EQUALS]. Validation Type [POSITIVE]. @08-01-2022 06:40:43.0472 A
[ReportManager] Browser Action [CloseCurrentWindow] successfully performed. @08-01-2022 06:40:43.0653 AM
[ReportManager] Successfully created attachment [Browser Action Test Data - CloseCurrentWindow - Actual Value] @08-01-2022 06:40:43.0654 A
[ReportManager] File Action [GetAbsolutePath] successfully performed. With the following test data [Relative Folder Path: "target/downloadedFiles/"]. @08-01-2022 06:40:43.0662 AM
[ReportManager] Attempting to run remotely on: [Linux-64], [GoogleChrome], [http://localhost:4444/wd/hub], Headless Execution. @08-01-2022 06:40:43.0662 AM
[ReportManager] Successfully Opened [GoogleChrome]. @08-01-2022 06:40:44.0063 AM
[ReportManager] Target URL: [https://www.google.com/ncr], and after redirection: [https://www.google.com] @08-01-2022 06:40:44.0063 AM
[ReportManager] Initial URL: [data:,] @08-01-2022 06:40:44.0157 AM
[ReportManager] Browser Action [NavigateToURL] successfully performed. With the following test data [https://www.google.com/ncr]. @08-01-2022 06:40:45.0369 A

################################################################################################################################################
Starting Execution:	[3 out of 23] test cases in the current suite
Test Method:		[tests.gui.google.B_Search_FlatTest_SHAFT.searchForQueryAndAssertFirstResultTextIsCorrect]
################################################################################################################################################
[ReportManager] Element Action [Type] successfully performed. With the following test data [SHAFT_Engine]. @08-01-2022 06:40:46.0043 AM
[ReportManager] Element Action [KeyPress] successfully performed. With the following test data [ENTER]. @08-01-2022 06:40:47.0671 AM
[ReportManager] Element Action [GetText] successfully performed. With the following test data [SHAFT_ENGINE is a Test Automation Engine that ... - GitHub]. @08-01-2022 06:40:47.0821 AM
[ReportManager] Loaded Shared OpenCV @08-01-2022 06:40:48.0754 AM
[ReportManager] Assertion Failed: Asserting that the correct first result is displayed @08-01-2022 06:40:49.0176 AM
[ReportManager] Successfully created attachment [Screenshot - 1641624048248_searchForQueryAndAssertFirstResultTextIsCorrect_ValidateElementAttribute_failed] @08-01-2022 06:40:49.0186 AM
[ReportManager] Assertion [ValidateElementAttribute] FAILED. Expected [Value Should be 'MohabMohie' for the 'Text' attribute, element locator 'By.xpath: (//h1[contains(text(),'Search Result')]/following-sibling::div//a/h3)[1]'] and Actual [SHAFT_ENGINE is a Test Automation Engine that ... - GitHub]. Comparison Type [CONTAINS]. Validation Type [POSITIVE]. @08-01-2022 06:40:49.0186 A
[ReportManager] Browser Action [CloseCurrentWindow] successfully performed. @08-01-2022 06:40:49.0522 AM
[ReportManager] Successfully created attachment [Browser Action Test Data - CloseCurrentWindow - Actual Value] @08-01-2022 06:40:49.0535 A
[ReportManager] An Exception Occured with this Message: src/test/resources/testDataFiles/Google/SimpleSearch.xlsx (No such file or directory). @08-01-2022 06:40:49.0554 AM
[ReportManager] Successfully created attachment [Exception Stack Trace - java.io.FileNotFoundException] @08-01-2022 06:40:49.0554 AM
[ReportManager] Couldn't find the desired file. [src/test/resources/testDataFiles/Google/SimpleSearch.xlsx]. @08-01-2022 06:40:49.0556 A


################################################################################################################################################
Starting Execution:	[4 out of 23] test cases in the current suite
Test Method:		[tests.gui.google.G_Search_PageObjectModel_ThreadSafe.navigateToGoogleHomeAndAssertGoogleLogoIsDisplayed]
###############################################################################################################################################



################################################################################################################################################
Starting Execution:	[5 out of 23] test cases in the current suite
Test Method:		[tests.gui.google.G_Search_PageObjectModel_ThreadSafe.navigateToGoogleHomeAndAssertPageTitle]
###############################################################################################################################################



################################################################################################################################################
Starting Execution:	[6 out of 23] test cases in the current suite
Test Method:		[tests.gui.google.G_Search_PageObjectModel_ThreadSafe.searchForQueryAndAssertFirstResultTextIsCorrect]
###############################################################################################################################################

[ReportManager] File Action [GetAbsolutePath] successfully performed. With the following test data [Relative Folder Path: "target/downloadedFiles/"]. @08-01-2022 06:40:49.0597 AM
[ReportManager] Attempting to run remotely on: [Linux-64], [GoogleChrome], [http://localhost:4444/wd/hub], Headless Execution. @08-01-2022 06:40:49.0598 AM
[ReportManager] Successfully Opened [GoogleChrome]. @08-01-2022 06:40:50.0043 AM
[ReportManager] Target URL: [https://www.google.com/ncr], and after redirection: [https://www.google.com] @08-01-2022 06:40:50.0046 AM
[ReportManager] Initial URL: [data:,] @08-01-2022 06:40:50.0135 AM
[ReportManager] Browser Action [NavigateToURL] successfully performed. With the following test data [https://www.google.com/ncr]. @08-01-2022 06:40:51.0298 A

################################################################################################################################################
Starting Execution:	[7 out of 23] test cases in the current suite
Test Method:		[tests.gui.google.C_Search_PageObjectModel_Traditional.navigateToGoogleHomeAndAssertGoogleLogoIsDisplayed]
################################################################################################################################################
[ReportManager] org.openqa.selenium.TimeoutException:
Expected condition failed: waiting for com.shaft.gui.element.ElementActionsHelper$$Lambda$589/0x00000008010bb890@25ee3cd6 (tried for 25 second(s) with 1000 milliseconds interval)
org.openqa.selenium.support.ui.FluentWait.timeoutException(FluentWait.java:263)
org.openqa.selenium.support.ui.FluentWait.until(FluentWait.java:231)
com.shaft.gui.element.ElementActionsHelper.waitForElementPresence(ElementActionsHelper.java:63)
com.shaft.gui.element.ElementActionsHelper.waitForElementPresence(ElementActionsHelper.java:41)
com.shaft.gui.element.WebDriverElementActions.getMatchingElementsCount(WebDriverElementActions.java:1470)
com.shaft.gui.element.WebDriverElementActions.identifyUniqueElement(WebDriverElementActions.java:1518)
com.shaft.gui.element.WebDriverElementActions.identifyUniqueElementIgnoringVisibility(WebDriverElementActions.java:1320)
com.shaft.gui.element.WebDriverElementActions.isElementDisplayed(WebDriverElementActions.java:815)
com.shaft.gui.element.ElementActions.isElementDisplayed(ElementActions.java:404)
objectModels.gui.google.Home.isGoogleLogoDisplayed(Home.java:33)
tests.gui.google.C_Search_PageObjectModel_Traditional.navigateToGoogleHomeAndAssertGoogleLogoIsDisplayed(C_Search_PageObjectModel_Traditional.java:30)
java.base/jdk.internal.reflect.NativeMethodAccessorImpl.invoke0(Native Method)
java.base/jdk.internal.reflect.NativeMethodAccessorImpl.invoke(NativeMethodAccessorImpl.java:77)
java.base/jdk.internal.reflect.DelegatingMethodAccessorImpl.invoke(DelegatingMethodAccessorImpl.java:43)
java.base/java.lang.reflect.Method.invoke(Method.java:568)
org.testng.internal.MethodInvocationHelper.invokeMethod(MethodInvocationHelper.java:133)
org.testng.internal.TestInvoker.invokeMethod(TestInvoker.java:598)
org.testng.internal.TestInvoker.invokeTestMethod(TestInvoker.java:173)
org.testng.internal.MethodRunner.runInSequence(MethodRunner.java:46)
org.testng.internal.TestInvoker$MethodInvocationAgent.invoke(TestInvoker.java:824)
org.testng.internal.TestInvoker.invokeTestMethods(TestInvoker.java:146)
org.testng.internal.TestMethodWorker.invokeTestMethods(TestMethodWorker.java:146)
org.testng.internal.TestMethodWorker.run(TestMethodWorker.java:128)
java.base/java.util.ArrayList.forEach(ArrayList.java:1511)
org.testng.TestRunner.privateRun(TestRunner.java:794)
org.testng.TestRunner.run(TestRunner.java:596)
org.testng.SuiteRunner.runTest(SuiteRunner.java:377)
org.testng.SuiteRunner.runSequentially(SuiteRunner.java:371)
org.testng.SuiteRunner.privateRun(SuiteRunner.java:332)
org.testng.SuiteRunner.run(SuiteRunner.java:276)
org.testng.SuiteRunnerWorker.runSuite(SuiteRunnerWorker.java:53)
org.testng.SuiteRunnerWorker.run(SuiteRunnerWorker.java:96)
org.testng.TestNG.runSuitesSequentially(TestNG.java:1212)
org.testng.TestNG.runSuitesLocally(TestNG.java:1134)
org.testng.TestNG.runSuites(TestNG.java:1063)
org.testng.TestNG.run(TestNG.java:1031)
org.apache.maven.surefire.testng.TestNGExecutor.run(TestNGExecutor.java:136)
org.apache.maven.surefire.testng.TestNGDirectoryTestSuite.executeMulti(TestNGDirectoryTestSuite.java:193)
org.apache.maven.surefire.testng.TestNGDirectoryTestSuite.execute(TestNGDirectoryTestSuite.java:94)
org.apache.maven.surefire.testng.TestNGProvider.invoke(TestNGProvider.java:145)
org.apache.maven.surefire.booter.ForkedBooter.runSuitesInProcess(ForkedBooter.java:428)
org.apache.maven.surefire.booter.ForkedBooter.execute(ForkedBooter.java:162)
org.apache.maven.surefire.booter.ForkedBooter.run(ForkedBooter.java:562)
org.apache.maven.surefire.booter.ForkedBooter.main(ForkedBooter.java:548)

Caused by: org.openqa.selenium.NoSuchElementException:
no such element: Unable to locate element: {"method":"xpath","selector":"//img[@id='hplogo' or @alt='Google']"}
  (Session info: headless chrome=81.0.4044.138)
For documentation on this error, please visit: https://selenium.dev/exceptions/#no_such_element
Build info: version: '4.1.0', revision: '87802e897b'
System info: host: 'fv-az198-858', ip: '10.1.0.108', os.name: 'Linux', os.arch: 'amd64', os.version: '5.11.0-1022-azure', java.version: '17.0.1'
Driver info: org.openqa.selenium.remote.RemoteWebDriver
Command: [eb025ed68e079cd9d782c501db57b8d7, findElement {using=xpath, value=//img[@id='hplogo' or @alt='Google']}]
Capabilities {acceptInsecureCerts: true, browserName: chrome, browserVersion: 81.0.4044.138, chrome: {chromedriverVersion: 81.0.4044.138 (8c6c7ba89cc9..., userDataDir: /tmp/.com.google.Chrome.wC4cyK}, goog:chromeOptions: {debuggerAddress: localhost:9222}, javascriptEnabled: true, networkConnectionEnabled: false, pageLoadStrategy: normal, platform: LINUX, platformName: LINUX, proxy: Proxy(), setWindowRect: true, strictFileInteractability: false, timeouts: {implicit: 0, pageLoad: 30000, script: 30000}, unhandledPromptBehavior: accept and notify, webauthn:virtualAuthenticators: true, webdriver.remote.sessionid: eb025ed68e079cd9d782c501db5...}
Session ID: eb025ed68e079cd9d782c501db57b8d7
jdk.internal.reflect.GeneratedConstructorAccessor10.newInstance(Unknown Source)
java.base/jdk.internal.reflect.DelegatingConstructorAccessorImpl.newInstance(DelegatingConstructorAccessorImpl.java:45)
java.base/java.lang.reflect.Constructor.newInstanceWithCaller(Constructor.java:499)
java.base/java.lang.reflect.Constructor.newInstance(Constructor.java:480)
org.openqa.selenium.remote.codec.w3c.W3CHttpResponseCodec.createException(W3CHttpResponseCodec.java:200)
org.openqa.selenium.remote.codec.w3c.W3CHttpResponseCodec.decode(W3CHttpResponseCodec.java:133)
org.openqa.selenium.remote.codec.w3c.W3CHttpResponseCodec.decode(W3CHttpResponseCodec.java:53)
org.openqa.selenium.remote.HttpCommandExecutor.execute(HttpCommandExecutor.java:184)
org.openqa.selenium.remote.TracedCommandExecutor.execute(TracedCommandExecutor.java:50)
org.openqa.selenium.remote.RemoteWebDriver.execute(RemoteWebDriver.java:559)
org.openqa.selenium.remote.ElementLocation$ElementFinder$2.findElement(ElementLocation.java:162)
org.openqa.selenium.remote.ElementLocation.findElement(ElementLocation.java:60)
org.openqa.selenium.remote.RemoteWebDriver.findElement(RemoteWebDriver.java:383)
org.openqa.selenium.remote.RemoteWebDriver.findElement(RemoteWebDriver.java:375)
com.shaft.gui.element.ElementActionsHelper.lambda$waitForElementPresence$0(ElementActionsHelper.java:71)
org.openqa.selenium.support.ui.FluentWait.until(FluentWait.java:208)
com.shaft.gui.element.ElementActionsHelper.waitForElementPresence(ElementActionsHelper.java:63)
com.shaft.gui.element.ElementActionsHelper.waitForElementPresence(ElementActionsHelper.java:41)
com.shaft.gui.element.WebDriverElementActions.getMatchingElementsCount(WebDriverElementActions.java:1470)
com.shaft.gui.element.WebDriverElementActions.identifyUniqueElement(WebDriverElementActions.java:1518)
com.shaft.gui.element.WebDriverElementActions.identifyUniqueElementIgnoringVisibility(WebDriverElementActions.java:1320)
com.shaft.gui.element.WebDriverElementActions.isElementDisplayed(WebDriverElementActions.java:815)
com.shaft.gui.element.ElementActions.isElementDisplayed(ElementActions.java:404)
objectModels.gui.google.Home.isGoogleLogoDisplayed(Home.java:33)
tests.gui.google.C_Search_PageObjectModel_Traditional.navigateToGoogleHomeAndAssertGoogleLogoIsDisplayed(C_Search_PageObjectModel_Traditional.java:30)
java.base/jdk.internal.reflect.NativeMethodAccessorImpl.invoke0(Native Method)
java.base/jdk.internal.reflect.NativeMethodAccessorImpl.invoke(NativeMethodAccessorImpl.java:77)
java.base/jdk.internal.reflect.DelegatingMethodAccessorImpl.invoke(DelegatingMethodAccessorImpl.java:43)
java.base/java.lang.reflect.Method.invoke(Method.java:568)
org.testng.internal.MethodInvocationHelper.invokeMethod(MethodInvocationHelper.java:133)
org.testng.internal.TestInvoker.invokeMethod(TestInvoker.java:598)
org.testng.internal.TestInvoker.invokeTestMethod(TestInvoker.java:173)
org.testng.internal.MethodRunner.runInSequence(MethodRunner.java:46)
org.testng.internal.TestInvoker$MethodInvocationAgent.invoke(TestInvoker.java:824)
org.testng.internal.TestInvoker.invokeTestMethods(TestInvoker.java:146)
org.testng.internal.TestMethodWorker.invokeTestMethods(TestMethodWorker.java:146)
org.testng.internal.TestMethodWorker.run(TestMethodWorker.java:128)
java.base/java.util.ArrayList.forEach(ArrayList.java:1511)
org.testng.TestRunner.privateRun(TestRunner.java:794)
org.testng.TestRunner.run(TestRunner.java:596)
org.testng.SuiteRunner.runTest(SuiteRunner.java:377)
org.testng.SuiteRunner.runSequentially(SuiteRunner.java:371)
org.testng.SuiteRunner.privateRun(SuiteRunner.java:332)
org.testng.SuiteRunner.run(SuiteRunner.java:276)
org.testng.SuiteRunnerWorker.runSuite(SuiteRunnerWorker.java:53)
org.testng.SuiteRunnerWorker.run(SuiteRunnerWorker.java:96)
org.testng.TestNG.runSuitesSequentially(TestNG.java:1212)
org.testng.TestNG.runSuitesLocally(TestNG.java:1134)
org.testng.TestNG.runSuites(TestNG.java:1063)
org.testng.TestNG.run(TestNG.java:1031)
org.apache.maven.surefire.testng.TestNGExecutor.run(TestNGExecutor.java:136)
org.apache.maven.surefire.testng.TestNGDirectoryTestSuite.executeMulti(TestNGDirectoryTestSuite.java:193)
org.apache.maven.surefire.testng.TestNGDirectoryTestSuite.execute(TestNGDirectoryTestSuite.java:94)
org.apache.maven.surefire.testng.TestNGProvider.invoke(TestNGProvider.java:145)
org.apache.maven.surefire.booter.ForkedBooter.runSuitesInProcess(ForkedBooter.java:428)
org.apache.maven.surefire.booter.ForkedBooter.execute(ForkedBooter.java:162)
org.apache.maven.surefire.booter.ForkedBooter.run(ForkedBooter.java:562)
org.apache.maven.surefire.booter.ForkedBooter.main(ForkedBooter.java:548) @08-01-2022 06:41:16.0914 AM
[ReportManager] Element Action [IdentifyUniqueElement] failed. With the following test data [zero elements found matching this locator "By.xpath: //img[@id='hplogo' or @alt='Google']".]. @08-01-2022 06:41:17.0403 AM
[ReportManager] Successfully created attachment [Screenshot - 1641624077209_navigateToGoogleHomeAndAssertGoogleLogoIsDisplayed_IdentifyUniqueElement_failed] @08-01-2022 06:41:17.0404 A
[ReportManager] Browser Action [CloseCurrentWindow] successfully performed. @08-01-2022 06:41:17.0612 AM
[ReportManager] Successfully created attachment [Browser Action Test Data - CloseCurrentWindow - Actual Value] @08-01-2022 06:41:17.0613 A
[ReportManager] File Action [GetAbsolutePath] successfully performed. With the following test data [Relative Folder Path: "target/downloadedFiles/"]. @08-01-2022 06:41:17.0617 AM
[ReportManager] Attempting to run remotely on: [Linux-64], [GoogleChrome], [http://localhost:4444/wd/hub], Headless Execution. @08-01-2022 06:41:17.0617 AM
[ReportManager] Successfully Opened [GoogleChrome]. @08-01-2022 06:41:17.0862 AM
[ReportManager] Target URL: [https://www.google.com/ncr], and after redirection: [https://www.google.com] @08-01-2022 06:41:17.0863 AM
[ReportManager] Initial URL: [data:,] @08-01-2022 06:41:17.0952 AM
[ReportManager] Browser Action [NavigateToURL] successfully performed. With the following test data [https://www.google.com/ncr]. @08-01-2022 06:41:18.0962 A

################################################################################################################################################
Starting Execution:	[8 out of 23] test cases in the current suite
Test Method:		[tests.gui.google.C_Search_PageObjectModel_Traditional.navigateToGoogleHomeAndAssertPageTitle]
################################################################################################################################################
[ReportManager] Browser Action [GetCurrentWindowTitle] successfully performed. With the following test data [Google]. @08-01-2022 06:41:19.0031 AM
[ReportManager] Assertion Passed: Asserting that the page title is Google @08-01-2022 06:41:19.0031 AM
[ReportManager] Assertion [ValidateEquals] PASSED. Expected [Google] and Actual [Google]. Comparison Type [EQUALS]. Validation Type [POSITIVE]. @08-01-2022 06:41:19.0031 A
[ReportManager] Browser Action [CloseCurrentWindow] successfully performed. @08-01-2022 06:41:19.0179 AM
[ReportManager] Successfully created attachment [Browser Action Test Data - CloseCurrentWindow - Actual Value] @08-01-2022 06:41:19.0180 A
[ReportManager] File Action [GetAbsolutePath] successfully performed. With the following test data [Relative Folder Path: "target/downloadedFiles/"]. @08-01-2022 06:41:19.0189 AM
[ReportManager] Attempting to run remotely on: [Linux-64], [GoogleChrome], [http://localhost:4444/wd/hub], Headless Execution. @08-01-2022 06:41:19.0189 AM
[ReportManager] Successfully Opened [GoogleChrome]. @08-01-2022 06:41:19.0451 AM
[ReportManager] Target URL: [https://www.google.com/ncr], and after redirection: [https://www.google.com] @08-01-2022 06:41:19.0451 AM
[ReportManager] Initial URL: [data:,] @08-01-2022 06:41:19.0522 AM
[ReportManager] Browser Action [NavigateToURL] successfully performed. With the following test data [https://www.google.com/ncr]. @08-01-2022 06:41:20.0628 A

################################################################################################################################################
Starting Execution:	[9 out of 23] test cases in the current suite
Test Method:		[tests.gui.google.C_Search_PageObjectModel_Traditional.searchForQueryAndAssertFirstResultTextIsCorrect]
################################################################################################################################################
[ReportManager] Element Action [Type] successfully performed. With the following test data [SHAFT_Engine]. @08-01-2022 06:41:21.0162 AM
[ReportManager] Element Action [KeyPress] successfully performed. With the following test data [ENTER]. @08-01-2022 06:41:22.0247 AM
[ReportManager] Element Action [GetText] successfully performed. With the following test data [SHAFT_ENGINE is a Test Automation Engine that ... - GitHub]. @08-01-2022 06:41:22.0856 AM
[ReportManager] Assertion Failed: Asserting that the correct first result is displayed @08-01-2022 06:41:22.0856 AM
[ReportManager] Assertion [ValidateEquals] FAILED. Expected [MohabMohie] and Actual [SHAFT_ENGINE is a Test Automation Engine that ... - GitHub]. Comparison Type [CONTAINS]. Validation Type [POSITIVE]. @08-01-2022 06:41:22.0861 A
[ReportManager] Browser Action [CloseCurrentWindow] successfully performed. @08-01-2022 06:41:23.0196 AM
[ReportManager] Successfully created attachment [Browser Action Test Data - CloseCurrentWindow - Actual Value] @08-01-2022 06:41:23.0198 A
[ReportManager] An Exception Occured with this Message: src/test/resources/testDataFiles/Google/SimpleSearch.xlsx (No such file or directory). @08-01-2022 06:41:23.0204 AM
[ReportManager] Successfully created attachment [Exception Stack Trace - java.io.FileNotFoundException] @08-01-2022 06:41:23.0205 AM
[ReportManager] Couldn't find the desired file. [src/test/resources/testDataFiles/Google/SimpleSearch.xlsx]. @08-01-2022 06:41:23.0205 A


################################################################################################################################################
Starting Execution:	[10 out of 23] test cases in the current suite
Test Method:		[tests.gui.google.F_Search_PageObjectModel_Fluent.navigateToGoogleHomeAndAssertGoogleLogoIsDisplayed]
###############################################################################################################################################



################################################################################################################################################
Starting Execution:	[11 out of 23] test cases in the current suite
Test Method:		[tests.gui.google.F_Search_PageObjectModel_Fluent.navigateToGoogleHomeAndAssertPageTitle]
###############################################################################################################################################



################################################################################################################################################
Starting Execution:	[12 out of 23] test cases in the current suite
Test Method:		[tests.gui.google.F_Search_PageObjectModel_Fluent.searchForQueryAndAssertFirstResultTextIsCorrect]
###############################################################################################################################################

[ReportManager] An Exception Occured with this Message: src/test/resources/testDataFiles/Google/SimpleSearch.xlsx (No such file or directory). @08-01-2022 06:41:23.0248 AM
[ReportManager] Successfully created attachment [Exception Stack Trace - java.io.FileNotFoundException] @08-01-2022 06:41:23.0248 AM
[ReportManager] Couldn't find the desired file. [src/test/resources/testDataFiles/Google/SimpleSearch.xlsx]. @08-01-2022 06:41:23.0249 A


################################################################################################################################################
Starting Execution:	[13 out of 23] test cases in the current suite
Test Method:		[tests.gui.google.E_Search_PageObjectModel_Traditional_SHAFTAssertions.navigateToGoogleHomeAndAssertGoogleLogoIsDisplayed]
###############################################################################################################################################



################################################################################################################################################
Starting Execution:	[14 out of 23] test cases in the current suite
Test Method:		[tests.gui.google.E_Search_PageObjectModel_Traditional_SHAFTAssertions.navigateToGoogleHomeAndAssertPageTitle]
###############################################################################################################################################



################################################################################################################################################
Starting Execution:	[15 out of 23] test cases in the current suite
Test Method:		[tests.gui.google.E_Search_PageObjectModel_Traditional_SHAFTAssertions.searchForQueryAndAssertFirstResultTextIsCorrect]
###############################################################################################################################################

[ReportManager] An Exception Occured with this Message: src/test/resources/testDataFiles/Google/SimpleSearch.xlsx (No such file or directory). @08-01-2022 06:41:23.0332 AM
[ReportManager] Successfully created attachment [Exception Stack Trace - java.io.FileNotFoundException] @08-01-2022 06:41:23.0337 AM
[ReportManager] Couldn't find the desired file. [src/test/resources/testDataFiles/Google/SimpleSearch.xlsx]. @08-01-2022 06:41:23.0337 A


################################################################################################################################################
Starting Execution:	[16 out of 23] test cases in the current suite
Test Method:		[tests.gui.google.D_Search_PageObjectModel_Traditional_DataDriven.navigateToGoogleHomeAndAssertGoogleLogoIsDisplayed]
###############################################################################################################################################



################################################################################################################################################
Starting Execution:	[17 out of 23] test cases in the current suite
Test Method:		[tests.gui.google.D_Search_PageObjectModel_Traditional_DataDriven.navigateToGoogleHomeAndAssertPageTitle]
###############################################################################################################################################



################################################################################################################################################
Starting Execution:	[18 out of 23] test cases in the current suite
Test Method:		[tests.gui.google.D_Search_PageObjectModel_Traditional_DataDriven.searchForQueryAndAssertFirstResultTextIsCorrect]
###############################################################################################################################################




################################################################################################################################################
Starting Execution:	[19 out of 23] test cases in the current suite
Test Method:		[tests.gui.google.A_Search_FlatTest_NativeSeleniumWebDriver.navigateToGoogleHomeAndAssertGoogleLogoIsDisplayed]
###############################################################################################################################################



################################################################################################################################################
Starting Execution:	[20 out of 23] test cases in the current suite
Test Method:		[tests.gui.google.A_Search_FlatTest_NativeSeleniumWebDriver.navigateToGoogleHomeAndAssertPageTitle]
###############################################################################################################################################



################################################################################################################################################
Starting Execution:	[21 out of 23] test cases in the current suite
Test Method:		[tests.gui.google.A_Search_FlatTest_NativeSeleniumWebDriver.searchForQueryAndAssertFirstResultTextIsCorrect]
###############################################################################################################################################


################################################################################################################################################
Starting Execution:	[22 out of 23] test cases in the current suite
Test Method:		[tests.api.users.UserData.validateUserEmail]
################################################################################################################################################
[ReportManager] Response status code: [200], status line: [HTTP/1.1 200 OK] @08-01-2022 06:41:51.0585 AM
[ReportManager] Assertion Passed: Evaluating the actual response status code against the expected one... @08-01-2022 06:41:51.0590 AM
[ReportManager] Assertion [ValidateComparativeRelation] PASSED. Expected [200] and Actual [200]. Comparison Type [EQUALS]. Validation Type [POSITIVE]. @08-01-2022 06:41:51.0591 AM
[ReportManager] API Action [PerformRequest] successfully performed. With the following test data [Request Type: "GET" | Target Status Code: "200" | Service URL: "https://jsonplaceholder.typicode.com/users" | Content Type: "*/*" | Response Time: "865ms"]. @08-01-2022 06:41:52.0701 AM
[ReportManager] Successfully created attachment [API Request - Specifications] @08-01-2022 06:41:52.0702 AM
[ReportManager] Successfully created attachment [API Response - JSON Body] @08-01-2022 06:41:52.0956 AM
[ReportManager] Assertion [ValidateEquals] PASSED. Expected and Actual values are attached. Comparison Type [CONTAINS]. Validation Type [POSITIVE]. @08-01-2022 06:41:52.0957 AM
[ReportManager] Successfully created attachment [Validation Test Data - Expected Value] @08-01-2022 06:41:52.0958 AM
[ReportManager] Successfully created attachment [Validation Test Data - Actual Value] @08-01-2022 06:41:52.0958 AM
[ReportManager] API Action [GetResponseJSONValueAsList] successfully performed. With the following test data [$]. @08-01-2022 06:41:52.0985 AM
[ReportManager] API Action [GetResponseJSONValue] successfully performed. With the following test data [name]. @08-01-2022 06:41:53.0014 AM
[ReportManager] API Action [GetResponseJSONValue] successfully performed. With the following test data [email]. @08-01-2022 06:41:53.0048 AM
[ReportManager] Assertion [ValidateEquals] PASSED. Expected [Sincere@april.biz] and Actual [Sincere@april.biz]. Comparison Type [EQUALS]. Validation Type [POSITIVE]. @08-01-2022 06:41:53.0049 AM
[ReportManager] API Action [GetResponseJSONValue] successfully performed. With the following test data [name]. @08-01-2022 06:41:53.0076 AM
[ReportManager] API Action [GetResponseJSONValue] successfully performed. With the following test data [name]. @08-01-2022 06:41:53.0093 AM
[ReportManager] API Action [GetResponseJSONValue] successfully performed. With the following test data [name]. @08-01-2022 06:41:53.0111 AM
[ReportManager] API Action [GetResponseJSONValue] successfully performed. With the following test data [name]. @08-01-2022 06:41:53.0130 AM
[ReportManager] API Action [GetResponseJSONValue] successfully performed. With the following test data [name]. @08-01-2022 06:41:53.0151 AM
[ReportManager] API Action [GetResponseJSONValue] successfully performed. With the following test data [name]. @08-01-2022 06:41:53.0166 AM
[ReportManager] API Action [GetResponseJSONValue] successfully performed. With the following test data [name]. @08-01-2022 06:41:53.0185 AM
[ReportManager] API Action [GetResponseJSONValue] successfully performed. With the following test data [name]. @08-01-2022 06:41:53.0206 AM
[ReportManager] API Action [GetResponseJSONValue] successfully performed. With the following test data [name]. @08-01-2022 06:41:53.0223 A

################################################################################################################################################
Starting Execution:	[23 out of 23] test cases in the current suite
Test Method:		[tests.cli.demo.cliTest.sampleTestCase]
################################################################################################################################################
[ReportManager] Attempting to perform the following command locally. Command: [ls] @08-01-2022 06:41:53.0250 AM
[ReportManager] Terminal Action [PerformTerminalCommands] successfully performed. With the following test data [Host Name: "localHost" | Command: "ls" | Exit Status: "0"]. @08-01-2022 06:41:53.0258 AM
[ReportManager] Successfully created attachment [Terminal Action Actual Result - Command Log] @08-01-2022 06:41:53.0258 AM
[ReportManager] Assertion Passed: Demoing local terminal actions @08-01-2022 06:41:53.0258 AM
[ReportManager] Assertion [ValidateEquals] PASSED. Expected [pom.xml] and Actual [LICENSE
README.md
allure-results
docker-compose_native.yml
docker-compose_zalenium.yml
extent-reports
pom.xml
readMeImgs
src
target]. Comparison Type [CONTAINS]. Validation Type [POSITIVE]. @08-01-2022 06:41:53.0259 A
[ReportManager] Successfully created attachment [SHAFT Engine Logs - Execution log] @08-01-2022 06:41:53.0288 AM

################################################################################################################################################
This test run was powered by SHAFT Engine Version: [SHAFT Engine v5.4.20211202-BETA]
SHAFT Engine is licensed under the MIT License: [https://github.com/MohabMohie/SHAFT_ENGINE/blob/master/LICENSE].
################################################################################################################################################