{
  "uid" : "ec78d4226d65a60",
  "name" : "searchForQueryAndAssertFirstResultTextIsCorrect",
  "fullName" : "tests.gui.google.A_Search_FlatTest_NativeSeleniumWebDriver.searchForQueryAndAssertFirstResultTextIsCorrect",
  "historyId" : "fdc05655c0baedca02c68f2849cb257b",
  "time" : {
    "start" : 1628472684011,
    "stop" : 1628472684012,
    "duration" : 1
  },
  "status" : "skipped",
  "statusMessage" : "unknown error: Chrome failed to start: exited abnormally.\n  (unknown error: DevToolsActivePort file doesn't exist)\n  (The process started from chrome location /usr/bin/google-chrome is no longer running, so ChromeDriver is assuming that Chrome has crashed.)\nBuild info: version: '3.141.59', revision: 'e82be7d358', time: '2018-11-14T08:17:03'\nSystem info: host: 'fv-az292-578', ip: '10.1.0.85', os.name: 'Linux', os.arch: 'amd64', os.version: '5.8.0-1039-azure', java.version: '15.0.4'\nDriver info: driver.version: A_Search_FlatTest_NativeSeleniumWebDriver\nremote stacktrace: #0 0x563d78ce4a63 <unknown>\n#1 0x563d78a59458 <unknown>\n#2 0x563d78a7c2e3 <unknown>\n#3 0x563d78a77e9f <unknown>\n#4 0x563d78ab1b72 <unknown>\n#5 0x563d78aabfd3 <unknown>\n#6 0x563d78a82514 <unknown>\n#7 0x563d78a83505 <unknown>\n#8 0x563d78d10e2e <unknown>\n#9 0x563d78d26886 <unknown>\n#10 0x563d78d11d75 <unknown>\n#11 0x563d78d27d94 <unknown>\n#12 0x563d78d088eb <unknown>\n#13 0x563d78d42cd8 <unknown>\n#14 0x563d78d42e58 <unknown>\n#15 0x563d78d5cdfd <unknown>\n#16 0x7fadbb616609 start_thread\n",
  "statusTrace" : "org.openqa.selenium.WebDriverException: unknown error: Chrome failed to start: exited abnormally.\n  (unknown error: DevToolsActivePort file doesn't exist)\n  (The process started from chrome location /usr/bin/google-chrome is no longer running, so ChromeDriver is assuming that Chrome has crashed.)\nBuild info: version: '3.141.59', revision: 'e82be7d358', time: '2018-11-14T08:17:03'\nSystem info: host: 'fv-az292-578', ip: '10.1.0.85', os.name: 'Linux', os.arch: 'amd64', os.version: '5.8.0-1039-azure', java.version: '15.0.4'\nDriver info: driver.version: A_Search_FlatTest_NativeSeleniumWebDriver\nremote stacktrace: #0 0x563d78ce4a63 <unknown>\n#1 0x563d78a59458 <unknown>\n#2 0x563d78a7c2e3 <unknown>\n#3 0x563d78a77e9f <unknown>\n#4 0x563d78ab1b72 <unknown>\n#5 0x563d78aabfd3 <unknown>\n#6 0x563d78a82514 <unknown>\n#7 0x563d78a83505 <unknown>\n#8 0x563d78d10e2e <unknown>\n#9 0x563d78d26886 <unknown>\n#10 0x563d78d11d75 <unknown>\n#11 0x563d78d27d94 <unknown>\n#12 0x563d78d088eb <unknown>\n#13 0x563d78d42cd8 <unknown>\n#14 0x563d78d42e58 <unknown>\n#15 0x563d78d5cdfd <unknown>\n#16 0x7fadbb616609 start_thread\n\n\tat java.base/jdk.internal.reflect.NativeConstructorAccessorImpl.newInstance0(Native Method)\n\tat java.base/jdk.internal.reflect.NativeConstructorAccessorImpl.newInstance(NativeConstructorAccessorImpl.java:64)\n\tat java.base/jdk.internal.reflect.DelegatingConstructorAccessorImpl.newInstance(DelegatingConstructorAccessorImpl.java:45)\n\tat java.base/java.lang.reflect.Constructor.newInstanceWithCaller(Constructor.java:500)\n\tat java.base/java.lang.reflect.Constructor.newInstance(Constructor.java:481)\n\tat org.openqa.selenium.remote.W3CHandshakeResponse.lambda$errorHandler$0(W3CHandshakeResponse.java:62)\n\tat org.openqa.selenium.remote.HandshakeResponse.lambda$getResponseFunction$0(HandshakeResponse.java:30)\n\tat org.openqa.selenium.remote.ProtocolHandshake.lambda$createSession$0(ProtocolHandshake.java:126)\n\tat java.base/java.util.stream.ReferencePipeline$3$1.accept(ReferencePipeline.java:195)\n\tat java.base/java.util.Spliterators$ArraySpliterator.tryAdvance(Spliterators.java:958)\n\tat java.base/java.util.stream.ReferencePipeline.forEachWithCancel(ReferencePipeline.java:127)\n\tat java.base/java.util.stream.AbstractPipeline.copyIntoWithCancel(AbstractPipeline.java:502)\n\tat java.base/java.util.stream.AbstractPipeline.copyInto(AbstractPipeline.java:488)\n\tat java.base/java.util.stream.AbstractPipeline.wrapAndCopyInto(AbstractPipeline.java:474)\n\tat java.base/java.util.stream.FindOps$FindOp.evaluateSequential(FindOps.java:150)\n\tat java.base/java.util.stream.AbstractPipeline.evaluate(AbstractPipeline.java:234)\n\tat java.base/java.util.stream.ReferencePipeline.findFirst(ReferencePipeline.java:543)\n\tat org.openqa.selenium.remote.ProtocolHandshake.createSession(ProtocolHandshake.java:128)\n\tat org.openqa.selenium.remote.ProtocolHandshake.createSession(ProtocolHandshake.java:74)\n\tat org.openqa.selenium.remote.HttpCommandExecutor.execute(HttpCommandExecutor.java:136)\n\tat org.openqa.selenium.remote.service.DriverCommandExecutor.execute(DriverCommandExecutor.java:83)\n\tat org.openqa.selenium.remote.RemoteWebDriver.execute(RemoteWebDriver.java:552)\n\tat org.openqa.selenium.remote.RemoteWebDriver.startSession(RemoteWebDriver.java:213)\n\tat org.openqa.selenium.remote.RemoteWebDriver.<init>(RemoteWebDriver.java:131)\n\tat org.openqa.selenium.chrome.ChromeDriver.<init>(ChromeDriver.java:181)\n\tat org.openqa.selenium.chrome.ChromeDriver.<init>(ChromeDriver.java:168)\n\tat org.openqa.selenium.chrome.ChromeDriver.<init>(ChromeDriver.java:123)\n\tat tests.gui.google.A_Search_FlatTest_NativeSeleniumWebDriver.beforeMethod(A_Search_FlatTest_NativeSeleniumWebDriver.java:46)\n\tat java.base/jdk.internal.reflect.NativeMethodAccessorImpl.invoke0(Native Method)\n\tat java.base/jdk.internal.reflect.NativeMethodAccessorImpl.invoke(NativeMethodAccessorImpl.java:64)\n\tat java.base/jdk.internal.reflect.DelegatingMethodAccessorImpl.invoke(DelegatingMethodAccessorImpl.java:43)\n\tat java.base/java.lang.reflect.Method.invoke(Method.java:564)\n\tat org.testng.internal.MethodInvocationHelper.invokeMethod(MethodInvocationHelper.java:133)\n\tat org.testng.internal.MethodInvocationHelper.invokeMethodConsideringTimeout(MethodInvocationHelper.java:62)\n\tat org.testng.internal.ConfigInvoker.invokeConfigurationMethod(ConfigInvoker.java:385)\n\tat org.testng.internal.ConfigInvoker.invokeConfigurations(ConfigInvoker.java:321)\n\tat org.testng.internal.TestInvoker.runConfigMethods(TestInvoker.java:700)\n\tat org.testng.internal.TestInvoker.invokeMethod(TestInvoker.java:527)\n\tat org.testng.internal.TestInvoker.invokeTestMethod(TestInvoker.java:173)\n\tat org.testng.internal.MethodRunner.runInSequence(MethodRunner.java:46)\n\tat org.testng.internal.TestInvoker$MethodInvocationAgent.invoke(TestInvoker.java:824)\n\tat org.testng.internal.TestInvoker.invokeTestMethods(TestInvoker.java:146)\n\tat org.testng.internal.TestMethodWorker.invokeTestMethods(TestMethodWorker.java:146)\n\tat org.testng.internal.TestMethodWorker.run(TestMethodWorker.java:128)\n\tat java.base/java.util.ArrayList.forEach(ArrayList.java:1511)\n\tat org.testng.TestRunner.privateRun(TestRunner.java:794)\n\tat org.testng.TestRunner.run(TestRunner.java:596)\n\tat org.testng.SuiteRunner.runTest(SuiteRunner.java:377)\n\tat org.testng.SuiteRunner.runSequentially(SuiteRunner.java:371)\n\tat org.testng.SuiteRunner.privateRun(SuiteRunner.java:332)\n\tat org.testng.SuiteRunner.run(SuiteRunner.java:276)\n\tat org.testng.SuiteRunnerWorker.runSuite(SuiteRunnerWorker.java:53)\n\tat org.testng.SuiteRunnerWorker.run(SuiteRunnerWorker.java:96)\n\tat org.testng.TestNG.runSuitesSequentially(TestNG.java:1212)\n\tat org.testng.TestNG.runSuitesLocally(TestNG.java:1134)\n\tat org.testng.TestNG.runSuites(TestNG.java:1063)\n\tat org.testng.TestNG.run(TestNG.java:1031)\n\tat org.apache.maven.surefire.testng.TestNGExecutor.run(TestNGExecutor.java:136)\n\tat org.apache.maven.surefire.testng.TestNGDirectoryTestSuite.executeMulti(TestNGDirectoryTestSuite.java:193)\n\tat org.apache.maven.surefire.testng.TestNGDirectoryTestSuite.execute(TestNGDirectoryTestSuite.java:94)\n\tat org.apache.maven.surefire.testng.TestNGProvider.invoke(TestNGProvider.java:145)\n\tat org.apache.maven.surefire.booter.ForkedBooter.runSuitesInProcess(ForkedBooter.java:428)\n\tat org.apache.maven.surefire.booter.ForkedBooter.execute(ForkedBooter.java:162)\n\tat org.apache.maven.surefire.booter.ForkedBooter.run(ForkedBooter.java:562)\n\tat org.apache.maven.surefire.booter.ForkedBooter.main(ForkedBooter.java:548)\n",
  "flaky" : false,
  "newFailed" : false,
  "beforeStages" : [ {
    "name" : "beforeClass",
    "time" : {
      "start" : 1628472682322,
      "stop" : 1628472683658,
      "duration" : 1336
    },
    "description" : "",
    "status" : "passed",
    "steps" : [ ],
    "attachments" : [ ],
    "parameters" : [ ],
    "stepsCount" : 0,
    "attachmentsCount" : 0,
    "shouldDisplayMessage" : false,
    "hasContent" : false
  }, {
    "name" : "beforeMethod",
    "time" : {
      "start" : 1628472684010,
      "stop" : 1628472684010,
      "duration" : 0
    },
    "description" : "",
    "status" : "broken",
    "steps" : [ ],
    "attachments" : [ ],
    "parameters" : [ ],
    "stepsCount" : 0,
    "attachmentsCount" : 0,
    "shouldDisplayMessage" : false,
    "hasContent" : false
  } ],
  "testStage" : {
    "status" : "skipped",
    "statusMessage" : "unknown error: Chrome failed to start: exited abnormally.\n  (unknown error: DevToolsActivePort file doesn't exist)\n  (The process started from chrome location /usr/bin/google-chrome is no longer running, so ChromeDriver is assuming that Chrome has crashed.)\nBuild info: version: '3.141.59', revision: 'e82be7d358', time: '2018-11-14T08:17:03'\nSystem info: host: 'fv-az292-578', ip: '10.1.0.85', os.name: 'Linux', os.arch: 'amd64', os.version: '5.8.0-1039-azure', java.version: '15.0.4'\nDriver info: driver.version: A_Search_FlatTest_NativeSeleniumWebDriver\nremote stacktrace: #0 0x563d78ce4a63 <unknown>\n#1 0x563d78a59458 <unknown>\n#2 0x563d78a7c2e3 <unknown>\n#3 0x563d78a77e9f <unknown>\n#4 0x563d78ab1b72 <unknown>\n#5 0x563d78aabfd3 <unknown>\n#6 0x563d78a82514 <unknown>\n#7 0x563d78a83505 <unknown>\n#8 0x563d78d10e2e <unknown>\n#9 0x563d78d26886 <unknown>\n#10 0x563d78d11d75 <unknown>\n#11 0x563d78d27d94 <unknown>\n#12 0x563d78d088eb <unknown>\n#13 0x563d78d42cd8 <unknown>\n#14 0x563d78d42e58 <unknown>\n#15 0x563d78d5cdfd <unknown>\n#16 0x7fadbb616609 start_thread\n",
    "statusTrace" : "org.openqa.selenium.WebDriverException: unknown error: Chrome failed to start: exited abnormally.\n  (unknown error: DevToolsActivePort file doesn't exist)\n  (The process started from chrome location /usr/bin/google-chrome is no longer running, so ChromeDriver is assuming that Chrome has crashed.)\nBuild info: version: '3.141.59', revision: 'e82be7d358', time: '2018-11-14T08:17:03'\nSystem info: host: 'fv-az292-578', ip: '10.1.0.85', os.name: 'Linux', os.arch: 'amd64', os.version: '5.8.0-1039-azure', java.version: '15.0.4'\nDriver info: driver.version: A_Search_FlatTest_NativeSeleniumWebDriver\nremote stacktrace: #0 0x563d78ce4a63 <unknown>\n#1 0x563d78a59458 <unknown>\n#2 0x563d78a7c2e3 <unknown>\n#3 0x563d78a77e9f <unknown>\n#4 0x563d78ab1b72 <unknown>\n#5 0x563d78aabfd3 <unknown>\n#6 0x563d78a82514 <unknown>\n#7 0x563d78a83505 <unknown>\n#8 0x563d78d10e2e <unknown>\n#9 0x563d78d26886 <unknown>\n#10 0x563d78d11d75 <unknown>\n#11 0x563d78d27d94 <unknown>\n#12 0x563d78d088eb <unknown>\n#13 0x563d78d42cd8 <unknown>\n#14 0x563d78d42e58 <unknown>\n#15 0x563d78d5cdfd <unknown>\n#16 0x7fadbb616609 start_thread\n\n\tat java.base/jdk.internal.reflect.NativeConstructorAccessorImpl.newInstance0(Native Method)\n\tat java.base/jdk.internal.reflect.NativeConstructorAccessorImpl.newInstance(NativeConstructorAccessorImpl.java:64)\n\tat java.base/jdk.internal.reflect.DelegatingConstructorAccessorImpl.newInstance(DelegatingConstructorAccessorImpl.java:45)\n\tat java.base/java.lang.reflect.Constructor.newInstanceWithCaller(Constructor.java:500)\n\tat java.base/java.lang.reflect.Constructor.newInstance(Constructor.java:481)\n\tat org.openqa.selenium.remote.W3CHandshakeResponse.lambda$errorHandler$0(W3CHandshakeResponse.java:62)\n\tat org.openqa.selenium.remote.HandshakeResponse.lambda$getResponseFunction$0(HandshakeResponse.java:30)\n\tat org.openqa.selenium.remote.ProtocolHandshake.lambda$createSession$0(ProtocolHandshake.java:126)\n\tat java.base/java.util.stream.ReferencePipeline$3$1.accept(ReferencePipeline.java:195)\n\tat java.base/java.util.Spliterators$ArraySpliterator.tryAdvance(Spliterators.java:958)\n\tat java.base/java.util.stream.ReferencePipeline.forEachWithCancel(ReferencePipeline.java:127)\n\tat java.base/java.util.stream.AbstractPipeline.copyIntoWithCancel(AbstractPipeline.java:502)\n\tat java.base/java.util.stream.AbstractPipeline.copyInto(AbstractPipeline.java:488)\n\tat java.base/java.util.stream.AbstractPipeline.wrapAndCopyInto(AbstractPipeline.java:474)\n\tat java.base/java.util.stream.FindOps$FindOp.evaluateSequential(FindOps.java:150)\n\tat java.base/java.util.stream.AbstractPipeline.evaluate(AbstractPipeline.java:234)\n\tat java.base/java.util.stream.ReferencePipeline.findFirst(ReferencePipeline.java:543)\n\tat org.openqa.selenium.remote.ProtocolHandshake.createSession(ProtocolHandshake.java:128)\n\tat org.openqa.selenium.remote.ProtocolHandshake.createSession(ProtocolHandshake.java:74)\n\tat org.openqa.selenium.remote.HttpCommandExecutor.execute(HttpCommandExecutor.java:136)\n\tat org.openqa.selenium.remote.service.DriverCommandExecutor.execute(DriverCommandExecutor.java:83)\n\tat org.openqa.selenium.remote.RemoteWebDriver.execute(RemoteWebDriver.java:552)\n\tat org.openqa.selenium.remote.RemoteWebDriver.startSession(RemoteWebDriver.java:213)\n\tat org.openqa.selenium.remote.RemoteWebDriver.<init>(RemoteWebDriver.java:131)\n\tat org.openqa.selenium.chrome.ChromeDriver.<init>(ChromeDriver.java:181)\n\tat org.openqa.selenium.chrome.ChromeDriver.<init>(ChromeDriver.java:168)\n\tat org.openqa.selenium.chrome.ChromeDriver.<init>(ChromeDriver.java:123)\n\tat tests.gui.google.A_Search_FlatTest_NativeSeleniumWebDriver.beforeMethod(A_Search_FlatTest_NativeSeleniumWebDriver.java:46)\n\tat java.base/jdk.internal.reflect.NativeMethodAccessorImpl.invoke0(Native Method)\n\tat java.base/jdk.internal.reflect.NativeMethodAccessorImpl.invoke(NativeMethodAccessorImpl.java:64)\n\tat java.base/jdk.internal.reflect.DelegatingMethodAccessorImpl.invoke(DelegatingMethodAccessorImpl.java:43)\n\tat java.base/java.lang.reflect.Method.invoke(Method.java:564)\n\tat org.testng.internal.MethodInvocationHelper.invokeMethod(MethodInvocationHelper.java:133)\n\tat org.testng.internal.MethodInvocationHelper.invokeMethodConsideringTimeout(MethodInvocationHelper.java:62)\n\tat org.testng.internal.ConfigInvoker.invokeConfigurationMethod(ConfigInvoker.java:385)\n\tat org.testng.internal.ConfigInvoker.invokeConfigurations(ConfigInvoker.java:321)\n\tat org.testng.internal.TestInvoker.runConfigMethods(TestInvoker.java:700)\n\tat org.testng.internal.TestInvoker.invokeMethod(TestInvoker.java:527)\n\tat org.testng.internal.TestInvoker.invokeTestMethod(TestInvoker.java:173)\n\tat org.testng.internal.MethodRunner.runInSequence(MethodRunner.java:46)\n\tat org.testng.internal.TestInvoker$MethodInvocationAgent.invoke(TestInvoker.java:824)\n\tat org.testng.internal.TestInvoker.invokeTestMethods(TestInvoker.java:146)\n\tat org.testng.internal.TestMethodWorker.invokeTestMethods(TestMethodWorker.java:146)\n\tat org.testng.internal.TestMethodWorker.run(TestMethodWorker.java:128)\n\tat java.base/java.util.ArrayList.forEach(ArrayList.java:1511)\n\tat org.testng.TestRunner.privateRun(TestRunner.java:794)\n\tat org.testng.TestRunner.run(TestRunner.java:596)\n\tat org.testng.SuiteRunner.runTest(SuiteRunner.java:377)\n\tat org.testng.SuiteRunner.runSequentially(SuiteRunner.java:371)\n\tat org.testng.SuiteRunner.privateRun(SuiteRunner.java:332)\n\tat org.testng.SuiteRunner.run(SuiteRunner.java:276)\n\tat org.testng.SuiteRunnerWorker.runSuite(SuiteRunnerWorker.java:53)\n\tat org.testng.SuiteRunnerWorker.run(SuiteRunnerWorker.java:96)\n\tat org.testng.TestNG.runSuitesSequentially(TestNG.java:1212)\n\tat org.testng.TestNG.runSuitesLocally(TestNG.java:1134)\n\tat org.testng.TestNG.runSuites(TestNG.java:1063)\n\tat org.testng.TestNG.run(TestNG.java:1031)\n\tat org.apache.maven.surefire.testng.TestNGExecutor.run(TestNGExecutor.java:136)\n\tat org.apache.maven.surefire.testng.TestNGDirectoryTestSuite.executeMulti(TestNGDirectoryTestSuite.java:193)\n\tat org.apache.maven.surefire.testng.TestNGDirectoryTestSuite.execute(TestNGDirectoryTestSuite.java:94)\n\tat org.apache.maven.surefire.testng.TestNGProvider.invoke(TestNGProvider.java:145)\n\tat org.apache.maven.surefire.booter.ForkedBooter.runSuitesInProcess(ForkedBooter.java:428)\n\tat org.apache.maven.surefire.booter.ForkedBooter.execute(ForkedBooter.java:162)\n\tat org.apache.maven.surefire.booter.ForkedBooter.run(ForkedBooter.java:562)\n\tat org.apache.maven.surefire.booter.ForkedBooter.main(ForkedBooter.java:548)\n",
    "steps" : [ ],
    "attachments" : [ {
      "uid" : "4ea13a30331d693c",
      "name" : "Attachment: SHAFT Engine Logs - Current Method log: searchForQueryAndAssertFirstResultTextIsCorrect",
      "source" : "4ea13a30331d693c.txt",
      "type" : "text/plain",
      "size" : 479
    } ],
    "parameters" : [ ],
    "stepsCount" : 0,
    "attachmentsCount" : 1,
    "shouldDisplayMessage" : true,
    "hasContent" : true
  },
  "afterStages" : [ {
    "name" : "afterMethod",
    "time" : {
      "start" : 1628472684013,
      "stop" : 1628472684013,
      "duration" : 0
    },
    "description" : "",
    "status" : "broken",
    "steps" : [ ],
    "attachments" : [ ],
    "parameters" : [ ],
    "stepsCount" : 0,
    "attachmentsCount" : 0,
    "shouldDisplayMessage" : false,
    "hasContent" : false
  }, {
    "name" : "closureActivities",
    "time" : {
      "start" : 1628472818141,
      "stop" : 1628472818534,
      "duration" : 393
    },
    "description" : "",
    "status" : "passed",
    "steps" : [ {
      "name" : "Successfully Closed All Drivers.",
      "time" : {
        "start" : 1628472818142,
        "stop" : 1628472818142,
        "duration" : 0
      },
      "status" : "passed",
      "steps" : [ ],
      "attachments" : [ ],
      "parameters" : [ {
        "name" : "actionCounter",
        "value" : "118"
      }, {
        "name" : "logText",
        "value" : "Successfully Closed All Drivers."
      } ],
      "stepsCount" : 0,
      "attachmentsCount" : 0,
      "shouldDisplayMessage" : false,
      "hasContent" : true
    }, {
      "name" : "Issue Summary: Total Issues = 6, New issues for Failed Tests = 6, Open issues for Passed Tests = 0, Open issues for Failed Tests = 0. Kindly check the attached Issue details.",
      "time" : {
        "start" : 1628472818160,
        "stop" : 1628472818161,
        "duration" : 1
      },
      "status" : "passed",
      "steps" : [ ],
      "attachments" : [ {
        "uid" : "8e80f1746cf1ace3",
        "name" : "Attachment: SHAFT Engine Logs - Issues log CSV: 20210809-013338",
        "source" : "8e80f1746cf1ace3.csv",
        "type" : "text/csv",
        "size" : 1093
      } ],
      "parameters" : [ {
        "name" : "actionCounter",
        "value" : "119"
      }, {
        "name" : "logText",
        "value" : "Issue Summary: Total Issues = 6, New issues for Failed Tests = 6, Open issues for Passed Tests = 0, Open issues for Failed Tests = 0. Kindly check the attached Issue details."
      }, {
        "name" : "attachments",
        "value" : "[[SHAFT Engine Logs, Issues log CSV: 20210809-013338, java.io.ByteArrayInputStream@51ddc08e]]"
      } ],
      "stepsCount" : 0,
      "attachmentsCount" : 1,
      "shouldDisplayMessage" : false,
      "hasContent" : true
    } ],
    "attachments" : [ {
      "uid" : "6dfc0bc8299be7b0",
      "name" : "Attachment: SHAFT Engine Logs - Execution log: 20210809-013338",
      "source" : "6dfc0bc8299be7b0.txt",
      "type" : "text/plain",
      "size" : 60392
    }, {
      "uid" : "9eb45455f5d1d07e",
      "name" : "Attachment: HTML - Extent Emailable Execution Report",
      "source" : "9eb45455f5d1d07e.html",
      "type" : "text/html",
      "size" : 1613042
    } ],
    "parameters" : [ ],
    "stepsCount" : 2,
    "attachmentsCount" : 3,
    "shouldDisplayMessage" : false,
    "hasContent" : true
  } ],
  "labels" : [ {
    "name" : "package",
    "value" : "tests.gui.google.A_Search_FlatTest_NativeSeleniumWebDriver"
  }, {
    "name" : "testClass",
    "value" : "tests.gui.google.A_Search_FlatTest_NativeSeleniumWebDriver"
  }, {
    "name" : "testMethod",
    "value" : "searchForQueryAndAssertFirstResultTextIsCorrect"
  }, {
    "name" : "parentSuite",
    "value" : "SHAFT: Custom Suite"
  }, {
    "name" : "suite",
    "value" : "SHAFT: Custom Test"
  }, {
    "name" : "subSuite",
    "value" : "tests.gui.google.A_Search_FlatTest_NativeSeleniumWebDriver"
  }, {
    "name" : "host",
    "value" : "fv-az292-578"
  }, {
    "name" : "thread",
    "value" : "3849@fv-az292-578.main(1)"
  }, {
    "name" : "framework",
    "value" : "testng"
  }, {
    "name" : "language",
    "value" : "java"
  }, {
    "name" : "resultFormat",
    "value" : "allure2"
  } ],
  "parameters" : [ ],
  "links" : [ ],
  "hidden" : false,
  "retry" : false,
  "extra" : {
    "severity" : "normal",
    "retries" : [ ],
    "categories" : [ ],
    "history" : {
      "statistic" : {
        "failed" : 0,
        "broken" : 0,
        "skipped" : 330,
        "passed" : 0,
        "unknown" : 0,
        "total" : 330
      },
      "items" : [ {
        "uid" : "9a581ea22494f4c6",
        "reportUrl" : "https://MohabMohie.github.io/using_SHAFT_ENGINE/allure/743//#testresult/9a581ea22494f4c6",
        "status" : "skipped",
        "statusDetails" : "unknown error: Chrome failed to start: exited abnormally.\n  (unknown error: DevToolsActivePort file doesn't exist)\n  (The process started from chrome location /usr/bin/google-chrome is no longer running, so ChromeDriver is assuming that Chrome has crashed.)\nBuild info: version: '3.141.59', revision: 'e82be7d358', time: '2018-11-14T08:17:03'\nSystem info: host: 'fv-az292-578', ip: '10.1.0.249', os.name: 'Linux', os.arch: 'amd64', os.version: '5.8.0-1039-azure', java.version: '15.0.4'\nDriver info: driver.version: A_Search_FlatTest_NativeSeleniumWebDriver\nremote stacktrace: #0 0x564de0024a63 <unknown>\n#1 0x564ddfd99458 <unknown>\n#2 0x564ddfdbc2e3 <unknown>\n#3 0x564ddfdb7e9f <unknown>\n#4 0x564ddfdf1b72 <unknown>\n#5 0x564ddfdebfd3 <unknown>\n#6 0x564ddfdc2514 <unknown>\n#7 0x564ddfdc3505 <unknown>\n#8 0x564de0050e2e <unknown>\n#9 0x564de0066886 <unknown>\n#10 0x564de0051d75 <unknown>\n#11 0x564de0067d94 <unknown>\n#12 0x564de00488eb <unknown>\n#13 0x564de0082cd8 <unknown>\n#14 0x564de0082e58 <unknown>\n#15 0x564de009cdfd <unknown>\n#16 0x7f6590778609 start_thread\n",
        "time" : {
          "start" : 1628448015342,
          "stop" : 1628448015354,
          "duration" : 12
        }
      }, {
        "uid" : "75b6e83a08aa626c",
        "reportUrl" : "https://MohabMohie.github.io/using_SHAFT_ENGINE/allure/742//#testresult/75b6e83a08aa626c",
        "status" : "skipped",
        "statusDetails" : "unknown error: Chrome failed to start: exited abnormally.\n  (unknown error: DevToolsActivePort file doesn't exist)\n  (The process started from chrome location /usr/bin/google-chrome is no longer running, so ChromeDriver is assuming that Chrome has crashed.)\nBuild info: version: '3.141.59', revision: 'e82be7d358', time: '2018-11-14T08:17:03'\nSystem info: host: 'fv-az213-731', ip: '10.1.1.68', os.name: 'Linux', os.arch: 'amd64', os.version: '5.8.0-1039-azure', java.version: '15.0.4'\nDriver info: driver.version: A_Search_FlatTest_NativeSeleniumWebDriver\nremote stacktrace: #0 0x55f4228bfa63 <unknown>\n#1 0x55f422634458 <unknown>\n#2 0x55f4226572e3 <unknown>\n#3 0x55f422652e9f <unknown>\n#4 0x55f42268cb72 <unknown>\n#5 0x55f422686fd3 <unknown>\n#6 0x55f42265d514 <unknown>\n#7 0x55f42265e505 <unknown>\n#8 0x55f4228ebe2e <unknown>\n#9 0x55f422901886 <unknown>\n#10 0x55f4228ecd75 <unknown>\n#11 0x55f422902d94 <unknown>\n#12 0x55f4228e38eb <unknown>\n#13 0x55f42291dcd8 <unknown>\n#14 0x55f42291de58 <unknown>\n#15 0x55f422937dfd <unknown>\n#16 0x7f52693d5609 start_thread\n",
        "time" : {
          "start" : 1628427003197,
          "stop" : 1628427003200,
          "duration" : 3
        }
      }, {
        "uid" : "42e39818e029563a",
        "reportUrl" : "https://MohabMohie.github.io/using_SHAFT_ENGINE/allure/741//#testresult/42e39818e029563a",
        "status" : "skipped",
        "statusDetails" : "unknown error: Chrome failed to start: exited abnormally.\n  (unknown error: DevToolsActivePort file doesn't exist)\n  (The process started from chrome location /usr/bin/google-chrome is no longer running, so ChromeDriver is assuming that Chrome has crashed.)\nBuild info: version: '3.141.59', revision: 'e82be7d358', time: '2018-11-14T08:17:03'\nSystem info: host: 'fv-az154-255', ip: '10.1.0.56', os.name: 'Linux', os.arch: 'amd64', os.version: '5.8.0-1039-azure', java.version: '15.0.4'\nDriver info: driver.version: A_Search_FlatTest_NativeSeleniumWebDriver\nremote stacktrace: #0 0x5640b7f7aa63 <unknown>\n#1 0x5640b7cef458 <unknown>\n#2 0x5640b7d122e3 <unknown>\n#3 0x5640b7d0de9f <unknown>\n#4 0x5640b7d47b72 <unknown>\n#5 0x5640b7d41fd3 <unknown>\n#6 0x5640b7d18514 <unknown>\n#7 0x5640b7d19505 <unknown>\n#8 0x5640b7fa6e2e <unknown>\n#9 0x5640b7fbc886 <unknown>\n#10 0x5640b7fa7d75 <unknown>\n#11 0x5640b7fbdd94 <unknown>\n#12 0x5640b7f9e8eb <unknown>\n#13 0x5640b7fd8cd8 <unknown>\n#14 0x5640b7fd8e58 <unknown>\n#15 0x5640b7ff2dfd <unknown>\n#16 0x7fd894bc2609 start_thread\n",
        "time" : {
          "start" : 1628404863466,
          "stop" : 1628404863467,
          "duration" : 1
        }
      }, {
        "uid" : "4f67f74f0df1f98a",
        "reportUrl" : "https://MohabMohie.github.io/using_SHAFT_ENGINE/allure/740//#testresult/4f67f74f0df1f98a",
        "status" : "skipped",
        "statusDetails" : "unknown error: Chrome failed to start: exited abnormally.\n  (unknown error: DevToolsActivePort file doesn't exist)\n  (The process started from chrome location /usr/bin/google-chrome is no longer running, so ChromeDriver is assuming that Chrome has crashed.)\nBuild info: version: '3.141.59', revision: 'e82be7d358', time: '2018-11-14T08:17:03'\nSystem info: host: 'fv-az213-731', ip: '10.1.1.74', os.name: 'Linux', os.arch: 'amd64', os.version: '5.8.0-1039-azure', java.version: '15.0.4'\nDriver info: driver.version: A_Search_FlatTest_NativeSeleniumWebDriver\nremote stacktrace: #0 0x5586f060ca63 <unknown>\n#1 0x5586f0381458 <unknown>\n#2 0x5586f03a42e3 <unknown>\n#3 0x5586f039fe9f <unknown>\n#4 0x5586f03d9b72 <unknown>\n#5 0x5586f03d3fd3 <unknown>\n#6 0x5586f03aa514 <unknown>\n#7 0x5586f03ab505 <unknown>\n#8 0x5586f0638e2e <unknown>\n#9 0x5586f064e886 <unknown>\n#10 0x5586f0639d75 <unknown>\n#11 0x5586f064fd94 <unknown>\n#12 0x5586f06308eb <unknown>\n#13 0x5586f066acd8 <unknown>\n#14 0x5586f066ae58 <unknown>\n#15 0x5586f0684dfd <unknown>\n#16 0x7efe3122f609 start_thread\n",
        "time" : {
          "start" : 1628386195347,
          "stop" : 1628386195350,
          "duration" : 3
        }
      }, {
        "uid" : "28c8a8d6f5ec1790",
        "reportUrl" : "https://MohabMohie.github.io/using_SHAFT_ENGINE/allure/739//#testresult/28c8a8d6f5ec1790",
        "status" : "skipped",
        "statusDetails" : "unknown error: Chrome failed to start: exited abnormally.\n  (unknown error: DevToolsActivePort file doesn't exist)\n  (The process started from chrome location /usr/bin/google-chrome is no longer running, so ChromeDriver is assuming that Chrome has crashed.)\nBuild info: version: '3.141.59', revision: 'e82be7d358', time: '2018-11-14T08:17:03'\nSystem info: host: 'fv-az198-413', ip: '10.1.0.101', os.name: 'Linux', os.arch: 'amd64', os.version: '5.8.0-1039-azure', java.version: '15.0.4'\nDriver info: driver.version: A_Search_FlatTest_NativeSeleniumWebDriver\nremote stacktrace: #0 0x5628577e4a63 <unknown>\n#1 0x562857559458 <unknown>\n#2 0x56285757c2e3 <unknown>\n#3 0x562857577e9f <unknown>\n#4 0x5628575b1b72 <unknown>\n#5 0x5628575abfd3 <unknown>\n#6 0x562857582514 <unknown>\n#7 0x562857583505 <unknown>\n#8 0x562857810e2e <unknown>\n#9 0x562857826886 <unknown>\n#10 0x562857811d75 <unknown>\n#11 0x562857827d94 <unknown>\n#12 0x5628578088eb <unknown>\n#13 0x562857842cd8 <unknown>\n#14 0x562857842e58 <unknown>\n#15 0x56285785cdfd <unknown>\n#16 0x7fc4da82d609 start_thread\n",
        "time" : {
          "start" : 1628361525145,
          "stop" : 1628361525149,
          "duration" : 4
        }
      }, {
        "uid" : "7fb05be085efb1cc",
        "reportUrl" : "https://MohabMohie.github.io/using_SHAFT_ENGINE/allure/738//#testresult/7fb05be085efb1cc",
        "status" : "skipped",
        "statusDetails" : "unknown error: Chrome failed to start: exited abnormally.\n  (unknown error: DevToolsActivePort file doesn't exist)\n  (The process started from chrome location /usr/bin/google-chrome is no longer running, so ChromeDriver is assuming that Chrome has crashed.)\nBuild info: version: '3.141.59', revision: 'e82be7d358', time: '2018-11-14T08:17:03'\nSystem info: host: 'fv-az292-578', ip: '10.1.1.107', os.name: 'Linux', os.arch: 'amd64', os.version: '5.8.0-1039-azure', java.version: '15.0.4'\nDriver info: driver.version: A_Search_FlatTest_NativeSeleniumWebDriver\nremote stacktrace: #0 0x564c3daefa63 <unknown>\n#1 0x564c3d864458 <unknown>\n#2 0x564c3d8872e3 <unknown>\n#3 0x564c3d882e9f <unknown>\n#4 0x564c3d8bcb72 <unknown>\n#5 0x564c3d8b6fd3 <unknown>\n#6 0x564c3d88d514 <unknown>\n#7 0x564c3d88e505 <unknown>\n#8 0x564c3db1be2e <unknown>\n#9 0x564c3db31886 <unknown>\n#10 0x564c3db1cd75 <unknown>\n#11 0x564c3db32d94 <unknown>\n#12 0x564c3db138eb <unknown>\n#13 0x564c3db4dcd8 <unknown>\n#14 0x564c3db4de58 <unknown>\n#15 0x564c3db67dfd <unknown>\n#16 0x7f280631f609 start_thread\n",
        "time" : {
          "start" : 1628340590140,
          "stop" : 1628340590144,
          "duration" : 4
        }
      }, {
        "uid" : "4896e560a73b3673",
        "reportUrl" : "https://MohabMohie.github.io/using_SHAFT_ENGINE/allure/737//#testresult/4896e560a73b3673",
        "status" : "skipped",
        "statusDetails" : "unknown error: Chrome failed to start: exited abnormally.\n  (unknown error: DevToolsActivePort file doesn't exist)\n  (The process started from chrome location /usr/bin/google-chrome is no longer running, so ChromeDriver is assuming that Chrome has crashed.)\nBuild info: version: '3.141.59', revision: 'e82be7d358', time: '2018-11-14T08:17:03'\nSystem info: host: 'fv-az292-578', ip: '10.1.1.124', os.name: 'Linux', os.arch: 'amd64', os.version: '5.8.0-1039-azure', java.version: '15.0.4'\nDriver info: driver.version: A_Search_FlatTest_NativeSeleniumWebDriver\nremote stacktrace: #0 0x5593100f7a63 <unknown>\n#1 0x55930fe6c458 <unknown>\n#2 0x55930fe8f2e3 <unknown>\n#3 0x55930fe8ae9f <unknown>\n#4 0x55930fec4b72 <unknown>\n#5 0x55930febefd3 <unknown>\n#6 0x55930fe95514 <unknown>\n#7 0x55930fe96505 <unknown>\n#8 0x559310123e2e <unknown>\n#9 0x559310139886 <unknown>\n#10 0x559310124d75 <unknown>\n#11 0x55931013ad94 <unknown>\n#12 0x55931011b8eb <unknown>\n#13 0x559310155cd8 <unknown>\n#14 0x559310155e58 <unknown>\n#15 0x55931016fdfd <unknown>\n#16 0x7fd343ef0609 start_thread\n",
        "time" : {
          "start" : 1628318459841,
          "stop" : 1628318459842,
          "duration" : 1
        }
      }, {
        "uid" : "9549391450d5f84",
        "reportUrl" : "https://MohabMohie.github.io/using_SHAFT_ENGINE/allure/736//#testresult/9549391450d5f84",
        "status" : "skipped",
        "statusDetails" : "unknown error: Chrome failed to start: exited abnormally.\n  (unknown error: DevToolsActivePort file doesn't exist)\n  (The process started from chrome location /usr/bin/google-chrome is no longer running, so ChromeDriver is assuming that Chrome has crashed.)\nBuild info: version: '3.141.59', revision: 'e82be7d358', time: '2018-11-14T08:17:03'\nSystem info: host: 'fv-az216-25', ip: '10.1.1.0', os.name: 'Linux', os.arch: 'amd64', os.version: '5.8.0-1039-azure', java.version: '15.0.4'\nDriver info: driver.version: A_Search_FlatTest_NativeSeleniumWebDriver\nremote stacktrace: #0 0x5638344b5a63 <unknown>\n#1 0x56383422a458 <unknown>\n#2 0x56383424d2e3 <unknown>\n#3 0x563834248e9f <unknown>\n#4 0x563834282b72 <unknown>\n#5 0x56383427cfd3 <unknown>\n#6 0x563834253514 <unknown>\n#7 0x563834254505 <unknown>\n#8 0x5638344e1e2e <unknown>\n#9 0x5638344f7886 <unknown>\n#10 0x5638344e2d75 <unknown>\n#11 0x5638344f8d94 <unknown>\n#12 0x5638344d98eb <unknown>\n#13 0x563834513cd8 <unknown>\n#14 0x563834513e58 <unknown>\n#15 0x56383452ddfd <unknown>\n#16 0x7eff3b415609 start_thread\n",
        "time" : {
          "start" : 1628299338068,
          "stop" : 1628299338074,
          "duration" : 6
        }
      }, {
        "uid" : "d20cf5d16a6979a7",
        "reportUrl" : "https://MohabMohie.github.io/using_SHAFT_ENGINE/allure/735//#testresult/d20cf5d16a6979a7",
        "status" : "skipped",
        "statusDetails" : "unknown error: Chrome failed to start: exited abnormally.\n  (unknown error: DevToolsActivePort file doesn't exist)\n  (The process started from chrome location /usr/bin/google-chrome is no longer running, so ChromeDriver is assuming that Chrome has crashed.)\nBuild info: version: '3.141.59', revision: 'e82be7d358', time: '2018-11-14T08:17:03'\nSystem info: host: 'fv-az212-470', ip: '10.1.1.216', os.name: 'Linux', os.arch: 'amd64', os.version: '5.8.0-1039-azure', java.version: '15.0.4'\nDriver info: driver.version: A_Search_FlatTest_NativeSeleniumWebDriver\nremote stacktrace: #0 0x55d924821a63 <unknown>\n#1 0x55d924596458 <unknown>\n#2 0x55d9245b92e3 <unknown>\n#3 0x55d9245b4e9f <unknown>\n#4 0x55d9245eeb72 <unknown>\n#5 0x55d9245e8fd3 <unknown>\n#6 0x55d9245bf514 <unknown>\n#7 0x55d9245c0505 <unknown>\n#8 0x55d92484de2e <unknown>\n#9 0x55d924863886 <unknown>\n#10 0x55d92484ed75 <unknown>\n#11 0x55d924864d94 <unknown>\n#12 0x55d9248458eb <unknown>\n#13 0x55d92487fcd8 <unknown>\n#14 0x55d92487fe58 <unknown>\n#15 0x55d924899dfd <unknown>\n#16 0x7ffb61978609 start_thread\n",
        "time" : {
          "start" : 1628275255059,
          "stop" : 1628275255060,
          "duration" : 1
        }
      }, {
        "uid" : "b34a310c95b12943",
        "reportUrl" : "https://MohabMohie.github.io/using_SHAFT_ENGINE/allure/734//#testresult/b34a310c95b12943",
        "status" : "skipped",
        "statusDetails" : "unknown error: Chrome failed to start: exited abnormally.\n  (unknown error: DevToolsActivePort file doesn't exist)\n  (The process started from chrome location /usr/bin/google-chrome is no longer running, so ChromeDriver is assuming that Chrome has crashed.)\nBuild info: version: '3.141.59', revision: 'e82be7d358', time: '2018-11-14T08:17:03'\nSystem info: host: 'fv-az219-90', ip: '10.1.1.91', os.name: 'Linux', os.arch: 'amd64', os.version: '5.8.0-1039-azure', java.version: '15.0.4'\nDriver info: driver.version: A_Search_FlatTest_NativeSeleniumWebDriver\nremote stacktrace: #0 0x559b13337a63 <unknown>\n#1 0x559b130ac458 <unknown>\n#2 0x559b130cf2e3 <unknown>\n#3 0x559b130cae9f <unknown>\n#4 0x559b13104b72 <unknown>\n#5 0x559b130fefd3 <unknown>\n#6 0x559b130d5514 <unknown>\n#7 0x559b130d6505 <unknown>\n#8 0x559b13363e2e <unknown>\n#9 0x559b13379886 <unknown>\n#10 0x559b13364d75 <unknown>\n#11 0x559b1337ad94 <unknown>\n#12 0x559b1335b8eb <unknown>\n#13 0x559b13395cd8 <unknown>\n#14 0x559b13395e58 <unknown>\n#15 0x559b133afdfd <unknown>\n#16 0x7fbb918a2609 start_thread\n",
        "time" : {
          "start" : 1628254524831,
          "stop" : 1628254524832,
          "duration" : 1
        }
      }, {
        "uid" : "2c6a2a0f2d287e46",
        "reportUrl" : "https://MohabMohie.github.io/using_SHAFT_ENGINE/allure/733//#testresult/2c6a2a0f2d287e46",
        "status" : "skipped",
        "statusDetails" : "unknown error: Chrome failed to start: exited abnormally.\n  (unknown error: DevToolsActivePort file doesn't exist)\n  (The process started from chrome location /usr/bin/google-chrome is no longer running, so ChromeDriver is assuming that Chrome has crashed.)\nBuild info: version: '3.141.59', revision: 'e82be7d358', time: '2018-11-14T08:17:03'\nSystem info: host: 'fv-az198-413', ip: '10.1.1.228', os.name: 'Linux', os.arch: 'amd64', os.version: '5.8.0-1039-azure', java.version: '15.0.4'\nDriver info: driver.version: A_Search_FlatTest_NativeSeleniumWebDriver\nremote stacktrace: #0 0x55d33b643a63 <unknown>\n#1 0x55d33b3b8458 <unknown>\n#2 0x55d33b3db2e3 <unknown>\n#3 0x55d33b3d6e9f <unknown>\n#4 0x55d33b410b72 <unknown>\n#5 0x55d33b40afd3 <unknown>\n#6 0x55d33b3e1514 <unknown>\n#7 0x55d33b3e2505 <unknown>\n#8 0x55d33b66fe2e <unknown>\n#9 0x55d33b685886 <unknown>\n#10 0x55d33b670d75 <unknown>\n#11 0x55d33b686d94 <unknown>\n#12 0x55d33b6678eb <unknown>\n#13 0x55d33b6a1cd8 <unknown>\n#14 0x55d33b6a1e58 <unknown>\n#15 0x55d33b6bbdfd <unknown>\n#16 0x7f68dec63609 start_thread\n",
        "time" : {
          "start" : 1628232126001,
          "stop" : 1628232126004,
          "duration" : 3
        }
      }, {
        "uid" : "176d125843b1c0e5",
        "reportUrl" : "https://MohabMohie.github.io/using_SHAFT_ENGINE/allure/732//#testresult/176d125843b1c0e5",
        "status" : "skipped",
        "statusDetails" : "unknown error: Chrome failed to start: exited abnormally.\n  (unknown error: DevToolsActivePort file doesn't exist)\n  (The process started from chrome location /usr/bin/google-chrome is no longer running, so ChromeDriver is assuming that Chrome has crashed.)\nBuild info: version: '3.141.59', revision: 'e82be7d358', time: '2018-11-14T08:17:03'\nSystem info: host: 'fv-az213-731', ip: '10.1.1.139', os.name: 'Linux', os.arch: 'amd64', os.version: '5.8.0-1039-azure', java.version: '15.0.4'\nDriver info: driver.version: A_Search_FlatTest_NativeSeleniumWebDriver\nremote stacktrace: #0 0x55ef64f40a63 <unknown>\n#1 0x55ef64cb5458 <unknown>\n#2 0x55ef64cd82e3 <unknown>\n#3 0x55ef64cd3e9f <unknown>\n#4 0x55ef64d0db72 <unknown>\n#5 0x55ef64d07fd3 <unknown>\n#6 0x55ef64cde514 <unknown>\n#7 0x55ef64cdf505 <unknown>\n#8 0x55ef64f6ce2e <unknown>\n#9 0x55ef64f82886 <unknown>\n#10 0x55ef64f6dd75 <unknown>\n#11 0x55ef64f83d94 <unknown>\n#12 0x55ef64f648eb <unknown>\n#13 0x55ef64f9ecd8 <unknown>\n#14 0x55ef64f9ee58 <unknown>\n#15 0x55ef64fb8dfd <unknown>\n#16 0x7fb5e6967609 start_thread\n",
        "time" : {
          "start" : 1628213505355,
          "stop" : 1628213505358,
          "duration" : 3
        }
      }, {
        "uid" : "27aa00104a1614ac",
        "reportUrl" : "https://MohabMohie.github.io/using_SHAFT_ENGINE/allure/731//#testresult/27aa00104a1614ac",
        "status" : "skipped",
        "statusDetails" : "unknown error: Chrome failed to start: exited abnormally.\n  (unknown error: DevToolsActivePort file doesn't exist)\n  (The process started from chrome location /usr/bin/google-chrome is no longer running, so ChromeDriver is assuming that Chrome has crashed.)\nBuild info: version: '3.141.59', revision: 'e82be7d358', time: '2018-11-14T08:17:03'\nSystem info: host: 'fv-az397-627', ip: '10.1.1.158', os.name: 'Linux', os.arch: 'amd64', os.version: '5.8.0-1039-azure', java.version: '15.0.4'\nDriver info: driver.version: A_Search_FlatTest_NativeSeleniumWebDriver\nremote stacktrace: #0 0x562c89904a63 <unknown>\n#1 0x562c89679458 <unknown>\n#2 0x562c8969c2e3 <unknown>\n#3 0x562c89697e9f <unknown>\n#4 0x562c896d1b72 <unknown>\n#5 0x562c896cbfd3 <unknown>\n#6 0x562c896a2514 <unknown>\n#7 0x562c896a3505 <unknown>\n#8 0x562c89930e2e <unknown>\n#9 0x562c89946886 <unknown>\n#10 0x562c89931d75 <unknown>\n#11 0x562c89947d94 <unknown>\n#12 0x562c899288eb <unknown>\n#13 0x562c89962cd8 <unknown>\n#14 0x562c89962e58 <unknown>\n#15 0x562c8997cdfd <unknown>\n#16 0x7fa433154609 start_thread\n",
        "time" : {
          "start" : 1628189803853,
          "stop" : 1628189803854,
          "duration" : 1
        }
      }, {
        "uid" : "86ef52f1db464580",
        "reportUrl" : "https://MohabMohie.github.io/using_SHAFT_ENGINE/allure/730//#testresult/86ef52f1db464580",
        "status" : "skipped",
        "statusDetails" : "unknown error: Chrome failed to start: exited abnormally.\n  (unknown error: DevToolsActivePort file doesn't exist)\n  (The process started from chrome location /usr/bin/google-chrome is no longer running, so ChromeDriver is assuming that Chrome has crashed.)\nBuild info: version: '3.141.59', revision: 'e82be7d358', time: '2018-11-14T08:17:03'\nSystem info: host: 'fv-az399-378', ip: '10.1.1.118', os.name: 'Linux', os.arch: 'amd64', os.version: '5.8.0-1039-azure', java.version: '15.0.4'\nDriver info: driver.version: A_Search_FlatTest_NativeSeleniumWebDriver\nremote stacktrace: #0 0x55f00d79aa63 <unknown>\n#1 0x55f00d50f458 <unknown>\n#2 0x55f00d5322e3 <unknown>\n#3 0x55f00d52de9f <unknown>\n#4 0x55f00d567b72 <unknown>\n#5 0x55f00d561fd3 <unknown>\n#6 0x55f00d538514 <unknown>\n#7 0x55f00d539505 <unknown>\n#8 0x55f00d7c6e2e <unknown>\n#9 0x55f00d7dc886 <unknown>\n#10 0x55f00d7c7d75 <unknown>\n#11 0x55f00d7ddd94 <unknown>\n#12 0x55f00d7be8eb <unknown>\n#13 0x55f00d7f8cd8 <unknown>\n#14 0x55f00d7f8e58 <unknown>\n#15 0x55f00d812dfd <unknown>\n#16 0x7fa3384d4609 start_thread\n",
        "time" : {
          "start" : 1628168321541,
          "stop" : 1628168321542,
          "duration" : 1
        }
      }, {
        "uid" : "76bbdadf86091963",
        "reportUrl" : "https://MohabMohie.github.io/using_SHAFT_ENGINE/allure/729//#testresult/76bbdadf86091963",
        "status" : "skipped",
        "statusDetails" : "unknown error: Chrome failed to start: exited abnormally.\n  (unknown error: DevToolsActivePort file doesn't exist)\n  (The process started from chrome location /usr/bin/google-chrome is no longer running, so ChromeDriver is assuming that Chrome has crashed.)\nBuild info: version: '3.141.59', revision: 'e82be7d358', time: '2018-11-14T08:17:03'\nSystem info: host: 'fv-az204-526', ip: '10.1.1.173', os.name: 'Linux', os.arch: 'amd64', os.version: '5.8.0-1039-azure', java.version: '15.0.4'\nDriver info: driver.version: A_Search_FlatTest_NativeSeleniumWebDriver\nremote stacktrace: #0 0x5639f394ca63 <unknown>\n#1 0x5639f36c1458 <unknown>\n#2 0x5639f36e42e3 <unknown>\n#3 0x5639f36dfe9f <unknown>\n#4 0x5639f3719b72 <unknown>\n#5 0x5639f3713fd3 <unknown>\n#6 0x5639f36ea514 <unknown>\n#7 0x5639f36eb505 <unknown>\n#8 0x5639f3978e2e <unknown>\n#9 0x5639f398e886 <unknown>\n#10 0x5639f3979d75 <unknown>\n#11 0x5639f398fd94 <unknown>\n#12 0x5639f39708eb <unknown>\n#13 0x5639f39aacd8 <unknown>\n#14 0x5639f39aae58 <unknown>\n#15 0x5639f39c4dfd <unknown>\n#16 0x7f7ad0bc7609 start_thread\n",
        "time" : {
          "start" : 1628145708353,
          "stop" : 1628145708354,
          "duration" : 1
        }
      }, {
        "uid" : "b21517d3034b3763",
        "reportUrl" : "https://MohabMohie.github.io/using_SHAFT_ENGINE/allure/728//#testresult/b21517d3034b3763",
        "status" : "skipped",
        "statusDetails" : "unknown error: Chrome failed to start: exited abnormally.\n  (unknown error: DevToolsActivePort file doesn't exist)\n  (The process started from chrome location /usr/bin/google-chrome is no longer running, so ChromeDriver is assuming that Chrome has crashed.)\nBuild info: version: '3.141.59', revision: 'e82be7d358', time: '2018-11-14T08:17:03'\nSystem info: host: 'fv-az292-578', ip: '10.1.1.182', os.name: 'Linux', os.arch: 'amd64', os.version: '5.8.0-1039-azure', java.version: '15.0.4'\nDriver info: driver.version: A_Search_FlatTest_NativeSeleniumWebDriver\nremote stacktrace: #0 0x56170dc05a63 <unknown>\n#1 0x56170d97a458 <unknown>\n#2 0x56170d99d2e3 <unknown>\n#3 0x56170d998e9f <unknown>\n#4 0x56170d9d2b72 <unknown>\n#5 0x56170d9ccfd3 <unknown>\n#6 0x56170d9a3514 <unknown>\n#7 0x56170d9a4505 <unknown>\n#8 0x56170dc31e2e <unknown>\n#9 0x56170dc47886 <unknown>\n#10 0x56170dc32d75 <unknown>\n#11 0x56170dc48d94 <unknown>\n#12 0x56170dc298eb <unknown>\n#13 0x56170dc63cd8 <unknown>\n#14 0x56170dc63e58 <unknown>\n#15 0x56170dc7ddfd <unknown>\n#16 0x7fc57b94d609 start_thread\n",
        "time" : {
          "start" : 1628127014376,
          "stop" : 1628127014381,
          "duration" : 5
        }
      }, {
        "uid" : "dd3d9a4aea0946b9",
        "reportUrl" : "https://MohabMohie.github.io/using_SHAFT_ENGINE/allure/727//#testresult/dd3d9a4aea0946b9",
        "status" : "skipped",
        "statusDetails" : "unknown error: Chrome failed to start: exited abnormally.\n  (unknown error: DevToolsActivePort file doesn't exist)\n  (The process started from chrome location /usr/bin/google-chrome is no longer running, so ChromeDriver is assuming that Chrome has crashed.)\nBuild info: version: '3.141.59', revision: 'e82be7d358', time: '2018-11-14T08:17:03'\nSystem info: host: 'fv-az201-206', ip: '10.1.0.221', os.name: 'Linux', os.arch: 'amd64', os.version: '5.8.0-1039-azure', java.version: '15.0.4'\nDriver info: driver.version: A_Search_FlatTest_NativeSeleniumWebDriver\nremote stacktrace: #0 0x5618b4d22a63 <unknown>\n#1 0x5618b4a97458 <unknown>\n#2 0x5618b4aba2e3 <unknown>\n#3 0x5618b4ab5e9f <unknown>\n#4 0x5618b4aefb72 <unknown>\n#5 0x5618b4ae9fd3 <unknown>\n#6 0x5618b4ac0514 <unknown>\n#7 0x5618b4ac1505 <unknown>\n#8 0x5618b4d4ee2e <unknown>\n#9 0x5618b4d64886 <unknown>\n#10 0x5618b4d4fd75 <unknown>\n#11 0x5618b4d65d94 <unknown>\n#12 0x5618b4d468eb <unknown>\n#13 0x5618b4d80cd8 <unknown>\n#14 0x5618b4d80e58 <unknown>\n#15 0x5618b4d9adfd <unknown>\n#16 0x7f53a45e0609 start_thread\n",
        "time" : {
          "start" : 1628102883986,
          "stop" : 1628102883987,
          "duration" : 1
        }
      }, {
        "uid" : "7865e177ed137bb1",
        "reportUrl" : "https://MohabMohie.github.io/using_SHAFT_ENGINE/allure/726//#testresult/7865e177ed137bb1",
        "status" : "skipped",
        "statusDetails" : "unknown error: Chrome failed to start: exited abnormally.\n  (unknown error: DevToolsActivePort file doesn't exist)\n  (The process started from chrome location /usr/bin/google-chrome is no longer running, so ChromeDriver is assuming that Chrome has crashed.)\nBuild info: version: '3.141.59', revision: 'e82be7d358', time: '2018-11-14T08:17:03'\nSystem info: host: 'fv-az154-994', ip: '10.1.0.5', os.name: 'Linux', os.arch: 'amd64', os.version: '5.8.0-1039-azure', java.version: '15.0.4'\nDriver info: driver.version: A_Search_FlatTest_NativeSeleniumWebDriver\nremote stacktrace: #0 0x55590c63aa63 <unknown>\n#1 0x55590c3af458 <unknown>\n#2 0x55590c3d22e3 <unknown>\n#3 0x55590c3cde9f <unknown>\n#4 0x55590c407b72 <unknown>\n#5 0x55590c401fd3 <unknown>\n#6 0x55590c3d8514 <unknown>\n#7 0x55590c3d9505 <unknown>\n#8 0x55590c666e2e <unknown>\n#9 0x55590c67c886 <unknown>\n#10 0x55590c667d75 <unknown>\n#11 0x55590c67dd94 <unknown>\n#12 0x55590c65e8eb <unknown>\n#13 0x55590c698cd8 <unknown>\n#14 0x55590c698e58 <unknown>\n#15 0x55590c6b2dfd <unknown>\n#16 0x7fc0e0e8a609 start_thread\n",
        "time" : {
          "start" : 1628081552027,
          "stop" : 1628081552028,
          "duration" : 1
        }
      }, {
        "uid" : "ebd17a8e3c43abe9",
        "reportUrl" : "https://MohabMohie.github.io/using_SHAFT_ENGINE/allure/725//#testresult/ebd17a8e3c43abe9",
        "status" : "skipped",
        "statusDetails" : "unknown error: Chrome failed to start: exited abnormally.\n  (unknown error: DevToolsActivePort file doesn't exist)\n  (The process started from chrome location /usr/bin/google-chrome is no longer running, so ChromeDriver is assuming that Chrome has crashed.)\nBuild info: version: '3.141.59', revision: 'e82be7d358', time: '2018-11-14T08:17:03'\nSystem info: host: 'fv-az290-323', ip: '10.1.0.239', os.name: 'Linux', os.arch: 'amd64', os.version: '5.8.0-1039-azure', java.version: '15.0.4'\nDriver info: driver.version: A_Search_FlatTest_NativeSeleniumWebDriver\nremote stacktrace: #0 0x5641a76f4a63 <unknown>\n#1 0x5641a7469458 <unknown>\n#2 0x5641a748c2e3 <unknown>\n#3 0x5641a7487e9f <unknown>\n#4 0x5641a74c1b72 <unknown>\n#5 0x5641a74bbfd3 <unknown>\n#6 0x5641a7492514 <unknown>\n#7 0x5641a7493505 <unknown>\n#8 0x5641a7720e2e <unknown>\n#9 0x5641a7736886 <unknown>\n#10 0x5641a7721d75 <unknown>\n#11 0x5641a7737d94 <unknown>\n#12 0x5641a77188eb <unknown>\n#13 0x5641a7752cd8 <unknown>\n#14 0x5641a7752e58 <unknown>\n#15 0x5641a776cdfd <unknown>\n#16 0x7fcbfe8e6609 start_thread\n",
        "time" : {
          "start" : 1628059359484,
          "stop" : 1628059359492,
          "duration" : 8
        }
      }, {
        "uid" : "2b9d2ab03bbde50c",
        "reportUrl" : "https://MohabMohie.github.io/using_SHAFT_ENGINE/allure/724//#testresult/2b9d2ab03bbde50c",
        "status" : "skipped",
        "statusDetails" : "unknown error: Chrome failed to start: exited abnormally.\n  (unknown error: DevToolsActivePort file doesn't exist)\n  (The process started from chrome location /usr/bin/google-chrome is no longer running, so ChromeDriver is assuming that Chrome has crashed.)\nBuild info: version: '3.141.59', revision: 'e82be7d358', time: '2018-11-14T08:17:03'\nSystem info: host: 'fv-az154-877', ip: '10.1.0.180', os.name: 'Linux', os.arch: 'amd64', os.version: '5.8.0-1039-azure', java.version: '15.0.4'\nDriver info: driver.version: A_Search_FlatTest_NativeSeleniumWebDriver\nremote stacktrace: #0 0x5577acfcca63 <unknown>\n#1 0x5577acd41458 <unknown>\n#2 0x5577acd642e3 <unknown>\n#3 0x5577acd5fe9f <unknown>\n#4 0x5577acd99b72 <unknown>\n#5 0x5577acd93fd3 <unknown>\n#6 0x5577acd6a514 <unknown>\n#7 0x5577acd6b505 <unknown>\n#8 0x5577acff8e2e <unknown>\n#9 0x5577ad00e886 <unknown>\n#10 0x5577acff9d75 <unknown>\n#11 0x5577ad00fd94 <unknown>\n#12 0x5577acff08eb <unknown>\n#13 0x5577ad02acd8 <unknown>\n#14 0x5577ad02ae58 <unknown>\n#15 0x5577ad044dfd <unknown>\n#16 0x7fb08613f609 start_thread\n",
        "time" : {
          "start" : 1628040701751,
          "stop" : 1628040701763,
          "duration" : 12
        }
      } ]
    },
    "tags" : [ ]
  },
  "source" : "ec78d4226d65a60.json",
  "parameterValues" : [ ]
}