{
  "uid" : "ed34c11e8deae6da",
  "name" : "searchForQueryAndAssertFirstResultTextIsCorrect",
  "fullName" : "tests.gui.google.F_Search_PageObjectModel_Fluent.searchForQueryAndAssertFirstResultTextIsCorrect",
  "historyId" : "8efbb75d2b35edbde90f4b1001bf8379",
  "time" : {
    "start" : 1648385379314,
    "stop" : 1648385379316,
    "duration" : 2
  },
  "status" : "skipped",
  "statusMessage" : "Couldn't find the desired file. [src/test/resources/testDataFiles/Google/SimpleSearch.xlsx].",
  "statusTrace" : "java.lang.AssertionError: Couldn't find the desired file. [src/test/resources/testDataFiles/Google/SimpleSearch.xlsx].\n\tat org.testng.Assert.fail(Assert.java:110)\n\tat com.shaft.tools.io.ExcelFileManager.<init>(ExcelFileManager.java:48)\n\tat tests.gui.google.F_Search_PageObjectModel_Fluent.beforeClass(F_Search_PageObjectModel_Fluent.java:44)\n\tat java.base/jdk.internal.reflect.NativeMethodAccessorImpl.invoke0(Native Method)\n\tat java.base/jdk.internal.reflect.NativeMethodAccessorImpl.invoke(NativeMethodAccessorImpl.java:77)\n\tat java.base/jdk.internal.reflect.DelegatingMethodAccessorImpl.invoke(DelegatingMethodAccessorImpl.java:43)\n\tat java.base/java.lang.reflect.Method.invoke(Method.java:568)\n\tat org.testng.internal.invokers.MethodInvocationHelper.invokeMethod(MethodInvocationHelper.java:135)\n\tat org.testng.internal.invokers.MethodInvocationHelper.invokeMethodConsideringTimeout(MethodInvocationHelper.java:65)\n\tat org.testng.internal.invokers.ConfigInvoker.invokeConfigurationMethod(ConfigInvoker.java:381)\n\tat org.testng.internal.invokers.ConfigInvoker.invokeConfigurations(ConfigInvoker.java:319)\n\tat org.testng.internal.invokers.TestMethodWorker.invokeBeforeClassMethods(TestMethodWorker.java:178)\n\tat org.testng.internal.invokers.TestMethodWorker.run(TestMethodWorker.java:122)\n\tat java.base/java.util.ArrayList.forEach(ArrayList.java:1511)\n\tat org.testng.TestRunner.privateRun(TestRunner.java:808)\n\tat org.testng.TestRunner.run(TestRunner.java:603)\n\tat org.testng.SuiteRunner.runTest(SuiteRunner.java:429)\n\tat org.testng.SuiteRunner.runSequentially(SuiteRunner.java:423)\n\tat org.testng.SuiteRunner.privateRun(SuiteRunner.java:383)\n\tat org.testng.SuiteRunner.run(SuiteRunner.java:326)\n\tat org.testng.SuiteRunnerWorker.runSuite(SuiteRunnerWorker.java:52)\n\tat org.testng.SuiteRunnerWorker.run(SuiteRunnerWorker.java:95)\n\tat org.testng.TestNG.runSuitesSequentially(TestNG.java:1249)\n\tat org.testng.TestNG.runSuitesLocally(TestNG.java:1169)\n\tat org.testng.TestNG.runSuites(TestNG.java:1092)\n\tat org.testng.TestNG.run(TestNG.java:1060)\n\tat org.apache.maven.surefire.testng.TestNGExecutor.run(TestNGExecutor.java:136)\n\tat org.apache.maven.surefire.testng.TestNGDirectoryTestSuite.executeMulti(TestNGDirectoryTestSuite.java:193)\n\tat org.apache.maven.surefire.testng.TestNGDirectoryTestSuite.execute(TestNGDirectoryTestSuite.java:94)\n\tat org.apache.maven.surefire.testng.TestNGProvider.invoke(TestNGProvider.java:145)\n\tat org.apache.maven.surefire.booter.ForkedBooter.runSuitesInProcess(ForkedBooter.java:428)\n\tat org.apache.maven.surefire.booter.ForkedBooter.execute(ForkedBooter.java:162)\n\tat org.apache.maven.surefire.booter.ForkedBooter.run(ForkedBooter.java:562)\n\tat org.apache.maven.surefire.booter.ForkedBooter.main(ForkedBooter.java:548)\n",
  "flaky" : false,
  "newFailed" : false,
  "beforeStages" : [ {
    "name" : "beforeClass",
    "time" : {
      "start" : 1648385379275,
      "stop" : 1648385379278,
      "duration" : 3
    },
    "description" : "",
    "status" : "failed",
    "statusMessage" : "Couldn't find the desired file. [src/test/resources/testDataFiles/Google/SimpleSearch.xlsx].",
    "statusTrace" : "java.lang.AssertionError: Couldn't find the desired file. [src/test/resources/testDataFiles/Google/SimpleSearch.xlsx].\n\tat org.testng.Assert.fail(Assert.java:110)\n\tat com.shaft.tools.io.ExcelFileManager.<init>(ExcelFileManager.java:48)\n\tat tests.gui.google.F_Search_PageObjectModel_Fluent.beforeClass(F_Search_PageObjectModel_Fluent.java:44)\n\tat java.base/jdk.internal.reflect.NativeMethodAccessorImpl.invoke0(Native Method)\n\tat java.base/jdk.internal.reflect.NativeMethodAccessorImpl.invoke(NativeMethodAccessorImpl.java:77)\n\tat java.base/jdk.internal.reflect.DelegatingMethodAccessorImpl.invoke(DelegatingMethodAccessorImpl.java:43)\n\tat java.base/java.lang.reflect.Method.invoke(Method.java:568)\n\tat org.testng.internal.invokers.MethodInvocationHelper.invokeMethod(MethodInvocationHelper.java:135)\n\tat org.testng.internal.invokers.MethodInvocationHelper.invokeMethodConsideringTimeout(MethodInvocationHelper.java:65)\n\tat org.testng.internal.invokers.ConfigInvoker.invokeConfigurationMethod(ConfigInvoker.java:381)\n\tat org.testng.internal.invokers.ConfigInvoker.invokeConfigurations(ConfigInvoker.java:319)\n\tat org.testng.internal.invokers.TestMethodWorker.invokeBeforeClassMethods(TestMethodWorker.java:178)\n\tat org.testng.internal.invokers.TestMethodWorker.run(TestMethodWorker.java:122)\n\tat java.base/java.util.ArrayList.forEach(ArrayList.java:1511)\n\tat org.testng.TestRunner.privateRun(TestRunner.java:808)\n\tat org.testng.TestRunner.run(TestRunner.java:603)\n\tat org.testng.SuiteRunner.runTest(SuiteRunner.java:429)\n\tat org.testng.SuiteRunner.runSequentially(SuiteRunner.java:423)\n\tat org.testng.SuiteRunner.privateRun(SuiteRunner.java:383)\n\tat org.testng.SuiteRunner.run(SuiteRunner.java:326)\n\tat org.testng.SuiteRunnerWorker.runSuite(SuiteRunnerWorker.java:52)\n\tat org.testng.SuiteRunnerWorker.run(SuiteRunnerWorker.java:95)\n\tat org.testng.TestNG.runSuitesSequentially(TestNG.java:1249)\n\tat org.testng.TestNG.runSuitesLocally(TestNG.java:1169)\n\tat org.testng.TestNG.runSuites(TestNG.java:1092)\n\tat org.testng.TestNG.run(TestNG.java:1060)\n\tat org.apache.maven.surefire.testng.TestNGExecutor.run(TestNGExecutor.java:136)\n\tat org.apache.maven.surefire.testng.TestNGDirectoryTestSuite.executeMulti(TestNGDirectoryTestSuite.java:193)\n\tat org.apache.maven.surefire.testng.TestNGDirectoryTestSuite.execute(TestNGDirectoryTestSuite.java:94)\n\tat org.apache.maven.surefire.testng.TestNGProvider.invoke(TestNGProvider.java:145)\n\tat org.apache.maven.surefire.booter.ForkedBooter.runSuitesInProcess(ForkedBooter.java:428)\n\tat org.apache.maven.surefire.booter.ForkedBooter.execute(ForkedBooter.java:162)\n\tat org.apache.maven.surefire.booter.ForkedBooter.run(ForkedBooter.java:562)\n\tat org.apache.maven.surefire.booter.ForkedBooter.main(ForkedBooter.java:548)\n",
    "steps" : [ {
      "name" : "An Exception Occured with this Message: src/test/resources/testDataFiles/Google/SimpleSearch.xlsx (No such file or directory).",
      "time" : {
        "start" : 1648385379276,
        "stop" : 1648385379277,
        "duration" : 1
      },
      "status" : "passed",
      "steps" : [ ],
      "attachments" : [ {
        "uid" : "e485bdfab5ec9ecb",
        "name" : "Attachment: Exception Stack Trace - java.io.FileNotFoundException",
        "source" : "e485bdfab5ec9ecb.txt",
        "type" : "text/plain",
        "size" : 2827
      } ],
      "parameters" : [ {
        "name" : "actionCounter",
        "value" : "32"
      }, {
        "name" : "logText",
        "value" : "An Exception Occured with this Message: src/test/resources/testDataFiles/Google/SimpleSearch.xlsx (No such file or directory)."
      }, {
        "name" : "attachments",
        "value" : "[[Exception Stack Trace, java.io.FileNotFoundException, java.io.FileNotFoundException:\nsrc/test/resources/testDataFiles/Google/SimpleSearch.xlsx (No such file or directory)\njava.base/java.io.FileInputStream.open0(Native Method)\njava.base/java.io.FileInputStream.open(FileInputStream.java:216)\njava.base/java.io.FileInputStream.<init>(FileInputStream.java:157)\njava.base/java.io.FileInputStream.<init>(FileInputStream.java:111)\ncom.shaft.tools.io.ExcelFileManager.<init>(ExcelFileManager.java:41)\ntests.gui.google.F_Search_PageObjectModel_Fluent.beforeClass(F_Search_PageObjectModel_Fluent.java:44)\njava.base/jdk.internal.reflect.NativeMethodAccessorImpl.invoke0(Native Method)\njava.base/jdk.internal.reflect.NativeMethodAccessorImpl.invoke(NativeMethodAccessorImpl.java:77)\njava.base/jdk.internal.reflect.DelegatingMethodAccessorImpl.invoke(DelegatingMethodAccessorImpl.java:43)\njava.base/java.lang.reflect.Method.invoke(Method.java:568)\norg.testng.internal.invokers.MethodInvocationHelper.invokeMethod(MethodInvocationHelper.java:135)\norg.testng.internal.invokers.MethodInvocationHelper.invokeMethodConsideringTimeout(MethodInvocationHelper.java:65)\norg.testng.internal.invokers.ConfigInvoker.invokeConfigurationMethod(ConfigInvoker.java:381)\norg.testng.internal.invokers.ConfigInvoker.invokeConfigurations(ConfigInvoker.java:319)\norg.testng.internal.invokers.TestMethodWorker.invokeBeforeClassMethods(TestMethodWorker.java:178)\norg.testng.internal.invokers.TestMethodWorker.run(TestMethodWorker.java:122)\njava.base/java.util.ArrayList.forEach(ArrayList.java:1511)\norg.testng.TestRunner.privateRun(TestRunner.java:808)\norg.testng.TestRunner.run(TestRunner.java:603)\norg.testng.SuiteRunner.runTest(SuiteRunner.java:429)\norg.testng.SuiteRunner.runSequentially(SuiteRunner.java:423)\norg.testng.SuiteRunner.privateRun(SuiteRunner.java:383)\norg.testng.SuiteRunner.run(SuiteRunner.java:326)\norg.testng.SuiteRunnerWorker.runSuite(SuiteRunnerWorker.java:52)\norg.testng.SuiteRunnerWorker.run(SuiteRunnerWorker.java:95)\norg.testng.TestNG.runSuitesSequentially(TestNG.java:1249)\norg.testng.TestNG.runSuitesLocally(TestNG.java:1169)\norg.testng.TestNG.runSuites(TestNG.java:1092)\norg.testng.TestNG.run(TestNG.java:1060)\norg.apache.maven.surefire.testng.TestNGExecutor.run(TestNGExecutor.java:136)\norg.apache.maven.surefire.testng.TestNGDirectoryTestSuite.executeMulti(TestNGDirectoryTestSuite.java:193)\norg.apache.maven.surefire.testng.TestNGDirectoryTestSuite.execute(TestNGDirectoryTestSuite.java:94)\norg.apache.maven.surefire.testng.TestNGProvider.invoke(TestNGProvider.java:145)\norg.apache.maven.surefire.booter.ForkedBooter.runSuitesInProcess(ForkedBooter.java:428)\norg.apache.maven.surefire.booter.ForkedBooter.execute(ForkedBooter.java:162)\norg.apache.maven.surefire.booter.ForkedBooter.run(ForkedBooter.java:562)\norg.apache.maven.surefire.booter.ForkedBooter.main(ForkedBooter.java:548)\n]]"
      } ],
      "stepsCount" : 0,
      "attachmentsCount" : 1,
      "shouldDisplayMessage" : false,
      "hasContent" : true
    }, {
      "name" : "Couldn't find the desired file. [src/test/resources/testDataFiles/Google/SimpleSearch.xlsx].",
      "time" : {
        "start" : 1648385379278,
        "stop" : 1648385379278,
        "duration" : 0
      },
      "status" : "passed",
      "steps" : [ ],
      "attachments" : [ ],
      "parameters" : [ {
        "name" : "actionCounter",
        "value" : "34"
      }, {
        "name" : "logText",
        "value" : "Couldn't find the desired file. [src/test/resources/testDataFiles/Google/SimpleSearch.xlsx]."
      } ],
      "stepsCount" : 0,
      "attachmentsCount" : 0,
      "shouldDisplayMessage" : false,
      "hasContent" : true
    } ],
    "attachments" : [ ],
    "parameters" : [ ],
    "stepsCount" : 2,
    "attachmentsCount" : 1,
    "shouldDisplayMessage" : true,
    "hasContent" : true
  }, {
    "name" : "beforeMethod",
    "time" : {
      "start" : 1648385379304,
      "stop" : 1648385379304,
      "duration" : 0
    },
    "description" : "",
    "status" : "broken",
    "steps" : [ ],
    "attachments" : [ ],
    "parameters" : [ ],
    "stepsCount" : 0,
    "attachmentsCount" : 0,
    "shouldDisplayMessage" : false,
    "hasContent" : false
  }, {
    "name" : "setupActivities",
    "time" : {
      "start" : 1648385349833,
      "stop" : 1648385350589,
      "duration" : 756
    },
    "description" : "",
    "status" : "passed",
    "steps" : [ {
      "name" : "Folder [extent-reports] was not found, it may have already been deleted.",
      "time" : {
        "start" : 1648385349974,
        "stop" : 1648385349975,
        "duration" : 1
      },
      "status" : "passed",
      "steps" : [ ],
      "attachments" : [ ],
      "parameters" : [ {
        "name" : "actionCounter",
        "value" : "1"
      }, {
        "name" : "logText",
        "value" : "Folder [extent-reports] was not found, it may have already been deleted."
      } ],
      "stepsCount" : 0,
      "attachmentsCount" : 0,
      "shouldDisplayMessage" : false,
      "hasContent" : true
    }, {
      "name" : "Terminal Action [PerformTerminalCommands] successfully performed. With the following test data [Host Name: \"localHost\" | Command: \"chmod u+x generateJdk.sh\" | Exit Status: \"1\"].",
      "time" : {
        "start" : 1648385350587,
        "stop" : 1648385350588,
        "duration" : 1
      },
      "status" : "passed",
      "steps" : [ ],
      "attachments" : [ {
        "uid" : "6f53f8de1f9ebdf3",
        "name" : "Attachment: Terminal Action Actual Result - Command Log",
        "source" : "6f53f8de1f9ebdf3.txt",
        "type" : "text/plain",
        "size" : 64
      } ],
      "parameters" : [ {
        "name" : "actionCounter",
        "value" : "2"
      }, {
        "name" : "logText",
        "value" : "Terminal Action [PerformTerminalCommands] successfully performed. With the following test data [Host Name: \"localHost\" | Command: \"chmod u+x generateJdk.sh\" | Exit Status: \"1\"]."
      }, {
        "name" : "attachments",
        "value" : "[[Terminal Action Actual Result, Command Log, chmod: cannot access 'generateJdk.sh': No such file or directory]]"
      } ],
      "stepsCount" : 0,
      "attachmentsCount" : 1,
      "shouldDisplayMessage" : false,
      "hasContent" : true
    } ],
    "attachments" : [ {
      "uid" : "4b03e2ee01a398f4",
      "name" : "Attachment: SHAFT Links - Important",
      "source" : "4b03e2ee01a398f4.uri",
      "type" : "text/uri-list",
      "size" : 346
    }, {
      "uid" : "c38c620b1ad683f5",
      "name" : "Attachment: Properties - ExecutionPlatform",
      "source" : "c38c620b1ad683f5.properties",
      "type" : "text/plain",
      "size" : 394
    } ],
    "parameters" : [ ],
    "stepsCount" : 2,
    "attachmentsCount" : 3,
    "shouldDisplayMessage" : false,
    "hasContent" : true
  } ],
  "testStage" : {
    "status" : "skipped",
    "statusMessage" : "Couldn't find the desired file. [src/test/resources/testDataFiles/Google/SimpleSearch.xlsx].",
    "statusTrace" : "java.lang.AssertionError: Couldn't find the desired file. [src/test/resources/testDataFiles/Google/SimpleSearch.xlsx].\n\tat org.testng.Assert.fail(Assert.java:110)\n\tat com.shaft.tools.io.ExcelFileManager.<init>(ExcelFileManager.java:48)\n\tat tests.gui.google.F_Search_PageObjectModel_Fluent.beforeClass(F_Search_PageObjectModel_Fluent.java:44)\n\tat java.base/jdk.internal.reflect.NativeMethodAccessorImpl.invoke0(Native Method)\n\tat java.base/jdk.internal.reflect.NativeMethodAccessorImpl.invoke(NativeMethodAccessorImpl.java:77)\n\tat java.base/jdk.internal.reflect.DelegatingMethodAccessorImpl.invoke(DelegatingMethodAccessorImpl.java:43)\n\tat java.base/java.lang.reflect.Method.invoke(Method.java:568)\n\tat org.testng.internal.invokers.MethodInvocationHelper.invokeMethod(MethodInvocationHelper.java:135)\n\tat org.testng.internal.invokers.MethodInvocationHelper.invokeMethodConsideringTimeout(MethodInvocationHelper.java:65)\n\tat org.testng.internal.invokers.ConfigInvoker.invokeConfigurationMethod(ConfigInvoker.java:381)\n\tat org.testng.internal.invokers.ConfigInvoker.invokeConfigurations(ConfigInvoker.java:319)\n\tat org.testng.internal.invokers.TestMethodWorker.invokeBeforeClassMethods(TestMethodWorker.java:178)\n\tat org.testng.internal.invokers.TestMethodWorker.run(TestMethodWorker.java:122)\n\tat java.base/java.util.ArrayList.forEach(ArrayList.java:1511)\n\tat org.testng.TestRunner.privateRun(TestRunner.java:808)\n\tat org.testng.TestRunner.run(TestRunner.java:603)\n\tat org.testng.SuiteRunner.runTest(SuiteRunner.java:429)\n\tat org.testng.SuiteRunner.runSequentially(SuiteRunner.java:423)\n\tat org.testng.SuiteRunner.privateRun(SuiteRunner.java:383)\n\tat org.testng.SuiteRunner.run(SuiteRunner.java:326)\n\tat org.testng.SuiteRunnerWorker.runSuite(SuiteRunnerWorker.java:52)\n\tat org.testng.SuiteRunnerWorker.run(SuiteRunnerWorker.java:95)\n\tat org.testng.TestNG.runSuitesSequentially(TestNG.java:1249)\n\tat org.testng.TestNG.runSuitesLocally(TestNG.java:1169)\n\tat org.testng.TestNG.runSuites(TestNG.java:1092)\n\tat org.testng.TestNG.run(TestNG.java:1060)\n\tat org.apache.maven.surefire.testng.TestNGExecutor.run(TestNGExecutor.java:136)\n\tat org.apache.maven.surefire.testng.TestNGDirectoryTestSuite.executeMulti(TestNGDirectoryTestSuite.java:193)\n\tat org.apache.maven.surefire.testng.TestNGDirectoryTestSuite.execute(TestNGDirectoryTestSuite.java:94)\n\tat org.apache.maven.surefire.testng.TestNGProvider.invoke(TestNGProvider.java:145)\n\tat org.apache.maven.surefire.booter.ForkedBooter.runSuitesInProcess(ForkedBooter.java:428)\n\tat org.apache.maven.surefire.booter.ForkedBooter.execute(ForkedBooter.java:162)\n\tat org.apache.maven.surefire.booter.ForkedBooter.run(ForkedBooter.java:562)\n\tat org.apache.maven.surefire.booter.ForkedBooter.main(ForkedBooter.java:548)\n",
    "steps" : [ ],
    "attachments" : [ {
      "uid" : "f76722f6eda3fa2e",
      "name" : "Attachment: SHAFT Engine Logs - Current Method log: searchForQueryAndAssertFirstResultTextIsCorrect",
      "source" : "f76722f6eda3fa2e.txt",
      "type" : "text/plain",
      "size" : 469
    } ],
    "parameters" : [ ],
    "stepsCount" : 0,
    "attachmentsCount" : 1,
    "shouldDisplayMessage" : true,
    "hasContent" : true
  },
  "afterStages" : [ {
    "name" : "afterMethod",
    "time" : {
      "start" : 1648385379317,
      "stop" : 1648385379317,
      "duration" : 0
    },
    "description" : "",
    "status" : "broken",
    "steps" : [ ],
    "attachments" : [ ],
    "parameters" : [ ],
    "stepsCount" : 0,
    "attachmentsCount" : 0,
    "shouldDisplayMessage" : false,
    "hasContent" : false
  }, {
    "name" : "teardownActivities",
    "time" : {
      "start" : 1648385391300,
      "stop" : 1648385391586,
      "duration" : 286
    },
    "description" : "",
    "status" : "passed",
    "steps" : [ {
      "name" : "Successfully Closed All Drivers.",
      "time" : {
        "start" : 1648385391300,
        "stop" : 1648385391300,
        "duration" : 0
      },
      "status" : "passed",
      "steps" : [ ],
      "attachments" : [ ],
      "parameters" : [ {
        "name" : "actionCounter",
        "value" : "58"
      }, {
        "name" : "logText",
        "value" : "Successfully Closed All Drivers."
      } ],
      "stepsCount" : 0,
      "attachmentsCount" : 0,
      "shouldDisplayMessage" : false,
      "hasContent" : true
    }, {
      "name" : "Issue Summary: Total Issues = 2, New issues for Failed Tests = 2, Open issues for Passed Tests = 0, Open issues for Failed Tests = 0. Kindly check the attached Issue details.",
      "time" : {
        "start" : 1648385391316,
        "stop" : 1648385391317,
        "duration" : 1
      },
      "status" : "passed",
      "steps" : [ ],
      "attachments" : [ {
        "uid" : "87e3cb28e9c0aad2",
        "name" : "Attachment: SHAFT Engine Logs - Issues log CSV: 20220327-124951",
        "source" : "87e3cb28e9c0aad2.csv",
        "type" : "text/csv",
        "size" : 342
      } ],
      "parameters" : [ {
        "name" : "actionCounter",
        "value" : "59"
      }, {
        "name" : "logText",
        "value" : "Issue Summary: Total Issues = 2, New issues for Failed Tests = 2, Open issues for Passed Tests = 0, Open issues for Failed Tests = 0. Kindly check the attached Issue details."
      }, {
        "name" : "attachments",
        "value" : "[[SHAFT Engine Logs, Issues log CSV: 20220327-124951, java.io.ByteArrayInputStream@390645a]]"
      } ],
      "stepsCount" : 0,
      "attachmentsCount" : 1,
      "shouldDisplayMessage" : false,
      "hasContent" : true
    } ],
    "attachments" : [ {
      "uid" : "a15e5edfa5a8fbbd",
      "name" : "Attachment: SHAFT Engine Logs - Execution log: 20220327-124951",
      "source" : "a15e5edfa5a8fbbd.txt",
      "type" : "text/plain",
      "size" : 30256
    }, {
      "uid" : "9a7bd1c5dc1a60f",
      "name" : "Attachment: HTML - Extent Emailable Execution Report",
      "source" : "9a7bd1c5dc1a60f.html",
      "type" : "text/html",
      "size" : 794558
    } ],
    "parameters" : [ ],
    "stepsCount" : 2,
    "attachmentsCount" : 3,
    "shouldDisplayMessage" : false,
    "hasContent" : true
  } ],
  "labels" : [ {
    "name" : "package",
    "value" : "tests.gui.google.F_Search_PageObjectModel_Fluent"
  }, {
    "name" : "testClass",
    "value" : "tests.gui.google.F_Search_PageObjectModel_Fluent"
  }, {
    "name" : "testMethod",
    "value" : "searchForQueryAndAssertFirstResultTextIsCorrect"
  }, {
    "name" : "parentSuite",
    "value" : "Custom Suite"
  }, {
    "name" : "suite",
    "value" : "Custom Test"
  }, {
    "name" : "subSuite",
    "value" : "tests.gui.google.F_Search_PageObjectModel_Fluent"
  }, {
    "name" : "host",
    "value" : "fv-az290-435"
  }, {
    "name" : "thread",
    "value" : "3192@fv-az290-435.main(1)"
  }, {
    "name" : "framework",
    "value" : "testng"
  }, {
    "name" : "language",
    "value" : "java"
  }, {
    "name" : "resultFormat",
    "value" : "allure2"
  } ],
  "parameters" : [ ],
  "links" : [ ],
  "hidden" : false,
  "retry" : false,
  "extra" : {
    "severity" : "normal",
    "retries" : [ ],
    "categories" : [ ],
    "history" : {
      "statistic" : {
        "failed" : 0,
        "broken" : 0,
        "skipped" : 58,
        "passed" : 0,
        "unknown" : 0,
        "total" : 58
      },
      "items" : [ {
        "uid" : "bd7cb5c11342b9d0",
        "reportUrl" : "https://MohabMohie.github.io/using_SHAFT_ENGINE/allure/1714//#testresult/bd7cb5c11342b9d0",
        "status" : "skipped",
        "statusDetails" : "Couldn't find the desired file. [src/test/resources/testDataFiles/Google/SimpleSearch.xlsx].",
        "time" : {
          "start" : 1648363046563,
          "stop" : 1648363046564,
          "duration" : 1
        }
      }, {
        "uid" : "dc21f0e7de080ed4",
        "reportUrl" : "https://MohabMohie.github.io/using_SHAFT_ENGINE/allure/1713//#testresult/dc21f0e7de080ed4",
        "status" : "skipped",
        "statusDetails" : "Couldn't find the desired file. [src/test/resources/testDataFiles/Google/SimpleSearch.xlsx].",
        "time" : {
          "start" : 1648346412240,
          "stop" : 1648346412241,
          "duration" : 1
        }
      }, {
        "uid" : "9446905a6f06cb27",
        "reportUrl" : "https://MohabMohie.github.io/using_SHAFT_ENGINE/allure/1712//#testresult/9446905a6f06cb27",
        "status" : "skipped",
        "statusDetails" : "Couldn't find the desired file. [src/test/resources/testDataFiles/Google/SimpleSearch.xlsx].",
        "time" : {
          "start" : 1648319776631,
          "stop" : 1648319776631,
          "duration" : 0
        }
      }, {
        "uid" : "e3e61107734c97b5",
        "reportUrl" : "https://MohabMohie.github.io/using_SHAFT_ENGINE/allure/1711//#testresult/e3e61107734c97b5",
        "status" : "skipped",
        "statusDetails" : "Couldn't find the desired file. [src/test/resources/testDataFiles/Google/SimpleSearch.xlsx].",
        "time" : {
          "start" : 1648298929377,
          "stop" : 1648298929378,
          "duration" : 1
        }
      }, {
        "uid" : "77ee88fc35849aea",
        "reportUrl" : "https://MohabMohie.github.io/using_SHAFT_ENGINE/allure/1710//#testresult/77ee88fc35849aea",
        "status" : "skipped",
        "statusDetails" : "Couldn't find the desired file. [src/test/resources/testDataFiles/Google/SimpleSearch.xlsx].",
        "time" : {
          "start" : 1648276660795,
          "stop" : 1648276660796,
          "duration" : 1
        }
      }, {
        "uid" : "f1783084bbfdc740",
        "reportUrl" : "https://MohabMohie.github.io/using_SHAFT_ENGINE/allure/1709//#testresult/f1783084bbfdc740",
        "status" : "skipped",
        "statusDetails" : "Couldn't find the desired file. [src/test/resources/testDataFiles/Google/SimpleSearch.xlsx].",
        "time" : {
          "start" : 1648259810519,
          "stop" : 1648259810520,
          "duration" : 1
        }
      }, {
        "uid" : "75c0a84de3de4631",
        "reportUrl" : "https://MohabMohie.github.io/using_SHAFT_ENGINE/allure/1708//#testresult/75c0a84de3de4631",
        "status" : "skipped",
        "statusDetails" : "Couldn't find the desired file. [src/test/resources/testDataFiles/Google/SimpleSearch.xlsx].",
        "time" : {
          "start" : 1648233573697,
          "stop" : 1648233573698,
          "duration" : 1
        }
      }, {
        "uid" : "e3b42e2c00bfef71",
        "reportUrl" : "https://MohabMohie.github.io/using_SHAFT_ENGINE/allure/1707//#testresult/e3b42e2c00bfef71",
        "status" : "skipped",
        "statusDetails" : "Couldn't find the desired file. [src/test/resources/testDataFiles/Google/SimpleSearch.xlsx].",
        "time" : {
          "start" : 1648215030631,
          "stop" : 1648215030632,
          "duration" : 1
        }
      }, {
        "uid" : "4cbf418832e151bb",
        "reportUrl" : "https://MohabMohie.github.io/using_SHAFT_ENGINE/allure/1706//#testresult/4cbf418832e151bb",
        "status" : "skipped",
        "statusDetails" : "Couldn't find the desired file. [src/test/resources/testDataFiles/Google/SimpleSearch.xlsx].",
        "time" : {
          "start" : 1648190402858,
          "stop" : 1648190402859,
          "duration" : 1
        }
      }, {
        "uid" : "244d42cc690a942b",
        "reportUrl" : "https://MohabMohie.github.io/using_SHAFT_ENGINE/allure/1705//#testresult/244d42cc690a942b",
        "status" : "skipped",
        "statusDetails" : "Couldn't find the desired file. [src/test/resources/testDataFiles/Google/SimpleSearch.xlsx].",
        "time" : {
          "start" : 1648173398151,
          "stop" : 1648173398151,
          "duration" : 0
        }
      }, {
        "uid" : "c626d785c998afcf",
        "reportUrl" : "https://MohabMohie.github.io/using_SHAFT_ENGINE/allure/1703//#testresult/c626d785c998afcf",
        "status" : "skipped",
        "statusDetails" : "Couldn't find the desired file. [src/test/resources/testDataFiles/Google/SimpleSearch.xlsx].",
        "time" : {
          "start" : 1648147150008,
          "stop" : 1648147150009,
          "duration" : 1
        }
      }, {
        "uid" : "b5a3a21dcf8528d3",
        "reportUrl" : "https://MohabMohie.github.io/using_SHAFT_ENGINE/allure/1702//#testresult/b5a3a21dcf8528d3",
        "status" : "skipped",
        "statusDetails" : "Couldn't find the desired file. [src/test/resources/testDataFiles/Google/SimpleSearch.xlsx].",
        "time" : {
          "start" : 1648126480571,
          "stop" : 1648126480572,
          "duration" : 1
        }
      }, {
        "uid" : "faa78a9360fcaac1",
        "reportUrl" : "https://MohabMohie.github.io/using_SHAFT_ENGINE/allure/1701//#testresult/faa78a9360fcaac1",
        "status" : "skipped",
        "statusDetails" : "Couldn't find the desired file. [src/test/resources/testDataFiles/Google/SimpleSearch.xlsx].",
        "time" : {
          "start" : 1648103959528,
          "stop" : 1648103959529,
          "duration" : 1
        }
      }, {
        "uid" : "c3ca7fe75179fa25",
        "reportUrl" : "https://MohabMohie.github.io/using_SHAFT_ENGINE/allure/1700//#testresult/c3ca7fe75179fa25",
        "status" : "skipped",
        "statusDetails" : "Couldn't find the desired file. [src/test/resources/testDataFiles/Google/SimpleSearch.xlsx].",
        "time" : {
          "start" : 1648087305764,
          "stop" : 1648087305765,
          "duration" : 1
        }
      }, {
        "uid" : "c947fb1f6267d79f",
        "reportUrl" : "https://MohabMohie.github.io/using_SHAFT_ENGINE/allure/1699//#testresult/c947fb1f6267d79f",
        "status" : "skipped",
        "statusDetails" : "Couldn't find the desired file. [src/test/resources/testDataFiles/Google/SimpleSearch.xlsx].",
        "time" : {
          "start" : 1648060706276,
          "stop" : 1648060706277,
          "duration" : 1
        }
      }, {
        "uid" : "316413ec8c2e7e6d",
        "reportUrl" : "https://MohabMohie.github.io/using_SHAFT_ENGINE/allure/1698//#testresult/316413ec8c2e7e6d",
        "status" : "skipped",
        "statusDetails" : "Couldn't find the desired file. [src/test/resources/testDataFiles/Google/SimpleSearch.xlsx].",
        "time" : {
          "start" : 1648040329012,
          "stop" : 1648040329012,
          "duration" : 0
        }
      }, {
        "uid" : "57aae9e2ba70dd24",
        "reportUrl" : "https://MohabMohie.github.io/using_SHAFT_ENGINE/allure/1697//#testresult/57aae9e2ba70dd24",
        "status" : "skipped",
        "statusDetails" : "Couldn't find the desired file. [src/test/resources/testDataFiles/Google/SimpleSearch.xlsx].",
        "time" : {
          "start" : 1648017581435,
          "stop" : 1648017581436,
          "duration" : 1
        }
      }, {
        "uid" : "58d61c02a9ec871d",
        "reportUrl" : "https://MohabMohie.github.io/using_SHAFT_ENGINE/allure/1696//#testresult/58d61c02a9ec871d",
        "status" : "skipped",
        "statusDetails" : "Couldn't find the desired file. [src/test/resources/testDataFiles/Google/SimpleSearch.xlsx].",
        "time" : {
          "start" : 1648001152903,
          "stop" : 1648001152904,
          "duration" : 1
        }
      }, {
        "uid" : "872eefc5a156faa0",
        "reportUrl" : "https://MohabMohie.github.io/using_SHAFT_ENGINE/allure/1695//#testresult/872eefc5a156faa0",
        "status" : "skipped",
        "statusDetails" : "Couldn't find the desired file. [src/test/resources/testDataFiles/Google/SimpleSearch.xlsx].",
        "time" : {
          "start" : 1647974586830,
          "stop" : 1647974586839,
          "duration" : 9
        }
      }, {
        "uid" : "553e27c1df666dc1",
        "reportUrl" : "https://MohabMohie.github.io/using_SHAFT_ENGINE/allure/1694//#testresult/553e27c1df666dc1",
        "status" : "skipped",
        "statusDetails" : "Couldn't find the desired file. [src/test/resources/testDataFiles/Google/SimpleSearch.xlsx].",
        "time" : {
          "start" : 1647953906871,
          "stop" : 1647953906871,
          "duration" : 0
        }
      } ]
    },
    "tags" : [ ]
  },
  "source" : "ed34c11e8deae6da.json",
  "parameterValues" : [ ]
}