{
  "uid" : "80354a1ac4877d71",
  "name" : "navigateToGoogleHomeAndAssertGoogleLogoIsDisplayed",
  "fullName" : "tests.gui.google.A_Search_FlatTest_NativeSeleniumWebDriver.navigateToGoogleHomeAndAssertGoogleLogoIsDisplayed",
  "historyId" : "7431e87dda04bcbb04d2d3b07ce977e2",
  "time" : {
    "start" : 1637412487163,
    "stop" : 1637412487173,
    "duration" : 10
  },
  "status" : "skipped",
  "statusMessage" : "Could not start a new session. Response code 500. Message: unknown error: Chrome failed to start: crashed.\n  (unknown error: DevToolsActivePort file doesn't exist)\n  (The process started from chrome location /usr/bin/google-chrome is no longer running, so ChromeDriver is assuming that Chrome has crashed.)\nBuild info: version: '4.0.0', revision: '3a21814679'\nSystem info: host: 'fv-az198-61', ip: '10.1.0.27', os.name: 'Linux', os.arch: 'amd64', os.version: '5.11.0-1021-azure', java.version: '17.0.1'\nDriver info: org.openqa.selenium.chrome.ChromeDriver\nCommand: [null, newSession {capabilities=[Capabilities {browserName: chrome, goog:chromeOptions: {args: [], extensions: []}}], desiredCapabilities=Capabilities {browserName: chrome, goog:chromeOptions: {args: [], extensions: []}}}]",
  "statusTrace" : "org.openqa.selenium.SessionNotCreatedException: Could not start a new session. Response code 500. Message: unknown error: Chrome failed to start: crashed.\n  (unknown error: DevToolsActivePort file doesn't exist)\n  (The process started from chrome location /usr/bin/google-chrome is no longer running, so ChromeDriver is assuming that Chrome has crashed.)\nBuild info: version: '4.0.0', revision: '3a21814679'\nSystem info: host: 'fv-az198-61', ip: '10.1.0.27', os.name: 'Linux', os.arch: 'amd64', os.version: '5.11.0-1021-azure', java.version: '17.0.1'\nDriver info: org.openqa.selenium.chrome.ChromeDriver\nCommand: [null, newSession {capabilities=[Capabilities {browserName: chrome, goog:chromeOptions: {args: [], extensions: []}}], desiredCapabilities=Capabilities {browserName: chrome, goog:chromeOptions: {args: [], extensions: []}}}]\n\tat org.openqa.selenium.remote.ProtocolHandshake.createSession(ProtocolHandshake.java:126)\n\tat org.openqa.selenium.remote.ProtocolHandshake.createSession(ProtocolHandshake.java:84)\n\tat org.openqa.selenium.remote.ProtocolHandshake.createSession(ProtocolHandshake.java:62)\n\tat org.openqa.selenium.remote.HttpCommandExecutor.execute(HttpCommandExecutor.java:156)\n\tat org.openqa.selenium.remote.service.DriverCommandExecutor.invokeExecute(DriverCommandExecutor.java:164)\n\tat org.openqa.selenium.remote.service.DriverCommandExecutor.execute(DriverCommandExecutor.java:139)\n\tat org.openqa.selenium.remote.RemoteWebDriver.execute(RemoteWebDriver.java:559)\n\tat org.openqa.selenium.remote.RemoteWebDriver.startSession(RemoteWebDriver.java:246)\n\tat org.openqa.selenium.remote.RemoteWebDriver.<init>(RemoteWebDriver.java:168)\n\tat org.openqa.selenium.chromium.ChromiumDriver.<init>(ChromiumDriver.java:108)\n\tat org.openqa.selenium.chrome.ChromeDriver.<init>(ChromeDriver.java:104)\n\tat org.openqa.selenium.chrome.ChromeDriver.<init>(ChromeDriver.java:91)\n\tat org.openqa.selenium.chrome.ChromeDriver.<init>(ChromeDriver.java:46)\n\tat tests.gui.google.A_Search_FlatTest_NativeSeleniumWebDriver.beforeMethod(A_Search_FlatTest_NativeSeleniumWebDriver.java:46)\n\tat java.base/jdk.internal.reflect.NativeMethodAccessorImpl.invoke0(Native Method)\n\tat java.base/jdk.internal.reflect.NativeMethodAccessorImpl.invoke(NativeMethodAccessorImpl.java:77)\n\tat java.base/jdk.internal.reflect.DelegatingMethodAccessorImpl.invoke(DelegatingMethodAccessorImpl.java:43)\n\tat java.base/java.lang.reflect.Method.invoke(Method.java:568)\n\tat org.testng.internal.MethodInvocationHelper.invokeMethod(MethodInvocationHelper.java:133)\n\tat org.testng.internal.MethodInvocationHelper.invokeMethodConsideringTimeout(MethodInvocationHelper.java:62)\n\tat org.testng.internal.ConfigInvoker.invokeConfigurationMethod(ConfigInvoker.java:385)\n\tat org.testng.internal.ConfigInvoker.invokeConfigurations(ConfigInvoker.java:321)\n\tat org.testng.internal.TestInvoker.runConfigMethods(TestInvoker.java:700)\n\tat org.testng.internal.TestInvoker.invokeMethod(TestInvoker.java:527)\n\tat org.testng.internal.TestInvoker.invokeTestMethod(TestInvoker.java:173)\n\tat org.testng.internal.MethodRunner.runInSequence(MethodRunner.java:46)\n\tat org.testng.internal.TestInvoker$MethodInvocationAgent.invoke(TestInvoker.java:824)\n\tat org.testng.internal.TestInvoker.invokeTestMethods(TestInvoker.java:146)\n\tat org.testng.internal.TestMethodWorker.invokeTestMethods(TestMethodWorker.java:146)\n\tat org.testng.internal.TestMethodWorker.run(TestMethodWorker.java:128)\n\tat java.base/java.util.ArrayList.forEach(ArrayList.java:1511)\n\tat org.testng.TestRunner.privateRun(TestRunner.java:794)\n\tat org.testng.TestRunner.run(TestRunner.java:596)\n\tat org.testng.SuiteRunner.runTest(SuiteRunner.java:377)\n\tat org.testng.SuiteRunner.runSequentially(SuiteRunner.java:371)\n\tat org.testng.SuiteRunner.privateRun(SuiteRunner.java:332)\n\tat org.testng.SuiteRunner.run(SuiteRunner.java:276)\n\tat org.testng.SuiteRunnerWorker.runSuite(SuiteRunnerWorker.java:53)\n\tat org.testng.SuiteRunnerWorker.run(SuiteRunnerWorker.java:96)\n\tat org.testng.TestNG.runSuitesSequentially(TestNG.java:1212)\n\tat org.testng.TestNG.runSuitesLocally(TestNG.java:1134)\n\tat org.testng.TestNG.runSuites(TestNG.java:1063)\n\tat org.testng.TestNG.run(TestNG.java:1031)\n\tat org.apache.maven.surefire.testng.TestNGExecutor.run(TestNGExecutor.java:136)\n\tat org.apache.maven.surefire.testng.TestNGDirectoryTestSuite.executeMulti(TestNGDirectoryTestSuite.java:193)\n\tat org.apache.maven.surefire.testng.TestNGDirectoryTestSuite.execute(TestNGDirectoryTestSuite.java:94)\n\tat org.apache.maven.surefire.testng.TestNGProvider.invoke(TestNGProvider.java:145)\n\tat org.apache.maven.surefire.booter.ForkedBooter.runSuitesInProcess(ForkedBooter.java:428)\n\tat org.apache.maven.surefire.booter.ForkedBooter.execute(ForkedBooter.java:162)\n\tat org.apache.maven.surefire.booter.ForkedBooter.run(ForkedBooter.java:562)\n\tat org.apache.maven.surefire.booter.ForkedBooter.main(ForkedBooter.java:548)\n",
  "flaky" : false,
  "newFailed" : false,
  "beforeStages" : [ {
    "name" : "beforeClass",
    "time" : {
      "start" : 1637412469103,
      "stop" : 1637412470214,
      "duration" : 1111
    },
    "description" : "",
    "status" : "passed",
    "steps" : [ ],
    "attachments" : [ ],
    "parameters" : [ ],
    "stepsCount" : 0,
    "attachmentsCount" : 0,
    "shouldDisplayMessage" : false,
    "hasContent" : false
  }, {
    "name" : "beforeMethod",
    "time" : {
      "start" : 1637412470214,
      "stop" : 1637412487146,
      "duration" : 16932
    },
    "description" : "",
    "status" : "broken",
    "statusMessage" : "Could not start a new session. Response code 500. Message: unknown error: Chrome failed to start: crashed.\n  (unknown error: DevToolsActivePort file doesn't exist)\n  (The process started from chrome location /usr/bin/google-chrome is no longer running, so ChromeDriver is assuming that Chrome has crashed.)\nBuild info: version: '4.0.0', revision: '3a21814679'\nSystem info: host: 'fv-az198-61', ip: '10.1.0.27', os.name: 'Linux', os.arch: 'amd64', os.version: '5.11.0-1021-azure', java.version: '17.0.1'\nDriver info: org.openqa.selenium.chrome.ChromeDriver\nCommand: [null, newSession {capabilities=[Capabilities {browserName: chrome, goog:chromeOptions: {args: [], extensions: []}}], desiredCapabilities=Capabilities {browserName: chrome, goog:chromeOptions: {args: [], extensions: []}}}]",
    "statusTrace" : "org.openqa.selenium.SessionNotCreatedException: Could not start a new session. Response code 500. Message: unknown error: Chrome failed to start: crashed.\n  (unknown error: DevToolsActivePort file doesn't exist)\n  (The process started from chrome location /usr/bin/google-chrome is no longer running, so ChromeDriver is assuming that Chrome has crashed.)\nBuild info: version: '4.0.0', revision: '3a21814679'\nSystem info: host: 'fv-az198-61', ip: '10.1.0.27', os.name: 'Linux', os.arch: 'amd64', os.version: '5.11.0-1021-azure', java.version: '17.0.1'\nDriver info: org.openqa.selenium.chrome.ChromeDriver\nCommand: [null, newSession {capabilities=[Capabilities {browserName: chrome, goog:chromeOptions: {args: [], extensions: []}}], desiredCapabilities=Capabilities {browserName: chrome, goog:chromeOptions: {args: [], extensions: []}}}]\n\tat org.openqa.selenium.remote.ProtocolHandshake.createSession(ProtocolHandshake.java:126)\n\tat org.openqa.selenium.remote.ProtocolHandshake.createSession(ProtocolHandshake.java:84)\n\tat org.openqa.selenium.remote.ProtocolHandshake.createSession(ProtocolHandshake.java:62)\n\tat org.openqa.selenium.remote.HttpCommandExecutor.execute(HttpCommandExecutor.java:156)\n\tat org.openqa.selenium.remote.service.DriverCommandExecutor.invokeExecute(DriverCommandExecutor.java:164)\n\tat org.openqa.selenium.remote.service.DriverCommandExecutor.execute(DriverCommandExecutor.java:139)\n\tat org.openqa.selenium.remote.RemoteWebDriver.execute(RemoteWebDriver.java:559)\n\tat org.openqa.selenium.remote.RemoteWebDriver.startSession(RemoteWebDriver.java:246)\n\tat org.openqa.selenium.remote.RemoteWebDriver.<init>(RemoteWebDriver.java:168)\n\tat org.openqa.selenium.chromium.ChromiumDriver.<init>(ChromiumDriver.java:108)\n\tat org.openqa.selenium.chrome.ChromeDriver.<init>(ChromeDriver.java:104)\n\tat org.openqa.selenium.chrome.ChromeDriver.<init>(ChromeDriver.java:91)\n\tat org.openqa.selenium.chrome.ChromeDriver.<init>(ChromeDriver.java:46)\n\tat tests.gui.google.A_Search_FlatTest_NativeSeleniumWebDriver.beforeMethod(A_Search_FlatTest_NativeSeleniumWebDriver.java:46)\n\tat java.base/jdk.internal.reflect.NativeMethodAccessorImpl.invoke0(Native Method)\n\tat java.base/jdk.internal.reflect.NativeMethodAccessorImpl.invoke(NativeMethodAccessorImpl.java:77)\n\tat java.base/jdk.internal.reflect.DelegatingMethodAccessorImpl.invoke(DelegatingMethodAccessorImpl.java:43)\n\tat java.base/java.lang.reflect.Method.invoke(Method.java:568)\n\tat org.testng.internal.MethodInvocationHelper.invokeMethod(MethodInvocationHelper.java:133)\n\tat org.testng.internal.MethodInvocationHelper.invokeMethodConsideringTimeout(MethodInvocationHelper.java:62)\n\tat org.testng.internal.ConfigInvoker.invokeConfigurationMethod(ConfigInvoker.java:385)\n\tat org.testng.internal.ConfigInvoker.invokeConfigurations(ConfigInvoker.java:321)\n\tat org.testng.internal.TestInvoker.runConfigMethods(TestInvoker.java:700)\n\tat org.testng.internal.TestInvoker.invokeMethod(TestInvoker.java:527)\n\tat org.testng.internal.TestInvoker.invokeTestMethod(TestInvoker.java:173)\n\tat org.testng.internal.MethodRunner.runInSequence(MethodRunner.java:46)\n\tat org.testng.internal.TestInvoker$MethodInvocationAgent.invoke(TestInvoker.java:824)\n\tat org.testng.internal.TestInvoker.invokeTestMethods(TestInvoker.java:146)\n\tat org.testng.internal.TestMethodWorker.invokeTestMethods(TestMethodWorker.java:146)\n\tat org.testng.internal.TestMethodWorker.run(TestMethodWorker.java:128)\n\tat java.base/java.util.ArrayList.forEach(ArrayList.java:1511)\n\tat org.testng.TestRunner.privateRun(TestRunner.java:794)\n\tat org.testng.TestRunner.run(TestRunner.java:596)\n\tat org.testng.SuiteRunner.runTest(SuiteRunner.java:377)\n\tat org.testng.SuiteRunner.runSequentially(SuiteRunner.java:371)\n\tat org.testng.SuiteRunner.privateRun(SuiteRunner.java:332)\n\tat org.testng.SuiteRunner.run(SuiteRunner.java:276)\n\tat org.testng.SuiteRunnerWorker.runSuite(SuiteRunnerWorker.java:53)\n\tat org.testng.SuiteRunnerWorker.run(SuiteRunnerWorker.java:96)\n\tat org.testng.TestNG.runSuitesSequentially(TestNG.java:1212)\n\tat org.testng.TestNG.runSuitesLocally(TestNG.java:1134)\n\tat org.testng.TestNG.runSuites(TestNG.java:1063)\n\tat org.testng.TestNG.run(TestNG.java:1031)\n\tat org.apache.maven.surefire.testng.TestNGExecutor.run(TestNGExecutor.java:136)\n\tat org.apache.maven.surefire.testng.TestNGDirectoryTestSuite.executeMulti(TestNGDirectoryTestSuite.java:193)\n\tat org.apache.maven.surefire.testng.TestNGDirectoryTestSuite.execute(TestNGDirectoryTestSuite.java:94)\n\tat org.apache.maven.surefire.testng.TestNGProvider.invoke(TestNGProvider.java:145)\n\tat org.apache.maven.surefire.booter.ForkedBooter.runSuitesInProcess(ForkedBooter.java:428)\n\tat org.apache.maven.surefire.booter.ForkedBooter.execute(ForkedBooter.java:162)\n\tat org.apache.maven.surefire.booter.ForkedBooter.run(ForkedBooter.java:562)\n\tat org.apache.maven.surefire.booter.ForkedBooter.main(ForkedBooter.java:548)\n",
    "steps" : [ ],
    "attachments" : [ ],
    "parameters" : [ ],
    "stepsCount" : 0,
    "attachmentsCount" : 0,
    "shouldDisplayMessage" : true,
    "hasContent" : true
  }, {
    "name" : "setupActivities",
    "time" : {
      "start" : 1637412455754,
      "stop" : 1637412456588,
      "duration" : 834
    },
    "description" : "",
    "status" : "passed",
    "steps" : [ {
      "name" : "Folder [extent-reports] was not found, it may have already been deleted.",
      "time" : {
        "start" : 1637412455928,
        "stop" : 1637412455930,
        "duration" : 2
      },
      "status" : "passed",
      "steps" : [ ],
      "attachments" : [ ],
      "parameters" : [ {
        "name" : "actionCounter",
        "value" : "1"
      }, {
        "name" : "logText",
        "value" : "Folder [extent-reports] was not found, it may have already been deleted."
      } ],
      "stepsCount" : 0,
      "attachmentsCount" : 0,
      "shouldDisplayMessage" : false,
      "hasContent" : true
    } ],
    "attachments" : [ {
      "uid" : "3159ef0f8d8148ca",
      "name" : "Attachment: SHAFT Links - Important",
      "source" : "3159ef0f8d8148ca.uri",
      "type" : "text/uri-list",
      "size" : 346
    }, {
      "uid" : "6fbd3417f0fbe577",
      "name" : "Attachment: Properties - ExecutionPlatform",
      "source" : "6fbd3417f0fbe577.properties",
      "type" : "text/plain",
      "size" : 394
    } ],
    "parameters" : [ ],
    "stepsCount" : 1,
    "attachmentsCount" : 2,
    "shouldDisplayMessage" : false,
    "hasContent" : true
  } ],
  "testStage" : {
    "status" : "skipped",
    "statusMessage" : "Could not start a new session. Response code 500. Message: unknown error: Chrome failed to start: crashed.\n  (unknown error: DevToolsActivePort file doesn't exist)\n  (The process started from chrome location /usr/bin/google-chrome is no longer running, so ChromeDriver is assuming that Chrome has crashed.)\nBuild info: version: '4.0.0', revision: '3a21814679'\nSystem info: host: 'fv-az198-61', ip: '10.1.0.27', os.name: 'Linux', os.arch: 'amd64', os.version: '5.11.0-1021-azure', java.version: '17.0.1'\nDriver info: org.openqa.selenium.chrome.ChromeDriver\nCommand: [null, newSession {capabilities=[Capabilities {browserName: chrome, goog:chromeOptions: {args: [], extensions: []}}], desiredCapabilities=Capabilities {browserName: chrome, goog:chromeOptions: {args: [], extensions: []}}}]",
    "statusTrace" : "org.openqa.selenium.SessionNotCreatedException: Could not start a new session. Response code 500. Message: unknown error: Chrome failed to start: crashed.\n  (unknown error: DevToolsActivePort file doesn't exist)\n  (The process started from chrome location /usr/bin/google-chrome is no longer running, so ChromeDriver is assuming that Chrome has crashed.)\nBuild info: version: '4.0.0', revision: '3a21814679'\nSystem info: host: 'fv-az198-61', ip: '10.1.0.27', os.name: 'Linux', os.arch: 'amd64', os.version: '5.11.0-1021-azure', java.version: '17.0.1'\nDriver info: org.openqa.selenium.chrome.ChromeDriver\nCommand: [null, newSession {capabilities=[Capabilities {browserName: chrome, goog:chromeOptions: {args: [], extensions: []}}], desiredCapabilities=Capabilities {browserName: chrome, goog:chromeOptions: {args: [], extensions: []}}}]\n\tat org.openqa.selenium.remote.ProtocolHandshake.createSession(ProtocolHandshake.java:126)\n\tat org.openqa.selenium.remote.ProtocolHandshake.createSession(ProtocolHandshake.java:84)\n\tat org.openqa.selenium.remote.ProtocolHandshake.createSession(ProtocolHandshake.java:62)\n\tat org.openqa.selenium.remote.HttpCommandExecutor.execute(HttpCommandExecutor.java:156)\n\tat org.openqa.selenium.remote.service.DriverCommandExecutor.invokeExecute(DriverCommandExecutor.java:164)\n\tat org.openqa.selenium.remote.service.DriverCommandExecutor.execute(DriverCommandExecutor.java:139)\n\tat org.openqa.selenium.remote.RemoteWebDriver.execute(RemoteWebDriver.java:559)\n\tat org.openqa.selenium.remote.RemoteWebDriver.startSession(RemoteWebDriver.java:246)\n\tat org.openqa.selenium.remote.RemoteWebDriver.<init>(RemoteWebDriver.java:168)\n\tat org.openqa.selenium.chromium.ChromiumDriver.<init>(ChromiumDriver.java:108)\n\tat org.openqa.selenium.chrome.ChromeDriver.<init>(ChromeDriver.java:104)\n\tat org.openqa.selenium.chrome.ChromeDriver.<init>(ChromeDriver.java:91)\n\tat org.openqa.selenium.chrome.ChromeDriver.<init>(ChromeDriver.java:46)\n\tat tests.gui.google.A_Search_FlatTest_NativeSeleniumWebDriver.beforeMethod(A_Search_FlatTest_NativeSeleniumWebDriver.java:46)\n\tat java.base/jdk.internal.reflect.NativeMethodAccessorImpl.invoke0(Native Method)\n\tat java.base/jdk.internal.reflect.NativeMethodAccessorImpl.invoke(NativeMethodAccessorImpl.java:77)\n\tat java.base/jdk.internal.reflect.DelegatingMethodAccessorImpl.invoke(DelegatingMethodAccessorImpl.java:43)\n\tat java.base/java.lang.reflect.Method.invoke(Method.java:568)\n\tat org.testng.internal.MethodInvocationHelper.invokeMethod(MethodInvocationHelper.java:133)\n\tat org.testng.internal.MethodInvocationHelper.invokeMethodConsideringTimeout(MethodInvocationHelper.java:62)\n\tat org.testng.internal.ConfigInvoker.invokeConfigurationMethod(ConfigInvoker.java:385)\n\tat org.testng.internal.ConfigInvoker.invokeConfigurations(ConfigInvoker.java:321)\n\tat org.testng.internal.TestInvoker.runConfigMethods(TestInvoker.java:700)\n\tat org.testng.internal.TestInvoker.invokeMethod(TestInvoker.java:527)\n\tat org.testng.internal.TestInvoker.invokeTestMethod(TestInvoker.java:173)\n\tat org.testng.internal.MethodRunner.runInSequence(MethodRunner.java:46)\n\tat org.testng.internal.TestInvoker$MethodInvocationAgent.invoke(TestInvoker.java:824)\n\tat org.testng.internal.TestInvoker.invokeTestMethods(TestInvoker.java:146)\n\tat org.testng.internal.TestMethodWorker.invokeTestMethods(TestMethodWorker.java:146)\n\tat org.testng.internal.TestMethodWorker.run(TestMethodWorker.java:128)\n\tat java.base/java.util.ArrayList.forEach(ArrayList.java:1511)\n\tat org.testng.TestRunner.privateRun(TestRunner.java:794)\n\tat org.testng.TestRunner.run(TestRunner.java:596)\n\tat org.testng.SuiteRunner.runTest(SuiteRunner.java:377)\n\tat org.testng.SuiteRunner.runSequentially(SuiteRunner.java:371)\n\tat org.testng.SuiteRunner.privateRun(SuiteRunner.java:332)\n\tat org.testng.SuiteRunner.run(SuiteRunner.java:276)\n\tat org.testng.SuiteRunnerWorker.runSuite(SuiteRunnerWorker.java:53)\n\tat org.testng.SuiteRunnerWorker.run(SuiteRunnerWorker.java:96)\n\tat org.testng.TestNG.runSuitesSequentially(TestNG.java:1212)\n\tat org.testng.TestNG.runSuitesLocally(TestNG.java:1134)\n\tat org.testng.TestNG.runSuites(TestNG.java:1063)\n\tat org.testng.TestNG.run(TestNG.java:1031)\n\tat org.apache.maven.surefire.testng.TestNGExecutor.run(TestNGExecutor.java:136)\n\tat org.apache.maven.surefire.testng.TestNGDirectoryTestSuite.executeMulti(TestNGDirectoryTestSuite.java:193)\n\tat org.apache.maven.surefire.testng.TestNGDirectoryTestSuite.execute(TestNGDirectoryTestSuite.java:94)\n\tat org.apache.maven.surefire.testng.TestNGProvider.invoke(TestNGProvider.java:145)\n\tat org.apache.maven.surefire.booter.ForkedBooter.runSuitesInProcess(ForkedBooter.java:428)\n\tat org.apache.maven.surefire.booter.ForkedBooter.execute(ForkedBooter.java:162)\n\tat org.apache.maven.surefire.booter.ForkedBooter.run(ForkedBooter.java:562)\n\tat org.apache.maven.surefire.booter.ForkedBooter.main(ForkedBooter.java:548)\n",
    "steps" : [ ],
    "attachments" : [ {
      "uid" : "ced8074b067cbc5d",
      "name" : "Attachment: SHAFT Engine Logs - Current Method log: navigateToGoogleHomeAndAssertGoogleLogoIsDisplayed",
      "source" : "ced8074b067cbc5d.txt",
      "type" : "text/plain",
      "size" : 482
    } ],
    "parameters" : [ ],
    "stepsCount" : 0,
    "attachmentsCount" : 1,
    "shouldDisplayMessage" : true,
    "hasContent" : true
  },
  "afterStages" : [ {
    "name" : "afterMethod",
    "time" : {
      "start" : 1637412487177,
      "stop" : 1637412487177,
      "duration" : 0
    },
    "description" : "",
    "status" : "broken",
    "steps" : [ ],
    "attachments" : [ ],
    "parameters" : [ ],
    "stepsCount" : 0,
    "attachmentsCount" : 0,
    "shouldDisplayMessage" : false,
    "hasContent" : false
  }, {
    "name" : "teardownActivities",
    "time" : {
      "start" : 1637412495518,
      "stop" : 1637412495761,
      "duration" : 243
    },
    "description" : "",
    "status" : "passed",
    "steps" : [ {
      "name" : "Successfully Closed All Drivers.",
      "time" : {
        "start" : 1637412495518,
        "stop" : 1637412495518,
        "duration" : 0
      },
      "status" : "passed",
      "steps" : [ ],
      "attachments" : [ ],
      "parameters" : [ {
        "name" : "actionCounter",
        "value" : "57"
      }, {
        "name" : "logText",
        "value" : "Successfully Closed All Drivers."
      } ],
      "stepsCount" : 0,
      "attachmentsCount" : 0,
      "shouldDisplayMessage" : false,
      "hasContent" : true
    }, {
      "name" : "Issue Summary: Total Issues = 2, New issues for Failed Tests = 2, Open issues for Passed Tests = 0, Open issues for Failed Tests = 0. Kindly check the attached Issue details.",
      "time" : {
        "start" : 1637412495525,
        "stop" : 1637412495525,
        "duration" : 0
      },
      "status" : "passed",
      "steps" : [ ],
      "attachments" : [ {
        "uid" : "cf09fd17cad3e066",
        "name" : "Attachment: SHAFT Engine Logs - Issues log CSV: 20211120-124815",
        "source" : "cf09fd17cad3e066.csv",
        "type" : "text/csv",
        "size" : 342
      } ],
      "parameters" : [ {
        "name" : "actionCounter",
        "value" : "58"
      }, {
        "name" : "logText",
        "value" : "Issue Summary: Total Issues = 2, New issues for Failed Tests = 2, Open issues for Passed Tests = 0, Open issues for Failed Tests = 0. Kindly check the attached Issue details."
      }, {
        "name" : "attachments",
        "value" : "[[SHAFT Engine Logs, Issues log CSV: 20211120-124815, java.io.ByteArrayInputStream@50e1c39c]]"
      } ],
      "stepsCount" : 0,
      "attachmentsCount" : 1,
      "shouldDisplayMessage" : false,
      "hasContent" : true
    } ],
    "attachments" : [ {
      "uid" : "acda734aeb15db90",
      "name" : "Attachment: SHAFT Engine Logs - Execution log: 20211120-124815",
      "source" : "acda734aeb15db90.txt",
      "type" : "text/plain",
      "size" : 29541
    }, {
      "uid" : "73590125f098571d",
      "name" : "Attachment: HTML - Extent Emailable Execution Report",
      "source" : "73590125f098571d.html",
      "type" : "text/html",
      "size" : 811044
    } ],
    "parameters" : [ ],
    "stepsCount" : 2,
    "attachmentsCount" : 3,
    "shouldDisplayMessage" : false,
    "hasContent" : true
  } ],
  "labels" : [ {
    "name" : "package",
    "value" : "tests.gui.google.A_Search_FlatTest_NativeSeleniumWebDriver"
  }, {
    "name" : "testClass",
    "value" : "tests.gui.google.A_Search_FlatTest_NativeSeleniumWebDriver"
  }, {
    "name" : "testMethod",
    "value" : "navigateToGoogleHomeAndAssertGoogleLogoIsDisplayed"
  }, {
    "name" : "parentSuite",
    "value" : "SHAFT: Custom Suite"
  }, {
    "name" : "suite",
    "value" : "SHAFT: Custom Test"
  }, {
    "name" : "subSuite",
    "value" : "tests.gui.google.A_Search_FlatTest_NativeSeleniumWebDriver"
  }, {
    "name" : "host",
    "value" : "fv-az198-61"
  }, {
    "name" : "thread",
    "value" : "4143@fv-az198-61.main(1)"
  }, {
    "name" : "framework",
    "value" : "testng"
  }, {
    "name" : "language",
    "value" : "java"
  }, {
    "name" : "resultFormat",
    "value" : "allure2"
  } ],
  "parameters" : [ ],
  "links" : [ ],
  "hidden" : false,
  "retry" : false,
  "extra" : {
    "severity" : "normal",
    "retries" : [ ],
    "categories" : [ ],
    "history" : {
      "statistic" : {
        "failed" : 0,
        "broken" : 0,
        "skipped" : 760,
        "passed" : 0,
        "unknown" : 0,
        "total" : 760
      },
      "items" : [ {
        "uid" : "69aeed324d406aa1",
        "reportUrl" : "https://MohabMohie.github.io/using_SHAFT_ENGINE/allure/1188//#testresult/69aeed324d406aa1",
        "status" : "skipped",
        "statusDetails" : "Could not start a new session. Response code 500. Message: unknown error: Chrome failed to start: crashed.\n  (unknown error: DevToolsActivePort file doesn't exist)\n  (The process started from chrome location /usr/bin/google-chrome is no longer running, so ChromeDriver is assuming that Chrome has crashed.)\nBuild info: version: '4.0.0', revision: '3a21814679'\nSystem info: host: 'fv-az204-453', ip: '10.1.0.76', os.name: 'Linux', os.arch: 'amd64', os.version: '5.11.0-1021-azure', java.version: '17.0.1'\nDriver info: org.openqa.selenium.chrome.ChromeDriver\nCommand: [null, newSession {capabilities=[Capabilities {browserName: chrome, goog:chromeOptions: {args: [], extensions: []}}], desiredCapabilities=Capabilities {browserName: chrome, goog:chromeOptions: {args: [], extensions: []}}}]",
        "time" : {
          "start" : 1637390290770,
          "stop" : 1637390290779,
          "duration" : 9
        }
      }, {
        "uid" : "f1869bff4352f4a1",
        "reportUrl" : "https://MohabMohie.github.io/using_SHAFT_ENGINE/allure/1187//#testresult/f1869bff4352f4a1",
        "status" : "skipped",
        "statusDetails" : "Could not start a new session. Response code 500. Message: unknown error: Chrome failed to start: crashed.\n  (unknown error: DevToolsActivePort file doesn't exist)\n  (The process started from chrome location /usr/bin/google-chrome is no longer running, so ChromeDriver is assuming that Chrome has crashed.)\nBuild info: version: '4.0.0', revision: '3a21814679'\nSystem info: host: 'fv-az216-465', ip: '10.1.1.161', os.name: 'Linux', os.arch: 'amd64', os.version: '5.11.0-1021-azure', java.version: '17.0.1'\nDriver info: org.openqa.selenium.chrome.ChromeDriver\nCommand: [null, newSession {capabilities=[Capabilities {browserName: chrome, goog:chromeOptions: {args: [], extensions: []}}], desiredCapabilities=Capabilities {browserName: chrome, goog:chromeOptions: {args: [], extensions: []}}}]",
        "time" : {
          "start" : 1637371767393,
          "stop" : 1637371767394,
          "duration" : 1
        }
      }, {
        "uid" : "6db50bc0ca69be7c",
        "reportUrl" : "https://MohabMohie.github.io/using_SHAFT_ENGINE/allure/1186//#testresult/6db50bc0ca69be7c",
        "status" : "skipped",
        "statusDetails" : "Could not start a new session. Response code 500. Message: unknown error: Chrome failed to start: crashed.\n  (unknown error: DevToolsActivePort file doesn't exist)\n  (The process started from chrome location /usr/bin/google-chrome is no longer running, so ChromeDriver is assuming that Chrome has crashed.)\nBuild info: version: '4.0.0', revision: '3a21814679'\nSystem info: host: 'fv-az292-820', ip: '10.1.0.137', os.name: 'Linux', os.arch: 'amd64', os.version: '5.11.0-1021-azure', java.version: '17.0.1'\nDriver info: org.openqa.selenium.chrome.ChromeDriver\nCommand: [null, newSession {capabilities=[Capabilities {browserName: chrome, goog:chromeOptions: {args: [], extensions: []}}], desiredCapabilities=Capabilities {browserName: chrome, goog:chromeOptions: {args: [], extensions: []}}}]",
        "time" : {
          "start" : 1637347105226,
          "stop" : 1637347105227,
          "duration" : 1
        }
      }, {
        "uid" : "d27adafe34353c6",
        "reportUrl" : "https://MohabMohie.github.io/using_SHAFT_ENGINE/allure/1185//#testresult/d27adafe34353c6",
        "status" : "skipped",
        "statusDetails" : "Could not start a new session. Response code 500. Message: unknown error: Chrome failed to start: crashed.\n  (unknown error: DevToolsActivePort file doesn't exist)\n  (The process started from chrome location /usr/bin/google-chrome is no longer running, so ChromeDriver is assuming that Chrome has crashed.)\nBuild info: version: '4.0.0', revision: '3a21814679'\nSystem info: host: 'fv-az292-820', ip: '10.1.0.6', os.name: 'Linux', os.arch: 'amd64', os.version: '5.11.0-1021-azure', java.version: '17.0.1'\nDriver info: org.openqa.selenium.chrome.ChromeDriver\nCommand: [null, newSession {capabilities=[Capabilities {browserName: chrome, goog:chromeOptions: {args: [], extensions: []}}], desiredCapabilities=Capabilities {browserName: chrome, goog:chromeOptions: {args: [], extensions: []}}}]",
        "time" : {
          "start" : 1637326196995,
          "stop" : 1637326196999,
          "duration" : 4
        }
      }, {
        "uid" : "13e333e450b6575b",
        "reportUrl" : "https://MohabMohie.github.io/using_SHAFT_ENGINE/allure/1184//#testresult/13e333e450b6575b",
        "status" : "skipped",
        "statusDetails" : "Could not start a new session. Response code 500. Message: unknown error: Chrome failed to start: crashed.\n  (unknown error: DevToolsActivePort file doesn't exist)\n  (The process started from chrome location /usr/bin/google-chrome is no longer running, so ChromeDriver is assuming that Chrome has crashed.)\nBuild info: version: '4.0.0', revision: '3a21814679'\nSystem info: host: 'fv-az212-131', ip: '10.1.0.143', os.name: 'Linux', os.arch: 'amd64', os.version: '5.11.0-1021-azure', java.version: '17.0.1'\nDriver info: org.openqa.selenium.chrome.ChromeDriver\nCommand: [null, newSession {capabilities=[Capabilities {browserName: chrome, goog:chromeOptions: {args: [], extensions: []}}], desiredCapabilities=Capabilities {browserName: chrome, goog:chromeOptions: {args: [], extensions: []}}}]",
        "time" : {
          "start" : 1637303983606,
          "stop" : 1637303983615,
          "duration" : 9
        }
      }, {
        "uid" : "9e8dd37ad2678005",
        "reportUrl" : "https://MohabMohie.github.io/using_SHAFT_ENGINE/allure/1183//#testresult/9e8dd37ad2678005",
        "status" : "skipped",
        "statusDetails" : "Could not start a new session. Response code 500. Message: unknown error: Chrome failed to start: crashed.\n  (unknown error: DevToolsActivePort file doesn't exist)\n  (The process started from chrome location /usr/bin/google-chrome is no longer running, so ChromeDriver is assuming that Chrome has crashed.)\nBuild info: version: '4.0.0', revision: '3a21814679'\nSystem info: host: 'fv-az213-49', ip: '10.1.1.248', os.name: 'Linux', os.arch: 'amd64', os.version: '5.11.0-1021-azure', java.version: '17.0.1'\nDriver info: org.openqa.selenium.chrome.ChromeDriver\nCommand: [null, newSession {capabilities=[Capabilities {browserName: chrome, goog:chromeOptions: {args: [], extensions: []}}], desiredCapabilities=Capabilities {browserName: chrome, goog:chromeOptions: {args: [], extensions: []}}}]",
        "time" : {
          "start" : 1637285435989,
          "stop" : 1637285435993,
          "duration" : 4
        }
      }, {
        "uid" : "f52ba598d8d94fae",
        "reportUrl" : "https://MohabMohie.github.io/using_SHAFT_ENGINE/allure/1182//#testresult/f52ba598d8d94fae",
        "status" : "skipped",
        "statusDetails" : "Could not start a new session. Response code 500. Message: unknown error: Chrome failed to start: crashed.\n  (unknown error: DevToolsActivePort file doesn't exist)\n  (The process started from chrome location /usr/bin/google-chrome is no longer running, so ChromeDriver is assuming that Chrome has crashed.)\nBuild info: version: '4.0.0', revision: '3a21814679'\nSystem info: host: 'fv-az212-131', ip: '10.1.1.183', os.name: 'Linux', os.arch: 'amd64', os.version: '5.11.0-1021-azure', java.version: '17.0.1'\nDriver info: org.openqa.selenium.chrome.ChromeDriver\nCommand: [null, newSession {capabilities=[Capabilities {browserName: chrome, goog:chromeOptions: {args: [], extensions: []}}], desiredCapabilities=Capabilities {browserName: chrome, goog:chromeOptions: {args: [], extensions: []}}}]",
        "time" : {
          "start" : 1637260670361,
          "stop" : 1637260670363,
          "duration" : 2
        }
      }, {
        "uid" : "17dd10da6406c8c4",
        "reportUrl" : "https://MohabMohie.github.io/using_SHAFT_ENGINE/allure/1181//#testresult/17dd10da6406c8c4",
        "status" : "skipped",
        "statusDetails" : "Could not start a new session. Response code 500. Message: unknown error: Chrome failed to start: crashed.\n  (unknown error: DevToolsActivePort file doesn't exist)\n  (The process started from chrome location /usr/bin/google-chrome is no longer running, so ChromeDriver is assuming that Chrome has crashed.)\nBuild info: version: '4.0.0', revision: '3a21814679'\nSystem info: host: 'fv-az219-596', ip: '10.1.0.145', os.name: 'Linux', os.arch: 'amd64', os.version: '5.11.0-1021-azure', java.version: '17.0.1'\nDriver info: org.openqa.selenium.chrome.ChromeDriver\nCommand: [null, newSession {capabilities=[Capabilities {browserName: chrome, goog:chromeOptions: {args: [], extensions: []}}], desiredCapabilities=Capabilities {browserName: chrome, goog:chromeOptions: {args: [], extensions: []}}}]",
        "time" : {
          "start" : 1637239917764,
          "stop" : 1637239917766,
          "duration" : 2
        }
      }, {
        "uid" : "6b37877dffcf1fb",
        "reportUrl" : "https://MohabMohie.github.io/using_SHAFT_ENGINE/allure/1180//#testresult/6b37877dffcf1fb",
        "status" : "skipped",
        "statusDetails" : "Could not start a new session. Response code 500. Message: unknown error: Chrome failed to start: crashed.\n  (unknown error: DevToolsActivePort file doesn't exist)\n  (The process started from chrome location /usr/bin/google-chrome is no longer running, so ChromeDriver is assuming that Chrome has crashed.)\nBuild info: version: '4.0.0', revision: '3a21814679'\nSystem info: host: 'fv-az292-927', ip: '10.1.0.117', os.name: 'Linux', os.arch: 'amd64', os.version: '5.11.0-1020-azure', java.version: '17.0.1'\nDriver info: org.openqa.selenium.chrome.ChromeDriver\nCommand: [null, newSession {capabilities=[Capabilities {browserName: chrome, goog:chromeOptions: {args: [], extensions: []}}], desiredCapabilities=Capabilities {browserName: chrome, goog:chromeOptions: {args: [], extensions: []}}}]",
        "time" : {
          "start" : 1637217501631,
          "stop" : 1637217501632,
          "duration" : 1
        }
      }, {
        "uid" : "b731ccccdf756d25",
        "reportUrl" : "https://MohabMohie.github.io/using_SHAFT_ENGINE/allure/1179//#testresult/b731ccccdf756d25",
        "status" : "skipped",
        "statusDetails" : "Could not start a new session. Response code 500. Message: unknown error: Chrome failed to start: crashed.\n  (unknown error: DevToolsActivePort file doesn't exist)\n  (The process started from chrome location /usr/bin/google-chrome is no longer running, so ChromeDriver is assuming that Chrome has crashed.)\nBuild info: version: '4.0.0', revision: '3a21814679'\nSystem info: host: 'fv-az290-462', ip: '10.1.0.125', os.name: 'Linux', os.arch: 'amd64', os.version: '5.11.0-1020-azure', java.version: '17.0.1'\nDriver info: org.openqa.selenium.chrome.ChromeDriver\nCommand: [null, newSession {capabilities=[Capabilities {browserName: chrome, goog:chromeOptions: {args: [], extensions: []}}], desiredCapabilities=Capabilities {browserName: chrome, goog:chromeOptions: {args: [], extensions: []}}}]",
        "time" : {
          "start" : 1637210865614,
          "stop" : 1637210865616,
          "duration" : 2
        }
      }, {
        "uid" : "6fc548fca28ac19d",
        "reportUrl" : "https://MohabMohie.github.io/using_SHAFT_ENGINE/allure/1178//#testresult/6fc548fca28ac19d",
        "status" : "skipped",
        "statusDetails" : "Could not start a new session. Response code 500. Message: unknown error: Chrome failed to start: crashed.\n  (unknown error: DevToolsActivePort file doesn't exist)\n  (The process started from chrome location /usr/bin/google-chrome is no longer running, so ChromeDriver is assuming that Chrome has crashed.)\nBuild info: version: '4.0.0', revision: '3a21814679'\nSystem info: host: 'fv-az292-927', ip: '10.1.1.1', os.name: 'Linux', os.arch: 'amd64', os.version: '5.11.0-1020-azure', java.version: '17.0.1'\nDriver info: org.openqa.selenium.chrome.ChromeDriver\nCommand: [null, newSession {capabilities=[Capabilities {browserName: chrome, goog:chromeOptions: {args: [], extensions: []}}], desiredCapabilities=Capabilities {browserName: chrome, goog:chromeOptions: {args: [], extensions: []}}}]",
        "time" : {
          "start" : 1637199035946,
          "stop" : 1637199035951,
          "duration" : 5
        }
      }, {
        "uid" : "95942c48807826aa",
        "reportUrl" : "https://MohabMohie.github.io/using_SHAFT_ENGINE/allure/1176//#testresult/95942c48807826aa",
        "status" : "skipped",
        "statusDetails" : "Could not start a new session. Response code 500. Message: unknown error: Chrome failed to start: crashed.\n  (unknown error: DevToolsActivePort file doesn't exist)\n  (The process started from chrome location /usr/bin/google-chrome is no longer running, so ChromeDriver is assuming that Chrome has crashed.)\nBuild info: version: '4.0.0', revision: '3a21814679'\nSystem info: host: 'fv-az216-307', ip: '10.1.0.147', os.name: 'Linux', os.arch: 'amd64', os.version: '5.11.0-1020-azure', java.version: '17.0.1'\nDriver info: org.openqa.selenium.chrome.ChromeDriver\nCommand: [null, newSession {capabilities=[Capabilities {browserName: chrome, goog:chromeOptions: {args: [], extensions: []}}], desiredCapabilities=Capabilities {browserName: chrome, goog:chromeOptions: {args: [], extensions: []}}}]",
        "time" : {
          "start" : 1637174033924,
          "stop" : 1637174033927,
          "duration" : 3
        }
      }, {
        "uid" : "d5b74c0d66807b78",
        "reportUrl" : "https://MohabMohie.github.io/using_SHAFT_ENGINE/allure/1175//#testresult/d5b74c0d66807b78",
        "status" : "skipped",
        "statusDetails" : "Could not start a new session. Response code 500. Message: unknown error: Chrome failed to start: crashed.\n  (unknown error: DevToolsActivePort file doesn't exist)\n  (The process started from chrome location /usr/bin/google-chrome is no longer running, so ChromeDriver is assuming that Chrome has crashed.)\nBuild info: version: '4.0.0', revision: '3a21814679'\nSystem info: host: 'fv-az212-577', ip: '10.1.0.133', os.name: 'Linux', os.arch: 'amd64', os.version: '5.11.0-1020-azure', java.version: '17.0.1'\nDriver info: org.openqa.selenium.chrome.ChromeDriver\nCommand: [null, newSession {capabilities=[Capabilities {browserName: chrome, goog:chromeOptions: {args: [], extensions: []}}], desiredCapabilities=Capabilities {browserName: chrome, goog:chromeOptions: {args: [], extensions: []}}}]",
        "time" : {
          "start" : 1637153611001,
          "stop" : 1637153611002,
          "duration" : 1
        }
      }, {
        "uid" : "d03136d0f06679bd",
        "reportUrl" : "https://MohabMohie.github.io/using_SHAFT_ENGINE/allure/1174//#testresult/d03136d0f06679bd",
        "status" : "skipped",
        "statusDetails" : "Could not start a new session. Response code 500. Message: unknown error: Chrome failed to start: crashed.\n  (unknown error: DevToolsActivePort file doesn't exist)\n  (The process started from chrome location /usr/bin/google-chrome is no longer running, so ChromeDriver is assuming that Chrome has crashed.)\nBuild info: version: '4.0.0', revision: '3a21814679'\nSystem info: host: 'fv-az216-307', ip: '10.1.1.182', os.name: 'Linux', os.arch: 'amd64', os.version: '5.11.0-1020-azure', java.version: '17.0.1'\nDriver info: org.openqa.selenium.chrome.ChromeDriver\nCommand: [null, newSession {capabilities=[Capabilities {browserName: chrome, goog:chromeOptions: {args: [], extensions: []}}], desiredCapabilities=Capabilities {browserName: chrome, goog:chromeOptions: {args: [], extensions: []}}}]",
        "time" : {
          "start" : 1637131202913,
          "stop" : 1637131202927,
          "duration" : 14
        }
      }, {
        "uid" : "2674ca338ecda509",
        "reportUrl" : "https://MohabMohie.github.io/using_SHAFT_ENGINE/allure/1173//#testresult/2674ca338ecda509",
        "status" : "skipped",
        "statusDetails" : "Could not start a new session. Response code 500. Message: unknown error: Chrome failed to start: crashed.\n  (unknown error: DevToolsActivePort file doesn't exist)\n  (The process started from chrome location /usr/bin/google-chrome is no longer running, so ChromeDriver is assuming that Chrome has crashed.)\nBuild info: version: '4.0.0', revision: '3a21814679'\nSystem info: host: 'fv-az292-927', ip: '10.1.1.147', os.name: 'Linux', os.arch: 'amd64', os.version: '5.11.0-1020-azure', java.version: '17.0.1'\nDriver info: org.openqa.selenium.chrome.ChromeDriver\nCommand: [null, newSession {capabilities=[Capabilities {browserName: chrome, goog:chromeOptions: {args: [], extensions: []}}], desiredCapabilities=Capabilities {browserName: chrome, goog:chromeOptions: {args: [], extensions: []}}}]",
        "time" : {
          "start" : 1637112665006,
          "stop" : 1637112665008,
          "duration" : 2
        }
      }, {
        "uid" : "a8169e8b155eef6d",
        "reportUrl" : "https://MohabMohie.github.io/using_SHAFT_ENGINE/allure/1172//#testresult/a8169e8b155eef6d",
        "status" : "skipped",
        "statusDetails" : "Could not start a new session. Response code 500. Message: unknown error: Chrome failed to start: crashed.\n  (unknown error: DevToolsActivePort file doesn't exist)\n  (The process started from chrome location /usr/bin/google-chrome is no longer running, so ChromeDriver is assuming that Chrome has crashed.)\nBuild info: version: '4.0.0', revision: '3a21814679'\nSystem info: host: 'fv-az212-577', ip: '10.1.2.13', os.name: 'Linux', os.arch: 'amd64', os.version: '5.11.0-1020-azure', java.version: '17.0.1'\nDriver info: org.openqa.selenium.chrome.ChromeDriver\nCommand: [null, newSession {capabilities=[Capabilities {browserName: chrome, goog:chromeOptions: {args: [], extensions: []}}], desiredCapabilities=Capabilities {browserName: chrome, goog:chromeOptions: {args: [], extensions: []}}}]",
        "time" : {
          "start" : 1637087698734,
          "stop" : 1637087698749,
          "duration" : 15
        }
      }, {
        "uid" : "ae1db23db23c3146",
        "reportUrl" : "https://MohabMohie.github.io/using_SHAFT_ENGINE/allure/1171//#testresult/ae1db23db23c3146",
        "status" : "skipped",
        "statusDetails" : "Could not start a new session. Response code 500. Message: unknown error: Chrome failed to start: crashed.\n  (unknown error: DevToolsActivePort file doesn't exist)\n  (The process started from chrome location /usr/bin/google-chrome is no longer running, so ChromeDriver is assuming that Chrome has crashed.)\nBuild info: version: '4.0.0', revision: '3a21814679'\nSystem info: host: 'fv-az212-577', ip: '10.1.1.54', os.name: 'Linux', os.arch: 'amd64', os.version: '5.11.0-1020-azure', java.version: '17.0.1'\nDriver info: org.openqa.selenium.chrome.ChromeDriver\nCommand: [null, newSession {capabilities=[Capabilities {browserName: chrome, goog:chromeOptions: {args: [], extensions: []}}], desiredCapabilities=Capabilities {browserName: chrome, goog:chromeOptions: {args: [], extensions: []}}}]",
        "time" : {
          "start" : 1637067020028,
          "stop" : 1637067020040,
          "duration" : 12
        }
      }, {
        "uid" : "9669927f7fc60af",
        "reportUrl" : "https://MohabMohie.github.io/using_SHAFT_ENGINE/allure/1170//#testresult/9669927f7fc60af",
        "status" : "skipped",
        "statusDetails" : "Could not start a new session. Response code 500. Message: unknown error: Chrome failed to start: crashed.\n  (unknown error: DevToolsActivePort file doesn't exist)\n  (The process started from chrome location /usr/bin/google-chrome is no longer running, so ChromeDriver is assuming that Chrome has crashed.)\nBuild info: version: '4.0.0', revision: '3a21814679'\nSystem info: host: 'fv-az154-477', ip: '10.1.1.192', os.name: 'Linux', os.arch: 'amd64', os.version: '5.11.0-1020-azure', java.version: '17.0.1'\nDriver info: org.openqa.selenium.chrome.ChromeDriver\nCommand: [null, newSession {capabilities=[Capabilities {browserName: chrome, goog:chromeOptions: {args: [], extensions: []}}], desiredCapabilities=Capabilities {browserName: chrome, goog:chromeOptions: {args: [], extensions: []}}}]",
        "time" : {
          "start" : 1637044618943,
          "stop" : 1637044618946,
          "duration" : 3
        }
      }, {
        "uid" : "847ba590313fa960",
        "reportUrl" : "https://MohabMohie.github.io/using_SHAFT_ENGINE/allure/1169//#testresult/847ba590313fa960",
        "status" : "skipped",
        "statusDetails" : "Could not start a new session. Response code 500. Message: unknown error: Chrome failed to start: crashed.\n  (unknown error: DevToolsActivePort file doesn't exist)\n  (The process started from chrome location /usr/bin/google-chrome is no longer running, so ChromeDriver is assuming that Chrome has crashed.)\nBuild info: version: '4.0.0', revision: '3a21814679'\nSystem info: host: 'fv-az213-5', ip: '10.1.1.209', os.name: 'Linux', os.arch: 'amd64', os.version: '5.11.0-1020-azure', java.version: '17.0.1'\nDriver info: org.openqa.selenium.chrome.ChromeDriver\nCommand: [null, newSession {capabilities=[Capabilities {browserName: chrome, goog:chromeOptions: {args: [], extensions: []}}], desiredCapabilities=Capabilities {browserName: chrome, goog:chromeOptions: {args: [], extensions: []}}}]",
        "time" : {
          "start" : 1637026205588,
          "stop" : 1637026205591,
          "duration" : 3
        }
      }, {
        "uid" : "2478f5fceeb1701f",
        "reportUrl" : "https://MohabMohie.github.io/using_SHAFT_ENGINE/allure/1168//#testresult/2478f5fceeb1701f",
        "status" : "skipped",
        "statusDetails" : "Could not start a new session. Response code 500. Message: unknown error: Chrome failed to start: crashed.\n  (unknown error: DevToolsActivePort file doesn't exist)\n  (The process started from chrome location /usr/bin/google-chrome is no longer running, so ChromeDriver is assuming that Chrome has crashed.)\nBuild info: version: '4.0.0', revision: '3a21814679'\nSystem info: host: 'fv-az204-800', ip: '10.1.1.46', os.name: 'Linux', os.arch: 'amd64', os.version: '5.11.0-1020-azure', java.version: '17.0.1'\nDriver info: org.openqa.selenium.chrome.ChromeDriver\nCommand: [null, newSession {capabilities=[Capabilities {browserName: chrome, goog:chromeOptions: {args: [], extensions: []}}], desiredCapabilities=Capabilities {browserName: chrome, goog:chromeOptions: {args: [], extensions: []}}}]",
        "time" : {
          "start" : 1637001193083,
          "stop" : 1637001193095,
          "duration" : 12
        }
      } ]
    },
    "tags" : [ ]
  },
  "source" : "80354a1ac4877d71.json",
  "parameterValues" : [ ]
}