################################################################################################################################################
Detected SHAFT Engine Version: [SHAFT Engine v5.4.20211117-BETA]
################################################################################################################################################

################################################################################################################################################
Starting Execution:	[1 out of 23] test cases in the current suite
Test Method:		[tests.api.users.UserData.validateUserEmail]
################################################################################################################################################
[ReportManager] Response status code: [200], status line: [HTTP/1.1 200 OK] @01-12-2021 06:39:19.0560 AM
[ReportManager] Assertion Passed: Evaluating the actual response status code against the expected one... @01-12-2021 06:39:19.0572 AM
[ReportManager] Assertion [ValidateComparativeRelation] PASSED. Expected [200] and Actual [200]. Comparison Type [EQUALS]. Validation Type [POSITIVE]. @01-12-2021 06:39:19.0578 AM
[ReportManager] API Action [PerformRequest] successfully performed. With the following test data [Request Type: "GET" | Target Status Code: "200" | Service URL: "https://jsonplaceholder.typicode.com/users" | Content Type: "*/*" | Response Time: "1100ms"]. @01-12-2021 06:39:20.0775 AM
[ReportManager] Successfully created attachment [API Request - Specifications] @01-12-2021 06:39:20.0776 AM
[ReportManager] Successfully created attachment [API Response - JSON Body] @01-12-2021 06:39:21.0012 AM
[ReportManager] Assertion [ValidateEquals] PASSED. Expected and Actual values are attached. Comparison Type [CONTAINS]. Validation Type [POSITIVE]. @01-12-2021 06:39:21.0019 AM
[ReportManager] Successfully created attachment [Validation Test Data - Expected Value] @01-12-2021 06:39:21.0020 AM
[ReportManager] Successfully created attachment [Validation Test Data - Actual Value] @01-12-2021 06:39:21.0021 AM
[ReportManager] API Action [GetResponseJSONValueAsList] successfully performed. With the following test data [$]. @01-12-2021 06:39:21.0040 AM
[ReportManager] API Action [GetResponseJSONValue] successfully performed. With the following test data [name]. @01-12-2021 06:39:21.0072 AM
[ReportManager] API Action [GetResponseJSONValue] successfully performed. With the following test data [email]. @01-12-2021 06:39:21.0103 AM
[ReportManager] Assertion [ValidateEquals] PASSED. Expected [Sincere@april.biz] and Actual [Sincere@april.biz]. Comparison Type [EQUALS]. Validation Type [POSITIVE]. @01-12-2021 06:39:21.0103 AM
[ReportManager] API Action [GetResponseJSONValue] successfully performed. With the following test data [name]. @01-12-2021 06:39:21.0127 AM
[ReportManager] API Action [GetResponseJSONValue] successfully performed. With the following test data [name]. @01-12-2021 06:39:21.0150 AM
[ReportManager] API Action [GetResponseJSONValue] successfully performed. With the following test data [name]. @01-12-2021 06:39:21.0170 AM
[ReportManager] API Action [GetResponseJSONValue] successfully performed. With the following test data [name]. @01-12-2021 06:39:21.0194 AM
[ReportManager] API Action [GetResponseJSONValue] successfully performed. With the following test data [name]. @01-12-2021 06:39:21.0218 AM
[ReportManager] API Action [GetResponseJSONValue] successfully performed. With the following test data [name]. @01-12-2021 06:39:21.0243 AM
[ReportManager] API Action [GetResponseJSONValue] successfully performed. With the following test data [name]. @01-12-2021 06:39:21.0263 AM
[ReportManager] API Action [GetResponseJSONValue] successfully performed. With the following test data [name]. @01-12-2021 06:39:21.0280 AM
[ReportManager] API Action [GetResponseJSONValue] successfully performed. With the following test data [name]. @01-12-2021 06:39:21.0294 A

################################################################################################################################################
Starting Execution:	[2 out of 23] test cases in the current suite
Test Method:		[tests.cli.demo.cliTest.sampleTestCase]
################################################################################################################################################
[ReportManager] Attempting to perform the following command locally. Command: [ls] @01-12-2021 06:39:21.0405 AM
[ReportManager] Terminal Action [PerformTerminalCommands] successfully performed. With the following test data [Host Name: "localHost" | Command: "ls" | Exit Status: "0"]. @01-12-2021 06:39:21.0422 AM
[ReportManager] Successfully created attachment [Terminal Action Actual Result - Command Log] @01-12-2021 06:39:21.0423 AM
[ReportManager] Assertion Passed: Demoing local terminal actions @01-12-2021 06:39:21.0423 AM
[ReportManager] Assertion [ValidateEquals] PASSED. Expected [pom.xml] and Actual [LICENSE
README.md
allure-results
docker-compose_native.yml
docker-compose_zalenium.yml
extent-reports
pom.xml
readMeImgs
src
target]. Comparison Type [CONTAINS]. Validation Type [POSITIVE]. @01-12-2021 06:39:21.0424 A
[ReportManager] An Exception Occured with this Message: src/test/resources/testDataFiles/Google/SimpleSearch.xlsx (No such file or directory). @01-12-2021 06:39:21.0436 AM
[ReportManager] Successfully created attachment [Exception Stack Trace - java.io.FileNotFoundException] @01-12-2021 06:39:21.0436 AM
[ReportManager] Couldn't find the desired file. [src/test/resources/testDataFiles/Google/SimpleSearch.xlsx]. @01-12-2021 06:39:21.0437 A


################################################################################################################################################
Starting Execution:	[3 out of 23] test cases in the current suite
Test Method:		[tests.gui.google.D_Search_PageObjectModel_Traditional_DataDriven.navigateToGoogleHomeAndAssertGoogleLogoIsDisplayed]
###############################################################################################################################################



################################################################################################################################################
Starting Execution:	[4 out of 23] test cases in the current suite
Test Method:		[tests.gui.google.D_Search_PageObjectModel_Traditional_DataDriven.navigateToGoogleHomeAndAssertPageTitle]
###############################################################################################################################################



################################################################################################################################################
Starting Execution:	[5 out of 23] test cases in the current suite
Test Method:		[tests.gui.google.D_Search_PageObjectModel_Traditional_DataDriven.searchForQueryAndAssertFirstResultTextIsCorrect]
###############################################################################################################################################

[ReportManager] An Exception Occured with this Message: src/test/resources/testDataFiles/Google/SimpleSearch.xlsx (No such file or directory). @01-12-2021 06:39:21.0505 AM
[ReportManager] Successfully created attachment [Exception Stack Trace - java.io.FileNotFoundException] @01-12-2021 06:39:21.0505 AM
[ReportManager] Couldn't find the desired file. [src/test/resources/testDataFiles/Google/SimpleSearch.xlsx]. @01-12-2021 06:39:21.0506 A


################################################################################################################################################
Starting Execution:	[6 out of 23] test cases in the current suite
Test Method:		[tests.gui.google.E_Search_PageObjectModel_Traditional_SHAFTAssertions.navigateToGoogleHomeAndAssertGoogleLogoIsDisplayed]
###############################################################################################################################################



################################################################################################################################################
Starting Execution:	[7 out of 23] test cases in the current suite
Test Method:		[tests.gui.google.E_Search_PageObjectModel_Traditional_SHAFTAssertions.navigateToGoogleHomeAndAssertPageTitle]
###############################################################################################################################################



################################################################################################################################################
Starting Execution:	[8 out of 23] test cases in the current suite
Test Method:		[tests.gui.google.E_Search_PageObjectModel_Traditional_SHAFTAssertions.searchForQueryAndAssertFirstResultTextIsCorrect]
###############################################################################################################################################

[ReportManager] File Action [GetAbsolutePath] successfully performed. With the following test data [Relative Folder Path: "target/downloadedFiles/"]. @01-12-2021 06:39:21.0544 AM
[ReportManager] Attempting to run remotely on: [Linux-64], [GoogleChrome], [http://localhost:4444/wd/hub], Headless Execution. @01-12-2021 06:39:21.0563 AM
[ReportManager] Successfully Opened [GoogleChrome]. @01-12-2021 06:39:23.0514 AM
[ReportManager] Target URL: [https://www.google.com/ncr], and after redirection: [https://www.google.com] @01-12-2021 06:39:23.0526 AM
[ReportManager] Initial URL: [data:,] @01-12-2021 06:39:23.0662 AM
[ReportManager] Browser Action [NavigateToURL] successfully performed. With the following test data [https://www.google.com/ncr]. @01-12-2021 06:39:25.0010 A

################################################################################################################################################
Starting Execution:	[9 out of 23] test cases in the current suite
Test Method:		[tests.gui.google.C_Search_PageObjectModel_Traditional.navigateToGoogleHomeAndAssertGoogleLogoIsDisplayed]
################################################################################################################################################
[ReportManager] Element Action [IsElementDisplayed] successfully performed. @01-12-2021 06:39:25.0203 AM
[ReportManager] Assertion Passed: Asserting that the Google logo is displayed @01-12-2021 06:39:25.0205 AM
[ReportManager] Assertion [ValidateTrue] PASSED. Expected [TRUE] and Actual [TRUE]. Validation Type [POSITIVE]. @01-12-2021 06:39:25.0206 A
[ReportManager] Browser Action [CloseCurrentWindow] successfully performed. @01-12-2021 06:39:25.0380 AM
[ReportManager] Successfully created attachment [Browser Action Test Data - CloseCurrentWindow - Actual Value] @01-12-2021 06:39:25.0385 A
[ReportManager] File Action [GetAbsolutePath] successfully performed. With the following test data [Relative Folder Path: "target/downloadedFiles/"]. @01-12-2021 06:39:25.0401 AM
[ReportManager] Attempting to run remotely on: [Linux-64], [GoogleChrome], [http://localhost:4444/wd/hub], Headless Execution. @01-12-2021 06:39:25.0403 AM
[ReportManager] Successfully Opened [GoogleChrome]. @01-12-2021 06:39:25.0884 AM
[ReportManager] Target URL: [https://www.google.com/ncr], and after redirection: [https://www.google.com] @01-12-2021 06:39:25.0884 AM
[ReportManager] Initial URL: [data:,] @01-12-2021 06:39:26.0001 AM
[ReportManager] Browser Action [NavigateToURL] successfully performed. With the following test data [https://www.google.com/ncr]. @01-12-2021 06:39:26.0980 A

################################################################################################################################################
Starting Execution:	[10 out of 23] test cases in the current suite
Test Method:		[tests.gui.google.C_Search_PageObjectModel_Traditional.navigateToGoogleHomeAndAssertPageTitle]
################################################################################################################################################
[ReportManager] Browser Action [GetCurrentWindowTitle] successfully performed. With the following test data [Google]. @01-12-2021 06:39:27.0048 AM
[ReportManager] Assertion Passed: Asserting that the page title is Google @01-12-2021 06:39:27.0048 AM
[ReportManager] Assertion [ValidateEquals] PASSED. Expected [Google] and Actual [Google]. Comparison Type [EQUALS]. Validation Type [POSITIVE]. @01-12-2021 06:39:27.0049 A
[ReportManager] Browser Action [CloseCurrentWindow] successfully performed. @01-12-2021 06:39:27.0215 AM
[ReportManager] Successfully created attachment [Browser Action Test Data - CloseCurrentWindow - Actual Value] @01-12-2021 06:39:27.0216 A
[ReportManager] File Action [GetAbsolutePath] successfully performed. With the following test data [Relative Folder Path: "target/downloadedFiles/"]. @01-12-2021 06:39:27.0237 AM
[ReportManager] Attempting to run remotely on: [Linux-64], [GoogleChrome], [http://localhost:4444/wd/hub], Headless Execution. @01-12-2021 06:39:27.0238 AM
[ReportManager] Successfully Opened [GoogleChrome]. @01-12-2021 06:39:27.0661 AM
[ReportManager] Target URL: [https://www.google.com/ncr], and after redirection: [https://www.google.com] @01-12-2021 06:39:27.0661 AM
[ReportManager] Initial URL: [data:,] @01-12-2021 06:39:27.0757 AM
[ReportManager] Browser Action [NavigateToURL] successfully performed. With the following test data [https://www.google.com/ncr]. @01-12-2021 06:39:28.0698 A

################################################################################################################################################
Starting Execution:	[11 out of 23] test cases in the current suite
Test Method:		[tests.gui.google.C_Search_PageObjectModel_Traditional.searchForQueryAndAssertFirstResultTextIsCorrect]
################################################################################################################################################
[ReportManager] Element Action [Type] successfully performed. With the following test data [SHAFT_Engine]. @01-12-2021 06:39:29.0236 AM
[ReportManager] Element Action [KeyPress] successfully performed. With the following test data [ENTER]. @01-12-2021 06:39:30.0801 AM
[ReportManager] Element Action [GetText] successfully performed. With the following test data [SHAFT: Unified Test Automation Engine - GitHub]. @01-12-2021 06:39:30.0944 AM
[ReportManager] Assertion Failed: Asserting that the correct first result is displayed @01-12-2021 06:39:30.0946 AM
[ReportManager] Assertion [ValidateEquals] FAILED. Expected [MohabMohie] and Actual [SHAFT: Unified Test Automation Engine - GitHub]. Comparison Type [CONTAINS]. Validation Type [POSITIVE]. @01-12-2021 06:39:30.0946 A
[ReportManager] Browser Action [CloseCurrentWindow] successfully performed. @01-12-2021 06:39:31.0288 AM
[ReportManager] Successfully created attachment [Browser Action Test Data - CloseCurrentWindow - Actual Value] @01-12-2021 06:39:31.0318 A



################################################################################################################################################
Starting Execution:	[12 out of 23] test cases in the current suite
Test Method:		[tests.gui.google.A_Search_FlatTest_NativeSeleniumWebDriver.navigateToGoogleHomeAndAssertGoogleLogoIsDisplayed]
###############################################################################################################################################



################################################################################################################################################
Starting Execution:	[13 out of 23] test cases in the current suite
Test Method:		[tests.gui.google.A_Search_FlatTest_NativeSeleniumWebDriver.navigateToGoogleHomeAndAssertPageTitle]
###############################################################################################################################################



################################################################################################################################################
Starting Execution:	[14 out of 23] test cases in the current suite
Test Method:		[tests.gui.google.A_Search_FlatTest_NativeSeleniumWebDriver.searchForQueryAndAssertFirstResultTextIsCorrect]
###############################################################################################################################################

[ReportManager] File Action [GetAbsolutePath] successfully performed. With the following test data [Relative Folder Path: "target/downloadedFiles/"]. @01-12-2021 06:40:01.0902 AM
[ReportManager] Attempting to run remotely on: [Linux-64], [GoogleChrome], [http://localhost:4444/wd/hub], Headless Execution. @01-12-2021 06:40:01.0903 AM
[ReportManager] Successfully Opened [GoogleChrome]. @01-12-2021 06:40:02.0370 AM
[ReportManager] Target URL: [https://www.google.com/ncr], and after redirection: [https://www.google.com] @01-12-2021 06:40:02.0371 AM
[ReportManager] Initial URL: [data:,] @01-12-2021 06:40:02.0473 AM
[ReportManager] Browser Action [NavigateToURL] successfully performed. With the following test data [https://www.google.com/ncr]. @01-12-2021 06:40:03.0437 A

################################################################################################################################################
Starting Execution:	[15 out of 23] test cases in the current suite
Test Method:		[tests.gui.google.B_Search_FlatTest_SHAFT.navigateToGoogleHomeAndAssertGoogleLogoIsDisplayed]
################################################################################################################################################
[ReportManager] File Action [DoesFileExist] successfully performed. With the following test data [File Path: "src/main/resources/dynamicObjectRepository/tests_gui_google_B_Search_FlatTest_SHAFT_navigateToGoogleHomeAndAssertGoogleLogoIsDisplayed_By_xpath_img_id_hplogo_or_alt_Google.png"]. @01-12-2021 06:40:03.0473 AM
[ReportManager] File Action [GetAbsolutePath] successfully performed. With the following test data [Relative Folder Path: "src/main/resources/dynamicObjectRepository/tests_gui_google_B_Search_FlatTest_SHAFT_navigateToGoogleHomeAndAssertGoogleLogoIsDisplayed_By_xpath_img_id_hplogo_or_alt_Google.png"]. @01-12-2021 06:40:03.0473 AM
[ReportManager] File Action [ReadFromImageFile] successfully performed. With the following test data [File Path: "/home/runner/work/using_SHAFT_ENGINE/using_SHAFT_ENGINE/src/main/resources/dynamicObjectRepository/tests_gui_google_B_Search_FlatTest_SHAFT_navigateToGoogleHomeAndAssertGoogleLogoIsDisplayed_By_xpath_img_id_hplogo_or_alt_Google.png"]. @01-12-2021 06:40:03.0474 AM
[ReportManager] File Action [DoesFileExist] successfully performed. With the following test data [File Path: "src/main/resources/dynamicObjectRepository/tests_gui_google_B_Search_FlatTest_SHAFT_navigateToGoogleHomeAndAssertGoogleLogoIsDisplayed_By_xpath_img_id_hplogo_or_alt_Google.png"]. @01-12-2021 06:40:03.0815 AM
[ReportManager] File Action [DoesFileExist] successfully performed. With the following test data [File Path: "src/main/resources/dynamicObjectRepository/tests_gui_google_B_Search_FlatTest_SHAFT_navigateToGoogleHomeAndAssertGoogleLogoIsDisplayed_By_xpath_img_id_hplogo_or_alt_Google.png"]. @01-12-2021 06:40:03.0815 AM
[ReportManager] Loaded Shared OpenCV @01-12-2021 06:40:04.0315 AM
[ReportManager] Successfully identified the element using AI; OpenCV. @01-12-2021 06:40:04.0341 AM
[ReportManager] Assertion Passed: Asserting that the Google logo is displayed @01-12-2021 06:40:04.0343 AM
[ReportManager] Successfully created attachment [Validation Test Data - Reference Screenshot] @01-12-2021 06:40:04.0344 AM
[ReportManager] Successfully created attachment [Validation Test Data - Actual Screenshot] @01-12-2021 06:40:04.0345 AM
[ReportManager] Assertion [ValidateElementMatches] PASSED. Expected [Element should match the reference screenshot] and Actual [TRUE]. Comparison Type [EXACT_OPENCV]. Validation Type [POSITIVE]. @01-12-2021 06:40:04.0345 A
[ReportManager] Browser Action [CloseCurrentWindow] successfully performed. @01-12-2021 06:40:04.0508 AM
[ReportManager] Successfully created attachment [Browser Action Test Data - CloseCurrentWindow - Actual Value] @01-12-2021 06:40:04.0509 A
[ReportManager] File Action [GetAbsolutePath] successfully performed. With the following test data [Relative Folder Path: "target/downloadedFiles/"]. @01-12-2021 06:40:04.0513 AM
[ReportManager] Attempting to run remotely on: [Linux-64], [GoogleChrome], [http://localhost:4444/wd/hub], Headless Execution. @01-12-2021 06:40:04.0514 AM
[ReportManager] Successfully Opened [GoogleChrome]. @01-12-2021 06:40:04.0763 AM
[ReportManager] Target URL: [https://www.google.com/ncr], and after redirection: [https://www.google.com] @01-12-2021 06:40:04.0763 AM
[ReportManager] Initial URL: [data:,] @01-12-2021 06:40:04.0844 AM
[ReportManager] Browser Action [NavigateToURL] successfully performed. With the following test data [https://www.google.com/ncr]. @01-12-2021 06:40:05.0836 A

################################################################################################################################################
Starting Execution:	[16 out of 23] test cases in the current suite
Test Method:		[tests.gui.google.B_Search_FlatTest_SHAFT.navigateToGoogleHomeAndAssertPageTitle]
################################################################################################################################################
[ReportManager] Browser Action [GetCurrentWindowTitle] successfully performed. With the following test data [Google]. @01-12-2021 06:40:05.0900 AM
[ReportManager] Assertion Passed: Asserting that the page title is Google @01-12-2021 06:40:06.0603 AM
[ReportManager] Successfully created attachment [Screenshot - 1638340806141_navigateToGoogleHomeAndAssertPageTitle_ValidateBrowserAttribute_passed] @01-12-2021 06:40:06.0610 AM
[ReportManager] Assertion [ValidateBrowserAttribute] PASSED. Expected [Value Should be 'Google' for the 'Title' attribute] and Actual [Google]. Comparison Type [EQUALS]. Validation Type [POSITIVE]. @01-12-2021 06:40:06.0610 A
[ReportManager] Browser Action [CloseCurrentWindow] successfully performed. @01-12-2021 06:40:06.0769 AM
[ReportManager] Successfully created attachment [Browser Action Test Data - CloseCurrentWindow - Actual Value] @01-12-2021 06:40:06.0772 A
[ReportManager] File Action [GetAbsolutePath] successfully performed. With the following test data [Relative Folder Path: "target/downloadedFiles/"]. @01-12-2021 06:40:06.0775 AM
[ReportManager] Attempting to run remotely on: [Linux-64], [GoogleChrome], [http://localhost:4444/wd/hub], Headless Execution. @01-12-2021 06:40:06.0775 AM
[ReportManager] Successfully Opened [GoogleChrome]. @01-12-2021 06:40:06.0996 AM
[ReportManager] Target URL: [https://www.google.com/ncr], and after redirection: [https://www.google.com] @01-12-2021 06:40:06.0996 AM
[ReportManager] Initial URL: [data:,] @01-12-2021 06:40:07.0082 AM
[ReportManager] Browser Action [NavigateToURL] successfully performed. With the following test data [https://www.google.com/ncr]. @01-12-2021 06:40:08.0002 A

################################################################################################################################################
Starting Execution:	[17 out of 23] test cases in the current suite
Test Method:		[tests.gui.google.B_Search_FlatTest_SHAFT.searchForQueryAndAssertFirstResultTextIsCorrect]
################################################################################################################################################
[ReportManager] Element Action [Type] successfully performed. With the following test data [SHAFT_Engine]. @01-12-2021 06:40:08.0564 AM
[ReportManager] Element Action [KeyPress] successfully performed. With the following test data [ENTER]. @01-12-2021 06:40:10.0009 AM
[ReportManager] Element Action [GetText] successfully performed. With the following test data [SHAFT: Unified Test Automation Engine - GitHub]. @01-12-2021 06:40:10.0138 AM
[ReportManager] Loaded Shared OpenCV @01-12-2021 06:40:10.0657 AM
[ReportManager] Assertion Failed: Asserting that the correct first result is displayed @01-12-2021 06:40:11.0002 AM
[ReportManager] Successfully created attachment [Screenshot - 1638340810656_searchForQueryAndAssertFirstResultTextIsCorrect_ValidateElementAttribute_failed] @01-12-2021 06:40:11.0011 AM
[ReportManager] Assertion [ValidateElementAttribute] FAILED. Expected [Value Should be 'MohabMohie' for the 'Text' attribute, element locator 'By.xpath: (//h1[contains(text(),'Search Result')]/following-sibling::div//a/h3)[1]'] and Actual [SHAFT: Unified Test Automation Engine - GitHub]. Comparison Type [CONTAINS]. Validation Type [POSITIVE]. @01-12-2021 06:40:11.0012 A
[ReportManager] Browser Action [CloseCurrentWindow] successfully performed. @01-12-2021 06:40:11.0270 AM
[ReportManager] Successfully created attachment [Browser Action Test Data - CloseCurrentWindow - Actual Value] @01-12-2021 06:40:11.0274 A
[ReportManager] An Exception Occured with this Message: src/test/resources/testDataFiles/Google/SimpleSearch.xlsx (No such file or directory). @01-12-2021 06:40:11.0279 AM
[ReportManager] Successfully created attachment [Exception Stack Trace - java.io.FileNotFoundException] @01-12-2021 06:40:11.0279 AM
[ReportManager] Couldn't find the desired file. [src/test/resources/testDataFiles/Google/SimpleSearch.xlsx]. @01-12-2021 06:40:11.0279 A


################################################################################################################################################
Starting Execution:	[18 out of 23] test cases in the current suite
Test Method:		[tests.gui.google.F_Search_PageObjectModel_Fluent.navigateToGoogleHomeAndAssertGoogleLogoIsDisplayed]
###############################################################################################################################################



################################################################################################################################################
Starting Execution:	[19 out of 23] test cases in the current suite
Test Method:		[tests.gui.google.F_Search_PageObjectModel_Fluent.navigateToGoogleHomeAndAssertPageTitle]
###############################################################################################################################################



################################################################################################################################################
Starting Execution:	[20 out of 23] test cases in the current suite
Test Method:		[tests.gui.google.F_Search_PageObjectModel_Fluent.searchForQueryAndAssertFirstResultTextIsCorrect]
###############################################################################################################################################

[ReportManager] An Exception Occured with this Message: src/test/resources/testDataFiles/Google/SimpleSearch.xlsx (No such file or directory). @01-12-2021 06:40:11.0294 AM
[ReportManager] Successfully created attachment [Exception Stack Trace - java.io.FileNotFoundException] @01-12-2021 06:40:11.0294 AM
[ReportManager] Couldn't find the desired file. [src/test/resources/testDataFiles/Google/SimpleSearch.xlsx]. @01-12-2021 06:40:11.0294 A


################################################################################################################################################
Starting Execution:	[21 out of 23] test cases in the current suite
Test Method:		[tests.gui.google.G_Search_PageObjectModel_ThreadSafe.navigateToGoogleHomeAndAssertGoogleLogoIsDisplayed]
###############################################################################################################################################



################################################################################################################################################
Starting Execution:	[22 out of 23] test cases in the current suite
Test Method:		[tests.gui.google.G_Search_PageObjectModel_ThreadSafe.navigateToGoogleHomeAndAssertPageTitle]
###############################################################################################################################################



################################################################################################################################################
Starting Execution:	[23 out of 23] test cases in the current suite
Test Method:		[tests.gui.google.G_Search_PageObjectModel_ThreadSafe.searchForQueryAndAssertFirstResultTextIsCorrect]
###############################################################################################################################################

[ReportManager] Successfully created attachment [SHAFT Engine Logs - Execution log] @01-12-2021 06:40:11.0325 AM

################################################################################################################################################
This test run was powered by SHAFT Engine Version: [SHAFT Engine v5.4.20211117-BETA]
SHAFT Engine is licensed under the MIT License: [https://github.com/MohabMohie/SHAFT_ENGINE/blob/master/LICENSE].
################################################################################################################################################