################################################################################################################################################
Detected SHAFT Engine Version: [SHAFT Engine v5.3.20210902]
################################################################################################################################################

################################################################################################################################################
Starting Execution:	[1 out of 23] test cases in the current suite
Test Method:		[tests.cli.demo.cliTest.sampleTestCase]
################################################################################################################################################
[ReportManager] Attempting to perform the following command locally. Command: [ls] @01-11-2021 01:32:31.0532 AM
[ReportManager] Terminal Action [PerformTerminalCommands] successfully performed. With the following test data [Host Name: "localHost" | Command: "ls" | Exit Status: "0"]. @01-11-2021 01:32:31.0556 AM
[ReportManager] Successfully created attachment [Terminal Action Actual Result - Command Log] @01-11-2021 01:32:31.0567 AM
[ReportManager] Assertion Passed: Demoing local terminal actions @01-11-2021 01:32:31.0580 AM
[ReportManager] Assertion [ValidateEquals] PASSED. Expected [pom.xml] and Actual [LICENSE
README.md
allure-results
docker-compose_native.yml
docker-compose_zalenium.yml
extent-reports
pom.xml
readMeImgs
src
target]. Comparison Type [CONTAINS]. Validation Type [POSITIVE]. @01-11-2021 01:32:31.0580 A

################################################################################################################################################
Starting Execution:	[2 out of 23] test cases in the current suite
Test Method:		[tests.api.users.UserData.validateUserEmail]
################################################################################################################################################
[ReportManager] Response status code: [200], status line: [HTTP/1.1 200 OK] @01-11-2021 01:32:34.0535 AM
[ReportManager] Assertion Passed: Evaluating the actual response status code against the expected one... @01-11-2021 01:32:34.0536 AM
[ReportManager] Assertion [ValidateEquals] PASSED. Expected [200] and Actual [200]. Comparison Type [EQUALS]. Validation Type [POSITIVE]. @01-11-2021 01:32:34.0536 AM
[ReportManager] API Action [PerformRequest] successfully performed. With the following test data [Request Type: "GET" | Target Status Code: "200" | Service URL: "https://jsonplaceholder.typicode.com/users" | Content Type: "*/*" | Response Time: "924ms"]. @01-11-2021 01:32:35.0635 AM
[ReportManager] Successfully created attachment [API Request - Specifications] @01-11-2021 01:32:35.0636 AM
[ReportManager] Successfully created attachment [API Response - JSON Body] @01-11-2021 01:32:35.0906 AM
[ReportManager] Assertion [ValidateEquals] PASSED. Expected and Actual values are attached. Comparison Type [CONTAINS]. Validation Type [POSITIVE]. @01-11-2021 01:32:35.0907 AM
[ReportManager] Successfully created attachment [Validation Test Data - Expected Value] @01-11-2021 01:32:35.0907 AM
[ReportManager] Successfully created attachment [Validation Test Data - Actual Value] @01-11-2021 01:32:35.0908 AM
[ReportManager] API Action [GetResponseJSONValueAsList] successfully performed. With the following test data [$]. @01-11-2021 01:32:35.0931 AM
[ReportManager] API Action [GetResponseJSONValue] successfully performed. With the following test data [name]. @01-11-2021 01:32:35.0953 AM
[ReportManager] API Action [GetResponseJSONValue] successfully performed. With the following test data [email]. @01-11-2021 01:32:35.0965 AM
[ReportManager] Assertion [ValidateEquals] PASSED. Expected [Sincere@april.biz] and Actual [Sincere@april.biz]. Comparison Type [EQUALS]. Validation Type [POSITIVE]. @01-11-2021 01:32:35.0965 AM
[ReportManager] API Action [GetResponseJSONValue] successfully performed. With the following test data [name]. @01-11-2021 01:32:35.0977 AM
[ReportManager] API Action [GetResponseJSONValue] successfully performed. With the following test data [name]. @01-11-2021 01:32:35.0988 AM
[ReportManager] API Action [GetResponseJSONValue] successfully performed. With the following test data [name]. @01-11-2021 01:32:36.0000 AM
[ReportManager] API Action [GetResponseJSONValue] successfully performed. With the following test data [name]. @01-11-2021 01:32:36.0010 AM
[ReportManager] API Action [GetResponseJSONValue] successfully performed. With the following test data [name]. @01-11-2021 01:32:36.0021 AM
[ReportManager] API Action [GetResponseJSONValue] successfully performed. With the following test data [name]. @01-11-2021 01:32:36.0032 AM
[ReportManager] API Action [GetResponseJSONValue] successfully performed. With the following test data [name]. @01-11-2021 01:32:36.0043 AM
[ReportManager] API Action [GetResponseJSONValue] successfully performed. With the following test data [name]. @01-11-2021 01:32:36.0053 AM
[ReportManager] API Action [GetResponseJSONValue] successfully performed. With the following test data [name]. @01-11-2021 01:32:36.0064 A
[ReportManager] File Action [GetAbsolutePath] successfully performed. With the following test data [Relative Folder Path: "target/downloadedFiles/"]. @01-11-2021 01:32:36.0090 AM
[ReportManager] Attempting to run remotely on: [Linux-64], [GoogleChrome], [http://localhost:4444/wd/hub], Headless Execution. @01-11-2021 01:32:36.0119 AM
[ReportManager] Successfully Opened [GoogleChrome]. @01-11-2021 01:32:37.0623 AM
[ReportManager] Target URL: [https://www.google.com/ncr], and after redirection: [https://www.google.com] @01-11-2021 01:32:37.0682 AM
[ReportManager] Initial URL: [data:,] @01-11-2021 01:32:37.0770 AM
[ReportManager] Browser Action [NavigateToURL] successfully performed. With the following test data [https://www.google.com/ncr]. @01-11-2021 01:32:39.0073 A

################################################################################################################################################
Starting Execution:	[3 out of 23] test cases in the current suite
Test Method:		[tests.gui.google.C_Search_PageObjectModel_Traditional.navigateToGoogleHomeAndAssertGoogleLogoIsDisplayed]
################################################################################################################################################
[ReportManager] Element Action [IsElementDisplayed] successfully performed. @01-11-2021 01:32:39.0251 AM
[ReportManager] Assertion Passed: Asserting that the Google logo is displayed @01-11-2021 01:32:39.0252 AM
[ReportManager] Assertion [ValidateTrue] PASSED. Expected [TRUE] and Actual [TRUE]. Validation Type [POSITIVE]. @01-11-2021 01:32:39.0252 A
[ReportManager] Browser Action [CloseCurrentWindow] successfully performed. @01-11-2021 01:32:39.0383 AM
[ReportManager] Successfully created attachment [Browser Action Test Data - CloseCurrentWindow - Actual Value] @01-11-2021 01:32:39.0388 A
[ReportManager] File Action [GetAbsolutePath] successfully performed. With the following test data [Relative Folder Path: "target/downloadedFiles/"]. @01-11-2021 01:32:39.0414 AM
[ReportManager] Attempting to run remotely on: [Linux-64], [GoogleChrome], [http://localhost:4444/wd/hub], Headless Execution. @01-11-2021 01:32:39.0415 AM
[ReportManager] Successfully Opened [GoogleChrome]. @01-11-2021 01:32:40.0108 AM
[ReportManager] Target URL: [https://www.google.com/ncr], and after redirection: [https://www.google.com] @01-11-2021 01:32:40.0147 AM
[ReportManager] Initial URL: [data:,] @01-11-2021 01:32:40.0249 AM
[ReportManager] Browser Action [NavigateToURL] successfully performed. With the following test data [https://www.google.com/ncr]. @01-11-2021 01:32:41.0288 A

################################################################################################################################################
Starting Execution:	[4 out of 23] test cases in the current suite
Test Method:		[tests.gui.google.C_Search_PageObjectModel_Traditional.navigateToGoogleHomeAndAssertPageTitle]
################################################################################################################################################
[ReportManager] Browser Action [GetCurrentWindowTitle] successfully performed. With the following test data [Google]. @01-11-2021 01:32:41.0345 AM
[ReportManager] Assertion Passed: Asserting that the page title is Google @01-11-2021 01:32:41.0346 AM
[ReportManager] Assertion [ValidateEquals] PASSED. Expected [Google] and Actual [Google]. Comparison Type [EQUALS]. Validation Type [POSITIVE]. @01-11-2021 01:32:41.0346 A
[ReportManager] Browser Action [CloseCurrentWindow] successfully performed. @01-11-2021 01:32:41.0568 AM
[ReportManager] Successfully created attachment [Browser Action Test Data - CloseCurrentWindow - Actual Value] @01-11-2021 01:32:41.0571 A
[ReportManager] File Action [GetAbsolutePath] successfully performed. With the following test data [Relative Folder Path: "target/downloadedFiles/"]. @01-11-2021 01:32:41.0575 AM
[ReportManager] Attempting to run remotely on: [Linux-64], [GoogleChrome], [http://localhost:4444/wd/hub], Headless Execution. @01-11-2021 01:32:41.0575 AM
[ReportManager] Successfully Opened [GoogleChrome]. @01-11-2021 01:32:42.0304 AM
[ReportManager] Target URL: [https://www.google.com/ncr], and after redirection: [https://www.google.com] @01-11-2021 01:32:42.0345 AM
[ReportManager] Initial URL: [data:,] @01-11-2021 01:32:42.0411 AM
[ReportManager] Browser Action [NavigateToURL] successfully performed. With the following test data [https://www.google.com/ncr]. @01-11-2021 01:32:43.0378 A

################################################################################################################################################
Starting Execution:	[5 out of 23] test cases in the current suite
Test Method:		[tests.gui.google.C_Search_PageObjectModel_Traditional.searchForQueryAndAssertFirstResultTextIsCorrect]
################################################################################################################################################
[ReportManager] Element Action [Type] successfully performed. With the following test data [SHAFT_Engine]. @01-11-2021 01:32:44.0256 AM
[ReportManager] Element Action [KeyPress] successfully performed. With the following test data [ENTER]. @01-11-2021 01:32:45.0696 AM
[ReportManager] Element Action [GetText] successfully performed. With the following test data [SHAFT_ENGINE is a Test Automation Engine that ... - GitHub]. @01-11-2021 01:32:45.0836 AM
[ReportManager] Assertion Failed: Asserting that the correct first result is displayed @01-11-2021 01:32:45.0840 AM
[ReportManager] Assertion [ValidateEquals] FAILED. Expected [MohabMohie] and Actual [SHAFT_ENGINE is a Test Automation Engine that ... - GitHub]. Comparison Type [CONTAINS]. Validation Type [POSITIVE]. @01-11-2021 01:32:45.0840 A
[ReportManager] Browser Action [CloseCurrentWindow] successfully performed. @01-11-2021 01:32:46.0235 AM
[ReportManager] Successfully created attachment [Browser Action Test Data - CloseCurrentWindow - Actual Value] @01-11-2021 01:32:46.0265 A
[ReportManager] Successfully loaded the following test data file [src/test/resources/TestDataFiles/Google/SimpleSearch.xlsx]. @01-11-2021 01:32:46.0991 AM
[ReportManager] Successfully created attachment [Test Data - Excel] @01-11-2021 01:32:46.0991 A
[ReportManager] File Action [GetAbsolutePath] successfully performed. With the following test data [Relative Folder Path: "target/downloadedFiles/"]. @01-11-2021 01:32:46.0993 AM
[ReportManager] Attempting to run remotely on: [Linux-64], [GoogleChrome], [http://localhost:4444/wd/hub], Headless Execution. @01-11-2021 01:32:46.0993 AM
[ReportManager] Successfully Opened [GoogleChrome]. @01-11-2021 01:32:47.0777 AM
[ReportManager] Target URL: [https://www.google.com/ncr], and after redirection: [https://www.google.com] @01-11-2021 01:32:47.0804 AM
[ReportManager] Initial URL: [data:,] @01-11-2021 01:32:47.0877 AM
[ReportManager] Browser Action [NavigateToURL] successfully performed. With the following test data [https://www.google.com/ncr]. @01-11-2021 01:32:48.0867 A

################################################################################################################################################
Starting Execution:	[6 out of 23] test cases in the current suite
Test Method:		[tests.gui.google.D_Search_PageObjectModel_Traditional_DataDriven.navigateToGoogleHomeAndAssertGoogleLogoIsDisplayed]
################################################################################################################################################
[ReportManager] Element Action [IsElementDisplayed] successfully performed. @01-11-2021 01:32:48.0995 AM
[ReportManager] Assertion Passed: Asserting that the Google logo is displayed @01-11-2021 01:32:48.0995 AM
[ReportManager] Assertion [ValidateTrue] PASSED. Expected [TRUE] and Actual [TRUE]. Validation Type [POSITIVE]. @01-11-2021 01:32:48.0995 A
[ReportManager] Browser Action [CloseCurrentWindow] successfully performed. @01-11-2021 01:32:49.0155 AM
[ReportManager] Successfully created attachment [Browser Action Test Data - CloseCurrentWindow - Actual Value] @01-11-2021 01:32:49.0176 A
[ReportManager] File Action [GetAbsolutePath] successfully performed. With the following test data [Relative Folder Path: "target/downloadedFiles/"]. @01-11-2021 01:32:49.0179 AM
[ReportManager] Attempting to run remotely on: [Linux-64], [GoogleChrome], [http://localhost:4444/wd/hub], Headless Execution. @01-11-2021 01:32:49.0180 AM
[ReportManager] Successfully Opened [GoogleChrome]. @01-11-2021 01:32:49.0498 AM
[ReportManager] Target URL: [https://www.google.com/ncr], and after redirection: [https://www.google.com] @01-11-2021 01:32:49.0518 AM
[ReportManager] Initial URL: [data:,] @01-11-2021 01:32:49.0585 AM
[ReportManager] Browser Action [NavigateToURL] successfully performed. With the following test data [https://www.google.com/ncr]. @01-11-2021 01:32:50.0610 A

################################################################################################################################################
Starting Execution:	[7 out of 23] test cases in the current suite
Test Method:		[tests.gui.google.D_Search_PageObjectModel_Traditional_DataDriven.navigateToGoogleHomeAndAssertPageTitle]
################################################################################################################################################
[ReportManager] Browser Action [GetCurrentWindowTitle] successfully performed. With the following test data [Google]. @01-11-2021 01:32:50.0671 AM
[ReportManager] Assertion Passed: Asserting that the page title is Google @01-11-2021 01:32:50.0671 AM
[ReportManager] Assertion [ValidateEquals] PASSED. Expected [Google] and Actual [Google]. Comparison Type [EQUALS]. Validation Type [POSITIVE]. @01-11-2021 01:32:50.0671 A
[ReportManager] Browser Action [CloseCurrentWindow] successfully performed. @01-11-2021 01:32:50.0793 AM
[ReportManager] Successfully created attachment [Browser Action Test Data - CloseCurrentWindow - Actual Value] @01-11-2021 01:32:50.0794 A
[ReportManager] File Action [GetAbsolutePath] successfully performed. With the following test data [Relative Folder Path: "target/downloadedFiles/"]. @01-11-2021 01:32:50.0796 AM
[ReportManager] Attempting to run remotely on: [Linux-64], [GoogleChrome], [http://localhost:4444/wd/hub], Headless Execution. @01-11-2021 01:32:50.0797 AM
[ReportManager] Successfully Opened [GoogleChrome]. @01-11-2021 01:32:51.0092 AM
[ReportManager] Target URL: [https://www.google.com/ncr], and after redirection: [https://www.google.com] @01-11-2021 01:32:51.0116 AM
[ReportManager] Initial URL: [data:,] @01-11-2021 01:32:51.0187 AM
[ReportManager] Browser Action [NavigateToURL] successfully performed. With the following test data [https://www.google.com/ncr]. @01-11-2021 01:32:52.0126 A

################################################################################################################################################
Starting Execution:	[8 out of 23] test cases in the current suite
Test Method:		[tests.gui.google.D_Search_PageObjectModel_Traditional_DataDriven.searchForQueryAndAssertFirstResultTextIsCorrect]
################################################################################################################################################
[ReportManager] Element Action [Type] successfully performed. With the following test data [SHAFT_Engine]. @01-11-2021 01:32:53.0014 AM
[ReportManager] Element Action [KeyPress] successfully performed. With the following test data [ENTER]. @01-11-2021 01:32:54.0473 AM
[ReportManager] Element Action [GetText] successfully performed. With the following test data [SHAFT_ENGINE is a Test Automation Engine that ... - GitHub]. @01-11-2021 01:32:54.0600 AM
[ReportManager] Assertion Failed: Asserting that the correct first result is displayed @01-11-2021 01:32:54.0601 AM
[ReportManager] Assertion [ValidateEquals] FAILED. Expected [MohabMohie] and Actual [SHAFT_ENGINE is a Test Automation Engine that ... - GitHub]. Comparison Type [CONTAINS]. Validation Type [POSITIVE]. @01-11-2021 01:32:54.0601 A
[ReportManager] Browser Action [CloseCurrentWindow] successfully performed. @01-11-2021 01:32:54.0809 AM
[ReportManager] Successfully created attachment [Browser Action Test Data - CloseCurrentWindow - Actual Value] @01-11-2021 01:32:54.0813 A
[ReportManager] Successfully loaded the following test data file [src/test/resources/TestDataFiles/Google/SimpleSearch.xlsx]. @01-11-2021 01:32:54.0848 AM
[ReportManager] Successfully created attachment [Test Data - Excel] @01-11-2021 01:32:54.0849 A
[ReportManager] File Action [GetAbsolutePath] successfully performed. With the following test data [Relative Folder Path: "target/downloadedFiles/"]. @01-11-2021 01:32:54.0850 AM
[ReportManager] Attempting to run remotely on: [Linux-64], [GoogleChrome], [http://localhost:4444/wd/hub], Headless Execution. @01-11-2021 01:32:54.0850 AM
[ReportManager] Successfully Opened [GoogleChrome]. @01-11-2021 01:32:55.0126 AM
[ReportManager] Target URL: [https://www.google.com/ncr], and after redirection: [https://www.google.com] @01-11-2021 01:32:55.0151 AM
[ReportManager] Initial URL: [data:,] @01-11-2021 01:32:55.0224 AM
[ReportManager] Browser Action [NavigateToURL] successfully performed. With the following test data [https://www.google.com/ncr]. @01-11-2021 01:32:56.0166 A

################################################################################################################################################
Starting Execution:	[9 out of 23] test cases in the current suite
Test Method:		[tests.gui.google.E_Search_PageObjectModel_Traditional_SHAFTAssertions.navigateToGoogleHomeAndAssertGoogleLogoIsDisplayed]
################################################################################################################################################
[ReportManager] File Action [DoesFileExist] successfully performed. With the following test data [File Path: "src/test/resources/DynamicObjectRepository/tests_gui_google_E_Search_PageObjectModel_Traditional_SHAFTAssertions_navigateToGoogleHomeAndAssertGoogleLogoIsDisplayed_By_xpath_img_id_hplogo_or_alt_Google.png"]. @01-11-2021 01:32:56.0188 AM
[ReportManager] File Action [GetAbsolutePath] successfully performed. With the following test data [Relative Folder Path: "src/test/resources/DynamicObjectRepository/tests_gui_google_E_Search_PageObjectModel_Traditional_SHAFTAssertions_navigateToGoogleHomeAndAssertGoogleLogoIsDisplayed_By_xpath_img_id_hplogo_or_alt_Google.png"]. @01-11-2021 01:32:56.0189 AM
[ReportManager] File Action [ReadFromImageFile] successfully performed. With the following test data [File Path: "/home/runner/work/using_SHAFT_ENGINE/using_SHAFT_ENGINE/src/test/resources/DynamicObjectRepository/tests_gui_google_E_Search_PageObjectModel_Traditional_SHAFTAssertions_navigateToGoogleHomeAndAssertGoogleLogoIsDisplayed_By_xpath_img_id_hplogo_or_alt_Google.png"]. @01-11-2021 01:32:56.0189 AM
[ReportManager] File Action [DoesFileExist] successfully performed. With the following test data [File Path: "src/test/resources/DynamicObjectRepository/tests_gui_google_E_Search_PageObjectModel_Traditional_SHAFTAssertions_navigateToGoogleHomeAndAssertGoogleLogoIsDisplayed_By_xpath_img_id_hplogo_or_alt_Google.png"]. @01-11-2021 01:32:56.0502 AM
[ReportManager] File Action [DoesFileExist] successfully performed. With the following test data [File Path: "src/test/resources/DynamicObjectRepository/tests_gui_google_E_Search_PageObjectModel_Traditional_SHAFTAssertions_navigateToGoogleHomeAndAssertGoogleLogoIsDisplayed_By_xpath_img_id_hplogo_or_alt_Google.png"]. @01-11-2021 01:32:56.0502 AM
[ReportManager] Loaded Shared OpenCV @01-11-2021 01:32:56.0940 AM
[ReportManager] Successfully identified the element using AI; OpenCV. @01-11-2021 01:32:56.0967 AM
[ReportManager] Assertion Passed: Asserting that the Google logo is displayed @01-11-2021 01:32:56.0968 AM
[ReportManager] Successfully created attachment [Validation Test Data - Reference Screenshot] @01-11-2021 01:32:56.0969 AM
[ReportManager] Successfully created attachment [Validation Test Data - Actual Screenshot] @01-11-2021 01:32:56.0969 AM
[ReportManager] Assertion [ValidateElementMatches] PASSED. Expected [Element should match the reference screenshot] and Actual [TRUE]. Comparison Type [EXACT_OPENCV]. Validation Type [POSITIVE]. @01-11-2021 01:32:56.0969 A
[ReportManager] Browser Action [CloseCurrentWindow] successfully performed. @01-11-2021 01:32:57.0158 AM
[ReportManager] Successfully created attachment [Browser Action Test Data - CloseCurrentWindow - Actual Value] @01-11-2021 01:32:57.0160 A
[ReportManager] File Action [GetAbsolutePath] successfully performed. With the following test data [Relative Folder Path: "target/downloadedFiles/"]. @01-11-2021 01:32:57.0164 AM
[ReportManager] Attempting to run remotely on: [Linux-64], [GoogleChrome], [http://localhost:4444/wd/hub], Headless Execution. @01-11-2021 01:32:57.0165 AM
[ReportManager] Successfully Opened [GoogleChrome]. @01-11-2021 01:32:57.0438 AM
[ReportManager] Target URL: [https://www.google.com/ncr], and after redirection: [https://www.google.com] @01-11-2021 01:32:57.0458 AM
[ReportManager] Initial URL: [data:,] @01-11-2021 01:32:57.0540 AM
[ReportManager] Browser Action [NavigateToURL] successfully performed. With the following test data [https://www.google.com/ncr]. @01-11-2021 01:32:58.0455 A

################################################################################################################################################
Starting Execution:	[10 out of 23] test cases in the current suite
Test Method:		[tests.gui.google.E_Search_PageObjectModel_Traditional_SHAFTAssertions.navigateToGoogleHomeAndAssertPageTitle]
################################################################################################################################################
[ReportManager] Browser Action [GetCurrentWindowTitle] successfully performed. With the following test data [Google]. @01-11-2021 01:32:58.0509 AM
[ReportManager] Assertion Passed: Asserting that the page title is Google @01-11-2021 01:32:58.0855 AM
[ReportManager] Successfully created attachment [Screenshot - 1635730378614_navigateToGoogleHomeAndAssertPageTitle_ValidateBrowserAttribute_passed] @01-11-2021 01:32:58.0863 AM
[ReportManager] Assertion [ValidateBrowserAttribute] PASSED. Expected [Value Should be 'Google' for the 'Title' attribute] and Actual [Google]. Comparison Type [EQUALS]. Validation Type [POSITIVE]. @01-11-2021 01:32:58.0863 A
[ReportManager] Browser Action [CloseCurrentWindow] successfully performed. @01-11-2021 01:32:59.0004 AM
[ReportManager] Successfully created attachment [Browser Action Test Data - CloseCurrentWindow - Actual Value] @01-11-2021 01:32:59.0005 A
[ReportManager] File Action [GetAbsolutePath] successfully performed. With the following test data [Relative Folder Path: "target/downloadedFiles/"]. @01-11-2021 01:32:59.0020 AM
[ReportManager] Attempting to run remotely on: [Linux-64], [GoogleChrome], [http://localhost:4444/wd/hub], Headless Execution. @01-11-2021 01:32:59.0020 AM
[ReportManager] Successfully Opened [GoogleChrome]. @01-11-2021 01:32:59.0323 AM
[ReportManager] Target URL: [https://www.google.com/ncr], and after redirection: [https://www.google.com] @01-11-2021 01:32:59.0340 AM
[ReportManager] Initial URL: [data:,] @01-11-2021 01:32:59.0407 AM
[ReportManager] Browser Action [NavigateToURL] successfully performed. With the following test data [https://www.google.com/ncr]. @01-11-2021 01:33:00.0352 A

################################################################################################################################################
Starting Execution:	[11 out of 23] test cases in the current suite
Test Method:		[tests.gui.google.E_Search_PageObjectModel_Traditional_SHAFTAssertions.searchForQueryAndAssertFirstResultTextIsCorrect]
################################################################################################################################################
[ReportManager] Element Action [Type] successfully performed. With the following test data [SHAFT_Engine]. @01-11-2021 01:33:01.0284 AM
[ReportManager] Element Action [KeyPress] successfully performed. With the following test data [ENTER]. @01-11-2021 01:33:02.0700 AM
[ReportManager] Element Action [GetText] successfully performed. With the following test data [SHAFT_ENGINE is a Test Automation Engine that ... - GitHub]. @01-11-2021 01:33:02.0822 AM
[ReportManager] Loaded Shared OpenCV @01-11-2021 01:33:03.0031 AM
[ReportManager] Assertion Failed: Asserting that the correct first result is displayed @01-11-2021 01:33:03.0133 AM
[ReportManager] Successfully created attachment [Screenshot - 1635730383031_searchForQueryAndAssertFirstResultTextIsCorrect_ValidateElementAttribute_failed] @01-11-2021 01:33:03.0140 AM
[ReportManager] Assertion [ValidateElementAttribute] FAILED. Expected [Value Should be 'MohabMohie' for the 'Text' attribute, element locator 'By.xpath: (//h1[contains(text(),'Search Result')]/following-sibling::div//a/h3)[1]'] and Actual [SHAFT_ENGINE is a Test Automation Engine that ... - GitHub]. Comparison Type [CONTAINS]. Validation Type [POSITIVE]. @01-11-2021 01:33:03.0140 A
[ReportManager] Browser Action [CloseCurrentWindow] successfully performed. @01-11-2021 01:33:03.0354 AM
[ReportManager] Successfully created attachment [Browser Action Test Data - CloseCurrentWindow - Actual Value] @01-11-2021 01:33:03.0357 A
[ReportManager] Successfully loaded the following test data file [src/test/resources/TestDataFiles/Google/SimpleSearch.xlsx]. @01-11-2021 01:33:03.0400 AM
[ReportManager] Successfully created attachment [Test Data - Excel] @01-11-2021 01:33:03.0400 A
[ReportManager] File Action [GetAbsolutePath] successfully performed. With the following test data [Relative Folder Path: "target/downloadedFiles/"]. @01-11-2021 01:33:03.0402 AM
[ReportManager] Attempting to run remotely on: [Linux-64], [GoogleChrome], [http://localhost:4444/wd/hub], Headless Execution. @01-11-2021 01:33:03.0402 AM
[ReportManager] Successfully Opened [GoogleChrome]. @01-11-2021 01:33:03.0690 AM
[ReportManager] Target URL: [https://www.google.com/ncr], and after redirection: [https://www.google.com] @01-11-2021 01:33:03.0706 AM
[ReportManager] Initial URL: [data:,] @01-11-2021 01:33:03.0770 AM
[ReportManager] Browser Action [NavigateToURL] successfully performed. With the following test data [https://www.google.com/ncr]. @01-11-2021 01:33:04.0806 A

################################################################################################################################################
Starting Execution:	[12 out of 23] test cases in the current suite
Test Method:		[tests.gui.google.G_Search_PageObjectModel_ThreadSafe.navigateToGoogleHomeAndAssertGoogleLogoIsDisplayed]
################################################################################################################################################
[ReportManager] File Action [DoesFileExist] successfully performed. With the following test data [File Path: "src/test/resources/DynamicObjectRepository/tests_gui_google_G_Search_PageObjectModel_ThreadSafe_navigateToGoogleHomeAndAssertGoogleLogoIsDisplayed_By_xpath_img_id_hplogo_or_alt_Google.png"]. @01-11-2021 01:33:04.0817 AM
[ReportManager] File Action [GetAbsolutePath] successfully performed. With the following test data [Relative Folder Path: "src/test/resources/DynamicObjectRepository/tests_gui_google_G_Search_PageObjectModel_ThreadSafe_navigateToGoogleHomeAndAssertGoogleLogoIsDisplayed_By_xpath_img_id_hplogo_or_alt_Google.png"]. @01-11-2021 01:33:04.0817 AM
[ReportManager] File Action [ReadFromImageFile] successfully performed. With the following test data [File Path: "/home/runner/work/using_SHAFT_ENGINE/using_SHAFT_ENGINE/src/test/resources/DynamicObjectRepository/tests_gui_google_G_Search_PageObjectModel_ThreadSafe_navigateToGoogleHomeAndAssertGoogleLogoIsDisplayed_By_xpath_img_id_hplogo_or_alt_Google.png"]. @01-11-2021 01:33:04.0817 AM
[ReportManager] File Action [DoesFileExist] successfully performed. With the following test data [File Path: "src/test/resources/DynamicObjectRepository/tests_gui_google_G_Search_PageObjectModel_ThreadSafe_navigateToGoogleHomeAndAssertGoogleLogoIsDisplayed_By_xpath_img_id_hplogo_or_alt_Google.png"]. @01-11-2021 01:33:05.0083 AM
[ReportManager] File Action [DoesFileExist] successfully performed. With the following test data [File Path: "src/test/resources/DynamicObjectRepository/tests_gui_google_G_Search_PageObjectModel_ThreadSafe_navigateToGoogleHomeAndAssertGoogleLogoIsDisplayed_By_xpath_img_id_hplogo_or_alt_Google.png"]. @01-11-2021 01:33:05.0084 AM
[ReportManager] Loaded Shared OpenCV @01-11-2021 01:33:05.0084 AM
[ReportManager] Successfully identified the element using AI; OpenCV. @01-11-2021 01:33:05.0093 AM
[ReportManager] Assertion Passed: Asserting that the Google logo is displayed @01-11-2021 01:33:05.0094 AM
[ReportManager] Successfully created attachment [Validation Test Data - Reference Screenshot] @01-11-2021 01:33:05.0094 AM
[ReportManager] Successfully created attachment [Validation Test Data - Actual Screenshot] @01-11-2021 01:33:05.0094 AM
[ReportManager] Assertion [ValidateElementMatches] PASSED. Expected [Element should match the reference screenshot] and Actual [TRUE]. Comparison Type [EXACT_OPENCV]. Validation Type [POSITIVE]. @01-11-2021 01:33:05.0095 A
[ReportManager] Browser Action [CloseCurrentWindow] successfully performed. @01-11-2021 01:33:05.0263 AM
[ReportManager] Successfully created attachment [Browser Action Test Data - CloseCurrentWindow - Actual Value] @01-11-2021 01:33:05.0264 A
[ReportManager] File Action [GetAbsolutePath] successfully performed. With the following test data [Relative Folder Path: "target/downloadedFiles/"]. @01-11-2021 01:33:05.0276 AM
[ReportManager] Attempting to run remotely on: [Linux-64], [GoogleChrome], [http://localhost:4444/wd/hub], Headless Execution. @01-11-2021 01:33:05.0276 AM
[ReportManager] Successfully Opened [GoogleChrome]. @01-11-2021 01:33:05.0594 AM
[ReportManager] Target URL: [https://www.google.com/ncr], and after redirection: [https://www.google.com] @01-11-2021 01:33:05.0612 AM
[ReportManager] Initial URL: [data:,] @01-11-2021 01:33:05.0671 AM
[ReportManager] Browser Action [NavigateToURL] successfully performed. With the following test data [https://www.google.com/ncr]. @01-11-2021 01:33:06.0646 A

################################################################################################################################################
Starting Execution:	[13 out of 23] test cases in the current suite
Test Method:		[tests.gui.google.G_Search_PageObjectModel_ThreadSafe.navigateToGoogleHomeAndAssertPageTitle]
################################################################################################################################################
[ReportManager] Browser Action [GetCurrentWindowTitle] successfully performed. With the following test data [Google]. @01-11-2021 01:33:06.0705 AM
[ReportManager] Assertion Passed: Asserting that the page title is Google @01-11-2021 01:33:06.0893 AM
[ReportManager] Successfully created attachment [Screenshot - 1635730386827_navigateToGoogleHomeAndAssertPageTitle_ValidateBrowserAttribute_passed] @01-11-2021 01:33:06.0894 AM
[ReportManager] Assertion [ValidateBrowserAttribute] PASSED. Expected [Value Should be 'Google' for the 'Title' attribute] and Actual [Google]. Comparison Type [EQUALS]. Validation Type [POSITIVE]. @01-11-2021 01:33:06.0894 A
[ReportManager] Browser Action [CloseCurrentWindow] successfully performed. @01-11-2021 01:33:07.0054 AM
[ReportManager] Successfully created attachment [Browser Action Test Data - CloseCurrentWindow - Actual Value] @01-11-2021 01:33:07.0055 A
[ReportManager] File Action [GetAbsolutePath] successfully performed. With the following test data [Relative Folder Path: "target/downloadedFiles/"]. @01-11-2021 01:33:07.0058 AM
[ReportManager] Attempting to run remotely on: [Linux-64], [GoogleChrome], [http://localhost:4444/wd/hub], Headless Execution. @01-11-2021 01:33:07.0059 AM
[ReportManager] Successfully Opened [GoogleChrome]. @01-11-2021 01:33:07.0341 AM
[ReportManager] Target URL: [https://www.google.com/ncr], and after redirection: [https://www.google.com] @01-11-2021 01:33:07.0359 AM
[ReportManager] Initial URL: [data:,] @01-11-2021 01:33:07.0427 AM
[ReportManager] Browser Action [NavigateToURL] successfully performed. With the following test data [https://www.google.com/ncr]. @01-11-2021 01:33:08.0391 A

################################################################################################################################################
Starting Execution:	[14 out of 23] test cases in the current suite
Test Method:		[tests.gui.google.G_Search_PageObjectModel_ThreadSafe.searchForQueryAndAssertFirstResultTextIsCorrect]
################################################################################################################################################
[ReportManager] Element Action [Type] successfully performed. With the following test data [SHAFT_Engine]. @01-11-2021 01:33:09.0214 AM
[ReportManager] Element Action [KeyPress] successfully performed. With the following test data [ENTER]. @01-11-2021 01:33:10.0518 AM
[ReportManager] Element Action [GetText] successfully performed. With the following test data [SHAFT_ENGINE is a Test Automation Engine that ... - GitHub]. @01-11-2021 01:33:10.0635 AM
[ReportManager] Loaded Shared OpenCV @01-11-2021 01:33:10.0845 AM
[ReportManager] Assertion Failed: Asserting that the correct first result is displayed @01-11-2021 01:33:10.0913 AM
[ReportManager] Successfully created attachment [Screenshot - 1635730390845_searchForQueryAndAssertFirstResultTextIsCorrect_ValidateElementAttribute_failed] @01-11-2021 01:33:10.0915 AM
[ReportManager] Assertion [ValidateElementAttribute] FAILED. Expected [Value Should be 'MohabMohie' for the 'Text' attribute, element locator 'By.xpath: (//h1[contains(text(),'Search Result')]/following-sibling::div//a/h3)[1]'] and Actual [SHAFT_ENGINE is a Test Automation Engine that ... - GitHub]. Comparison Type [CONTAINS]. Validation Type [POSITIVE]. @01-11-2021 01:33:10.0915 A
[ReportManager] Browser Action [CloseCurrentWindow] successfully performed. @01-11-2021 01:33:11.0180 AM
[ReportManager] Successfully created attachment [Browser Action Test Data - CloseCurrentWindow - Actual Value] @01-11-2021 01:33:11.0182 A
[ReportManager] Successfully loaded the following test data file [src/test/resources/TestDataFiles/Google/SimpleSearch.xlsx]. @01-11-2021 01:33:11.0229 AM
[ReportManager] Successfully created attachment [Test Data - Excel] @01-11-2021 01:33:11.0229 A
[ReportManager] File Action [GetAbsolutePath] successfully performed. With the following test data [Relative Folder Path: "target/downloadedFiles/"]. @01-11-2021 01:33:11.0231 AM
[ReportManager] Attempting to run remotely on: [Linux-64], [GoogleChrome], [http://localhost:4444/wd/hub], Headless Execution. @01-11-2021 01:33:11.0231 AM
[ReportManager] Successfully Opened [GoogleChrome]. @01-11-2021 01:33:11.0502 AM
[ReportManager] Target URL: [https://www.google.com/ncr], and after redirection: [https://www.google.com] @01-11-2021 01:33:11.0515 AM
[ReportManager] Initial URL: [data:,] @01-11-2021 01:33:11.0564 AM
[ReportManager] Browser Action [NavigateToURL] successfully performed. With the following test data [https://www.google.com/ncr]. @01-11-2021 01:33:12.0535 A

################################################################################################################################################
Starting Execution:	[15 out of 23] test cases in the current suite
Test Method:		[tests.gui.google.F_Search_PageObjectModel_Fluent.navigateToGoogleHomeAndAssertGoogleLogoIsDisplayed]
################################################################################################################################################
[ReportManager] File Action [DoesFileExist] successfully performed. With the following test data [File Path: "src/test/resources/DynamicObjectRepository/tests_gui_google_F_Search_PageObjectModel_Fluent_navigateToGoogleHomeAndAssertGoogleLogoIsDisplayed_By_xpath_img_id_hplogo_or_alt_Google.png"]. @01-11-2021 01:33:12.0539 AM
[ReportManager] File Action [GetAbsolutePath] successfully performed. With the following test data [Relative Folder Path: "src/test/resources/DynamicObjectRepository/tests_gui_google_F_Search_PageObjectModel_Fluent_navigateToGoogleHomeAndAssertGoogleLogoIsDisplayed_By_xpath_img_id_hplogo_or_alt_Google.png"]. @01-11-2021 01:33:12.0539 AM
[ReportManager] File Action [ReadFromImageFile] successfully performed. With the following test data [File Path: "/home/runner/work/using_SHAFT_ENGINE/using_SHAFT_ENGINE/src/test/resources/DynamicObjectRepository/tests_gui_google_F_Search_PageObjectModel_Fluent_navigateToGoogleHomeAndAssertGoogleLogoIsDisplayed_By_xpath_img_id_hplogo_or_alt_Google.png"]. @01-11-2021 01:33:12.0539 AM
[ReportManager] File Action [DoesFileExist] successfully performed. With the following test data [File Path: "src/test/resources/DynamicObjectRepository/tests_gui_google_F_Search_PageObjectModel_Fluent_navigateToGoogleHomeAndAssertGoogleLogoIsDisplayed_By_xpath_img_id_hplogo_or_alt_Google.png"]. @01-11-2021 01:33:12.0803 AM
[ReportManager] File Action [DoesFileExist] successfully performed. With the following test data [File Path: "src/test/resources/DynamicObjectRepository/tests_gui_google_F_Search_PageObjectModel_Fluent_navigateToGoogleHomeAndAssertGoogleLogoIsDisplayed_By_xpath_img_id_hplogo_or_alt_Google.png"]. @01-11-2021 01:33:12.0804 AM
[ReportManager] Loaded Shared OpenCV @01-11-2021 01:33:12.0804 AM
[ReportManager] Successfully identified the element using AI; OpenCV. @01-11-2021 01:33:12.0814 AM
[ReportManager] Assertion Passed: Asserting that the Google logo is displayed @01-11-2021 01:33:12.0815 AM
[ReportManager] Successfully created attachment [Validation Test Data - Reference Screenshot] @01-11-2021 01:33:12.0815 AM
[ReportManager] Successfully created attachment [Validation Test Data - Actual Screenshot] @01-11-2021 01:33:12.0817 AM
[ReportManager] Assertion [ValidateElementMatches] PASSED. Expected [Element should match the reference screenshot] and Actual [TRUE]. Comparison Type [EXACT_OPENCV]. Validation Type [POSITIVE]. @01-11-2021 01:33:12.0817 A
[ReportManager] Browser Action [CloseCurrentWindow] successfully performed. @01-11-2021 01:33:12.0963 AM
[ReportManager] Successfully created attachment [Browser Action Test Data - CloseCurrentWindow - Actual Value] @01-11-2021 01:33:12.0964 A
[ReportManager] File Action [GetAbsolutePath] successfully performed. With the following test data [Relative Folder Path: "target/downloadedFiles/"]. @01-11-2021 01:33:12.0967 AM
[ReportManager] Attempting to run remotely on: [Linux-64], [GoogleChrome], [http://localhost:4444/wd/hub], Headless Execution. @01-11-2021 01:33:12.0967 AM
[ReportManager] Successfully Opened [GoogleChrome]. @01-11-2021 01:33:13.0225 AM
[ReportManager] Target URL: [https://www.google.com/ncr], and after redirection: [https://www.google.com] @01-11-2021 01:33:13.0247 AM
[ReportManager] Initial URL: [data:,] @01-11-2021 01:33:13.0293 AM
[ReportManager] Browser Action [NavigateToURL] successfully performed. With the following test data [https://www.google.com/ncr]. @01-11-2021 01:33:14.0225 A

################################################################################################################################################
Starting Execution:	[16 out of 23] test cases in the current suite
Test Method:		[tests.gui.google.F_Search_PageObjectModel_Fluent.navigateToGoogleHomeAndAssertPageTitle]
################################################################################################################################################
[ReportManager] Browser Action [GetCurrentWindowTitle] successfully performed. With the following test data [Google]. @01-11-2021 01:33:14.0271 AM
[ReportManager] Assertion Passed: Asserting that the page title is Google @01-11-2021 01:33:14.0419 AM
[ReportManager] Successfully created attachment [Screenshot - 1635730394375_navigateToGoogleHomeAndAssertPageTitle_ValidateBrowserAttribute_passed] @01-11-2021 01:33:14.0419 AM
[ReportManager] Assertion [ValidateBrowserAttribute] PASSED. Expected [Value Should be 'Google' for the 'Title' attribute] and Actual [Google]. Comparison Type [EQUALS]. Validation Type [POSITIVE]. @01-11-2021 01:33:14.0419 A
[ReportManager] Browser Action [CloseCurrentWindow] successfully performed. @01-11-2021 01:33:14.0571 AM
[ReportManager] Successfully created attachment [Browser Action Test Data - CloseCurrentWindow - Actual Value] @01-11-2021 01:33:14.0572 A
[ReportManager] File Action [GetAbsolutePath] successfully performed. With the following test data [Relative Folder Path: "target/downloadedFiles/"]. @01-11-2021 01:33:14.0575 AM
[ReportManager] Attempting to run remotely on: [Linux-64], [GoogleChrome], [http://localhost:4444/wd/hub], Headless Execution. @01-11-2021 01:33:14.0575 AM
[ReportManager] Successfully Opened [GoogleChrome]. @01-11-2021 01:33:14.0886 AM
[ReportManager] Target URL: [https://www.google.com/ncr], and after redirection: [https://www.google.com] @01-11-2021 01:33:14.0905 AM
[ReportManager] Initial URL: [data:,] @01-11-2021 01:33:14.0963 AM
[ReportManager] Browser Action [NavigateToURL] successfully performed. With the following test data [https://www.google.com/ncr]. @01-11-2021 01:33:15.0920 A

################################################################################################################################################
Starting Execution:	[17 out of 23] test cases in the current suite
Test Method:		[tests.gui.google.F_Search_PageObjectModel_Fluent.searchForQueryAndAssertFirstResultTextIsCorrect]
################################################################################################################################################
[ReportManager] Element Action [Type] successfully performed. With the following test data [SHAFT_Engine]. @01-11-2021 01:33:16.0766 AM
[ReportManager] Element Action [KeyPress] successfully performed. With the following test data [ENTER]. @01-11-2021 01:33:18.0242 AM
[ReportManager] Element Action [GetText] successfully performed. With the following test data [SHAFT_ENGINE is a Test Automation Engine that ... - GitHub]. @01-11-2021 01:33:18.0362 AM
[ReportManager] Loaded Shared OpenCV @01-11-2021 01:33:18.0590 AM
[ReportManager] Assertion Failed: Asserting that the correct first result is displayed @01-11-2021 01:33:18.0658 AM
[ReportManager] Successfully created attachment [Screenshot - 1635730398590_searchForQueryAndAssertFirstResultTextIsCorrect_ValidateElementAttribute_failed] @01-11-2021 01:33:18.0659 AM
[ReportManager] Assertion [ValidateElementAttribute] FAILED. Expected [Value Should be 'MohabMohie' for the 'Text' attribute, element locator 'By.xpath: (//h1[contains(text(),'Search Result')]/following-sibling::div//a/h3)[1]'] and Actual [SHAFT_ENGINE is a Test Automation Engine that ... - GitHub]. Comparison Type [CONTAINS]. Validation Type [POSITIVE]. @01-11-2021 01:33:18.0659 A
[ReportManager] Browser Action [CloseCurrentWindow] successfully performed. @01-11-2021 01:33:18.0897 AM
[ReportManager] Successfully created attachment [Browser Action Test Data - CloseCurrentWindow - Actual Value] @01-11-2021 01:33:18.0899 A
[ReportManager] File Action [GetAbsolutePath] successfully performed. With the following test data [Relative Folder Path: "target/downloadedFiles/"]. @01-11-2021 01:33:18.0905 AM
[ReportManager] Attempting to run remotely on: [Linux-64], [GoogleChrome], [http://localhost:4444/wd/hub], Headless Execution. @01-11-2021 01:33:18.0905 AM
[ReportManager] Successfully Opened [GoogleChrome]. @01-11-2021 01:33:19.0216 AM
[ReportManager] Target URL: [https://www.google.com/ncr], and after redirection: [https://www.google.com] @01-11-2021 01:33:19.0230 AM
[ReportManager] Initial URL: [data:,] @01-11-2021 01:33:19.0304 AM
[ReportManager] Browser Action [NavigateToURL] successfully performed. With the following test data [https://www.google.com/ncr]. @01-11-2021 01:33:20.0244 A

################################################################################################################################################
Starting Execution:	[18 out of 23] test cases in the current suite
Test Method:		[tests.gui.google.B_Search_FlatTest_SHAFT.navigateToGoogleHomeAndAssertGoogleLogoIsDisplayed]
################################################################################################################################################
[ReportManager] File Action [DoesFileExist] successfully performed. With the following test data [File Path: "src/test/resources/DynamicObjectRepository/tests_gui_google_B_Search_FlatTest_SHAFT_navigateToGoogleHomeAndAssertGoogleLogoIsDisplayed_By_xpath_img_id_hplogo_or_alt_Google.png"]. @01-11-2021 01:33:20.0248 AM
[ReportManager] File Action [GetAbsolutePath] successfully performed. With the following test data [Relative Folder Path: "src/test/resources/DynamicObjectRepository/tests_gui_google_B_Search_FlatTest_SHAFT_navigateToGoogleHomeAndAssertGoogleLogoIsDisplayed_By_xpath_img_id_hplogo_or_alt_Google.png"]. @01-11-2021 01:33:20.0248 AM
[ReportManager] File Action [ReadFromImageFile] successfully performed. With the following test data [File Path: "/home/runner/work/using_SHAFT_ENGINE/using_SHAFT_ENGINE/src/test/resources/DynamicObjectRepository/tests_gui_google_B_Search_FlatTest_SHAFT_navigateToGoogleHomeAndAssertGoogleLogoIsDisplayed_By_xpath_img_id_hplogo_or_alt_Google.png"]. @01-11-2021 01:33:20.0249 AM
[ReportManager] File Action [DoesFileExist] successfully performed. With the following test data [File Path: "src/test/resources/DynamicObjectRepository/tests_gui_google_B_Search_FlatTest_SHAFT_navigateToGoogleHomeAndAssertGoogleLogoIsDisplayed_By_xpath_img_id_hplogo_or_alt_Google.png"]. @01-11-2021 01:33:20.0497 AM
[ReportManager] File Action [DoesFileExist] successfully performed. With the following test data [File Path: "src/test/resources/DynamicObjectRepository/tests_gui_google_B_Search_FlatTest_SHAFT_navigateToGoogleHomeAndAssertGoogleLogoIsDisplayed_By_xpath_img_id_hplogo_or_alt_Google.png"]. @01-11-2021 01:33:20.0498 AM
[ReportManager] Loaded Shared OpenCV @01-11-2021 01:33:20.0498 AM
[ReportManager] Successfully identified the element using AI; OpenCV. @01-11-2021 01:33:20.0504 AM
[ReportManager] Assertion Passed: Asserting that the Google logo is displayed @01-11-2021 01:33:20.0504 AM
[ReportManager] Successfully created attachment [Validation Test Data - Reference Screenshot] @01-11-2021 01:33:20.0505 AM
[ReportManager] Successfully created attachment [Validation Test Data - Actual Screenshot] @01-11-2021 01:33:20.0505 AM
[ReportManager] Assertion [ValidateElementMatches] PASSED. Expected [Element should match the reference screenshot] and Actual [TRUE]. Comparison Type [EXACT_OPENCV]. Validation Type [POSITIVE]. @01-11-2021 01:33:20.0505 A
[ReportManager] Browser Action [CloseCurrentWindow] successfully performed. @01-11-2021 01:33:20.0654 AM
[ReportManager] Successfully created attachment [Browser Action Test Data - CloseCurrentWindow - Actual Value] @01-11-2021 01:33:20.0655 A
[ReportManager] File Action [GetAbsolutePath] successfully performed. With the following test data [Relative Folder Path: "target/downloadedFiles/"]. @01-11-2021 01:33:20.0658 AM
[ReportManager] Attempting to run remotely on: [Linux-64], [GoogleChrome], [http://localhost:4444/wd/hub], Headless Execution. @01-11-2021 01:33:20.0658 AM
[ReportManager] Successfully Opened [GoogleChrome]. @01-11-2021 01:33:20.0908 AM
[ReportManager] Target URL: [https://www.google.com/ncr], and after redirection: [https://www.google.com] @01-11-2021 01:33:20.0932 AM
[ReportManager] Initial URL: [data:,] @01-11-2021 01:33:20.0994 AM
[ReportManager] Browser Action [NavigateToURL] successfully performed. With the following test data [https://www.google.com/ncr]. @01-11-2021 01:33:21.0893 A

################################################################################################################################################
Starting Execution:	[19 out of 23] test cases in the current suite
Test Method:		[tests.gui.google.B_Search_FlatTest_SHAFT.navigateToGoogleHomeAndAssertPageTitle]
################################################################################################################################################
[ReportManager] Browser Action [GetCurrentWindowTitle] successfully performed. With the following test data [Google]. @01-11-2021 01:33:21.0950 AM
[ReportManager] Assertion Passed: Asserting that the page title is Google @01-11-2021 01:33:22.0088 AM
[ReportManager] Successfully created attachment [Screenshot - 1635730402042_navigateToGoogleHomeAndAssertPageTitle_ValidateBrowserAttribute_passed] @01-11-2021 01:33:22.0089 AM
[ReportManager] Assertion [ValidateBrowserAttribute] PASSED. Expected [Value Should be 'Google' for the 'Title' attribute] and Actual [Google]. Comparison Type [EQUALS]. Validation Type [POSITIVE]. @01-11-2021 01:33:22.0089 A
[ReportManager] Browser Action [CloseCurrentWindow] successfully performed. @01-11-2021 01:33:22.0225 AM
[ReportManager] Successfully created attachment [Browser Action Test Data - CloseCurrentWindow - Actual Value] @01-11-2021 01:33:22.0229 A
[ReportManager] File Action [GetAbsolutePath] successfully performed. With the following test data [Relative Folder Path: "target/downloadedFiles/"]. @01-11-2021 01:33:22.0232 AM
[ReportManager] Attempting to run remotely on: [Linux-64], [GoogleChrome], [http://localhost:4444/wd/hub], Headless Execution. @01-11-2021 01:33:22.0232 AM
[ReportManager] Successfully Opened [GoogleChrome]. @01-11-2021 01:33:22.0513 AM
[ReportManager] Target URL: [https://www.google.com/ncr], and after redirection: [https://www.google.com] @01-11-2021 01:33:22.0538 AM
[ReportManager] Initial URL: [data:,] @01-11-2021 01:33:22.0588 AM
[ReportManager] Browser Action [NavigateToURL] successfully performed. With the following test data [https://www.google.com/ncr]. @01-11-2021 01:33:23.0558 A

################################################################################################################################################
Starting Execution:	[20 out of 23] test cases in the current suite
Test Method:		[tests.gui.google.B_Search_FlatTest_SHAFT.searchForQueryAndAssertFirstResultTextIsCorrect]
################################################################################################################################################
[ReportManager] Element Action [Type] successfully performed. With the following test data [SHAFT_Engine]. @01-11-2021 01:33:24.0364 AM
[ReportManager] Element Action [KeyPress] successfully performed. With the following test data [ENTER]. @01-11-2021 01:33:25.0727 AM
[ReportManager] Element Action [GetText] successfully performed. With the following test data [SHAFT_ENGINE is a Test Automation Engine that ... - GitHub]. @01-11-2021 01:33:25.0835 AM
[ReportManager] Loaded Shared OpenCV @01-11-2021 01:33:26.0046 AM
[ReportManager] Assertion Failed: Asserting that the correct first result is displayed @01-11-2021 01:33:26.0117 AM
[ReportManager] Successfully created attachment [Screenshot - 1635730406046_searchForQueryAndAssertFirstResultTextIsCorrect_ValidateElementAttribute_failed] @01-11-2021 01:33:26.0118 AM
[ReportManager] Assertion [ValidateElementAttribute] FAILED. Expected [Value Should be 'MohabMohie' for the 'Text' attribute, element locator 'By.xpath: (//h1[contains(text(),'Search Result')]/following-sibling::div//a/h3)[1]'] and Actual [SHAFT_ENGINE is a Test Automation Engine that ... - GitHub]. Comparison Type [CONTAINS]. Validation Type [POSITIVE]. @01-11-2021 01:33:26.0118 A
[ReportManager] Browser Action [CloseCurrentWindow] successfully performed. @01-11-2021 01:33:26.0377 AM
[ReportManager] Successfully created attachment [Browser Action Test Data - CloseCurrentWindow - Actual Value] @01-11-2021 01:33:26.0379 A



################################################################################################################################################
Starting Execution:	[21 out of 23] test cases in the current suite
Test Method:		[tests.gui.google.A_Search_FlatTest_NativeSeleniumWebDriver.navigateToGoogleHomeAndAssertGoogleLogoIsDisplayed]
###############################################################################################################################################



################################################################################################################################################
Starting Execution:	[22 out of 23] test cases in the current suite
Test Method:		[tests.gui.google.A_Search_FlatTest_NativeSeleniumWebDriver.navigateToGoogleHomeAndAssertPageTitle]
###############################################################################################################################################



################################################################################################################################################
Starting Execution:	[23 out of 23] test cases in the current suite
Test Method:		[tests.gui.google.A_Search_FlatTest_NativeSeleniumWebDriver.searchForQueryAndAssertFirstResultTextIsCorrect]
###############################################################################################################################################


################################################################################################################################################
Test Closure Activities
################################################################################################################################################
[ReportManager] Successfully created attachment [SHAFT Engine Logs - Execution log] @01-11-2021 01:33:32.0213 AM

################################################################################################################################################
This test run was powered by SHAFT Engine Version: [SHAFT Engine v5.3.20210902]
SHAFT Engine is licensed under the MIT License: [https://github.com/MohabMohie/SHAFT_ENGINE/blob/master/LICENSE].
################################################################################################################################################