################################################################################################################################################
Detected SHAFT Engine Version: [SHAFT Engine v6.1.20220113]
################################################################################################################################################

################################################################################################################################################
Starting Execution:	[1 out of 23] test cases in the current suite
Test Method:		[tests.api.users.UserData.validateUserEmail]
################################################################################################################################################
[ReportManager] Response status code: [200], status line: [HTTP/1.1 200 OK] @22-01-2022 18:34:21.0562 PM
[ReportManager] Assertion Passed: Evaluating the actual response status code against the expected one... @22-01-2022 18:34:21.0572 PM
[ReportManager] Assertion [ValidateComparativeRelation] PASSED. Expected [200] and Actual [200]. Comparison Type [EQUALS]. Validation Type [POSITIVE]. @22-01-2022 18:34:21.0577 PM
[ReportManager] API Action [PerformRequest] successfully performed. With the following test data [Request Type: "GET" | Target Status Code: "200" | Service URL: "https://jsonplaceholder.typicode.com/users" | Content Type: "*/*" | Response Time: "975ms"]. @22-01-2022 18:34:22.0810 PM
[ReportManager] Successfully created attachment [API Request - Specifications] @22-01-2022 18:34:22.0811 PM
[ReportManager] Successfully created attachment [API Response - JSON Body] @22-01-2022 18:34:23.0089 PM
[ReportManager] Assertion [ValidateEquals] PASSED. Expected and Actual values are attached. Comparison Type [CONTAINS]. Validation Type [POSITIVE]. @22-01-2022 18:34:23.0097 PM
[ReportManager] Successfully created attachment [Validation Test Data - Expected Value] @22-01-2022 18:34:23.0098 PM
[ReportManager] Successfully created attachment [Validation Test Data - Actual Value] @22-01-2022 18:34:23.0098 PM
[ReportManager] API Action [GetResponseJSONValueAsList] successfully performed. With the following test data [$]. @22-01-2022 18:34:23.0108 PM
[ReportManager] API Action [GetResponseJSONValue] successfully performed. With the following test data [name]. @22-01-2022 18:34:23.0132 PM
[ReportManager] API Action [GetResponseJSONValue] successfully performed. With the following test data [email]. @22-01-2022 18:34:23.0159 PM
[ReportManager] Assertion [ValidateEquals] PASSED. Expected [Sincere@april.biz] and Actual [Sincere@april.biz]. Comparison Type [EQUALS]. Validation Type [POSITIVE]. @22-01-2022 18:34:23.0160 PM
[ReportManager] API Action [GetResponseJSONValue] successfully performed. With the following test data [name]. @22-01-2022 18:34:23.0205 PM
[ReportManager] API Action [GetResponseJSONValue] successfully performed. With the following test data [name]. @22-01-2022 18:34:23.0220 PM
[ReportManager] API Action [GetResponseJSONValue] successfully performed. With the following test data [name]. @22-01-2022 18:34:23.0233 PM
[ReportManager] API Action [GetResponseJSONValue] successfully performed. With the following test data [name]. @22-01-2022 18:34:23.0245 PM
[ReportManager] API Action [GetResponseJSONValue] successfully performed. With the following test data [name]. @22-01-2022 18:34:23.0267 PM
[ReportManager] API Action [GetResponseJSONValue] successfully performed. With the following test data [name]. @22-01-2022 18:34:23.0290 PM
[ReportManager] API Action [GetResponseJSONValue] successfully performed. With the following test data [name]. @22-01-2022 18:34:23.0319 PM
[ReportManager] API Action [GetResponseJSONValue] successfully performed. With the following test data [name]. @22-01-2022 18:34:23.0343 PM
[ReportManager] API Action [GetResponseJSONValue] successfully performed. With the following test data [name]. @22-01-2022 18:34:23.0364 P

################################################################################################################################################
Starting Execution:	[2 out of 23] test cases in the current suite
Test Method:		[tests.cli.demo.cliTest.sampleTestCase]
################################################################################################################################################
[ReportManager] Attempting to perform the following command locally. Command: [ls] @22-01-2022 18:34:23.0569 PM
[ReportManager] Terminal Action [PerformTerminalCommands] successfully performed. With the following test data [Host Name: "localHost" | Command: "ls" | Exit Status: "0"]. @22-01-2022 18:34:23.0597 PM
[ReportManager] Successfully created attachment [Terminal Action Actual Result - Command Log] @22-01-2022 18:34:23.0598 PM
[ReportManager] Assertion Passed: Demoing local terminal actions @22-01-2022 18:34:23.0602 PM
[ReportManager] Assertion [ValidateEquals] PASSED. Expected [pom.xml] and Actual [LICENSE
README.md
allure-results
docker-compose_native.yml
docker-compose_zalenium.yml
extent-reports
pom.xml
readMeImgs
src
target]. Comparison Type [CONTAINS]. Validation Type [POSITIVE]. @22-01-2022 18:34:23.0603 P
[ReportManager] File Action [GetAbsolutePath] successfully performed. With the following test data [Relative Folder Path: "target/downloadedFiles/"]. @22-01-2022 18:34:23.0623 PM
[ReportManager] Attempting to run remotely on: [Linux-64], [GoogleChrome], [http://localhost:4444/wd/hub], Headless Execution. @22-01-2022 18:34:23.0640 PM
[ReportManager] Successfully Opened [GoogleChrome]. @22-01-2022 18:34:25.0581 PM
[ReportManager] Target URL: [https://www.google.com/ncr], and after redirection: [https://www.google.com] @22-01-2022 18:34:25.0593 PM
[ReportManager] Initial URL: [data:,] @22-01-2022 18:34:25.0742 PM
[ReportManager] Browser Action [NavigateToURL] successfully performed. With the following test data [https://www.google.com/ncr]. @22-01-2022 18:34:27.0282 P

################################################################################################################################################
Starting Execution:	[3 out of 23] test cases in the current suite
Test Method:		[tests.gui.google.B_Search_FlatTest_SHAFT.navigateToGoogleHomeAndAssertGoogleLogoIsDisplayed]
################################################################################################################################################
[ReportManager] File Action [DoesFileExist] successfully performed. With the following test data [File Path: "src/main/resources/dynamicObjectRepository/tests_gui_google_B_Search_FlatTest_SHAFT_navigateToGoogleHomeAndAssertGoogleLogoIsDisplayed_By_xpath_img_id_hplogo_or_alt_Google.png"]. @22-01-2022 18:34:27.0305 PM
[ReportManager] File Action [GetAbsolutePath] successfully performed. With the following test data [Relative Folder Path: "src/main/resources/dynamicObjectRepository/tests_gui_google_B_Search_FlatTest_SHAFT_navigateToGoogleHomeAndAssertGoogleLogoIsDisplayed_By_xpath_img_id_hplogo_or_alt_Google.png"]. @22-01-2022 18:34:27.0305 PM
[ReportManager] File Action [ReadFromImageFile] successfully performed. With the following test data [File Path: "/home/runner/work/using_SHAFT_ENGINE/using_SHAFT_ENGINE/src/main/resources/dynamicObjectRepository/tests_gui_google_B_Search_FlatTest_SHAFT_navigateToGoogleHomeAndAssertGoogleLogoIsDisplayed_By_xpath_img_id_hplogo_or_alt_Google.png"]. @22-01-2022 18:34:27.0305 PM
[ReportManager] File Action [DoesFileExist] successfully performed. With the following test data [File Path: "src/main/resources/dynamicObjectRepository/tests_gui_google_B_Search_FlatTest_SHAFT_navigateToGoogleHomeAndAssertGoogleLogoIsDisplayed_By_xpath_img_id_hplogo_or_alt_Google.png"]. @22-01-2022 18:34:27.0627 PM
[ReportManager] File Action [DoesFileExist] successfully performed. With the following test data [File Path: "src/main/resources/dynamicObjectRepository/tests_gui_google_B_Search_FlatTest_SHAFT_navigateToGoogleHomeAndAssertGoogleLogoIsDisplayed_By_xpath_img_id_hplogo_or_alt_Google.png"]. @22-01-2022 18:34:27.0627 PM
[ReportManager] File Action [GetAbsolutePath] successfully performed. With the following test data [Relative Folder Path: "src/main/resources/dynamicObjectRepository/tests_gui_google_B_Search_FlatTest_SHAFT_navigateToGoogleHomeAndAssertGoogleLogoIsDisplayed_By_xpath_img_id_hplogo_or_alt_Google.png"]. @22-01-2022 18:34:27.0646 PM
[ReportManager] File Action [ReadFromImageFile] successfully performed. With the following test data [File Path: "/home/runner/work/using_SHAFT_ENGINE/using_SHAFT_ENGINE/src/main/resources/dynamicObjectRepository/tests_gui_google_B_Search_FlatTest_SHAFT_navigateToGoogleHomeAndAssertGoogleLogoIsDisplayed_By_xpath_img_id_hplogo_or_alt_Google.png"]. @22-01-2022 18:34:27.0647 PM
[ReportManager] Accuracy threshold is [80.0%] and the actual match accuracy is [91.50802493095398%]. @22-01-2022 18:34:27.0651 PM
[ReportManager] Successfully identified the element using AI; OpenCV. @22-01-2022 18:34:27.0651 PM
[ReportManager] Assertion Passed: Asserting that the Google logo is displayed @22-01-2022 18:34:27.0652 PM
[ReportManager] Successfully created attachment [Validation Test Data - Reference Screenshot] @22-01-2022 18:34:27.0653 PM
[ReportManager] Successfully created attachment [Validation Test Data - Actual Screenshot] @22-01-2022 18:34:27.0653 PM
[ReportManager] Assertion [ValidateElementMatches] PASSED. Expected [Element should match the reference screenshot] and Actual [TRUE]. Comparison Type [EXACT_OPENCV]. Validation Type [POSITIVE]. @22-01-2022 18:34:27.0653 P
[ReportManager] Browser Action [CloseCurrentWindow] successfully performed. @22-01-2022 18:34:27.0891 PM
[ReportManager] Successfully created attachment [Browser Action Test Data - CloseCurrentWindow - Actual Value] @22-01-2022 18:34:27.0900 P
[ReportManager] File Action [GetAbsolutePath] successfully performed. With the following test data [Relative Folder Path: "target/downloadedFiles/"]. @22-01-2022 18:34:27.0910 PM
[ReportManager] Attempting to run remotely on: [Linux-64], [GoogleChrome], [http://localhost:4444/wd/hub], Headless Execution. @22-01-2022 18:34:27.0910 PM
[ReportManager] Successfully Opened [GoogleChrome]. @22-01-2022 18:34:28.0338 PM
[ReportManager] Target URL: [https://www.google.com/ncr], and after redirection: [https://www.google.com] @22-01-2022 18:34:28.0338 PM
[ReportManager] Initial URL: [data:,] @22-01-2022 18:34:28.0435 PM
[ReportManager] Browser Action [NavigateToURL] successfully performed. With the following test data [https://www.google.com/ncr]. @22-01-2022 18:34:29.0720 P

################################################################################################################################################
Starting Execution:	[4 out of 23] test cases in the current suite
Test Method:		[tests.gui.google.B_Search_FlatTest_SHAFT.navigateToGoogleHomeAndAssertPageTitle]
################################################################################################################################################
[ReportManager] Browser Action [GetCurrentWindowTitle] successfully performed. With the following test data [Google]. @22-01-2022 18:34:29.0778 PM
[ReportManager] Assertion Passed: Asserting that the page title is Google @22-01-2022 18:34:30.0472 PM
[ReportManager] Successfully created attachment [Screenshot - 1642876470046_navigateToGoogleHomeAndAssertPageTitle_ValidateBrowserAttribute_passed] @22-01-2022 18:34:30.0482 PM
[ReportManager] Assertion [ValidateBrowserAttribute] PASSED. Expected [Value Should be 'Google' for the 'Title' attribute] and Actual [Google]. Comparison Type [EQUALS]. Validation Type [POSITIVE]. @22-01-2022 18:34:30.0482 P
[ReportManager] Browser Action [CloseCurrentWindow] successfully performed. @22-01-2022 18:34:30.0609 PM
[ReportManager] Successfully created attachment [Browser Action Test Data - CloseCurrentWindow - Actual Value] @22-01-2022 18:34:30.0621 P
[ReportManager] File Action [GetAbsolutePath] successfully performed. With the following test data [Relative Folder Path: "target/downloadedFiles/"]. @22-01-2022 18:34:30.0634 PM
[ReportManager] Attempting to run remotely on: [Linux-64], [GoogleChrome], [http://localhost:4444/wd/hub], Headless Execution. @22-01-2022 18:34:30.0635 PM
[ReportManager] Successfully Opened [GoogleChrome]. @22-01-2022 18:34:31.0054 PM
[ReportManager] Target URL: [https://www.google.com/ncr], and after redirection: [https://www.google.com] @22-01-2022 18:34:31.0054 PM
[ReportManager] Initial URL: [data:,] @22-01-2022 18:34:31.0163 PM
[ReportManager] Browser Action [NavigateToURL] successfully performed. With the following test data [https://www.google.com/ncr]. @22-01-2022 18:34:32.0173 P

################################################################################################################################################
Starting Execution:	[5 out of 23] test cases in the current suite
Test Method:		[tests.gui.google.B_Search_FlatTest_SHAFT.searchForQueryAndAssertFirstResultTextIsCorrect]
################################################################################################################################################
[ReportManager] Element Action [Type] successfully performed. With the following test data [SHAFT_Engine]. @22-01-2022 18:34:33.0086 PM
[ReportManager] Element Action [KeyPress] successfully performed. With the following test data [ENTER]. @22-01-2022 18:34:34.0771 PM
[ReportManager] Element Action [GetText] successfully performed. With the following test data [SHAFT_ENGINE is a Test Automation Engine that ... - GitHub]. @22-01-2022 18:34:34.0911 PM
[ReportManager] Assertion Failed: Asserting that the correct first result is displayed @22-01-2022 18:34:35.0708 PM
[ReportManager] Successfully created attachment [Screenshot - 1642876475489_searchForQueryAndAssertFirstResultTextIsCorrect_ValidateElementAttribute_failed] @22-01-2022 18:34:35.0718 PM
[ReportManager] Assertion [ValidateElementAttribute] FAILED. Expected [Value Should be 'MohabMohie' for the 'Text' attribute, element locator 'By.xpath: (//h1[contains(text(),'Search Result')]/following-sibling::div//a/h3)[1]'] and Actual [SHAFT_ENGINE is a Test Automation Engine that ... - GitHub]. Comparison Type [CONTAINS]. Validation Type [POSITIVE]. @22-01-2022 18:34:35.0719 P
[ReportManager] Browser Action [CloseCurrentWindow] successfully performed. @22-01-2022 18:34:36.0060 PM
[ReportManager] Successfully created attachment [Browser Action Test Data - CloseCurrentWindow - Actual Value] @22-01-2022 18:34:36.0099 P
[ReportManager] An Exception Occured with this Message: src/test/resources/testDataFiles/Google/SimpleSearch.xlsx (No such file or directory). @22-01-2022 18:34:36.0115 PM
[ReportManager] Successfully created attachment [Exception Stack Trace - java.io.FileNotFoundException] @22-01-2022 18:34:36.0116 PM
[ReportManager] Couldn't find the desired file. [src/test/resources/testDataFiles/Google/SimpleSearch.xlsx]. @22-01-2022 18:34:36.0116 P


################################################################################################################################################
Starting Execution:	[6 out of 23] test cases in the current suite
Test Method:		[tests.gui.google.F_Search_PageObjectModel_Fluent.navigateToGoogleHomeAndAssertGoogleLogoIsDisplayed]
###############################################################################################################################################



################################################################################################################################################
Starting Execution:	[7 out of 23] test cases in the current suite
Test Method:		[tests.gui.google.F_Search_PageObjectModel_Fluent.navigateToGoogleHomeAndAssertPageTitle]
###############################################################################################################################################



################################################################################################################################################
Starting Execution:	[8 out of 23] test cases in the current suite
Test Method:		[tests.gui.google.F_Search_PageObjectModel_Fluent.searchForQueryAndAssertFirstResultTextIsCorrect]
###############################################################################################################################################

[ReportManager] File Action [GetAbsolutePath] successfully performed. With the following test data [Relative Folder Path: "target/downloadedFiles/"]. @22-01-2022 18:34:36.0147 PM
[ReportManager] Attempting to run remotely on: [Linux-64], [GoogleChrome], [http://localhost:4444/wd/hub], Headless Execution. @22-01-2022 18:34:36.0147 PM
[ReportManager] Successfully Opened [GoogleChrome]. @22-01-2022 18:34:36.0572 PM
[ReportManager] Target URL: [https://www.google.com/ncr], and after redirection: [https://www.google.com] @22-01-2022 18:34:36.0573 PM
[ReportManager] Initial URL: [data:,] @22-01-2022 18:34:36.0676 PM
[ReportManager] Browser Action [NavigateToURL] successfully performed. With the following test data [https://www.google.com/ncr]. @22-01-2022 18:34:37.0668 P

################################################################################################################################################
Starting Execution:	[9 out of 23] test cases in the current suite
Test Method:		[tests.gui.google.C_Search_PageObjectModel_Traditional.navigateToGoogleHomeAndAssertGoogleLogoIsDisplayed]
################################################################################################################################################
[ReportManager] Element Action [IsElementDisplayed] successfully performed. @22-01-2022 18:34:37.0818 PM
[ReportManager] Assertion Passed: Asserting that the Google logo is displayed @22-01-2022 18:34:37.0818 PM
[ReportManager] Assertion [ValidateTrue] PASSED. Expected [TRUE] and Actual [TRUE]. Validation Type [POSITIVE]. @22-01-2022 18:34:37.0818 P
[ReportManager] Browser Action [CloseCurrentWindow] successfully performed. @22-01-2022 18:34:37.0984 PM
[ReportManager] Successfully created attachment [Browser Action Test Data - CloseCurrentWindow - Actual Value] @22-01-2022 18:34:37.0986 P
[ReportManager] File Action [GetAbsolutePath] successfully performed. With the following test data [Relative Folder Path: "target/downloadedFiles/"]. @22-01-2022 18:34:37.0992 PM
[ReportManager] Attempting to run remotely on: [Linux-64], [GoogleChrome], [http://localhost:4444/wd/hub], Headless Execution. @22-01-2022 18:34:37.0992 PM
[ReportManager] Successfully Opened [GoogleChrome]. @22-01-2022 18:34:38.0266 PM
[ReportManager] Target URL: [https://www.google.com/ncr], and after redirection: [https://www.google.com] @22-01-2022 18:34:38.0266 PM
[ReportManager] Initial URL: [data:,] @22-01-2022 18:34:38.0367 PM
[ReportManager] Browser Action [NavigateToURL] successfully performed. With the following test data [https://www.google.com/ncr]. @22-01-2022 18:34:39.0604 P

################################################################################################################################################
Starting Execution:	[10 out of 23] test cases in the current suite
Test Method:		[tests.gui.google.C_Search_PageObjectModel_Traditional.navigateToGoogleHomeAndAssertPageTitle]
################################################################################################################################################
[ReportManager] Browser Action [GetCurrentWindowTitle] successfully performed. With the following test data [Google]. @22-01-2022 18:34:39.0667 PM
[ReportManager] Assertion Passed: Asserting that the page title is Google @22-01-2022 18:34:39.0667 PM
[ReportManager] Assertion [ValidateEquals] PASSED. Expected [Google] and Actual [Google]. Comparison Type [EQUALS]. Validation Type [POSITIVE]. @22-01-2022 18:34:39.0667 P
[ReportManager] Browser Action [CloseCurrentWindow] successfully performed. @22-01-2022 18:34:39.0872 PM
[ReportManager] Successfully created attachment [Browser Action Test Data - CloseCurrentWindow - Actual Value] @22-01-2022 18:34:39.0874 P
[ReportManager] File Action [GetAbsolutePath] successfully performed. With the following test data [Relative Folder Path: "target/downloadedFiles/"]. @22-01-2022 18:34:39.0884 PM
[ReportManager] Attempting to run remotely on: [Linux-64], [GoogleChrome], [http://localhost:4444/wd/hub], Headless Execution. @22-01-2022 18:34:39.0884 PM
[ReportManager] Successfully Opened [GoogleChrome]. @22-01-2022 18:34:40.0131 PM
[ReportManager] Target URL: [https://www.google.com/ncr], and after redirection: [https://www.google.com] @22-01-2022 18:34:40.0131 PM
[ReportManager] Initial URL: [data:,] @22-01-2022 18:34:40.0221 PM
[ReportManager] Browser Action [NavigateToURL] successfully performed. With the following test data [https://www.google.com/ncr]. @22-01-2022 18:34:41.0234 P

################################################################################################################################################
Starting Execution:	[11 out of 23] test cases in the current suite
Test Method:		[tests.gui.google.C_Search_PageObjectModel_Traditional.searchForQueryAndAssertFirstResultTextIsCorrect]
################################################################################################################################################
[ReportManager] Element Action [Type] successfully performed. With the following test data [SHAFT_Engine]. @22-01-2022 18:34:42.0110 PM
[ReportManager] Element Action [KeyPress] successfully performed. With the following test data [ENTER]. @22-01-2022 18:34:43.0525 PM
[ReportManager] Element Action [GetText] successfully performed. With the following test data [SHAFT_ENGINE is a Test Automation Engine that ... - GitHub]. @22-01-2022 18:34:43.0643 PM
[ReportManager] Assertion Failed: Asserting that the correct first result is displayed @22-01-2022 18:34:43.0643 PM
[ReportManager] Assertion [ValidateEquals] FAILED. Expected [MohabMohie] and Actual [SHAFT_ENGINE is a Test Automation Engine that ... - GitHub]. Comparison Type [CONTAINS]. Validation Type [POSITIVE]. @22-01-2022 18:34:43.0644 P
[ReportManager] Browser Action [CloseCurrentWindow] successfully performed. @22-01-2022 18:34:43.0958 PM
[ReportManager] Successfully created attachment [Browser Action Test Data - CloseCurrentWindow - Actual Value] @22-01-2022 18:34:43.0960 P
[ReportManager] An Exception Occured with this Message: src/test/resources/testDataFiles/Google/SimpleSearch.xlsx (No such file or directory). @22-01-2022 18:34:43.0971 PM
[ReportManager] Successfully created attachment [Exception Stack Trace - java.io.FileNotFoundException] @22-01-2022 18:34:43.0971 PM
[ReportManager] Couldn't find the desired file. [src/test/resources/testDataFiles/Google/SimpleSearch.xlsx]. @22-01-2022 18:34:43.0972 P


################################################################################################################################################
Starting Execution:	[12 out of 23] test cases in the current suite
Test Method:		[tests.gui.google.E_Search_PageObjectModel_Traditional_SHAFTAssertions.navigateToGoogleHomeAndAssertGoogleLogoIsDisplayed]
###############################################################################################################################################



################################################################################################################################################
Starting Execution:	[13 out of 23] test cases in the current suite
Test Method:		[tests.gui.google.E_Search_PageObjectModel_Traditional_SHAFTAssertions.navigateToGoogleHomeAndAssertPageTitle]
###############################################################################################################################################



################################################################################################################################################
Starting Execution:	[14 out of 23] test cases in the current suite
Test Method:		[tests.gui.google.E_Search_PageObjectModel_Traditional_SHAFTAssertions.searchForQueryAndAssertFirstResultTextIsCorrect]
###############################################################################################################################################

[ReportManager] An Exception Occured with this Message: src/test/resources/testDataFiles/Google/SimpleSearch.xlsx (No such file or directory). @22-01-2022 18:34:44.0014 PM
[ReportManager] Successfully created attachment [Exception Stack Trace - java.io.FileNotFoundException] @22-01-2022 18:34:44.0014 PM
[ReportManager] Couldn't find the desired file. [src/test/resources/testDataFiles/Google/SimpleSearch.xlsx]. @22-01-2022 18:34:44.0015 P


################################################################################################################################################
Starting Execution:	[15 out of 23] test cases in the current suite
Test Method:		[tests.gui.google.G_Search_PageObjectModel_ThreadSafe.navigateToGoogleHomeAndAssertGoogleLogoIsDisplayed]
###############################################################################################################################################



################################################################################################################################################
Starting Execution:	[16 out of 23] test cases in the current suite
Test Method:		[tests.gui.google.G_Search_PageObjectModel_ThreadSafe.navigateToGoogleHomeAndAssertPageTitle]
###############################################################################################################################################



################################################################################################################################################
Starting Execution:	[17 out of 23] test cases in the current suite
Test Method:		[tests.gui.google.G_Search_PageObjectModel_ThreadSafe.searchForQueryAndAssertFirstResultTextIsCorrect]
###############################################################################################################################################

[ReportManager] An Exception Occured with this Message: src/test/resources/testDataFiles/Google/SimpleSearch.xlsx (No such file or directory). @22-01-2022 18:34:44.0033 PM
[ReportManager] Successfully created attachment [Exception Stack Trace - java.io.FileNotFoundException] @22-01-2022 18:34:44.0034 PM
[ReportManager] Couldn't find the desired file. [src/test/resources/testDataFiles/Google/SimpleSearch.xlsx]. @22-01-2022 18:34:44.0034 P


################################################################################################################################################
Starting Execution:	[18 out of 23] test cases in the current suite
Test Method:		[tests.gui.google.D_Search_PageObjectModel_Traditional_DataDriven.navigateToGoogleHomeAndAssertGoogleLogoIsDisplayed]
###############################################################################################################################################



################################################################################################################################################
Starting Execution:	[19 out of 23] test cases in the current suite
Test Method:		[tests.gui.google.D_Search_PageObjectModel_Traditional_DataDriven.navigateToGoogleHomeAndAssertPageTitle]
###############################################################################################################################################



################################################################################################################################################
Starting Execution:	[20 out of 23] test cases in the current suite
Test Method:		[tests.gui.google.D_Search_PageObjectModel_Traditional_DataDriven.searchForQueryAndAssertFirstResultTextIsCorrect]
###############################################################################################################################################




################################################################################################################################################
Starting Execution:	[21 out of 23] test cases in the current suite
Test Method:		[tests.gui.google.A_Search_FlatTest_NativeSeleniumWebDriver.navigateToGoogleHomeAndAssertGoogleLogoIsDisplayed]
###############################################################################################################################################



################################################################################################################################################
Starting Execution:	[22 out of 23] test cases in the current suite
Test Method:		[tests.gui.google.A_Search_FlatTest_NativeSeleniumWebDriver.navigateToGoogleHomeAndAssertPageTitle]
###############################################################################################################################################



################################################################################################################################################
Starting Execution:	[23 out of 23] test cases in the current suite
Test Method:		[tests.gui.google.A_Search_FlatTest_NativeSeleniumWebDriver.searchForQueryAndAssertFirstResultTextIsCorrect]
###############################################################################################################################################

[ReportManager] Successfully created attachment [SHAFT Engine Logs - Execution log] @22-01-2022 18:35:14.0081 PM

################################################################################################################################################
This test run was powered by SHAFT Engine Version: [SHAFT Engine v6.1.20220113]
SHAFT Engine is licensed under the MIT License: [https://github.com/MohabMohie/SHAFT_ENGINE/blob/master/LICENSE].
################################################################################################################################################