################################################################################################################################################
Detected SHAFT Engine Version: [SHAFT Engine v6.1.20220113]
################################################################################################################################################
[ReportManager] An Exception Occured with this Message: src/test/resources/testDataFiles/Google/SimpleSearch.xlsx (No such file or directory). @09-04-2022 01:57:21.0520 AM
[ReportManager] Successfully created attachment [Exception Stack Trace - java.io.FileNotFoundException] @09-04-2022 01:57:21.0520 AM
[ReportManager] Couldn't find the desired file. [src/test/resources/testDataFiles/Google/SimpleSearch.xlsx]. @09-04-2022 01:57:21.0522 A


################################################################################################################################################
Starting Execution:	[1 out of 23] test cases in the current suite
Test Method:		[tests.gui.google.D_Search_PageObjectModel_Traditional_DataDriven.navigateToGoogleHomeAndAssertGoogleLogoIsDisplayed]
###############################################################################################################################################



################################################################################################################################################
Starting Execution:	[2 out of 23] test cases in the current suite
Test Method:		[tests.gui.google.D_Search_PageObjectModel_Traditional_DataDriven.navigateToGoogleHomeAndAssertPageTitle]
###############################################################################################################################################



################################################################################################################################################
Starting Execution:	[3 out of 23] test cases in the current suite
Test Method:		[tests.gui.google.D_Search_PageObjectModel_Traditional_DataDriven.searchForQueryAndAssertFirstResultTextIsCorrect]
###############################################################################################################################################

[ReportManager] An Exception Occured with this Message: src/test/resources/testDataFiles/Google/SimpleSearch.xlsx (No such file or directory). @09-04-2022 01:57:21.0792 AM
[ReportManager] Successfully created attachment [Exception Stack Trace - java.io.FileNotFoundException] @09-04-2022 01:57:21.0792 AM
[ReportManager] Couldn't find the desired file. [src/test/resources/testDataFiles/Google/SimpleSearch.xlsx]. @09-04-2022 01:57:21.0792 A


################################################################################################################################################
Starting Execution:	[4 out of 23] test cases in the current suite
Test Method:		[tests.gui.google.G_Search_PageObjectModel_ThreadSafe.navigateToGoogleHomeAndAssertGoogleLogoIsDisplayed]
###############################################################################################################################################



################################################################################################################################################
Starting Execution:	[5 out of 23] test cases in the current suite
Test Method:		[tests.gui.google.G_Search_PageObjectModel_ThreadSafe.navigateToGoogleHomeAndAssertPageTitle]
###############################################################################################################################################



################################################################################################################################################
Starting Execution:	[6 out of 23] test cases in the current suite
Test Method:		[tests.gui.google.G_Search_PageObjectModel_ThreadSafe.searchForQueryAndAssertFirstResultTextIsCorrect]
###############################################################################################################################################

[ReportManager] File Action [GetAbsolutePath] successfully performed. With the following test data [Relative Folder Path: "target/downloadedFiles/"]. @09-04-2022 01:57:21.0834 AM
[ReportManager] Attempting to run remotely on: [Linux-64], [GoogleChrome], [http://localhost:4444/wd/hub], Headless Execution. @09-04-2022 01:57:21.0858 AM
[ReportManager] Successfully Opened [GoogleChrome]. @09-04-2022 01:57:23.0691 AM
[ReportManager] Target URL: [https://www.google.com/ncr], and after redirection: [https://www.google.com] @09-04-2022 01:57:23.0700 AM
[ReportManager] Initial URL: [data:,] @09-04-2022 01:57:23.0834 AM
[ReportManager] Browser Action [NavigateToURL] successfully performed. With the following test data [https://www.google.com/ncr]. @09-04-2022 01:57:25.0214 A

################################################################################################################################################
Starting Execution:	[7 out of 23] test cases in the current suite
Test Method:		[tests.gui.google.C_Search_PageObjectModel_Traditional.navigateToGoogleHomeAndAssertGoogleLogoIsDisplayed]
################################################################################################################################################
[ReportManager] Element Action [IsElementDisplayed] successfully performed. @09-04-2022 01:57:25.0379 AM
[ReportManager] Assertion Passed: Asserting that the Google logo is displayed @09-04-2022 01:57:25.0392 AM
[ReportManager] Assertion [ValidateTrue] PASSED. Expected [TRUE] and Actual [TRUE]. Validation Type [POSITIVE]. @09-04-2022 01:57:25.0392 A
[ReportManager] Browser Action [CloseCurrentWindow] successfully performed. @09-04-2022 01:57:25.0555 AM
[ReportManager] Successfully created attachment [Browser Action Test Data - CloseCurrentWindow - Actual Value] @09-04-2022 01:57:25.0567 A
[ReportManager] File Action [GetAbsolutePath] successfully performed. With the following test data [Relative Folder Path: "target/downloadedFiles/"]. @09-04-2022 01:57:25.0583 AM
[ReportManager] Attempting to run remotely on: [Linux-64], [GoogleChrome], [http://localhost:4444/wd/hub], Headless Execution. @09-04-2022 01:57:25.0583 AM
[ReportManager] Successfully Opened [GoogleChrome]. @09-04-2022 01:57:25.0960 AM
[ReportManager] Target URL: [https://www.google.com/ncr], and after redirection: [https://www.google.com] @09-04-2022 01:57:25.0963 AM
[ReportManager] Initial URL: [data:,] @09-04-2022 01:57:26.0066 AM
[ReportManager] Browser Action [NavigateToURL] successfully performed. With the following test data [https://www.google.com/ncr]. @09-04-2022 01:57:27.0247 A

################################################################################################################################################
Starting Execution:	[8 out of 23] test cases in the current suite
Test Method:		[tests.gui.google.C_Search_PageObjectModel_Traditional.navigateToGoogleHomeAndAssertPageTitle]
################################################################################################################################################
[ReportManager] Browser Action [GetCurrentWindowTitle] successfully performed. With the following test data [Google]. @09-04-2022 01:57:27.0309 AM
[ReportManager] Assertion Passed: Asserting that the page title is Google @09-04-2022 01:57:27.0311 AM
[ReportManager] Assertion [ValidateEquals] PASSED. Expected [Google] and Actual [Google]. Comparison Type [EQUALS]. Validation Type [POSITIVE]. @09-04-2022 01:57:27.0311 A
[ReportManager] Browser Action [CloseCurrentWindow] successfully performed. @09-04-2022 01:57:27.0467 AM
[ReportManager] Successfully created attachment [Browser Action Test Data - CloseCurrentWindow - Actual Value] @09-04-2022 01:57:27.0468 A
[ReportManager] File Action [GetAbsolutePath] successfully performed. With the following test data [Relative Folder Path: "target/downloadedFiles/"]. @09-04-2022 01:57:27.0481 AM
[ReportManager] Attempting to run remotely on: [Linux-64], [GoogleChrome], [http://localhost:4444/wd/hub], Headless Execution. @09-04-2022 01:57:27.0481 AM
[ReportManager] Successfully Opened [GoogleChrome]. @09-04-2022 01:57:27.0893 AM
[ReportManager] Target URL: [https://www.google.com/ncr], and after redirection: [https://www.google.com] @09-04-2022 01:57:27.0893 AM
[ReportManager] Initial URL: [data:,] @09-04-2022 01:57:27.0992 AM
[ReportManager] Browser Action [NavigateToURL] successfully performed. With the following test data [https://www.google.com/ncr]. @09-04-2022 01:57:29.0124 A

################################################################################################################################################
Starting Execution:	[9 out of 23] test cases in the current suite
Test Method:		[tests.gui.google.C_Search_PageObjectModel_Traditional.searchForQueryAndAssertFirstResultTextIsCorrect]
################################################################################################################################################
[ReportManager] Element Action [Type] successfully performed. With the following test data [SHAFT_Engine]. @09-04-2022 01:57:29.0973 AM
[ReportManager] Element Action [KeyPress] successfully performed. With the following test data [ENTER]. @09-04-2022 01:57:31.0176 AM
[ReportManager] Element Action [GetText] successfully performed. With the following test data [SHAFT: Unified Test Automation Engine - GitHub]. @09-04-2022 01:57:31.0305 AM
[ReportManager] Assertion Failed: Asserting that the correct first result is displayed @09-04-2022 01:57:31.0308 AM
[ReportManager] Assertion [ValidateEquals] FAILED. Expected [MohabMohie] and Actual [SHAFT: Unified Test Automation Engine - GitHub]. Comparison Type [CONTAINS]. Validation Type [POSITIVE]. @09-04-2022 01:57:31.0308 A
[ReportManager] Browser Action [CloseCurrentWindow] successfully performed. @09-04-2022 01:57:31.0558 AM
[ReportManager] Successfully created attachment [Browser Action Test Data - CloseCurrentWindow - Actual Value] @09-04-2022 01:57:31.0569 A
[ReportManager] File Action [GetAbsolutePath] successfully performed. With the following test data [Relative Folder Path: "target/downloadedFiles/"]. @09-04-2022 01:57:31.0579 AM
[ReportManager] Attempting to run remotely on: [Linux-64], [GoogleChrome], [http://localhost:4444/wd/hub], Headless Execution. @09-04-2022 01:57:31.0579 AM
[ReportManager] Successfully Opened [GoogleChrome]. @09-04-2022 01:57:31.0957 AM
[ReportManager] Target URL: [https://www.google.com/ncr], and after redirection: [https://www.google.com] @09-04-2022 01:57:31.0957 AM
[ReportManager] Initial URL: [data:,] @09-04-2022 01:57:32.0033 AM
[ReportManager] Browser Action [NavigateToURL] successfully performed. With the following test data [https://www.google.com/ncr]. @09-04-2022 01:57:33.0101 A

################################################################################################################################################
Starting Execution:	[10 out of 23] test cases in the current suite
Test Method:		[tests.gui.google.B_Search_FlatTest_SHAFT.navigateToGoogleHomeAndAssertGoogleLogoIsDisplayed]
################################################################################################################################################
[ReportManager] File Action [DoesFileExist] successfully performed. With the following test data [File Path: "src/main/resources/dynamicObjectRepository/tests_gui_google_B_Search_FlatTest_SHAFT_navigateToGoogleHomeAndAssertGoogleLogoIsDisplayed_By_xpath_img_id_hplogo_or_alt_Google.png"]. @09-04-2022 01:57:33.0108 AM
[ReportManager] File Action [GetAbsolutePath] successfully performed. With the following test data [Relative Folder Path: "src/main/resources/dynamicObjectRepository/tests_gui_google_B_Search_FlatTest_SHAFT_navigateToGoogleHomeAndAssertGoogleLogoIsDisplayed_By_xpath_img_id_hplogo_or_alt_Google.png"]. @09-04-2022 01:57:33.0108 AM
[ReportManager] File Action [ReadFromImageFile] successfully performed. With the following test data [File Path: "/home/runner/work/using_SHAFT_ENGINE/using_SHAFT_ENGINE/src/main/resources/dynamicObjectRepository/tests_gui_google_B_Search_FlatTest_SHAFT_navigateToGoogleHomeAndAssertGoogleLogoIsDisplayed_By_xpath_img_id_hplogo_or_alt_Google.png"]. @09-04-2022 01:57:33.0109 AM
[ReportManager] File Action [DoesFileExist] successfully performed. With the following test data [File Path: "src/main/resources/dynamicObjectRepository/tests_gui_google_B_Search_FlatTest_SHAFT_navigateToGoogleHomeAndAssertGoogleLogoIsDisplayed_By_xpath_img_id_hplogo_or_alt_Google.png"]. @09-04-2022 01:57:33.0368 AM
[ReportManager] File Action [DoesFileExist] successfully performed. With the following test data [File Path: "src/main/resources/dynamicObjectRepository/tests_gui_google_B_Search_FlatTest_SHAFT_navigateToGoogleHomeAndAssertGoogleLogoIsDisplayed_By_xpath_img_id_hplogo_or_alt_Google.png"]. @09-04-2022 01:57:33.0368 AM
[ReportManager] File Action [GetAbsolutePath] successfully performed. With the following test data [Relative Folder Path: "src/main/resources/dynamicObjectRepository/tests_gui_google_B_Search_FlatTest_SHAFT_navigateToGoogleHomeAndAssertGoogleLogoIsDisplayed_By_xpath_img_id_hplogo_or_alt_Google.png"]. @09-04-2022 01:57:33.0386 AM
[ReportManager] File Action [ReadFromImageFile] successfully performed. With the following test data [File Path: "/home/runner/work/using_SHAFT_ENGINE/using_SHAFT_ENGINE/src/main/resources/dynamicObjectRepository/tests_gui_google_B_Search_FlatTest_SHAFT_navigateToGoogleHomeAndAssertGoogleLogoIsDisplayed_By_xpath_img_id_hplogo_or_alt_Google.png"]. @09-04-2022 01:57:33.0386 AM
[ReportManager] Accuracy threshold is [80.0%] and the actual match accuracy is [91.50802493095398%]. @09-04-2022 01:57:33.0390 AM
[ReportManager] Successfully identified the element using AI; OpenCV. @09-04-2022 01:57:33.0390 AM
[ReportManager] Assertion Passed: Asserting that the Google logo is displayed @09-04-2022 01:57:33.0391 AM
[ReportManager] Successfully created attachment [Validation Test Data - Reference Screenshot] @09-04-2022 01:57:33.0392 AM
[ReportManager] Successfully created attachment [Validation Test Data - Actual Screenshot] @09-04-2022 01:57:33.0392 AM
[ReportManager] Assertion [ValidateElementMatches] PASSED. Expected [Element should match the reference screenshot] and Actual [TRUE]. Comparison Type [EXACT_OPENCV]. Validation Type [POSITIVE]. @09-04-2022 01:57:33.0392 A
[ReportManager] Browser Action [CloseCurrentWindow] successfully performed. @09-04-2022 01:57:33.0543 AM
[ReportManager] Successfully created attachment [Browser Action Test Data - CloseCurrentWindow - Actual Value] @09-04-2022 01:57:33.0544 A
[ReportManager] File Action [GetAbsolutePath] successfully performed. With the following test data [Relative Folder Path: "target/downloadedFiles/"]. @09-04-2022 01:57:33.0559 AM
[ReportManager] Attempting to run remotely on: [Linux-64], [GoogleChrome], [http://localhost:4444/wd/hub], Headless Execution. @09-04-2022 01:57:33.0559 AM
[ReportManager] Successfully Opened [GoogleChrome]. @09-04-2022 01:57:33.0851 AM
[ReportManager] Target URL: [https://www.google.com/ncr], and after redirection: [https://www.google.com] @09-04-2022 01:57:33.0851 AM
[ReportManager] Initial URL: [data:,] @09-04-2022 01:57:33.0943 AM
[ReportManager] Browser Action [NavigateToURL] successfully performed. With the following test data [https://www.google.com/ncr]. @09-04-2022 01:57:35.0030 A

################################################################################################################################################
Starting Execution:	[11 out of 23] test cases in the current suite
Test Method:		[tests.gui.google.B_Search_FlatTest_SHAFT.navigateToGoogleHomeAndAssertPageTitle]
################################################################################################################################################
[ReportManager] Browser Action [GetCurrentWindowTitle] successfully performed. With the following test data [Google]. @09-04-2022 01:57:35.0091 AM
[ReportManager] Assertion Passed: Asserting that the page title is Google @09-04-2022 01:57:35.0705 AM
[ReportManager] Successfully created attachment [Screenshot - 1649469455297_navigateToGoogleHomeAndAssertPageTitle_ValidateBrowserAttribute_passed] @09-04-2022 01:57:35.0722 AM
[ReportManager] Assertion [ValidateBrowserAttribute] PASSED. Expected [Value Should be 'Google' for the 'Title' attribute] and Actual [Google]. Comparison Type [EQUALS]. Validation Type [POSITIVE]. @09-04-2022 01:57:35.0723 A
[ReportManager] Browser Action [CloseCurrentWindow] successfully performed. @09-04-2022 01:57:35.0865 AM
[ReportManager] Successfully created attachment [Browser Action Test Data - CloseCurrentWindow - Actual Value] @09-04-2022 01:57:35.0866 A
[ReportManager] File Action [GetAbsolutePath] successfully performed. With the following test data [Relative Folder Path: "target/downloadedFiles/"]. @09-04-2022 01:57:35.0869 AM
[ReportManager] Attempting to run remotely on: [Linux-64], [GoogleChrome], [http://localhost:4444/wd/hub], Headless Execution. @09-04-2022 01:57:35.0870 AM
[ReportManager] Successfully Opened [GoogleChrome]. @09-04-2022 01:57:36.0130 AM
[ReportManager] Target URL: [https://www.google.com/ncr], and after redirection: [https://www.google.com] @09-04-2022 01:57:36.0130 AM
[ReportManager] Initial URL: [data:,] @09-04-2022 01:57:36.0215 AM
[ReportManager] Browser Action [NavigateToURL] successfully performed. With the following test data [https://www.google.com/ncr]. @09-04-2022 01:57:37.0236 A

################################################################################################################################################
Starting Execution:	[12 out of 23] test cases in the current suite
Test Method:		[tests.gui.google.B_Search_FlatTest_SHAFT.searchForQueryAndAssertFirstResultTextIsCorrect]
################################################################################################################################################
[ReportManager] Element Action [Type] successfully performed. With the following test data [SHAFT_Engine]. @09-04-2022 01:57:38.0070 AM
[ReportManager] Element Action [KeyPress] successfully performed. With the following test data [ENTER]. @09-04-2022 01:57:38.0671 AM
[ReportManager] Element Action [GetText] successfully performed. With the following test data [SHAFT: Unified Test Automation Engine - GitHub]. @09-04-2022 01:57:39.0056 AM
[ReportManager] Assertion Failed: Asserting that the correct first result is displayed @09-04-2022 01:57:39.0878 AM
[ReportManager] Successfully created attachment [Screenshot - 1649469459712_searchForQueryAndAssertFirstResultTextIsCorrect_ValidateElementAttribute_failed] @09-04-2022 01:57:39.0886 AM
[ReportManager] Assertion [ValidateElementAttribute] FAILED. Expected [Value Should be 'MohabMohie' for the 'Text' attribute, element locator 'By.xpath: (//h1[contains(text(),'Search Result')]/following-sibling::div//a/h3)[1]'] and Actual [SHAFT: Unified Test Automation Engine - GitHub]. Comparison Type [CONTAINS]. Validation Type [POSITIVE]. @09-04-2022 01:57:39.0886 A
[ReportManager] Browser Action [CloseCurrentWindow] successfully performed. @09-04-2022 01:57:40.0139 AM
[ReportManager] Successfully created attachment [Browser Action Test Data - CloseCurrentWindow - Actual Value] @09-04-2022 01:57:40.0142 A
[ReportManager] An Exception Occured with this Message: src/test/resources/testDataFiles/Google/SimpleSearch.xlsx (No such file or directory). @09-04-2022 01:57:40.0148 AM
[ReportManager] Successfully created attachment [Exception Stack Trace - java.io.FileNotFoundException] @09-04-2022 01:57:40.0148 AM
[ReportManager] Couldn't find the desired file. [src/test/resources/testDataFiles/Google/SimpleSearch.xlsx]. @09-04-2022 01:57:40.0149 A


################################################################################################################################################
Starting Execution:	[13 out of 23] test cases in the current suite
Test Method:		[tests.gui.google.E_Search_PageObjectModel_Traditional_SHAFTAssertions.navigateToGoogleHomeAndAssertGoogleLogoIsDisplayed]
###############################################################################################################################################



################################################################################################################################################
Starting Execution:	[14 out of 23] test cases in the current suite
Test Method:		[tests.gui.google.E_Search_PageObjectModel_Traditional_SHAFTAssertions.navigateToGoogleHomeAndAssertPageTitle]
###############################################################################################################################################



################################################################################################################################################
Starting Execution:	[15 out of 23] test cases in the current suite
Test Method:		[tests.gui.google.E_Search_PageObjectModel_Traditional_SHAFTAssertions.searchForQueryAndAssertFirstResultTextIsCorrect]
###############################################################################################################################################

[ReportManager] An Exception Occured with this Message: src/test/resources/testDataFiles/Google/SimpleSearch.xlsx (No such file or directory). @09-04-2022 01:57:40.0184 AM
[ReportManager] Successfully created attachment [Exception Stack Trace - java.io.FileNotFoundException] @09-04-2022 01:57:40.0184 AM
[ReportManager] Couldn't find the desired file. [src/test/resources/testDataFiles/Google/SimpleSearch.xlsx]. @09-04-2022 01:57:40.0184 A


################################################################################################################################################
Starting Execution:	[16 out of 23] test cases in the current suite
Test Method:		[tests.gui.google.F_Search_PageObjectModel_Fluent.navigateToGoogleHomeAndAssertGoogleLogoIsDisplayed]
###############################################################################################################################################



################################################################################################################################################
Starting Execution:	[17 out of 23] test cases in the current suite
Test Method:		[tests.gui.google.F_Search_PageObjectModel_Fluent.navigateToGoogleHomeAndAssertPageTitle]
###############################################################################################################################################



################################################################################################################################################
Starting Execution:	[18 out of 23] test cases in the current suite
Test Method:		[tests.gui.google.F_Search_PageObjectModel_Fluent.searchForQueryAndAssertFirstResultTextIsCorrect]
###############################################################################################################################################




################################################################################################################################################
Starting Execution:	[19 out of 23] test cases in the current suite
Test Method:		[tests.gui.google.A_Search_FlatTest_NativeSeleniumWebDriver.navigateToGoogleHomeAndAssertGoogleLogoIsDisplayed]
###############################################################################################################################################



################################################################################################################################################
Starting Execution:	[20 out of 23] test cases in the current suite
Test Method:		[tests.gui.google.A_Search_FlatTest_NativeSeleniumWebDriver.navigateToGoogleHomeAndAssertPageTitle]
###############################################################################################################################################



################################################################################################################################################
Starting Execution:	[21 out of 23] test cases in the current suite
Test Method:		[tests.gui.google.A_Search_FlatTest_NativeSeleniumWebDriver.searchForQueryAndAssertFirstResultTextIsCorrect]
###############################################################################################################################################


################################################################################################################################################
Starting Execution:	[22 out of 23] test cases in the current suite
Test Method:		[tests.api.users.UserData.validateUserEmail]
################################################################################################################################################
[ReportManager] Response status code: [200], status line: [HTTP/1.1 200 OK] @09-04-2022 01:57:44.0050 AM
[ReportManager] Assertion Passed: Evaluating the actual response status code against the expected one... @09-04-2022 01:57:44.0054 AM
[ReportManager] Assertion [ValidateComparativeRelation] PASSED. Expected [200] and Actual [200]. Comparison Type [EQUALS]. Validation Type [POSITIVE]. @09-04-2022 01:57:44.0055 AM
[ReportManager] API Action [PerformRequest] successfully performed. With the following test data [Request Type: "GET" | Target Status Code: "200" | Service URL: "https://jsonplaceholder.typicode.com/users" | Content Type: "*/*" | Response Time: "664ms"]. @09-04-2022 01:57:45.0044 AM
[ReportManager] Successfully created attachment [API Request - Specifications] @09-04-2022 01:57:45.0044 AM
[ReportManager] Successfully created attachment [API Response - JSON Body] @09-04-2022 01:57:45.0345 AM
[ReportManager] Assertion [ValidateEquals] PASSED. Expected and Actual values are attached. Comparison Type [CONTAINS]. Validation Type [POSITIVE]. @09-04-2022 01:57:45.0346 AM
[ReportManager] Successfully created attachment [Validation Test Data - Expected Value] @09-04-2022 01:57:45.0346 AM
[ReportManager] Successfully created attachment [Validation Test Data - Actual Value] @09-04-2022 01:57:45.0346 AM
[ReportManager] API Action [GetResponseJSONValueAsList] successfully performed. With the following test data [$]. @09-04-2022 01:57:45.0367 AM
[ReportManager] API Action [GetResponseJSONValue] successfully performed. With the following test data [name]. @09-04-2022 01:57:45.0404 AM
[ReportManager] API Action [GetResponseJSONValue] successfully performed. With the following test data [email]. @09-04-2022 01:57:45.0446 AM
[ReportManager] Assertion [ValidateEquals] PASSED. Expected [Sincere@april.biz] and Actual [Sincere@april.biz]. Comparison Type [EQUALS]. Validation Type [POSITIVE]. @09-04-2022 01:57:45.0446 AM
[ReportManager] API Action [GetResponseJSONValue] successfully performed. With the following test data [name]. @09-04-2022 01:57:45.0463 AM
[ReportManager] API Action [GetResponseJSONValue] successfully performed. With the following test data [name]. @09-04-2022 01:57:45.0489 AM
[ReportManager] API Action [GetResponseJSONValue] successfully performed. With the following test data [name]. @09-04-2022 01:57:45.0509 AM
[ReportManager] API Action [GetResponseJSONValue] successfully performed. With the following test data [name]. @09-04-2022 01:57:45.0529 AM
[ReportManager] API Action [GetResponseJSONValue] successfully performed. With the following test data [name]. @09-04-2022 01:57:45.0553 AM
[ReportManager] API Action [GetResponseJSONValue] successfully performed. With the following test data [name]. @09-04-2022 01:57:45.0565 AM
[ReportManager] API Action [GetResponseJSONValue] successfully performed. With the following test data [name]. @09-04-2022 01:57:45.0574 AM
[ReportManager] API Action [GetResponseJSONValue] successfully performed. With the following test data [name]. @09-04-2022 01:57:45.0584 AM
[ReportManager] API Action [GetResponseJSONValue] successfully performed. With the following test data [name]. @09-04-2022 01:57:45.0593 A

################################################################################################################################################
Starting Execution:	[23 out of 23] test cases in the current suite
Test Method:		[tests.cli.demo.cliTest.sampleTestCase]
################################################################################################################################################
[ReportManager] Attempting to perform the following command locally. Command: [ls] @09-04-2022 01:57:45.0600 AM
[ReportManager] Terminal Action [PerformTerminalCommands] successfully performed. With the following test data [Host Name: "localHost" | Command: "ls" | Exit Status: "0"]. @09-04-2022 01:57:45.0604 AM
[ReportManager] Successfully created attachment [Terminal Action Actual Result - Command Log] @09-04-2022 01:57:45.0604 AM
[ReportManager] Assertion Passed: Demoing local terminal actions @09-04-2022 01:57:45.0605 AM
[ReportManager] Assertion [ValidateEquals] PASSED. Expected [pom.xml] and Actual [LICENSE
README.md
allure-results
docker-compose_native.yml
docker-compose_zalenium.yml
extent-reports
generateJdkMac.sh
pom.xml
readMeImgs
src
target]. Comparison Type [CONTAINS]. Validation Type [POSITIVE]. @09-04-2022 01:57:45.0605 A
[ReportManager] Successfully created attachment [SHAFT Engine Logs - Execution log] @09-04-2022 01:57:45.0620 AM

################################################################################################################################################
This test run was powered by SHAFT Engine Version: [SHAFT Engine v6.1.20220113]
SHAFT Engine is licensed under the MIT License: [https://github.com/MohabMohie/SHAFT_ENGINE/blob/master/LICENSE].
################################################################################################################################################