{
  "uid" : "4b4757e66a1912dae1a509f688f20b0f",
  "children" : [ {
    "name" : "Product defects",
    "children" : [ {
      "name" : "Assertion [ValidateEquals] FAILED. Expected [MohabMohie] and Actual [SHAFT_ENGINE is a Test Automation Engine that ... - GitHub]. Comparison Type [CONTAINS]. Validation Type [POSITIVE].",
      "children" : [ {
        "name" : "searchForQueryAndAssertFirstResultTextIsCorrect",
        "uid" : "e90ab5f38a79a4f6",
        "parentUid" : "560f4ba7520edf3654889622d1ec21d5",
        "status" : "failed",
        "time" : {
          "start" : 1632447099585,
          "stop" : 1632447102333,
          "duration" : 2748
        },
        "flaky" : false,
        "newFailed" : false,
        "parameters" : [ ]
      }, {
        "name" : "searchForQueryAndAssertFirstResultTextIsCorrect",
        "uid" : "5c587aa32dcbeede",
        "parentUid" : "560f4ba7520edf3654889622d1ec21d5",
        "status" : "failed",
        "time" : {
          "start" : 1632447152368,
          "stop" : 1632447154492,
          "duration" : 2124
        },
        "flaky" : false,
        "newFailed" : false,
        "parameters" : [ ]
      } ],
      "uid" : "560f4ba7520edf3654889622d1ec21d5"
    }, {
      "name" : "Assertion [ValidateElementAttribute] FAILED. Expected [Value Should be 'MohabMohie' for the 'Text' attribute, element locator 'By.xpath: (//h1[contains(text(),'Search Result')]/following-sibling::div//a/h3)[1]'] and Actual [SHAFT_ENGINE is a Test Automation Engine that ... - GitHub]. Comparison Type [CONTAINS]. Validation Type [POSITIVE].",
      "children" : [ {
        "name" : "searchForQueryAndAssertFirstResultTextIsCorrect",
        "uid" : "6cda0cc13ec2e6a5",
        "parentUid" : "7ec2ccc38aacde760e1a17d26c12f1c8",
        "status" : "failed",
        "time" : {
          "start" : 1632447110751,
          "stop" : 1632447113496,
          "duration" : 2745
        },
        "flaky" : false,
        "newFailed" : false,
        "parameters" : [ ]
      }, {
        "name" : "searchForQueryAndAssertFirstResultTextIsCorrect",
        "uid" : "f7e4313bee19e3a2",
        "parentUid" : "7ec2ccc38aacde760e1a17d26c12f1c8",
        "status" : "failed",
        "time" : {
          "start" : 1632447119276,
          "stop" : 1632447122004,
          "duration" : 2728
        },
        "flaky" : false,
        "newFailed" : false,
        "parameters" : [ ]
      }, {
        "name" : "searchForQueryAndAssertFirstResultTextIsCorrect",
        "uid" : "bd91424f38ac9754",
        "parentUid" : "7ec2ccc38aacde760e1a17d26c12f1c8",
        "status" : "failed",
        "time" : {
          "start" : 1632447127608,
          "stop" : 1632447130156,
          "duration" : 2548
        },
        "flaky" : false,
        "newFailed" : false,
        "parameters" : [ ]
      }, {
        "name" : "searchForQueryAndAssertFirstResultTextIsCorrect",
        "uid" : "482aaed44de4b7f1",
        "parentUid" : "7ec2ccc38aacde760e1a17d26c12f1c8",
        "status" : "failed",
        "time" : {
          "start" : 1632447137935,
          "stop" : 1632447140240,
          "duration" : 2305
        },
        "flaky" : false,
        "newFailed" : false,
        "parameters" : [ ]
      } ],
      "uid" : "7ec2ccc38aacde760e1a17d26c12f1c8"
    } ],
    "uid" : "8fb3a91ba5aaf9de24cc8a92edc82b5d"
  }, {
    "name" : "Test defects",
    "children" : [ {
      "name" : "unknown error: Chrome failed to start: exited abnormally.\n  (unknown error: DevToolsActivePort file doesn't exist)\n  (The process started from chrome location /usr/bin/google-chrome is no longer running, so ChromeDriver is assuming that Chrome has crashed.)\nBuild info: version: '3.141.59', revision: 'e82be7d358', time: '2018-11-14T08:17:03'\nSystem info: host: 'fv-az198-990', ip: '10.1.1.231', os.name: 'Linux', os.arch: 'amd64', os.version: '5.8.0-1041-azure', java.version: '16.0.2'\nDriver info: driver.version: A_Search_FlatTest_NativeSeleniumWebDriver\nremote stacktrace: #0 0x55b1aff3d583 <unknown>\n#1 0x55b1afcb1a38 <unknown>\n#2 0x55b1afcd4923 <unknown>\n#3 0x55b1afcd04df <unknown>\n#4 0x55b1afd0a1e2 <unknown>\n#5 0x55b1afd04643 <unknown>\n#6 0x55b1afcdab94 <unknown>\n#7 0x55b1afcdbb85 <unknown>\n#8 0x55b1aff6dc6e <unknown>\n#9 0x55b1aff83975 <unknown>\n#10 0x55b1aff6ebc5 <unknown>\n#11 0x55b1aff84fb5 <unknown>\n#12 0x55b1aff6384b <unknown>\n#13 0x55b1affa0248 <unknown>\n#14 0x55b1affa03c8 <unknown>\n#15 0x55b1affba73d <unknown>\n#16 0x7f1c32785609 start_thread\n",
      "children" : [ {
        "name" : "beforeMethod",
        "uid" : "3473153722d8aac4",
        "parentUid" : "1020f4891978aba8e39be6222b1a0b01",
        "status" : "broken",
        "time" : {
          "start" : 1632447147919,
          "stop" : 1632447147919,
          "duration" : 0
        },
        "flaky" : false,
        "newFailed" : false,
        "parameters" : [ ]
      } ],
      "uid" : "1020f4891978aba8e39be6222b1a0b01"
    } ],
    "uid" : "bdbf199525818fae7a8651db9eafe741"
  } ],
  "name" : "categories"
}