{
  "uid" : "4b4757e66a1912dae1a509f688f20b0f",
  "children" : [ {
    "name" : "Product defects",
    "children" : [ {
      "name" : "Assertion [ValidateEquals] FAILED. Expected [MohabMohie] and Actual [SHAFT_ENGINE is a Test Automation Engine that ... - GitHub]. Comparison Type [CONTAINS]. Validation Type [POSITIVE].",
      "children" : [ {
        "name" : "searchForQueryAndAssertFirstResultTextIsCorrect",
        "uid" : "3b7d4fc18683485e",
        "parentUid" : "560f4ba7520edf3654889622d1ec21d5",
        "status" : "failed",
        "time" : {
          "start" : 1635902929036,
          "stop" : 1635902931232,
          "duration" : 2196
        },
        "flaky" : false,
        "newFailed" : false,
        "parameters" : [ ]
      }, {
        "name" : "searchForQueryAndAssertFirstResultTextIsCorrect",
        "uid" : "4496eed95be5f0a",
        "parentUid" : "560f4ba7520edf3654889622d1ec21d5",
        "status" : "failed",
        "time" : {
          "start" : 1635902937237,
          "stop" : 1635902939456,
          "duration" : 2219
        },
        "flaky" : false,
        "newFailed" : false,
        "parameters" : [ ]
      } ],
      "uid" : "560f4ba7520edf3654889622d1ec21d5"
    }, {
      "name" : "Assertion [ValidateElementAttribute] FAILED. Expected [Value Should be 'MohabMohie' for the 'Text' attribute, element locator 'By.xpath: (//h1[contains(text(),'Search Result')]/following-sibling::div//a/h3)[1]'] and Actual [SHAFT_ENGINE is a Test Automation Engine that ... - GitHub]. Comparison Type [CONTAINS]. Validation Type [POSITIVE].",
      "children" : [ {
        "name" : "searchForQueryAndAssertFirstResultTextIsCorrect",
        "uid" : "5d5b96f204413956",
        "parentUid" : "7ec2ccc38aacde760e1a17d26c12f1c8",
        "status" : "failed",
        "time" : {
          "start" : 1635902944980,
          "stop" : 1635902947395,
          "duration" : 2415
        },
        "flaky" : false,
        "newFailed" : false,
        "parameters" : [ ]
      }, {
        "name" : "searchForQueryAndAssertFirstResultTextIsCorrect",
        "uid" : "c9b0474b7f51a93a",
        "parentUid" : "7ec2ccc38aacde760e1a17d26c12f1c8",
        "status" : "failed",
        "time" : {
          "start" : 1635902951775,
          "stop" : 1635902954136,
          "duration" : 2361
        },
        "flaky" : false,
        "newFailed" : false,
        "parameters" : [ ]
      }, {
        "name" : "searchForQueryAndAssertFirstResultTextIsCorrect",
        "uid" : "f82e7dc0b90949e2",
        "parentUid" : "7ec2ccc38aacde760e1a17d26c12f1c8",
        "status" : "failed",
        "time" : {
          "start" : 1635902958388,
          "stop" : 1635902960567,
          "duration" : 2179
        },
        "flaky" : false,
        "newFailed" : false,
        "parameters" : [ ]
      }, {
        "name" : "searchForQueryAndAssertFirstResultTextIsCorrect",
        "uid" : "5a1e00a53f73e2f",
        "parentUid" : "7ec2ccc38aacde760e1a17d26c12f1c8",
        "status" : "failed",
        "time" : {
          "start" : 1635902964723,
          "stop" : 1635902967065,
          "duration" : 2342
        },
        "flaky" : false,
        "newFailed" : false,
        "parameters" : [ ]
      } ],
      "uid" : "7ec2ccc38aacde760e1a17d26c12f1c8"
    } ],
    "uid" : "8fb3a91ba5aaf9de24cc8a92edc82b5d"
  }, {
    "name" : "Test defects",
    "children" : [ {
      "name" : "unknown error: Chrome failed to start: exited abnormally.\n  (unknown error: DevToolsActivePort file doesn't exist)\n  (The process started from chrome location /usr/bin/google-chrome is no longer running, so ChromeDriver is assuming that Chrome has crashed.)\nBuild info: version: '3.141.59', revision: 'e82be7d358', time: '2018-11-14T08:17:03'\nSystem info: host: 'fv-az201-621', ip: '10.1.0.23', os.name: 'Linux', os.arch: 'amd64', os.version: '5.8.0-1042-azure', java.version: '17.0.1'\nDriver info: driver.version: A_Search_FlatTest_NativeSeleniumWebDriver\nremote stacktrace: #0 0x5602f8a918f3 <unknown>\n#1 0x5602f8576ba8 <unknown>\n#2 0x5602f8599e33 <unknown>\n#3 0x5602f85959ef <unknown>\n#4 0x5602f85cf995 <unknown>\n#5 0x5602f85c9d63 <unknown>\n#6 0x5602f85a0144 <unknown>\n#7 0x5602f85a1135 <unknown>\n#8 0x5602f8ac0c3e <unknown>\n#9 0x5602f8ad66b7 <unknown>\n#10 0x5602f8ac1b95 <unknown>\n#11 0x5602f8ad7b05 <unknown>\n#12 0x5602f8ab62ab <unknown>\n#13 0x5602f8af2248 <unknown>\n#14 0x5602f8af23c8 <unknown>\n#15 0x5602f8b0d33d <unknown>\n#16 0x7fc816f8a609 start_thread\n",
      "children" : [ {
        "name" : "beforeMethod",
        "uid" : "b59379c896cbcf70",
        "parentUid" : "613101b8903f6a39054b32e19ca000ca",
        "status" : "broken",
        "time" : {
          "start" : 1635902969226,
          "stop" : 1635902969227,
          "duration" : 1
        },
        "flaky" : false,
        "newFailed" : false,
        "parameters" : [ ]
      } ],
      "uid" : "613101b8903f6a39054b32e19ca000ca"
    } ],
    "uid" : "bdbf199525818fae7a8651db9eafe741"
  } ],
  "name" : "categories"
}