{
  "uid" : "b675868595320a93",
  "name" : "navigateToGoogleHomeAndAssertPageTitle",
  "fullName" : "tests.gui.google.D_Search_PageObjectModel_Traditional_DataDriven.navigateToGoogleHomeAndAssertPageTitle",
  "historyId" : "6dcb6d0563b53516b5d3e540f25e6f77",
  "time" : {
    "start" : 1649399999088,
    "stop" : 1649399999090,
    "duration" : 2
  },
  "status" : "skipped",
  "statusMessage" : "Couldn't find the desired file. [src/test/resources/testDataFiles/Google/SimpleSearch.xlsx].",
  "statusTrace" : "java.lang.AssertionError: Couldn't find the desired file. [src/test/resources/testDataFiles/Google/SimpleSearch.xlsx].\n\tat org.testng.Assert.fail(Assert.java:110)\n\tat com.shaft.tools.io.ExcelFileManager.<init>(ExcelFileManager.java:48)\n\tat tests.gui.google.D_Search_PageObjectModel_Traditional_DataDriven.beforeClass(D_Search_PageObjectModel_Traditional_DataDriven.java:46)\n\tat java.base/jdk.internal.reflect.NativeMethodAccessorImpl.invoke0(Native Method)\n\tat java.base/jdk.internal.reflect.NativeMethodAccessorImpl.invoke(NativeMethodAccessorImpl.java:77)\n\tat java.base/jdk.internal.reflect.DelegatingMethodAccessorImpl.invoke(DelegatingMethodAccessorImpl.java:43)\n\tat java.base/java.lang.reflect.Method.invoke(Method.java:568)\n\tat org.testng.internal.invokers.MethodInvocationHelper.invokeMethod(MethodInvocationHelper.java:135)\n\tat org.testng.internal.invokers.MethodInvocationHelper.invokeMethodConsideringTimeout(MethodInvocationHelper.java:65)\n\tat org.testng.internal.invokers.ConfigInvoker.invokeConfigurationMethod(ConfigInvoker.java:381)\n\tat org.testng.internal.invokers.ConfigInvoker.invokeConfigurations(ConfigInvoker.java:319)\n\tat org.testng.internal.invokers.TestMethodWorker.invokeBeforeClassMethods(TestMethodWorker.java:178)\n\tat org.testng.internal.invokers.TestMethodWorker.run(TestMethodWorker.java:122)\n\tat java.base/java.util.ArrayList.forEach(ArrayList.java:1511)\n\tat org.testng.TestRunner.privateRun(TestRunner.java:808)\n\tat org.testng.TestRunner.run(TestRunner.java:603)\n\tat org.testng.SuiteRunner.runTest(SuiteRunner.java:429)\n\tat org.testng.SuiteRunner.runSequentially(SuiteRunner.java:423)\n\tat org.testng.SuiteRunner.privateRun(SuiteRunner.java:383)\n\tat org.testng.SuiteRunner.run(SuiteRunner.java:326)\n\tat org.testng.SuiteRunnerWorker.runSuite(SuiteRunnerWorker.java:52)\n\tat org.testng.SuiteRunnerWorker.run(SuiteRunnerWorker.java:95)\n\tat org.testng.TestNG.runSuitesSequentially(TestNG.java:1249)\n\tat org.testng.TestNG.runSuitesLocally(TestNG.java:1169)\n\tat org.testng.TestNG.runSuites(TestNG.java:1092)\n\tat org.testng.TestNG.run(TestNG.java:1060)\n\tat org.apache.maven.surefire.testng.TestNGExecutor.run(TestNGExecutor.java:136)\n\tat org.apache.maven.surefire.testng.TestNGDirectoryTestSuite.executeMulti(TestNGDirectoryTestSuite.java:193)\n\tat org.apache.maven.surefire.testng.TestNGDirectoryTestSuite.execute(TestNGDirectoryTestSuite.java:94)\n\tat org.apache.maven.surefire.testng.TestNGProvider.invoke(TestNGProvider.java:145)\n\tat org.apache.maven.surefire.booter.ForkedBooter.runSuitesInProcess(ForkedBooter.java:428)\n\tat org.apache.maven.surefire.booter.ForkedBooter.execute(ForkedBooter.java:162)\n\tat org.apache.maven.surefire.booter.ForkedBooter.run(ForkedBooter.java:562)\n\tat org.apache.maven.surefire.booter.ForkedBooter.main(ForkedBooter.java:548)\n",
  "flaky" : false,
  "newFailed" : false,
  "beforeStages" : [ {
    "name" : "beforeMethod",
    "time" : {
      "start" : 1649399999086,
      "stop" : 1649399999086,
      "duration" : 0
    },
    "description" : "",
    "status" : "broken",
    "steps" : [ ],
    "attachments" : [ ],
    "parameters" : [ ],
    "stepsCount" : 0,
    "attachmentsCount" : 0,
    "shouldDisplayMessage" : false,
    "hasContent" : false
  }, {
    "name" : "beforeClass",
    "time" : {
      "start" : 1649399998832,
      "stop" : 1649399998844,
      "duration" : 12
    },
    "description" : "",
    "status" : "failed",
    "statusMessage" : "Couldn't find the desired file. [src/test/resources/testDataFiles/Google/SimpleSearch.xlsx].",
    "statusTrace" : "java.lang.AssertionError: Couldn't find the desired file. [src/test/resources/testDataFiles/Google/SimpleSearch.xlsx].\n\tat org.testng.Assert.fail(Assert.java:110)\n\tat com.shaft.tools.io.ExcelFileManager.<init>(ExcelFileManager.java:48)\n\tat tests.gui.google.D_Search_PageObjectModel_Traditional_DataDriven.beforeClass(D_Search_PageObjectModel_Traditional_DataDriven.java:46)\n\tat java.base/jdk.internal.reflect.NativeMethodAccessorImpl.invoke0(Native Method)\n\tat java.base/jdk.internal.reflect.NativeMethodAccessorImpl.invoke(NativeMethodAccessorImpl.java:77)\n\tat java.base/jdk.internal.reflect.DelegatingMethodAccessorImpl.invoke(DelegatingMethodAccessorImpl.java:43)\n\tat java.base/java.lang.reflect.Method.invoke(Method.java:568)\n\tat org.testng.internal.invokers.MethodInvocationHelper.invokeMethod(MethodInvocationHelper.java:135)\n\tat org.testng.internal.invokers.MethodInvocationHelper.invokeMethodConsideringTimeout(MethodInvocationHelper.java:65)\n\tat org.testng.internal.invokers.ConfigInvoker.invokeConfigurationMethod(ConfigInvoker.java:381)\n\tat org.testng.internal.invokers.ConfigInvoker.invokeConfigurations(ConfigInvoker.java:319)\n\tat org.testng.internal.invokers.TestMethodWorker.invokeBeforeClassMethods(TestMethodWorker.java:178)\n\tat org.testng.internal.invokers.TestMethodWorker.run(TestMethodWorker.java:122)\n\tat java.base/java.util.ArrayList.forEach(ArrayList.java:1511)\n\tat org.testng.TestRunner.privateRun(TestRunner.java:808)\n\tat org.testng.TestRunner.run(TestRunner.java:603)\n\tat org.testng.SuiteRunner.runTest(SuiteRunner.java:429)\n\tat org.testng.SuiteRunner.runSequentially(SuiteRunner.java:423)\n\tat org.testng.SuiteRunner.privateRun(SuiteRunner.java:383)\n\tat org.testng.SuiteRunner.run(SuiteRunner.java:326)\n\tat org.testng.SuiteRunnerWorker.runSuite(SuiteRunnerWorker.java:52)\n\tat org.testng.SuiteRunnerWorker.run(SuiteRunnerWorker.java:95)\n\tat org.testng.TestNG.runSuitesSequentially(TestNG.java:1249)\n\tat org.testng.TestNG.runSuitesLocally(TestNG.java:1169)\n\tat org.testng.TestNG.runSuites(TestNG.java:1092)\n\tat org.testng.TestNG.run(TestNG.java:1060)\n\tat org.apache.maven.surefire.testng.TestNGExecutor.run(TestNGExecutor.java:136)\n\tat org.apache.maven.surefire.testng.TestNGDirectoryTestSuite.executeMulti(TestNGDirectoryTestSuite.java:193)\n\tat org.apache.maven.surefire.testng.TestNGDirectoryTestSuite.execute(TestNGDirectoryTestSuite.java:94)\n\tat org.apache.maven.surefire.testng.TestNGProvider.invoke(TestNGProvider.java:145)\n\tat org.apache.maven.surefire.booter.ForkedBooter.runSuitesInProcess(ForkedBooter.java:428)\n\tat org.apache.maven.surefire.booter.ForkedBooter.execute(ForkedBooter.java:162)\n\tat org.apache.maven.surefire.booter.ForkedBooter.run(ForkedBooter.java:562)\n\tat org.apache.maven.surefire.booter.ForkedBooter.main(ForkedBooter.java:548)\n",
    "steps" : [ {
      "name" : "An Exception Occured with this Message: src/test/resources/testDataFiles/Google/SimpleSearch.xlsx (No such file or directory).",
      "time" : {
        "start" : 1649399998836,
        "stop" : 1649399998837,
        "duration" : 1
      },
      "status" : "passed",
      "steps" : [ ],
      "attachments" : [ {
        "uid" : "30993bacaf2aea79",
        "name" : "Attachment: Exception Stack Trace - java.io.FileNotFoundException",
        "source" : "30993bacaf2aea79.txt",
        "type" : "text/plain",
        "size" : 2859
      } ],
      "parameters" : [ {
        "name" : "actionCounter",
        "value" : "3"
      }, {
        "name" : "logText",
        "value" : "An Exception Occured with this Message: src/test/resources/testDataFiles/Google/SimpleSearch.xlsx (No such file or directory)."
      }, {
        "name" : "attachments",
        "value" : "[[Exception Stack Trace, java.io.FileNotFoundException, java.io.FileNotFoundException:\nsrc/test/resources/testDataFiles/Google/SimpleSearch.xlsx (No such file or directory)\njava.base/java.io.FileInputStream.open0(Native Method)\njava.base/java.io.FileInputStream.open(FileInputStream.java:216)\njava.base/java.io.FileInputStream.<init>(FileInputStream.java:157)\njava.base/java.io.FileInputStream.<init>(FileInputStream.java:111)\ncom.shaft.tools.io.ExcelFileManager.<init>(ExcelFileManager.java:41)\ntests.gui.google.D_Search_PageObjectModel_Traditional_DataDriven.beforeClass(D_Search_PageObjectModel_Traditional_DataDriven.java:46)\njava.base/jdk.internal.reflect.NativeMethodAccessorImpl.invoke0(Native Method)\njava.base/jdk.internal.reflect.NativeMethodAccessorImpl.invoke(NativeMethodAccessorImpl.java:77)\njava.base/jdk.internal.reflect.DelegatingMethodAccessorImpl.invoke(DelegatingMethodAccessorImpl.java:43)\njava.base/java.lang.reflect.Method.invoke(Method.java:568)\norg.testng.internal.invokers.MethodInvocationHelper.invokeMethod(MethodInvocationHelper.java:135)\norg.testng.internal.invokers.MethodInvocationHelper.invokeMethodConsideringTimeout(MethodInvocationHelper.java:65)\norg.testng.internal.invokers.ConfigInvoker.invokeConfigurationMethod(ConfigInvoker.java:381)\norg.testng.internal.invokers.ConfigInvoker.invokeConfigurations(ConfigInvoker.java:319)\norg.testng.internal.invokers.TestMethodWorker.invokeBeforeClassMethods(TestMethodWorker.java:178)\norg.testng.internal.invokers.TestMethodWorker.run(TestMethodWorker.java:122)\njava.base/java.util.ArrayList.forEach(ArrayList.java:1511)\norg.testng.TestRunner.privateRun(TestRunner.java:808)\norg.testng.TestRunner.run(TestRunner.java:603)\norg.testng.SuiteRunner.runTest(SuiteRunner.java:429)\norg.testng.SuiteRunner.runSequentially(SuiteRunner.java:423)\norg.testng.SuiteRunner.privateRun(SuiteRunner.java:383)\norg.testng.SuiteRunner.run(SuiteRunner.java:326)\norg.testng.SuiteRunnerWorker.runSuite(SuiteRunnerWorker.java:52)\norg.testng.SuiteRunnerWorker.run(SuiteRunnerWorker.java:95)\norg.testng.TestNG.runSuitesSequentially(TestNG.java:1249)\norg.testng.TestNG.runSuitesLocally(TestNG.java:1169)\norg.testng.TestNG.runSuites(TestNG.java:1092)\norg.testng.TestNG.run(TestNG.java:1060)\norg.apache.maven.surefire.testng.TestNGExecutor.run(TestNGExecutor.java:136)\norg.apache.maven.surefire.testng.TestNGDirectoryTestSuite.executeMulti(TestNGDirectoryTestSuite.java:193)\norg.apache.maven.surefire.testng.TestNGDirectoryTestSuite.execute(TestNGDirectoryTestSuite.java:94)\norg.apache.maven.surefire.testng.TestNGProvider.invoke(TestNGProvider.java:145)\norg.apache.maven.surefire.booter.ForkedBooter.runSuitesInProcess(ForkedBooter.java:428)\norg.apache.maven.surefire.booter.ForkedBooter.execute(ForkedBooter.java:162)\norg.apache.maven.surefire.booter.ForkedBooter.run(ForkedBooter.java:562)\norg.apache.maven.surefire.booter.ForkedBooter.main(ForkedBooter.java:548)\n]]"
      } ],
      "stepsCount" : 0,
      "attachmentsCount" : 1,
      "shouldDisplayMessage" : false,
      "hasContent" : true
    }, {
      "name" : "Couldn't find the desired file. [src/test/resources/testDataFiles/Google/SimpleSearch.xlsx].",
      "time" : {
        "start" : 1649399998838,
        "stop" : 1649399998838,
        "duration" : 0
      },
      "status" : "passed",
      "steps" : [ ],
      "attachments" : [ ],
      "parameters" : [ {
        "name" : "actionCounter",
        "value" : "5"
      }, {
        "name" : "logText",
        "value" : "Couldn't find the desired file. [src/test/resources/testDataFiles/Google/SimpleSearch.xlsx]."
      } ],
      "stepsCount" : 0,
      "attachmentsCount" : 0,
      "shouldDisplayMessage" : false,
      "hasContent" : true
    } ],
    "attachments" : [ ],
    "parameters" : [ ],
    "stepsCount" : 2,
    "attachmentsCount" : 1,
    "shouldDisplayMessage" : true,
    "hasContent" : true
  }, {
    "name" : "setupActivities",
    "time" : {
      "start" : 1649399997726,
      "stop" : 1649399998785,
      "duration" : 1059
    },
    "description" : "",
    "status" : "passed",
    "steps" : [ {
      "name" : "Folder [extent-reports] was not found, it may have already been deleted.",
      "time" : {
        "start" : 1649399997894,
        "stop" : 1649399997900,
        "duration" : 6
      },
      "status" : "passed",
      "steps" : [ ],
      "attachments" : [ ],
      "parameters" : [ {
        "name" : "actionCounter",
        "value" : "1"
      }, {
        "name" : "logText",
        "value" : "Folder [extent-reports] was not found, it may have already been deleted."
      } ],
      "stepsCount" : 0,
      "attachmentsCount" : 0,
      "shouldDisplayMessage" : false,
      "hasContent" : true
    }, {
      "name" : "Terminal Action [PerformTerminalCommands] successfully performed. With the following test data [Host Name: \"localHost\" | Command: \"chmod u+x generateJdk.sh\" | Exit Status: \"1\"].",
      "time" : {
        "start" : 1649399998782,
        "stop" : 1649399998783,
        "duration" : 1
      },
      "status" : "passed",
      "steps" : [ ],
      "attachments" : [ {
        "uid" : "eac718baa6b72bc8",
        "name" : "Attachment: Terminal Action Actual Result - Command Log",
        "source" : "eac718baa6b72bc8.txt",
        "type" : "text/plain",
        "size" : 64
      } ],
      "parameters" : [ {
        "name" : "actionCounter",
        "value" : "2"
      }, {
        "name" : "logText",
        "value" : "Terminal Action [PerformTerminalCommands] successfully performed. With the following test data [Host Name: \"localHost\" | Command: \"chmod u+x generateJdk.sh\" | Exit Status: \"1\"]."
      }, {
        "name" : "attachments",
        "value" : "[[Terminal Action Actual Result, Command Log, chmod: cannot access 'generateJdk.sh': No such file or directory]]"
      } ],
      "stepsCount" : 0,
      "attachmentsCount" : 1,
      "shouldDisplayMessage" : false,
      "hasContent" : true
    } ],
    "attachments" : [ {
      "uid" : "10531da668425c52",
      "name" : "Attachment: SHAFT Links - Important",
      "source" : "10531da668425c52.uri",
      "type" : "text/uri-list",
      "size" : 346
    }, {
      "uid" : "1d374e5635a9b82d",
      "name" : "Attachment: Properties - ExecutionPlatform",
      "source" : "1d374e5635a9b82d.properties",
      "type" : "text/plain",
      "size" : 394
    } ],
    "parameters" : [ ],
    "stepsCount" : 2,
    "attachmentsCount" : 3,
    "shouldDisplayMessage" : false,
    "hasContent" : true
  } ],
  "testStage" : {
    "status" : "skipped",
    "statusMessage" : "Couldn't find the desired file. [src/test/resources/testDataFiles/Google/SimpleSearch.xlsx].",
    "statusTrace" : "java.lang.AssertionError: Couldn't find the desired file. [src/test/resources/testDataFiles/Google/SimpleSearch.xlsx].\n\tat org.testng.Assert.fail(Assert.java:110)\n\tat com.shaft.tools.io.ExcelFileManager.<init>(ExcelFileManager.java:48)\n\tat tests.gui.google.D_Search_PageObjectModel_Traditional_DataDriven.beforeClass(D_Search_PageObjectModel_Traditional_DataDriven.java:46)\n\tat java.base/jdk.internal.reflect.NativeMethodAccessorImpl.invoke0(Native Method)\n\tat java.base/jdk.internal.reflect.NativeMethodAccessorImpl.invoke(NativeMethodAccessorImpl.java:77)\n\tat java.base/jdk.internal.reflect.DelegatingMethodAccessorImpl.invoke(DelegatingMethodAccessorImpl.java:43)\n\tat java.base/java.lang.reflect.Method.invoke(Method.java:568)\n\tat org.testng.internal.invokers.MethodInvocationHelper.invokeMethod(MethodInvocationHelper.java:135)\n\tat org.testng.internal.invokers.MethodInvocationHelper.invokeMethodConsideringTimeout(MethodInvocationHelper.java:65)\n\tat org.testng.internal.invokers.ConfigInvoker.invokeConfigurationMethod(ConfigInvoker.java:381)\n\tat org.testng.internal.invokers.ConfigInvoker.invokeConfigurations(ConfigInvoker.java:319)\n\tat org.testng.internal.invokers.TestMethodWorker.invokeBeforeClassMethods(TestMethodWorker.java:178)\n\tat org.testng.internal.invokers.TestMethodWorker.run(TestMethodWorker.java:122)\n\tat java.base/java.util.ArrayList.forEach(ArrayList.java:1511)\n\tat org.testng.TestRunner.privateRun(TestRunner.java:808)\n\tat org.testng.TestRunner.run(TestRunner.java:603)\n\tat org.testng.SuiteRunner.runTest(SuiteRunner.java:429)\n\tat org.testng.SuiteRunner.runSequentially(SuiteRunner.java:423)\n\tat org.testng.SuiteRunner.privateRun(SuiteRunner.java:383)\n\tat org.testng.SuiteRunner.run(SuiteRunner.java:326)\n\tat org.testng.SuiteRunnerWorker.runSuite(SuiteRunnerWorker.java:52)\n\tat org.testng.SuiteRunnerWorker.run(SuiteRunnerWorker.java:95)\n\tat org.testng.TestNG.runSuitesSequentially(TestNG.java:1249)\n\tat org.testng.TestNG.runSuitesLocally(TestNG.java:1169)\n\tat org.testng.TestNG.runSuites(TestNG.java:1092)\n\tat org.testng.TestNG.run(TestNG.java:1060)\n\tat org.apache.maven.surefire.testng.TestNGExecutor.run(TestNGExecutor.java:136)\n\tat org.apache.maven.surefire.testng.TestNGDirectoryTestSuite.executeMulti(TestNGDirectoryTestSuite.java:193)\n\tat org.apache.maven.surefire.testng.TestNGDirectoryTestSuite.execute(TestNGDirectoryTestSuite.java:94)\n\tat org.apache.maven.surefire.testng.TestNGProvider.invoke(TestNGProvider.java:145)\n\tat org.apache.maven.surefire.booter.ForkedBooter.runSuitesInProcess(ForkedBooter.java:428)\n\tat org.apache.maven.surefire.booter.ForkedBooter.execute(ForkedBooter.java:162)\n\tat org.apache.maven.surefire.booter.ForkedBooter.run(ForkedBooter.java:562)\n\tat org.apache.maven.surefire.booter.ForkedBooter.main(ForkedBooter.java:548)\n",
    "steps" : [ ],
    "attachments" : [ {
      "uid" : "5c90d0fa4b53dced",
      "name" : "Attachment: SHAFT Engine Logs - Current Method log: navigateToGoogleHomeAndAssertPageTitle",
      "source" : "5c90d0fa4b53dced.txt",
      "type" : "text/plain",
      "size" : 475
    } ],
    "parameters" : [ ],
    "stepsCount" : 0,
    "attachmentsCount" : 1,
    "shouldDisplayMessage" : true,
    "hasContent" : true
  },
  "afterStages" : [ {
    "name" : "afterMethod",
    "time" : {
      "start" : 1649399999092,
      "stop" : 1649399999093,
      "duration" : 1
    },
    "description" : "",
    "status" : "broken",
    "steps" : [ ],
    "attachments" : [ ],
    "parameters" : [ ],
    "stepsCount" : 0,
    "attachmentsCount" : 0,
    "shouldDisplayMessage" : false,
    "hasContent" : false
  }, {
    "name" : "teardownActivities",
    "time" : {
      "start" : 1649400031979,
      "stop" : 1649400032286,
      "duration" : 307
    },
    "description" : "",
    "status" : "passed",
    "steps" : [ {
      "name" : "Successfully Closed All Drivers.",
      "time" : {
        "start" : 1649400031979,
        "stop" : 1649400031979,
        "duration" : 0
      },
      "status" : "passed",
      "steps" : [ ],
      "attachments" : [ ],
      "parameters" : [ {
        "name" : "actionCounter",
        "value" : "58"
      }, {
        "name" : "logText",
        "value" : "Successfully Closed All Drivers."
      } ],
      "stepsCount" : 0,
      "attachmentsCount" : 0,
      "shouldDisplayMessage" : false,
      "hasContent" : true
    }, {
      "name" : "Issue Summary: Total Issues = 2, New issues for Failed Tests = 2, Open issues for Passed Tests = 0, Open issues for Failed Tests = 0. Kindly check the attached Issue details.",
      "time" : {
        "start" : 1649400031990,
        "stop" : 1649400031991,
        "duration" : 1
      },
      "status" : "passed",
      "steps" : [ ],
      "attachments" : [ {
        "uid" : "d2f27f8d74e5a8f7",
        "name" : "Attachment: SHAFT Engine Logs - Issues log CSV: 20220408-064031",
        "source" : "d2f27f8d74e5a8f7.csv",
        "type" : "text/csv",
        "size" : 342
      } ],
      "parameters" : [ {
        "name" : "actionCounter",
        "value" : "59"
      }, {
        "name" : "logText",
        "value" : "Issue Summary: Total Issues = 2, New issues for Failed Tests = 2, Open issues for Passed Tests = 0, Open issues for Failed Tests = 0. Kindly check the attached Issue details."
      }, {
        "name" : "attachments",
        "value" : "[[SHAFT Engine Logs, Issues log CSV: 20220408-064031, java.io.ByteArrayInputStream@4a6a4f20]]"
      } ],
      "stepsCount" : 0,
      "attachmentsCount" : 1,
      "shouldDisplayMessage" : false,
      "hasContent" : true
    } ],
    "attachments" : [ {
      "uid" : "3c5dd15ecfa3f4fd",
      "name" : "Attachment: SHAFT Engine Logs - Execution log: 20220408-064031",
      "source" : "3c5dd15ecfa3f4fd.txt",
      "type" : "text/plain",
      "size" : 30209
    }, {
      "uid" : "e15aac060b7d66a4",
      "name" : "Attachment: HTML - Extent Emailable Execution Report",
      "source" : "e15aac060b7d66a4.html",
      "type" : "text/html",
      "size" : 765000
    } ],
    "parameters" : [ ],
    "stepsCount" : 2,
    "attachmentsCount" : 3,
    "shouldDisplayMessage" : false,
    "hasContent" : true
  } ],
  "labels" : [ {
    "name" : "package",
    "value" : "tests.gui.google.D_Search_PageObjectModel_Traditional_DataDriven"
  }, {
    "name" : "testClass",
    "value" : "tests.gui.google.D_Search_PageObjectModel_Traditional_DataDriven"
  }, {
    "name" : "testMethod",
    "value" : "navigateToGoogleHomeAndAssertPageTitle"
  }, {
    "name" : "parentSuite",
    "value" : "Custom Suite"
  }, {
    "name" : "suite",
    "value" : "Custom Test"
  }, {
    "name" : "subSuite",
    "value" : "tests.gui.google.D_Search_PageObjectModel_Traditional_DataDriven"
  }, {
    "name" : "host",
    "value" : "fv-az201-688"
  }, {
    "name" : "thread",
    "value" : "3343@fv-az201-688.main(1)"
  }, {
    "name" : "framework",
    "value" : "testng"
  }, {
    "name" : "language",
    "value" : "java"
  }, {
    "name" : "resultFormat",
    "value" : "allure2"
  } ],
  "parameters" : [ ],
  "links" : [ ],
  "hidden" : false,
  "retry" : false,
  "extra" : {
    "severity" : "normal",
    "retries" : [ ],
    "categories" : [ ],
    "history" : {
      "statistic" : {
        "failed" : 0,
        "broken" : 0,
        "skipped" : 105,
        "passed" : 0,
        "unknown" : 0,
        "total" : 105
      },
      "items" : [ {
        "uid" : "f4bcf14f5ec5389b",
        "reportUrl" : "https://MohabMohie.github.io/using_SHAFT_ENGINE/allure/1763//#testresult/f4bcf14f5ec5389b",
        "status" : "skipped",
        "statusDetails" : "Couldn't find the desired file. [src/test/resources/testDataFiles/Google/SimpleSearch.xlsx].",
        "time" : {
          "start" : 1649383580743,
          "stop" : 1649383580749,
          "duration" : 6
        }
      }, {
        "uid" : "8addd57d72307e5e",
        "reportUrl" : "https://MohabMohie.github.io/using_SHAFT_ENGINE/allure/1762//#testresult/8addd57d72307e5e",
        "status" : "skipped",
        "statusDetails" : "Couldn't find the desired file. [src/test/resources/testDataFiles/Google/SimpleSearch.xlsx].",
        "time" : {
          "start" : 1649356733438,
          "stop" : 1649356733442,
          "duration" : 4
        }
      }, {
        "uid" : "3a6267a7456ee2f",
        "reportUrl" : "https://MohabMohie.github.io/using_SHAFT_ENGINE/allure/1761//#testresult/3a6267a7456ee2f",
        "status" : "skipped",
        "statusDetails" : "Couldn't find the desired file. [src/test/resources/testDataFiles/Google/SimpleSearch.xlsx].",
        "time" : {
          "start" : 1649336390656,
          "stop" : 1649336390661,
          "duration" : 5
        }
      }, {
        "uid" : "556e27d981854719",
        "reportUrl" : "https://MohabMohie.github.io/using_SHAFT_ENGINE/allure/1760//#testresult/556e27d981854719",
        "status" : "skipped",
        "statusDetails" : "Couldn't find the desired file. [src/test/resources/testDataFiles/Google/SimpleSearch.xlsx].",
        "time" : {
          "start" : 1649313585117,
          "stop" : 1649313585118,
          "duration" : 1
        }
      }, {
        "uid" : "b6fbc9f8db9c4f19",
        "reportUrl" : "https://MohabMohie.github.io/using_SHAFT_ENGINE/allure/1759//#testresult/b6fbc9f8db9c4f19",
        "status" : "skipped",
        "statusDetails" : "Couldn't find the desired file. [src/test/resources/testDataFiles/Google/SimpleSearch.xlsx].",
        "time" : {
          "start" : 1649296774545,
          "stop" : 1649296774545,
          "duration" : 0
        }
      }, {
        "uid" : "7cbdc4145c52f576",
        "reportUrl" : "https://MohabMohie.github.io/using_SHAFT_ENGINE/allure/1758//#testresult/7cbdc4145c52f576",
        "status" : "skipped",
        "statusDetails" : "Couldn't find the desired file. [src/test/resources/testDataFiles/Google/SimpleSearch.xlsx].",
        "time" : {
          "start" : 1649270162255,
          "stop" : 1649270162257,
          "duration" : 2
        }
      }, {
        "uid" : "9d4d176654df469f",
        "reportUrl" : "https://MohabMohie.github.io/using_SHAFT_ENGINE/allure/1757//#testresult/9d4d176654df469f",
        "status" : "skipped",
        "statusDetails" : "Couldn't find the desired file. [src/test/resources/testDataFiles/Google/SimpleSearch.xlsx].",
        "time" : {
          "start" : 1649249919107,
          "stop" : 1649249919109,
          "duration" : 2
        }
      }, {
        "uid" : "6d18e974eef47125",
        "reportUrl" : "https://MohabMohie.github.io/using_SHAFT_ENGINE/allure/1756//#testresult/6d18e974eef47125",
        "status" : "skipped",
        "statusDetails" : "Couldn't find the desired file. [src/test/resources/testDataFiles/Google/SimpleSearch.xlsx].",
        "time" : {
          "start" : 1649227189453,
          "stop" : 1649227189454,
          "duration" : 1
        }
      }, {
        "uid" : "88aa6dd1f15e0d5",
        "reportUrl" : "https://MohabMohie.github.io/using_SHAFT_ENGINE/allure/1755//#testresult/88aa6dd1f15e0d5",
        "status" : "skipped",
        "statusDetails" : "Couldn't find the desired file. [src/test/resources/testDataFiles/Google/SimpleSearch.xlsx].",
        "time" : {
          "start" : 1649210690913,
          "stop" : 1649210690913,
          "duration" : 0
        }
      }, {
        "uid" : "3bbea1c6dd31050e",
        "reportUrl" : "https://MohabMohie.github.io/using_SHAFT_ENGINE/allure/1754//#testresult/3bbea1c6dd31050e",
        "status" : "skipped",
        "statusDetails" : "Couldn't find the desired file. [src/test/resources/testDataFiles/Google/SimpleSearch.xlsx].",
        "time" : {
          "start" : 1649184049874,
          "stop" : 1649184049876,
          "duration" : 2
        }
      }, {
        "uid" : "a3a952217b9fb56c",
        "reportUrl" : "https://MohabMohie.github.io/using_SHAFT_ENGINE/allure/1753//#testresult/a3a952217b9fb56c",
        "status" : "skipped",
        "statusDetails" : "Couldn't find the desired file. [src/test/resources/testDataFiles/Google/SimpleSearch.xlsx].",
        "time" : {
          "start" : 1649163508232,
          "stop" : 1649163508234,
          "duration" : 2
        }
      }, {
        "uid" : "4c95697e8e85c03a",
        "reportUrl" : "https://MohabMohie.github.io/using_SHAFT_ENGINE/allure/1752//#testresult/4c95697e8e85c03a",
        "status" : "skipped",
        "statusDetails" : "Couldn't find the desired file. [src/test/resources/testDataFiles/Google/SimpleSearch.xlsx].",
        "time" : {
          "start" : 1649140881223,
          "stop" : 1649140881226,
          "duration" : 3
        }
      }, {
        "uid" : "b165f0e9e49c170d",
        "reportUrl" : "https://MohabMohie.github.io/using_SHAFT_ENGINE/allure/1751//#testresult/b165f0e9e49c170d",
        "status" : "skipped",
        "statusDetails" : "Couldn't find the desired file. [src/test/resources/testDataFiles/Google/SimpleSearch.xlsx].",
        "time" : {
          "start" : 1649124106781,
          "stop" : 1649124106792,
          "duration" : 11
        }
      }, {
        "uid" : "bb566d9164115895",
        "reportUrl" : "https://MohabMohie.github.io/using_SHAFT_ENGINE/allure/1749//#testresult/bb566d9164115895",
        "status" : "skipped",
        "statusDetails" : "Couldn't find the desired file. [src/test/resources/testDataFiles/Google/SimpleSearch.xlsx].",
        "time" : {
          "start" : 1649097620186,
          "stop" : 1649097620187,
          "duration" : 1
        }
      }, {
        "uid" : "46610e2f2e3beac8",
        "reportUrl" : "https://MohabMohie.github.io/using_SHAFT_ENGINE/allure/1748//#testresult/46610e2f2e3beac8",
        "status" : "skipped",
        "statusDetails" : "Couldn't find the desired file. [src/test/resources/testDataFiles/Google/SimpleSearch.xlsx].",
        "time" : {
          "start" : 1649077198269,
          "stop" : 1649077198279,
          "duration" : 10
        }
      }, {
        "uid" : "c424dc89213036b4",
        "reportUrl" : "https://MohabMohie.github.io/using_SHAFT_ENGINE/allure/1747//#testresult/c424dc89213036b4",
        "status" : "skipped",
        "statusDetails" : "Couldn't find the desired file. [src/test/resources/testDataFiles/Google/SimpleSearch.xlsx].",
        "time" : {
          "start" : 1649054396186,
          "stop" : 1649054396187,
          "duration" : 1
        }
      }, {
        "uid" : "eff317abaa55e83b",
        "reportUrl" : "https://MohabMohie.github.io/using_SHAFT_ENGINE/allure/1746//#testresult/eff317abaa55e83b",
        "status" : "skipped",
        "statusDetails" : "Couldn't find the desired file. [src/test/resources/testDataFiles/Google/SimpleSearch.xlsx].",
        "time" : {
          "start" : 1649038317322,
          "stop" : 1649038317324,
          "duration" : 2
        }
      }, {
        "uid" : "d12fad64d452b6d4",
        "reportUrl" : "https://MohabMohie.github.io/using_SHAFT_ENGINE/allure/1745//#testresult/d12fad64d452b6d4",
        "status" : "skipped",
        "statusDetails" : "Couldn't find the desired file. [src/test/resources/testDataFiles/Google/SimpleSearch.xlsx].",
        "time" : {
          "start" : 1649011022929,
          "stop" : 1649011022930,
          "duration" : 1
        }
      }, {
        "uid" : "55e66b5ec8ae85bc",
        "reportUrl" : "https://MohabMohie.github.io/using_SHAFT_ENGINE/allure/1744//#testresult/55e66b5ec8ae85bc",
        "status" : "skipped",
        "statusDetails" : "Couldn't find the desired file. [src/test/resources/testDataFiles/Google/SimpleSearch.xlsx].",
        "time" : {
          "start" : 1648990213915,
          "stop" : 1648990213916,
          "duration" : 1
        }
      }, {
        "uid" : "34205059a52ee520",
        "reportUrl" : "https://MohabMohie.github.io/using_SHAFT_ENGINE/allure/1743//#testresult/34205059a52ee520",
        "status" : "skipped",
        "statusDetails" : "Couldn't find the desired file. [src/test/resources/testDataFiles/Google/SimpleSearch.xlsx].",
        "time" : {
          "start" : 1648967880408,
          "stop" : 1648967880410,
          "duration" : 2
        }
      } ]
    },
    "tags" : [ ]
  },
  "source" : "b675868595320a93.json",
  "parameterValues" : [ ]
}