{
  "uid" : "4b4757e66a1912dae1a509f688f20b0f",
  "children" : [ {
    "name" : "Product defects",
    "children" : [ {
      "name" : "Assertion [ValidateEquals] FAILED. Expected [MohabMohie] and Actual [SHAFT_ENGINE is a Test Automation Engine that ... - GitHub]. Comparison Type [CONTAINS]. Validation Type [POSITIVE].",
      "children" : [ {
        "name" : "searchForQueryAndAssertFirstResultTextIsCorrect",
        "uid" : "46e55810abc94ac1",
        "parentUid" : "560f4ba7520edf3654889622d1ec21d5",
        "status" : "failed",
        "time" : {
          "start" : 1632724699845,
          "stop" : 1632724702353,
          "duration" : 2508
        },
        "flaky" : false,
        "newFailed" : false,
        "parameters" : [ ]
      }, {
        "name" : "searchForQueryAndAssertFirstResultTextIsCorrect",
        "uid" : "79afb640e01e9fdf",
        "parentUid" : "560f4ba7520edf3654889622d1ec21d5",
        "status" : "failed",
        "time" : {
          "start" : 1632724750469,
          "stop" : 1632724752644,
          "duration" : 2175
        },
        "flaky" : false,
        "newFailed" : false,
        "parameters" : [ ]
      } ],
      "uid" : "560f4ba7520edf3654889622d1ec21d5"
    }, {
      "name" : "Assertion [ValidateElementAttribute] FAILED. Expected [Value Should be 'MohabMohie' for the 'Text' attribute, element locator 'By.xpath: (//h1[contains(text(),'Search Result')]/following-sibling::div//a/h3)[1]'] and Actual [SHAFT_ENGINE is a Test Automation Engine that ... - GitHub]. Comparison Type [CONTAINS]. Validation Type [POSITIVE].",
      "children" : [ {
        "name" : "searchForQueryAndAssertFirstResultTextIsCorrect",
        "uid" : "314492c57aa75299",
        "parentUid" : "7ec2ccc38aacde760e1a17d26c12f1c8",
        "status" : "failed",
        "time" : {
          "start" : 1632724710573,
          "stop" : 1632724713325,
          "duration" : 2752
        },
        "flaky" : false,
        "newFailed" : false,
        "parameters" : [ ]
      }, {
        "name" : "searchForQueryAndAssertFirstResultTextIsCorrect",
        "uid" : "d5f501b3ec5b1f07",
        "parentUid" : "7ec2ccc38aacde760e1a17d26c12f1c8",
        "status" : "failed",
        "time" : {
          "start" : 1632724719324,
          "stop" : 1632724721951,
          "duration" : 2627
        },
        "flaky" : false,
        "newFailed" : false,
        "parameters" : [ ]
      }, {
        "name" : "searchForQueryAndAssertFirstResultTextIsCorrect",
        "uid" : "e7e674d1d28400e6",
        "parentUid" : "7ec2ccc38aacde760e1a17d26c12f1c8",
        "status" : "failed",
        "time" : {
          "start" : 1632724727453,
          "stop" : 1632724730057,
          "duration" : 2604
        },
        "flaky" : false,
        "newFailed" : false,
        "parameters" : [ ]
      }, {
        "name" : "searchForQueryAndAssertFirstResultTextIsCorrect",
        "uid" : "62bc3d8f7d38841e",
        "parentUid" : "7ec2ccc38aacde760e1a17d26c12f1c8",
        "status" : "failed",
        "time" : {
          "start" : 1632724735557,
          "stop" : 1632724738214,
          "duration" : 2657
        },
        "flaky" : false,
        "newFailed" : false,
        "parameters" : [ ]
      } ],
      "uid" : "7ec2ccc38aacde760e1a17d26c12f1c8"
    } ],
    "uid" : "8fb3a91ba5aaf9de24cc8a92edc82b5d"
  }, {
    "name" : "Test defects",
    "children" : [ {
      "name" : "cv::Exception: OpenCV(4.3.0) /mnt/opencv/opencv/opencv-4.3.0/modules/core/src/matrix.cpp:235: error: (-215:Assertion failed) s >= 0 in function 'setSize'\n",
      "children" : [ {
        "name" : "navigateToGoogleHomeAndAssertGoogleLogoIsDisplayed",
        "uid" : "139286dee899fb05",
        "parentUid" : "5c31c5774480c127a9da7476d788c5ec",
        "status" : "broken",
        "time" : {
          "start" : 1632724706055,
          "stop" : 1632724706865,
          "duration" : 810
        },
        "flaky" : false,
        "newFailed" : false,
        "parameters" : [ ]
      }, {
        "name" : "navigateToGoogleHomeAndAssertGoogleLogoIsDisplayed",
        "uid" : "a1cf9b4ddeb1ea68",
        "parentUid" : "5c31c5774480c127a9da7476d788c5ec",
        "status" : "broken",
        "time" : {
          "start" : 1632724715554,
          "stop" : 1632724715801,
          "duration" : 247
        },
        "flaky" : false,
        "newFailed" : false,
        "parameters" : [ ]
      }, {
        "name" : "navigateToGoogleHomeAndAssertGoogleLogoIsDisplayed",
        "uid" : "c0941a929d97e088",
        "parentUid" : "5c31c5774480c127a9da7476d788c5ec",
        "status" : "broken",
        "time" : {
          "start" : 1632724723974,
          "stop" : 1632724724246,
          "duration" : 272
        },
        "flaky" : false,
        "newFailed" : false,
        "parameters" : [ ]
      }, {
        "name" : "navigateToGoogleHomeAndAssertGoogleLogoIsDisplayed",
        "uid" : "f968febe71e80cde",
        "parentUid" : "5c31c5774480c127a9da7476d788c5ec",
        "status" : "broken",
        "time" : {
          "start" : 1632724732126,
          "stop" : 1632724732345,
          "duration" : 219
        },
        "flaky" : false,
        "newFailed" : false,
        "parameters" : [ ]
      } ],
      "uid" : "5c31c5774480c127a9da7476d788c5ec"
    }, {
      "name" : "unknown error: Chrome failed to start: exited abnormally.\n  (unknown error: DevToolsActivePort file doesn't exist)\n  (The process started from chrome location /usr/bin/google-chrome is no longer running, so ChromeDriver is assuming that Chrome has crashed.)\nBuild info: version: '3.141.59', revision: 'e82be7d358', time: '2018-11-14T08:17:03'\nSystem info: host: 'fv-az154-118', ip: '10.1.1.150', os.name: 'Linux', os.arch: 'amd64', os.version: '5.8.0-1041-azure', java.version: '16.0.2'\nDriver info: driver.version: A_Search_FlatTest_NativeSeleniumWebDriver\nremote stacktrace: #0 0x558579950583 <unknown>\n#1 0x5585796c4a38 <unknown>\n#2 0x5585796e7923 <unknown>\n#3 0x5585796e34df <unknown>\n#4 0x55857971d1e2 <unknown>\n#5 0x558579717643 <unknown>\n#6 0x5585796edb94 <unknown>\n#7 0x5585796eeb85 <unknown>\n#8 0x558579980c6e <unknown>\n#9 0x558579996975 <unknown>\n#10 0x558579981bc5 <unknown>\n#11 0x558579997fb5 <unknown>\n#12 0x55857997684b <unknown>\n#13 0x5585799b3248 <unknown>\n#14 0x5585799b33c8 <unknown>\n#15 0x5585799cd73d <unknown>\n#16 0x7f27ce2b7609 start_thread\n",
      "children" : [ {
        "name" : "beforeMethod",
        "uid" : "345e2f944bf5b87f",
        "parentUid" : "3157f4baaa12d961387ad5a5625cca7a",
        "status" : "broken",
        "time" : {
          "start" : 1632724746016,
          "stop" : 1632724746019,
          "duration" : 3
        },
        "flaky" : false,
        "newFailed" : false,
        "parameters" : [ ]
      } ],
      "uid" : "3157f4baaa12d961387ad5a5625cca7a"
    } ],
    "uid" : "bdbf199525818fae7a8651db9eafe741"
  } ],
  "name" : "categories"
}