################################################################################################################################################
Detected SHAFT Engine Version: [SHAFT Engine v5.4.20211117-BETA]
################################################################################################################################################

################################################################################################################################################
Starting Execution:	[1 out of 23] test cases in the current suite
Test Method:		[tests.api.users.UserData.validateUserEmail]
################################################################################################################################################
[ReportManager] Response status code: [200], status line: [HTTP/1.1 200 OK] @28-11-2021 12:47:41.0754 PM
[ReportManager] Assertion Passed: Evaluating the actual response status code against the expected one... @28-11-2021 12:47:41.0764 PM
[ReportManager] Assertion [ValidateComparativeRelation] PASSED. Expected [200] and Actual [200]. Comparison Type [EQUALS]. Validation Type [POSITIVE]. @28-11-2021 12:47:41.0768 PM
[ReportManager] API Action [PerformRequest] successfully performed. With the following test data [Request Type: "GET" | Target Status Code: "200" | Service URL: "https://jsonplaceholder.typicode.com/users" | Content Type: "*/*" | Response Time: "1016ms"]. @28-11-2021 12:47:42.0781 PM
[ReportManager] Successfully created attachment [API Request - Specifications] @28-11-2021 12:47:42.0782 PM
[ReportManager] Successfully created attachment [API Response - JSON Body] @28-11-2021 12:47:43.0042 PM
[ReportManager] Assertion [ValidateEquals] PASSED. Expected and Actual values are attached. Comparison Type [CONTAINS]. Validation Type [POSITIVE]. @28-11-2021 12:47:43.0050 PM
[ReportManager] Successfully created attachment [Validation Test Data - Expected Value] @28-11-2021 12:47:43.0050 PM
[ReportManager] Successfully created attachment [Validation Test Data - Actual Value] @28-11-2021 12:47:43.0051 PM
[ReportManager] API Action [GetResponseJSONValueAsList] successfully performed. With the following test data [$]. @28-11-2021 12:47:43.0068 PM
[ReportManager] API Action [GetResponseJSONValue] successfully performed. With the following test data [name]. @28-11-2021 12:47:43.0101 PM
[ReportManager] API Action [GetResponseJSONValue] successfully performed. With the following test data [email]. @28-11-2021 12:47:43.0113 PM
[ReportManager] Assertion [ValidateEquals] PASSED. Expected [Sincere@april.biz] and Actual [Sincere@april.biz]. Comparison Type [EQUALS]. Validation Type [POSITIVE]. @28-11-2021 12:47:43.0114 PM
[ReportManager] API Action [GetResponseJSONValue] successfully performed. With the following test data [name]. @28-11-2021 12:47:43.0126 PM
[ReportManager] API Action [GetResponseJSONValue] successfully performed. With the following test data [name]. @28-11-2021 12:47:43.0136 PM
[ReportManager] API Action [GetResponseJSONValue] successfully performed. With the following test data [name]. @28-11-2021 12:47:43.0148 PM
[ReportManager] API Action [GetResponseJSONValue] successfully performed. With the following test data [name]. @28-11-2021 12:47:43.0170 PM
[ReportManager] API Action [GetResponseJSONValue] successfully performed. With the following test data [name]. @28-11-2021 12:47:43.0189 PM
[ReportManager] API Action [GetResponseJSONValue] successfully performed. With the following test data [name]. @28-11-2021 12:47:43.0200 PM
[ReportManager] API Action [GetResponseJSONValue] successfully performed. With the following test data [name]. @28-11-2021 12:47:43.0211 PM
[ReportManager] API Action [GetResponseJSONValue] successfully performed. With the following test data [name]. @28-11-2021 12:47:43.0221 PM
[ReportManager] API Action [GetResponseJSONValue] successfully performed. With the following test data [name]. @28-11-2021 12:47:43.0230 P

################################################################################################################################################
Starting Execution:	[2 out of 23] test cases in the current suite
Test Method:		[tests.cli.demo.cliTest.sampleTestCase]
################################################################################################################################################
[ReportManager] Attempting to perform the following command locally. Command: [ls] @28-11-2021 12:47:43.0349 PM
[ReportManager] Terminal Action [PerformTerminalCommands] successfully performed. With the following test data [Host Name: "localHost" | Command: "ls" | Exit Status: "0"]. @28-11-2021 12:47:43.0363 PM
[ReportManager] Successfully created attachment [Terminal Action Actual Result - Command Log] @28-11-2021 12:47:43.0364 PM
[ReportManager] Assertion Passed: Demoing local terminal actions @28-11-2021 12:47:43.0364 PM
[ReportManager] Assertion [ValidateEquals] PASSED. Expected [pom.xml] and Actual [LICENSE
README.md
allure-results
docker-compose_native.yml
docker-compose_zalenium.yml
extent-reports
pom.xml
readMeImgs
src
target]. Comparison Type [CONTAINS]. Validation Type [POSITIVE]. @28-11-2021 12:47:43.0364 P
[ReportManager] An Exception Occured with this Message: src/test/resources/testDataFiles/Google/SimpleSearch.xlsx (No such file or directory). @28-11-2021 12:47:43.0372 PM
[ReportManager] Successfully created attachment [Exception Stack Trace - java.io.FileNotFoundException] @28-11-2021 12:47:43.0372 PM
[ReportManager] Couldn't find the desired file. [src/test/resources/testDataFiles/Google/SimpleSearch.xlsx]. @28-11-2021 12:47:43.0372 P


################################################################################################################################################
Starting Execution:	[3 out of 23] test cases in the current suite
Test Method:		[tests.gui.google.D_Search_PageObjectModel_Traditional_DataDriven.navigateToGoogleHomeAndAssertGoogleLogoIsDisplayed]
###############################################################################################################################################



################################################################################################################################################
Starting Execution:	[4 out of 23] test cases in the current suite
Test Method:		[tests.gui.google.D_Search_PageObjectModel_Traditional_DataDriven.navigateToGoogleHomeAndAssertPageTitle]
###############################################################################################################################################



################################################################################################################################################
Starting Execution:	[5 out of 23] test cases in the current suite
Test Method:		[tests.gui.google.D_Search_PageObjectModel_Traditional_DataDriven.searchForQueryAndAssertFirstResultTextIsCorrect]
###############################################################################################################################################

[ReportManager] An Exception Occured with this Message: src/test/resources/testDataFiles/Google/SimpleSearch.xlsx (No such file or directory). @28-11-2021 12:47:43.0410 PM
[ReportManager] Successfully created attachment [Exception Stack Trace - java.io.FileNotFoundException] @28-11-2021 12:47:43.0410 PM
[ReportManager] Couldn't find the desired file. [src/test/resources/testDataFiles/Google/SimpleSearch.xlsx]. @28-11-2021 12:47:43.0410 P


################################################################################################################################################
Starting Execution:	[6 out of 23] test cases in the current suite
Test Method:		[tests.gui.google.E_Search_PageObjectModel_Traditional_SHAFTAssertions.navigateToGoogleHomeAndAssertGoogleLogoIsDisplayed]
###############################################################################################################################################



################################################################################################################################################
Starting Execution:	[7 out of 23] test cases in the current suite
Test Method:		[tests.gui.google.E_Search_PageObjectModel_Traditional_SHAFTAssertions.navigateToGoogleHomeAndAssertPageTitle]
###############################################################################################################################################



################################################################################################################################################
Starting Execution:	[8 out of 23] test cases in the current suite
Test Method:		[tests.gui.google.E_Search_PageObjectModel_Traditional_SHAFTAssertions.searchForQueryAndAssertFirstResultTextIsCorrect]
###############################################################################################################################################

[ReportManager] File Action [GetAbsolutePath] successfully performed. With the following test data [Relative Folder Path: "target/downloadedFiles/"]. @28-11-2021 12:47:43.0454 PM
[ReportManager] Attempting to run remotely on: [Linux-64], [GoogleChrome], [http://localhost:4444/wd/hub], Headless Execution. @28-11-2021 12:47:43.0481 PM
[ReportManager] Successfully Opened [GoogleChrome]. @28-11-2021 12:47:45.0369 PM
[ReportManager] Target URL: [https://www.google.com/ncr], and after redirection: [https://www.google.com] @28-11-2021 12:47:45.0382 PM
[ReportManager] Initial URL: [data:,] @28-11-2021 12:47:45.0532 PM
[ReportManager] Browser Action [NavigateToURL] successfully performed. With the following test data [https://www.google.com/ncr]. @28-11-2021 12:47:46.0818 P

################################################################################################################################################
Starting Execution:	[9 out of 23] test cases in the current suite
Test Method:		[tests.gui.google.C_Search_PageObjectModel_Traditional.navigateToGoogleHomeAndAssertGoogleLogoIsDisplayed]
################################################################################################################################################
[ReportManager] Element Action [IsElementDisplayed] successfully performed. @28-11-2021 12:47:47.0001 PM
[ReportManager] Assertion Passed: Asserting that the Google logo is displayed @28-11-2021 12:47:47.0002 PM
[ReportManager] Assertion [ValidateTrue] PASSED. Expected [TRUE] and Actual [TRUE]. Validation Type [POSITIVE]. @28-11-2021 12:47:47.0002 P
[ReportManager] Browser Action [CloseCurrentWindow] successfully performed. @28-11-2021 12:47:47.0164 PM
[ReportManager] Successfully created attachment [Browser Action Test Data - CloseCurrentWindow - Actual Value] @28-11-2021 12:47:47.0171 P
[ReportManager] File Action [GetAbsolutePath] successfully performed. With the following test data [Relative Folder Path: "target/downloadedFiles/"]. @28-11-2021 12:47:47.0184 PM
[ReportManager] Attempting to run remotely on: [Linux-64], [GoogleChrome], [http://localhost:4444/wd/hub], Headless Execution. @28-11-2021 12:47:47.0184 PM
[ReportManager] Successfully Opened [GoogleChrome]. @28-11-2021 12:47:47.0592 PM
[ReportManager] Target URL: [https://www.google.com/ncr], and after redirection: [https://www.google.com] @28-11-2021 12:47:47.0592 PM
[ReportManager] Initial URL: [data:,] @28-11-2021 12:47:47.0701 PM
[ReportManager] Browser Action [NavigateToURL] successfully performed. With the following test data [https://www.google.com/ncr]. @28-11-2021 12:47:48.0853 P

################################################################################################################################################
Starting Execution:	[10 out of 23] test cases in the current suite
Test Method:		[tests.gui.google.C_Search_PageObjectModel_Traditional.navigateToGoogleHomeAndAssertPageTitle]
################################################################################################################################################
[ReportManager] Browser Action [GetCurrentWindowTitle] successfully performed. With the following test data [Google]. @28-11-2021 12:47:48.0915 PM
[ReportManager] Assertion Passed: Asserting that the page title is Google @28-11-2021 12:47:48.0915 PM
[ReportManager] Assertion [ValidateEquals] PASSED. Expected [Google] and Actual [Google]. Comparison Type [EQUALS]. Validation Type [POSITIVE]. @28-11-2021 12:47:48.0915 P
[ReportManager] Browser Action [CloseCurrentWindow] successfully performed. @28-11-2021 12:47:49.0075 PM
[ReportManager] Successfully created attachment [Browser Action Test Data - CloseCurrentWindow - Actual Value] @28-11-2021 12:47:49.0077 P
[ReportManager] File Action [GetAbsolutePath] successfully performed. With the following test data [Relative Folder Path: "target/downloadedFiles/"]. @28-11-2021 12:47:49.0084 PM
[ReportManager] Attempting to run remotely on: [Linux-64], [GoogleChrome], [http://localhost:4444/wd/hub], Headless Execution. @28-11-2021 12:47:49.0085 PM
[ReportManager] Successfully Opened [GoogleChrome]. @28-11-2021 12:47:49.0518 PM
[ReportManager] Target URL: [https://www.google.com/ncr], and after redirection: [https://www.google.com] @28-11-2021 12:47:49.0518 PM
[ReportManager] Initial URL: [data:,] @28-11-2021 12:47:49.0599 PM
[ReportManager] Browser Action [NavigateToURL] successfully performed. With the following test data [https://www.google.com/ncr]. @28-11-2021 12:47:50.0479 P

################################################################################################################################################
Starting Execution:	[11 out of 23] test cases in the current suite
Test Method:		[tests.gui.google.C_Search_PageObjectModel_Traditional.searchForQueryAndAssertFirstResultTextIsCorrect]
################################################################################################################################################
[ReportManager] Element Action [Type] successfully performed. With the following test data [SHAFT_Engine]. @28-11-2021 12:47:51.0057 PM
[ReportManager] Element Action [KeyPress] successfully performed. With the following test data [ENTER]. @28-11-2021 12:47:53.0071 PM
[ReportManager] Element Action [GetText] successfully performed. With the following test data [SHAFT: Unified Test Automation Engine - GitHub]. @28-11-2021 12:47:53.0219 PM
[ReportManager] Assertion Failed: Asserting that the correct first result is displayed @28-11-2021 12:47:53.0221 PM
[ReportManager] Assertion [ValidateEquals] FAILED. Expected [MohabMohie] and Actual [SHAFT: Unified Test Automation Engine - GitHub]. Comparison Type [CONTAINS]. Validation Type [POSITIVE]. @28-11-2021 12:47:53.0221 P
[ReportManager] Browser Action [CloseCurrentWindow] successfully performed. @28-11-2021 12:47:53.0526 PM
[ReportManager] Successfully created attachment [Browser Action Test Data - CloseCurrentWindow - Actual Value] @28-11-2021 12:47:53.0551 P



################################################################################################################################################
Starting Execution:	[12 out of 23] test cases in the current suite
Test Method:		[tests.gui.google.A_Search_FlatTest_NativeSeleniumWebDriver.navigateToGoogleHomeAndAssertGoogleLogoIsDisplayed]
###############################################################################################################################################



################################################################################################################################################
Starting Execution:	[13 out of 23] test cases in the current suite
Test Method:		[tests.gui.google.A_Search_FlatTest_NativeSeleniumWebDriver.navigateToGoogleHomeAndAssertPageTitle]
###############################################################################################################################################



################################################################################################################################################
Starting Execution:	[14 out of 23] test cases in the current suite
Test Method:		[tests.gui.google.A_Search_FlatTest_NativeSeleniumWebDriver.searchForQueryAndAssertFirstResultTextIsCorrect]
###############################################################################################################################################

[ReportManager] File Action [GetAbsolutePath] successfully performed. With the following test data [Relative Folder Path: "target/downloadedFiles/"]. @28-11-2021 12:48:20.0544 PM
[ReportManager] Attempting to run remotely on: [Linux-64], [GoogleChrome], [http://localhost:4444/wd/hub], Headless Execution. @28-11-2021 12:48:20.0545 PM
[ReportManager] Successfully Opened [GoogleChrome]. @28-11-2021 12:48:20.0994 PM
[ReportManager] Target URL: [https://www.google.com/ncr], and after redirection: [https://www.google.com] @28-11-2021 12:48:20.0995 PM
[ReportManager] Initial URL: [data:,] @28-11-2021 12:48:21.0098 PM
[ReportManager] Browser Action [NavigateToURL] successfully performed. With the following test data [https://www.google.com/ncr]. @28-11-2021 12:48:22.0339 P

################################################################################################################################################
Starting Execution:	[15 out of 23] test cases in the current suite
Test Method:		[tests.gui.google.B_Search_FlatTest_SHAFT.navigateToGoogleHomeAndAssertGoogleLogoIsDisplayed]
################################################################################################################################################
[ReportManager] File Action [DoesFileExist] successfully performed. With the following test data [File Path: "src/main/resources/dynamicObjectRepository/tests_gui_google_B_Search_FlatTest_SHAFT_navigateToGoogleHomeAndAssertGoogleLogoIsDisplayed_By_xpath_img_id_hplogo_or_alt_Google.png"]. @28-11-2021 12:48:22.0378 PM
[ReportManager] File Action [GetAbsolutePath] successfully performed. With the following test data [Relative Folder Path: "src/main/resources/dynamicObjectRepository/tests_gui_google_B_Search_FlatTest_SHAFT_navigateToGoogleHomeAndAssertGoogleLogoIsDisplayed_By_xpath_img_id_hplogo_or_alt_Google.png"]. @28-11-2021 12:48:22.0379 PM
[ReportManager] File Action [ReadFromImageFile] successfully performed. With the following test data [File Path: "/home/runner/work/using_SHAFT_ENGINE/using_SHAFT_ENGINE/src/main/resources/dynamicObjectRepository/tests_gui_google_B_Search_FlatTest_SHAFT_navigateToGoogleHomeAndAssertGoogleLogoIsDisplayed_By_xpath_img_id_hplogo_or_alt_Google.png"]. @28-11-2021 12:48:22.0386 PM
[ReportManager] File Action [DoesFileExist] successfully performed. With the following test data [File Path: "src/main/resources/dynamicObjectRepository/tests_gui_google_B_Search_FlatTest_SHAFT_navigateToGoogleHomeAndAssertGoogleLogoIsDisplayed_By_xpath_img_id_hplogo_or_alt_Google.png"]. @28-11-2021 12:48:22.0663 PM
[ReportManager] File Action [DoesFileExist] successfully performed. With the following test data [File Path: "src/main/resources/dynamicObjectRepository/tests_gui_google_B_Search_FlatTest_SHAFT_navigateToGoogleHomeAndAssertGoogleLogoIsDisplayed_By_xpath_img_id_hplogo_or_alt_Google.png"]. @28-11-2021 12:48:22.0664 PM
[ReportManager] Loaded Shared OpenCV @28-11-2021 12:48:23.0185 PM
[ReportManager] Successfully identified the element using AI; OpenCV. @28-11-2021 12:48:23.0220 PM
[ReportManager] Assertion Passed: Asserting that the Google logo is displayed @28-11-2021 12:48:23.0222 PM
[ReportManager] Successfully created attachment [Validation Test Data - Reference Screenshot] @28-11-2021 12:48:23.0223 PM
[ReportManager] Successfully created attachment [Validation Test Data - Actual Screenshot] @28-11-2021 12:48:23.0223 PM
[ReportManager] Assertion [ValidateElementMatches] PASSED. Expected [Element should match the reference screenshot] and Actual [TRUE]. Comparison Type [EXACT_OPENCV]. Validation Type [POSITIVE]. @28-11-2021 12:48:23.0223 P
[ReportManager] Browser Action [CloseCurrentWindow] successfully performed. @28-11-2021 12:48:23.0390 PM
[ReportManager] Successfully created attachment [Browser Action Test Data - CloseCurrentWindow - Actual Value] @28-11-2021 12:48:23.0391 P
[ReportManager] File Action [GetAbsolutePath] successfully performed. With the following test data [Relative Folder Path: "target/downloadedFiles/"]. @28-11-2021 12:48:23.0396 PM
[ReportManager] Attempting to run remotely on: [Linux-64], [GoogleChrome], [http://localhost:4444/wd/hub], Headless Execution. @28-11-2021 12:48:23.0400 PM
[ReportManager] Successfully Opened [GoogleChrome]. @28-11-2021 12:48:23.0680 PM
[ReportManager] Target URL: [https://www.google.com/ncr], and after redirection: [https://www.google.com] @28-11-2021 12:48:23.0680 PM
[ReportManager] Initial URL: [data:,] @28-11-2021 12:48:23.0780 PM
[ReportManager] Browser Action [NavigateToURL] successfully performed. With the following test data [https://www.google.com/ncr]. @28-11-2021 12:48:24.0731 P

################################################################################################################################################
Starting Execution:	[16 out of 23] test cases in the current suite
Test Method:		[tests.gui.google.B_Search_FlatTest_SHAFT.navigateToGoogleHomeAndAssertPageTitle]
################################################################################################################################################
[ReportManager] Browser Action [GetCurrentWindowTitle] successfully performed. With the following test data [Google]. @28-11-2021 12:48:24.0803 PM
[ReportManager] Assertion Passed: Asserting that the page title is Google @28-11-2021 12:48:25.0460 PM
[ReportManager] Successfully created attachment [Screenshot - 1638103705072_navigateToGoogleHomeAndAssertPageTitle_ValidateBrowserAttribute_passed] @28-11-2021 12:48:25.0466 PM
[ReportManager] Assertion [ValidateBrowserAttribute] PASSED. Expected [Value Should be 'Google' for the 'Title' attribute] and Actual [Google]. Comparison Type [EQUALS]. Validation Type [POSITIVE]. @28-11-2021 12:48:25.0466 P
[ReportManager] Browser Action [CloseCurrentWindow] successfully performed. @28-11-2021 12:48:25.0630 PM
[ReportManager] Successfully created attachment [Browser Action Test Data - CloseCurrentWindow - Actual Value] @28-11-2021 12:48:25.0631 P
[ReportManager] File Action [GetAbsolutePath] successfully performed. With the following test data [Relative Folder Path: "target/downloadedFiles/"]. @28-11-2021 12:48:25.0638 PM
[ReportManager] Attempting to run remotely on: [Linux-64], [GoogleChrome], [http://localhost:4444/wd/hub], Headless Execution. @28-11-2021 12:48:25.0638 PM
[ReportManager] Successfully Opened [GoogleChrome]. @28-11-2021 12:48:25.0873 PM
[ReportManager] Target URL: [https://www.google.com/ncr], and after redirection: [https://www.google.com] @28-11-2021 12:48:25.0873 PM
[ReportManager] Initial URL: [data:,] @28-11-2021 12:48:25.0975 PM
[ReportManager] Browser Action [NavigateToURL] successfully performed. With the following test data [https://www.google.com/ncr]. @28-11-2021 12:48:27.0019 P

################################################################################################################################################
Starting Execution:	[17 out of 23] test cases in the current suite
Test Method:		[tests.gui.google.B_Search_FlatTest_SHAFT.searchForQueryAndAssertFirstResultTextIsCorrect]
################################################################################################################################################
[ReportManager] Element Action [Type] successfully performed. With the following test data [SHAFT_Engine]. @28-11-2021 12:48:27.0666 PM
[ReportManager] Element Action [KeyPress] successfully performed. With the following test data [ENTER]. @28-11-2021 12:48:29.0495 PM
[ReportManager] Element Action [GetText] successfully performed. With the following test data [SHAFT: Unified Test Automation Engine - GitHub]. @28-11-2021 12:48:29.0636 PM
[ReportManager] Loaded Shared OpenCV @28-11-2021 12:48:30.0114 PM
[ReportManager] Assertion Failed: Asserting that the correct first result is displayed @28-11-2021 12:48:30.0410 PM
[ReportManager] Successfully created attachment [Screenshot - 1638103710114_searchForQueryAndAssertFirstResultTextIsCorrect_ValidateElementAttribute_failed] @28-11-2021 12:48:30.0419 PM
[ReportManager] Assertion [ValidateElementAttribute] FAILED. Expected [Value Should be 'MohabMohie' for the 'Text' attribute, element locator 'By.xpath: (//h1[contains(text(),'Search Result')]/following-sibling::div//a/h3)[1]'] and Actual [SHAFT: Unified Test Automation Engine - GitHub]. Comparison Type [CONTAINS]. Validation Type [POSITIVE]. @28-11-2021 12:48:30.0419 P
[ReportManager] Browser Action [CloseCurrentWindow] successfully performed. @28-11-2021 12:48:30.0684 PM
[ReportManager] Successfully created attachment [Browser Action Test Data - CloseCurrentWindow - Actual Value] @28-11-2021 12:48:30.0686 P
[ReportManager] An Exception Occured with this Message: src/test/resources/testDataFiles/Google/SimpleSearch.xlsx (No such file or directory). @28-11-2021 12:48:30.0690 PM
[ReportManager] Successfully created attachment [Exception Stack Trace - java.io.FileNotFoundException] @28-11-2021 12:48:30.0691 PM
[ReportManager] Couldn't find the desired file. [src/test/resources/testDataFiles/Google/SimpleSearch.xlsx]. @28-11-2021 12:48:30.0691 P


################################################################################################################################################
Starting Execution:	[18 out of 23] test cases in the current suite
Test Method:		[tests.gui.google.F_Search_PageObjectModel_Fluent.navigateToGoogleHomeAndAssertGoogleLogoIsDisplayed]
###############################################################################################################################################



################################################################################################################################################
Starting Execution:	[19 out of 23] test cases in the current suite
Test Method:		[tests.gui.google.F_Search_PageObjectModel_Fluent.navigateToGoogleHomeAndAssertPageTitle]
###############################################################################################################################################



################################################################################################################################################
Starting Execution:	[20 out of 23] test cases in the current suite
Test Method:		[tests.gui.google.F_Search_PageObjectModel_Fluent.searchForQueryAndAssertFirstResultTextIsCorrect]
###############################################################################################################################################

[ReportManager] An Exception Occured with this Message: src/test/resources/testDataFiles/Google/SimpleSearch.xlsx (No such file or directory). @28-11-2021 12:48:30.0716 PM
[ReportManager] Successfully created attachment [Exception Stack Trace - java.io.FileNotFoundException] @28-11-2021 12:48:30.0716 PM
[ReportManager] Couldn't find the desired file. [src/test/resources/testDataFiles/Google/SimpleSearch.xlsx]. @28-11-2021 12:48:30.0716 P


################################################################################################################################################
Starting Execution:	[21 out of 23] test cases in the current suite
Test Method:		[tests.gui.google.G_Search_PageObjectModel_ThreadSafe.navigateToGoogleHomeAndAssertGoogleLogoIsDisplayed]
###############################################################################################################################################



################################################################################################################################################
Starting Execution:	[22 out of 23] test cases in the current suite
Test Method:		[tests.gui.google.G_Search_PageObjectModel_ThreadSafe.navigateToGoogleHomeAndAssertPageTitle]
###############################################################################################################################################



################################################################################################################################################
Starting Execution:	[23 out of 23] test cases in the current suite
Test Method:		[tests.gui.google.G_Search_PageObjectModel_ThreadSafe.searchForQueryAndAssertFirstResultTextIsCorrect]
###############################################################################################################################################

[ReportManager] Successfully created attachment [SHAFT Engine Logs - Execution log] @28-11-2021 12:48:30.0758 PM

################################################################################################################################################
This test run was powered by SHAFT Engine Version: [SHAFT Engine v5.4.20211117-BETA]
SHAFT Engine is licensed under the MIT License: [https://github.com/MohabMohie/SHAFT_ENGINE/blob/master/LICENSE].
################################################################################################################################################