################################################################################################################################################
Detected SHAFT Engine Version: [SHAFT Engine v5.4.20211117-BETA]
################################################################################################################################################

################################################################################################################################################
Starting Execution:	[1 out of 23] test cases in the current suite
Test Method:		[tests.api.users.UserData.validateUserEmail]
################################################################################################################################################
[ReportManager] Response status code: [200], status line: [HTTP/1.1 200 OK] @20-11-2021 06:37:42.0464 AM
[ReportManager] Assertion Passed: Evaluating the actual response status code against the expected one... @20-11-2021 06:37:42.0474 AM
[ReportManager] Assertion [ValidateComparativeRelation] PASSED. Expected [200] and Actual [200]. Comparison Type [EQUALS]. Validation Type [POSITIVE]. @20-11-2021 06:37:42.0479 AM
[ReportManager] API Action [PerformRequest] successfully performed. With the following test data [Request Type: "GET" | Target Status Code: "200" | Service URL: "https://jsonplaceholder.typicode.com/users" | Content Type: "*/*" | Response Time: "910ms"]. @20-11-2021 06:37:43.0468 AM
[ReportManager] Successfully created attachment [API Request - Specifications] @20-11-2021 06:37:43.0471 AM
[ReportManager] Successfully created attachment [API Response - JSON Body] @20-11-2021 06:37:43.0676 AM
[ReportManager] Assertion [ValidateEquals] PASSED. Expected and Actual values are attached. Comparison Type [CONTAINS]. Validation Type [POSITIVE]. @20-11-2021 06:37:43.0683 AM
[ReportManager] Successfully created attachment [Validation Test Data - Expected Value] @20-11-2021 06:37:43.0684 AM
[ReportManager] Successfully created attachment [Validation Test Data - Actual Value] @20-11-2021 06:37:43.0684 AM
[ReportManager] API Action [GetResponseJSONValueAsList] successfully performed. With the following test data [$]. @20-11-2021 06:37:43.0701 AM
[ReportManager] API Action [GetResponseJSONValue] successfully performed. With the following test data [name]. @20-11-2021 06:37:43.0728 AM
[ReportManager] API Action [GetResponseJSONValue] successfully performed. With the following test data [email]. @20-11-2021 06:37:43.0748 AM
[ReportManager] Assertion [ValidateEquals] PASSED. Expected [Sincere@april.biz] and Actual [Sincere@april.biz]. Comparison Type [EQUALS]. Validation Type [POSITIVE]. @20-11-2021 06:37:43.0749 AM
[ReportManager] API Action [GetResponseJSONValue] successfully performed. With the following test data [name]. @20-11-2021 06:37:43.0771 AM
[ReportManager] API Action [GetResponseJSONValue] successfully performed. With the following test data [name]. @20-11-2021 06:37:43.0791 AM
[ReportManager] API Action [GetResponseJSONValue] successfully performed. With the following test data [name]. @20-11-2021 06:37:43.0805 AM
[ReportManager] API Action [GetResponseJSONValue] successfully performed. With the following test data [name]. @20-11-2021 06:37:43.0824 AM
[ReportManager] API Action [GetResponseJSONValue] successfully performed. With the following test data [name]. @20-11-2021 06:37:43.0842 AM
[ReportManager] API Action [GetResponseJSONValue] successfully performed. With the following test data [name]. @20-11-2021 06:37:43.0856 AM
[ReportManager] API Action [GetResponseJSONValue] successfully performed. With the following test data [name]. @20-11-2021 06:37:43.0871 AM
[ReportManager] API Action [GetResponseJSONValue] successfully performed. With the following test data [name]. @20-11-2021 06:37:43.0885 AM
[ReportManager] API Action [GetResponseJSONValue] successfully performed. With the following test data [name]. @20-11-2021 06:37:43.0900 A

################################################################################################################################################
Starting Execution:	[2 out of 23] test cases in the current suite
Test Method:		[tests.cli.demo.cliTest.sampleTestCase]
################################################################################################################################################
[ReportManager] Attempting to perform the following command locally. Command: [ls] @20-11-2021 06:37:44.0029 AM
[ReportManager] Terminal Action [PerformTerminalCommands] successfully performed. With the following test data [Host Name: "localHost" | Command: "ls" | Exit Status: "0"]. @20-11-2021 06:37:44.0039 AM
[ReportManager] Successfully created attachment [Terminal Action Actual Result - Command Log] @20-11-2021 06:37:44.0040 AM
[ReportManager] Assertion Passed: Demoing local terminal actions @20-11-2021 06:37:44.0040 AM
[ReportManager] Assertion [ValidateEquals] PASSED. Expected [pom.xml] and Actual [LICENSE
README.md
allure-results
docker-compose_native.yml
docker-compose_zalenium.yml
extent-reports
pom.xml
readMeImgs
src
target]. Comparison Type [CONTAINS]. Validation Type [POSITIVE]. @20-11-2021 06:37:44.0040 A
[ReportManager] An Exception Occured with this Message: src/test/resources/testDataFiles/Google/SimpleSearch.xlsx (No such file or directory). @20-11-2021 06:37:44.0054 AM
[ReportManager] Successfully created attachment [Exception Stack Trace - java.io.FileNotFoundException] @20-11-2021 06:37:44.0056 AM
[ReportManager] Couldn't find the desired file. [src/test/resources/testDataFiles/Google/SimpleSearch.xlsx]. @20-11-2021 06:37:44.0056 A


################################################################################################################################################
Starting Execution:	[3 out of 23] test cases in the current suite
Test Method:		[tests.gui.google.D_Search_PageObjectModel_Traditional_DataDriven.navigateToGoogleHomeAndAssertGoogleLogoIsDisplayed]
###############################################################################################################################################



################################################################################################################################################
Starting Execution:	[4 out of 23] test cases in the current suite
Test Method:		[tests.gui.google.D_Search_PageObjectModel_Traditional_DataDriven.navigateToGoogleHomeAndAssertPageTitle]
###############################################################################################################################################



################################################################################################################################################
Starting Execution:	[5 out of 23] test cases in the current suite
Test Method:		[tests.gui.google.D_Search_PageObjectModel_Traditional_DataDriven.searchForQueryAndAssertFirstResultTextIsCorrect]
###############################################################################################################################################

[ReportManager] An Exception Occured with this Message: src/test/resources/testDataFiles/Google/SimpleSearch.xlsx (No such file or directory). @20-11-2021 06:37:44.0113 AM
[ReportManager] Successfully created attachment [Exception Stack Trace - java.io.FileNotFoundException] @20-11-2021 06:37:44.0114 AM
[ReportManager] Couldn't find the desired file. [src/test/resources/testDataFiles/Google/SimpleSearch.xlsx]. @20-11-2021 06:37:44.0114 A


################################################################################################################################################
Starting Execution:	[6 out of 23] test cases in the current suite
Test Method:		[tests.gui.google.E_Search_PageObjectModel_Traditional_SHAFTAssertions.navigateToGoogleHomeAndAssertGoogleLogoIsDisplayed]
###############################################################################################################################################



################################################################################################################################################
Starting Execution:	[7 out of 23] test cases in the current suite
Test Method:		[tests.gui.google.E_Search_PageObjectModel_Traditional_SHAFTAssertions.navigateToGoogleHomeAndAssertPageTitle]
###############################################################################################################################################



################################################################################################################################################
Starting Execution:	[8 out of 23] test cases in the current suite
Test Method:		[tests.gui.google.E_Search_PageObjectModel_Traditional_SHAFTAssertions.searchForQueryAndAssertFirstResultTextIsCorrect]
###############################################################################################################################################

[ReportManager] File Action [GetAbsolutePath] successfully performed. With the following test data [Relative Folder Path: "target/downloadedFiles/"]. @20-11-2021 06:37:44.0150 AM
[ReportManager] Attempting to run remotely on: [Linux-64], [GoogleChrome], [http://localhost:4444/wd/hub], Headless Execution. @20-11-2021 06:37:44.0163 AM
[ReportManager] Successfully Opened [GoogleChrome]. @20-11-2021 06:37:45.0919 AM
[ReportManager] Target URL: [https://www.google.com/ncr], and after redirection: [https://www.google.com] @20-11-2021 06:37:45.0928 AM
[ReportManager] Initial URL: [data:,] @20-11-2021 06:37:46.0066 AM
[ReportManager] Browser Action [NavigateToURL] successfully performed. With the following test data [https://www.google.com/ncr]. @20-11-2021 06:37:47.0411 A

################################################################################################################################################
Starting Execution:	[9 out of 23] test cases in the current suite
Test Method:		[tests.gui.google.C_Search_PageObjectModel_Traditional.navigateToGoogleHomeAndAssertGoogleLogoIsDisplayed]
################################################################################################################################################
[ReportManager] Element Action [IsElementDisplayed] successfully performed. @20-11-2021 06:37:47.0567 AM
[ReportManager] Assertion Passed: Asserting that the Google logo is displayed @20-11-2021 06:37:47.0567 AM
[ReportManager] Assertion [ValidateTrue] PASSED. Expected [TRUE] and Actual [TRUE]. Validation Type [POSITIVE]. @20-11-2021 06:37:47.0567 A
[ReportManager] Browser Action [CloseCurrentWindow] successfully performed. @20-11-2021 06:37:47.0719 AM
[ReportManager] Successfully created attachment [Browser Action Test Data - CloseCurrentWindow - Actual Value] @20-11-2021 06:37:47.0720 A
[ReportManager] File Action [GetAbsolutePath] successfully performed. With the following test data [Relative Folder Path: "target/downloadedFiles/"]. @20-11-2021 06:37:47.0736 AM
[ReportManager] Attempting to run remotely on: [Linux-64], [GoogleChrome], [http://localhost:4444/wd/hub], Headless Execution. @20-11-2021 06:37:47.0736 AM
[ReportManager] Successfully Opened [GoogleChrome]. @20-11-2021 06:37:48.0111 AM
[ReportManager] Target URL: [https://www.google.com/ncr], and after redirection: [https://www.google.com] @20-11-2021 06:37:48.0112 AM
[ReportManager] Initial URL: [data:,] @20-11-2021 06:37:48.0202 AM
[ReportManager] Browser Action [NavigateToURL] successfully performed. With the following test data [https://www.google.com/ncr]. @20-11-2021 06:37:49.0092 A

################################################################################################################################################
Starting Execution:	[10 out of 23] test cases in the current suite
Test Method:		[tests.gui.google.C_Search_PageObjectModel_Traditional.navigateToGoogleHomeAndAssertPageTitle]
################################################################################################################################################
[ReportManager] Browser Action [GetCurrentWindowTitle] successfully performed. With the following test data [Google]. @20-11-2021 06:37:49.0152 AM
[ReportManager] Assertion Passed: Asserting that the page title is Google @20-11-2021 06:37:49.0153 AM
[ReportManager] Assertion [ValidateEquals] PASSED. Expected [Google] and Actual [Google]. Comparison Type [EQUALS]. Validation Type [POSITIVE]. @20-11-2021 06:37:49.0153 A
[ReportManager] Browser Action [CloseCurrentWindow] successfully performed. @20-11-2021 06:37:49.0306 AM
[ReportManager] Successfully created attachment [Browser Action Test Data - CloseCurrentWindow - Actual Value] @20-11-2021 06:37:49.0308 A
[ReportManager] File Action [GetAbsolutePath] successfully performed. With the following test data [Relative Folder Path: "target/downloadedFiles/"]. @20-11-2021 06:37:49.0316 AM
[ReportManager] Attempting to run remotely on: [Linux-64], [GoogleChrome], [http://localhost:4444/wd/hub], Headless Execution. @20-11-2021 06:37:49.0316 AM
[ReportManager] Successfully Opened [GoogleChrome]. @20-11-2021 06:37:49.0659 AM
[ReportManager] Target URL: [https://www.google.com/ncr], and after redirection: [https://www.google.com] @20-11-2021 06:37:49.0660 AM
[ReportManager] Initial URL: [data:,] @20-11-2021 06:37:49.0769 AM
[ReportManager] Browser Action [NavigateToURL] successfully performed. With the following test data [https://www.google.com/ncr]. @20-11-2021 06:37:50.0703 A

################################################################################################################################################
Starting Execution:	[11 out of 23] test cases in the current suite
Test Method:		[tests.gui.google.C_Search_PageObjectModel_Traditional.searchForQueryAndAssertFirstResultTextIsCorrect]
################################################################################################################################################
[ReportManager] Element Action [Type] successfully performed. With the following test data [SHAFT_Engine]. @20-11-2021 06:37:51.0174 AM
[ReportManager] Element Action [KeyPress] successfully performed. With the following test data [ENTER]. @20-11-2021 06:37:52.0688 AM
[ReportManager] Element Action [GetText] successfully performed. With the following test data [SHAFT_ENGINE is a Test Automation Engine that ... - GitHub]. @20-11-2021 06:37:52.0819 AM
[ReportManager] Assertion Failed: Asserting that the correct first result is displayed @20-11-2021 06:37:52.0820 AM
[ReportManager] Assertion [ValidateEquals] FAILED. Expected [MohabMohie] and Actual [SHAFT_ENGINE is a Test Automation Engine that ... - GitHub]. Comparison Type [CONTAINS]. Validation Type [POSITIVE]. @20-11-2021 06:37:52.0821 A
[ReportManager] Browser Action [CloseCurrentWindow] successfully performed. @20-11-2021 06:37:53.0094 AM
[ReportManager] Successfully created attachment [Browser Action Test Data - CloseCurrentWindow - Actual Value] @20-11-2021 06:37:53.0120 A



################################################################################################################################################
Starting Execution:	[12 out of 23] test cases in the current suite
Test Method:		[tests.gui.google.A_Search_FlatTest_NativeSeleniumWebDriver.navigateToGoogleHomeAndAssertGoogleLogoIsDisplayed]
###############################################################################################################################################



################################################################################################################################################
Starting Execution:	[13 out of 23] test cases in the current suite
Test Method:		[tests.gui.google.A_Search_FlatTest_NativeSeleniumWebDriver.navigateToGoogleHomeAndAssertPageTitle]
###############################################################################################################################################



################################################################################################################################################
Starting Execution:	[14 out of 23] test cases in the current suite
Test Method:		[tests.gui.google.A_Search_FlatTest_NativeSeleniumWebDriver.searchForQueryAndAssertFirstResultTextIsCorrect]
###############################################################################################################################################

[ReportManager] File Action [GetAbsolutePath] successfully performed. With the following test data [Relative Folder Path: "target/downloadedFiles/"]. @20-11-2021 06:38:10.0810 AM
[ReportManager] Attempting to run remotely on: [Linux-64], [GoogleChrome], [http://localhost:4444/wd/hub], Headless Execution. @20-11-2021 06:38:10.0811 AM
[ReportManager] Successfully Opened [GoogleChrome]. @20-11-2021 06:38:11.0200 AM
[ReportManager] Target URL: [https://www.google.com/ncr], and after redirection: [https://www.google.com] @20-11-2021 06:38:11.0200 AM
[ReportManager] Initial URL: [data:,] @20-11-2021 06:38:11.0296 AM
[ReportManager] Browser Action [NavigateToURL] successfully performed. With the following test data [https://www.google.com/ncr]. @20-11-2021 06:38:12.0137 A

################################################################################################################################################
Starting Execution:	[15 out of 23] test cases in the current suite
Test Method:		[tests.gui.google.B_Search_FlatTest_SHAFT.navigateToGoogleHomeAndAssertGoogleLogoIsDisplayed]
################################################################################################################################################
[ReportManager] File Action [DoesFileExist] successfully performed. With the following test data [File Path: "src/main/resources/dynamicObjectRepository/tests_gui_google_B_Search_FlatTest_SHAFT_navigateToGoogleHomeAndAssertGoogleLogoIsDisplayed_By_xpath_img_id_hplogo_or_alt_Google.png"]. @20-11-2021 06:38:12.0155 AM
[ReportManager] File Action [GetAbsolutePath] successfully performed. With the following test data [Relative Folder Path: "src/main/resources/dynamicObjectRepository/tests_gui_google_B_Search_FlatTest_SHAFT_navigateToGoogleHomeAndAssertGoogleLogoIsDisplayed_By_xpath_img_id_hplogo_or_alt_Google.png"]. @20-11-2021 06:38:12.0155 AM
[ReportManager] File Action [ReadFromImageFile] successfully performed. With the following test data [File Path: "/home/runner/work/using_SHAFT_ENGINE/using_SHAFT_ENGINE/src/main/resources/dynamicObjectRepository/tests_gui_google_B_Search_FlatTest_SHAFT_navigateToGoogleHomeAndAssertGoogleLogoIsDisplayed_By_xpath_img_id_hplogo_or_alt_Google.png"]. @20-11-2021 06:38:12.0156 AM
[ReportManager] File Action [DoesFileExist] successfully performed. With the following test data [File Path: "src/main/resources/dynamicObjectRepository/tests_gui_google_B_Search_FlatTest_SHAFT_navigateToGoogleHomeAndAssertGoogleLogoIsDisplayed_By_xpath_img_id_hplogo_or_alt_Google.png"]. @20-11-2021 06:38:12.0480 AM
[ReportManager] File Action [DoesFileExist] successfully performed. With the following test data [File Path: "src/main/resources/dynamicObjectRepository/tests_gui_google_B_Search_FlatTest_SHAFT_navigateToGoogleHomeAndAssertGoogleLogoIsDisplayed_By_xpath_img_id_hplogo_or_alt_Google.png"]. @20-11-2021 06:38:12.0480 AM
[ReportManager] Loaded Shared OpenCV @20-11-2021 06:38:12.0903 AM
[ReportManager] Successfully identified the element using AI; OpenCV. @20-11-2021 06:38:12.0928 AM
[ReportManager] Assertion Passed: Asserting that the Google logo is displayed @20-11-2021 06:38:12.0931 AM
[ReportManager] Successfully created attachment [Validation Test Data - Reference Screenshot] @20-11-2021 06:38:12.0931 AM
[ReportManager] Successfully created attachment [Validation Test Data - Actual Screenshot] @20-11-2021 06:38:12.0932 AM
[ReportManager] Assertion [ValidateElementMatches] PASSED. Expected [Element should match the reference screenshot] and Actual [TRUE]. Comparison Type [EXACT_OPENCV]. Validation Type [POSITIVE]. @20-11-2021 06:38:12.0932 A
[ReportManager] Browser Action [CloseCurrentWindow] successfully performed. @20-11-2021 06:38:13.0092 AM
[ReportManager] Successfully created attachment [Browser Action Test Data - CloseCurrentWindow - Actual Value] @20-11-2021 06:38:13.0093 A
[ReportManager] File Action [GetAbsolutePath] successfully performed. With the following test data [Relative Folder Path: "target/downloadedFiles/"]. @20-11-2021 06:38:13.0098 AM
[ReportManager] Attempting to run remotely on: [Linux-64], [GoogleChrome], [http://localhost:4444/wd/hub], Headless Execution. @20-11-2021 06:38:13.0101 AM
[ReportManager] Successfully Opened [GoogleChrome]. @20-11-2021 06:38:13.0310 AM
[ReportManager] Target URL: [https://www.google.com/ncr], and after redirection: [https://www.google.com] @20-11-2021 06:38:13.0310 AM
[ReportManager] Initial URL: [data:,] @20-11-2021 06:38:13.0409 AM
[ReportManager] Browser Action [NavigateToURL] successfully performed. With the following test data [https://www.google.com/ncr]. @20-11-2021 06:38:14.0903 A

################################################################################################################################################
Starting Execution:	[16 out of 23] test cases in the current suite
Test Method:		[tests.gui.google.B_Search_FlatTest_SHAFT.navigateToGoogleHomeAndAssertPageTitle]
################################################################################################################################################
[ReportManager] Browser Action [GetCurrentWindowTitle] successfully performed. With the following test data [Google]. @20-11-2021 06:38:14.0974 AM
[ReportManager] Assertion Passed: Asserting that the page title is Google @20-11-2021 06:38:15.0626 AM
[ReportManager] Successfully created attachment [Screenshot - 1637390295216_navigateToGoogleHomeAndAssertPageTitle_ValidateBrowserAttribute_passed] @20-11-2021 06:38:15.0635 AM
[ReportManager] Assertion [ValidateBrowserAttribute] PASSED. Expected [Value Should be 'Google' for the 'Title' attribute] and Actual [Google]. Comparison Type [EQUALS]. Validation Type [POSITIVE]. @20-11-2021 06:38:15.0635 A
[ReportManager] Browser Action [CloseCurrentWindow] successfully performed. @20-11-2021 06:38:15.0806 AM
[ReportManager] Successfully created attachment [Browser Action Test Data - CloseCurrentWindow - Actual Value] @20-11-2021 06:38:15.0807 A
[ReportManager] File Action [GetAbsolutePath] successfully performed. With the following test data [Relative Folder Path: "target/downloadedFiles/"]. @20-11-2021 06:38:15.0809 AM
[ReportManager] Attempting to run remotely on: [Linux-64], [GoogleChrome], [http://localhost:4444/wd/hub], Headless Execution. @20-11-2021 06:38:15.0809 AM
[ReportManager] Successfully Opened [GoogleChrome]. @20-11-2021 06:38:16.0029 AM
[ReportManager] Target URL: [https://www.google.com/ncr], and after redirection: [https://www.google.com] @20-11-2021 06:38:16.0029 AM
[ReportManager] Initial URL: [data:,] @20-11-2021 06:38:16.0101 AM
[ReportManager] Browser Action [NavigateToURL] successfully performed. With the following test data [https://www.google.com/ncr]. @20-11-2021 06:38:17.0011 A

################################################################################################################################################
Starting Execution:	[17 out of 23] test cases in the current suite
Test Method:		[tests.gui.google.B_Search_FlatTest_SHAFT.searchForQueryAndAssertFirstResultTextIsCorrect]
################################################################################################################################################
[ReportManager] Element Action [Type] successfully performed. With the following test data [SHAFT_Engine]. @20-11-2021 06:38:17.0435 AM
[ReportManager] Element Action [KeyPress] successfully performed. With the following test data [ENTER]. @20-11-2021 06:38:18.0538 AM
[ReportManager] Element Action [GetText] successfully performed. With the following test data [SHAFT_ENGINE is a Test Automation Engine that ... - GitHub]. @20-11-2021 06:38:18.0653 AM
[ReportManager] Loaded Shared OpenCV @20-11-2021 06:38:19.0048 AM
[ReportManager] Assertion Failed: Asserting that the correct first result is displayed @20-11-2021 06:38:19.0290 AM
[ReportManager] Successfully created attachment [Screenshot - 1637390299048_searchForQueryAndAssertFirstResultTextIsCorrect_ValidateElementAttribute_failed] @20-11-2021 06:38:19.0298 AM
[ReportManager] Assertion [ValidateElementAttribute] FAILED. Expected [Value Should be 'MohabMohie' for the 'Text' attribute, element locator 'By.xpath: (//h1[contains(text(),'Search Result')]/following-sibling::div//a/h3)[1]'] and Actual [SHAFT_ENGINE is a Test Automation Engine that ... - GitHub]. Comparison Type [CONTAINS]. Validation Type [POSITIVE]. @20-11-2021 06:38:19.0298 A
[ReportManager] Browser Action [CloseCurrentWindow] successfully performed. @20-11-2021 06:38:19.0546 AM
[ReportManager] Successfully created attachment [Browser Action Test Data - CloseCurrentWindow - Actual Value] @20-11-2021 06:38:19.0552 A
[ReportManager] An Exception Occured with this Message: src/test/resources/testDataFiles/Google/SimpleSearch.xlsx (No such file or directory). @20-11-2021 06:38:19.0560 AM
[ReportManager] Successfully created attachment [Exception Stack Trace - java.io.FileNotFoundException] @20-11-2021 06:38:19.0560 AM
[ReportManager] Couldn't find the desired file. [src/test/resources/testDataFiles/Google/SimpleSearch.xlsx]. @20-11-2021 06:38:19.0560 A


################################################################################################################################################
Starting Execution:	[18 out of 23] test cases in the current suite
Test Method:		[tests.gui.google.F_Search_PageObjectModel_Fluent.navigateToGoogleHomeAndAssertGoogleLogoIsDisplayed]
###############################################################################################################################################



################################################################################################################################################
Starting Execution:	[19 out of 23] test cases in the current suite
Test Method:		[tests.gui.google.F_Search_PageObjectModel_Fluent.navigateToGoogleHomeAndAssertPageTitle]
###############################################################################################################################################



################################################################################################################################################
Starting Execution:	[20 out of 23] test cases in the current suite
Test Method:		[tests.gui.google.F_Search_PageObjectModel_Fluent.searchForQueryAndAssertFirstResultTextIsCorrect]
###############################################################################################################################################

[ReportManager] An Exception Occured with this Message: src/test/resources/testDataFiles/Google/SimpleSearch.xlsx (No such file or directory). @20-11-2021 06:38:19.0587 AM
[ReportManager] Successfully created attachment [Exception Stack Trace - java.io.FileNotFoundException] @20-11-2021 06:38:19.0588 AM
[ReportManager] Couldn't find the desired file. [src/test/resources/testDataFiles/Google/SimpleSearch.xlsx]. @20-11-2021 06:38:19.0588 A


################################################################################################################################################
Starting Execution:	[21 out of 23] test cases in the current suite
Test Method:		[tests.gui.google.G_Search_PageObjectModel_ThreadSafe.navigateToGoogleHomeAndAssertGoogleLogoIsDisplayed]
###############################################################################################################################################



################################################################################################################################################
Starting Execution:	[22 out of 23] test cases in the current suite
Test Method:		[tests.gui.google.G_Search_PageObjectModel_ThreadSafe.navigateToGoogleHomeAndAssertPageTitle]
###############################################################################################################################################



################################################################################################################################################
Starting Execution:	[23 out of 23] test cases in the current suite
Test Method:		[tests.gui.google.G_Search_PageObjectModel_ThreadSafe.searchForQueryAndAssertFirstResultTextIsCorrect]
###############################################################################################################################################

[ReportManager] Successfully created attachment [SHAFT Engine Logs - Execution log] @20-11-2021 06:38:19.0630 AM

################################################################################################################################################
This test run was powered by SHAFT Engine Version: [SHAFT Engine v5.4.20211117-BETA]
SHAFT Engine is licensed under the MIT License: [https://github.com/MohabMohie/SHAFT_ENGINE/blob/master/LICENSE].
################################################################################################################################################