{
  "uid" : "6062a3e1ac4b12f3",
  "name" : "navigateToGoogleHomeAndAssertGoogleLogoIsDisplayed",
  "fullName" : "tests.gui.google.A_Search_FlatTest_NativeSeleniumWebDriver.navigateToGoogleHomeAndAssertGoogleLogoIsDisplayed",
  "historyId" : "7431e87dda04bcbb04d2d3b07ce977e2",
  "time" : {
    "start" : 1646591721347,
    "stop" : 1646591721370,
    "duration" : 23
  },
  "status" : "skipped",
  "statusMessage" : "Could not start a new session. Response code 500. Message: unknown error: Chrome failed to start: crashed.\n  (unknown error: DevToolsActivePort file doesn't exist)\n  (The process started from chrome location /usr/bin/google-chrome is no longer running, so ChromeDriver is assuming that Chrome has crashed.)\nBuild info: version: '4.1.1', revision: 'e8fcc2cecf'\nSystem info: host: 'fv-az201-815', ip: '10.1.0.65', os.name: 'Linux', os.arch: 'amd64', os.version: '5.11.0-1028-azure', java.version: '17.0.2'\nDriver info: org.openqa.selenium.chrome.ChromeDriver\nCommand: [null, newSession {capabilities=[Capabilities {browserName: chrome, goog:chromeOptions: {args: [], extensions: []}}], desiredCapabilities=Capabilities {browserName: chrome, goog:chromeOptions: {args: [], extensions: []}}}]",
  "statusTrace" : "org.openqa.selenium.SessionNotCreatedException: Could not start a new session. Response code 500. Message: unknown error: Chrome failed to start: crashed.\n  (unknown error: DevToolsActivePort file doesn't exist)\n  (The process started from chrome location /usr/bin/google-chrome is no longer running, so ChromeDriver is assuming that Chrome has crashed.)\nBuild info: version: '4.1.1', revision: 'e8fcc2cecf'\nSystem info: host: 'fv-az201-815', ip: '10.1.0.65', os.name: 'Linux', os.arch: 'amd64', os.version: '5.11.0-1028-azure', java.version: '17.0.2'\nDriver info: org.openqa.selenium.chrome.ChromeDriver\nCommand: [null, newSession {capabilities=[Capabilities {browserName: chrome, goog:chromeOptions: {args: [], extensions: []}}], desiredCapabilities=Capabilities {browserName: chrome, goog:chromeOptions: {args: [], extensions: []}}}]\n\tat org.openqa.selenium.remote.ProtocolHandshake.createSession(ProtocolHandshake.java:126)\n\tat org.openqa.selenium.remote.ProtocolHandshake.createSession(ProtocolHandshake.java:84)\n\tat org.openqa.selenium.remote.ProtocolHandshake.createSession(ProtocolHandshake.java:62)\n\tat org.openqa.selenium.remote.HttpCommandExecutor.execute(HttpCommandExecutor.java:156)\n\tat org.openqa.selenium.remote.service.DriverCommandExecutor.invokeExecute(DriverCommandExecutor.java:167)\n\tat org.openqa.selenium.remote.service.DriverCommandExecutor.execute(DriverCommandExecutor.java:142)\n\tat org.openqa.selenium.remote.RemoteWebDriver.execute(RemoteWebDriver.java:543)\n\tat org.openqa.selenium.remote.RemoteWebDriver.startSession(RemoteWebDriver.java:230)\n\tat org.openqa.selenium.remote.RemoteWebDriver.<init>(RemoteWebDriver.java:151)\n\tat org.openqa.selenium.chromium.ChromiumDriver.<init>(ChromiumDriver.java:108)\n\tat org.openqa.selenium.chrome.ChromeDriver.<init>(ChromeDriver.java:104)\n\tat org.openqa.selenium.chrome.ChromeDriver.<init>(ChromeDriver.java:91)\n\tat org.openqa.selenium.chrome.ChromeDriver.<init>(ChromeDriver.java:46)\n\tat tests.gui.google.A_Search_FlatTest_NativeSeleniumWebDriver.beforeMethod(A_Search_FlatTest_NativeSeleniumWebDriver.java:46)\n\tat java.base/jdk.internal.reflect.NativeMethodAccessorImpl.invoke0(Native Method)\n\tat java.base/jdk.internal.reflect.NativeMethodAccessorImpl.invoke(NativeMethodAccessorImpl.java:77)\n\tat java.base/jdk.internal.reflect.DelegatingMethodAccessorImpl.invoke(DelegatingMethodAccessorImpl.java:43)\n\tat java.base/java.lang.reflect.Method.invoke(Method.java:568)\n\tat org.testng.internal.invokers.MethodInvocationHelper.invokeMethod(MethodInvocationHelper.java:135)\n\tat org.testng.internal.invokers.MethodInvocationHelper.invokeMethodConsideringTimeout(MethodInvocationHelper.java:65)\n\tat org.testng.internal.invokers.ConfigInvoker.invokeConfigurationMethod(ConfigInvoker.java:381)\n\tat org.testng.internal.invokers.ConfigInvoker.invokeConfigurations(ConfigInvoker.java:319)\n\tat org.testng.internal.invokers.TestInvoker.runConfigMethods(TestInvoker.java:803)\n\tat org.testng.internal.invokers.TestInvoker.invokeMethod(TestInvoker.java:589)\n\tat org.testng.internal.invokers.TestInvoker.invokeTestMethod(TestInvoker.java:220)\n\tat org.testng.internal.invokers.MethodRunner.runInSequence(MethodRunner.java:50)\n\tat org.testng.internal.invokers.TestInvoker$MethodInvocationAgent.invoke(TestInvoker.java:945)\n\tat org.testng.internal.invokers.TestInvoker.invokeTestMethods(TestInvoker.java:193)\n\tat org.testng.internal.invokers.TestMethodWorker.invokeTestMethods(TestMethodWorker.java:146)\n\tat org.testng.internal.invokers.TestMethodWorker.run(TestMethodWorker.java:128)\n\tat java.base/java.util.ArrayList.forEach(ArrayList.java:1511)\n\tat org.testng.TestRunner.privateRun(TestRunner.java:808)\n\tat org.testng.TestRunner.run(TestRunner.java:603)\n\tat org.testng.SuiteRunner.runTest(SuiteRunner.java:429)\n\tat org.testng.SuiteRunner.runSequentially(SuiteRunner.java:423)\n\tat org.testng.SuiteRunner.privateRun(SuiteRunner.java:383)\n\tat org.testng.SuiteRunner.run(SuiteRunner.java:326)\n\tat org.testng.SuiteRunnerWorker.runSuite(SuiteRunnerWorker.java:52)\n\tat org.testng.SuiteRunnerWorker.run(SuiteRunnerWorker.java:95)\n\tat org.testng.TestNG.runSuitesSequentially(TestNG.java:1249)\n\tat org.testng.TestNG.runSuitesLocally(TestNG.java:1169)\n\tat org.testng.TestNG.runSuites(TestNG.java:1092)\n\tat org.testng.TestNG.run(TestNG.java:1060)\n\tat org.apache.maven.surefire.testng.TestNGExecutor.run(TestNGExecutor.java:136)\n\tat org.apache.maven.surefire.testng.TestNGDirectoryTestSuite.executeMulti(TestNGDirectoryTestSuite.java:193)\n\tat org.apache.maven.surefire.testng.TestNGDirectoryTestSuite.execute(TestNGDirectoryTestSuite.java:94)\n\tat org.apache.maven.surefire.testng.TestNGProvider.invoke(TestNGProvider.java:145)\n\tat org.apache.maven.surefire.booter.ForkedBooter.runSuitesInProcess(ForkedBooter.java:428)\n\tat org.apache.maven.surefire.booter.ForkedBooter.execute(ForkedBooter.java:162)\n\tat org.apache.maven.surefire.booter.ForkedBooter.run(ForkedBooter.java:562)\n\tat org.apache.maven.surefire.booter.ForkedBooter.main(ForkedBooter.java:548)\n",
  "flaky" : false,
  "newFailed" : false,
  "beforeStages" : [ {
    "name" : "beforeClass",
    "time" : {
      "start" : 1646591698804,
      "stop" : 1646591700088,
      "duration" : 1284
    },
    "description" : "",
    "status" : "passed",
    "steps" : [ ],
    "attachments" : [ ],
    "parameters" : [ ],
    "stepsCount" : 0,
    "attachmentsCount" : 0,
    "shouldDisplayMessage" : false,
    "hasContent" : false
  }, {
    "name" : "beforeMethod",
    "time" : {
      "start" : 1646591700089,
      "stop" : 1646591721339,
      "duration" : 21250
    },
    "description" : "",
    "status" : "broken",
    "statusMessage" : "Could not start a new session. Response code 500. Message: unknown error: Chrome failed to start: crashed.\n  (unknown error: DevToolsActivePort file doesn't exist)\n  (The process started from chrome location /usr/bin/google-chrome is no longer running, so ChromeDriver is assuming that Chrome has crashed.)\nBuild info: version: '4.1.1', revision: 'e8fcc2cecf'\nSystem info: host: 'fv-az201-815', ip: '10.1.0.65', os.name: 'Linux', os.arch: 'amd64', os.version: '5.11.0-1028-azure', java.version: '17.0.2'\nDriver info: org.openqa.selenium.chrome.ChromeDriver\nCommand: [null, newSession {capabilities=[Capabilities {browserName: chrome, goog:chromeOptions: {args: [], extensions: []}}], desiredCapabilities=Capabilities {browserName: chrome, goog:chromeOptions: {args: [], extensions: []}}}]",
    "statusTrace" : "org.openqa.selenium.SessionNotCreatedException: Could not start a new session. Response code 500. Message: unknown error: Chrome failed to start: crashed.\n  (unknown error: DevToolsActivePort file doesn't exist)\n  (The process started from chrome location /usr/bin/google-chrome is no longer running, so ChromeDriver is assuming that Chrome has crashed.)\nBuild info: version: '4.1.1', revision: 'e8fcc2cecf'\nSystem info: host: 'fv-az201-815', ip: '10.1.0.65', os.name: 'Linux', os.arch: 'amd64', os.version: '5.11.0-1028-azure', java.version: '17.0.2'\nDriver info: org.openqa.selenium.chrome.ChromeDriver\nCommand: [null, newSession {capabilities=[Capabilities {browserName: chrome, goog:chromeOptions: {args: [], extensions: []}}], desiredCapabilities=Capabilities {browserName: chrome, goog:chromeOptions: {args: [], extensions: []}}}]\n\tat org.openqa.selenium.remote.ProtocolHandshake.createSession(ProtocolHandshake.java:126)\n\tat org.openqa.selenium.remote.ProtocolHandshake.createSession(ProtocolHandshake.java:84)\n\tat org.openqa.selenium.remote.ProtocolHandshake.createSession(ProtocolHandshake.java:62)\n\tat org.openqa.selenium.remote.HttpCommandExecutor.execute(HttpCommandExecutor.java:156)\n\tat org.openqa.selenium.remote.service.DriverCommandExecutor.invokeExecute(DriverCommandExecutor.java:167)\n\tat org.openqa.selenium.remote.service.DriverCommandExecutor.execute(DriverCommandExecutor.java:142)\n\tat org.openqa.selenium.remote.RemoteWebDriver.execute(RemoteWebDriver.java:543)\n\tat org.openqa.selenium.remote.RemoteWebDriver.startSession(RemoteWebDriver.java:230)\n\tat org.openqa.selenium.remote.RemoteWebDriver.<init>(RemoteWebDriver.java:151)\n\tat org.openqa.selenium.chromium.ChromiumDriver.<init>(ChromiumDriver.java:108)\n\tat org.openqa.selenium.chrome.ChromeDriver.<init>(ChromeDriver.java:104)\n\tat org.openqa.selenium.chrome.ChromeDriver.<init>(ChromeDriver.java:91)\n\tat org.openqa.selenium.chrome.ChromeDriver.<init>(ChromeDriver.java:46)\n\tat tests.gui.google.A_Search_FlatTest_NativeSeleniumWebDriver.beforeMethod(A_Search_FlatTest_NativeSeleniumWebDriver.java:46)\n\tat java.base/jdk.internal.reflect.NativeMethodAccessorImpl.invoke0(Native Method)\n\tat java.base/jdk.internal.reflect.NativeMethodAccessorImpl.invoke(NativeMethodAccessorImpl.java:77)\n\tat java.base/jdk.internal.reflect.DelegatingMethodAccessorImpl.invoke(DelegatingMethodAccessorImpl.java:43)\n\tat java.base/java.lang.reflect.Method.invoke(Method.java:568)\n\tat org.testng.internal.invokers.MethodInvocationHelper.invokeMethod(MethodInvocationHelper.java:135)\n\tat org.testng.internal.invokers.MethodInvocationHelper.invokeMethodConsideringTimeout(MethodInvocationHelper.java:65)\n\tat org.testng.internal.invokers.ConfigInvoker.invokeConfigurationMethod(ConfigInvoker.java:381)\n\tat org.testng.internal.invokers.ConfigInvoker.invokeConfigurations(ConfigInvoker.java:319)\n\tat org.testng.internal.invokers.TestInvoker.runConfigMethods(TestInvoker.java:803)\n\tat org.testng.internal.invokers.TestInvoker.invokeMethod(TestInvoker.java:589)\n\tat org.testng.internal.invokers.TestInvoker.invokeTestMethod(TestInvoker.java:220)\n\tat org.testng.internal.invokers.MethodRunner.runInSequence(MethodRunner.java:50)\n\tat org.testng.internal.invokers.TestInvoker$MethodInvocationAgent.invoke(TestInvoker.java:945)\n\tat org.testng.internal.invokers.TestInvoker.invokeTestMethods(TestInvoker.java:193)\n\tat org.testng.internal.invokers.TestMethodWorker.invokeTestMethods(TestMethodWorker.java:146)\n\tat org.testng.internal.invokers.TestMethodWorker.run(TestMethodWorker.java:128)\n\tat java.base/java.util.ArrayList.forEach(ArrayList.java:1511)\n\tat org.testng.TestRunner.privateRun(TestRunner.java:808)\n\tat org.testng.TestRunner.run(TestRunner.java:603)\n\tat org.testng.SuiteRunner.runTest(SuiteRunner.java:429)\n\tat org.testng.SuiteRunner.runSequentially(SuiteRunner.java:423)\n\tat org.testng.SuiteRunner.privateRun(SuiteRunner.java:383)\n\tat org.testng.SuiteRunner.run(SuiteRunner.java:326)\n\tat org.testng.SuiteRunnerWorker.runSuite(SuiteRunnerWorker.java:52)\n\tat org.testng.SuiteRunnerWorker.run(SuiteRunnerWorker.java:95)\n\tat org.testng.TestNG.runSuitesSequentially(TestNG.java:1249)\n\tat org.testng.TestNG.runSuitesLocally(TestNG.java:1169)\n\tat org.testng.TestNG.runSuites(TestNG.java:1092)\n\tat org.testng.TestNG.run(TestNG.java:1060)\n\tat org.apache.maven.surefire.testng.TestNGExecutor.run(TestNGExecutor.java:136)\n\tat org.apache.maven.surefire.testng.TestNGDirectoryTestSuite.executeMulti(TestNGDirectoryTestSuite.java:193)\n\tat org.apache.maven.surefire.testng.TestNGDirectoryTestSuite.execute(TestNGDirectoryTestSuite.java:94)\n\tat org.apache.maven.surefire.testng.TestNGProvider.invoke(TestNGProvider.java:145)\n\tat org.apache.maven.surefire.booter.ForkedBooter.runSuitesInProcess(ForkedBooter.java:428)\n\tat org.apache.maven.surefire.booter.ForkedBooter.execute(ForkedBooter.java:162)\n\tat org.apache.maven.surefire.booter.ForkedBooter.run(ForkedBooter.java:562)\n\tat org.apache.maven.surefire.booter.ForkedBooter.main(ForkedBooter.java:548)\n",
    "steps" : [ ],
    "attachments" : [ ],
    "parameters" : [ ],
    "stepsCount" : 0,
    "attachmentsCount" : 0,
    "shouldDisplayMessage" : true,
    "hasContent" : true
  }, {
    "name" : "setupActivities",
    "time" : {
      "start" : 1646591686531,
      "stop" : 1646591687392,
      "duration" : 861
    },
    "description" : "",
    "status" : "passed",
    "steps" : [ {
      "name" : "Folder [extent-reports] was not found, it may have already been deleted.",
      "time" : {
        "start" : 1646591686674,
        "stop" : 1646591686680,
        "duration" : 6
      },
      "status" : "passed",
      "steps" : [ ],
      "attachments" : [ ],
      "parameters" : [ {
        "name" : "actionCounter",
        "value" : "1"
      }, {
        "name" : "logText",
        "value" : "Folder [extent-reports] was not found, it may have already been deleted."
      } ],
      "stepsCount" : 0,
      "attachmentsCount" : 0,
      "shouldDisplayMessage" : false,
      "hasContent" : true
    } ],
    "attachments" : [ {
      "uid" : "ffac435bcf8031c9",
      "name" : "Attachment: SHAFT Links - Important",
      "source" : "ffac435bcf8031c9.uri",
      "type" : "text/uri-list",
      "size" : 346
    }, {
      "uid" : "7fbd69756ff5cfe8",
      "name" : "Attachment: Properties - ExecutionPlatform",
      "source" : "7fbd69756ff5cfe8.properties",
      "type" : "text/plain",
      "size" : 394
    } ],
    "parameters" : [ ],
    "stepsCount" : 1,
    "attachmentsCount" : 2,
    "shouldDisplayMessage" : false,
    "hasContent" : true
  } ],
  "testStage" : {
    "status" : "skipped",
    "statusMessage" : "Could not start a new session. Response code 500. Message: unknown error: Chrome failed to start: crashed.\n  (unknown error: DevToolsActivePort file doesn't exist)\n  (The process started from chrome location /usr/bin/google-chrome is no longer running, so ChromeDriver is assuming that Chrome has crashed.)\nBuild info: version: '4.1.1', revision: 'e8fcc2cecf'\nSystem info: host: 'fv-az201-815', ip: '10.1.0.65', os.name: 'Linux', os.arch: 'amd64', os.version: '5.11.0-1028-azure', java.version: '17.0.2'\nDriver info: org.openqa.selenium.chrome.ChromeDriver\nCommand: [null, newSession {capabilities=[Capabilities {browserName: chrome, goog:chromeOptions: {args: [], extensions: []}}], desiredCapabilities=Capabilities {browserName: chrome, goog:chromeOptions: {args: [], extensions: []}}}]",
    "statusTrace" : "org.openqa.selenium.SessionNotCreatedException: Could not start a new session. Response code 500. Message: unknown error: Chrome failed to start: crashed.\n  (unknown error: DevToolsActivePort file doesn't exist)\n  (The process started from chrome location /usr/bin/google-chrome is no longer running, so ChromeDriver is assuming that Chrome has crashed.)\nBuild info: version: '4.1.1', revision: 'e8fcc2cecf'\nSystem info: host: 'fv-az201-815', ip: '10.1.0.65', os.name: 'Linux', os.arch: 'amd64', os.version: '5.11.0-1028-azure', java.version: '17.0.2'\nDriver info: org.openqa.selenium.chrome.ChromeDriver\nCommand: [null, newSession {capabilities=[Capabilities {browserName: chrome, goog:chromeOptions: {args: [], extensions: []}}], desiredCapabilities=Capabilities {browserName: chrome, goog:chromeOptions: {args: [], extensions: []}}}]\n\tat org.openqa.selenium.remote.ProtocolHandshake.createSession(ProtocolHandshake.java:126)\n\tat org.openqa.selenium.remote.ProtocolHandshake.createSession(ProtocolHandshake.java:84)\n\tat org.openqa.selenium.remote.ProtocolHandshake.createSession(ProtocolHandshake.java:62)\n\tat org.openqa.selenium.remote.HttpCommandExecutor.execute(HttpCommandExecutor.java:156)\n\tat org.openqa.selenium.remote.service.DriverCommandExecutor.invokeExecute(DriverCommandExecutor.java:167)\n\tat org.openqa.selenium.remote.service.DriverCommandExecutor.execute(DriverCommandExecutor.java:142)\n\tat org.openqa.selenium.remote.RemoteWebDriver.execute(RemoteWebDriver.java:543)\n\tat org.openqa.selenium.remote.RemoteWebDriver.startSession(RemoteWebDriver.java:230)\n\tat org.openqa.selenium.remote.RemoteWebDriver.<init>(RemoteWebDriver.java:151)\n\tat org.openqa.selenium.chromium.ChromiumDriver.<init>(ChromiumDriver.java:108)\n\tat org.openqa.selenium.chrome.ChromeDriver.<init>(ChromeDriver.java:104)\n\tat org.openqa.selenium.chrome.ChromeDriver.<init>(ChromeDriver.java:91)\n\tat org.openqa.selenium.chrome.ChromeDriver.<init>(ChromeDriver.java:46)\n\tat tests.gui.google.A_Search_FlatTest_NativeSeleniumWebDriver.beforeMethod(A_Search_FlatTest_NativeSeleniumWebDriver.java:46)\n\tat java.base/jdk.internal.reflect.NativeMethodAccessorImpl.invoke0(Native Method)\n\tat java.base/jdk.internal.reflect.NativeMethodAccessorImpl.invoke(NativeMethodAccessorImpl.java:77)\n\tat java.base/jdk.internal.reflect.DelegatingMethodAccessorImpl.invoke(DelegatingMethodAccessorImpl.java:43)\n\tat java.base/java.lang.reflect.Method.invoke(Method.java:568)\n\tat org.testng.internal.invokers.MethodInvocationHelper.invokeMethod(MethodInvocationHelper.java:135)\n\tat org.testng.internal.invokers.MethodInvocationHelper.invokeMethodConsideringTimeout(MethodInvocationHelper.java:65)\n\tat org.testng.internal.invokers.ConfigInvoker.invokeConfigurationMethod(ConfigInvoker.java:381)\n\tat org.testng.internal.invokers.ConfigInvoker.invokeConfigurations(ConfigInvoker.java:319)\n\tat org.testng.internal.invokers.TestInvoker.runConfigMethods(TestInvoker.java:803)\n\tat org.testng.internal.invokers.TestInvoker.invokeMethod(TestInvoker.java:589)\n\tat org.testng.internal.invokers.TestInvoker.invokeTestMethod(TestInvoker.java:220)\n\tat org.testng.internal.invokers.MethodRunner.runInSequence(MethodRunner.java:50)\n\tat org.testng.internal.invokers.TestInvoker$MethodInvocationAgent.invoke(TestInvoker.java:945)\n\tat org.testng.internal.invokers.TestInvoker.invokeTestMethods(TestInvoker.java:193)\n\tat org.testng.internal.invokers.TestMethodWorker.invokeTestMethods(TestMethodWorker.java:146)\n\tat org.testng.internal.invokers.TestMethodWorker.run(TestMethodWorker.java:128)\n\tat java.base/java.util.ArrayList.forEach(ArrayList.java:1511)\n\tat org.testng.TestRunner.privateRun(TestRunner.java:808)\n\tat org.testng.TestRunner.run(TestRunner.java:603)\n\tat org.testng.SuiteRunner.runTest(SuiteRunner.java:429)\n\tat org.testng.SuiteRunner.runSequentially(SuiteRunner.java:423)\n\tat org.testng.SuiteRunner.privateRun(SuiteRunner.java:383)\n\tat org.testng.SuiteRunner.run(SuiteRunner.java:326)\n\tat org.testng.SuiteRunnerWorker.runSuite(SuiteRunnerWorker.java:52)\n\tat org.testng.SuiteRunnerWorker.run(SuiteRunnerWorker.java:95)\n\tat org.testng.TestNG.runSuitesSequentially(TestNG.java:1249)\n\tat org.testng.TestNG.runSuitesLocally(TestNG.java:1169)\n\tat org.testng.TestNG.runSuites(TestNG.java:1092)\n\tat org.testng.TestNG.run(TestNG.java:1060)\n\tat org.apache.maven.surefire.testng.TestNGExecutor.run(TestNGExecutor.java:136)\n\tat org.apache.maven.surefire.testng.TestNGDirectoryTestSuite.executeMulti(TestNGDirectoryTestSuite.java:193)\n\tat org.apache.maven.surefire.testng.TestNGDirectoryTestSuite.execute(TestNGDirectoryTestSuite.java:94)\n\tat org.apache.maven.surefire.testng.TestNGProvider.invoke(TestNGProvider.java:145)\n\tat org.apache.maven.surefire.booter.ForkedBooter.runSuitesInProcess(ForkedBooter.java:428)\n\tat org.apache.maven.surefire.booter.ForkedBooter.execute(ForkedBooter.java:162)\n\tat org.apache.maven.surefire.booter.ForkedBooter.run(ForkedBooter.java:562)\n\tat org.apache.maven.surefire.booter.ForkedBooter.main(ForkedBooter.java:548)\n",
    "steps" : [ ],
    "attachments" : [ {
      "uid" : "38ba6ca65b6d036",
      "name" : "Attachment: SHAFT Engine Logs - Current Method log: navigateToGoogleHomeAndAssertGoogleLogoIsDisplayed",
      "source" : "38ba6ca65b6d036.txt",
      "type" : "text/plain",
      "size" : 481
    } ],
    "parameters" : [ ],
    "stepsCount" : 0,
    "attachmentsCount" : 1,
    "shouldDisplayMessage" : true,
    "hasContent" : true
  },
  "afterStages" : [ {
    "name" : "afterMethod",
    "time" : {
      "start" : 1646591721371,
      "stop" : 1646591721371,
      "duration" : 0
    },
    "description" : "",
    "status" : "broken",
    "steps" : [ ],
    "attachments" : [ ],
    "parameters" : [ ],
    "stepsCount" : 0,
    "attachmentsCount" : 0,
    "shouldDisplayMessage" : false,
    "hasContent" : false
  }, {
    "name" : "teardownActivities",
    "time" : {
      "start" : 1646591735095,
      "stop" : 1646591735316,
      "duration" : 221
    },
    "description" : "",
    "status" : "passed",
    "steps" : [ {
      "name" : "Successfully Closed All Drivers.",
      "time" : {
        "start" : 1646591735095,
        "stop" : 1646591735095,
        "duration" : 0
      },
      "status" : "passed",
      "steps" : [ ],
      "attachments" : [ ],
      "parameters" : [ {
        "name" : "actionCounter",
        "value" : "57"
      }, {
        "name" : "logText",
        "value" : "Successfully Closed All Drivers."
      } ],
      "stepsCount" : 0,
      "attachmentsCount" : 0,
      "shouldDisplayMessage" : false,
      "hasContent" : true
    }, {
      "name" : "Issue Summary: Total Issues = 2, New issues for Failed Tests = 2, Open issues for Passed Tests = 0, Open issues for Failed Tests = 0. Kindly check the attached Issue details.",
      "time" : {
        "start" : 1646591735104,
        "stop" : 1646591735104,
        "duration" : 0
      },
      "status" : "passed",
      "steps" : [ ],
      "attachments" : [ {
        "uid" : "4ec52f6398ea9e55",
        "name" : "Attachment: SHAFT Engine Logs - Issues log CSV: 20220306-183535",
        "source" : "4ec52f6398ea9e55.csv",
        "type" : "text/csv",
        "size" : 342
      } ],
      "parameters" : [ {
        "name" : "actionCounter",
        "value" : "58"
      }, {
        "name" : "logText",
        "value" : "Issue Summary: Total Issues = 2, New issues for Failed Tests = 2, Open issues for Passed Tests = 0, Open issues for Failed Tests = 0. Kindly check the attached Issue details."
      }, {
        "name" : "attachments",
        "value" : "[[SHAFT Engine Logs, Issues log CSV: 20220306-183535, java.io.ByteArrayInputStream@5eb20abb]]"
      } ],
      "stepsCount" : 0,
      "attachmentsCount" : 1,
      "shouldDisplayMessage" : false,
      "hasContent" : true
    } ],
    "attachments" : [ {
      "uid" : "e79be3a912048666",
      "name" : "Attachment: SHAFT Engine Logs - Execution log: 20220306-183535",
      "source" : "e79be3a912048666.txt",
      "type" : "text/plain",
      "size" : 30238
    }, {
      "uid" : "bb5a80aff4daa5eb",
      "name" : "Attachment: HTML - Extent Emailable Execution Report",
      "source" : "bb5a80aff4daa5eb.html",
      "type" : "text/html",
      "size" : 735400
    } ],
    "parameters" : [ ],
    "stepsCount" : 2,
    "attachmentsCount" : 3,
    "shouldDisplayMessage" : false,
    "hasContent" : true
  } ],
  "labels" : [ {
    "name" : "package",
    "value" : "tests.gui.google.A_Search_FlatTest_NativeSeleniumWebDriver"
  }, {
    "name" : "testClass",
    "value" : "tests.gui.google.A_Search_FlatTest_NativeSeleniumWebDriver"
  }, {
    "name" : "testMethod",
    "value" : "navigateToGoogleHomeAndAssertGoogleLogoIsDisplayed"
  }, {
    "name" : "parentSuite",
    "value" : "SHAFT: Custom Suite"
  }, {
    "name" : "suite",
    "value" : "SHAFT: Custom Test"
  }, {
    "name" : "subSuite",
    "value" : "tests.gui.google.A_Search_FlatTest_NativeSeleniumWebDriver"
  }, {
    "name" : "host",
    "value" : "fv-az201-815"
  }, {
    "name" : "thread",
    "value" : "3154@fv-az201-815.main(1)"
  }, {
    "name" : "framework",
    "value" : "testng"
  }, {
    "name" : "language",
    "value" : "java"
  }, {
    "name" : "resultFormat",
    "value" : "allure2"
  } ],
  "parameters" : [ ],
  "links" : [ ],
  "hidden" : false,
  "retry" : false,
  "extra" : {
    "severity" : "normal",
    "retries" : [ ],
    "categories" : [ ],
    "history" : {
      "statistic" : {
        "failed" : 0,
        "broken" : 0,
        "skipped" : 238,
        "passed" : 0,
        "unknown" : 0,
        "total" : 238
      },
      "items" : [ {
        "uid" : "cbc014850a815d33",
        "reportUrl" : "https://MohabMohie.github.io/using_SHAFT_ENGINE/allure/1623//#testresult/cbc014850a815d33",
        "status" : "skipped",
        "statusDetails" : "Could not start a new session. Response code 500. Message: unknown error: Chrome failed to start: crashed.\n  (unknown error: DevToolsActivePort file doesn't exist)\n  (The process started from chrome location /usr/bin/google-chrome is no longer running, so ChromeDriver is assuming that Chrome has crashed.)\nBuild info: version: '4.1.1', revision: 'e8fcc2cecf'\nSystem info: host: 'fv-az198-498', ip: '10.1.0.87', os.name: 'Linux', os.arch: 'amd64', os.version: '5.11.0-1028-azure', java.version: '17.0.2'\nDriver info: org.openqa.selenium.chrome.ChromeDriver\nCommand: [null, newSession {capabilities=[Capabilities {browserName: chrome, goog:chromeOptions: {args: [], extensions: []}}], desiredCapabilities=Capabilities {browserName: chrome, goog:chromeOptions: {args: [], extensions: []}}}]",
        "time" : {
          "start" : 1646570852237,
          "stop" : 1646570852239,
          "duration" : 2
        }
      }, {
        "uid" : "5bf61bdb5ce2b694",
        "reportUrl" : "https://MohabMohie.github.io/using_SHAFT_ENGINE/allure/1622//#testresult/5bf61bdb5ce2b694",
        "status" : "skipped",
        "statusDetails" : "Could not start a new session. Response code 500. Message: unknown error: Chrome failed to start: crashed.\n  (unknown error: DevToolsActivePort file doesn't exist)\n  (The process started from chrome location /usr/bin/google-chrome is no longer running, so ChromeDriver is assuming that Chrome has crashed.)\nBuild info: version: '4.1.1', revision: 'e8fcc2cecf'\nSystem info: host: 'fv-az397-259', ip: '10.1.0.54', os.name: 'Linux', os.arch: 'amd64', os.version: '5.11.0-1028-azure', java.version: '17.0.2'\nDriver info: org.openqa.selenium.chrome.ChromeDriver\nCommand: [null, newSession {capabilities=[Capabilities {browserName: chrome, goog:chromeOptions: {args: [], extensions: []}}], desiredCapabilities=Capabilities {browserName: chrome, goog:chromeOptions: {args: [], extensions: []}}}]",
        "time" : {
          "start" : 1646548629629,
          "stop" : 1646548629643,
          "duration" : 14
        }
      }, {
        "uid" : "a2a468a99a95188f",
        "reportUrl" : "https://MohabMohie.github.io/using_SHAFT_ENGINE/allure/1621//#testresult/a2a468a99a95188f",
        "status" : "skipped",
        "statusDetails" : "Could not start a new session. Response code 500. Message: unknown error: Chrome failed to start: crashed.\n  (unknown error: DevToolsActivePort file doesn't exist)\n  (The process started from chrome location /usr/bin/google-chrome is no longer running, so ChromeDriver is assuming that Chrome has crashed.)\nBuild info: version: '4.1.1', revision: 'e8fcc2cecf'\nSystem info: host: 'fv-az201-815', ip: '10.1.0.136', os.name: 'Linux', os.arch: 'amd64', os.version: '5.11.0-1028-azure', java.version: '17.0.2'\nDriver info: org.openqa.selenium.chrome.ChromeDriver\nCommand: [null, newSession {capabilities=[Capabilities {browserName: chrome, goog:chromeOptions: {args: [], extensions: []}}], desiredCapabilities=Capabilities {browserName: chrome, goog:chromeOptions: {args: [], extensions: []}}}]",
        "time" : {
          "start" : 1646531009092,
          "stop" : 1646531009103,
          "duration" : 11
        }
      }, {
        "uid" : "6d0b6e24a7fe4fa8",
        "reportUrl" : "https://MohabMohie.github.io/using_SHAFT_ENGINE/allure/1620//#testresult/6d0b6e24a7fe4fa8",
        "status" : "skipped",
        "statusDetails" : "Could not start a new session. Response code 500. Message: unknown error: Chrome failed to start: crashed.\n  (unknown error: DevToolsActivePort file doesn't exist)\n  (The process started from chrome location /usr/bin/google-chrome is no longer running, so ChromeDriver is assuming that Chrome has crashed.)\nBuild info: version: '4.1.1', revision: 'e8fcc2cecf'\nSystem info: host: 'fv-az198-498', ip: '10.1.0.85', os.name: 'Linux', os.arch: 'amd64', os.version: '5.11.0-1028-azure', java.version: '17.0.2'\nDriver info: org.openqa.selenium.chrome.ChromeDriver\nCommand: [null, newSession {capabilities=[Capabilities {browserName: chrome, goog:chromeOptions: {args: [], extensions: []}}], desiredCapabilities=Capabilities {browserName: chrome, goog:chromeOptions: {args: [], extensions: []}}}]",
        "time" : {
          "start" : 1646505329657,
          "stop" : 1646505329659,
          "duration" : 2
        }
      }, {
        "uid" : "3acc9c5dd293c131",
        "reportUrl" : "https://MohabMohie.github.io/using_SHAFT_ENGINE/allure/1619//#testresult/3acc9c5dd293c131",
        "status" : "skipped",
        "statusDetails" : "Could not start a new session. Response code 500. Message: unknown error: Chrome failed to start: crashed.\n  (unknown error: DevToolsActivePort file doesn't exist)\n  (The process started from chrome location /usr/bin/google-chrome is no longer running, so ChromeDriver is assuming that Chrome has crashed.)\nBuild info: version: '4.1.1', revision: 'e8fcc2cecf'\nSystem info: host: 'fv-az397-259', ip: '10.1.0.110', os.name: 'Linux', os.arch: 'amd64', os.version: '5.11.0-1028-azure', java.version: '17.0.2'\nDriver info: org.openqa.selenium.chrome.ChromeDriver\nCommand: [null, newSession {capabilities=[Capabilities {browserName: chrome, goog:chromeOptions: {args: [], extensions: []}}], desiredCapabilities=Capabilities {browserName: chrome, goog:chromeOptions: {args: [], extensions: []}}}]",
        "time" : {
          "start" : 1646484458071,
          "stop" : 1646484458072,
          "duration" : 1
        }
      }, {
        "uid" : "1277accaf59e38b9",
        "reportUrl" : "https://MohabMohie.github.io/using_SHAFT_ENGINE/allure/1618//#testresult/1277accaf59e38b9",
        "status" : "skipped",
        "statusDetails" : "Could not start a new session. Response code 500. Message: unknown error: Chrome failed to start: crashed.\n  (unknown error: DevToolsActivePort file doesn't exist)\n  (The process started from chrome location /usr/bin/google-chrome is no longer running, so ChromeDriver is assuming that Chrome has crashed.)\nBuild info: version: '4.1.1', revision: 'e8fcc2cecf'\nSystem info: host: 'fv-az397-259', ip: '10.1.0.191', os.name: 'Linux', os.arch: 'amd64', os.version: '5.11.0-1028-azure', java.version: '17.0.2'\nDriver info: org.openqa.selenium.chrome.ChromeDriver\nCommand: [null, newSession {capabilities=[Capabilities {browserName: chrome, goog:chromeOptions: {args: [], extensions: []}}], desiredCapabilities=Capabilities {browserName: chrome, goog:chromeOptions: {args: [], extensions: []}}}]",
        "time" : {
          "start" : 1646462241041,
          "stop" : 1646462241042,
          "duration" : 1
        }
      }, {
        "uid" : "a7a2bc4ffdddf4f3",
        "reportUrl" : "https://MohabMohie.github.io/using_SHAFT_ENGINE/allure/1617//#testresult/a7a2bc4ffdddf4f3",
        "status" : "skipped",
        "statusDetails" : "Could not start a new session. Response code 500. Message: unknown error: Chrome failed to start: crashed.\n  (unknown error: DevToolsActivePort file doesn't exist)\n  (The process started from chrome location /usr/bin/google-chrome is no longer running, so ChromeDriver is assuming that Chrome has crashed.)\nBuild info: version: '4.1.1', revision: 'e8fcc2cecf'\nSystem info: host: 'fv-az290-445', ip: '10.1.0.164', os.name: 'Linux', os.arch: 'amd64', os.version: '5.11.0-1028-azure', java.version: '17.0.2'\nDriver info: org.openqa.selenium.chrome.ChromeDriver\nCommand: [null, newSession {capabilities=[Capabilities {browserName: chrome, goog:chromeOptions: {args: [], extensions: []}}], desiredCapabilities=Capabilities {browserName: chrome, goog:chromeOptions: {args: [], extensions: []}}}]",
        "time" : {
          "start" : 1646444698183,
          "stop" : 1646444698186,
          "duration" : 3
        }
      }, {
        "uid" : "c595040db8c776b1",
        "reportUrl" : "https://MohabMohie.github.io/using_SHAFT_ENGINE/allure/1616//#testresult/c595040db8c776b1",
        "status" : "skipped",
        "statusDetails" : "Could not start a new session. Response code 500. Message: unknown error: Chrome failed to start: crashed.\n  (unknown error: DevToolsActivePort file doesn't exist)\n  (The process started from chrome location /usr/bin/google-chrome is no longer running, so ChromeDriver is assuming that Chrome has crashed.)\nBuild info: version: '4.1.1', revision: 'e8fcc2cecf'\nSystem info: host: 'fv-az397-259', ip: '10.1.0.248', os.name: 'Linux', os.arch: 'amd64', os.version: '5.11.0-1028-azure', java.version: '17.0.2'\nDriver info: org.openqa.selenium.chrome.ChromeDriver\nCommand: [null, newSession {capabilities=[Capabilities {browserName: chrome, goog:chromeOptions: {args: [], extensions: []}}], desiredCapabilities=Capabilities {browserName: chrome, goog:chromeOptions: {args: [], extensions: []}}}]",
        "time" : {
          "start" : 1646419041374,
          "stop" : 1646419041391,
          "duration" : 17
        }
      }, {
        "uid" : "7b7d69e0b7a8733f",
        "reportUrl" : "https://MohabMohie.github.io/using_SHAFT_ENGINE/allure/1615//#testresult/7b7d69e0b7a8733f",
        "status" : "skipped",
        "statusDetails" : "Could not start a new session. Response code 500. Message: unknown error: Chrome failed to start: crashed.\n  (unknown error: DevToolsActivePort file doesn't exist)\n  (The process started from chrome location /usr/bin/google-chrome is no longer running, so ChromeDriver is assuming that Chrome has crashed.)\nBuild info: version: '4.1.1', revision: 'e8fcc2cecf'\nSystem info: host: 'fv-az290-445', ip: '10.1.1.246', os.name: 'Linux', os.arch: 'amd64', os.version: '5.11.0-1028-azure', java.version: '17.0.2'\nDriver info: org.openqa.selenium.chrome.ChromeDriver\nCommand: [null, newSession {capabilities=[Capabilities {browserName: chrome, goog:chromeOptions: {args: [], extensions: []}}], desiredCapabilities=Capabilities {browserName: chrome, goog:chromeOptions: {args: [], extensions: []}}}]",
        "time" : {
          "start" : 1646398227922,
          "stop" : 1646398227934,
          "duration" : 12
        }
      }, {
        "uid" : "1e8ad8116d1aa507",
        "reportUrl" : "https://MohabMohie.github.io/using_SHAFT_ENGINE/allure/1614//#testresult/1e8ad8116d1aa507",
        "status" : "skipped",
        "statusDetails" : "Could not start a new session. Response code 500. Message: unknown error: Chrome failed to start: crashed.\n  (unknown error: DevToolsActivePort file doesn't exist)\n  (The process started from chrome location /usr/bin/google-chrome is no longer running, so ChromeDriver is assuming that Chrome has crashed.)\nBuild info: version: '4.1.1', revision: 'e8fcc2cecf'\nSystem info: host: 'fv-az204-60', ip: '10.1.1.51', os.name: 'Linux', os.arch: 'amd64', os.version: '5.11.0-1028-azure', java.version: '17.0.2'\nDriver info: org.openqa.selenium.chrome.ChromeDriver\nCommand: [null, newSession {capabilities=[Capabilities {browserName: chrome, goog:chromeOptions: {args: [], extensions: []}}], desiredCapabilities=Capabilities {browserName: chrome, goog:chromeOptions: {args: [], extensions: []}}}]",
        "time" : {
          "start" : 1646375892169,
          "stop" : 1646375892188,
          "duration" : 19
        }
      }, {
        "uid" : "fc4037c67eee2f23",
        "reportUrl" : "https://MohabMohie.github.io/using_SHAFT_ENGINE/allure/1613//#testresult/fc4037c67eee2f23",
        "status" : "skipped",
        "statusDetails" : "Could not start a new session. Response code 500. Message: unknown error: Chrome failed to start: crashed.\n  (unknown error: DevToolsActivePort file doesn't exist)\n  (The process started from chrome location /usr/bin/google-chrome is no longer running, so ChromeDriver is assuming that Chrome has crashed.)\nBuild info: version: '4.1.1', revision: 'e8fcc2cecf'\nSystem info: host: 'fv-az204-60', ip: '10.1.0.218', os.name: 'Linux', os.arch: 'amd64', os.version: '5.11.0-1028-azure', java.version: '17.0.2'\nDriver info: org.openqa.selenium.chrome.ChromeDriver\nCommand: [null, newSession {capabilities=[Capabilities {browserName: chrome, goog:chromeOptions: {args: [], extensions: []}}], desiredCapabilities=Capabilities {browserName: chrome, goog:chromeOptions: {args: [], extensions: []}}}]",
        "time" : {
          "start" : 1646358824793,
          "stop" : 1646358824797,
          "duration" : 4
        }
      }, {
        "uid" : "8c3b4e42a9459373",
        "reportUrl" : "https://MohabMohie.github.io/using_SHAFT_ENGINE/allure/1612//#testresult/8c3b4e42a9459373",
        "status" : "skipped",
        "statusDetails" : "Could not start a new session. Response code 500. Message: unknown error: Chrome failed to start: crashed.\n  (unknown error: DevToolsActivePort file doesn't exist)\n  (The process started from chrome location /usr/bin/google-chrome is no longer running, so ChromeDriver is assuming that Chrome has crashed.)\nBuild info: version: '4.1.1', revision: 'e8fcc2cecf'\nSystem info: host: 'fv-az201-815', ip: '10.1.0.111', os.name: 'Linux', os.arch: 'amd64', os.version: '5.11.0-1028-azure', java.version: '17.0.2'\nDriver info: org.openqa.selenium.chrome.ChromeDriver\nCommand: [null, newSession {capabilities=[Capabilities {browserName: chrome, goog:chromeOptions: {args: [], extensions: []}}], desiredCapabilities=Capabilities {browserName: chrome, goog:chromeOptions: {args: [], extensions: []}}}]",
        "time" : {
          "start" : 1646332535497,
          "stop" : 1646332535498,
          "duration" : 1
        }
      }, {
        "uid" : "28e1478bca7c36bf",
        "reportUrl" : "https://MohabMohie.github.io/using_SHAFT_ENGINE/allure/1611//#testresult/28e1478bca7c36bf",
        "status" : "skipped",
        "statusDetails" : "Could not start a new session. Response code 500. Message: unknown error: Chrome failed to start: crashed.\n  (unknown error: DevToolsActivePort file doesn't exist)\n  (The process started from chrome location /usr/bin/google-chrome is no longer running, so ChromeDriver is assuming that Chrome has crashed.)\nBuild info: version: '4.1.1', revision: 'e8fcc2cecf'\nSystem info: host: 'fv-az290-445', ip: '10.1.0.34', os.name: 'Linux', os.arch: 'amd64', os.version: '5.11.0-1028-azure', java.version: '17.0.2'\nDriver info: org.openqa.selenium.chrome.ChromeDriver\nCommand: [null, newSession {capabilities=[Capabilities {browserName: chrome, goog:chromeOptions: {args: [], extensions: []}}], desiredCapabilities=Capabilities {browserName: chrome, goog:chromeOptions: {args: [], extensions: []}}}]",
        "time" : {
          "start" : 1646311816417,
          "stop" : 1646311816426,
          "duration" : 9
        }
      }, {
        "uid" : "fac9077b40f8affc",
        "reportUrl" : "https://MohabMohie.github.io/using_SHAFT_ENGINE/allure/1610//#testresult/fac9077b40f8affc",
        "status" : "skipped",
        "statusDetails" : "Could not start a new session. Response code 500. Message: unknown error: Chrome failed to start: crashed.\n  (unknown error: DevToolsActivePort file doesn't exist)\n  (The process started from chrome location /usr/bin/google-chrome is no longer running, so ChromeDriver is assuming that Chrome has crashed.)\nBuild info: version: '4.1.1', revision: 'e8fcc2cecf'\nSystem info: host: 'fv-az198-257', ip: '10.1.1.176', os.name: 'Linux', os.arch: 'amd64', os.version: '5.11.0-1028-azure', java.version: '17.0.2'\nDriver info: org.openqa.selenium.chrome.ChromeDriver\nCommand: [null, newSession {capabilities=[Capabilities {browserName: chrome, goog:chromeOptions: {args: [], extensions: []}}], desiredCapabilities=Capabilities {browserName: chrome, goog:chromeOptions: {args: [], extensions: []}}}]",
        "time" : {
          "start" : 1646289499152,
          "stop" : 1646289499154,
          "duration" : 2
        }
      }, {
        "uid" : "c2fcec866c121d0",
        "reportUrl" : "https://MohabMohie.github.io/using_SHAFT_ENGINE/allure/1609//#testresult/c2fcec866c121d0",
        "status" : "skipped",
        "statusDetails" : "Could not start a new session. Response code 500. Message: unknown error: Chrome failed to start: crashed.\n  (unknown error: DevToolsActivePort file doesn't exist)\n  (The process started from chrome location /usr/bin/google-chrome is no longer running, so ChromeDriver is assuming that Chrome has crashed.)\nBuild info: version: '4.1.1', revision: 'e8fcc2cecf'\nSystem info: host: 'fv-az292-945', ip: '10.1.1.213', os.name: 'Linux', os.arch: 'amd64', os.version: '5.11.0-1028-azure', java.version: '17.0.2'\nDriver info: org.openqa.selenium.chrome.ChromeDriver\nCommand: [null, newSession {capabilities=[Capabilities {browserName: chrome, goog:chromeOptions: {args: [], extensions: []}}], desiredCapabilities=Capabilities {browserName: chrome, goog:chromeOptions: {args: [], extensions: []}}}]",
        "time" : {
          "start" : 1646272212600,
          "stop" : 1646272212603,
          "duration" : 3
        }
      }, {
        "uid" : "aa39c32ed8bced2b",
        "reportUrl" : "https://MohabMohie.github.io/using_SHAFT_ENGINE/allure/1608//#testresult/aa39c32ed8bced2b",
        "status" : "skipped",
        "statusDetails" : "Could not start a new session. Response code 500. Message: unknown error: Chrome failed to start: crashed.\n  (unknown error: DevToolsActivePort file doesn't exist)\n  (The process started from chrome location /usr/bin/google-chrome is no longer running, so ChromeDriver is assuming that Chrome has crashed.)\nBuild info: version: '4.1.1', revision: 'e8fcc2cecf'\nSystem info: host: 'fv-az213-199', ip: '10.1.1.73', os.name: 'Linux', os.arch: 'amd64', os.version: '5.11.0-1028-azure', java.version: '17.0.2'\nDriver info: org.openqa.selenium.chrome.ChromeDriver\nCommand: [null, newSession {capabilities=[Capabilities {browserName: chrome, goog:chromeOptions: {args: [], extensions: []}}], desiredCapabilities=Capabilities {browserName: chrome, goog:chromeOptions: {args: [], extensions: []}}}]",
        "time" : {
          "start" : 1646246252180,
          "stop" : 1646246252185,
          "duration" : 5
        }
      }, {
        "uid" : "562e9590959ae145",
        "reportUrl" : "https://MohabMohie.github.io/using_SHAFT_ENGINE/allure/1607//#testresult/562e9590959ae145",
        "status" : "skipped",
        "statusDetails" : "Could not start a new session. Response code 500. Message: unknown error: Chrome failed to start: crashed.\n  (unknown error: DevToolsActivePort file doesn't exist)\n  (The process started from chrome location /usr/bin/google-chrome is no longer running, so ChromeDriver is assuming that Chrome has crashed.)\nBuild info: version: '4.1.1', revision: 'e8fcc2cecf'\nSystem info: host: 'fv-az201-630', ip: '10.1.1.73', os.name: 'Linux', os.arch: 'amd64', os.version: '5.11.0-1028-azure', java.version: '17.0.2'\nDriver info: org.openqa.selenium.chrome.ChromeDriver\nCommand: [null, newSession {capabilities=[Capabilities {browserName: chrome, goog:chromeOptions: {args: [], extensions: []}}], desiredCapabilities=Capabilities {browserName: chrome, goog:chromeOptions: {args: [], extensions: []}}}]",
        "time" : {
          "start" : 1646225398950,
          "stop" : 1646225398954,
          "duration" : 4
        }
      }, {
        "uid" : "97cdbc89d4d0a0e4",
        "reportUrl" : "https://MohabMohie.github.io/using_SHAFT_ENGINE/allure/1606//#testresult/97cdbc89d4d0a0e4",
        "status" : "skipped",
        "statusDetails" : "Could not start a new session. Response code 500. Message: unknown error: Chrome failed to start: crashed.\n  (unknown error: DevToolsActivePort file doesn't exist)\n  (The process started from chrome location /usr/bin/google-chrome is no longer running, so ChromeDriver is assuming that Chrome has crashed.)\nBuild info: version: '4.1.1', revision: 'e8fcc2cecf'\nSystem info: host: 'fv-az216-500', ip: '10.1.1.44', os.name: 'Linux', os.arch: 'amd64', os.version: '5.11.0-1028-azure', java.version: '17.0.2'\nDriver info: org.openqa.selenium.chrome.ChromeDriver\nCommand: [null, newSession {capabilities=[Capabilities {browserName: chrome, goog:chromeOptions: {args: [], extensions: []}}], desiredCapabilities=Capabilities {browserName: chrome, goog:chromeOptions: {args: [], extensions: []}}}]",
        "time" : {
          "start" : 1646203189272,
          "stop" : 1646203189273,
          "duration" : 1
        }
      }, {
        "uid" : "aabe89018027c51",
        "reportUrl" : "https://MohabMohie.github.io/using_SHAFT_ENGINE/allure/1605//#testresult/aabe89018027c51",
        "status" : "skipped",
        "statusDetails" : "Could not start a new session. Response code 500. Message: unknown error: Chrome failed to start: crashed.\n  (unknown error: DevToolsActivePort file doesn't exist)\n  (The process started from chrome location /usr/bin/google-chrome is no longer running, so ChromeDriver is assuming that Chrome has crashed.)\nBuild info: version: '4.1.1', revision: 'e8fcc2cecf'\nSystem info: host: 'fv-az292-945', ip: '10.1.1.203', os.name: 'Linux', os.arch: 'amd64', os.version: '5.11.0-1028-azure', java.version: '17.0.2'\nDriver info: org.openqa.selenium.chrome.ChromeDriver\nCommand: [null, newSession {capabilities=[Capabilities {browserName: chrome, goog:chromeOptions: {args: [], extensions: []}}], desiredCapabilities=Capabilities {browserName: chrome, goog:chromeOptions: {args: [], extensions: []}}}]",
        "time" : {
          "start" : 1646185742536,
          "stop" : 1646185742538,
          "duration" : 2
        }
      }, {
        "uid" : "422fae9258235378",
        "reportUrl" : "https://MohabMohie.github.io/using_SHAFT_ENGINE/allure/1603//#testresult/422fae9258235378",
        "status" : "skipped",
        "statusDetails" : "Could not start a new session. Response code 500. Message: unknown error: Chrome failed to start: crashed.\n  (unknown error: DevToolsActivePort file doesn't exist)\n  (The process started from chrome location /usr/bin/google-chrome is no longer running, so ChromeDriver is assuming that Chrome has crashed.)\nBuild info: version: '4.1.1', revision: 'e8fcc2cecf'\nSystem info: host: 'fv-az292-231', ip: '10.1.1.147', os.name: 'Linux', os.arch: 'amd64', os.version: '5.11.0-1028-azure', java.version: '17.0.2'\nDriver info: org.openqa.selenium.chrome.ChromeDriver\nCommand: [null, newSession {capabilities=[Capabilities {browserName: chrome, goog:chromeOptions: {args: [], extensions: []}}], desiredCapabilities=Capabilities {browserName: chrome, goog:chromeOptions: {args: [], extensions: []}}}]",
        "time" : {
          "start" : 1646159949872,
          "stop" : 1646159949881,
          "duration" : 9
        }
      } ]
    },
    "tags" : [ ]
  },
  "source" : "6062a3e1ac4b12f3.json",
  "parameterValues" : [ ]
}