################################################################################################################################################
Detected SHAFT Engine Version: [SHAFT Engine v5.3.20210902]
################################################################################################################################################
[ReportManager] Successfully loaded the following test data file [src/test/resources/TestDataFiles/Google/SimpleSearch.xlsx]. @07-11-2021 18:36:30.0764 PM
[ReportManager] Successfully created attachment [Test Data - Excel] @07-11-2021 18:36:30.0766 P
[ReportManager] File Action [GetAbsolutePath] successfully performed. With the following test data [Relative Folder Path: "target/downloadedFiles/"]. @07-11-2021 18:36:30.0791 PM
[ReportManager] Attempting to run remotely on: [Linux-64], [GoogleChrome], [http://localhost:4444/wd/hub], Headless Execution. @07-11-2021 18:36:30.0813 PM
[ReportManager] Successfully Opened [GoogleChrome]. @07-11-2021 18:36:32.0061 PM
[ReportManager] Target URL: [https://www.google.com/ncr], and after redirection: [https://www.google.com] @07-11-2021 18:36:32.0116 PM
[ReportManager] Initial URL: [data:,] @07-11-2021 18:36:32.0217 PM
[ReportManager] Browser Action [NavigateToURL] successfully performed. With the following test data [https://www.google.com/ncr]. @07-11-2021 18:36:33.0606 P

################################################################################################################################################
Starting Execution:	[1 out of 23] test cases in the current suite
Test Method:		[tests.gui.google.D_Search_PageObjectModel_Traditional_DataDriven.navigateToGoogleHomeAndAssertGoogleLogoIsDisplayed]
################################################################################################################################################
[ReportManager] Element Action [IsElementDisplayed] successfully performed. @07-11-2021 18:36:33.0869 PM
[ReportManager] Assertion Passed: Asserting that the Google logo is displayed @07-11-2021 18:36:33.0880 PM
[ReportManager] Assertion [ValidateTrue] PASSED. Expected [TRUE] and Actual [TRUE]. Validation Type [POSITIVE]. @07-11-2021 18:36:33.0880 P
[ReportManager] Browser Action [CloseCurrentWindow] successfully performed. @07-11-2021 18:36:34.0073 PM
[ReportManager] Successfully created attachment [Browser Action Test Data - CloseCurrentWindow - Actual Value] @07-11-2021 18:36:34.0084 P
[ReportManager] File Action [GetAbsolutePath] successfully performed. With the following test data [Relative Folder Path: "target/downloadedFiles/"]. @07-11-2021 18:36:34.0110 PM
[ReportManager] Attempting to run remotely on: [Linux-64], [GoogleChrome], [http://localhost:4444/wd/hub], Headless Execution. @07-11-2021 18:36:34.0110 PM
[ReportManager] Successfully Opened [GoogleChrome]. @07-11-2021 18:36:34.0713 PM
[ReportManager] Target URL: [https://www.google.com/ncr], and after redirection: [https://www.google.com] @07-11-2021 18:36:34.0757 PM
[ReportManager] Initial URL: [data:,] @07-11-2021 18:36:34.0845 PM
[ReportManager] Browser Action [NavigateToURL] successfully performed. With the following test data [https://www.google.com/ncr]. @07-11-2021 18:36:35.0898 P

################################################################################################################################################
Starting Execution:	[2 out of 23] test cases in the current suite
Test Method:		[tests.gui.google.D_Search_PageObjectModel_Traditional_DataDriven.navigateToGoogleHomeAndAssertPageTitle]
################################################################################################################################################
[ReportManager] Browser Action [GetCurrentWindowTitle] successfully performed. With the following test data [Google]. @07-11-2021 18:36:35.0962 PM
[ReportManager] Assertion Passed: Asserting that the page title is Google @07-11-2021 18:36:35.0971 PM
[ReportManager] Assertion [ValidateEquals] PASSED. Expected [Google] and Actual [Google]. Comparison Type [EQUALS]. Validation Type [POSITIVE]. @07-11-2021 18:36:35.0971 P
[ReportManager] Browser Action [CloseCurrentWindow] successfully performed. @07-11-2021 18:36:36.0147 PM
[ReportManager] Successfully created attachment [Browser Action Test Data - CloseCurrentWindow - Actual Value] @07-11-2021 18:36:36.0149 P
[ReportManager] File Action [GetAbsolutePath] successfully performed. With the following test data [Relative Folder Path: "target/downloadedFiles/"]. @07-11-2021 18:36:36.0161 PM
[ReportManager] Attempting to run remotely on: [Linux-64], [GoogleChrome], [http://localhost:4444/wd/hub], Headless Execution. @07-11-2021 18:36:36.0162 PM
[ReportManager] Successfully Opened [GoogleChrome]. @07-11-2021 18:36:36.0736 PM
[ReportManager] Target URL: [https://www.google.com/ncr], and after redirection: [https://www.google.com] @07-11-2021 18:36:36.0763 PM
[ReportManager] Initial URL: [data:,] @07-11-2021 18:36:36.0839 PM
[ReportManager] Browser Action [NavigateToURL] successfully performed. With the following test data [https://www.google.com/ncr]. @07-11-2021 18:36:37.0894 P

################################################################################################################################################
Starting Execution:	[3 out of 23] test cases in the current suite
Test Method:		[tests.gui.google.D_Search_PageObjectModel_Traditional_DataDriven.searchForQueryAndAssertFirstResultTextIsCorrect]
################################################################################################################################################
[ReportManager] Element Action [Type] successfully performed. With the following test data [SHAFT_Engine]. @07-11-2021 18:36:38.0529 PM
[ReportManager] Element Action [KeyPress] successfully performed. With the following test data [ENTER]. @07-11-2021 18:36:40.0114 PM
[ReportManager] Element Action [GetText] successfully performed. With the following test data [SHAFT_ENGINE is a Test Automation Engine that ... - GitHub]. @07-11-2021 18:36:40.0229 PM
[ReportManager] Assertion Failed: Asserting that the correct first result is displayed @07-11-2021 18:36:40.0232 PM
[ReportManager] Assertion [ValidateEquals] FAILED. Expected [MohabMohie] and Actual [SHAFT_ENGINE is a Test Automation Engine that ... - GitHub]. Comparison Type [CONTAINS]. Validation Type [POSITIVE]. @07-11-2021 18:36:40.0232 P
[ReportManager] Browser Action [CloseCurrentWindow] successfully performed. @07-11-2021 18:36:40.0523 PM
[ReportManager] Successfully created attachment [Browser Action Test Data - CloseCurrentWindow - Actual Value] @07-11-2021 18:36:40.0544 P
[ReportManager] Successfully loaded the following test data file [src/test/resources/TestDataFiles/Google/SimpleSearch.xlsx]. @07-11-2021 18:36:40.0585 PM
[ReportManager] Successfully created attachment [Test Data - Excel] @07-11-2021 18:36:40.0586 P
[ReportManager] File Action [GetAbsolutePath] successfully performed. With the following test data [Relative Folder Path: "target/downloadedFiles/"]. @07-11-2021 18:36:40.0587 PM
[ReportManager] Attempting to run remotely on: [Linux-64], [GoogleChrome], [http://localhost:4444/wd/hub], Headless Execution. @07-11-2021 18:36:40.0587 PM
[ReportManager] Successfully Opened [GoogleChrome]. @07-11-2021 18:36:41.0180 PM
[ReportManager] Target URL: [https://www.google.com/ncr], and after redirection: [https://www.google.com] @07-11-2021 18:36:41.0201 PM
[ReportManager] Initial URL: [data:,] @07-11-2021 18:36:41.0269 PM
[ReportManager] Browser Action [NavigateToURL] successfully performed. With the following test data [https://www.google.com/ncr]. @07-11-2021 18:36:42.0376 P

################################################################################################################################################
Starting Execution:	[4 out of 23] test cases in the current suite
Test Method:		[tests.gui.google.F_Search_PageObjectModel_Fluent.navigateToGoogleHomeAndAssertGoogleLogoIsDisplayed]
################################################################################################################################################
[ReportManager] File Action [DoesFileExist] successfully performed. With the following test data [File Path: "src/test/resources/DynamicObjectRepository/tests_gui_google_F_Search_PageObjectModel_Fluent_navigateToGoogleHomeAndAssertGoogleLogoIsDisplayed_By_xpath_img_id_hplogo_or_alt_Google.png"]. @07-11-2021 18:36:42.0397 PM
[ReportManager] File Action [GetAbsolutePath] successfully performed. With the following test data [Relative Folder Path: "src/test/resources/DynamicObjectRepository/tests_gui_google_F_Search_PageObjectModel_Fluent_navigateToGoogleHomeAndAssertGoogleLogoIsDisplayed_By_xpath_img_id_hplogo_or_alt_Google.png"]. @07-11-2021 18:36:42.0397 PM
[ReportManager] File Action [ReadFromImageFile] successfully performed. With the following test data [File Path: "/home/runner/work/using_SHAFT_ENGINE/using_SHAFT_ENGINE/src/test/resources/DynamicObjectRepository/tests_gui_google_F_Search_PageObjectModel_Fluent_navigateToGoogleHomeAndAssertGoogleLogoIsDisplayed_By_xpath_img_id_hplogo_or_alt_Google.png"]. @07-11-2021 18:36:42.0397 PM
[ReportManager] File Action [DoesFileExist] successfully performed. With the following test data [File Path: "src/test/resources/DynamicObjectRepository/tests_gui_google_F_Search_PageObjectModel_Fluent_navigateToGoogleHomeAndAssertGoogleLogoIsDisplayed_By_xpath_img_id_hplogo_or_alt_Google.png"]. @07-11-2021 18:36:42.0653 PM
[ReportManager] File Action [DoesFileExist] successfully performed. With the following test data [File Path: "src/test/resources/DynamicObjectRepository/tests_gui_google_F_Search_PageObjectModel_Fluent_navigateToGoogleHomeAndAssertGoogleLogoIsDisplayed_By_xpath_img_id_hplogo_or_alt_Google.png"]. @07-11-2021 18:36:42.0654 PM
[ReportManager] Loaded Shared OpenCV @07-11-2021 18:36:43.0090 PM
[ReportManager] Successfully identified the element using AI; OpenCV. @07-11-2021 18:36:43.0109 PM
[ReportManager] Assertion Passed: Asserting that the Google logo is displayed @07-11-2021 18:36:43.0110 PM
[ReportManager] Successfully created attachment [Validation Test Data - Reference Screenshot] @07-11-2021 18:36:43.0111 PM
[ReportManager] Successfully created attachment [Validation Test Data - Actual Screenshot] @07-11-2021 18:36:43.0111 PM
[ReportManager] Assertion [ValidateElementMatches] PASSED. Expected [Element should match the reference screenshot] and Actual [TRUE]. Comparison Type [EXACT_OPENCV]. Validation Type [POSITIVE]. @07-11-2021 18:36:43.0112 P
[ReportManager] Browser Action [CloseCurrentWindow] successfully performed. @07-11-2021 18:36:43.0267 PM
[ReportManager] Successfully created attachment [Browser Action Test Data - CloseCurrentWindow - Actual Value] @07-11-2021 18:36:43.0268 P
[ReportManager] File Action [GetAbsolutePath] successfully performed. With the following test data [Relative Folder Path: "target/downloadedFiles/"]. @07-11-2021 18:36:43.0278 PM
[ReportManager] Attempting to run remotely on: [Linux-64], [GoogleChrome], [http://localhost:4444/wd/hub], Headless Execution. @07-11-2021 18:36:43.0278 PM
[ReportManager] Successfully Opened [GoogleChrome]. @07-11-2021 18:36:43.0551 PM
[ReportManager] Target URL: [https://www.google.com/ncr], and after redirection: [https://www.google.com] @07-11-2021 18:36:43.0589 PM
[ReportManager] Initial URL: [data:,] @07-11-2021 18:36:43.0658 PM
[ReportManager] Browser Action [NavigateToURL] successfully performed. With the following test data [https://www.google.com/ncr]. @07-11-2021 18:36:44.0701 P

################################################################################################################################################
Starting Execution:	[5 out of 23] test cases in the current suite
Test Method:		[tests.gui.google.F_Search_PageObjectModel_Fluent.navigateToGoogleHomeAndAssertPageTitle]
################################################################################################################################################
[ReportManager] Browser Action [GetCurrentWindowTitle] successfully performed. With the following test data [Google]. @07-11-2021 18:36:44.0757 PM
[ReportManager] Assertion Passed: Asserting that the page title is Google @07-11-2021 18:36:45.0014 PM
[ReportManager] Successfully created attachment [Screenshot - 1636310204835_navigateToGoogleHomeAndAssertPageTitle_ValidateBrowserAttribute_passed] @07-11-2021 18:36:45.0026 PM
[ReportManager] Assertion [ValidateBrowserAttribute] PASSED. Expected [Value Should be 'Google' for the 'Title' attribute] and Actual [Google]. Comparison Type [EQUALS]. Validation Type [POSITIVE]. @07-11-2021 18:36:45.0027 P
[ReportManager] Browser Action [CloseCurrentWindow] successfully performed. @07-11-2021 18:36:45.0192 PM
[ReportManager] Successfully created attachment [Browser Action Test Data - CloseCurrentWindow - Actual Value] @07-11-2021 18:36:45.0194 P
[ReportManager] File Action [GetAbsolutePath] successfully performed. With the following test data [Relative Folder Path: "target/downloadedFiles/"]. @07-11-2021 18:36:45.0197 PM
[ReportManager] Attempting to run remotely on: [Linux-64], [GoogleChrome], [http://localhost:4444/wd/hub], Headless Execution. @07-11-2021 18:36:45.0197 PM
[ReportManager] Successfully Opened [GoogleChrome]. @07-11-2021 18:36:45.0533 PM
[ReportManager] Target URL: [https://www.google.com/ncr], and after redirection: [https://www.google.com] @07-11-2021 18:36:45.0561 PM
[ReportManager] Initial URL: [data:,] @07-11-2021 18:36:45.0624 PM
[ReportManager] Browser Action [NavigateToURL] successfully performed. With the following test data [https://www.google.com/ncr]. @07-11-2021 18:36:46.0637 P

################################################################################################################################################
Starting Execution:	[6 out of 23] test cases in the current suite
Test Method:		[tests.gui.google.F_Search_PageObjectModel_Fluent.searchForQueryAndAssertFirstResultTextIsCorrect]
################################################################################################################################################
[ReportManager] Element Action [Type] successfully performed. With the following test data [SHAFT_Engine]. @07-11-2021 18:36:47.0287 PM
[ReportManager] Element Action [KeyPress] successfully performed. With the following test data [ENTER]. @07-11-2021 18:36:48.0737 PM
[ReportManager] Element Action [GetText] successfully performed. With the following test data [SHAFT_ENGINE is a Test Automation Engine that ... - GitHub]. @07-11-2021 18:36:48.0862 PM
[ReportManager] Loaded Shared OpenCV @07-11-2021 18:36:49.0077 PM
[ReportManager] Assertion Failed: Asserting that the correct first result is displayed @07-11-2021 18:36:49.0163 PM
[ReportManager] Successfully created attachment [Screenshot - 1636310209076_searchForQueryAndAssertFirstResultTextIsCorrect_ValidateElementAttribute_failed] @07-11-2021 18:36:49.0183 PM
[ReportManager] Assertion [ValidateElementAttribute] FAILED. Expected [Value Should be 'MohabMohie' for the 'Text' attribute, element locator 'By.xpath: (//h1[contains(text(),'Search Result')]/following-sibling::div//a/h3)[1]'] and Actual [SHAFT_ENGINE is a Test Automation Engine that ... - GitHub]. Comparison Type [CONTAINS]. Validation Type [POSITIVE]. @07-11-2021 18:36:49.0183 P
[ReportManager] Browser Action [CloseCurrentWindow] successfully performed. @07-11-2021 18:36:49.0426 PM
[ReportManager] Successfully created attachment [Browser Action Test Data - CloseCurrentWindow - Actual Value] @07-11-2021 18:36:49.0428 P
[ReportManager] File Action [GetAbsolutePath] successfully performed. With the following test data [Relative Folder Path: "target/downloadedFiles/"]. @07-11-2021 18:36:49.0438 PM
[ReportManager] Attempting to run remotely on: [Linux-64], [GoogleChrome], [http://localhost:4444/wd/hub], Headless Execution. @07-11-2021 18:36:49.0439 PM
[ReportManager] Successfully Opened [GoogleChrome]. @07-11-2021 18:36:49.0692 PM
[ReportManager] Target URL: [https://www.google.com/ncr], and after redirection: [https://www.google.com] @07-11-2021 18:36:49.0727 PM
[ReportManager] Initial URL: [data:,] @07-11-2021 18:36:49.0792 PM
[ReportManager] Browser Action [NavigateToURL] successfully performed. With the following test data [https://www.google.com/ncr]. @07-11-2021 18:36:50.0788 P

################################################################################################################################################
Starting Execution:	[7 out of 23] test cases in the current suite
Test Method:		[tests.gui.google.C_Search_PageObjectModel_Traditional.navigateToGoogleHomeAndAssertGoogleLogoIsDisplayed]
################################################################################################################################################
[ReportManager] Element Action [IsElementDisplayed] successfully performed. @07-11-2021 18:36:50.0902 PM
[ReportManager] Assertion Passed: Asserting that the Google logo is displayed @07-11-2021 18:36:50.0903 PM
[ReportManager] Assertion [ValidateTrue] PASSED. Expected [TRUE] and Actual [TRUE]. Validation Type [POSITIVE]. @07-11-2021 18:36:50.0903 P
[ReportManager] Browser Action [CloseCurrentWindow] successfully performed. @07-11-2021 18:36:51.0040 PM
[ReportManager] Successfully created attachment [Browser Action Test Data - CloseCurrentWindow - Actual Value] @07-11-2021 18:36:51.0041 P
[ReportManager] File Action [GetAbsolutePath] successfully performed. With the following test data [Relative Folder Path: "target/downloadedFiles/"]. @07-11-2021 18:36:51.0045 PM
[ReportManager] Attempting to run remotely on: [Linux-64], [GoogleChrome], [http://localhost:4444/wd/hub], Headless Execution. @07-11-2021 18:36:51.0045 PM
[ReportManager] Successfully Opened [GoogleChrome]. @07-11-2021 18:36:51.0280 PM
[ReportManager] Target URL: [https://www.google.com/ncr], and after redirection: [https://www.google.com] @07-11-2021 18:36:51.0305 PM
[ReportManager] Initial URL: [data:,] @07-11-2021 18:36:51.0374 PM
[ReportManager] Browser Action [NavigateToURL] successfully performed. With the following test data [https://www.google.com/ncr]. @07-11-2021 18:36:52.0331 P

################################################################################################################################################
Starting Execution:	[8 out of 23] test cases in the current suite
Test Method:		[tests.gui.google.C_Search_PageObjectModel_Traditional.navigateToGoogleHomeAndAssertPageTitle]
################################################################################################################################################
[ReportManager] Browser Action [GetCurrentWindowTitle] successfully performed. With the following test data [Google]. @07-11-2021 18:36:52.0379 PM
[ReportManager] Assertion Passed: Asserting that the page title is Google @07-11-2021 18:36:52.0380 PM
[ReportManager] Assertion [ValidateEquals] PASSED. Expected [Google] and Actual [Google]. Comparison Type [EQUALS]. Validation Type [POSITIVE]. @07-11-2021 18:36:52.0380 P
[ReportManager] Browser Action [CloseCurrentWindow] successfully performed. @07-11-2021 18:36:52.0532 PM
[ReportManager] Successfully created attachment [Browser Action Test Data - CloseCurrentWindow - Actual Value] @07-11-2021 18:36:52.0533 P
[ReportManager] File Action [GetAbsolutePath] successfully performed. With the following test data [Relative Folder Path: "target/downloadedFiles/"]. @07-11-2021 18:36:52.0538 PM
[ReportManager] Attempting to run remotely on: [Linux-64], [GoogleChrome], [http://localhost:4444/wd/hub], Headless Execution. @07-11-2021 18:36:52.0540 PM
[ReportManager] Successfully Opened [GoogleChrome]. @07-11-2021 18:36:52.0776 PM
[ReportManager] Target URL: [https://www.google.com/ncr], and after redirection: [https://www.google.com] @07-11-2021 18:36:52.0798 PM
[ReportManager] Initial URL: [data:,] @07-11-2021 18:36:52.0870 PM
[ReportManager] Browser Action [NavigateToURL] successfully performed. With the following test data [https://www.google.com/ncr]. @07-11-2021 18:36:53.0822 P

################################################################################################################################################
Starting Execution:	[9 out of 23] test cases in the current suite
Test Method:		[tests.gui.google.C_Search_PageObjectModel_Traditional.searchForQueryAndAssertFirstResultTextIsCorrect]
################################################################################################################################################
[ReportManager] Element Action [Type] successfully performed. With the following test data [SHAFT_Engine]. @07-11-2021 18:36:54.0467 PM
[ReportManager] Element Action [KeyPress] successfully performed. With the following test data [ENTER]. @07-11-2021 18:36:56.0151 PM
[ReportManager] Element Action [GetText] successfully performed. With the following test data [SHAFT_ENGINE is a Test Automation Engine that ... - GitHub]. @07-11-2021 18:36:56.0263 PM
[ReportManager] Assertion Failed: Asserting that the correct first result is displayed @07-11-2021 18:36:56.0264 PM
[ReportManager] Assertion [ValidateEquals] FAILED. Expected [MohabMohie] and Actual [SHAFT_ENGINE is a Test Automation Engine that ... - GitHub]. Comparison Type [CONTAINS]. Validation Type [POSITIVE]. @07-11-2021 18:36:56.0264 P
[ReportManager] Browser Action [CloseCurrentWindow] successfully performed. @07-11-2021 18:36:56.0479 PM
[ReportManager] Successfully created attachment [Browser Action Test Data - CloseCurrentWindow - Actual Value] @07-11-2021 18:36:56.0481 P



################################################################################################################################################
Starting Execution:	[10 out of 23] test cases in the current suite
Test Method:		[tests.gui.google.A_Search_FlatTest_NativeSeleniumWebDriver.navigateToGoogleHomeAndAssertGoogleLogoIsDisplayed]
###############################################################################################################################################



################################################################################################################################################
Starting Execution:	[11 out of 23] test cases in the current suite
Test Method:		[tests.gui.google.A_Search_FlatTest_NativeSeleniumWebDriver.navigateToGoogleHomeAndAssertPageTitle]
###############################################################################################################################################



################################################################################################################################################
Starting Execution:	[12 out of 23] test cases in the current suite
Test Method:		[tests.gui.google.A_Search_FlatTest_NativeSeleniumWebDriver.searchForQueryAndAssertFirstResultTextIsCorrect]
###############################################################################################################################################

[ReportManager] Successfully loaded the following test data file [src/test/resources/TestDataFiles/Google/SimpleSearch.xlsx]. @07-11-2021 18:37:24.0216 PM
[ReportManager] Successfully created attachment [Test Data - Excel] @07-11-2021 18:37:24.0216 P
[ReportManager] File Action [GetAbsolutePath] successfully performed. With the following test data [Relative Folder Path: "target/downloadedFiles/"]. @07-11-2021 18:37:24.0217 PM
[ReportManager] Attempting to run remotely on: [Linux-64], [GoogleChrome], [http://localhost:4444/wd/hub], Headless Execution. @07-11-2021 18:37:24.0218 PM
[ReportManager] Successfully Opened [GoogleChrome]. @07-11-2021 18:37:24.0542 PM
[ReportManager] Target URL: [https://www.google.com/ncr], and after redirection: [https://www.google.com] @07-11-2021 18:37:24.0561 PM
[ReportManager] Initial URL: [data:,] @07-11-2021 18:37:24.0625 PM
[ReportManager] Browser Action [NavigateToURL] successfully performed. With the following test data [https://www.google.com/ncr]. @07-11-2021 18:37:26.0405 P

################################################################################################################################################
Starting Execution:	[13 out of 23] test cases in the current suite
Test Method:		[tests.gui.google.G_Search_PageObjectModel_ThreadSafe.navigateToGoogleHomeAndAssertGoogleLogoIsDisplayed]
################################################################################################################################################
[ReportManager] File Action [DoesFileExist] successfully performed. With the following test data [File Path: "src/test/resources/DynamicObjectRepository/tests_gui_google_G_Search_PageObjectModel_ThreadSafe_navigateToGoogleHomeAndAssertGoogleLogoIsDisplayed_By_xpath_img_id_hplogo_or_alt_Google.png"]. @07-11-2021 18:37:26.0411 PM
[ReportManager] File Action [GetAbsolutePath] successfully performed. With the following test data [Relative Folder Path: "src/test/resources/DynamicObjectRepository/tests_gui_google_G_Search_PageObjectModel_ThreadSafe_navigateToGoogleHomeAndAssertGoogleLogoIsDisplayed_By_xpath_img_id_hplogo_or_alt_Google.png"]. @07-11-2021 18:37:26.0411 PM
[ReportManager] File Action [ReadFromImageFile] successfully performed. With the following test data [File Path: "/home/runner/work/using_SHAFT_ENGINE/using_SHAFT_ENGINE/src/test/resources/DynamicObjectRepository/tests_gui_google_G_Search_PageObjectModel_ThreadSafe_navigateToGoogleHomeAndAssertGoogleLogoIsDisplayed_By_xpath_img_id_hplogo_or_alt_Google.png"]. @07-11-2021 18:37:26.0411 PM
[ReportManager] File Action [DoesFileExist] successfully performed. With the following test data [File Path: "src/test/resources/DynamicObjectRepository/tests_gui_google_G_Search_PageObjectModel_ThreadSafe_navigateToGoogleHomeAndAssertGoogleLogoIsDisplayed_By_xpath_img_id_hplogo_or_alt_Google.png"]. @07-11-2021 18:37:26.0616 PM
[ReportManager] File Action [DoesFileExist] successfully performed. With the following test data [File Path: "src/test/resources/DynamicObjectRepository/tests_gui_google_G_Search_PageObjectModel_ThreadSafe_navigateToGoogleHomeAndAssertGoogleLogoIsDisplayed_By_xpath_img_id_hplogo_or_alt_Google.png"]. @07-11-2021 18:37:26.0616 PM
[ReportManager] Loaded Shared OpenCV @07-11-2021 18:37:26.0616 PM
[ReportManager] Successfully identified the element using AI; OpenCV. @07-11-2021 18:37:26.0619 PM
[ReportManager] Assertion Passed: Asserting that the Google logo is displayed @07-11-2021 18:37:26.0620 PM
[ReportManager] Successfully created attachment [Validation Test Data - Reference Screenshot] @07-11-2021 18:37:26.0620 PM
[ReportManager] Successfully created attachment [Validation Test Data - Actual Screenshot] @07-11-2021 18:37:26.0620 PM
[ReportManager] Assertion [ValidateElementMatches] PASSED. Expected [Element should match the reference screenshot] and Actual [TRUE]. Comparison Type [EXACT_OPENCV]. Validation Type [POSITIVE]. @07-11-2021 18:37:26.0620 P
[ReportManager] Browser Action [CloseCurrentWindow] successfully performed. @07-11-2021 18:37:26.0760 PM
[ReportManager] Successfully created attachment [Browser Action Test Data - CloseCurrentWindow - Actual Value] @07-11-2021 18:37:26.0761 P
[ReportManager] File Action [GetAbsolutePath] successfully performed. With the following test data [Relative Folder Path: "target/downloadedFiles/"]. @07-11-2021 18:37:26.0764 PM
[ReportManager] Attempting to run remotely on: [Linux-64], [GoogleChrome], [http://localhost:4444/wd/hub], Headless Execution. @07-11-2021 18:37:26.0764 PM
[ReportManager] Successfully Opened [GoogleChrome]. @07-11-2021 18:37:26.0990 PM
[ReportManager] Target URL: [https://www.google.com/ncr], and after redirection: [https://www.google.com] @07-11-2021 18:37:27.0009 PM
[ReportManager] Initial URL: [data:,] @07-11-2021 18:37:27.0061 PM
[ReportManager] Browser Action [NavigateToURL] successfully performed. With the following test data [https://www.google.com/ncr]. @07-11-2021 18:37:28.0499 P

################################################################################################################################################
Starting Execution:	[14 out of 23] test cases in the current suite
Test Method:		[tests.gui.google.G_Search_PageObjectModel_ThreadSafe.navigateToGoogleHomeAndAssertPageTitle]
################################################################################################################################################
[ReportManager] Browser Action [GetCurrentWindowTitle] successfully performed. With the following test data [Google]. @07-11-2021 18:37:28.0538 PM
[ReportManager] Assertion Passed: Asserting that the page title is Google @07-11-2021 18:37:28.0662 PM
[ReportManager] Successfully created attachment [Screenshot - 1636310248611_navigateToGoogleHomeAndAssertPageTitle_ValidateBrowserAttribute_passed] @07-11-2021 18:37:28.0662 PM
[ReportManager] Assertion [ValidateBrowserAttribute] PASSED. Expected [Value Should be 'Google' for the 'Title' attribute] and Actual [Google]. Comparison Type [EQUALS]. Validation Type [POSITIVE]. @07-11-2021 18:37:28.0662 P
[ReportManager] Browser Action [CloseCurrentWindow] successfully performed. @07-11-2021 18:37:28.0803 PM
[ReportManager] Successfully created attachment [Browser Action Test Data - CloseCurrentWindow - Actual Value] @07-11-2021 18:37:28.0804 P
[ReportManager] File Action [GetAbsolutePath] successfully performed. With the following test data [Relative Folder Path: "target/downloadedFiles/"]. @07-11-2021 18:37:28.0809 PM
[ReportManager] Attempting to run remotely on: [Linux-64], [GoogleChrome], [http://localhost:4444/wd/hub], Headless Execution. @07-11-2021 18:37:28.0810 PM
[ReportManager] Successfully Opened [GoogleChrome]. @07-11-2021 18:37:29.0053 PM
[ReportManager] Target URL: [https://www.google.com/ncr], and after redirection: [https://www.google.com] @07-11-2021 18:37:29.0080 PM
[ReportManager] Initial URL: [data:,] @07-11-2021 18:37:29.0142 PM
[ReportManager] Browser Action [NavigateToURL] successfully performed. With the following test data [https://www.google.com/ncr]. @07-11-2021 18:37:30.0123 P

################################################################################################################################################
Starting Execution:	[15 out of 23] test cases in the current suite
Test Method:		[tests.gui.google.G_Search_PageObjectModel_ThreadSafe.searchForQueryAndAssertFirstResultTextIsCorrect]
################################################################################################################################################
[ReportManager] Element Action [Type] successfully performed. With the following test data [SHAFT_Engine]. @07-11-2021 18:37:30.0717 PM
[ReportManager] Element Action [KeyPress] successfully performed. With the following test data [ENTER]. @07-11-2021 18:37:32.0019 PM
[ReportManager] Element Action [GetText] successfully performed. With the following test data [SHAFT_ENGINE is a Test Automation Engine that ... - GitHub]. @07-11-2021 18:37:32.0115 PM
[ReportManager] Loaded Shared OpenCV @07-11-2021 18:37:32.0310 PM
[ReportManager] Assertion Failed: Asserting that the correct first result is displayed @07-11-2021 18:37:32.0370 PM
[ReportManager] Successfully created attachment [Screenshot - 1636310252310_searchForQueryAndAssertFirstResultTextIsCorrect_ValidateElementAttribute_failed] @07-11-2021 18:37:32.0372 PM
[ReportManager] Assertion [ValidateElementAttribute] FAILED. Expected [Value Should be 'MohabMohie' for the 'Text' attribute, element locator 'By.xpath: (//h1[contains(text(),'Search Result')]/following-sibling::div//a/h3)[1]'] and Actual [SHAFT_ENGINE is a Test Automation Engine that ... - GitHub]. Comparison Type [CONTAINS]. Validation Type [POSITIVE]. @07-11-2021 18:37:32.0372 P
[ReportManager] Browser Action [CloseCurrentWindow] successfully performed. @07-11-2021 18:37:32.0555 PM
[ReportManager] Successfully created attachment [Browser Action Test Data - CloseCurrentWindow - Actual Value] @07-11-2021 18:37:32.0557 P
[ReportManager] File Action [GetAbsolutePath] successfully performed. With the following test data [Relative Folder Path: "target/downloadedFiles/"]. @07-11-2021 18:37:32.0562 PM
[ReportManager] Attempting to run remotely on: [Linux-64], [GoogleChrome], [http://localhost:4444/wd/hub], Headless Execution. @07-11-2021 18:37:32.0562 PM
[ReportManager] Successfully Opened [GoogleChrome]. @07-11-2021 18:37:32.0798 PM
[ReportManager] Target URL: [https://www.google.com/ncr], and after redirection: [https://www.google.com] @07-11-2021 18:37:32.0816 PM
[ReportManager] Initial URL: [data:,] @07-11-2021 18:37:32.0864 PM
[ReportManager] Browser Action [NavigateToURL] successfully performed. With the following test data [https://www.google.com/ncr]. @07-11-2021 18:37:33.0798 P

################################################################################################################################################
Starting Execution:	[16 out of 23] test cases in the current suite
Test Method:		[tests.gui.google.B_Search_FlatTest_SHAFT.navigateToGoogleHomeAndAssertGoogleLogoIsDisplayed]
################################################################################################################################################
[ReportManager] File Action [DoesFileExist] successfully performed. With the following test data [File Path: "src/test/resources/DynamicObjectRepository/tests_gui_google_B_Search_FlatTest_SHAFT_navigateToGoogleHomeAndAssertGoogleLogoIsDisplayed_By_xpath_img_id_hplogo_or_alt_Google.png"]. @07-11-2021 18:37:33.0802 PM
[ReportManager] File Action [GetAbsolutePath] successfully performed. With the following test data [Relative Folder Path: "src/test/resources/DynamicObjectRepository/tests_gui_google_B_Search_FlatTest_SHAFT_navigateToGoogleHomeAndAssertGoogleLogoIsDisplayed_By_xpath_img_id_hplogo_or_alt_Google.png"]. @07-11-2021 18:37:33.0802 PM
[ReportManager] File Action [ReadFromImageFile] successfully performed. With the following test data [File Path: "/home/runner/work/using_SHAFT_ENGINE/using_SHAFT_ENGINE/src/test/resources/DynamicObjectRepository/tests_gui_google_B_Search_FlatTest_SHAFT_navigateToGoogleHomeAndAssertGoogleLogoIsDisplayed_By_xpath_img_id_hplogo_or_alt_Google.png"]. @07-11-2021 18:37:33.0802 PM
[ReportManager] File Action [DoesFileExist] successfully performed. With the following test data [File Path: "src/test/resources/DynamicObjectRepository/tests_gui_google_B_Search_FlatTest_SHAFT_navigateToGoogleHomeAndAssertGoogleLogoIsDisplayed_By_xpath_img_id_hplogo_or_alt_Google.png"]. @07-11-2021 18:37:33.0981 PM
[ReportManager] File Action [DoesFileExist] successfully performed. With the following test data [File Path: "src/test/resources/DynamicObjectRepository/tests_gui_google_B_Search_FlatTest_SHAFT_navigateToGoogleHomeAndAssertGoogleLogoIsDisplayed_By_xpath_img_id_hplogo_or_alt_Google.png"]. @07-11-2021 18:37:33.0981 PM
[ReportManager] Loaded Shared OpenCV @07-11-2021 18:37:33.0981 PM
[ReportManager] Successfully identified the element using AI; OpenCV. @07-11-2021 18:37:33.0984 PM
[ReportManager] Assertion Passed: Asserting that the Google logo is displayed @07-11-2021 18:37:33.0985 PM
[ReportManager] Successfully created attachment [Validation Test Data - Reference Screenshot] @07-11-2021 18:37:33.0985 PM
[ReportManager] Successfully created attachment [Validation Test Data - Actual Screenshot] @07-11-2021 18:37:33.0985 PM
[ReportManager] Assertion [ValidateElementMatches] PASSED. Expected [Element should match the reference screenshot] and Actual [TRUE]. Comparison Type [EXACT_OPENCV]. Validation Type [POSITIVE]. @07-11-2021 18:37:33.0985 P
[ReportManager] Browser Action [CloseCurrentWindow] successfully performed. @07-11-2021 18:37:34.0125 PM
[ReportManager] Successfully created attachment [Browser Action Test Data - CloseCurrentWindow - Actual Value] @07-11-2021 18:37:34.0126 P
[ReportManager] File Action [GetAbsolutePath] successfully performed. With the following test data [Relative Folder Path: "target/downloadedFiles/"]. @07-11-2021 18:37:34.0130 PM
[ReportManager] Attempting to run remotely on: [Linux-64], [GoogleChrome], [http://localhost:4444/wd/hub], Headless Execution. @07-11-2021 18:37:34.0131 PM
[ReportManager] Successfully Opened [GoogleChrome]. @07-11-2021 18:37:34.0332 PM
[ReportManager] Target URL: [https://www.google.com/ncr], and after redirection: [https://www.google.com] @07-11-2021 18:37:34.0346 PM
[ReportManager] Initial URL: [data:,] @07-11-2021 18:37:34.0397 PM
[ReportManager] Browser Action [NavigateToURL] successfully performed. With the following test data [https://www.google.com/ncr]. @07-11-2021 18:37:35.0306 P

################################################################################################################################################
Starting Execution:	[17 out of 23] test cases in the current suite
Test Method:		[tests.gui.google.B_Search_FlatTest_SHAFT.navigateToGoogleHomeAndAssertPageTitle]
################################################################################################################################################
[ReportManager] Browser Action [GetCurrentWindowTitle] successfully performed. With the following test data [Google]. @07-11-2021 18:37:35.0345 PM
[ReportManager] Assertion Passed: Asserting that the page title is Google @07-11-2021 18:37:35.0448 PM
[ReportManager] Successfully created attachment [Screenshot - 1636310255410_navigateToGoogleHomeAndAssertPageTitle_ValidateBrowserAttribute_passed] @07-11-2021 18:37:35.0449 PM
[ReportManager] Assertion [ValidateBrowserAttribute] PASSED. Expected [Value Should be 'Google' for the 'Title' attribute] and Actual [Google]. Comparison Type [EQUALS]. Validation Type [POSITIVE]. @07-11-2021 18:37:35.0449 P
[ReportManager] Browser Action [CloseCurrentWindow] successfully performed. @07-11-2021 18:37:35.0588 PM
[ReportManager] Successfully created attachment [Browser Action Test Data - CloseCurrentWindow - Actual Value] @07-11-2021 18:37:35.0589 P
[ReportManager] File Action [GetAbsolutePath] successfully performed. With the following test data [Relative Folder Path: "target/downloadedFiles/"]. @07-11-2021 18:37:35.0596 PM
[ReportManager] Attempting to run remotely on: [Linux-64], [GoogleChrome], [http://localhost:4444/wd/hub], Headless Execution. @07-11-2021 18:37:35.0597 PM
[ReportManager] Successfully Opened [GoogleChrome]. @07-11-2021 18:37:35.0857 PM
[ReportManager] Target URL: [https://www.google.com/ncr], and after redirection: [https://www.google.com] @07-11-2021 18:37:35.0877 PM
[ReportManager] Initial URL: [data:,] @07-11-2021 18:37:35.0927 PM
[ReportManager] Browser Action [NavigateToURL] successfully performed. With the following test data [https://www.google.com/ncr]. @07-11-2021 18:37:36.0830 P

################################################################################################################################################
Starting Execution:	[18 out of 23] test cases in the current suite
Test Method:		[tests.gui.google.B_Search_FlatTest_SHAFT.searchForQueryAndAssertFirstResultTextIsCorrect]
################################################################################################################################################
[ReportManager] Element Action [Type] successfully performed. With the following test data [SHAFT_Engine]. @07-11-2021 18:37:37.0416 PM
[ReportManager] Element Action [KeyPress] successfully performed. With the following test data [ENTER]. @07-11-2021 18:37:38.0881 PM
[ReportManager] Element Action [GetText] successfully performed. With the following test data [SHAFT_ENGINE is a Test Automation Engine that ... - GitHub]. @07-11-2021 18:37:38.0979 PM
[ReportManager] Loaded Shared OpenCV @07-11-2021 18:37:39.0164 PM
[ReportManager] Assertion Failed: Asserting that the correct first result is displayed @07-11-2021 18:37:39.0226 PM
[ReportManager] Successfully created attachment [Screenshot - 1636310259164_searchForQueryAndAssertFirstResultTextIsCorrect_ValidateElementAttribute_failed] @07-11-2021 18:37:39.0228 PM
[ReportManager] Assertion [ValidateElementAttribute] FAILED. Expected [Value Should be 'MohabMohie' for the 'Text' attribute, element locator 'By.xpath: (//h1[contains(text(),'Search Result')]/following-sibling::div//a/h3)[1]'] and Actual [SHAFT_ENGINE is a Test Automation Engine that ... - GitHub]. Comparison Type [CONTAINS]. Validation Type [POSITIVE]. @07-11-2021 18:37:39.0228 P
[ReportManager] Browser Action [CloseCurrentWindow] successfully performed. @07-11-2021 18:37:39.0436 PM
[ReportManager] Successfully created attachment [Browser Action Test Data - CloseCurrentWindow - Actual Value] @07-11-2021 18:37:39.0439 P
[ReportManager] Successfully loaded the following test data file [src/test/resources/TestDataFiles/Google/SimpleSearch.xlsx]. @07-11-2021 18:37:39.0466 PM
[ReportManager] Successfully created attachment [Test Data - Excel] @07-11-2021 18:37:39.0466 P
[ReportManager] File Action [GetAbsolutePath] successfully performed. With the following test data [Relative Folder Path: "target/downloadedFiles/"]. @07-11-2021 18:37:39.0467 PM
[ReportManager] Attempting to run remotely on: [Linux-64], [GoogleChrome], [http://localhost:4444/wd/hub], Headless Execution. @07-11-2021 18:37:39.0468 PM
[ReportManager] Successfully Opened [GoogleChrome]. @07-11-2021 18:37:39.0700 PM
[ReportManager] Target URL: [https://www.google.com/ncr], and after redirection: [https://www.google.com] @07-11-2021 18:37:39.0713 PM
[ReportManager] Initial URL: [data:,] @07-11-2021 18:37:39.0757 PM
[ReportManager] Browser Action [NavigateToURL] successfully performed. With the following test data [https://www.google.com/ncr]. @07-11-2021 18:37:40.0688 P

################################################################################################################################################
Starting Execution:	[19 out of 23] test cases in the current suite
Test Method:		[tests.gui.google.E_Search_PageObjectModel_Traditional_SHAFTAssertions.navigateToGoogleHomeAndAssertGoogleLogoIsDisplayed]
################################################################################################################################################
[ReportManager] File Action [DoesFileExist] successfully performed. With the following test data [File Path: "src/test/resources/DynamicObjectRepository/tests_gui_google_E_Search_PageObjectModel_Traditional_SHAFTAssertions_navigateToGoogleHomeAndAssertGoogleLogoIsDisplayed_By_xpath_img_id_hplogo_or_alt_Google.png"]. @07-11-2021 18:37:40.0697 PM
[ReportManager] File Action [GetAbsolutePath] successfully performed. With the following test data [Relative Folder Path: "src/test/resources/DynamicObjectRepository/tests_gui_google_E_Search_PageObjectModel_Traditional_SHAFTAssertions_navigateToGoogleHomeAndAssertGoogleLogoIsDisplayed_By_xpath_img_id_hplogo_or_alt_Google.png"]. @07-11-2021 18:37:40.0697 PM
[ReportManager] File Action [ReadFromImageFile] successfully performed. With the following test data [File Path: "/home/runner/work/using_SHAFT_ENGINE/using_SHAFT_ENGINE/src/test/resources/DynamicObjectRepository/tests_gui_google_E_Search_PageObjectModel_Traditional_SHAFTAssertions_navigateToGoogleHomeAndAssertGoogleLogoIsDisplayed_By_xpath_img_id_hplogo_or_alt_Google.png"]. @07-11-2021 18:37:40.0698 PM
[ReportManager] File Action [DoesFileExist] successfully performed. With the following test data [File Path: "src/test/resources/DynamicObjectRepository/tests_gui_google_E_Search_PageObjectModel_Traditional_SHAFTAssertions_navigateToGoogleHomeAndAssertGoogleLogoIsDisplayed_By_xpath_img_id_hplogo_or_alt_Google.png"]. @07-11-2021 18:37:40.0865 PM
[ReportManager] File Action [DoesFileExist] successfully performed. With the following test data [File Path: "src/test/resources/DynamicObjectRepository/tests_gui_google_E_Search_PageObjectModel_Traditional_SHAFTAssertions_navigateToGoogleHomeAndAssertGoogleLogoIsDisplayed_By_xpath_img_id_hplogo_or_alt_Google.png"]. @07-11-2021 18:37:40.0865 PM
[ReportManager] Loaded Shared OpenCV @07-11-2021 18:37:40.0865 PM
[ReportManager] Successfully identified the element using AI; OpenCV. @07-11-2021 18:37:40.0867 PM
[ReportManager] Assertion Passed: Asserting that the Google logo is displayed @07-11-2021 18:37:40.0867 PM
[ReportManager] Successfully created attachment [Validation Test Data - Reference Screenshot] @07-11-2021 18:37:40.0868 PM
[ReportManager] Successfully created attachment [Validation Test Data - Actual Screenshot] @07-11-2021 18:37:40.0868 PM
[ReportManager] Assertion [ValidateElementMatches] PASSED. Expected [Element should match the reference screenshot] and Actual [TRUE]. Comparison Type [EXACT_OPENCV]. Validation Type [POSITIVE]. @07-11-2021 18:37:40.0868 P
[ReportManager] Browser Action [CloseCurrentWindow] successfully performed. @07-11-2021 18:37:41.0012 PM
[ReportManager] Successfully created attachment [Browser Action Test Data - CloseCurrentWindow - Actual Value] @07-11-2021 18:37:41.0013 P
[ReportManager] File Action [GetAbsolutePath] successfully performed. With the following test data [Relative Folder Path: "target/downloadedFiles/"]. @07-11-2021 18:37:41.0018 PM
[ReportManager] Attempting to run remotely on: [Linux-64], [GoogleChrome], [http://localhost:4444/wd/hub], Headless Execution. @07-11-2021 18:37:41.0018 PM
[ReportManager] Successfully Opened [GoogleChrome]. @07-11-2021 18:37:41.0236 PM
[ReportManager] Target URL: [https://www.google.com/ncr], and after redirection: [https://www.google.com] @07-11-2021 18:37:41.0250 PM
[ReportManager] Initial URL: [data:,] @07-11-2021 18:37:41.0304 PM
[ReportManager] Browser Action [NavigateToURL] successfully performed. With the following test data [https://www.google.com/ncr]. @07-11-2021 18:37:42.0234 P

################################################################################################################################################
Starting Execution:	[20 out of 23] test cases in the current suite
Test Method:		[tests.gui.google.E_Search_PageObjectModel_Traditional_SHAFTAssertions.navigateToGoogleHomeAndAssertPageTitle]
################################################################################################################################################
[ReportManager] Browser Action [GetCurrentWindowTitle] successfully performed. With the following test data [Google]. @07-11-2021 18:37:42.0276 PM
[ReportManager] Assertion Passed: Asserting that the page title is Google @07-11-2021 18:37:42.0372 PM
[ReportManager] Successfully created attachment [Screenshot - 1636310262340_navigateToGoogleHomeAndAssertPageTitle_ValidateBrowserAttribute_passed] @07-11-2021 18:37:42.0372 PM
[ReportManager] Assertion [ValidateBrowserAttribute] PASSED. Expected [Value Should be 'Google' for the 'Title' attribute] and Actual [Google]. Comparison Type [EQUALS]. Validation Type [POSITIVE]. @07-11-2021 18:37:42.0372 P
[ReportManager] Browser Action [CloseCurrentWindow] successfully performed. @07-11-2021 18:37:42.0502 PM
[ReportManager] Successfully created attachment [Browser Action Test Data - CloseCurrentWindow - Actual Value] @07-11-2021 18:37:42.0503 P
[ReportManager] File Action [GetAbsolutePath] successfully performed. With the following test data [Relative Folder Path: "target/downloadedFiles/"]. @07-11-2021 18:37:42.0506 PM
[ReportManager] Attempting to run remotely on: [Linux-64], [GoogleChrome], [http://localhost:4444/wd/hub], Headless Execution. @07-11-2021 18:37:42.0506 PM
[ReportManager] Successfully Opened [GoogleChrome]. @07-11-2021 18:37:42.0713 PM
[ReportManager] Target URL: [https://www.google.com/ncr], and after redirection: [https://www.google.com] @07-11-2021 18:37:42.0743 PM
[ReportManager] Initial URL: [data:,] @07-11-2021 18:37:42.0799 PM
[ReportManager] Browser Action [NavigateToURL] successfully performed. With the following test data [https://www.google.com/ncr]. @07-11-2021 18:37:43.0689 P

################################################################################################################################################
Starting Execution:	[21 out of 23] test cases in the current suite
Test Method:		[tests.gui.google.E_Search_PageObjectModel_Traditional_SHAFTAssertions.searchForQueryAndAssertFirstResultTextIsCorrect]
################################################################################################################################################
[ReportManager] Element Action [Type] successfully performed. With the following test data [SHAFT_Engine]. @07-11-2021 18:37:44.0295 PM
[ReportManager] Element Action [KeyPress] successfully performed. With the following test data [ENTER]. @07-11-2021 18:37:45.0551 PM
[ReportManager] Element Action [GetText] successfully performed. With the following test data [SHAFT_ENGINE is a Test Automation Engine that ... - GitHub]. @07-11-2021 18:37:45.0647 PM
[ReportManager] Loaded Shared OpenCV @07-11-2021 18:37:45.0834 PM
[ReportManager] Assertion Failed: Asserting that the correct first result is displayed @07-11-2021 18:37:45.0895 PM
[ReportManager] Successfully created attachment [Screenshot - 1636310265834_searchForQueryAndAssertFirstResultTextIsCorrect_ValidateElementAttribute_failed] @07-11-2021 18:37:45.0897 PM
[ReportManager] Assertion [ValidateElementAttribute] FAILED. Expected [Value Should be 'MohabMohie' for the 'Text' attribute, element locator 'By.xpath: (//h1[contains(text(),'Search Result')]/following-sibling::div//a/h3)[1]'] and Actual [SHAFT_ENGINE is a Test Automation Engine that ... - GitHub]. Comparison Type [CONTAINS]. Validation Type [POSITIVE]. @07-11-2021 18:37:45.0897 P
[ReportManager] Browser Action [CloseCurrentWindow] successfully performed. @07-11-2021 18:37:46.0117 PM
[ReportManager] Successfully created attachment [Browser Action Test Data - CloseCurrentWindow - Actual Value] @07-11-2021 18:37:46.0119 P

################################################################################################################################################
Starting Execution:	[22 out of 23] test cases in the current suite
Test Method:		[tests.cli.demo.cliTest.sampleTestCase]
################################################################################################################################################
[ReportManager] Attempting to perform the following command locally. Command: [ls] @07-11-2021 18:37:46.0133 PM
[ReportManager] Terminal Action [PerformTerminalCommands] successfully performed. With the following test data [Host Name: "localHost" | Command: "ls" | Exit Status: "0"]. @07-11-2021 18:37:46.0137 PM
[ReportManager] Successfully created attachment [Terminal Action Actual Result - Command Log] @07-11-2021 18:37:46.0137 PM
[ReportManager] Assertion Passed: Demoing local terminal actions @07-11-2021 18:37:46.0138 PM
[ReportManager] Assertion [ValidateEquals] PASSED. Expected [pom.xml] and Actual [LICENSE
README.md
allure-results
docker-compose_native.yml
docker-compose_zalenium.yml
extent-reports
pom.xml
readMeImgs
src
target]. Comparison Type [CONTAINS]. Validation Type [POSITIVE]. @07-11-2021 18:37:46.0138 P

################################################################################################################################################
Starting Execution:	[23 out of 23] test cases in the current suite
Test Method:		[tests.api.users.UserData.validateUserEmail]
################################################################################################################################################
[ReportManager] Response status code: [200], status line: [HTTP/1.1 200 OK] @07-11-2021 18:37:47.0985 PM
[ReportManager] Assertion Passed: Evaluating the actual response status code against the expected one... @07-11-2021 18:37:47.0986 PM
[ReportManager] Assertion [ValidateEquals] PASSED. Expected [200] and Actual [200]. Comparison Type [EQUALS]. Validation Type [POSITIVE]. @07-11-2021 18:37:47.0986 PM
[ReportManager] API Action [PerformRequest] successfully performed. With the following test data [Request Type: "GET" | Target Status Code: "200" | Service URL: "https://jsonplaceholder.typicode.com/users" | Content Type: "*/*" | Response Time: "589ms"]. @07-11-2021 18:37:48.0850 PM
[ReportManager] Successfully created attachment [API Request - Specifications] @07-11-2021 18:37:48.0850 PM
[ReportManager] Successfully created attachment [API Response - JSON Body] @07-11-2021 18:37:49.0067 PM
[ReportManager] Assertion [ValidateEquals] PASSED. Expected and Actual values are attached. Comparison Type [CONTAINS]. Validation Type [POSITIVE]. @07-11-2021 18:37:49.0068 PM
[ReportManager] Successfully created attachment [Validation Test Data - Expected Value] @07-11-2021 18:37:49.0068 PM
[ReportManager] Successfully created attachment [Validation Test Data - Actual Value] @07-11-2021 18:37:49.0069 PM
[ReportManager] API Action [GetResponseJSONValueAsList] successfully performed. With the following test data [$]. @07-11-2021 18:37:49.0076 PM
[ReportManager] API Action [GetResponseJSONValue] successfully performed. With the following test data [name]. @07-11-2021 18:37:49.0106 PM
[ReportManager] API Action [GetResponseJSONValue] successfully performed. With the following test data [email]. @07-11-2021 18:37:49.0117 PM
[ReportManager] Assertion [ValidateEquals] PASSED. Expected [Sincere@april.biz] and Actual [Sincere@april.biz]. Comparison Type [EQUALS]. Validation Type [POSITIVE]. @07-11-2021 18:37:49.0117 PM
[ReportManager] API Action [GetResponseJSONValue] successfully performed. With the following test data [name]. @07-11-2021 18:37:49.0128 PM
[ReportManager] API Action [GetResponseJSONValue] successfully performed. With the following test data [name]. @07-11-2021 18:37:49.0138 PM
[ReportManager] API Action [GetResponseJSONValue] successfully performed. With the following test data [name]. @07-11-2021 18:37:49.0148 PM
[ReportManager] API Action [GetResponseJSONValue] successfully performed. With the following test data [name]. @07-11-2021 18:37:49.0158 PM
[ReportManager] API Action [GetResponseJSONValue] successfully performed. With the following test data [name]. @07-11-2021 18:37:49.0167 PM
[ReportManager] API Action [GetResponseJSONValue] successfully performed. With the following test data [name]. @07-11-2021 18:37:49.0176 PM
[ReportManager] API Action [GetResponseJSONValue] successfully performed. With the following test data [name]. @07-11-2021 18:37:49.0185 PM
[ReportManager] API Action [GetResponseJSONValue] successfully performed. With the following test data [name]. @07-11-2021 18:37:49.0193 PM
[ReportManager] API Action [GetResponseJSONValue] successfully performed. With the following test data [name]. @07-11-2021 18:37:49.0202 P

################################################################################################################################################
Test Closure Activities
################################################################################################################################################
[ReportManager] Successfully created attachment [SHAFT Engine Logs - Execution log] @07-11-2021 18:37:49.0222 PM

################################################################################################################################################
This test run was powered by SHAFT Engine Version: [SHAFT Engine v5.3.20210902]
SHAFT Engine is licensed under the MIT License: [https://github.com/MohabMohie/SHAFT_ENGINE/blob/master/LICENSE].
################################################################################################################################################