################################################################################################################################################
Detected SHAFT Engine Version: [SHAFT Engine v5.3.20210519]
################################################################################################################################################

################################################################################################################################################
Starting Execution:	[1 out of 23] test cases in the current suite
Test Method:		[tests.api.users.UserData.validateUserEmail]
################################################################################################################################################
[ReportManager] Response status code: [200], status line: [HTTP/1.1 200 OK] @24-08-2021 06:38:24.0860 AM
[ReportManager] Assertion Passed: Evaluating the actual response status code against the expected one... @24-08-2021 06:38:24.0872 AM
[ReportManager] Assertion [ValidateEquals] PASSED. Expected [200] and Actual [200]. Comparison Type [EQUALS]. Validation Type [POSITIVE]. @24-08-2021 06:38:24.0877 AM
[ReportManager] API Action [PerformRequest] successfully performed. With the following test data [Request Type: "GET" | Target Status Code: "200" | Service URL: "https://jsonplaceholder.typicode.com/users" | Content Type: "*/*" | Response Time: "1002ms"]. @24-08-2021 06:38:25.0975 AM
[ReportManager] Successfully created attachment [API Response - JSON Body] @24-08-2021 06:38:26.0260 AM
[ReportManager] Assertion [ValidateEquals] PASSED. Expected and Actual values are attached. Comparison Type [CONTAINS]. Validation Type [POSITIVE]. @24-08-2021 06:38:26.0263 AM
[ReportManager] Successfully created attachment [Validation Test Data - Expected Value] @24-08-2021 06:38:26.0267 AM
[ReportManager] Successfully created attachment [Validation Test Data - Actual Value] @24-08-2021 06:38:26.0268 AM
[ReportManager] API Action [GetResponseJSONValueAsList] successfully performed. With the following test data [$]. @24-08-2021 06:38:26.0286 AM
[ReportManager] API Action [GetResponseJSONValue] successfully performed. With the following test data [name]. @24-08-2021 06:38:26.0308 AM
[ReportManager] API Action [GetResponseJSONValue] successfully performed. With the following test data [email]. @24-08-2021 06:38:26.0319 AM
[ReportManager] Assertion [ValidateEquals] PASSED. Expected [Sincere@april.biz] and Actual [Sincere@april.biz]. Comparison Type [EQUALS]. Validation Type [POSITIVE]. @24-08-2021 06:38:26.0319 AM
[ReportManager] API Action [GetResponseJSONValue] successfully performed. With the following test data [name]. @24-08-2021 06:38:26.0330 AM
[ReportManager] API Action [GetResponseJSONValue] successfully performed. With the following test data [name]. @24-08-2021 06:38:26.0342 AM
[ReportManager] API Action [GetResponseJSONValue] successfully performed. With the following test data [name]. @24-08-2021 06:38:26.0360 AM
[ReportManager] API Action [GetResponseJSONValue] successfully performed. With the following test data [name]. @24-08-2021 06:38:26.0374 AM
[ReportManager] API Action [GetResponseJSONValue] successfully performed. With the following test data [name]. @24-08-2021 06:38:26.0385 AM
[ReportManager] API Action [GetResponseJSONValue] successfully performed. With the following test data [name]. @24-08-2021 06:38:26.0395 AM
[ReportManager] API Action [GetResponseJSONValue] successfully performed. With the following test data [name]. @24-08-2021 06:38:26.0413 AM
[ReportManager] API Action [GetResponseJSONValue] successfully performed. With the following test data [name]. @24-08-2021 06:38:26.0432 AM
[ReportManager] API Action [GetResponseJSONValue] successfully performed. With the following test data [name]. @24-08-2021 06:38:26.0448 A

################################################################################################################################################
Starting Execution:	[2 out of 23] test cases in the current suite
Test Method:		[tests.cli.demo.cliTest.sampleTestCase]
################################################################################################################################################
[ReportManager] Attempting to perform the following command locally. Command: [ls] @24-08-2021 06:38:26.0569 AM
[ReportManager] Terminal Action [PerformTerminalCommands] successfully performed. With the following test data [Host Name: "localHost" | Command: "ls" | Exit Status: "0"]. @24-08-2021 06:38:26.0586 AM
[ReportManager] Successfully created attachment [Terminal Action Actual Result - Command Log] @24-08-2021 06:38:26.0587 AM
[ReportManager] Assertion Passed: Demoing local terminal actions @24-08-2021 06:38:26.0587 AM
[ReportManager] Assertion [ValidateEquals] PASSED. Expected [pom.xml] and Actual [LICENSE
README.md
allure-results
docker-compose_native.yml
docker-compose_zalenium.yml
extent-reports
pom.xml
src
target]. Comparison Type [CONTAINS]. Validation Type [POSITIVE]. @24-08-2021 06:38:26.0587 A
[ReportManager] Successfully loaded the following test data file [src/test/resources/TestDataFiles/Google/SimpleSearch.xlsx]. @24-08-2021 06:38:27.0350 AM
[ReportManager] Successfully created attachment [Test Data - Excel] @24-08-2021 06:38:27.0351 A
[ReportManager] File Action [GetAbsolutePath] successfully performed. With the following test data [Relative Folder Path: "target/downloadedFiles/"]. @24-08-2021 06:38:27.0358 AM
[ReportManager] Attempting to run remotely on: [Linux-64], [GoogleChrome], [http://localhost:4444/wd/hub], Headless Execution. @24-08-2021 06:38:27.0382 AM
[ReportManager] Successfully Opened [GoogleChrome]. @24-08-2021 06:38:28.0653 AM
[ReportManager] Target URL: [https://www.google.com/ncr], and after redirection: [https://www.google.com] @24-08-2021 06:38:28.0708 AM
[ReportManager] Initial URL: [data:,] @24-08-2021 06:38:28.0830 AM
[ReportManager] Browser Action [NavigateToURL] successfully performed. With the following test data [https://www.google.com/ncr]. @24-08-2021 06:38:30.0242 A

################################################################################################################################################
Starting Execution:	[3 out of 23] test cases in the current suite
Test Method:		[tests.gui.google.F_Search_PageObjectModel_Fluent.navigateToGoogleHomeAndAssertGoogleLogoIsDisplayed]
################################################################################################################################################
[ReportManager] File Action [DoesFileExist] successfully performed. With the following test data [File Path: "src/test/resources/DynamicObjectRepository/tests_gui_google_F_Search_PageObjectModel_Fluent_navigateToGoogleHomeAndAssertGoogleLogoIsDisplayed_By_xpath_img_id_hplogo_or_alt_Google.png"]. @24-08-2021 06:38:30.0265 AM
[ReportManager] File Action [GetAbsolutePath] successfully performed. With the following test data [Relative Folder Path: "src/test/resources/DynamicObjectRepository/tests_gui_google_F_Search_PageObjectModel_Fluent_navigateToGoogleHomeAndAssertGoogleLogoIsDisplayed_By_xpath_img_id_hplogo_or_alt_Google.png"]. @24-08-2021 06:38:30.0265 AM
[ReportManager] File Action [ReadFromImageFile] successfully performed. With the following test data [File Path: "/home/runner/work/using_SHAFT_ENGINE/using_SHAFT_ENGINE/src/test/resources/DynamicObjectRepository/tests_gui_google_F_Search_PageObjectModel_Fluent_navigateToGoogleHomeAndAssertGoogleLogoIsDisplayed_By_xpath_img_id_hplogo_or_alt_Google.png"]. @24-08-2021 06:38:30.0266 AM
[ReportManager] Assertion Failed: Asserting that the Google logo is displayed @24-08-2021 06:38:56.0364 AM
[ReportManager] Successfully created attachment [Validation Test Data - Reference Screenshot] @24-08-2021 06:38:56.0369 AM
[ReportManager] Successfully created attachment [Validation Test Data - Actual Screenshot] @24-08-2021 06:38:56.0369 AM
[ReportManager] Assertion [ValidateElementMatches] FAILED. Expected [Element should match the reference screenshot] and Actual [ELEMENT NOT FOUND]. Comparison Type [EXACT_OPENCV]. Validation Type [POSITIVE]. @24-08-2021 06:38:56.0369 A
[ReportManager] Successfully created attachment [Selenium WebDriver Logs - server] @24-08-2021 06:38:56.0780 AM
[ReportManager] Successfully created attachment [Selenium WebDriver Logs - performance] @24-08-2021 06:38:56.0910 AM
[ReportManager] Successfully created attachment [Selenium WebDriver Logs - browser] @24-08-2021 06:38:56.0933 AM
[ReportManager] Successfully created attachment [Selenium WebDriver Logs - driver] @24-08-2021 06:38:57.0107 AM
[ReportManager] Browser Action [CloseCurrentWindow] successfully performed. @24-08-2021 06:38:57.0168 AM
[ReportManager] Successfully created attachment [Browser Action Test Data - CloseCurrentWindow - Actual Value] @24-08-2021 06:38:57.0174 A
[ReportManager] File Action [GetAbsolutePath] successfully performed. With the following test data [Relative Folder Path: "target/downloadedFiles/"]. @24-08-2021 06:38:57.0185 AM
[ReportManager] Attempting to run remotely on: [Linux-64], [GoogleChrome], [http://localhost:4444/wd/hub], Headless Execution. @24-08-2021 06:38:57.0185 AM
[ReportManager] Successfully Opened [GoogleChrome]. @24-08-2021 06:38:57.0855 AM
[ReportManager] Target URL: [https://www.google.com/ncr], and after redirection: [https://www.google.com] @24-08-2021 06:38:57.0897 AM
[ReportManager] Initial URL: [data:,] @24-08-2021 06:38:57.0982 AM
[ReportManager] Browser Action [NavigateToURL] successfully performed. With the following test data [https://www.google.com/ncr]. @24-08-2021 06:38:59.0187 A

################################################################################################################################################
Starting Execution:	[4 out of 23] test cases in the current suite
Test Method:		[tests.gui.google.F_Search_PageObjectModel_Fluent.navigateToGoogleHomeAndAssertPageTitle]
################################################################################################################################################
[ReportManager] Browser Action [GetCurrentWindowTitle] successfully performed. With the following test data [Google]. @24-08-2021 06:38:59.0241 AM
[ReportManager] Assertion Passed: Asserting that the page title is Google @24-08-2021 06:38:59.0453 AM
[ReportManager] Successfully created attachment [Screenshot - 1629787139350_navigateToGoogleHomeAndAssertPageTitle_ValidateBrowserAttribute_passed] @24-08-2021 06:38:59.0460 AM
[ReportManager] Assertion [ValidateBrowserAttribute] PASSED. Expected [Value Should be 'Google' for the 'Title' attribute] and Actual [Google]. Comparison Type [EQUALS]. Validation Type [POSITIVE]. @24-08-2021 06:38:59.0460 A
[ReportManager] Successfully created attachment [Selenium WebDriver Logs - server] @24-08-2021 06:38:59.0615 AM
[ReportManager] Successfully created attachment [Selenium WebDriver Logs - performance] @24-08-2021 06:38:59.0732 AM
[ReportManager] Successfully created attachment [Selenium WebDriver Logs - browser] @24-08-2021 06:38:59.0750 AM
[ReportManager] Successfully created attachment [Selenium WebDriver Logs - driver] @24-08-2021 06:38:59.0912 AM
[ReportManager] Browser Action [CloseCurrentWindow] successfully performed. @24-08-2021 06:38:59.0975 AM
[ReportManager] Successfully created attachment [Browser Action Test Data - CloseCurrentWindow - Actual Value] @24-08-2021 06:38:59.0976 A
[ReportManager] File Action [GetAbsolutePath] successfully performed. With the following test data [Relative Folder Path: "target/downloadedFiles/"]. @24-08-2021 06:38:59.0985 AM
[ReportManager] Attempting to run remotely on: [Linux-64], [GoogleChrome], [http://localhost:4444/wd/hub], Headless Execution. @24-08-2021 06:38:59.0986 AM
[ReportManager] Successfully Opened [GoogleChrome]. @24-08-2021 06:39:00.0640 AM
[ReportManager] Target URL: [https://www.google.com/ncr], and after redirection: [https://www.google.com] @24-08-2021 06:39:00.0682 AM
[ReportManager] Initial URL: [data:,] @24-08-2021 06:39:00.0756 AM
[ReportManager] Browser Action [NavigateToURL] successfully performed. With the following test data [https://www.google.com/ncr]. @24-08-2021 06:39:01.0989 A

################################################################################################################################################
Starting Execution:	[5 out of 23] test cases in the current suite
Test Method:		[tests.gui.google.F_Search_PageObjectModel_Fluent.searchForQueryAndAssertFirstResultTextIsCorrect]
################################################################################################################################################
[ReportManager] Element Action [Type] successfully performed. With the following test data [SHAFT_Engine]. @24-08-2021 06:39:02.0900 AM
[ReportManager] Element Action [KeyPress] successfully performed. With the following test data [ENTER]. @24-08-2021 06:39:04.0528 AM
[ReportManager] Element Action [GetText] successfully performed. With the following test data [SHAFT_ENGINE is a Test Automation Engine that ... - GitHub]. @24-08-2021 06:39:04.0652 AM
[ReportManager] Loaded Shared OpenCV @24-08-2021 06:39:05.0386 AM
[ReportManager] Assertion Failed: Asserting that the correct first result is displayed @24-08-2021 06:39:05.0525 AM
[ReportManager] Successfully created attachment [Screenshot - 1629787144882_searchForQueryAndAssertFirstResultTextIsCorrect_ValidateElementAttribute_failed] @24-08-2021 06:39:05.0535 AM
[ReportManager] Assertion [ValidateElementAttribute] FAILED. Expected [Value Should be 'MohabMohie' for the 'Text' attribute, element locator 'By.xpath: (//h1[contains(text(),'Search Result')]/following-sibling::div//a/h3)[1]'] and Actual [SHAFT_ENGINE is a Test Automation Engine that ... - GitHub]. Comparison Type [CONTAINS]. Validation Type [POSITIVE]. @24-08-2021 06:39:05.0535 A
[ReportManager] Successfully created attachment [Selenium WebDriver Logs - server] @24-08-2021 06:39:05.0832 AM
[ReportManager] Successfully created attachment [Selenium WebDriver Logs - performance] @24-08-2021 06:39:06.0144 AM
[ReportManager] Successfully created attachment [Selenium WebDriver Logs - browser] @24-08-2021 06:39:06.0161 AM
[ReportManager] Successfully created attachment [Selenium WebDriver Logs - driver] @24-08-2021 06:39:06.0520 AM
[ReportManager] Browser Action [CloseCurrentWindow] successfully performed. @24-08-2021 06:39:06.0592 AM
[ReportManager] Successfully created attachment [Browser Action Test Data - CloseCurrentWindow - Actual Value] @24-08-2021 06:39:06.0596 A
[ReportManager] Successfully loaded the following test data file [src/test/resources/TestDataFiles/Google/SimpleSearch.xlsx]. @24-08-2021 06:39:06.0689 AM
[ReportManager] Successfully created attachment [Test Data - Excel] @24-08-2021 06:39:06.0690 A
[ReportManager] File Action [GetAbsolutePath] successfully performed. With the following test data [Relative Folder Path: "target/downloadedFiles/"]. @24-08-2021 06:39:06.0691 AM
[ReportManager] Attempting to run remotely on: [Linux-64], [GoogleChrome], [http://localhost:4444/wd/hub], Headless Execution. @24-08-2021 06:39:06.0692 AM
[ReportManager] Successfully Opened [GoogleChrome]. @24-08-2021 06:39:07.0414 AM
[ReportManager] Target URL: [https://www.google.com/ncr], and after redirection: [https://www.google.com] @24-08-2021 06:39:07.0443 AM
[ReportManager] Initial URL: [data:,] @24-08-2021 06:39:07.0523 AM
[ReportManager] Browser Action [NavigateToURL] successfully performed. With the following test data [https://www.google.com/ncr]. @24-08-2021 06:39:08.0741 A

################################################################################################################################################
Starting Execution:	[6 out of 23] test cases in the current suite
Test Method:		[tests.gui.google.G_Search_PageObjectModel_ThreadSafe.navigateToGoogleHomeAndAssertGoogleLogoIsDisplayed]
################################################################################################################################################
[ReportManager] File Action [DoesFileExist] successfully performed. With the following test data [File Path: "src/test/resources/DynamicObjectRepository/tests_gui_google_G_Search_PageObjectModel_ThreadSafe_navigateToGoogleHomeAndAssertGoogleLogoIsDisplayed_By_xpath_img_id_hplogo_or_alt_Google.png"]. @24-08-2021 06:39:08.0744 AM
[ReportManager] File Action [GetAbsolutePath] successfully performed. With the following test data [Relative Folder Path: "src/test/resources/DynamicObjectRepository/tests_gui_google_G_Search_PageObjectModel_ThreadSafe_navigateToGoogleHomeAndAssertGoogleLogoIsDisplayed_By_xpath_img_id_hplogo_or_alt_Google.png"]. @24-08-2021 06:39:08.0744 AM
[ReportManager] File Action [ReadFromImageFile] successfully performed. With the following test data [File Path: "/home/runner/work/using_SHAFT_ENGINE/using_SHAFT_ENGINE/src/test/resources/DynamicObjectRepository/tests_gui_google_G_Search_PageObjectModel_ThreadSafe_navigateToGoogleHomeAndAssertGoogleLogoIsDisplayed_By_xpath_img_id_hplogo_or_alt_Google.png"]. @24-08-2021 06:39:08.0744 AM
[ReportManager] Assertion Failed: Asserting that the Google logo is displayed @24-08-2021 06:39:34.0619 AM
[ReportManager] Successfully created attachment [Validation Test Data - Reference Screenshot] @24-08-2021 06:39:34.0620 AM
[ReportManager] Successfully created attachment [Validation Test Data - Actual Screenshot] @24-08-2021 06:39:34.0620 AM
[ReportManager] Assertion [ValidateElementMatches] FAILED. Expected [Element should match the reference screenshot] and Actual [ELEMENT NOT FOUND]. Comparison Type [EXACT_OPENCV]. Validation Type [POSITIVE]. @24-08-2021 06:39:34.0620 A
[ReportManager] Successfully created attachment [Selenium WebDriver Logs - server] @24-08-2021 06:39:34.0775 AM
[ReportManager] Successfully created attachment [Selenium WebDriver Logs - performance] @24-08-2021 06:39:34.0832 AM
[ReportManager] Successfully created attachment [Selenium WebDriver Logs - browser] @24-08-2021 06:39:34.0847 AM
[ReportManager] Successfully created attachment [Selenium WebDriver Logs - driver] @24-08-2021 06:39:34.0963 AM
[ReportManager] Browser Action [CloseCurrentWindow] successfully performed. @24-08-2021 06:39:35.0023 AM
[ReportManager] Successfully created attachment [Browser Action Test Data - CloseCurrentWindow - Actual Value] @24-08-2021 06:39:35.0024 A
[ReportManager] File Action [GetAbsolutePath] successfully performed. With the following test data [Relative Folder Path: "target/downloadedFiles/"]. @24-08-2021 06:39:35.0031 AM
[ReportManager] Attempting to run remotely on: [Linux-64], [GoogleChrome], [http://localhost:4444/wd/hub], Headless Execution. @24-08-2021 06:39:35.0031 AM
[ReportManager] Successfully Opened [GoogleChrome]. @24-08-2021 06:39:35.0334 AM
[ReportManager] Target URL: [https://www.google.com/ncr], and after redirection: [https://www.google.com] @24-08-2021 06:39:35.0354 AM
[ReportManager] Initial URL: [data:,] @24-08-2021 06:39:35.0445 AM
[ReportManager] Browser Action [NavigateToURL] successfully performed. With the following test data [https://www.google.com/ncr]. @24-08-2021 06:39:36.0612 A

################################################################################################################################################
Starting Execution:	[7 out of 23] test cases in the current suite
Test Method:		[tests.gui.google.G_Search_PageObjectModel_ThreadSafe.navigateToGoogleHomeAndAssertPageTitle]
################################################################################################################################################
[ReportManager] Browser Action [GetCurrentWindowTitle] successfully performed. With the following test data [Google]. @24-08-2021 06:39:36.0683 AM
[ReportManager] Assertion Passed: Asserting that the page title is Google @24-08-2021 06:39:36.0823 AM
[ReportManager] Successfully created attachment [Screenshot - 1629787176778_navigateToGoogleHomeAndAssertPageTitle_ValidateBrowserAttribute_passed] @24-08-2021 06:39:36.0824 AM
[ReportManager] Assertion [ValidateBrowserAttribute] PASSED. Expected [Value Should be 'Google' for the 'Title' attribute] and Actual [Google]. Comparison Type [EQUALS]. Validation Type [POSITIVE]. @24-08-2021 06:39:36.0824 A
[ReportManager] Successfully created attachment [Selenium WebDriver Logs - server] @24-08-2021 06:39:36.0947 AM
[ReportManager] Successfully created attachment [Selenium WebDriver Logs - performance] @24-08-2021 06:39:36.0994 AM
[ReportManager] Successfully created attachment [Selenium WebDriver Logs - browser] @24-08-2021 06:39:37.0009 AM
[ReportManager] Successfully created attachment [Selenium WebDriver Logs - driver] @24-08-2021 06:39:37.0101 AM
[ReportManager] Browser Action [CloseCurrentWindow] successfully performed. @24-08-2021 06:39:37.0161 AM
[ReportManager] Successfully created attachment [Browser Action Test Data - CloseCurrentWindow - Actual Value] @24-08-2021 06:39:37.0162 A
[ReportManager] File Action [GetAbsolutePath] successfully performed. With the following test data [Relative Folder Path: "target/downloadedFiles/"]. @24-08-2021 06:39:37.0167 AM
[ReportManager] Attempting to run remotely on: [Linux-64], [GoogleChrome], [http://localhost:4444/wd/hub], Headless Execution. @24-08-2021 06:39:37.0167 AM
[ReportManager] Successfully Opened [GoogleChrome]. @24-08-2021 06:39:37.0425 AM
[ReportManager] Target URL: [https://www.google.com/ncr], and after redirection: [https://www.google.com] @24-08-2021 06:39:37.0457 AM
[ReportManager] Initial URL: [data:,] @24-08-2021 06:39:37.0527 AM
[ReportManager] Browser Action [NavigateToURL] successfully performed. With the following test data [https://www.google.com/ncr]. @24-08-2021 06:39:38.0732 A

################################################################################################################################################
Starting Execution:	[8 out of 23] test cases in the current suite
Test Method:		[tests.gui.google.G_Search_PageObjectModel_ThreadSafe.searchForQueryAndAssertFirstResultTextIsCorrect]
################################################################################################################################################
[ReportManager] Element Action [Type] successfully performed. With the following test data [SHAFT_Engine]. @24-08-2021 06:39:39.0563 AM
[ReportManager] Element Action [KeyPress] successfully performed. With the following test data [ENTER]. @24-08-2021 06:39:40.0615 AM
[ReportManager] Element Action [GetText] successfully performed. With the following test data [SHAFT_ENGINE is a Test Automation Engine that ... - GitHub]. @24-08-2021 06:39:40.0956 AM
[ReportManager] Loaded Shared OpenCV @24-08-2021 06:39:41.0380 AM
[ReportManager] Assertion Failed: Asserting that the correct first result is displayed @24-08-2021 06:39:41.0478 AM
[ReportManager] Successfully created attachment [Screenshot - 1629787181380_searchForQueryAndAssertFirstResultTextIsCorrect_ValidateElementAttribute_failed] @24-08-2021 06:39:41.0481 AM
[ReportManager] Assertion [ValidateElementAttribute] FAILED. Expected [Value Should be 'MohabMohie' for the 'Text' attribute, element locator 'By.xpath: (//h1[contains(text(),'Search Result')]/following-sibling::div//a/h3)[1]'] and Actual [SHAFT_ENGINE is a Test Automation Engine that ... - GitHub]. Comparison Type [CONTAINS]. Validation Type [POSITIVE]. @24-08-2021 06:39:41.0481 A
[ReportManager] Successfully created attachment [Selenium WebDriver Logs - server] @24-08-2021 06:39:41.0723 AM
[ReportManager] Successfully created attachment [Selenium WebDriver Logs - performance] @24-08-2021 06:39:41.0964 AM
[ReportManager] Successfully created attachment [Selenium WebDriver Logs - browser] @24-08-2021 06:39:41.0975 AM
[ReportManager] Successfully created attachment [Selenium WebDriver Logs - driver] @24-08-2021 06:39:42.0314 AM
[ReportManager] Browser Action [CloseCurrentWindow] successfully performed. @24-08-2021 06:39:42.0397 AM
[ReportManager] Successfully created attachment [Browser Action Test Data - CloseCurrentWindow - Actual Value] @24-08-2021 06:39:42.0401 A



################################################################################################################################################
Starting Execution:	[9 out of 23] test cases in the current suite
Test Method:		[tests.gui.google.A_Search_FlatTest_NativeSeleniumWebDriver.navigateToGoogleHomeAndAssertGoogleLogoIsDisplayed]
###############################################################################################################################################



################################################################################################################################################
Starting Execution:	[10 out of 23] test cases in the current suite
Test Method:		[tests.gui.google.A_Search_FlatTest_NativeSeleniumWebDriver.navigateToGoogleHomeAndAssertPageTitle]
###############################################################################################################################################



################################################################################################################################################
Starting Execution:	[11 out of 23] test cases in the current suite
Test Method:		[tests.gui.google.A_Search_FlatTest_NativeSeleniumWebDriver.searchForQueryAndAssertFirstResultTextIsCorrect]
###############################################################################################################################################

[ReportManager] File Action [GetAbsolutePath] successfully performed. With the following test data [Relative Folder Path: "target/downloadedFiles/"]. @24-08-2021 06:39:44.0577 AM
[ReportManager] Attempting to run remotely on: [Linux-64], [GoogleChrome], [http://localhost:4444/wd/hub], Headless Execution. @24-08-2021 06:39:44.0578 AM
[ReportManager] Successfully Opened [GoogleChrome]. @24-08-2021 06:39:44.0911 AM
[ReportManager] Target URL: [https://www.google.com/ncr], and after redirection: [https://www.google.com] @24-08-2021 06:39:44.0937 AM
[ReportManager] Initial URL: [data:,] @24-08-2021 06:39:45.0013 AM
[ReportManager] Browser Action [NavigateToURL] successfully performed. With the following test data [https://www.google.com/ncr]. @24-08-2021 06:39:46.0273 A

################################################################################################################################################
Starting Execution:	[12 out of 23] test cases in the current suite
Test Method:		[tests.gui.google.C_Search_PageObjectModel_Traditional.navigateToGoogleHomeAndAssertGoogleLogoIsDisplayed]
################################################################################################################################################
[ReportManager] Element Action [IdentifyUniqueElement] failed. With the following test data [zero elements found matching this locator "By.xpath: //img[@id='hplogo' or @alt='Google']".]. @24-08-2021 06:40:11.0803 A
[ReportManager] Successfully created attachment [Selenium WebDriver Logs - server] @24-08-2021 06:40:11.0925 AM
[ReportManager] Successfully created attachment [Selenium WebDriver Logs - performance] @24-08-2021 06:40:11.0978 AM
[ReportManager] Successfully created attachment [Selenium WebDriver Logs - browser] @24-08-2021 06:40:11.0991 AM
[ReportManager] Successfully created attachment [Selenium WebDriver Logs - driver] @24-08-2021 06:40:12.0096 AM
[ReportManager] Browser Action [CloseCurrentWindow] successfully performed. @24-08-2021 06:40:12.0155 AM
[ReportManager] Successfully created attachment [Browser Action Test Data - CloseCurrentWindow - Actual Value] @24-08-2021 06:40:12.0157 A
[ReportManager] File Action [GetAbsolutePath] successfully performed. With the following test data [Relative Folder Path: "target/downloadedFiles/"]. @24-08-2021 06:40:12.0162 AM
[ReportManager] Attempting to run remotely on: [Linux-64], [GoogleChrome], [http://localhost:4444/wd/hub], Headless Execution. @24-08-2021 06:40:12.0162 AM
[ReportManager] Successfully Opened [GoogleChrome]. @24-08-2021 06:40:12.0435 AM
[ReportManager] Target URL: [https://www.google.com/ncr], and after redirection: [https://www.google.com] @24-08-2021 06:40:12.0461 AM
[ReportManager] Initial URL: [data:,] @24-08-2021 06:40:12.0513 AM
[ReportManager] Browser Action [NavigateToURL] successfully performed. With the following test data [https://www.google.com/ncr]. @24-08-2021 06:40:13.0635 A

################################################################################################################################################
Starting Execution:	[13 out of 23] test cases in the current suite
Test Method:		[tests.gui.google.C_Search_PageObjectModel_Traditional.navigateToGoogleHomeAndAssertPageTitle]
################################################################################################################################################
[ReportManager] Browser Action [GetCurrentWindowTitle] successfully performed. With the following test data [Google]. @24-08-2021 06:40:13.0684 AM
[ReportManager] Assertion Passed: Asserting that the page title is Google @24-08-2021 06:40:13.0685 AM
[ReportManager] Assertion [ValidateEquals] PASSED. Expected [Google] and Actual [Google]. Comparison Type [EQUALS]. Validation Type [POSITIVE]. @24-08-2021 06:40:13.0685 A
[ReportManager] Successfully created attachment [Selenium WebDriver Logs - server] @24-08-2021 06:40:13.0799 AM
[ReportManager] Successfully created attachment [Selenium WebDriver Logs - performance] @24-08-2021 06:40:13.0846 AM
[ReportManager] Successfully created attachment [Selenium WebDriver Logs - browser] @24-08-2021 06:40:13.0855 AM
[ReportManager] Successfully created attachment [Selenium WebDriver Logs - driver] @24-08-2021 06:40:13.0961 AM
[ReportManager] Browser Action [CloseCurrentWindow] successfully performed. @24-08-2021 06:40:14.0024 AM
[ReportManager] Successfully created attachment [Browser Action Test Data - CloseCurrentWindow - Actual Value] @24-08-2021 06:40:14.0032 A
[ReportManager] File Action [GetAbsolutePath] successfully performed. With the following test data [Relative Folder Path: "target/downloadedFiles/"]. @24-08-2021 06:40:14.0035 AM
[ReportManager] Attempting to run remotely on: [Linux-64], [GoogleChrome], [http://localhost:4444/wd/hub], Headless Execution. @24-08-2021 06:40:14.0035 AM
[ReportManager] Successfully Opened [GoogleChrome]. @24-08-2021 06:40:14.0313 AM
[ReportManager] Target URL: [https://www.google.com/ncr], and after redirection: [https://www.google.com] @24-08-2021 06:40:14.0332 AM
[ReportManager] Initial URL: [data:,] @24-08-2021 06:40:14.0421 AM
[ReportManager] Browser Action [NavigateToURL] successfully performed. With the following test data [https://www.google.com/ncr]. @24-08-2021 06:40:15.0530 A

################################################################################################################################################
Starting Execution:	[14 out of 23] test cases in the current suite
Test Method:		[tests.gui.google.C_Search_PageObjectModel_Traditional.searchForQueryAndAssertFirstResultTextIsCorrect]
################################################################################################################################################
[ReportManager] Element Action [Type] successfully performed. With the following test data [SHAFT_Engine]. @24-08-2021 06:40:16.0329 AM
[ReportManager] Element Action [KeyPress] successfully performed. With the following test data [ENTER]. @24-08-2021 06:40:17.0300 AM
[ReportManager] Element Action [GetText] successfully performed. With the following test data [SHAFT_ENGINE is a Test Automation Engine that ... - GitHub]. @24-08-2021 06:40:17.0570 AM
[ReportManager] Assertion Failed: Asserting that the correct first result is displayed @24-08-2021 06:40:17.0571 AM
[ReportManager] Assertion [ValidateEquals] FAILED. Expected [MohabMohie] and Actual [SHAFT_ENGINE is a Test Automation Engine that ... - GitHub]. Comparison Type [CONTAINS]. Validation Type [POSITIVE]. @24-08-2021 06:40:17.0571 A
[ReportManager] Successfully created attachment [Selenium WebDriver Logs - server] @24-08-2021 06:40:17.0989 AM
[ReportManager] Successfully created attachment [Selenium WebDriver Logs - performance] @24-08-2021 06:40:18.0239 AM
[ReportManager] Successfully created attachment [Selenium WebDriver Logs - browser] @24-08-2021 06:40:18.0248 AM
[ReportManager] Successfully created attachment [Selenium WebDriver Logs - driver] @24-08-2021 06:40:18.0535 AM
[ReportManager] Browser Action [CloseCurrentWindow] successfully performed. @24-08-2021 06:40:18.0601 AM
[ReportManager] Successfully created attachment [Browser Action Test Data - CloseCurrentWindow - Actual Value] @24-08-2021 06:40:18.0606 A
[ReportManager] Successfully loaded the following test data file [src/test/resources/TestDataFiles/Google/SimpleSearch.xlsx]. @24-08-2021 06:40:18.0643 AM
[ReportManager] Successfully created attachment [Test Data - Excel] @24-08-2021 06:40:18.0644 A
[ReportManager] File Action [GetAbsolutePath] successfully performed. With the following test data [Relative Folder Path: "target/downloadedFiles/"]. @24-08-2021 06:40:18.0645 AM
[ReportManager] Attempting to run remotely on: [Linux-64], [GoogleChrome], [http://localhost:4444/wd/hub], Headless Execution. @24-08-2021 06:40:18.0645 AM
[ReportManager] Successfully Opened [GoogleChrome]. @24-08-2021 06:40:18.0898 AM
[ReportManager] Target URL: [https://www.google.com/ncr], and after redirection: [https://www.google.com] @24-08-2021 06:40:18.0913 AM
[ReportManager] Initial URL: [data:,] @24-08-2021 06:40:18.0965 AM
[ReportManager] Browser Action [NavigateToURL] successfully performed. With the following test data [https://www.google.com/ncr]. @24-08-2021 06:40:20.0094 A

################################################################################################################################################
Starting Execution:	[15 out of 23] test cases in the current suite
Test Method:		[tests.gui.google.D_Search_PageObjectModel_Traditional_DataDriven.navigateToGoogleHomeAndAssertGoogleLogoIsDisplayed]
################################################################################################################################################
[ReportManager] Element Action [IdentifyUniqueElement] failed. With the following test data [zero elements found matching this locator "By.xpath: //img[@id='hplogo' or @alt='Google']".]. @24-08-2021 06:40:45.0563 A
[ReportManager] Successfully created attachment [Selenium WebDriver Logs - server] @24-08-2021 06:40:45.0663 AM
[ReportManager] Successfully created attachment [Selenium WebDriver Logs - performance] @24-08-2021 06:40:45.0713 AM
[ReportManager] Successfully created attachment [Selenium WebDriver Logs - browser] @24-08-2021 06:40:45.0722 AM
[ReportManager] Successfully created attachment [Selenium WebDriver Logs - driver] @24-08-2021 06:40:45.0820 AM
[ReportManager] Browser Action [CloseCurrentWindow] successfully performed. @24-08-2021 06:40:45.0880 AM
[ReportManager] Successfully created attachment [Browser Action Test Data - CloseCurrentWindow - Actual Value] @24-08-2021 06:40:45.0881 A
[ReportManager] File Action [GetAbsolutePath] successfully performed. With the following test data [Relative Folder Path: "target/downloadedFiles/"]. @24-08-2021 06:40:45.0883 AM
[ReportManager] Attempting to run remotely on: [Linux-64], [GoogleChrome], [http://localhost:4444/wd/hub], Headless Execution. @24-08-2021 06:40:45.0883 AM
[ReportManager] Successfully Opened [GoogleChrome]. @24-08-2021 06:40:46.0124 AM
[ReportManager] Target URL: [https://www.google.com/ncr], and after redirection: [https://www.google.com] @24-08-2021 06:40:46.0138 AM
[ReportManager] Initial URL: [data:,] @24-08-2021 06:40:46.0201 AM
[ReportManager] Browser Action [NavigateToURL] successfully performed. With the following test data [https://www.google.com/ncr]. @24-08-2021 06:40:47.0364 A

################################################################################################################################################
Starting Execution:	[16 out of 23] test cases in the current suite
Test Method:		[tests.gui.google.D_Search_PageObjectModel_Traditional_DataDriven.navigateToGoogleHomeAndAssertPageTitle]
################################################################################################################################################
[ReportManager] Browser Action [GetCurrentWindowTitle] successfully performed. With the following test data [Google]. @24-08-2021 06:40:47.0413 AM
[ReportManager] Assertion Passed: Asserting that the page title is Google @24-08-2021 06:40:47.0414 AM
[ReportManager] Assertion [ValidateEquals] PASSED. Expected [Google] and Actual [Google]. Comparison Type [EQUALS]. Validation Type [POSITIVE]. @24-08-2021 06:40:47.0414 A
[ReportManager] Successfully created attachment [Selenium WebDriver Logs - server] @24-08-2021 06:40:47.0508 AM
[ReportManager] Successfully created attachment [Selenium WebDriver Logs - performance] @24-08-2021 06:40:47.0553 AM
[ReportManager] Successfully created attachment [Selenium WebDriver Logs - browser] @24-08-2021 06:40:47.0562 AM
[ReportManager] Successfully created attachment [Selenium WebDriver Logs - driver] @24-08-2021 06:40:47.0650 AM
[ReportManager] Browser Action [CloseCurrentWindow] successfully performed. @24-08-2021 06:40:47.0707 AM
[ReportManager] Successfully created attachment [Browser Action Test Data - CloseCurrentWindow - Actual Value] @24-08-2021 06:40:47.0708 A
[ReportManager] File Action [GetAbsolutePath] successfully performed. With the following test data [Relative Folder Path: "target/downloadedFiles/"]. @24-08-2021 06:40:47.0711 AM
[ReportManager] Attempting to run remotely on: [Linux-64], [GoogleChrome], [http://localhost:4444/wd/hub], Headless Execution. @24-08-2021 06:40:47.0711 AM
[ReportManager] Successfully Opened [GoogleChrome]. @24-08-2021 06:40:47.0955 AM
[ReportManager] Target URL: [https://www.google.com/ncr], and after redirection: [https://www.google.com] @24-08-2021 06:40:47.0967 AM
[ReportManager] Initial URL: [data:,] @24-08-2021 06:40:48.0023 AM
[ReportManager] Browser Action [NavigateToURL] successfully performed. With the following test data [https://www.google.com/ncr]. @24-08-2021 06:40:49.0112 A

################################################################################################################################################
Starting Execution:	[17 out of 23] test cases in the current suite
Test Method:		[tests.gui.google.D_Search_PageObjectModel_Traditional_DataDriven.searchForQueryAndAssertFirstResultTextIsCorrect]
################################################################################################################################################
[ReportManager] Element Action [Type] successfully performed. With the following test data [SHAFT_Engine]. @24-08-2021 06:40:49.0895 AM
[ReportManager] Element Action [KeyPress] successfully performed. With the following test data [ENTER]. @24-08-2021 06:40:51.0343 AM
[ReportManager] Element Action [GetText] successfully performed. With the following test data [SHAFT_ENGINE is a Test Automation Engine that ... - GitHub]. @24-08-2021 06:40:51.0478 AM
[ReportManager] Assertion Failed: Asserting that the correct first result is displayed @24-08-2021 06:40:51.0478 AM
[ReportManager] Assertion [ValidateEquals] FAILED. Expected [MohabMohie] and Actual [SHAFT_ENGINE is a Test Automation Engine that ... - GitHub]. Comparison Type [CONTAINS]. Validation Type [POSITIVE]. @24-08-2021 06:40:51.0478 A
[ReportManager] Successfully created attachment [Selenium WebDriver Logs - server] @24-08-2021 06:40:51.0710 AM
[ReportManager] Successfully created attachment [Selenium WebDriver Logs - performance] @24-08-2021 06:40:51.0966 AM
[ReportManager] Successfully created attachment [Selenium WebDriver Logs - browser] @24-08-2021 06:40:51.0974 AM
[ReportManager] Successfully created attachment [Selenium WebDriver Logs - driver] @24-08-2021 06:40:52.0244 AM
[ReportManager] Browser Action [CloseCurrentWindow] successfully performed. @24-08-2021 06:40:52.0305 AM
[ReportManager] Successfully created attachment [Browser Action Test Data - CloseCurrentWindow - Actual Value] @24-08-2021 06:40:52.0307 A
[ReportManager] Successfully loaded the following test data file [src/test/resources/TestDataFiles/Google/SimpleSearch.xlsx]. @24-08-2021 06:40:52.0348 AM
[ReportManager] Successfully created attachment [Test Data - Excel] @24-08-2021 06:40:52.0348 A
[ReportManager] File Action [GetAbsolutePath] successfully performed. With the following test data [Relative Folder Path: "target/downloadedFiles/"]. @24-08-2021 06:40:52.0350 AM
[ReportManager] Attempting to run remotely on: [Linux-64], [GoogleChrome], [http://localhost:4444/wd/hub], Headless Execution. @24-08-2021 06:40:52.0350 AM
[ReportManager] Successfully Opened [GoogleChrome]. @24-08-2021 06:40:52.0740 AM
[ReportManager] Target URL: [https://www.google.com/ncr], and after redirection: [https://www.google.com] @24-08-2021 06:40:52.0757 AM
[ReportManager] Initial URL: [data:,] @24-08-2021 06:40:52.0800 AM
[ReportManager] Browser Action [NavigateToURL] successfully performed. With the following test data [https://www.google.com/ncr]. @24-08-2021 06:40:53.0915 A

################################################################################################################################################
Starting Execution:	[18 out of 23] test cases in the current suite
Test Method:		[tests.gui.google.E_Search_PageObjectModel_Traditional_SHAFTAssertions.navigateToGoogleHomeAndAssertGoogleLogoIsDisplayed]
################################################################################################################################################
[ReportManager] File Action [DoesFileExist] successfully performed. With the following test data [File Path: "src/test/resources/DynamicObjectRepository/tests_gui_google_E_Search_PageObjectModel_Traditional_SHAFTAssertions_navigateToGoogleHomeAndAssertGoogleLogoIsDisplayed_By_xpath_img_id_hplogo_or_alt_Google.png"]. @24-08-2021 06:40:53.0923 AM
[ReportManager] File Action [GetAbsolutePath] successfully performed. With the following test data [Relative Folder Path: "src/test/resources/DynamicObjectRepository/tests_gui_google_E_Search_PageObjectModel_Traditional_SHAFTAssertions_navigateToGoogleHomeAndAssertGoogleLogoIsDisplayed_By_xpath_img_id_hplogo_or_alt_Google.png"]. @24-08-2021 06:40:53.0923 AM
[ReportManager] File Action [ReadFromImageFile] successfully performed. With the following test data [File Path: "/home/runner/work/using_SHAFT_ENGINE/using_SHAFT_ENGINE/src/test/resources/DynamicObjectRepository/tests_gui_google_E_Search_PageObjectModel_Traditional_SHAFTAssertions_navigateToGoogleHomeAndAssertGoogleLogoIsDisplayed_By_xpath_img_id_hplogo_or_alt_Google.png"]. @24-08-2021 06:40:53.0924 AM
[ReportManager] Assertion Failed: Asserting that the Google logo is displayed @24-08-2021 06:41:19.0626 AM
[ReportManager] Successfully created attachment [Validation Test Data - Reference Screenshot] @24-08-2021 06:41:19.0626 AM
[ReportManager] Successfully created attachment [Validation Test Data - Actual Screenshot] @24-08-2021 06:41:19.0626 AM
[ReportManager] Assertion [ValidateElementMatches] FAILED. Expected [Element should match the reference screenshot] and Actual [ELEMENT NOT FOUND]. Comparison Type [EXACT_OPENCV]. Validation Type [POSITIVE]. @24-08-2021 06:41:19.0626 A
[ReportManager] Successfully created attachment [Selenium WebDriver Logs - server] @24-08-2021 06:41:19.0726 AM
[ReportManager] Successfully created attachment [Selenium WebDriver Logs - performance] @24-08-2021 06:41:19.0784 AM
[ReportManager] Successfully created attachment [Selenium WebDriver Logs - browser] @24-08-2021 06:41:19.0792 AM
[ReportManager] Successfully created attachment [Selenium WebDriver Logs - driver] @24-08-2021 06:41:19.0890 AM
[ReportManager] Browser Action [CloseCurrentWindow] successfully performed. @24-08-2021 06:41:19.0947 AM
[ReportManager] Successfully created attachment [Browser Action Test Data - CloseCurrentWindow - Actual Value] @24-08-2021 06:41:19.0949 A
[ReportManager] File Action [GetAbsolutePath] successfully performed. With the following test data [Relative Folder Path: "target/downloadedFiles/"]. @24-08-2021 06:41:19.0953 AM
[ReportManager] Attempting to run remotely on: [Linux-64], [GoogleChrome], [http://localhost:4444/wd/hub], Headless Execution. @24-08-2021 06:41:19.0953 AM
[ReportManager] Successfully Opened [GoogleChrome]. @24-08-2021 06:41:20.0220 AM
[ReportManager] Target URL: [https://www.google.com/ncr], and after redirection: [https://www.google.com] @24-08-2021 06:41:20.0233 AM
[ReportManager] Initial URL: [data:,] @24-08-2021 06:41:20.0290 AM
[ReportManager] Browser Action [NavigateToURL] successfully performed. With the following test data [https://www.google.com/ncr]. @24-08-2021 06:41:21.0396 A

################################################################################################################################################
Starting Execution:	[19 out of 23] test cases in the current suite
Test Method:		[tests.gui.google.E_Search_PageObjectModel_Traditional_SHAFTAssertions.navigateToGoogleHomeAndAssertPageTitle]
################################################################################################################################################
[ReportManager] Browser Action [GetCurrentWindowTitle] successfully performed. With the following test data [Google]. @24-08-2021 06:41:21.0437 AM
[ReportManager] Assertion Passed: Asserting that the page title is Google @24-08-2021 06:41:21.0570 AM
[ReportManager] Successfully created attachment [Screenshot - 1629787281525_navigateToGoogleHomeAndAssertPageTitle_ValidateBrowserAttribute_passed] @24-08-2021 06:41:21.0571 AM
[ReportManager] Assertion [ValidateBrowserAttribute] PASSED. Expected [Value Should be 'Google' for the 'Title' attribute] and Actual [Google]. Comparison Type [EQUALS]. Validation Type [POSITIVE]. @24-08-2021 06:41:21.0571 A
[ReportManager] Successfully created attachment [Selenium WebDriver Logs - server] @24-08-2021 06:41:21.0687 AM
[ReportManager] Successfully created attachment [Selenium WebDriver Logs - performance] @24-08-2021 06:41:21.0732 AM
[ReportManager] Successfully created attachment [Selenium WebDriver Logs - browser] @24-08-2021 06:41:21.0740 AM
[ReportManager] Successfully created attachment [Selenium WebDriver Logs - driver] @24-08-2021 06:41:21.0826 AM
[ReportManager] Browser Action [CloseCurrentWindow] successfully performed. @24-08-2021 06:41:21.0883 AM
[ReportManager] Successfully created attachment [Browser Action Test Data - CloseCurrentWindow - Actual Value] @24-08-2021 06:41:21.0884 A
[ReportManager] File Action [GetAbsolutePath] successfully performed. With the following test data [Relative Folder Path: "target/downloadedFiles/"]. @24-08-2021 06:41:21.0887 AM
[ReportManager] Attempting to run remotely on: [Linux-64], [GoogleChrome], [http://localhost:4444/wd/hub], Headless Execution. @24-08-2021 06:41:21.0887 AM
[ReportManager] Successfully Opened [GoogleChrome]. @24-08-2021 06:41:22.0172 AM
[ReportManager] Target URL: [https://www.google.com/ncr], and after redirection: [https://www.google.com] @24-08-2021 06:41:22.0188 AM
[ReportManager] Initial URL: [data:,] @24-08-2021 06:41:22.0243 AM
[ReportManager] Browser Action [NavigateToURL] successfully performed. With the following test data [https://www.google.com/ncr]. @24-08-2021 06:41:23.0337 A

################################################################################################################################################
Starting Execution:	[20 out of 23] test cases in the current suite
Test Method:		[tests.gui.google.E_Search_PageObjectModel_Traditional_SHAFTAssertions.searchForQueryAndAssertFirstResultTextIsCorrect]
################################################################################################################################################
[ReportManager] Element Action [Type] successfully performed. With the following test data [SHAFT_Engine]. @24-08-2021 06:41:24.0001 AM
[ReportManager] Element Action [KeyPress] successfully performed. With the following test data [ENTER]. @24-08-2021 06:41:24.0983 AM
[ReportManager] Element Action [GetText] successfully performed. With the following test data [SHAFT_ENGINE is a Test Automation Engine that ... - GitHub]. @24-08-2021 06:41:25.0317 AM
[ReportManager] Loaded Shared OpenCV @24-08-2021 06:41:25.0715 AM
[ReportManager] Assertion Failed: Asserting that the correct first result is displayed @24-08-2021 06:41:25.0790 AM
[ReportManager] Successfully created attachment [Screenshot - 1629787285715_searchForQueryAndAssertFirstResultTextIsCorrect_ValidateElementAttribute_failed] @24-08-2021 06:41:25.0791 AM
[ReportManager] Assertion [ValidateElementAttribute] FAILED. Expected [Value Should be 'MohabMohie' for the 'Text' attribute, element locator 'By.xpath: (//h1[contains(text(),'Search Result')]/following-sibling::div//a/h3)[1]'] and Actual [SHAFT_ENGINE is a Test Automation Engine that ... - GitHub]. Comparison Type [CONTAINS]. Validation Type [POSITIVE]. @24-08-2021 06:41:25.0791 A
[ReportManager] Successfully created attachment [Selenium WebDriver Logs - server] @24-08-2021 06:41:26.0007 AM
[ReportManager] Successfully created attachment [Selenium WebDriver Logs - performance] @24-08-2021 06:41:26.0228 AM
[ReportManager] Successfully created attachment [Selenium WebDriver Logs - browser] @24-08-2021 06:41:26.0236 AM
[ReportManager] Successfully created attachment [Selenium WebDriver Logs - driver] @24-08-2021 06:41:26.0476 AM
[ReportManager] Browser Action [CloseCurrentWindow] successfully performed. @24-08-2021 06:41:26.0536 AM
[ReportManager] Successfully created attachment [Browser Action Test Data - CloseCurrentWindow - Actual Value] @24-08-2021 06:41:26.0545 A
[ReportManager] File Action [GetAbsolutePath] successfully performed. With the following test data [Relative Folder Path: "target/downloadedFiles/"]. @24-08-2021 06:41:26.0553 AM
[ReportManager] Attempting to run remotely on: [Linux-64], [GoogleChrome], [http://localhost:4444/wd/hub], Headless Execution. @24-08-2021 06:41:26.0554 AM
[ReportManager] Successfully Opened [GoogleChrome]. @24-08-2021 06:41:26.0795 AM
[ReportManager] Target URL: [https://www.google.com/ncr], and after redirection: [https://www.google.com] @24-08-2021 06:41:26.0813 AM
[ReportManager] Initial URL: [data:,] @24-08-2021 06:41:26.0859 AM
[ReportManager] Browser Action [NavigateToURL] successfully performed. With the following test data [https://www.google.com/ncr]. @24-08-2021 06:41:28.0029 A

################################################################################################################################################
Starting Execution:	[21 out of 23] test cases in the current suite
Test Method:		[tests.gui.google.B_Search_FlatTest_SHAFT.navigateToGoogleHomeAndAssertGoogleLogoIsDisplayed]
################################################################################################################################################
[ReportManager] File Action [DoesFileExist] successfully performed. With the following test data [File Path: "src/test/resources/DynamicObjectRepository/tests_gui_google_B_Search_FlatTest_SHAFT_navigateToGoogleHomeAndAssertGoogleLogoIsDisplayed_By_xpath_img_id_hplogo_or_alt_Google.png"]. @24-08-2021 06:41:28.0038 AM
[ReportManager] File Action [GetAbsolutePath] successfully performed. With the following test data [Relative Folder Path: "src/test/resources/DynamicObjectRepository/tests_gui_google_B_Search_FlatTest_SHAFT_navigateToGoogleHomeAndAssertGoogleLogoIsDisplayed_By_xpath_img_id_hplogo_or_alt_Google.png"]. @24-08-2021 06:41:28.0038 AM
[ReportManager] File Action [ReadFromImageFile] successfully performed. With the following test data [File Path: "/home/runner/work/using_SHAFT_ENGINE/using_SHAFT_ENGINE/src/test/resources/DynamicObjectRepository/tests_gui_google_B_Search_FlatTest_SHAFT_navigateToGoogleHomeAndAssertGoogleLogoIsDisplayed_By_xpath_img_id_hplogo_or_alt_Google.png"]. @24-08-2021 06:41:28.0038 AM
[ReportManager] Assertion Failed: Asserting that the Google logo is displayed @24-08-2021 06:41:53.0757 AM
[ReportManager] Successfully created attachment [Validation Test Data - Reference Screenshot] @24-08-2021 06:41:53.0758 AM
[ReportManager] Successfully created attachment [Validation Test Data - Actual Screenshot] @24-08-2021 06:41:53.0758 AM
[ReportManager] Assertion [ValidateElementMatches] FAILED. Expected [Element should match the reference screenshot] and Actual [ELEMENT NOT FOUND]. Comparison Type [EXACT_OPENCV]. Validation Type [POSITIVE]. @24-08-2021 06:41:53.0758 A
[ReportManager] Successfully created attachment [Selenium WebDriver Logs - server] @24-08-2021 06:41:53.0864 AM
[ReportManager] Successfully created attachment [Selenium WebDriver Logs - performance] @24-08-2021 06:41:53.0912 AM
[ReportManager] Successfully created attachment [Selenium WebDriver Logs - browser] @24-08-2021 06:41:53.0919 AM
[ReportManager] Successfully created attachment [Selenium WebDriver Logs - driver] @24-08-2021 06:41:54.0048 AM
[ReportManager] Browser Action [CloseCurrentWindow] successfully performed. @24-08-2021 06:41:54.0107 AM
[ReportManager] Successfully created attachment [Browser Action Test Data - CloseCurrentWindow - Actual Value] @24-08-2021 06:41:54.0108 A
[ReportManager] File Action [GetAbsolutePath] successfully performed. With the following test data [Relative Folder Path: "target/downloadedFiles/"]. @24-08-2021 06:41:54.0112 AM
[ReportManager] Attempting to run remotely on: [Linux-64], [GoogleChrome], [http://localhost:4444/wd/hub], Headless Execution. @24-08-2021 06:41:54.0112 AM
[ReportManager] Successfully Opened [GoogleChrome]. @24-08-2021 06:41:54.0340 AM
[ReportManager] Target URL: [https://www.google.com/ncr], and after redirection: [https://www.google.com] @24-08-2021 06:41:54.0378 AM
[ReportManager] Initial URL: [data:,] @24-08-2021 06:41:54.0421 AM
[ReportManager] Browser Action [NavigateToURL] successfully performed. With the following test data [https://www.google.com/ncr]. @24-08-2021 06:41:55.0478 A

################################################################################################################################################
Starting Execution:	[22 out of 23] test cases in the current suite
Test Method:		[tests.gui.google.B_Search_FlatTest_SHAFT.navigateToGoogleHomeAndAssertPageTitle]
################################################################################################################################################
[ReportManager] Browser Action [GetCurrentWindowTitle] successfully performed. With the following test data [Google]. @24-08-2021 06:41:55.0514 AM
[ReportManager] Assertion Passed: Asserting that the page title is Google @24-08-2021 06:41:55.0662 AM
[ReportManager] Successfully created attachment [Screenshot - 1629787315609_navigateToGoogleHomeAndAssertPageTitle_ValidateBrowserAttribute_passed] @24-08-2021 06:41:55.0663 AM
[ReportManager] Assertion [ValidateBrowserAttribute] PASSED. Expected [Value Should be 'Google' for the 'Title' attribute] and Actual [Google]. Comparison Type [EQUALS]. Validation Type [POSITIVE]. @24-08-2021 06:41:55.0663 A
[ReportManager] Successfully created attachment [Selenium WebDriver Logs - server] @24-08-2021 06:41:55.0759 AM
[ReportManager] Successfully created attachment [Selenium WebDriver Logs - performance] @24-08-2021 06:41:55.0803 AM
[ReportManager] Successfully created attachment [Selenium WebDriver Logs - browser] @24-08-2021 06:41:55.0811 AM
[ReportManager] Successfully created attachment [Selenium WebDriver Logs - driver] @24-08-2021 06:41:55.0895 AM
[ReportManager] Browser Action [CloseCurrentWindow] successfully performed. @24-08-2021 06:41:55.0951 AM
[ReportManager] Successfully created attachment [Browser Action Test Data - CloseCurrentWindow - Actual Value] @24-08-2021 06:41:55.0952 A
[ReportManager] File Action [GetAbsolutePath] successfully performed. With the following test data [Relative Folder Path: "target/downloadedFiles/"]. @24-08-2021 06:41:55.0956 AM
[ReportManager] Attempting to run remotely on: [Linux-64], [GoogleChrome], [http://localhost:4444/wd/hub], Headless Execution. @24-08-2021 06:41:55.0956 AM
[ReportManager] Successfully Opened [GoogleChrome]. @24-08-2021 06:41:56.0208 AM
[ReportManager] Target URL: [https://www.google.com/ncr], and after redirection: [https://www.google.com] @24-08-2021 06:41:56.0228 AM
[ReportManager] Initial URL: [data:,] @24-08-2021 06:41:56.0292 AM
[ReportManager] Browser Action [NavigateToURL] successfully performed. With the following test data [https://www.google.com/ncr]. @24-08-2021 06:41:57.0431 A

################################################################################################################################################
Starting Execution:	[23 out of 23] test cases in the current suite
Test Method:		[tests.gui.google.B_Search_FlatTest_SHAFT.searchForQueryAndAssertFirstResultTextIsCorrect]
################################################################################################################################################
[ReportManager] Element Action [Type] successfully performed. With the following test data [SHAFT_Engine]. @24-08-2021 06:41:58.0069 AM
[ReportManager] Element Action [KeyPress] successfully performed. With the following test data [ENTER]. @24-08-2021 06:41:59.0020 AM
[ReportManager] Element Action [GetText] successfully performed. With the following test data [SHAFT_ENGINE is a Test Automation Engine that ... - GitHub]. @24-08-2021 06:41:59.0340 AM
[ReportManager] Loaded Shared OpenCV @24-08-2021 06:41:59.0736 AM
[ReportManager] Assertion Failed: Asserting that the correct first result is displayed @24-08-2021 06:41:59.0812 AM
[ReportManager] Successfully created attachment [Screenshot - 1629787319736_searchForQueryAndAssertFirstResultTextIsCorrect_ValidateElementAttribute_failed] @24-08-2021 06:41:59.0814 AM
[ReportManager] Assertion [ValidateElementAttribute] FAILED. Expected [Value Should be 'MohabMohie' for the 'Text' attribute, element locator 'By.xpath: (//h1[contains(text(),'Search Result')]/following-sibling::div//a/h3)[1]'] and Actual [SHAFT_ENGINE is a Test Automation Engine that ... - GitHub]. Comparison Type [CONTAINS]. Validation Type [POSITIVE]. @24-08-2021 06:41:59.0814 A
[ReportManager] Successfully created attachment [Selenium WebDriver Logs - server] @24-08-2021 06:42:00.0078 AM
[ReportManager] Successfully created attachment [Selenium WebDriver Logs - performance] @24-08-2021 06:42:00.0266 AM
[ReportManager] Successfully created attachment [Selenium WebDriver Logs - browser] @24-08-2021 06:42:00.0275 AM
[ReportManager] Successfully created attachment [Selenium WebDriver Logs - driver] @24-08-2021 06:42:00.0517 AM
[ReportManager] Browser Action [CloseCurrentWindow] successfully performed. @24-08-2021 06:42:00.0576 AM
[ReportManager] Successfully created attachment [Browser Action Test Data - CloseCurrentWindow - Actual Value] @24-08-2021 06:42:00.0594 A

################################################################################################################################################
Test Closure Activities
################################################################################################################################################
[ReportManager] Successfully created attachment [SHAFT Engine Logs - Execution log] @24-08-2021 06:42:00.0629 AM

################################################################################################################################################
This test run was powered by SHAFT Engine Version: [SHAFT Engine v5.3.20210519]
SHAFT Engine is licensed under the MIT License: [https://github.com/MohabMohie/SHAFT_ENGINE/blob/master/LICENSE].
################################################################################################################################################