################################################################################################################################################
Detected SHAFT Engine Version: [SHAFT Engine v6.1.20220113]
################################################################################################################################################
[ReportManager] An Exception Occured with this Message: src/test/resources/testDataFiles/Google/SimpleSearch.xlsx (No such file or directory). @07-04-2022 12:59:50.0428 PM
[ReportManager] Successfully created attachment [Exception Stack Trace - java.io.FileNotFoundException] @07-04-2022 12:59:50.0428 PM
[ReportManager] Couldn't find the desired file. [src/test/resources/testDataFiles/Google/SimpleSearch.xlsx]. @07-04-2022 12:59:50.0430 P


################################################################################################################################################
Starting Execution:	[1 out of 23] test cases in the current suite
Test Method:		[tests.gui.google.D_Search_PageObjectModel_Traditional_DataDriven.navigateToGoogleHomeAndAssertGoogleLogoIsDisplayed]
###############################################################################################################################################



################################################################################################################################################
Starting Execution:	[2 out of 23] test cases in the current suite
Test Method:		[tests.gui.google.D_Search_PageObjectModel_Traditional_DataDriven.navigateToGoogleHomeAndAssertPageTitle]
###############################################################################################################################################



################################################################################################################################################
Starting Execution:	[3 out of 23] test cases in the current suite
Test Method:		[tests.gui.google.D_Search_PageObjectModel_Traditional_DataDriven.searchForQueryAndAssertFirstResultTextIsCorrect]
###############################################################################################################################################

[ReportManager] An Exception Occured with this Message: src/test/resources/testDataFiles/Google/SimpleSearch.xlsx (No such file or directory). @07-04-2022 12:59:50.0681 PM
[ReportManager] Successfully created attachment [Exception Stack Trace - java.io.FileNotFoundException] @07-04-2022 12:59:50.0681 PM
[ReportManager] Couldn't find the desired file. [src/test/resources/testDataFiles/Google/SimpleSearch.xlsx]. @07-04-2022 12:59:50.0682 P


################################################################################################################################################
Starting Execution:	[4 out of 23] test cases in the current suite
Test Method:		[tests.gui.google.G_Search_PageObjectModel_ThreadSafe.navigateToGoogleHomeAndAssertGoogleLogoIsDisplayed]
###############################################################################################################################################



################################################################################################################################################
Starting Execution:	[5 out of 23] test cases in the current suite
Test Method:		[tests.gui.google.G_Search_PageObjectModel_ThreadSafe.navigateToGoogleHomeAndAssertPageTitle]
###############################################################################################################################################



################################################################################################################################################
Starting Execution:	[6 out of 23] test cases in the current suite
Test Method:		[tests.gui.google.G_Search_PageObjectModel_ThreadSafe.searchForQueryAndAssertFirstResultTextIsCorrect]
###############################################################################################################################################

[ReportManager] File Action [GetAbsolutePath] successfully performed. With the following test data [Relative Folder Path: "target/downloadedFiles/"]. @07-04-2022 12:59:50.0713 PM
[ReportManager] Attempting to run remotely on: [Linux-64], [GoogleChrome], [http://localhost:4444/wd/hub], Headless Execution. @07-04-2022 12:59:50.0725 PM
[ReportManager] Successfully Opened [GoogleChrome]. @07-04-2022 12:59:52.0674 PM
[ReportManager] Target URL: [https://www.google.com/ncr], and after redirection: [https://www.google.com] @07-04-2022 12:59:52.0684 PM
[ReportManager] Initial URL: [data:,] @07-04-2022 12:59:52.0792 PM
[ReportManager] Browser Action [NavigateToURL] successfully performed. With the following test data [https://www.google.com/ncr]. @07-04-2022 12:59:54.0374 P

################################################################################################################################################
Starting Execution:	[7 out of 23] test cases in the current suite
Test Method:		[tests.gui.google.C_Search_PageObjectModel_Traditional.navigateToGoogleHomeAndAssertGoogleLogoIsDisplayed]
################################################################################################################################################
[ReportManager] Element Action [IsElementDisplayed] successfully performed. @07-04-2022 12:59:54.0549 PM
[ReportManager] Assertion Passed: Asserting that the Google logo is displayed @07-04-2022 12:59:54.0555 PM
[ReportManager] Assertion [ValidateTrue] PASSED. Expected [TRUE] and Actual [TRUE]. Validation Type [POSITIVE]. @07-04-2022 12:59:54.0556 P
[ReportManager] Browser Action [CloseCurrentWindow] successfully performed. @07-04-2022 12:59:54.0745 PM
[ReportManager] Successfully created attachment [Browser Action Test Data - CloseCurrentWindow - Actual Value] @07-04-2022 12:59:54.0752 P
[ReportManager] File Action [GetAbsolutePath] successfully performed. With the following test data [Relative Folder Path: "target/downloadedFiles/"]. @07-04-2022 12:59:54.0771 PM
[ReportManager] Attempting to run remotely on: [Linux-64], [GoogleChrome], [http://localhost:4444/wd/hub], Headless Execution. @07-04-2022 12:59:54.0772 PM
[ReportManager] Successfully Opened [GoogleChrome]. @07-04-2022 12:59:55.0112 PM
[ReportManager] Target URL: [https://www.google.com/ncr], and after redirection: [https://www.google.com] @07-04-2022 12:59:55.0113 PM
[ReportManager] Initial URL: [data:,] @07-04-2022 12:59:55.0212 PM
[ReportManager] Browser Action [NavigateToURL] successfully performed. With the following test data [https://www.google.com/ncr]. @07-04-2022 12:59:56.0617 P

################################################################################################################################################
Starting Execution:	[8 out of 23] test cases in the current suite
Test Method:		[tests.gui.google.C_Search_PageObjectModel_Traditional.navigateToGoogleHomeAndAssertPageTitle]
################################################################################################################################################
[ReportManager] Browser Action [GetCurrentWindowTitle] successfully performed. With the following test data [Google]. @07-04-2022 12:59:56.0684 PM
[ReportManager] Assertion Passed: Asserting that the page title is Google @07-04-2022 12:59:56.0686 PM
[ReportManager] Assertion [ValidateEquals] PASSED. Expected [Google] and Actual [Google]. Comparison Type [EQUALS]. Validation Type [POSITIVE]. @07-04-2022 12:59:56.0686 P
[ReportManager] Browser Action [CloseCurrentWindow] successfully performed. @07-04-2022 12:59:56.0850 PM
[ReportManager] Successfully created attachment [Browser Action Test Data - CloseCurrentWindow - Actual Value] @07-04-2022 12:59:56.0852 P
[ReportManager] File Action [GetAbsolutePath] successfully performed. With the following test data [Relative Folder Path: "target/downloadedFiles/"]. @07-04-2022 12:59:56.0869 PM
[ReportManager] Attempting to run remotely on: [Linux-64], [GoogleChrome], [http://localhost:4444/wd/hub], Headless Execution. @07-04-2022 12:59:56.0869 PM
[ReportManager] Successfully Opened [GoogleChrome]. @07-04-2022 12:59:57.0206 PM
[ReportManager] Target URL: [https://www.google.com/ncr], and after redirection: [https://www.google.com] @07-04-2022 12:59:57.0206 PM
[ReportManager] Initial URL: [data:,] @07-04-2022 12:59:57.0291 PM
[ReportManager] Browser Action [NavigateToURL] successfully performed. With the following test data [https://www.google.com/ncr]. @07-04-2022 12:59:58.0619 P

################################################################################################################################################
Starting Execution:	[9 out of 23] test cases in the current suite
Test Method:		[tests.gui.google.C_Search_PageObjectModel_Traditional.searchForQueryAndAssertFirstResultTextIsCorrect]
################################################################################################################################################
[ReportManager] Element Action [Type] successfully performed. With the following test data [SHAFT_Engine]. @07-04-2022 12:59:59.0409 PM
[ReportManager] Element Action [KeyPress] successfully performed. With the following test data [ENTER]. @07-04-2022 13:00:00.0689 PM
[ReportManager] Element Action [GetText] successfully performed. With the following test data [SHAFT: Unified Test Automation Engine - GitHub]. @07-04-2022 13:00:00.0857 PM
[ReportManager] Assertion Failed: Asserting that the correct first result is displayed @07-04-2022 13:00:00.0860 PM
[ReportManager] Assertion [ValidateEquals] FAILED. Expected [MohabMohie] and Actual [SHAFT: Unified Test Automation Engine - GitHub]. Comparison Type [CONTAINS]. Validation Type [POSITIVE]. @07-04-2022 13:00:00.0861 P
[ReportManager] Browser Action [CloseCurrentWindow] successfully performed. @07-04-2022 13:00:01.0136 PM
[ReportManager] Successfully created attachment [Browser Action Test Data - CloseCurrentWindow - Actual Value] @07-04-2022 13:00:01.0165 P
[ReportManager] File Action [GetAbsolutePath] successfully performed. With the following test data [Relative Folder Path: "target/downloadedFiles/"]. @07-04-2022 13:00:01.0173 PM
[ReportManager] Attempting to run remotely on: [Linux-64], [GoogleChrome], [http://localhost:4444/wd/hub], Headless Execution. @07-04-2022 13:00:01.0173 PM
[ReportManager] Successfully Opened [GoogleChrome]. @07-04-2022 13:00:01.0509 PM
[ReportManager] Target URL: [https://www.google.com/ncr], and after redirection: [https://www.google.com] @07-04-2022 13:00:01.0510 PM
[ReportManager] Initial URL: [data:,] @07-04-2022 13:00:01.0602 PM
[ReportManager] Browser Action [NavigateToURL] successfully performed. With the following test data [https://www.google.com/ncr]. @07-04-2022 13:00:02.0875 P

################################################################################################################################################
Starting Execution:	[10 out of 23] test cases in the current suite
Test Method:		[tests.gui.google.B_Search_FlatTest_SHAFT.navigateToGoogleHomeAndAssertGoogleLogoIsDisplayed]
################################################################################################################################################
[ReportManager] File Action [DoesFileExist] successfully performed. With the following test data [File Path: "src/main/resources/dynamicObjectRepository/tests_gui_google_B_Search_FlatTest_SHAFT_navigateToGoogleHomeAndAssertGoogleLogoIsDisplayed_By_xpath_img_id_hplogo_or_alt_Google.png"]. @07-04-2022 13:00:02.0884 PM
[ReportManager] File Action [GetAbsolutePath] successfully performed. With the following test data [Relative Folder Path: "src/main/resources/dynamicObjectRepository/tests_gui_google_B_Search_FlatTest_SHAFT_navigateToGoogleHomeAndAssertGoogleLogoIsDisplayed_By_xpath_img_id_hplogo_or_alt_Google.png"]. @07-04-2022 13:00:02.0884 PM
[ReportManager] File Action [ReadFromImageFile] successfully performed. With the following test data [File Path: "/home/runner/work/using_SHAFT_ENGINE/using_SHAFT_ENGINE/src/main/resources/dynamicObjectRepository/tests_gui_google_B_Search_FlatTest_SHAFT_navigateToGoogleHomeAndAssertGoogleLogoIsDisplayed_By_xpath_img_id_hplogo_or_alt_Google.png"]. @07-04-2022 13:00:02.0885 PM
[ReportManager] File Action [DoesFileExist] successfully performed. With the following test data [File Path: "src/main/resources/dynamicObjectRepository/tests_gui_google_B_Search_FlatTest_SHAFT_navigateToGoogleHomeAndAssertGoogleLogoIsDisplayed_By_xpath_img_id_hplogo_or_alt_Google.png"]. @07-04-2022 13:00:03.0154 PM
[ReportManager] File Action [DoesFileExist] successfully performed. With the following test data [File Path: "src/main/resources/dynamicObjectRepository/tests_gui_google_B_Search_FlatTest_SHAFT_navigateToGoogleHomeAndAssertGoogleLogoIsDisplayed_By_xpath_img_id_hplogo_or_alt_Google.png"]. @07-04-2022 13:00:03.0154 PM
[ReportManager] File Action [GetAbsolutePath] successfully performed. With the following test data [Relative Folder Path: "src/main/resources/dynamicObjectRepository/tests_gui_google_B_Search_FlatTest_SHAFT_navigateToGoogleHomeAndAssertGoogleLogoIsDisplayed_By_xpath_img_id_hplogo_or_alt_Google.png"]. @07-04-2022 13:00:03.0170 PM
[ReportManager] File Action [ReadFromImageFile] successfully performed. With the following test data [File Path: "/home/runner/work/using_SHAFT_ENGINE/using_SHAFT_ENGINE/src/main/resources/dynamicObjectRepository/tests_gui_google_B_Search_FlatTest_SHAFT_navigateToGoogleHomeAndAssertGoogleLogoIsDisplayed_By_xpath_img_id_hplogo_or_alt_Google.png"]. @07-04-2022 13:00:03.0171 PM
[ReportManager] Accuracy threshold is [80.0%] and the actual match accuracy is [91.50802493095398%]. @07-04-2022 13:00:03.0174 PM
[ReportManager] Successfully identified the element using AI; OpenCV. @07-04-2022 13:00:03.0175 PM
[ReportManager] Assertion Passed: Asserting that the Google logo is displayed @07-04-2022 13:00:03.0176 PM
[ReportManager] Successfully created attachment [Validation Test Data - Reference Screenshot] @07-04-2022 13:00:03.0177 PM
[ReportManager] Successfully created attachment [Validation Test Data - Actual Screenshot] @07-04-2022 13:00:03.0177 PM
[ReportManager] Assertion [ValidateElementMatches] PASSED. Expected [Element should match the reference screenshot] and Actual [TRUE]. Comparison Type [EXACT_OPENCV]. Validation Type [POSITIVE]. @07-04-2022 13:00:03.0177 P
[ReportManager] Browser Action [CloseCurrentWindow] successfully performed. @07-04-2022 13:00:03.0283 PM
[ReportManager] Successfully created attachment [Browser Action Test Data - CloseCurrentWindow - Actual Value] @07-04-2022 13:00:03.0284 P
[ReportManager] File Action [GetAbsolutePath] successfully performed. With the following test data [Relative Folder Path: "target/downloadedFiles/"]. @07-04-2022 13:00:03.0294 PM
[ReportManager] Attempting to run remotely on: [Linux-64], [GoogleChrome], [http://localhost:4444/wd/hub], Headless Execution. @07-04-2022 13:00:03.0295 PM
[ReportManager] Successfully Opened [GoogleChrome]. @07-04-2022 13:00:03.0496 PM
[ReportManager] Target URL: [https://www.google.com/ncr], and after redirection: [https://www.google.com] @07-04-2022 13:00:03.0496 PM
[ReportManager] Initial URL: [data:,] @07-04-2022 13:00:03.0561 PM
[ReportManager] Browser Action [NavigateToURL] successfully performed. With the following test data [https://www.google.com/ncr]. @07-04-2022 13:00:04.0831 P

################################################################################################################################################
Starting Execution:	[11 out of 23] test cases in the current suite
Test Method:		[tests.gui.google.B_Search_FlatTest_SHAFT.navigateToGoogleHomeAndAssertPageTitle]
################################################################################################################################################
[ReportManager] Browser Action [GetCurrentWindowTitle] successfully performed. With the following test data [Google]. @07-04-2022 13:00:04.0886 PM
[ReportManager] Assertion Passed: Asserting that the page title is Google @07-04-2022 13:00:05.0499 PM
[ReportManager] Successfully created attachment [Screenshot - 1649336405133_navigateToGoogleHomeAndAssertPageTitle_ValidateBrowserAttribute_passed] @07-04-2022 13:00:05.0519 PM
[ReportManager] Assertion [ValidateBrowserAttribute] PASSED. Expected [Value Should be 'Google' for the 'Title' attribute] and Actual [Google]. Comparison Type [EQUALS]. Validation Type [POSITIVE]. @07-04-2022 13:00:05.0519 P
[ReportManager] Browser Action [CloseCurrentWindow] successfully performed. @07-04-2022 13:00:05.0671 PM
[ReportManager] Successfully created attachment [Browser Action Test Data - CloseCurrentWindow - Actual Value] @07-04-2022 13:00:05.0672 P
[ReportManager] File Action [GetAbsolutePath] successfully performed. With the following test data [Relative Folder Path: "target/downloadedFiles/"]. @07-04-2022 13:00:05.0674 PM
[ReportManager] Attempting to run remotely on: [Linux-64], [GoogleChrome], [http://localhost:4444/wd/hub], Headless Execution. @07-04-2022 13:00:05.0674 PM
[ReportManager] Successfully Opened [GoogleChrome]. @07-04-2022 13:00:05.0874 PM
[ReportManager] Target URL: [https://www.google.com/ncr], and after redirection: [https://www.google.com] @07-04-2022 13:00:05.0874 PM
[ReportManager] Initial URL: [data:,] @07-04-2022 13:00:05.0944 PM
[ReportManager] Browser Action [NavigateToURL] successfully performed. With the following test data [https://www.google.com/ncr]. @07-04-2022 13:00:07.0216 P

################################################################################################################################################
Starting Execution:	[12 out of 23] test cases in the current suite
Test Method:		[tests.gui.google.B_Search_FlatTest_SHAFT.searchForQueryAndAssertFirstResultTextIsCorrect]
################################################################################################################################################
[ReportManager] Element Action [Type] successfully performed. With the following test data [SHAFT_Engine]. @07-04-2022 13:00:07.0970 PM
[ReportManager] Element Action [KeyPress] successfully performed. With the following test data [ENTER]. @07-04-2022 13:00:09.0286 PM
[ReportManager] Element Action [GetText] successfully performed. With the following test data [SHAFT: Unified Test Automation Engine - GitHub]. @07-04-2022 13:00:09.0400 PM
[ReportManager] Assertion Failed: Asserting that the correct first result is displayed @07-04-2022 13:00:10.0041 PM
[ReportManager] Successfully created attachment [Screenshot - 1649336409894_searchForQueryAndAssertFirstResultTextIsCorrect_ValidateElementAttribute_failed] @07-04-2022 13:00:10.0048 PM
[ReportManager] Assertion [ValidateElementAttribute] FAILED. Expected [Value Should be 'MohabMohie' for the 'Text' attribute, element locator 'By.xpath: (//h1[contains(text(),'Search Result')]/following-sibling::div//a/h3)[1]'] and Actual [SHAFT: Unified Test Automation Engine - GitHub]. Comparison Type [CONTAINS]. Validation Type [POSITIVE]. @07-04-2022 13:00:10.0048 P
[ReportManager] Browser Action [CloseCurrentWindow] successfully performed. @07-04-2022 13:00:10.0273 PM
[ReportManager] Successfully created attachment [Browser Action Test Data - CloseCurrentWindow - Actual Value] @07-04-2022 13:00:10.0275 P
[ReportManager] An Exception Occured with this Message: src/test/resources/testDataFiles/Google/SimpleSearch.xlsx (No such file or directory). @07-04-2022 13:00:10.0284 PM
[ReportManager] Successfully created attachment [Exception Stack Trace - java.io.FileNotFoundException] @07-04-2022 13:00:10.0285 PM
[ReportManager] Couldn't find the desired file. [src/test/resources/testDataFiles/Google/SimpleSearch.xlsx]. @07-04-2022 13:00:10.0285 P


################################################################################################################################################
Starting Execution:	[13 out of 23] test cases in the current suite
Test Method:		[tests.gui.google.E_Search_PageObjectModel_Traditional_SHAFTAssertions.navigateToGoogleHomeAndAssertGoogleLogoIsDisplayed]
###############################################################################################################################################



################################################################################################################################################
Starting Execution:	[14 out of 23] test cases in the current suite
Test Method:		[tests.gui.google.E_Search_PageObjectModel_Traditional_SHAFTAssertions.navigateToGoogleHomeAndAssertPageTitle]
###############################################################################################################################################



################################################################################################################################################
Starting Execution:	[15 out of 23] test cases in the current suite
Test Method:		[tests.gui.google.E_Search_PageObjectModel_Traditional_SHAFTAssertions.searchForQueryAndAssertFirstResultTextIsCorrect]
###############################################################################################################################################

[ReportManager] An Exception Occured with this Message: src/test/resources/testDataFiles/Google/SimpleSearch.xlsx (No such file or directory). @07-04-2022 13:00:10.0312 PM
[ReportManager] Successfully created attachment [Exception Stack Trace - java.io.FileNotFoundException] @07-04-2022 13:00:10.0313 PM
[ReportManager] Couldn't find the desired file. [src/test/resources/testDataFiles/Google/SimpleSearch.xlsx]. @07-04-2022 13:00:10.0314 P


################################################################################################################################################
Starting Execution:	[16 out of 23] test cases in the current suite
Test Method:		[tests.gui.google.F_Search_PageObjectModel_Fluent.navigateToGoogleHomeAndAssertGoogleLogoIsDisplayed]
###############################################################################################################################################



################################################################################################################################################
Starting Execution:	[17 out of 23] test cases in the current suite
Test Method:		[tests.gui.google.F_Search_PageObjectModel_Fluent.navigateToGoogleHomeAndAssertPageTitle]
###############################################################################################################################################



################################################################################################################################################
Starting Execution:	[18 out of 23] test cases in the current suite
Test Method:		[tests.gui.google.F_Search_PageObjectModel_Fluent.searchForQueryAndAssertFirstResultTextIsCorrect]
###############################################################################################################################################




################################################################################################################################################
Starting Execution:	[19 out of 23] test cases in the current suite
Test Method:		[tests.gui.google.A_Search_FlatTest_NativeSeleniumWebDriver.navigateToGoogleHomeAndAssertGoogleLogoIsDisplayed]
###############################################################################################################################################



################################################################################################################################################
Starting Execution:	[20 out of 23] test cases in the current suite
Test Method:		[tests.gui.google.A_Search_FlatTest_NativeSeleniumWebDriver.navigateToGoogleHomeAndAssertPageTitle]
###############################################################################################################################################



################################################################################################################################################
Starting Execution:	[21 out of 23] test cases in the current suite
Test Method:		[tests.gui.google.A_Search_FlatTest_NativeSeleniumWebDriver.searchForQueryAndAssertFirstResultTextIsCorrect]
###############################################################################################################################################


################################################################################################################################################
Starting Execution:	[22 out of 23] test cases in the current suite
Test Method:		[tests.api.users.UserData.validateUserEmail]
################################################################################################################################################
[ReportManager] Response status code: [200], status line: [HTTP/1.1 200 OK] @07-04-2022 13:00:23.0282 PM
[ReportManager] Assertion Passed: Evaluating the actual response status code against the expected one... @07-04-2022 13:00:23.0290 PM
[ReportManager] Assertion [ValidateComparativeRelation] PASSED. Expected [200] and Actual [200]. Comparison Type [EQUALS]. Validation Type [POSITIVE]. @07-04-2022 13:00:23.0291 PM
[ReportManager] API Action [PerformRequest] successfully performed. With the following test data [Request Type: "GET" | Target Status Code: "200" | Service URL: "https://jsonplaceholder.typicode.com/users" | Content Type: "*/*" | Response Time: "833ms"]. @07-04-2022 13:00:24.0581 PM
[ReportManager] Successfully created attachment [API Request - Specifications] @07-04-2022 13:00:24.0581 PM
[ReportManager] Successfully created attachment [API Response - JSON Body] @07-04-2022 13:00:25.0009 PM
[ReportManager] Assertion [ValidateEquals] PASSED. Expected and Actual values are attached. Comparison Type [CONTAINS]. Validation Type [POSITIVE]. @07-04-2022 13:00:25.0019 PM
[ReportManager] Successfully created attachment [Validation Test Data - Expected Value] @07-04-2022 13:00:25.0020 PM
[ReportManager] Successfully created attachment [Validation Test Data - Actual Value] @07-04-2022 13:00:25.0020 PM
[ReportManager] API Action [GetResponseJSONValueAsList] successfully performed. With the following test data [$]. @07-04-2022 13:00:25.0051 PM
[ReportManager] API Action [GetResponseJSONValue] successfully performed. With the following test data [name]. @07-04-2022 13:00:25.0089 PM
[ReportManager] API Action [GetResponseJSONValue] successfully performed. With the following test data [email]. @07-04-2022 13:00:25.0119 PM
[ReportManager] Assertion [ValidateEquals] PASSED. Expected [Sincere@april.biz] and Actual [Sincere@april.biz]. Comparison Type [EQUALS]. Validation Type [POSITIVE]. @07-04-2022 13:00:25.0119 PM
[ReportManager] API Action [GetResponseJSONValue] successfully performed. With the following test data [name]. @07-04-2022 13:00:25.0142 PM
[ReportManager] API Action [GetResponseJSONValue] successfully performed. With the following test data [name]. @07-04-2022 13:00:25.0155 PM
[ReportManager] API Action [GetResponseJSONValue] successfully performed. With the following test data [name]. @07-04-2022 13:00:25.0170 PM
[ReportManager] API Action [GetResponseJSONValue] successfully performed. With the following test data [name]. @07-04-2022 13:00:25.0188 PM
[ReportManager] API Action [GetResponseJSONValue] successfully performed. With the following test data [name]. @07-04-2022 13:00:25.0200 PM
[ReportManager] API Action [GetResponseJSONValue] successfully performed. With the following test data [name]. @07-04-2022 13:00:25.0213 PM
[ReportManager] API Action [GetResponseJSONValue] successfully performed. With the following test data [name]. @07-04-2022 13:00:25.0229 PM
[ReportManager] API Action [GetResponseJSONValue] successfully performed. With the following test data [name]. @07-04-2022 13:00:25.0244 PM
[ReportManager] API Action [GetResponseJSONValue] successfully performed. With the following test data [name]. @07-04-2022 13:00:25.0258 P

################################################################################################################################################
Starting Execution:	[23 out of 23] test cases in the current suite
Test Method:		[tests.cli.demo.cliTest.sampleTestCase]
################################################################################################################################################
[ReportManager] Attempting to perform the following command locally. Command: [ls] @07-04-2022 13:00:25.0272 PM
[ReportManager] Terminal Action [PerformTerminalCommands] successfully performed. With the following test data [Host Name: "localHost" | Command: "ls" | Exit Status: "0"]. @07-04-2022 13:00:25.0276 PM
[ReportManager] Successfully created attachment [Terminal Action Actual Result - Command Log] @07-04-2022 13:00:25.0276 PM
[ReportManager] Assertion Passed: Demoing local terminal actions @07-04-2022 13:00:25.0276 PM
[ReportManager] Assertion [ValidateEquals] PASSED. Expected [pom.xml] and Actual [LICENSE
README.md
allure-results
docker-compose_native.yml
docker-compose_zalenium.yml
extent-reports
generateJdkMac.sh
pom.xml
readMeImgs
src
target]. Comparison Type [CONTAINS]. Validation Type [POSITIVE]. @07-04-2022 13:00:25.0276 P
[ReportManager] Successfully created attachment [SHAFT Engine Logs - Execution log] @07-04-2022 13:00:25.0290 PM

################################################################################################################################################
This test run was powered by SHAFT Engine Version: [SHAFT Engine v6.1.20220113]
SHAFT Engine is licensed under the MIT License: [https://github.com/MohabMohie/SHAFT_ENGINE/blob/master/LICENSE].
################################################################################################################################################