################################################################################################################################################
Detected SHAFT Engine Version: [SHAFT Engine v6.1.20220113]
################################################################################################################################################
[ReportManager] File Action [GetAbsolutePath] successfully performed. With the following test data [Relative Folder Path: "target/downloadedFiles/"]. @05-03-2022 01:44:29.0273 AM
[ReportManager] Attempting to run remotely on: [Linux-64], [GoogleChrome], [http://localhost:4444/wd/hub], Headless Execution. @05-03-2022 01:44:29.0291 AM
[ReportManager] Successfully Opened [GoogleChrome]. @05-03-2022 01:44:31.0113 AM
[ReportManager] Target URL: [https://www.google.com/ncr], and after redirection: [https://www.google.com] @05-03-2022 01:44:31.0123 AM
[ReportManager] Initial URL: [data:,] @05-03-2022 01:44:31.0262 AM
[ReportManager] Browser Action [NavigateToURL] successfully performed. With the following test data [https://www.google.com/ncr]. @05-03-2022 01:44:32.0674 A

################################################################################################################################################
Starting Execution:	[1 out of 23] test cases in the current suite
Test Method:		[tests.gui.google.C_Search_PageObjectModel_Traditional.navigateToGoogleHomeAndAssertGoogleLogoIsDisplayed]
################################################################################################################################################
[ReportManager] Element Action [IsElementDisplayed] successfully performed. @05-03-2022 01:44:32.0947 AM
[ReportManager] Assertion Passed: Asserting that the Google logo is displayed @05-03-2022 01:44:32.0960 AM
[ReportManager] Assertion [ValidateTrue] PASSED. Expected [TRUE] and Actual [TRUE]. Validation Type [POSITIVE]. @05-03-2022 01:44:32.0960 A
[ReportManager] Browser Action [CloseCurrentWindow] successfully performed. @05-03-2022 01:44:33.0141 AM
[ReportManager] Successfully created attachment [Browser Action Test Data - CloseCurrentWindow - Actual Value] @05-03-2022 01:44:33.0152 A
[ReportManager] File Action [GetAbsolutePath] successfully performed. With the following test data [Relative Folder Path: "target/downloadedFiles/"]. @05-03-2022 01:44:33.0177 AM
[ReportManager] Attempting to run remotely on: [Linux-64], [GoogleChrome], [http://localhost:4444/wd/hub], Headless Execution. @05-03-2022 01:44:33.0177 AM
[ReportManager] Successfully Opened [GoogleChrome]. @05-03-2022 01:44:33.0557 AM
[ReportManager] Target URL: [https://www.google.com/ncr], and after redirection: [https://www.google.com] @05-03-2022 01:44:33.0557 AM
[ReportManager] Initial URL: [data:,] @05-03-2022 01:44:33.0647 AM
[ReportManager] Browser Action [NavigateToURL] successfully performed. With the following test data [https://www.google.com/ncr]. @05-03-2022 01:44:34.0872 A

################################################################################################################################################
Starting Execution:	[2 out of 23] test cases in the current suite
Test Method:		[tests.gui.google.C_Search_PageObjectModel_Traditional.navigateToGoogleHomeAndAssertPageTitle]
################################################################################################################################################
[ReportManager] Browser Action [GetCurrentWindowTitle] successfully performed. With the following test data [Google]. @05-03-2022 01:44:34.0922 AM
[ReportManager] Assertion Passed: Asserting that the page title is Google @05-03-2022 01:44:34.0929 AM
[ReportManager] Assertion [ValidateEquals] PASSED. Expected [Google] and Actual [Google]. Comparison Type [EQUALS]. Validation Type [POSITIVE]. @05-03-2022 01:44:34.0929 A
[ReportManager] Browser Action [CloseCurrentWindow] successfully performed. @05-03-2022 01:44:35.0092 AM
[ReportManager] Successfully created attachment [Browser Action Test Data - CloseCurrentWindow - Actual Value] @05-03-2022 01:44:35.0093 A
[ReportManager] File Action [GetAbsolutePath] successfully performed. With the following test data [Relative Folder Path: "target/downloadedFiles/"]. @05-03-2022 01:44:35.0109 AM
[ReportManager] Attempting to run remotely on: [Linux-64], [GoogleChrome], [http://localhost:4444/wd/hub], Headless Execution. @05-03-2022 01:44:35.0110 AM
[ReportManager] Successfully Opened [GoogleChrome]. @05-03-2022 01:44:35.0503 AM
[ReportManager] Target URL: [https://www.google.com/ncr], and after redirection: [https://www.google.com] @05-03-2022 01:44:35.0503 AM
[ReportManager] Initial URL: [data:,] @05-03-2022 01:44:35.0580 AM
[ReportManager] Browser Action [NavigateToURL] successfully performed. With the following test data [https://www.google.com/ncr]. @05-03-2022 01:44:36.0775 A

################################################################################################################################################
Starting Execution:	[3 out of 23] test cases in the current suite
Test Method:		[tests.gui.google.C_Search_PageObjectModel_Traditional.searchForQueryAndAssertFirstResultTextIsCorrect]
################################################################################################################################################
[ReportManager] Element Action [Type] successfully performed. With the following test data [SHAFT_Engine]. @05-03-2022 01:44:37.0612 AM
[ReportManager] Element Action [KeyPress] successfully performed. With the following test data [ENTER]. @05-03-2022 01:44:39.0032 AM
[ReportManager] Element Action [GetText] successfully performed. With the following test data [SHAFT_ENGINE is a Test Automation Engine that ... - GitHub]. @05-03-2022 01:44:39.0161 AM
[ReportManager] Assertion Failed: Asserting that the correct first result is displayed @05-03-2022 01:44:39.0165 AM
[ReportManager] Assertion [ValidateEquals] FAILED. Expected [MohabMohie] and Actual [SHAFT_ENGINE is a Test Automation Engine that ... - GitHub]. Comparison Type [CONTAINS]. Validation Type [POSITIVE]. @05-03-2022 01:44:39.0165 A
[ReportManager] Browser Action [CloseCurrentWindow] successfully performed. @05-03-2022 01:44:39.0492 AM
[ReportManager] Successfully created attachment [Browser Action Test Data - CloseCurrentWindow - Actual Value] @05-03-2022 01:44:39.0501 A
[ReportManager] An Exception Occured with this Message: src/test/resources/testDataFiles/Google/SimpleSearch.xlsx (No such file or directory). @05-03-2022 01:44:39.0522 AM
[ReportManager] Successfully created attachment [Exception Stack Trace - java.io.FileNotFoundException] @05-03-2022 01:44:39.0522 AM
[ReportManager] Couldn't find the desired file. [src/test/resources/testDataFiles/Google/SimpleSearch.xlsx]. @05-03-2022 01:44:39.0523 A


################################################################################################################################################
Starting Execution:	[4 out of 23] test cases in the current suite
Test Method:		[tests.gui.google.D_Search_PageObjectModel_Traditional_DataDriven.navigateToGoogleHomeAndAssertGoogleLogoIsDisplayed]
###############################################################################################################################################



################################################################################################################################################
Starting Execution:	[5 out of 23] test cases in the current suite
Test Method:		[tests.gui.google.D_Search_PageObjectModel_Traditional_DataDriven.navigateToGoogleHomeAndAssertPageTitle]
###############################################################################################################################################



################################################################################################################################################
Starting Execution:	[6 out of 23] test cases in the current suite
Test Method:		[tests.gui.google.D_Search_PageObjectModel_Traditional_DataDriven.searchForQueryAndAssertFirstResultTextIsCorrect]
###############################################################################################################################################




################################################################################################################################################
Starting Execution:	[7 out of 23] test cases in the current suite
Test Method:		[tests.gui.google.A_Search_FlatTest_NativeSeleniumWebDriver.navigateToGoogleHomeAndAssertGoogleLogoIsDisplayed]
###############################################################################################################################################



################################################################################################################################################
Starting Execution:	[8 out of 23] test cases in the current suite
Test Method:		[tests.gui.google.A_Search_FlatTest_NativeSeleniumWebDriver.navigateToGoogleHomeAndAssertPageTitle]
###############################################################################################################################################



################################################################################################################################################
Starting Execution:	[9 out of 23] test cases in the current suite
Test Method:		[tests.gui.google.A_Search_FlatTest_NativeSeleniumWebDriver.searchForQueryAndAssertFirstResultTextIsCorrect]
###############################################################################################################################################

[ReportManager] An Exception Occured with this Message: src/test/resources/testDataFiles/Google/SimpleSearch.xlsx (No such file or directory). @05-03-2022 01:44:58.0233 AM
[ReportManager] Successfully created attachment [Exception Stack Trace - java.io.FileNotFoundException] @05-03-2022 01:44:58.0234 AM
[ReportManager] Couldn't find the desired file. [src/test/resources/testDataFiles/Google/SimpleSearch.xlsx]. @05-03-2022 01:44:58.0234 A


################################################################################################################################################
Starting Execution:	[10 out of 23] test cases in the current suite
Test Method:		[tests.gui.google.G_Search_PageObjectModel_ThreadSafe.navigateToGoogleHomeAndAssertGoogleLogoIsDisplayed]
###############################################################################################################################################



################################################################################################################################################
Starting Execution:	[11 out of 23] test cases in the current suite
Test Method:		[tests.gui.google.G_Search_PageObjectModel_ThreadSafe.navigateToGoogleHomeAndAssertPageTitle]
###############################################################################################################################################



################################################################################################################################################
Starting Execution:	[12 out of 23] test cases in the current suite
Test Method:		[tests.gui.google.G_Search_PageObjectModel_ThreadSafe.searchForQueryAndAssertFirstResultTextIsCorrect]
###############################################################################################################################################

[ReportManager] An Exception Occured with this Message: src/test/resources/testDataFiles/Google/SimpleSearch.xlsx (No such file or directory). @05-03-2022 01:44:58.0263 AM
[ReportManager] Successfully created attachment [Exception Stack Trace - java.io.FileNotFoundException] @05-03-2022 01:44:58.0263 AM
[ReportManager] Couldn't find the desired file. [src/test/resources/testDataFiles/Google/SimpleSearch.xlsx]. @05-03-2022 01:44:58.0264 A


################################################################################################################################################
Starting Execution:	[13 out of 23] test cases in the current suite
Test Method:		[tests.gui.google.E_Search_PageObjectModel_Traditional_SHAFTAssertions.navigateToGoogleHomeAndAssertGoogleLogoIsDisplayed]
###############################################################################################################################################



################################################################################################################################################
Starting Execution:	[14 out of 23] test cases in the current suite
Test Method:		[tests.gui.google.E_Search_PageObjectModel_Traditional_SHAFTAssertions.navigateToGoogleHomeAndAssertPageTitle]
###############################################################################################################################################



################################################################################################################################################
Starting Execution:	[15 out of 23] test cases in the current suite
Test Method:		[tests.gui.google.E_Search_PageObjectModel_Traditional_SHAFTAssertions.searchForQueryAndAssertFirstResultTextIsCorrect]
###############################################################################################################################################

[ReportManager] An Exception Occured with this Message: src/test/resources/testDataFiles/Google/SimpleSearch.xlsx (No such file or directory). @05-03-2022 01:44:58.0296 AM
[ReportManager] Successfully created attachment [Exception Stack Trace - java.io.FileNotFoundException] @05-03-2022 01:44:58.0296 AM
[ReportManager] Couldn't find the desired file. [src/test/resources/testDataFiles/Google/SimpleSearch.xlsx]. @05-03-2022 01:44:58.0297 A


################################################################################################################################################
Starting Execution:	[16 out of 23] test cases in the current suite
Test Method:		[tests.gui.google.F_Search_PageObjectModel_Fluent.navigateToGoogleHomeAndAssertGoogleLogoIsDisplayed]
###############################################################################################################################################



################################################################################################################################################
Starting Execution:	[17 out of 23] test cases in the current suite
Test Method:		[tests.gui.google.F_Search_PageObjectModel_Fluent.navigateToGoogleHomeAndAssertPageTitle]
###############################################################################################################################################



################################################################################################################################################
Starting Execution:	[18 out of 23] test cases in the current suite
Test Method:		[tests.gui.google.F_Search_PageObjectModel_Fluent.searchForQueryAndAssertFirstResultTextIsCorrect]
###############################################################################################################################################

[ReportManager] File Action [GetAbsolutePath] successfully performed. With the following test data [Relative Folder Path: "target/downloadedFiles/"]. @05-03-2022 01:44:58.0334 AM
[ReportManager] Attempting to run remotely on: [Linux-64], [GoogleChrome], [http://localhost:4444/wd/hub], Headless Execution. @05-03-2022 01:44:58.0334 AM
[ReportManager] Successfully Opened [GoogleChrome]. @05-03-2022 01:44:58.0761 AM
[ReportManager] Target URL: [https://www.google.com/ncr], and after redirection: [https://www.google.com] @05-03-2022 01:44:58.0762 AM
[ReportManager] Initial URL: [data:,] @05-03-2022 01:44:58.0832 AM
[ReportManager] Browser Action [NavigateToURL] successfully performed. With the following test data [https://www.google.com/ncr]. @05-03-2022 01:45:00.0014 A

################################################################################################################################################
Starting Execution:	[19 out of 23] test cases in the current suite
Test Method:		[tests.gui.google.B_Search_FlatTest_SHAFT.navigateToGoogleHomeAndAssertGoogleLogoIsDisplayed]
################################################################################################################################################
[ReportManager] File Action [DoesFileExist] successfully performed. With the following test data [File Path: "src/main/resources/dynamicObjectRepository/tests_gui_google_B_Search_FlatTest_SHAFT_navigateToGoogleHomeAndAssertGoogleLogoIsDisplayed_By_xpath_img_id_hplogo_or_alt_Google.png"]. @05-03-2022 01:45:00.0021 AM
[ReportManager] File Action [GetAbsolutePath] successfully performed. With the following test data [Relative Folder Path: "src/main/resources/dynamicObjectRepository/tests_gui_google_B_Search_FlatTest_SHAFT_navigateToGoogleHomeAndAssertGoogleLogoIsDisplayed_By_xpath_img_id_hplogo_or_alt_Google.png"]. @05-03-2022 01:45:00.0021 AM
[ReportManager] File Action [ReadFromImageFile] successfully performed. With the following test data [File Path: "/home/runner/work/using_SHAFT_ENGINE/using_SHAFT_ENGINE/src/main/resources/dynamicObjectRepository/tests_gui_google_B_Search_FlatTest_SHAFT_navigateToGoogleHomeAndAssertGoogleLogoIsDisplayed_By_xpath_img_id_hplogo_or_alt_Google.png"]. @05-03-2022 01:45:00.0022 AM
[ReportManager] File Action [DoesFileExist] successfully performed. With the following test data [File Path: "src/main/resources/dynamicObjectRepository/tests_gui_google_B_Search_FlatTest_SHAFT_navigateToGoogleHomeAndAssertGoogleLogoIsDisplayed_By_xpath_img_id_hplogo_or_alt_Google.png"]. @05-03-2022 01:45:00.0348 AM
[ReportManager] File Action [DoesFileExist] successfully performed. With the following test data [File Path: "src/main/resources/dynamicObjectRepository/tests_gui_google_B_Search_FlatTest_SHAFT_navigateToGoogleHomeAndAssertGoogleLogoIsDisplayed_By_xpath_img_id_hplogo_or_alt_Google.png"]. @05-03-2022 01:45:00.0349 AM
[ReportManager] File Action [GetAbsolutePath] successfully performed. With the following test data [Relative Folder Path: "src/main/resources/dynamicObjectRepository/tests_gui_google_B_Search_FlatTest_SHAFT_navigateToGoogleHomeAndAssertGoogleLogoIsDisplayed_By_xpath_img_id_hplogo_or_alt_Google.png"]. @05-03-2022 01:45:00.0368 AM
[ReportManager] File Action [ReadFromImageFile] successfully performed. With the following test data [File Path: "/home/runner/work/using_SHAFT_ENGINE/using_SHAFT_ENGINE/src/main/resources/dynamicObjectRepository/tests_gui_google_B_Search_FlatTest_SHAFT_navigateToGoogleHomeAndAssertGoogleLogoIsDisplayed_By_xpath_img_id_hplogo_or_alt_Google.png"]. @05-03-2022 01:45:00.0369 AM
[ReportManager] Accuracy threshold is [80.0%] and the actual match accuracy is [13.49063515663147%]. @05-03-2022 01:45:00.0374 AM
[ReportManager] File Action [GetAbsolutePath] successfully performed. With the following test data [Relative Folder Path: "src/main/resources/dynamicObjectRepository/tests_gui_google_B_Search_FlatTest_SHAFT_navigateToGoogleHomeAndAssertGoogleLogoIsDisplayed_By_xpath_img_id_hplogo_or_alt_Google.png"]. @05-03-2022 01:45:00.0380 AM
[ReportManager] File Action [ReadFromImageFile] successfully performed. With the following test data [File Path: "/home/runner/work/using_SHAFT_ENGINE/using_SHAFT_ENGINE/src/main/resources/dynamicObjectRepository/tests_gui_google_B_Search_FlatTest_SHAFT_navigateToGoogleHomeAndAssertGoogleLogoIsDisplayed_By_xpath_img_id_hplogo_or_alt_Google.png"]. @05-03-2022 01:45:00.0381 AM
[ReportManager] Accuracy threshold is [70.0%] and the actual match accuracy is [0.0%]. @05-03-2022 01:45:00.0385 AM
[ReportManager] File Action [GetAbsolutePath] successfully performed. With the following test data [Relative Folder Path: "src/main/resources/dynamicObjectRepository/tests_gui_google_B_Search_FlatTest_SHAFT_navigateToGoogleHomeAndAssertGoogleLogoIsDisplayed_By_xpath_img_id_hplogo_or_alt_Google.png"]. @05-03-2022 01:45:00.0398 AM
[ReportManager] File Action [ReadFromImageFile] successfully performed. With the following test data [File Path: "/home/runner/work/using_SHAFT_ENGINE/using_SHAFT_ENGINE/src/main/resources/dynamicObjectRepository/tests_gui_google_B_Search_FlatTest_SHAFT_navigateToGoogleHomeAndAssertGoogleLogoIsDisplayed_By_xpath_img_id_hplogo_or_alt_Google.png"]. @05-03-2022 01:45:00.0398 AM
[ReportManager] Accuracy threshold is [60.0%] and the actual match accuracy is [19.887112081050873%]. @05-03-2022 01:45:00.0402 AM
[ReportManager] Assertion Failed: Asserting that the Google logo is displayed @05-03-2022 01:45:00.0403 AM
[ReportManager] Successfully created attachment [Validation Test Data - Reference Screenshot] @05-03-2022 01:45:00.0407 AM
[ReportManager] Successfully created attachment [Validation Test Data - Actual Screenshot] @05-03-2022 01:45:00.0408 AM
[ReportManager] Assertion [ValidateElementMatches] FAILED. Expected [Element should match the reference screenshot] and Actual [FALSE]. Comparison Type [EXACT_OPENCV]. Validation Type [POSITIVE]. @05-03-2022 01:45:00.0409 A
[ReportManager] Browser Action [CloseCurrentWindow] successfully performed. @05-03-2022 01:45:00.0569 AM
[ReportManager] Successfully created attachment [Browser Action Test Data - CloseCurrentWindow - Actual Value] @05-03-2022 01:45:00.0570 A
[ReportManager] File Action [GetAbsolutePath] successfully performed. With the following test data [Relative Folder Path: "target/downloadedFiles/"]. @05-03-2022 01:45:00.0575 AM
[ReportManager] Attempting to run remotely on: [Linux-64], [GoogleChrome], [http://localhost:4444/wd/hub], Headless Execution. @05-03-2022 01:45:00.0576 AM
[ReportManager] Successfully Opened [GoogleChrome]. @05-03-2022 01:45:00.0796 AM
[ReportManager] Target URL: [https://www.google.com/ncr], and after redirection: [https://www.google.com] @05-03-2022 01:45:00.0797 AM
[ReportManager] Initial URL: [data:,] @05-03-2022 01:45:00.0868 AM
[ReportManager] Browser Action [NavigateToURL] successfully performed. With the following test data [https://www.google.com/ncr]. @05-03-2022 01:45:02.0123 A

################################################################################################################################################
Starting Execution:	[20 out of 23] test cases in the current suite
Test Method:		[tests.gui.google.B_Search_FlatTest_SHAFT.navigateToGoogleHomeAndAssertPageTitle]
################################################################################################################################################
[ReportManager] Browser Action [GetCurrentWindowTitle] successfully performed. With the following test data [Google]. @05-03-2022 01:45:02.0181 AM
[ReportManager] Assertion Passed: Asserting that the page title is Google @05-03-2022 01:45:02.0916 AM
[ReportManager] Successfully created attachment [Screenshot - 1646444702419_navigateToGoogleHomeAndAssertPageTitle_ValidateBrowserAttribute_passed] @05-03-2022 01:45:02.0926 AM
[ReportManager] Assertion [ValidateBrowserAttribute] PASSED. Expected [Value Should be 'Google' for the 'Title' attribute] and Actual [Google]. Comparison Type [EQUALS]. Validation Type [POSITIVE]. @05-03-2022 01:45:02.0926 A
[ReportManager] Browser Action [CloseCurrentWindow] successfully performed. @05-03-2022 01:45:03.0080 AM
[ReportManager] Successfully created attachment [Browser Action Test Data - CloseCurrentWindow - Actual Value] @05-03-2022 01:45:03.0083 A
[ReportManager] File Action [GetAbsolutePath] successfully performed. With the following test data [Relative Folder Path: "target/downloadedFiles/"]. @05-03-2022 01:45:03.0086 AM
[ReportManager] Attempting to run remotely on: [Linux-64], [GoogleChrome], [http://localhost:4444/wd/hub], Headless Execution. @05-03-2022 01:45:03.0086 AM
[ReportManager] Successfully Opened [GoogleChrome]. @05-03-2022 01:45:03.0295 AM
[ReportManager] Target URL: [https://www.google.com/ncr], and after redirection: [https://www.google.com] @05-03-2022 01:45:03.0295 AM
[ReportManager] Initial URL: [data:,] @05-03-2022 01:45:03.0361 AM
[ReportManager] Browser Action [NavigateToURL] successfully performed. With the following test data [https://www.google.com/ncr]. @05-03-2022 01:45:04.0490 A

################################################################################################################################################
Starting Execution:	[21 out of 23] test cases in the current suite
Test Method:		[tests.gui.google.B_Search_FlatTest_SHAFT.searchForQueryAndAssertFirstResultTextIsCorrect]
################################################################################################################################################
[ReportManager] Element Action [Type] successfully performed. With the following test data [SHAFT_Engine]. @05-03-2022 01:45:05.0297 AM
[ReportManager] Element Action [KeyPress] successfully performed. With the following test data [ENTER]. @05-03-2022 01:45:06.0737 AM
[ReportManager] Element Action [GetText] successfully performed. With the following test data [SHAFT_ENGINE is a Test Automation Engine that ... - GitHub]. @05-03-2022 01:45:06.0871 AM
[ReportManager] Assertion Failed: Asserting that the correct first result is displayed @05-03-2022 01:45:07.0472 AM
[ReportManager] Successfully created attachment [Screenshot - 1646444707315_searchForQueryAndAssertFirstResultTextIsCorrect_ValidateElementAttribute_failed] @05-03-2022 01:45:07.0486 AM
[ReportManager] Assertion [ValidateElementAttribute] FAILED. Expected [Value Should be 'MohabMohie' for the 'Text' attribute, element locator 'By.xpath: (//h1[contains(text(),'Search Result')]/following-sibling::div//a/h3)[1]'] and Actual [SHAFT_ENGINE is a Test Automation Engine that ... - GitHub]. Comparison Type [CONTAINS]. Validation Type [POSITIVE]. @05-03-2022 01:45:07.0487 A
[ReportManager] Browser Action [CloseCurrentWindow] successfully performed. @05-03-2022 01:45:07.0780 AM
[ReportManager] Successfully created attachment [Browser Action Test Data - CloseCurrentWindow - Actual Value] @05-03-2022 01:45:07.0783 A

################################################################################################################################################
Starting Execution:	[22 out of 23] test cases in the current suite
Test Method:		[tests.cli.demo.cliTest.sampleTestCase]
################################################################################################################################################
[ReportManager] Attempting to perform the following command locally. Command: [ls] @05-03-2022 01:45:07.0802 AM
[ReportManager] Terminal Action [PerformTerminalCommands] successfully performed. With the following test data [Host Name: "localHost" | Command: "ls" | Exit Status: "0"]. @05-03-2022 01:45:07.0806 AM
[ReportManager] Successfully created attachment [Terminal Action Actual Result - Command Log] @05-03-2022 01:45:07.0806 AM
[ReportManager] Assertion Passed: Demoing local terminal actions @05-03-2022 01:45:07.0807 AM
[ReportManager] Assertion [ValidateEquals] PASSED. Expected [pom.xml] and Actual [LICENSE
README.md
allure-results
docker-compose_native.yml
docker-compose_zalenium.yml
extent-reports
pom.xml
readMeImgs
src
target]. Comparison Type [CONTAINS]. Validation Type [POSITIVE]. @05-03-2022 01:45:07.0807 A

################################################################################################################################################
Starting Execution:	[23 out of 23] test cases in the current suite
Test Method:		[tests.api.users.UserData.validateUserEmail]
################################################################################################################################################
[ReportManager] Response status code: [200], status line: [HTTP/1.1 200 OK] @05-03-2022 01:45:09.0877 AM
[ReportManager] Assertion Passed: Evaluating the actual response status code against the expected one... @05-03-2022 01:45:09.0882 AM
[ReportManager] Assertion [ValidateComparativeRelation] PASSED. Expected [200] and Actual [200]. Comparison Type [EQUALS]. Validation Type [POSITIVE]. @05-03-2022 01:45:09.0882 AM
[ReportManager] API Action [PerformRequest] successfully performed. With the following test data [Request Type: "GET" | Target Status Code: "200" | Service URL: "https://jsonplaceholder.typicode.com/users" | Content Type: "*/*" | Response Time: "755ms"]. @05-03-2022 01:45:10.0733 AM
[ReportManager] Successfully created attachment [API Request - Specifications] @05-03-2022 01:45:10.0734 AM
[ReportManager] Successfully created attachment [API Response - JSON Body] @05-03-2022 01:45:10.0969 AM
[ReportManager] Assertion [ValidateEquals] PASSED. Expected and Actual values are attached. Comparison Type [CONTAINS]. Validation Type [POSITIVE]. @05-03-2022 01:45:10.0971 AM
[ReportManager] Successfully created attachment [Validation Test Data - Expected Value] @05-03-2022 01:45:10.0971 AM
[ReportManager] Successfully created attachment [Validation Test Data - Actual Value] @05-03-2022 01:45:10.0971 AM
[ReportManager] API Action [GetResponseJSONValueAsList] successfully performed. With the following test data [$]. @05-03-2022 01:45:10.0994 AM
[ReportManager] API Action [GetResponseJSONValue] successfully performed. With the following test data [name]. @05-03-2022 01:45:11.0027 AM
[ReportManager] API Action [GetResponseJSONValue] successfully performed. With the following test data [email]. @05-03-2022 01:45:11.0047 AM
[ReportManager] Assertion [ValidateEquals] PASSED. Expected [Sincere@april.biz] and Actual [Sincere@april.biz]. Comparison Type [EQUALS]. Validation Type [POSITIVE]. @05-03-2022 01:45:11.0047 AM
[ReportManager] API Action [GetResponseJSONValue] successfully performed. With the following test data [name]. @05-03-2022 01:45:11.0069 AM
[ReportManager] API Action [GetResponseJSONValue] successfully performed. With the following test data [name]. @05-03-2022 01:45:11.0088 AM
[ReportManager] API Action [GetResponseJSONValue] successfully performed. With the following test data [name]. @05-03-2022 01:45:11.0102 AM
[ReportManager] API Action [GetResponseJSONValue] successfully performed. With the following test data [name]. @05-03-2022 01:45:11.0116 AM
[ReportManager] API Action [GetResponseJSONValue] successfully performed. With the following test data [name]. @05-03-2022 01:45:11.0132 AM
[ReportManager] API Action [GetResponseJSONValue] successfully performed. With the following test data [name]. @05-03-2022 01:45:11.0144 AM
[ReportManager] API Action [GetResponseJSONValue] successfully performed. With the following test data [name]. @05-03-2022 01:45:11.0157 AM
[ReportManager] API Action [GetResponseJSONValue] successfully performed. With the following test data [name]. @05-03-2022 01:45:11.0170 AM
[ReportManager] API Action [GetResponseJSONValue] successfully performed. With the following test data [name]. @05-03-2022 01:45:11.0188 A
[ReportManager] Successfully created attachment [SHAFT Engine Logs - Execution log] @05-03-2022 01:45:11.0213 AM

################################################################################################################################################
This test run was powered by SHAFT Engine Version: [SHAFT Engine v6.1.20220113]
SHAFT Engine is licensed under the MIT License: [https://github.com/MohabMohie/SHAFT_ENGINE/blob/master/LICENSE].
################################################################################################################################################