################################################################################################################################################
Detected SHAFT Engine Version: [SHAFT Engine v5.3.20210902]
################################################################################################################################################

################################################################################################################################################
Starting Execution:	[1 out of 23] test cases in the current suite
Test Method:		[tests.cli.demo.cliTest.sampleTestCase]
################################################################################################################################################
[ReportManager] Attempting to perform the following command locally. Command: [ls] @05-10-2021 19:06:56.0714 PM
[ReportManager] Terminal Action [PerformTerminalCommands] successfully performed. With the following test data [Host Name: "localHost" | Command: "ls" | Exit Status: "0"]. @05-10-2021 19:06:56.0731 PM
[ReportManager] Successfully created attachment [Terminal Action Actual Result - Command Log] @05-10-2021 19:06:56.0745 PM
[ReportManager] Assertion Passed: Demoing local terminal actions @05-10-2021 19:06:56.0762 PM
[ReportManager] Assertion [ValidateEquals] PASSED. Expected [pom.xml] and Actual [LICENSE
README.md
allure-results
docker-compose_native.yml
docker-compose_zalenium.yml
extent-reports
pom.xml
readMeImgs
src
target]. Comparison Type [CONTAINS]. Validation Type [POSITIVE]. @05-10-2021 19:06:56.0762 P

################################################################################################################################################
Starting Execution:	[2 out of 23] test cases in the current suite
Test Method:		[tests.api.users.UserData.validateUserEmail]
################################################################################################################################################
[ReportManager] Response status code: [200], status line: [HTTP/1.1 200 OK] @05-10-2021 19:06:59.0731 PM
[ReportManager] Assertion Passed: Evaluating the actual response status code against the expected one... @05-10-2021 19:06:59.0732 PM
[ReportManager] Assertion [ValidateEquals] PASSED. Expected [200] and Actual [200]. Comparison Type [EQUALS]. Validation Type [POSITIVE]. @05-10-2021 19:06:59.0732 PM
[ReportManager] API Action [PerformRequest] successfully performed. With the following test data [Request Type: "GET" | Target Status Code: "200" | Service URL: "https://jsonplaceholder.typicode.com/users" | Content Type: "*/*" | Response Time: "1057ms"]. @05-10-2021 19:07:01.0019 PM
[ReportManager] Successfully created attachment [API Request - Specifications] @05-10-2021 19:07:01.0020 PM
[ReportManager] Successfully created attachment [API Response - JSON Body] @05-10-2021 19:07:01.0328 PM
[ReportManager] Assertion [ValidateEquals] PASSED. Expected and Actual values are attached. Comparison Type [CONTAINS]. Validation Type [POSITIVE]. @05-10-2021 19:07:01.0330 PM
[ReportManager] Successfully created attachment [Validation Test Data - Expected Value] @05-10-2021 19:07:01.0331 PM
[ReportManager] Successfully created attachment [Validation Test Data - Actual Value] @05-10-2021 19:07:01.0331 PM
[ReportManager] API Action [GetResponseJSONValueAsList] successfully performed. With the following test data [$]. @05-10-2021 19:07:01.0354 PM
[ReportManager] API Action [GetResponseJSONValue] successfully performed. With the following test data [name]. @05-10-2021 19:07:01.0387 PM
[ReportManager] API Action [GetResponseJSONValue] successfully performed. With the following test data [email]. @05-10-2021 19:07:01.0411 PM
[ReportManager] Assertion [ValidateEquals] PASSED. Expected [Sincere@april.biz] and Actual [Sincere@april.biz]. Comparison Type [EQUALS]. Validation Type [POSITIVE]. @05-10-2021 19:07:01.0412 PM
[ReportManager] API Action [GetResponseJSONValue] successfully performed. With the following test data [name]. @05-10-2021 19:07:01.0438 PM
[ReportManager] API Action [GetResponseJSONValue] successfully performed. With the following test data [name]. @05-10-2021 19:07:01.0461 PM
[ReportManager] API Action [GetResponseJSONValue] successfully performed. With the following test data [name]. @05-10-2021 19:07:01.0485 PM
[ReportManager] API Action [GetResponseJSONValue] successfully performed. With the following test data [name]. @05-10-2021 19:07:01.0511 PM
[ReportManager] API Action [GetResponseJSONValue] successfully performed. With the following test data [name]. @05-10-2021 19:07:01.0536 PM
[ReportManager] API Action [GetResponseJSONValue] successfully performed. With the following test data [name]. @05-10-2021 19:07:01.0559 PM
[ReportManager] API Action [GetResponseJSONValue] successfully performed. With the following test data [name]. @05-10-2021 19:07:01.0572 PM
[ReportManager] API Action [GetResponseJSONValue] successfully performed. With the following test data [name]. @05-10-2021 19:07:01.0583 PM
[ReportManager] API Action [GetResponseJSONValue] successfully performed. With the following test data [name]. @05-10-2021 19:07:01.0595 P
[ReportManager] File Action [GetAbsolutePath] successfully performed. With the following test data [Relative Folder Path: "target/downloadedFiles/"]. @05-10-2021 19:07:01.0621 PM
[ReportManager] Attempting to run remotely on: [Linux-64], [GoogleChrome], [http://localhost:4444/wd/hub], Headless Execution. @05-10-2021 19:07:01.0650 PM
[ReportManager] Successfully Opened [GoogleChrome]. @05-10-2021 19:07:03.0063 PM
[ReportManager] Target URL: [https://www.google.com/ncr], and after redirection: [https://www.google.com] @05-10-2021 19:07:03.0131 PM
[ReportManager] Initial URL: [data:,] @05-10-2021 19:07:03.0259 PM
[ReportManager] Browser Action [NavigateToURL] successfully performed. With the following test data [https://www.google.com/ncr]. @05-10-2021 19:07:04.0897 P

################################################################################################################################################
Starting Execution:	[3 out of 23] test cases in the current suite
Test Method:		[tests.gui.google.C_Search_PageObjectModel_Traditional.navigateToGoogleHomeAndAssertGoogleLogoIsDisplayed]
################################################################################################################################################
[ReportManager] Element Action [IsElementDisplayed] successfully performed. @05-10-2021 19:07:05.0122 PM
[ReportManager] Assertion Passed: Asserting that the Google logo is displayed @05-10-2021 19:07:05.0123 PM
[ReportManager] Assertion [ValidateTrue] PASSED. Expected [TRUE] and Actual [TRUE]. Validation Type [POSITIVE]. @05-10-2021 19:07:05.0123 P
[ReportManager] Browser Action [CloseCurrentWindow] successfully performed. @05-10-2021 19:07:05.0285 PM
[ReportManager] Successfully created attachment [Browser Action Test Data - CloseCurrentWindow - Actual Value] @05-10-2021 19:07:05.0292 P
[ReportManager] File Action [GetAbsolutePath] successfully performed. With the following test data [Relative Folder Path: "target/downloadedFiles/"]. @05-10-2021 19:07:05.0322 PM
[ReportManager] Attempting to run remotely on: [Linux-64], [GoogleChrome], [http://localhost:4444/wd/hub], Headless Execution. @05-10-2021 19:07:05.0322 PM
[ReportManager] Successfully Opened [GoogleChrome]. @05-10-2021 19:07:06.0059 PM
[ReportManager] Target URL: [https://www.google.com/ncr], and after redirection: [https://www.google.com] @05-10-2021 19:07:06.0104 PM
[ReportManager] Initial URL: [data:,] @05-10-2021 19:07:06.0211 PM
[ReportManager] Browser Action [NavigateToURL] successfully performed. With the following test data [https://www.google.com/ncr]. @05-10-2021 19:07:07.0377 P

################################################################################################################################################
Starting Execution:	[4 out of 23] test cases in the current suite
Test Method:		[tests.gui.google.C_Search_PageObjectModel_Traditional.navigateToGoogleHomeAndAssertPageTitle]
################################################################################################################################################
[ReportManager] Browser Action [GetCurrentWindowTitle] successfully performed. With the following test data [Google]. @05-10-2021 19:07:07.0437 PM
[ReportManager] Assertion Passed: Asserting that the page title is Google @05-10-2021 19:07:07.0438 PM
[ReportManager] Assertion [ValidateEquals] PASSED. Expected [Google] and Actual [Google]. Comparison Type [EQUALS]. Validation Type [POSITIVE]. @05-10-2021 19:07:07.0438 P
[ReportManager] Browser Action [CloseCurrentWindow] successfully performed. @05-10-2021 19:07:07.0615 PM
[ReportManager] Successfully created attachment [Browser Action Test Data - CloseCurrentWindow - Actual Value] @05-10-2021 19:07:07.0629 P
[ReportManager] File Action [GetAbsolutePath] successfully performed. With the following test data [Relative Folder Path: "target/downloadedFiles/"]. @05-10-2021 19:07:07.0641 PM
[ReportManager] Attempting to run remotely on: [Linux-64], [GoogleChrome], [http://localhost:4444/wd/hub], Headless Execution. @05-10-2021 19:07:07.0642 PM
[ReportManager] Successfully Opened [GoogleChrome]. @05-10-2021 19:07:08.0380 PM
[ReportManager] Target URL: [https://www.google.com/ncr], and after redirection: [https://www.google.com] @05-10-2021 19:07:08.0424 PM
[ReportManager] Initial URL: [data:,] @05-10-2021 19:07:08.0500 PM
[ReportManager] Browser Action [NavigateToURL] successfully performed. With the following test data [https://www.google.com/ncr]. @05-10-2021 19:07:09.0566 P

################################################################################################################################################
Starting Execution:	[5 out of 23] test cases in the current suite
Test Method:		[tests.gui.google.C_Search_PageObjectModel_Traditional.searchForQueryAndAssertFirstResultTextIsCorrect]
################################################################################################################################################
[ReportManager] Element Action [Type] successfully performed. With the following test data [SHAFT_Engine]. @05-10-2021 19:07:10.0449 PM
[ReportManager] Element Action [KeyPress] successfully performed. With the following test data [ENTER]. @05-10-2021 19:07:11.0926 PM
[ReportManager] Element Action [GetText] successfully performed. With the following test data [SHAFT_ENGINE is a Test Automation Engine that ... - GitHub]. @05-10-2021 19:07:12.0059 PM
[ReportManager] Assertion Failed: Asserting that the correct first result is displayed @05-10-2021 19:07:12.0061 PM
[ReportManager] Assertion [ValidateEquals] FAILED. Expected [MohabMohie] and Actual [SHAFT_ENGINE is a Test Automation Engine that ... - GitHub]. Comparison Type [CONTAINS]. Validation Type [POSITIVE]. @05-10-2021 19:07:12.0061 P
[ReportManager] Browser Action [CloseCurrentWindow] successfully performed. @05-10-2021 19:07:12.0420 PM
[ReportManager] Successfully created attachment [Browser Action Test Data - CloseCurrentWindow - Actual Value] @05-10-2021 19:07:12.0465 P
[ReportManager] Successfully loaded the following test data file [src/test/resources/TestDataFiles/Google/SimpleSearch.xlsx]. @05-10-2021 19:07:13.0531 PM
[ReportManager] Successfully created attachment [Test Data - Excel] @05-10-2021 19:07:13.0532 P
[ReportManager] File Action [GetAbsolutePath] successfully performed. With the following test data [Relative Folder Path: "target/downloadedFiles/"]. @05-10-2021 19:07:13.0534 PM
[ReportManager] Attempting to run remotely on: [Linux-64], [GoogleChrome], [http://localhost:4444/wd/hub], Headless Execution. @05-10-2021 19:07:13.0538 PM
[ReportManager] Successfully Opened [GoogleChrome]. @05-10-2021 19:07:14.0268 PM
[ReportManager] Target URL: [https://www.google.com/ncr], and after redirection: [https://www.google.com] @05-10-2021 19:07:14.0308 PM
[ReportManager] Initial URL: [data:,] @05-10-2021 19:07:14.0382 PM
[ReportManager] Browser Action [NavigateToURL] successfully performed. With the following test data [https://www.google.com/ncr]. @05-10-2021 19:07:15.0439 P

################################################################################################################################################
Starting Execution:	[6 out of 23] test cases in the current suite
Test Method:		[tests.gui.google.E_Search_PageObjectModel_Traditional_SHAFTAssertions.navigateToGoogleHomeAndAssertGoogleLogoIsDisplayed]
################################################################################################################################################
[ReportManager] File Action [DoesFileExist] successfully performed. With the following test data [File Path: "src/test/resources/DynamicObjectRepository/tests_gui_google_E_Search_PageObjectModel_Traditional_SHAFTAssertions_navigateToGoogleHomeAndAssertGoogleLogoIsDisplayed_By_xpath_img_id_hplogo_or_alt_Google.png"]. @05-10-2021 19:07:15.0456 PM
[ReportManager] File Action [GetAbsolutePath] successfully performed. With the following test data [Relative Folder Path: "src/test/resources/DynamicObjectRepository/tests_gui_google_E_Search_PageObjectModel_Traditional_SHAFTAssertions_navigateToGoogleHomeAndAssertGoogleLogoIsDisplayed_By_xpath_img_id_hplogo_or_alt_Google.png"]. @05-10-2021 19:07:15.0456 PM
[ReportManager] File Action [ReadFromImageFile] successfully performed. With the following test data [File Path: "/home/runner/work/using_SHAFT_ENGINE/using_SHAFT_ENGINE/src/test/resources/DynamicObjectRepository/tests_gui_google_E_Search_PageObjectModel_Traditional_SHAFTAssertions_navigateToGoogleHomeAndAssertGoogleLogoIsDisplayed_By_xpath_img_id_hplogo_or_alt_Google.png"]. @05-10-2021 19:07:15.0456 PM
[ReportManager] File Action [DoesFileExist] successfully performed. With the following test data [File Path: "src/test/resources/DynamicObjectRepository/tests_gui_google_E_Search_PageObjectModel_Traditional_SHAFTAssertions_navigateToGoogleHomeAndAssertGoogleLogoIsDisplayed_By_xpath_img_id_hplogo_or_alt_Google.png"]. @05-10-2021 19:07:15.0716 PM
[ReportManager] File Action [DoesFileExist] successfully performed. With the following test data [File Path: "src/test/resources/DynamicObjectRepository/tests_gui_google_E_Search_PageObjectModel_Traditional_SHAFTAssertions_navigateToGoogleHomeAndAssertGoogleLogoIsDisplayed_By_xpath_img_id_hplogo_or_alt_Google.png"]. @05-10-2021 19:07:15.0716 PM
[ReportManager] Loaded Shared OpenCV @05-10-2021 19:07:16.0271 PM
[ReportManager] Successfully identified the element using AI; OpenCV. @05-10-2021 19:07:16.0299 PM
[ReportManager] Assertion Passed: Asserting that the Google logo is displayed @05-10-2021 19:07:16.0300 PM
[ReportManager] Successfully created attachment [Validation Test Data - Reference Screenshot] @05-10-2021 19:07:16.0301 PM
[ReportManager] Successfully created attachment [Validation Test Data - Actual Screenshot] @05-10-2021 19:07:16.0301 PM
[ReportManager] Assertion [ValidateElementMatches] PASSED. Expected [Element should match the reference screenshot] and Actual [TRUE]. Comparison Type [EXACT_OPENCV]. Validation Type [POSITIVE]. @05-10-2021 19:07:16.0302 P
[ReportManager] Browser Action [CloseCurrentWindow] successfully performed. @05-10-2021 19:07:16.0488 PM
[ReportManager] Successfully created attachment [Browser Action Test Data - CloseCurrentWindow - Actual Value] @05-10-2021 19:07:16.0491 P
[ReportManager] File Action [GetAbsolutePath] successfully performed. With the following test data [Relative Folder Path: "target/downloadedFiles/"]. @05-10-2021 19:07:16.0494 PM
[ReportManager] Attempting to run remotely on: [Linux-64], [GoogleChrome], [http://localhost:4444/wd/hub], Headless Execution. @05-10-2021 19:07:16.0495 PM
[ReportManager] Successfully Opened [GoogleChrome]. @05-10-2021 19:07:16.0827 PM
[ReportManager] Target URL: [https://www.google.com/ncr], and after redirection: [https://www.google.com] @05-10-2021 19:07:16.0853 PM
[ReportManager] Initial URL: [data:,] @05-10-2021 19:07:16.0908 PM
[ReportManager] Browser Action [NavigateToURL] successfully performed. With the following test data [https://www.google.com/ncr]. @05-10-2021 19:07:17.0915 P

################################################################################################################################################
Starting Execution:	[7 out of 23] test cases in the current suite
Test Method:		[tests.gui.google.E_Search_PageObjectModel_Traditional_SHAFTAssertions.navigateToGoogleHomeAndAssertPageTitle]
################################################################################################################################################
[ReportManager] Browser Action [GetCurrentWindowTitle] successfully performed. With the following test data [Google]. @05-10-2021 19:07:17.0974 PM
[ReportManager] Assertion Passed: Asserting that the page title is Google @05-10-2021 19:07:18.0285 PM
[ReportManager] Successfully created attachment [Screenshot - 1633460838071_navigateToGoogleHomeAndAssertPageTitle_ValidateBrowserAttribute_passed] @05-10-2021 19:07:18.0292 PM
[ReportManager] Assertion [ValidateBrowserAttribute] PASSED. Expected [Value Should be 'Google' for the 'Title' attribute] and Actual [Google]. Comparison Type [EQUALS]. Validation Type [POSITIVE]. @05-10-2021 19:07:18.0292 P
[ReportManager] Browser Action [CloseCurrentWindow] successfully performed. @05-10-2021 19:07:18.0453 PM
[ReportManager] Successfully created attachment [Browser Action Test Data - CloseCurrentWindow - Actual Value] @05-10-2021 19:07:18.0454 P
[ReportManager] File Action [GetAbsolutePath] successfully performed. With the following test data [Relative Folder Path: "target/downloadedFiles/"]. @05-10-2021 19:07:18.0457 PM
[ReportManager] Attempting to run remotely on: [Linux-64], [GoogleChrome], [http://localhost:4444/wd/hub], Headless Execution. @05-10-2021 19:07:18.0457 PM
[ReportManager] Successfully Opened [GoogleChrome]. @05-10-2021 19:07:18.0776 PM
[ReportManager] Target URL: [https://www.google.com/ncr], and after redirection: [https://www.google.com] @05-10-2021 19:07:18.0809 PM
[ReportManager] Initial URL: [data:,] @05-10-2021 19:07:18.0875 PM
[ReportManager] Browser Action [NavigateToURL] successfully performed. With the following test data [https://www.google.com/ncr]. @05-10-2021 19:07:19.0895 P

################################################################################################################################################
Starting Execution:	[8 out of 23] test cases in the current suite
Test Method:		[tests.gui.google.E_Search_PageObjectModel_Traditional_SHAFTAssertions.searchForQueryAndAssertFirstResultTextIsCorrect]
################################################################################################################################################
[ReportManager] Element Action [Type] successfully performed. With the following test data [SHAFT_Engine]. @05-10-2021 19:07:20.0758 PM
[ReportManager] Element Action [KeyPress] successfully performed. With the following test data [ENTER]. @05-10-2021 19:07:22.0125 PM
[ReportManager] Element Action [GetText] successfully performed. With the following test data [SHAFT_ENGINE is a Test Automation Engine that ... - GitHub]. @05-10-2021 19:07:22.0244 PM
[ReportManager] Loaded Shared OpenCV @05-10-2021 19:07:22.0461 PM
[ReportManager] Assertion Failed: Asserting that the correct first result is displayed @05-10-2021 19:07:22.0572 PM
[ReportManager] Successfully created attachment [Screenshot - 1633460842461_searchForQueryAndAssertFirstResultTextIsCorrect_ValidateElementAttribute_failed] @05-10-2021 19:07:22.0582 PM
[ReportManager] Assertion [ValidateElementAttribute] FAILED. Expected [Value Should be 'MohabMohie' for the 'Text' attribute, element locator 'By.xpath: (//h1[contains(text(),'Search Result')]/following-sibling::div//a/h3)[1]'] and Actual [SHAFT_ENGINE is a Test Automation Engine that ... - GitHub]. Comparison Type [CONTAINS]. Validation Type [POSITIVE]. @05-10-2021 19:07:22.0582 P
[ReportManager] Browser Action [CloseCurrentWindow] successfully performed. @05-10-2021 19:07:22.0854 PM
[ReportManager] Successfully created attachment [Browser Action Test Data - CloseCurrentWindow - Actual Value] @05-10-2021 19:07:22.0856 P
[ReportManager] File Action [GetAbsolutePath] successfully performed. With the following test data [Relative Folder Path: "target/downloadedFiles/"]. @05-10-2021 19:07:22.0861 PM
[ReportManager] Attempting to run remotely on: [Linux-64], [GoogleChrome], [http://localhost:4444/wd/hub], Headless Execution. @05-10-2021 19:07:22.0862 PM
[ReportManager] Successfully Opened [GoogleChrome]. @05-10-2021 19:07:23.0170 PM
[ReportManager] Target URL: [https://www.google.com/ncr], and after redirection: [https://www.google.com] @05-10-2021 19:07:23.0198 PM
[ReportManager] Initial URL: [data:,] @05-10-2021 19:07:23.0250 PM
[ReportManager] Browser Action [NavigateToURL] successfully performed. With the following test data [https://www.google.com/ncr]. @05-10-2021 19:07:24.0223 P

################################################################################################################################################
Starting Execution:	[9 out of 23] test cases in the current suite
Test Method:		[tests.gui.google.B_Search_FlatTest_SHAFT.navigateToGoogleHomeAndAssertGoogleLogoIsDisplayed]
################################################################################################################################################
[ReportManager] File Action [DoesFileExist] successfully performed. With the following test data [File Path: "src/test/resources/DynamicObjectRepository/tests_gui_google_B_Search_FlatTest_SHAFT_navigateToGoogleHomeAndAssertGoogleLogoIsDisplayed_By_xpath_img_id_hplogo_or_alt_Google.png"]. @05-10-2021 19:07:24.0229 PM
[ReportManager] File Action [GetAbsolutePath] successfully performed. With the following test data [Relative Folder Path: "src/test/resources/DynamicObjectRepository/tests_gui_google_B_Search_FlatTest_SHAFT_navigateToGoogleHomeAndAssertGoogleLogoIsDisplayed_By_xpath_img_id_hplogo_or_alt_Google.png"]. @05-10-2021 19:07:24.0229 PM
[ReportManager] File Action [ReadFromImageFile] successfully performed. With the following test data [File Path: "/home/runner/work/using_SHAFT_ENGINE/using_SHAFT_ENGINE/src/test/resources/DynamicObjectRepository/tests_gui_google_B_Search_FlatTest_SHAFT_navigateToGoogleHomeAndAssertGoogleLogoIsDisplayed_By_xpath_img_id_hplogo_or_alt_Google.png"]. @05-10-2021 19:07:24.0230 PM
[ReportManager] File Action [DoesFileExist] successfully performed. With the following test data [File Path: "src/test/resources/DynamicObjectRepository/tests_gui_google_B_Search_FlatTest_SHAFT_navigateToGoogleHomeAndAssertGoogleLogoIsDisplayed_By_xpath_img_id_hplogo_or_alt_Google.png"]. @05-10-2021 19:07:24.0460 PM
[ReportManager] File Action [DoesFileExist] successfully performed. With the following test data [File Path: "src/test/resources/DynamicObjectRepository/tests_gui_google_B_Search_FlatTest_SHAFT_navigateToGoogleHomeAndAssertGoogleLogoIsDisplayed_By_xpath_img_id_hplogo_or_alt_Google.png"]. @05-10-2021 19:07:24.0460 PM
[ReportManager] Loaded Shared OpenCV @05-10-2021 19:07:24.0460 PM
[ReportManager] Successfully identified the element using AI; OpenCV. @05-10-2021 19:07:24.0463 PM
[ReportManager] Assertion Passed: Asserting that the Google logo is displayed @05-10-2021 19:07:24.0464 PM
[ReportManager] Successfully created attachment [Validation Test Data - Reference Screenshot] @05-10-2021 19:07:24.0464 PM
[ReportManager] Successfully created attachment [Validation Test Data - Actual Screenshot] @05-10-2021 19:07:24.0465 PM
[ReportManager] Assertion [ValidateElementMatches] PASSED. Expected [Element should match the reference screenshot] and Actual [TRUE]. Comparison Type [EXACT_OPENCV]. Validation Type [POSITIVE]. @05-10-2021 19:07:24.0465 P
[ReportManager] Browser Action [CloseCurrentWindow] successfully performed. @05-10-2021 19:07:24.0631 PM
[ReportManager] Successfully created attachment [Browser Action Test Data - CloseCurrentWindow - Actual Value] @05-10-2021 19:07:24.0632 P
[ReportManager] File Action [GetAbsolutePath] successfully performed. With the following test data [Relative Folder Path: "target/downloadedFiles/"]. @05-10-2021 19:07:24.0635 PM
[ReportManager] Attempting to run remotely on: [Linux-64], [GoogleChrome], [http://localhost:4444/wd/hub], Headless Execution. @05-10-2021 19:07:24.0635 PM
[ReportManager] Successfully Opened [GoogleChrome]. @05-10-2021 19:07:24.0921 PM
[ReportManager] Target URL: [https://www.google.com/ncr], and after redirection: [https://www.google.com] @05-10-2021 19:07:24.0942 PM
[ReportManager] Initial URL: [data:,] @05-10-2021 19:07:24.0998 PM
[ReportManager] Browser Action [NavigateToURL] successfully performed. With the following test data [https://www.google.com/ncr]. @05-10-2021 19:07:25.0999 P

################################################################################################################################################
Starting Execution:	[10 out of 23] test cases in the current suite
Test Method:		[tests.gui.google.B_Search_FlatTest_SHAFT.navigateToGoogleHomeAndAssertPageTitle]
################################################################################################################################################
[ReportManager] Browser Action [GetCurrentWindowTitle] successfully performed. With the following test data [Google]. @05-10-2021 19:07:26.0097 PM
[ReportManager] Assertion Passed: Asserting that the page title is Google @05-10-2021 19:07:26.0260 PM
[ReportManager] Successfully created attachment [Screenshot - 1633460846190_navigateToGoogleHomeAndAssertPageTitle_ValidateBrowserAttribute_passed] @05-10-2021 19:07:26.0261 PM
[ReportManager] Assertion [ValidateBrowserAttribute] PASSED. Expected [Value Should be 'Google' for the 'Title' attribute] and Actual [Google]. Comparison Type [EQUALS]. Validation Type [POSITIVE]. @05-10-2021 19:07:26.0261 P
[ReportManager] Browser Action [CloseCurrentWindow] successfully performed. @05-10-2021 19:07:26.0416 PM
[ReportManager] Successfully created attachment [Browser Action Test Data - CloseCurrentWindow - Actual Value] @05-10-2021 19:07:26.0416 P
[ReportManager] File Action [GetAbsolutePath] successfully performed. With the following test data [Relative Folder Path: "target/downloadedFiles/"]. @05-10-2021 19:07:26.0424 PM
[ReportManager] Attempting to run remotely on: [Linux-64], [GoogleChrome], [http://localhost:4444/wd/hub], Headless Execution. @05-10-2021 19:07:26.0424 PM
[ReportManager] Successfully Opened [GoogleChrome]. @05-10-2021 19:07:26.0717 PM
[ReportManager] Target URL: [https://www.google.com/ncr], and after redirection: [https://www.google.com] @05-10-2021 19:07:26.0741 PM
[ReportManager] Initial URL: [data:,] @05-10-2021 19:07:26.0813 PM
[ReportManager] Browser Action [NavigateToURL] successfully performed. With the following test data [https://www.google.com/ncr]. @05-10-2021 19:07:27.0773 P

################################################################################################################################################
Starting Execution:	[11 out of 23] test cases in the current suite
Test Method:		[tests.gui.google.B_Search_FlatTest_SHAFT.searchForQueryAndAssertFirstResultTextIsCorrect]
################################################################################################################################################
[ReportManager] Element Action [Type] successfully performed. With the following test data [SHAFT_Engine]. @05-10-2021 19:07:28.0595 PM
[ReportManager] Element Action [KeyPress] successfully performed. With the following test data [ENTER]. @05-10-2021 19:07:30.0091 PM
[ReportManager] Element Action [GetText] successfully performed. With the following test data [SHAFT_ENGINE is a Test Automation Engine that ... - GitHub]. @05-10-2021 19:07:30.0209 PM
[ReportManager] Loaded Shared OpenCV @05-10-2021 19:07:30.0420 PM
[ReportManager] Assertion Failed: Asserting that the correct first result is displayed @05-10-2021 19:07:30.0492 PM
[ReportManager] Successfully created attachment [Screenshot - 1633460850419_searchForQueryAndAssertFirstResultTextIsCorrect_ValidateElementAttribute_failed] @05-10-2021 19:07:30.0494 PM
[ReportManager] Assertion [ValidateElementAttribute] FAILED. Expected [Value Should be 'MohabMohie' for the 'Text' attribute, element locator 'By.xpath: (//h1[contains(text(),'Search Result')]/following-sibling::div//a/h3)[1]'] and Actual [SHAFT_ENGINE is a Test Automation Engine that ... - GitHub]. Comparison Type [CONTAINS]. Validation Type [POSITIVE]. @05-10-2021 19:07:30.0494 P
[ReportManager] Browser Action [CloseCurrentWindow] successfully performed. @05-10-2021 19:07:30.0745 PM
[ReportManager] Successfully created attachment [Browser Action Test Data - CloseCurrentWindow - Actual Value] @05-10-2021 19:07:30.0747 P
[ReportManager] Successfully loaded the following test data file [src/test/resources/TestDataFiles/Google/SimpleSearch.xlsx]. @05-10-2021 19:07:30.0815 PM
[ReportManager] Successfully created attachment [Test Data - Excel] @05-10-2021 19:07:30.0816 P
[ReportManager] File Action [GetAbsolutePath] successfully performed. With the following test data [Relative Folder Path: "target/downloadedFiles/"]. @05-10-2021 19:07:30.0817 PM
[ReportManager] Attempting to run remotely on: [Linux-64], [GoogleChrome], [http://localhost:4444/wd/hub], Headless Execution. @05-10-2021 19:07:30.0817 PM
[ReportManager] Successfully Opened [GoogleChrome]. @05-10-2021 19:07:31.0147 PM
[ReportManager] Target URL: [https://www.google.com/ncr], and after redirection: [https://www.google.com] @05-10-2021 19:07:31.0184 PM
[ReportManager] Initial URL: [data:,] @05-10-2021 19:07:31.0268 PM
[ReportManager] Browser Action [NavigateToURL] successfully performed. With the following test data [https://www.google.com/ncr]. @05-10-2021 19:07:32.0274 P

################################################################################################################################################
Starting Execution:	[12 out of 23] test cases in the current suite
Test Method:		[tests.gui.google.F_Search_PageObjectModel_Fluent.navigateToGoogleHomeAndAssertGoogleLogoIsDisplayed]
################################################################################################################################################
[ReportManager] File Action [DoesFileExist] successfully performed. With the following test data [File Path: "src/test/resources/DynamicObjectRepository/tests_gui_google_F_Search_PageObjectModel_Fluent_navigateToGoogleHomeAndAssertGoogleLogoIsDisplayed_By_xpath_img_id_hplogo_or_alt_Google.png"]. @05-10-2021 19:07:32.0291 PM
[ReportManager] File Action [GetAbsolutePath] successfully performed. With the following test data [Relative Folder Path: "src/test/resources/DynamicObjectRepository/tests_gui_google_F_Search_PageObjectModel_Fluent_navigateToGoogleHomeAndAssertGoogleLogoIsDisplayed_By_xpath_img_id_hplogo_or_alt_Google.png"]. @05-10-2021 19:07:32.0291 PM
[ReportManager] File Action [ReadFromImageFile] successfully performed. With the following test data [File Path: "/home/runner/work/using_SHAFT_ENGINE/using_SHAFT_ENGINE/src/test/resources/DynamicObjectRepository/tests_gui_google_F_Search_PageObjectModel_Fluent_navigateToGoogleHomeAndAssertGoogleLogoIsDisplayed_By_xpath_img_id_hplogo_or_alt_Google.png"]. @05-10-2021 19:07:32.0291 PM
[ReportManager] File Action [DoesFileExist] successfully performed. With the following test data [File Path: "src/test/resources/DynamicObjectRepository/tests_gui_google_F_Search_PageObjectModel_Fluent_navigateToGoogleHomeAndAssertGoogleLogoIsDisplayed_By_xpath_img_id_hplogo_or_alt_Google.png"]. @05-10-2021 19:07:32.0561 PM
[ReportManager] File Action [DoesFileExist] successfully performed. With the following test data [File Path: "src/test/resources/DynamicObjectRepository/tests_gui_google_F_Search_PageObjectModel_Fluent_navigateToGoogleHomeAndAssertGoogleLogoIsDisplayed_By_xpath_img_id_hplogo_or_alt_Google.png"]. @05-10-2021 19:07:32.0561 PM
[ReportManager] Loaded Shared OpenCV @05-10-2021 19:07:32.0561 PM
[ReportManager] Successfully identified the element using AI; OpenCV. @05-10-2021 19:07:32.0564 PM
[ReportManager] Assertion Passed: Asserting that the Google logo is displayed @05-10-2021 19:07:32.0564 PM
[ReportManager] Successfully created attachment [Validation Test Data - Reference Screenshot] @05-10-2021 19:07:32.0566 PM
[ReportManager] Successfully created attachment [Validation Test Data - Actual Screenshot] @05-10-2021 19:07:32.0566 PM
[ReportManager] Assertion [ValidateElementMatches] PASSED. Expected [Element should match the reference screenshot] and Actual [TRUE]. Comparison Type [EXACT_OPENCV]. Validation Type [POSITIVE]. @05-10-2021 19:07:32.0570 P
[ReportManager] Browser Action [CloseCurrentWindow] successfully performed. @05-10-2021 19:07:32.0699 PM
[ReportManager] Successfully created attachment [Browser Action Test Data - CloseCurrentWindow - Actual Value] @05-10-2021 19:07:32.0699 P
[ReportManager] File Action [GetAbsolutePath] successfully performed. With the following test data [Relative Folder Path: "target/downloadedFiles/"]. @05-10-2021 19:07:32.0707 PM
[ReportManager] Attempting to run remotely on: [Linux-64], [GoogleChrome], [http://localhost:4444/wd/hub], Headless Execution. @05-10-2021 19:07:32.0710 PM
[ReportManager] Successfully Opened [GoogleChrome]. @05-10-2021 19:07:33.0006 PM
[ReportManager] Target URL: [https://www.google.com/ncr], and after redirection: [https://www.google.com] @05-10-2021 19:07:33.0025 PM
[ReportManager] Initial URL: [data:,] @05-10-2021 19:07:33.0088 PM
[ReportManager] Browser Action [NavigateToURL] successfully performed. With the following test data [https://www.google.com/ncr]. @05-10-2021 19:07:34.0085 P

################################################################################################################################################
Starting Execution:	[13 out of 23] test cases in the current suite
Test Method:		[tests.gui.google.F_Search_PageObjectModel_Fluent.navigateToGoogleHomeAndAssertPageTitle]
################################################################################################################################################
[ReportManager] Browser Action [GetCurrentWindowTitle] successfully performed. With the following test data [Google]. @05-10-2021 19:07:34.0141 PM
[ReportManager] Assertion Passed: Asserting that the page title is Google @05-10-2021 19:07:34.0272 PM
[ReportManager] Successfully created attachment [Screenshot - 1633460854229_navigateToGoogleHomeAndAssertPageTitle_ValidateBrowserAttribute_passed] @05-10-2021 19:07:34.0273 PM
[ReportManager] Assertion [ValidateBrowserAttribute] PASSED. Expected [Value Should be 'Google' for the 'Title' attribute] and Actual [Google]. Comparison Type [EQUALS]. Validation Type [POSITIVE]. @05-10-2021 19:07:34.0273 P
[ReportManager] Browser Action [CloseCurrentWindow] successfully performed. @05-10-2021 19:07:34.0447 PM
[ReportManager] Successfully created attachment [Browser Action Test Data - CloseCurrentWindow - Actual Value] @05-10-2021 19:07:34.0448 P
[ReportManager] File Action [GetAbsolutePath] successfully performed. With the following test data [Relative Folder Path: "target/downloadedFiles/"]. @05-10-2021 19:07:34.0450 PM
[ReportManager] Attempting to run remotely on: [Linux-64], [GoogleChrome], [http://localhost:4444/wd/hub], Headless Execution. @05-10-2021 19:07:34.0450 PM
[ReportManager] Successfully Opened [GoogleChrome]. @05-10-2021 19:07:34.0740 PM
[ReportManager] Target URL: [https://www.google.com/ncr], and after redirection: [https://www.google.com] @05-10-2021 19:07:34.0758 PM
[ReportManager] Initial URL: [data:,] @05-10-2021 19:07:34.0819 PM
[ReportManager] Browser Action [NavigateToURL] successfully performed. With the following test data [https://www.google.com/ncr]. @05-10-2021 19:07:35.0753 P

################################################################################################################################################
Starting Execution:	[14 out of 23] test cases in the current suite
Test Method:		[tests.gui.google.F_Search_PageObjectModel_Fluent.searchForQueryAndAssertFirstResultTextIsCorrect]
################################################################################################################################################
[ReportManager] Element Action [Type] successfully performed. With the following test data [SHAFT_Engine]. @05-10-2021 19:07:36.0544 PM
[ReportManager] Element Action [KeyPress] successfully performed. With the following test data [ENTER]. @05-10-2021 19:07:37.0937 PM
[ReportManager] Element Action [GetText] successfully performed. With the following test data [SHAFT_ENGINE is a Test Automation Engine that ... - GitHub]. @05-10-2021 19:07:38.0076 PM
[ReportManager] Loaded Shared OpenCV @05-10-2021 19:07:38.0305 PM
[ReportManager] Assertion Failed: Asserting that the correct first result is displayed @05-10-2021 19:07:38.0378 PM
[ReportManager] Successfully created attachment [Screenshot - 1633460858305_searchForQueryAndAssertFirstResultTextIsCorrect_ValidateElementAttribute_failed] @05-10-2021 19:07:38.0380 PM
[ReportManager] Assertion [ValidateElementAttribute] FAILED. Expected [Value Should be 'MohabMohie' for the 'Text' attribute, element locator 'By.xpath: (//h1[contains(text(),'Search Result')]/following-sibling::div//a/h3)[1]'] and Actual [SHAFT_ENGINE is a Test Automation Engine that ... - GitHub]. Comparison Type [CONTAINS]. Validation Type [POSITIVE]. @05-10-2021 19:07:38.0380 P
[ReportManager] Browser Action [CloseCurrentWindow] successfully performed. @05-10-2021 19:07:38.0648 PM
[ReportManager] Successfully created attachment [Browser Action Test Data - CloseCurrentWindow - Actual Value] @05-10-2021 19:07:38.0651 P
[ReportManager] Successfully loaded the following test data file [src/test/resources/TestDataFiles/Google/SimpleSearch.xlsx]. @05-10-2021 19:07:38.0700 PM
[ReportManager] Successfully created attachment [Test Data - Excel] @05-10-2021 19:07:38.0700 P
[ReportManager] File Action [GetAbsolutePath] successfully performed. With the following test data [Relative Folder Path: "target/downloadedFiles/"]. @05-10-2021 19:07:38.0702 PM
[ReportManager] Attempting to run remotely on: [Linux-64], [GoogleChrome], [http://localhost:4444/wd/hub], Headless Execution. @05-10-2021 19:07:38.0702 PM
[ReportManager] Successfully Opened [GoogleChrome]. @05-10-2021 19:07:38.0982 PM
[ReportManager] Target URL: [https://www.google.com/ncr], and after redirection: [https://www.google.com] @05-10-2021 19:07:38.0995 PM
[ReportManager] Initial URL: [data:,] @05-10-2021 19:07:39.0087 PM
[ReportManager] Browser Action [NavigateToURL] successfully performed. With the following test data [https://www.google.com/ncr]. @05-10-2021 19:07:40.0047 P

################################################################################################################################################
Starting Execution:	[15 out of 23] test cases in the current suite
Test Method:		[tests.gui.google.G_Search_PageObjectModel_ThreadSafe.navigateToGoogleHomeAndAssertGoogleLogoIsDisplayed]
################################################################################################################################################
[ReportManager] File Action [DoesFileExist] successfully performed. With the following test data [File Path: "src/test/resources/DynamicObjectRepository/tests_gui_google_G_Search_PageObjectModel_ThreadSafe_navigateToGoogleHomeAndAssertGoogleLogoIsDisplayed_By_xpath_img_id_hplogo_or_alt_Google.png"]. @05-10-2021 19:07:40.0050 PM
[ReportManager] File Action [GetAbsolutePath] successfully performed. With the following test data [Relative Folder Path: "src/test/resources/DynamicObjectRepository/tests_gui_google_G_Search_PageObjectModel_ThreadSafe_navigateToGoogleHomeAndAssertGoogleLogoIsDisplayed_By_xpath_img_id_hplogo_or_alt_Google.png"]. @05-10-2021 19:07:40.0051 PM
[ReportManager] File Action [ReadFromImageFile] successfully performed. With the following test data [File Path: "/home/runner/work/using_SHAFT_ENGINE/using_SHAFT_ENGINE/src/test/resources/DynamicObjectRepository/tests_gui_google_G_Search_PageObjectModel_ThreadSafe_navigateToGoogleHomeAndAssertGoogleLogoIsDisplayed_By_xpath_img_id_hplogo_or_alt_Google.png"]. @05-10-2021 19:07:40.0051 PM
[ReportManager] File Action [DoesFileExist] successfully performed. With the following test data [File Path: "src/test/resources/DynamicObjectRepository/tests_gui_google_G_Search_PageObjectModel_ThreadSafe_navigateToGoogleHomeAndAssertGoogleLogoIsDisplayed_By_xpath_img_id_hplogo_or_alt_Google.png"]. @05-10-2021 19:07:40.0276 PM
[ReportManager] File Action [DoesFileExist] successfully performed. With the following test data [File Path: "src/test/resources/DynamicObjectRepository/tests_gui_google_G_Search_PageObjectModel_ThreadSafe_navigateToGoogleHomeAndAssertGoogleLogoIsDisplayed_By_xpath_img_id_hplogo_or_alt_Google.png"]. @05-10-2021 19:07:40.0276 PM
[ReportManager] Loaded Shared OpenCV @05-10-2021 19:07:40.0276 PM
[ReportManager] Successfully identified the element using AI; OpenCV. @05-10-2021 19:07:40.0282 PM
[ReportManager] Assertion Passed: Asserting that the Google logo is displayed @05-10-2021 19:07:40.0282 PM
[ReportManager] Successfully created attachment [Validation Test Data - Reference Screenshot] @05-10-2021 19:07:40.0283 PM
[ReportManager] Successfully created attachment [Validation Test Data - Actual Screenshot] @05-10-2021 19:07:40.0283 PM
[ReportManager] Assertion [ValidateElementMatches] PASSED. Expected [Element should match the reference screenshot] and Actual [TRUE]. Comparison Type [EXACT_OPENCV]. Validation Type [POSITIVE]. @05-10-2021 19:07:40.0283 P
[ReportManager] Browser Action [CloseCurrentWindow] successfully performed. @05-10-2021 19:07:40.0451 PM
[ReportManager] Successfully created attachment [Browser Action Test Data - CloseCurrentWindow - Actual Value] @05-10-2021 19:07:40.0452 P
[ReportManager] File Action [GetAbsolutePath] successfully performed. With the following test data [Relative Folder Path: "target/downloadedFiles/"]. @05-10-2021 19:07:40.0455 PM
[ReportManager] Attempting to run remotely on: [Linux-64], [GoogleChrome], [http://localhost:4444/wd/hub], Headless Execution. @05-10-2021 19:07:40.0455 PM
[ReportManager] Successfully Opened [GoogleChrome]. @05-10-2021 19:07:40.0743 PM
[ReportManager] Target URL: [https://www.google.com/ncr], and after redirection: [https://www.google.com] @05-10-2021 19:07:40.0756 PM
[ReportManager] Initial URL: [data:,] @05-10-2021 19:07:40.0814 PM
[ReportManager] Browser Action [NavigateToURL] successfully performed. With the following test data [https://www.google.com/ncr]. @05-10-2021 19:07:42.0430 P

################################################################################################################################################
Starting Execution:	[16 out of 23] test cases in the current suite
Test Method:		[tests.gui.google.G_Search_PageObjectModel_ThreadSafe.navigateToGoogleHomeAndAssertPageTitle]
################################################################################################################################################
[ReportManager] Browser Action [GetCurrentWindowTitle] successfully performed. With the following test data [Google]. @05-10-2021 19:07:42.0471 PM
[ReportManager] Assertion Passed: Asserting that the page title is Google @05-10-2021 19:07:42.0591 PM
[ReportManager] Successfully created attachment [Screenshot - 1633460862548_navigateToGoogleHomeAndAssertPageTitle_ValidateBrowserAttribute_passed] @05-10-2021 19:07:42.0591 PM
[ReportManager] Assertion [ValidateBrowserAttribute] PASSED. Expected [Value Should be 'Google' for the 'Title' attribute] and Actual [Google]. Comparison Type [EQUALS]. Validation Type [POSITIVE]. @05-10-2021 19:07:42.0591 P
[ReportManager] Browser Action [CloseCurrentWindow] successfully performed. @05-10-2021 19:07:42.0738 PM
[ReportManager] Successfully created attachment [Browser Action Test Data - CloseCurrentWindow - Actual Value] @05-10-2021 19:07:42.0739 P
[ReportManager] File Action [GetAbsolutePath] successfully performed. With the following test data [Relative Folder Path: "target/downloadedFiles/"]. @05-10-2021 19:07:42.0744 PM
[ReportManager] Attempting to run remotely on: [Linux-64], [GoogleChrome], [http://localhost:4444/wd/hub], Headless Execution. @05-10-2021 19:07:42.0744 PM
[ReportManager] Successfully Opened [GoogleChrome]. @05-10-2021 19:07:43.0007 PM
[ReportManager] Target URL: [https://www.google.com/ncr], and after redirection: [https://www.google.com] @05-10-2021 19:07:43.0021 PM
[ReportManager] Initial URL: [data:,] @05-10-2021 19:07:43.0085 PM
[ReportManager] Browser Action [NavigateToURL] successfully performed. With the following test data [https://www.google.com/ncr]. @05-10-2021 19:07:44.0069 P

################################################################################################################################################
Starting Execution:	[17 out of 23] test cases in the current suite
Test Method:		[tests.gui.google.G_Search_PageObjectModel_ThreadSafe.searchForQueryAndAssertFirstResultTextIsCorrect]
################################################################################################################################################
[ReportManager] Element Action [Type] successfully performed. With the following test data [SHAFT_Engine]. @05-10-2021 19:07:44.0968 PM
[ReportManager] Element Action [KeyPress] successfully performed. With the following test data [ENTER]. @05-10-2021 19:07:46.0348 PM
[ReportManager] Element Action [GetText] successfully performed. With the following test data [SHAFT_ENGINE is a Test Automation Engine that ... - GitHub]. @05-10-2021 19:07:46.0450 PM
[ReportManager] Loaded Shared OpenCV @05-10-2021 19:07:46.0635 PM
[ReportManager] Assertion Failed: Asserting that the correct first result is displayed @05-10-2021 19:07:46.0710 PM
[ReportManager] Successfully created attachment [Screenshot - 1633460866635_searchForQueryAndAssertFirstResultTextIsCorrect_ValidateElementAttribute_failed] @05-10-2021 19:07:46.0712 PM
[ReportManager] Assertion [ValidateElementAttribute] FAILED. Expected [Value Should be 'MohabMohie' for the 'Text' attribute, element locator 'By.xpath: (//h1[contains(text(),'Search Result')]/following-sibling::div//a/h3)[1]'] and Actual [SHAFT_ENGINE is a Test Automation Engine that ... - GitHub]. Comparison Type [CONTAINS]. Validation Type [POSITIVE]. @05-10-2021 19:07:46.0712 P
[ReportManager] Browser Action [CloseCurrentWindow] successfully performed. @05-10-2021 19:07:46.0952 PM
[ReportManager] Successfully created attachment [Browser Action Test Data - CloseCurrentWindow - Actual Value] @05-10-2021 19:07:46.0954 P



################################################################################################################################################
Starting Execution:	[18 out of 23] test cases in the current suite
Test Method:		[tests.gui.google.A_Search_FlatTest_NativeSeleniumWebDriver.navigateToGoogleHomeAndAssertGoogleLogoIsDisplayed]
###############################################################################################################################################



################################################################################################################################################
Starting Execution:	[19 out of 23] test cases in the current suite
Test Method:		[tests.gui.google.A_Search_FlatTest_NativeSeleniumWebDriver.navigateToGoogleHomeAndAssertPageTitle]
###############################################################################################################################################



################################################################################################################################################
Starting Execution:	[20 out of 23] test cases in the current suite
Test Method:		[tests.gui.google.A_Search_FlatTest_NativeSeleniumWebDriver.searchForQueryAndAssertFirstResultTextIsCorrect]
###############################################################################################################################################

[ReportManager] Successfully loaded the following test data file [src/test/resources/TestDataFiles/Google/SimpleSearch.xlsx]. @05-10-2021 19:07:50.0181 PM
[ReportManager] Successfully created attachment [Test Data - Excel] @05-10-2021 19:07:50.0182 P
[ReportManager] File Action [GetAbsolutePath] successfully performed. With the following test data [Relative Folder Path: "target/downloadedFiles/"]. @05-10-2021 19:07:50.0186 PM
[ReportManager] Attempting to run remotely on: [Linux-64], [GoogleChrome], [http://localhost:4444/wd/hub], Headless Execution. @05-10-2021 19:07:50.0186 PM
[ReportManager] Successfully Opened [GoogleChrome]. @05-10-2021 19:07:50.0510 PM
[ReportManager] Target URL: [https://www.google.com/ncr], and after redirection: [https://www.google.com] @05-10-2021 19:07:50.0523 PM
[ReportManager] Initial URL: [data:,] @05-10-2021 19:07:50.0619 PM
[ReportManager] Browser Action [NavigateToURL] successfully performed. With the following test data [https://www.google.com/ncr]. @05-10-2021 19:07:51.0659 P

################################################################################################################################################
Starting Execution:	[21 out of 23] test cases in the current suite
Test Method:		[tests.gui.google.D_Search_PageObjectModel_Traditional_DataDriven.navigateToGoogleHomeAndAssertGoogleLogoIsDisplayed]
################################################################################################################################################
[ReportManager] Element Action [IsElementDisplayed] successfully performed. @05-10-2021 19:07:51.0783 PM
[ReportManager] Assertion Passed: Asserting that the Google logo is displayed @05-10-2021 19:07:51.0783 PM
[ReportManager] Assertion [ValidateTrue] PASSED. Expected [TRUE] and Actual [TRUE]. Validation Type [POSITIVE]. @05-10-2021 19:07:51.0783 P
[ReportManager] Browser Action [CloseCurrentWindow] successfully performed. @05-10-2021 19:07:51.0876 PM
[ReportManager] Successfully created attachment [Browser Action Test Data - CloseCurrentWindow - Actual Value] @05-10-2021 19:07:51.0877 P
[ReportManager] File Action [GetAbsolutePath] successfully performed. With the following test data [Relative Folder Path: "target/downloadedFiles/"]. @05-10-2021 19:07:51.0880 PM
[ReportManager] Attempting to run remotely on: [Linux-64], [GoogleChrome], [http://localhost:4444/wd/hub], Headless Execution. @05-10-2021 19:07:51.0880 PM
[ReportManager] Successfully Opened [GoogleChrome]. @05-10-2021 19:07:52.0189 PM
[ReportManager] Target URL: [https://www.google.com/ncr], and after redirection: [https://www.google.com] @05-10-2021 19:07:52.0203 PM
[ReportManager] Initial URL: [data:,] @05-10-2021 19:07:52.0253 PM
[ReportManager] Browser Action [NavigateToURL] successfully performed. With the following test data [https://www.google.com/ncr]. @05-10-2021 19:07:53.0190 P

################################################################################################################################################
Starting Execution:	[22 out of 23] test cases in the current suite
Test Method:		[tests.gui.google.D_Search_PageObjectModel_Traditional_DataDriven.navigateToGoogleHomeAndAssertPageTitle]
################################################################################################################################################
[ReportManager] Browser Action [GetCurrentWindowTitle] successfully performed. With the following test data [Google]. @05-10-2021 19:07:53.0234 PM
[ReportManager] Assertion Passed: Asserting that the page title is Google @05-10-2021 19:07:53.0234 PM
[ReportManager] Assertion [ValidateEquals] PASSED. Expected [Google] and Actual [Google]. Comparison Type [EQUALS]. Validation Type [POSITIVE]. @05-10-2021 19:07:53.0234 P
[ReportManager] Browser Action [CloseCurrentWindow] successfully performed. @05-10-2021 19:07:53.0375 PM
[ReportManager] Successfully created attachment [Browser Action Test Data - CloseCurrentWindow - Actual Value] @05-10-2021 19:07:53.0376 P
[ReportManager] File Action [GetAbsolutePath] successfully performed. With the following test data [Relative Folder Path: "target/downloadedFiles/"]. @05-10-2021 19:07:53.0386 PM
[ReportManager] Attempting to run remotely on: [Linux-64], [GoogleChrome], [http://localhost:4444/wd/hub], Headless Execution. @05-10-2021 19:07:53.0386 PM
[ReportManager] Successfully Opened [GoogleChrome]. @05-10-2021 19:07:53.0672 PM
[ReportManager] Target URL: [https://www.google.com/ncr], and after redirection: [https://www.google.com] @05-10-2021 19:07:53.0687 PM
[ReportManager] Initial URL: [data:,] @05-10-2021 19:07:53.0748 PM
[ReportManager] Browser Action [NavigateToURL] successfully performed. With the following test data [https://www.google.com/ncr]. @05-10-2021 19:07:56.0473 P

################################################################################################################################################
Starting Execution:	[23 out of 23] test cases in the current suite
Test Method:		[tests.gui.google.D_Search_PageObjectModel_Traditional_DataDriven.searchForQueryAndAssertFirstResultTextIsCorrect]
################################################################################################################################################
[ReportManager] Element Action [Type] successfully performed. With the following test data [SHAFT_Engine]. @05-10-2021 19:07:57.0230 PM
[ReportManager] Element Action [KeyPress] successfully performed. With the following test data [ENTER]. @05-10-2021 19:08:00.0897 PM
[ReportManager] Element Action [GetText] successfully performed. With the following test data [SHAFT_ENGINE is a Test Automation Engine that ... - GitHub]. @05-10-2021 19:08:01.0004 PM
[ReportManager] Assertion Failed: Asserting that the correct first result is displayed @05-10-2021 19:08:01.0004 PM
[ReportManager] Assertion [ValidateEquals] FAILED. Expected [MohabMohie] and Actual [SHAFT_ENGINE is a Test Automation Engine that ... - GitHub]. Comparison Type [CONTAINS]. Validation Type [POSITIVE]. @05-10-2021 19:08:01.0004 P
[ReportManager] Browser Action [CloseCurrentWindow] successfully performed. @05-10-2021 19:08:01.0256 PM
[ReportManager] Successfully created attachment [Browser Action Test Data - CloseCurrentWindow - Actual Value] @05-10-2021 19:08:01.0259 P

################################################################################################################################################
Test Closure Activities
################################################################################################################################################
[ReportManager] Successfully created attachment [SHAFT Engine Logs - Execution log] @05-10-2021 19:08:01.0284 PM

################################################################################################################################################
This test run was powered by SHAFT Engine Version: [SHAFT Engine v5.3.20210902]
SHAFT Engine is licensed under the MIT License: [https://github.com/MohabMohie/SHAFT_ENGINE/blob/master/LICENSE].
################################################################################################################################################