################################################################################################################################################
Detected SHAFT Engine Version: [SHAFT Engine v5.3.20210902]
################################################################################################################################################

################################################################################################################################################
Starting Execution:	[1 out of 23] test cases in the current suite
Test Method:		[tests.cli.demo.cliTest.sampleTestCase]
################################################################################################################################################
[ReportManager] Attempting to perform the following command locally. Command: [ls] @18-09-2021 18:36:20.0442 PM
[ReportManager] Terminal Action [PerformTerminalCommands] successfully performed. With the following test data [Host Name: "localHost" | Command: "ls" | Exit Status: "0"]. @18-09-2021 18:36:20.0460 PM
[ReportManager] Successfully created attachment [Terminal Action Actual Result - Command Log] @18-09-2021 18:36:20.0468 PM
[ReportManager] Assertion Passed: Demoing local terminal actions @18-09-2021 18:36:20.0484 PM
[ReportManager] Assertion [ValidateEquals] PASSED. Expected [pom.xml] and Actual [LICENSE
README.md
allure-results
docker-compose_native.yml
docker-compose_zalenium.yml
extent-reports
pom.xml
src
target]. Comparison Type [CONTAINS]. Validation Type [POSITIVE]. @18-09-2021 18:36:20.0484 P

################################################################################################################################################
Starting Execution:	[2 out of 23] test cases in the current suite
Test Method:		[tests.api.users.UserData.validateUserEmail]
################################################################################################################################################
[ReportManager] Response status code: [200], status line: [HTTP/1.1 200 OK] @18-09-2021 18:36:23.0439 PM
[ReportManager] Assertion Passed: Evaluating the actual response status code against the expected one... @18-09-2021 18:36:23.0440 PM
[ReportManager] Assertion [ValidateEquals] PASSED. Expected [200] and Actual [200]. Comparison Type [EQUALS]. Validation Type [POSITIVE]. @18-09-2021 18:36:23.0440 PM
[ReportManager] API Action [PerformRequest] successfully performed. With the following test data [Request Type: "GET" | Target Status Code: "200" | Service URL: "https://jsonplaceholder.typicode.com/users" | Content Type: "*/*" | Response Time: "1068ms"]. @18-09-2021 18:36:24.0676 PM
[ReportManager] Successfully created attachment [API Request - Specifications] @18-09-2021 18:36:24.0677 PM
[ReportManager] Successfully created attachment [API Response - JSON Body] @18-09-2021 18:36:25.0122 PM
[ReportManager] Assertion [ValidateEquals] PASSED. Expected and Actual values are attached. Comparison Type [CONTAINS]. Validation Type [POSITIVE]. @18-09-2021 18:36:25.0122 PM
[ReportManager] Successfully created attachment [Validation Test Data - Expected Value] @18-09-2021 18:36:25.0123 PM
[ReportManager] Successfully created attachment [Validation Test Data - Actual Value] @18-09-2021 18:36:25.0123 PM
[ReportManager] API Action [GetResponseJSONValueAsList] successfully performed. With the following test data [$]. @18-09-2021 18:36:25.0135 PM
[ReportManager] API Action [GetResponseJSONValue] successfully performed. With the following test data [name]. @18-09-2021 18:36:25.0168 PM
[ReportManager] API Action [GetResponseJSONValue] successfully performed. With the following test data [email]. @18-09-2021 18:36:25.0191 PM
[ReportManager] Assertion [ValidateEquals] PASSED. Expected [Sincere@april.biz] and Actual [Sincere@april.biz]. Comparison Type [EQUALS]. Validation Type [POSITIVE]. @18-09-2021 18:36:25.0192 PM
[ReportManager] API Action [GetResponseJSONValue] successfully performed. With the following test data [name]. @18-09-2021 18:36:25.0218 PM
[ReportManager] API Action [GetResponseJSONValue] successfully performed. With the following test data [name]. @18-09-2021 18:36:25.0241 PM
[ReportManager] API Action [GetResponseJSONValue] successfully performed. With the following test data [name]. @18-09-2021 18:36:25.0259 PM
[ReportManager] API Action [GetResponseJSONValue] successfully performed. With the following test data [name]. @18-09-2021 18:36:25.0277 PM
[ReportManager] API Action [GetResponseJSONValue] successfully performed. With the following test data [name]. @18-09-2021 18:36:25.0296 PM
[ReportManager] API Action [GetResponseJSONValue] successfully performed. With the following test data [name]. @18-09-2021 18:36:25.0316 PM
[ReportManager] API Action [GetResponseJSONValue] successfully performed. With the following test data [name]. @18-09-2021 18:36:25.0345 PM
[ReportManager] API Action [GetResponseJSONValue] successfully performed. With the following test data [name]. @18-09-2021 18:36:25.0369 PM
[ReportManager] API Action [GetResponseJSONValue] successfully performed. With the following test data [name]. @18-09-2021 18:36:25.0387 P
[ReportManager] File Action [GetAbsolutePath] successfully performed. With the following test data [Relative Folder Path: "target/downloadedFiles/"]. @18-09-2021 18:36:25.0408 PM
[ReportManager] Attempting to run remotely on: [Linux-64], [GoogleChrome], [http://localhost:4444/wd/hub], Headless Execution. @18-09-2021 18:36:25.0439 PM
[ReportManager] Successfully Opened [GoogleChrome]. @18-09-2021 18:36:26.0824 PM
[ReportManager] Target URL: [https://www.google.com/ncr], and after redirection: [https://www.google.com] @18-09-2021 18:36:26.0883 PM
[ReportManager] Initial URL: [data:,] @18-09-2021 18:36:26.0990 PM
[ReportManager] Browser Action [NavigateToURL] successfully performed. With the following test data [https://www.google.com/ncr]. @18-09-2021 18:36:28.0504 P

################################################################################################################################################
Starting Execution:	[3 out of 23] test cases in the current suite
Test Method:		[tests.gui.google.C_Search_PageObjectModel_Traditional.navigateToGoogleHomeAndAssertGoogleLogoIsDisplayed]
################################################################################################################################################
[ReportManager] Element Action [IsElementDisplayed] successfully performed. @18-09-2021 18:36:28.0656 PM
[ReportManager] Assertion Passed: Asserting that the Google logo is displayed @18-09-2021 18:36:28.0657 PM
[ReportManager] Assertion [ValidateTrue] PASSED. Expected [TRUE] and Actual [TRUE]. Validation Type [POSITIVE]. @18-09-2021 18:36:28.0657 P
[ReportManager] Successfully created attachment [Selenium WebDriver Logs - server] @18-09-2021 18:36:28.0812 PM
[ReportManager] Successfully created attachment [Selenium WebDriver Logs - performance] @18-09-2021 18:36:28.0929 PM
[ReportManager] Successfully created attachment [Selenium WebDriver Logs - driver] @18-09-2021 18:36:29.0063 PM
[ReportManager] Browser Action [CloseCurrentWindow] successfully performed. @18-09-2021 18:36:29.0125 PM
[ReportManager] Successfully created attachment [Browser Action Test Data - CloseCurrentWindow - Actual Value] @18-09-2021 18:36:29.0130 P
[ReportManager] File Action [GetAbsolutePath] successfully performed. With the following test data [Relative Folder Path: "target/downloadedFiles/"]. @18-09-2021 18:36:29.0148 PM
[ReportManager] Attempting to run remotely on: [Linux-64], [GoogleChrome], [http://localhost:4444/wd/hub], Headless Execution. @18-09-2021 18:36:29.0150 PM
[ReportManager] Successfully Opened [GoogleChrome]. @18-09-2021 18:36:29.0821 PM
[ReportManager] Target URL: [https://www.google.com/ncr], and after redirection: [https://www.google.com] @18-09-2021 18:36:29.0858 PM
[ReportManager] Initial URL: [data:,] @18-09-2021 18:36:29.0951 PM
[ReportManager] Browser Action [NavigateToURL] successfully performed. With the following test data [https://www.google.com/ncr]. @18-09-2021 18:36:31.0027 P

################################################################################################################################################
Starting Execution:	[4 out of 23] test cases in the current suite
Test Method:		[tests.gui.google.C_Search_PageObjectModel_Traditional.navigateToGoogleHomeAndAssertPageTitle]
################################################################################################################################################
[ReportManager] Browser Action [GetCurrentWindowTitle] successfully performed. With the following test data [Google]. @18-09-2021 18:36:31.0082 PM
[ReportManager] Assertion Passed: Asserting that the page title is Google @18-09-2021 18:36:31.0082 PM
[ReportManager] Assertion [ValidateEquals] PASSED. Expected [Google] and Actual [Google]. Comparison Type [EQUALS]. Validation Type [POSITIVE]. @18-09-2021 18:36:31.0083 P
[ReportManager] Successfully created attachment [Selenium WebDriver Logs - server] @18-09-2021 18:36:31.0193 PM
[ReportManager] Successfully created attachment [Selenium WebDriver Logs - performance] @18-09-2021 18:36:31.0252 PM
[ReportManager] Successfully created attachment [Selenium WebDriver Logs - driver] @18-09-2021 18:36:31.0342 PM
[ReportManager] Browser Action [CloseCurrentWindow] successfully performed. @18-09-2021 18:36:31.0405 PM
[ReportManager] Successfully created attachment [Browser Action Test Data - CloseCurrentWindow - Actual Value] @18-09-2021 18:36:31.0410 P
[ReportManager] File Action [GetAbsolutePath] successfully performed. With the following test data [Relative Folder Path: "target/downloadedFiles/"]. @18-09-2021 18:36:31.0420 PM
[ReportManager] Attempting to run remotely on: [Linux-64], [GoogleChrome], [http://localhost:4444/wd/hub], Headless Execution. @18-09-2021 18:36:31.0420 PM
[ReportManager] Successfully Opened [GoogleChrome]. @18-09-2021 18:36:32.0053 PM
[ReportManager] Target URL: [https://www.google.com/ncr], and after redirection: [https://www.google.com] @18-09-2021 18:36:32.0087 PM
[ReportManager] Initial URL: [data:,] @18-09-2021 18:36:32.0178 PM
[ReportManager] Browser Action [NavigateToURL] successfully performed. With the following test data [https://www.google.com/ncr]. @18-09-2021 18:36:33.0276 P

################################################################################################################################################
Starting Execution:	[5 out of 23] test cases in the current suite
Test Method:		[tests.gui.google.C_Search_PageObjectModel_Traditional.searchForQueryAndAssertFirstResultTextIsCorrect]
################################################################################################################################################
[ReportManager] Element Action [Type] successfully performed. With the following test data [SHAFT_Engine]. @18-09-2021 18:36:34.0039 PM
[ReportManager] Element Action [KeyPress] successfully performed. With the following test data [ENTER]. @18-09-2021 18:36:35.0831 PM
[ReportManager] Element Action [GetText] successfully performed. With the following test data [SHAFT_ENGINE is a Test Automation Engine that ... - GitHub]. @18-09-2021 18:36:35.0948 PM
[ReportManager] Assertion Failed: Asserting that the correct first result is displayed @18-09-2021 18:36:35.0950 PM
[ReportManager] Assertion [ValidateEquals] FAILED. Expected [MohabMohie] and Actual [SHAFT_ENGINE is a Test Automation Engine that ... - GitHub]. Comparison Type [CONTAINS]. Validation Type [POSITIVE]. @18-09-2021 18:36:35.0950 P
[ReportManager] Successfully created attachment [Selenium WebDriver Logs - server] @18-09-2021 18:36:36.0210 PM
[ReportManager] Successfully created attachment [Selenium WebDriver Logs - performance] @18-09-2021 18:36:36.0463 PM
[ReportManager] Successfully created attachment [Selenium WebDriver Logs - driver] @18-09-2021 18:36:36.0748 PM
[ReportManager] Browser Action [CloseCurrentWindow] successfully performed. @18-09-2021 18:36:36.0824 PM
[ReportManager] Successfully created attachment [Browser Action Test Data - CloseCurrentWindow - Actual Value] @18-09-2021 18:36:36.0830 P
[ReportManager] Successfully loaded the following test data file [src/test/resources/TestDataFiles/Google/SimpleSearch.xlsx]. @18-09-2021 18:36:37.0638 PM
[ReportManager] Successfully created attachment [Test Data - Excel] @18-09-2021 18:36:37.0639 P
[ReportManager] File Action [GetAbsolutePath] successfully performed. With the following test data [Relative Folder Path: "target/downloadedFiles/"]. @18-09-2021 18:36:37.0640 PM
[ReportManager] Attempting to run remotely on: [Linux-64], [GoogleChrome], [http://localhost:4444/wd/hub], Headless Execution. @18-09-2021 18:36:37.0641 PM
[ReportManager] Successfully Opened [GoogleChrome]. @18-09-2021 18:36:38.0385 PM
[ReportManager] Target URL: [https://www.google.com/ncr], and after redirection: [https://www.google.com] @18-09-2021 18:36:38.0405 PM
[ReportManager] Initial URL: [data:,] @18-09-2021 18:36:38.0482 PM
[ReportManager] Browser Action [NavigateToURL] successfully performed. With the following test data [https://www.google.com/ncr]. @18-09-2021 18:36:39.0460 P

################################################################################################################################################
Starting Execution:	[6 out of 23] test cases in the current suite
Test Method:		[tests.gui.google.E_Search_PageObjectModel_Traditional_SHAFTAssertions.navigateToGoogleHomeAndAssertGoogleLogoIsDisplayed]
################################################################################################################################################
[ReportManager] File Action [DoesFileExist] successfully performed. With the following test data [File Path: "src/test/resources/DynamicObjectRepository/tests_gui_google_E_Search_PageObjectModel_Traditional_SHAFTAssertions_navigateToGoogleHomeAndAssertGoogleLogoIsDisplayed_By_xpath_img_id_hplogo_or_alt_Google.png"]. @18-09-2021 18:36:39.0482 PM
[ReportManager] File Action [GetAbsolutePath] successfully performed. With the following test data [Relative Folder Path: "src/test/resources/DynamicObjectRepository/tests_gui_google_E_Search_PageObjectModel_Traditional_SHAFTAssertions_navigateToGoogleHomeAndAssertGoogleLogoIsDisplayed_By_xpath_img_id_hplogo_or_alt_Google.png"]. @18-09-2021 18:36:39.0483 PM
[ReportManager] File Action [ReadFromImageFile] successfully performed. With the following test data [File Path: "/home/runner/work/using_SHAFT_ENGINE/using_SHAFT_ENGINE/src/test/resources/DynamicObjectRepository/tests_gui_google_E_Search_PageObjectModel_Traditional_SHAFTAssertions_navigateToGoogleHomeAndAssertGoogleLogoIsDisplayed_By_xpath_img_id_hplogo_or_alt_Google.png"]. @18-09-2021 18:36:39.0483 PM
[ReportManager] File Action [DoesFileExist] successfully performed. With the following test data [File Path: "src/test/resources/DynamicObjectRepository/tests_gui_google_E_Search_PageObjectModel_Traditional_SHAFTAssertions_navigateToGoogleHomeAndAssertGoogleLogoIsDisplayed_By_xpath_img_id_hplogo_or_alt_Google.png"]. @18-09-2021 18:36:39.0718 PM
[ReportManager] File Action [DoesFileExist] successfully performed. With the following test data [File Path: "src/test/resources/DynamicObjectRepository/tests_gui_google_E_Search_PageObjectModel_Traditional_SHAFTAssertions_navigateToGoogleHomeAndAssertGoogleLogoIsDisplayed_By_xpath_img_id_hplogo_or_alt_Google.png"]. @18-09-2021 18:36:39.0718 PM
[ReportManager] Loaded Shared OpenCV @18-09-2021 18:36:40.0203 PM
[ReportManager] Successfully identified the element using AI; OpenCV. @18-09-2021 18:36:40.0227 PM
[ReportManager] Assertion Passed: Asserting that the Google logo is displayed @18-09-2021 18:36:40.0228 PM
[ReportManager] Successfully created attachment [Validation Test Data - Reference Screenshot] @18-09-2021 18:36:40.0229 PM
[ReportManager] Successfully created attachment [Validation Test Data - Actual Screenshot] @18-09-2021 18:36:40.0229 PM
[ReportManager] Assertion [ValidateElementMatches] PASSED. Expected [Element should match the reference screenshot] and Actual [TRUE]. Comparison Type [EXACT_OPENCV]. Validation Type [POSITIVE]. @18-09-2021 18:36:40.0229 P
[ReportManager] Successfully created attachment [Selenium WebDriver Logs - server] @18-09-2021 18:36:40.0360 PM
[ReportManager] Successfully created attachment [Selenium WebDriver Logs - performance] @18-09-2021 18:36:40.0400 PM
[ReportManager] Successfully created attachment [Selenium WebDriver Logs - driver] @18-09-2021 18:36:40.0491 PM
[ReportManager] Browser Action [CloseCurrentWindow] successfully performed. @18-09-2021 18:36:40.0554 PM
[ReportManager] Successfully created attachment [Browser Action Test Data - CloseCurrentWindow - Actual Value] @18-09-2021 18:36:40.0555 P
[ReportManager] File Action [GetAbsolutePath] successfully performed. With the following test data [Relative Folder Path: "target/downloadedFiles/"]. @18-09-2021 18:36:40.0562 PM
[ReportManager] Attempting to run remotely on: [Linux-64], [GoogleChrome], [http://localhost:4444/wd/hub], Headless Execution. @18-09-2021 18:36:40.0563 PM
[ReportManager] Successfully Opened [GoogleChrome]. @18-09-2021 18:36:40.0892 PM
[ReportManager] Target URL: [https://www.google.com/ncr], and after redirection: [https://www.google.com] @18-09-2021 18:36:40.0906 PM
[ReportManager] Initial URL: [data:,] @18-09-2021 18:36:40.0977 PM
[ReportManager] Browser Action [NavigateToURL] successfully performed. With the following test data [https://www.google.com/ncr]. @18-09-2021 18:36:41.0916 P

################################################################################################################################################
Starting Execution:	[7 out of 23] test cases in the current suite
Test Method:		[tests.gui.google.E_Search_PageObjectModel_Traditional_SHAFTAssertions.navigateToGoogleHomeAndAssertPageTitle]
################################################################################################################################################
[ReportManager] Browser Action [GetCurrentWindowTitle] successfully performed. With the following test data [Google]. @18-09-2021 18:36:41.0962 PM
[ReportManager] Assertion Passed: Asserting that the page title is Google @18-09-2021 18:36:42.0285 PM
[ReportManager] Successfully created attachment [Screenshot - 1631990202056_navigateToGoogleHomeAndAssertPageTitle_ValidateBrowserAttribute_passed] @18-09-2021 18:36:42.0292 PM
[ReportManager] Assertion [ValidateBrowserAttribute] PASSED. Expected [Value Should be 'Google' for the 'Title' attribute] and Actual [Google]. Comparison Type [EQUALS]. Validation Type [POSITIVE]. @18-09-2021 18:36:42.0292 P
[ReportManager] Successfully created attachment [Selenium WebDriver Logs - server] @18-09-2021 18:36:42.0405 PM
[ReportManager] Successfully created attachment [Selenium WebDriver Logs - performance] @18-09-2021 18:36:42.0449 PM
[ReportManager] Successfully created attachment [Selenium WebDriver Logs - driver] @18-09-2021 18:36:42.0528 PM
[ReportManager] Browser Action [CloseCurrentWindow] successfully performed. @18-09-2021 18:36:42.0588 PM
[ReportManager] Successfully created attachment [Browser Action Test Data - CloseCurrentWindow - Actual Value] @18-09-2021 18:36:42.0589 P
[ReportManager] File Action [GetAbsolutePath] successfully performed. With the following test data [Relative Folder Path: "target/downloadedFiles/"]. @18-09-2021 18:36:42.0591 PM
[ReportManager] Attempting to run remotely on: [Linux-64], [GoogleChrome], [http://localhost:4444/wd/hub], Headless Execution. @18-09-2021 18:36:42.0592 PM
[ReportManager] Successfully Opened [GoogleChrome]. @18-09-2021 18:36:42.0860 PM
[ReportManager] Target URL: [https://www.google.com/ncr], and after redirection: [https://www.google.com] @18-09-2021 18:36:42.0887 PM
[ReportManager] Initial URL: [data:,] @18-09-2021 18:36:42.0953 PM
[ReportManager] Browser Action [NavigateToURL] successfully performed. With the following test data [https://www.google.com/ncr]. @18-09-2021 18:36:43.0889 P

################################################################################################################################################
Starting Execution:	[8 out of 23] test cases in the current suite
Test Method:		[tests.gui.google.E_Search_PageObjectModel_Traditional_SHAFTAssertions.searchForQueryAndAssertFirstResultTextIsCorrect]
################################################################################################################################################
[ReportManager] Element Action [Type] successfully performed. With the following test data [SHAFT_Engine]. @18-09-2021 18:36:44.0654 PM
[ReportManager] Element Action [KeyPress] successfully performed. With the following test data [ENTER]. @18-09-2021 18:36:46.0299 PM
[ReportManager] Element Action [GetText] successfully performed. With the following test data [SHAFT_ENGINE is a Test Automation Engine that ... - GitHub]. @18-09-2021 18:36:46.0410 PM
[ReportManager] Loaded Shared OpenCV @18-09-2021 18:36:46.0642 PM
[ReportManager] Assertion Failed: Asserting that the correct first result is displayed @18-09-2021 18:36:46.0783 PM
[ReportManager] Successfully created attachment [Screenshot - 1631990206642_searchForQueryAndAssertFirstResultTextIsCorrect_ValidateElementAttribute_failed] @18-09-2021 18:36:46.0792 PM
[ReportManager] Assertion [ValidateElementAttribute] FAILED. Expected [Value Should be 'MohabMohie' for the 'Text' attribute, element locator 'By.xpath: (//h1[contains(text(),'Search Result')]/following-sibling::div//a/h3)[1]'] and Actual [SHAFT_ENGINE is a Test Automation Engine that ... - GitHub]. Comparison Type [CONTAINS]. Validation Type [POSITIVE]. @18-09-2021 18:36:46.0792 P
[ReportManager] Successfully created attachment [Selenium WebDriver Logs - server] @18-09-2021 18:36:47.0051 PM
[ReportManager] Successfully created attachment [Selenium WebDriver Logs - performance] @18-09-2021 18:36:47.0275 PM
[ReportManager] Successfully created attachment [Selenium WebDriver Logs - driver] @18-09-2021 18:36:47.0549 PM
[ReportManager] Browser Action [CloseCurrentWindow] successfully performed. @18-09-2021 18:36:47.0637 PM
[ReportManager] Successfully created attachment [Browser Action Test Data - CloseCurrentWindow - Actual Value] @18-09-2021 18:36:47.0641 P
[ReportManager] File Action [GetAbsolutePath] successfully performed. With the following test data [Relative Folder Path: "target/downloadedFiles/"]. @18-09-2021 18:36:47.0645 PM
[ReportManager] Attempting to run remotely on: [Linux-64], [GoogleChrome], [http://localhost:4444/wd/hub], Headless Execution. @18-09-2021 18:36:47.0646 PM
[ReportManager] Successfully Opened [GoogleChrome]. @18-09-2021 18:36:47.0961 PM
[ReportManager] Target URL: [https://www.google.com/ncr], and after redirection: [https://www.google.com] @18-09-2021 18:36:47.0987 PM
[ReportManager] Initial URL: [data:,] @18-09-2021 18:36:48.0052 PM
[ReportManager] Browser Action [NavigateToURL] successfully performed. With the following test data [https://www.google.com/ncr]. @18-09-2021 18:36:48.0973 P

################################################################################################################################################
Starting Execution:	[9 out of 23] test cases in the current suite
Test Method:		[tests.gui.google.B_Search_FlatTest_SHAFT.navigateToGoogleHomeAndAssertGoogleLogoIsDisplayed]
################################################################################################################################################
[ReportManager] File Action [DoesFileExist] successfully performed. With the following test data [File Path: "src/test/resources/DynamicObjectRepository/tests_gui_google_B_Search_FlatTest_SHAFT_navigateToGoogleHomeAndAssertGoogleLogoIsDisplayed_By_xpath_img_id_hplogo_or_alt_Google.png"]. @18-09-2021 18:36:48.0981 PM
[ReportManager] File Action [GetAbsolutePath] successfully performed. With the following test data [Relative Folder Path: "src/test/resources/DynamicObjectRepository/tests_gui_google_B_Search_FlatTest_SHAFT_navigateToGoogleHomeAndAssertGoogleLogoIsDisplayed_By_xpath_img_id_hplogo_or_alt_Google.png"]. @18-09-2021 18:36:48.0982 PM
[ReportManager] File Action [ReadFromImageFile] successfully performed. With the following test data [File Path: "/home/runner/work/using_SHAFT_ENGINE/using_SHAFT_ENGINE/src/test/resources/DynamicObjectRepository/tests_gui_google_B_Search_FlatTest_SHAFT_navigateToGoogleHomeAndAssertGoogleLogoIsDisplayed_By_xpath_img_id_hplogo_or_alt_Google.png"]. @18-09-2021 18:36:48.0982 PM
[ReportManager] File Action [DoesFileExist] successfully performed. With the following test data [File Path: "src/test/resources/DynamicObjectRepository/tests_gui_google_B_Search_FlatTest_SHAFT_navigateToGoogleHomeAndAssertGoogleLogoIsDisplayed_By_xpath_img_id_hplogo_or_alt_Google.png"]. @18-09-2021 18:36:49.0199 PM
[ReportManager] File Action [DoesFileExist] successfully performed. With the following test data [File Path: "src/test/resources/DynamicObjectRepository/tests_gui_google_B_Search_FlatTest_SHAFT_navigateToGoogleHomeAndAssertGoogleLogoIsDisplayed_By_xpath_img_id_hplogo_or_alt_Google.png"]. @18-09-2021 18:36:49.0199 PM
[ReportManager] Loaded Shared OpenCV @18-09-2021 18:36:49.0199 PM
[ReportManager] Successfully identified the element using AI; OpenCV. @18-09-2021 18:36:49.0202 PM
[ReportManager] Assertion Passed: Asserting that the Google logo is displayed @18-09-2021 18:36:49.0202 PM
[ReportManager] Successfully created attachment [Validation Test Data - Reference Screenshot] @18-09-2021 18:36:49.0203 PM
[ReportManager] Successfully created attachment [Validation Test Data - Actual Screenshot] @18-09-2021 18:36:49.0203 PM
[ReportManager] Assertion [ValidateElementMatches] PASSED. Expected [Element should match the reference screenshot] and Actual [TRUE]. Comparison Type [EXACT_OPENCV]. Validation Type [POSITIVE]. @18-09-2021 18:36:49.0203 P
[ReportManager] Successfully created attachment [Selenium WebDriver Logs - server] @18-09-2021 18:36:49.0320 PM
[ReportManager] Successfully created attachment [Selenium WebDriver Logs - performance] @18-09-2021 18:36:49.0361 PM
[ReportManager] Successfully created attachment [Selenium WebDriver Logs - driver] @18-09-2021 18:36:49.0451 PM
[ReportManager] Browser Action [CloseCurrentWindow] successfully performed. @18-09-2021 18:36:49.0516 PM
[ReportManager] Successfully created attachment [Browser Action Test Data - CloseCurrentWindow - Actual Value] @18-09-2021 18:36:49.0517 P
[ReportManager] File Action [GetAbsolutePath] successfully performed. With the following test data [Relative Folder Path: "target/downloadedFiles/"]. @18-09-2021 18:36:49.0519 PM
[ReportManager] Attempting to run remotely on: [Linux-64], [GoogleChrome], [http://localhost:4444/wd/hub], Headless Execution. @18-09-2021 18:36:49.0519 PM
[ReportManager] Successfully Opened [GoogleChrome]. @18-09-2021 18:36:49.0785 PM
[ReportManager] Target URL: [https://www.google.com/ncr], and after redirection: [https://www.google.com] @18-09-2021 18:36:49.0806 PM
[ReportManager] Initial URL: [data:,] @18-09-2021 18:36:49.0872 PM
[ReportManager] Browser Action [NavigateToURL] successfully performed. With the following test data [https://www.google.com/ncr]. @18-09-2021 18:36:50.0860 P

################################################################################################################################################
Starting Execution:	[10 out of 23] test cases in the current suite
Test Method:		[tests.gui.google.B_Search_FlatTest_SHAFT.navigateToGoogleHomeAndAssertPageTitle]
################################################################################################################################################
[ReportManager] Browser Action [GetCurrentWindowTitle] successfully performed. With the following test data [Google]. @18-09-2021 18:36:50.0913 PM
[ReportManager] Assertion Passed: Asserting that the page title is Google @18-09-2021 18:36:51.0035 PM
[ReportManager] Successfully created attachment [Screenshot - 1631990210982_navigateToGoogleHomeAndAssertPageTitle_ValidateBrowserAttribute_passed] @18-09-2021 18:36:51.0036 PM
[ReportManager] Assertion [ValidateBrowserAttribute] PASSED. Expected [Value Should be 'Google' for the 'Title' attribute] and Actual [Google]. Comparison Type [EQUALS]. Validation Type [POSITIVE]. @18-09-2021 18:36:51.0036 P
[ReportManager] Successfully created attachment [Selenium WebDriver Logs - server] @18-09-2021 18:36:51.0168 PM
[ReportManager] Successfully created attachment [Selenium WebDriver Logs - performance] @18-09-2021 18:36:51.0245 PM
[ReportManager] Successfully created attachment [Selenium WebDriver Logs - driver] @18-09-2021 18:36:51.0333 PM
[ReportManager] Browser Action [CloseCurrentWindow] successfully performed. @18-09-2021 18:36:51.0393 PM
[ReportManager] Successfully created attachment [Browser Action Test Data - CloseCurrentWindow - Actual Value] @18-09-2021 18:36:51.0394 P
[ReportManager] File Action [GetAbsolutePath] successfully performed. With the following test data [Relative Folder Path: "target/downloadedFiles/"]. @18-09-2021 18:36:51.0400 PM
[ReportManager] Attempting to run remotely on: [Linux-64], [GoogleChrome], [http://localhost:4444/wd/hub], Headless Execution. @18-09-2021 18:36:51.0401 PM
[ReportManager] Successfully Opened [GoogleChrome]. @18-09-2021 18:36:51.0680 PM
[ReportManager] Target URL: [https://www.google.com/ncr], and after redirection: [https://www.google.com] @18-09-2021 18:36:51.0695 PM
[ReportManager] Initial URL: [data:,] @18-09-2021 18:36:51.0746 PM
[ReportManager] Browser Action [NavigateToURL] successfully performed. With the following test data [https://www.google.com/ncr]. @18-09-2021 18:36:52.0704 P

################################################################################################################################################
Starting Execution:	[11 out of 23] test cases in the current suite
Test Method:		[tests.gui.google.B_Search_FlatTest_SHAFT.searchForQueryAndAssertFirstResultTextIsCorrect]
################################################################################################################################################
[ReportManager] Element Action [Type] successfully performed. With the following test data [SHAFT_Engine]. @18-09-2021 18:36:53.0382 PM
[ReportManager] Element Action [KeyPress] successfully performed. With the following test data [ENTER]. @18-09-2021 18:36:54.0920 PM
[ReportManager] Element Action [GetText] successfully performed. With the following test data [SHAFT_ENGINE is a Test Automation Engine that ... - GitHub]. @18-09-2021 18:36:55.0019 PM
[ReportManager] Loaded Shared OpenCV @18-09-2021 18:36:55.0226 PM
[ReportManager] Assertion Failed: Asserting that the correct first result is displayed @18-09-2021 18:36:55.0303 PM
[ReportManager] Successfully created attachment [Screenshot - 1631990215226_searchForQueryAndAssertFirstResultTextIsCorrect_ValidateElementAttribute_failed] @18-09-2021 18:36:55.0306 PM
[ReportManager] Assertion [ValidateElementAttribute] FAILED. Expected [Value Should be 'MohabMohie' for the 'Text' attribute, element locator 'By.xpath: (//h1[contains(text(),'Search Result')]/following-sibling::div//a/h3)[1]'] and Actual [SHAFT_ENGINE is a Test Automation Engine that ... - GitHub]. Comparison Type [CONTAINS]. Validation Type [POSITIVE]. @18-09-2021 18:36:55.0306 P
[ReportManager] Successfully created attachment [Selenium WebDriver Logs - server] @18-09-2021 18:36:55.0530 PM
[ReportManager] Successfully created attachment [Selenium WebDriver Logs - performance] @18-09-2021 18:36:55.0728 PM
[ReportManager] Successfully created attachment [Selenium WebDriver Logs - driver] @18-09-2021 18:36:56.0005 PM
[ReportManager] Browser Action [CloseCurrentWindow] successfully performed. @18-09-2021 18:36:56.0068 PM
[ReportManager] Successfully created attachment [Browser Action Test Data - CloseCurrentWindow - Actual Value] @18-09-2021 18:36:56.0070 P
[ReportManager] Successfully loaded the following test data file [src/test/resources/TestDataFiles/Google/SimpleSearch.xlsx]. @18-09-2021 18:36:56.0135 PM
[ReportManager] Successfully created attachment [Test Data - Excel] @18-09-2021 18:36:56.0136 P
[ReportManager] File Action [GetAbsolutePath] successfully performed. With the following test data [Relative Folder Path: "target/downloadedFiles/"]. @18-09-2021 18:36:56.0137 PM
[ReportManager] Attempting to run remotely on: [Linux-64], [GoogleChrome], [http://localhost:4444/wd/hub], Headless Execution. @18-09-2021 18:36:56.0138 PM
[ReportManager] Successfully Opened [GoogleChrome]. @18-09-2021 18:36:56.0441 PM
[ReportManager] Target URL: [https://www.google.com/ncr], and after redirection: [https://www.google.com] @18-09-2021 18:36:56.0456 PM
[ReportManager] Initial URL: [data:,] @18-09-2021 18:36:56.0502 PM
[ReportManager] Browser Action [NavigateToURL] successfully performed. With the following test data [https://www.google.com/ncr]. @18-09-2021 18:36:57.0447 P

################################################################################################################################################
Starting Execution:	[12 out of 23] test cases in the current suite
Test Method:		[tests.gui.google.F_Search_PageObjectModel_Fluent.navigateToGoogleHomeAndAssertGoogleLogoIsDisplayed]
################################################################################################################################################
[ReportManager] File Action [DoesFileExist] successfully performed. With the following test data [File Path: "src/test/resources/DynamicObjectRepository/tests_gui_google_F_Search_PageObjectModel_Fluent_navigateToGoogleHomeAndAssertGoogleLogoIsDisplayed_By_xpath_img_id_hplogo_or_alt_Google.png"]. @18-09-2021 18:36:57.0459 PM
[ReportManager] File Action [GetAbsolutePath] successfully performed. With the following test data [Relative Folder Path: "src/test/resources/DynamicObjectRepository/tests_gui_google_F_Search_PageObjectModel_Fluent_navigateToGoogleHomeAndAssertGoogleLogoIsDisplayed_By_xpath_img_id_hplogo_or_alt_Google.png"]. @18-09-2021 18:36:57.0459 PM
[ReportManager] File Action [ReadFromImageFile] successfully performed. With the following test data [File Path: "/home/runner/work/using_SHAFT_ENGINE/using_SHAFT_ENGINE/src/test/resources/DynamicObjectRepository/tests_gui_google_F_Search_PageObjectModel_Fluent_navigateToGoogleHomeAndAssertGoogleLogoIsDisplayed_By_xpath_img_id_hplogo_or_alt_Google.png"]. @18-09-2021 18:36:57.0460 PM
[ReportManager] File Action [DoesFileExist] successfully performed. With the following test data [File Path: "src/test/resources/DynamicObjectRepository/tests_gui_google_F_Search_PageObjectModel_Fluent_navigateToGoogleHomeAndAssertGoogleLogoIsDisplayed_By_xpath_img_id_hplogo_or_alt_Google.png"]. @18-09-2021 18:36:57.0715 PM
[ReportManager] File Action [DoesFileExist] successfully performed. With the following test data [File Path: "src/test/resources/DynamicObjectRepository/tests_gui_google_F_Search_PageObjectModel_Fluent_navigateToGoogleHomeAndAssertGoogleLogoIsDisplayed_By_xpath_img_id_hplogo_or_alt_Google.png"]. @18-09-2021 18:36:57.0716 PM
[ReportManager] Loaded Shared OpenCV @18-09-2021 18:36:57.0716 PM
[ReportManager] Successfully identified the element using AI; OpenCV. @18-09-2021 18:36:57.0719 PM
[ReportManager] Assertion Passed: Asserting that the Google logo is displayed @18-09-2021 18:36:57.0719 PM
[ReportManager] Successfully created attachment [Validation Test Data - Reference Screenshot] @18-09-2021 18:36:57.0720 PM
[ReportManager] Successfully created attachment [Validation Test Data - Actual Screenshot] @18-09-2021 18:36:57.0721 PM
[ReportManager] Assertion [ValidateElementMatches] PASSED. Expected [Element should match the reference screenshot] and Actual [TRUE]. Comparison Type [EXACT_OPENCV]. Validation Type [POSITIVE]. @18-09-2021 18:36:57.0721 P
[ReportManager] Successfully created attachment [Selenium WebDriver Logs - server] @18-09-2021 18:36:57.0818 PM
[ReportManager] Successfully created attachment [Selenium WebDriver Logs - performance] @18-09-2021 18:36:57.0861 PM
[ReportManager] Successfully created attachment [Selenium WebDriver Logs - driver] @18-09-2021 18:36:57.0937 PM
[ReportManager] Browser Action [CloseCurrentWindow] successfully performed. @18-09-2021 18:36:58.0001 PM
[ReportManager] Successfully created attachment [Browser Action Test Data - CloseCurrentWindow - Actual Value] @18-09-2021 18:36:58.0001 P
[ReportManager] File Action [GetAbsolutePath] successfully performed. With the following test data [Relative Folder Path: "target/downloadedFiles/"]. @18-09-2021 18:36:58.0005 PM
[ReportManager] Attempting to run remotely on: [Linux-64], [GoogleChrome], [http://localhost:4444/wd/hub], Headless Execution. @18-09-2021 18:36:58.0005 PM
[ReportManager] Successfully Opened [GoogleChrome]. @18-09-2021 18:36:58.0265 PM
[ReportManager] Target URL: [https://www.google.com/ncr], and after redirection: [https://www.google.com] @18-09-2021 18:36:58.0280 PM
[ReportManager] Initial URL: [data:,] @18-09-2021 18:36:58.0334 PM
[ReportManager] Browser Action [NavigateToURL] successfully performed. With the following test data [https://www.google.com/ncr]. @18-09-2021 18:36:59.0333 P

################################################################################################################################################
Starting Execution:	[13 out of 23] test cases in the current suite
Test Method:		[tests.gui.google.F_Search_PageObjectModel_Fluent.navigateToGoogleHomeAndAssertPageTitle]
################################################################################################################################################
[ReportManager] Browser Action [GetCurrentWindowTitle] successfully performed. With the following test data [Google]. @18-09-2021 18:36:59.0374 PM
[ReportManager] Assertion Passed: Asserting that the page title is Google @18-09-2021 18:36:59.0495 PM
[ReportManager] Successfully created attachment [Screenshot - 1631990219455_navigateToGoogleHomeAndAssertPageTitle_ValidateBrowserAttribute_passed] @18-09-2021 18:36:59.0496 PM
[ReportManager] Assertion [ValidateBrowserAttribute] PASSED. Expected [Value Should be 'Google' for the 'Title' attribute] and Actual [Google]. Comparison Type [EQUALS]. Validation Type [POSITIVE]. @18-09-2021 18:36:59.0496 P
[ReportManager] Successfully created attachment [Selenium WebDriver Logs - server] @18-09-2021 18:36:59.0581 PM
[ReportManager] Successfully created attachment [Selenium WebDriver Logs - performance] @18-09-2021 18:36:59.0616 PM
[ReportManager] Successfully created attachment [Selenium WebDriver Logs - driver] @18-09-2021 18:36:59.0685 PM
[ReportManager] Browser Action [CloseCurrentWindow] successfully performed. @18-09-2021 18:36:59.0746 PM
[ReportManager] Successfully created attachment [Browser Action Test Data - CloseCurrentWindow - Actual Value] @18-09-2021 18:36:59.0747 P
[ReportManager] File Action [GetAbsolutePath] successfully performed. With the following test data [Relative Folder Path: "target/downloadedFiles/"]. @18-09-2021 18:36:59.0749 PM
[ReportManager] Attempting to run remotely on: [Linux-64], [GoogleChrome], [http://localhost:4444/wd/hub], Headless Execution. @18-09-2021 18:36:59.0749 PM
[ReportManager] Successfully Opened [GoogleChrome]. @18-09-2021 18:37:00.0018 PM
[ReportManager] Target URL: [https://www.google.com/ncr], and after redirection: [https://www.google.com] @18-09-2021 18:37:00.0041 PM
[ReportManager] Initial URL: [data:,] @18-09-2021 18:37:00.0099 PM
[ReportManager] Browser Action [NavigateToURL] successfully performed. With the following test data [https://www.google.com/ncr]. @18-09-2021 18:37:01.0080 P

################################################################################################################################################
Starting Execution:	[14 out of 23] test cases in the current suite
Test Method:		[tests.gui.google.F_Search_PageObjectModel_Fluent.searchForQueryAndAssertFirstResultTextIsCorrect]
################################################################################################################################################
[ReportManager] Element Action [Type] successfully performed. With the following test data [SHAFT_Engine]. @18-09-2021 18:37:01.0839 PM
[ReportManager] Element Action [KeyPress] successfully performed. With the following test data [ENTER]. @18-09-2021 18:37:03.0386 PM
[ReportManager] Element Action [GetText] successfully performed. With the following test data [SHAFT_ENGINE is a Test Automation Engine that ... - GitHub]. @18-09-2021 18:37:03.0494 PM
[ReportManager] Loaded Shared OpenCV @18-09-2021 18:37:03.0680 PM
[ReportManager] Assertion Failed: Asserting that the correct first result is displayed @18-09-2021 18:37:03.0755 PM
[ReportManager] Successfully created attachment [Screenshot - 1631990223680_searchForQueryAndAssertFirstResultTextIsCorrect_ValidateElementAttribute_failed] @18-09-2021 18:37:03.0757 PM
[ReportManager] Assertion [ValidateElementAttribute] FAILED. Expected [Value Should be 'MohabMohie' for the 'Text' attribute, element locator 'By.xpath: (//h1[contains(text(),'Search Result')]/following-sibling::div//a/h3)[1]'] and Actual [SHAFT_ENGINE is a Test Automation Engine that ... - GitHub]. Comparison Type [CONTAINS]. Validation Type [POSITIVE]. @18-09-2021 18:37:03.0757 P
[ReportManager] Successfully created attachment [Selenium WebDriver Logs - server] @18-09-2021 18:37:03.0970 PM
[ReportManager] Successfully created attachment [Selenium WebDriver Logs - performance] @18-09-2021 18:37:04.0180 PM
[ReportManager] Successfully created attachment [Selenium WebDriver Logs - driver] @18-09-2021 18:37:04.0434 PM
[ReportManager] Browser Action [CloseCurrentWindow] successfully performed. @18-09-2021 18:37:04.0496 PM
[ReportManager] Successfully created attachment [Browser Action Test Data - CloseCurrentWindow - Actual Value] @18-09-2021 18:37:04.0499 P
[ReportManager] Successfully loaded the following test data file [src/test/resources/TestDataFiles/Google/SimpleSearch.xlsx]. @18-09-2021 18:37:04.0553 PM
[ReportManager] Successfully created attachment [Test Data - Excel] @18-09-2021 18:37:04.0553 P
[ReportManager] File Action [GetAbsolutePath] successfully performed. With the following test data [Relative Folder Path: "target/downloadedFiles/"]. @18-09-2021 18:37:04.0564 PM
[ReportManager] Attempting to run remotely on: [Linux-64], [GoogleChrome], [http://localhost:4444/wd/hub], Headless Execution. @18-09-2021 18:37:04.0564 PM
[ReportManager] Successfully Opened [GoogleChrome]. @18-09-2021 18:37:04.0827 PM
[ReportManager] Target URL: [https://www.google.com/ncr], and after redirection: [https://www.google.com] @18-09-2021 18:37:04.0845 PM
[ReportManager] Initial URL: [data:,] @18-09-2021 18:37:04.0908 PM
[ReportManager] Browser Action [NavigateToURL] successfully performed. With the following test data [https://www.google.com/ncr]. @18-09-2021 18:37:05.0918 P

################################################################################################################################################
Starting Execution:	[15 out of 23] test cases in the current suite
Test Method:		[tests.gui.google.G_Search_PageObjectModel_ThreadSafe.navigateToGoogleHomeAndAssertGoogleLogoIsDisplayed]
################################################################################################################################################
[ReportManager] File Action [DoesFileExist] successfully performed. With the following test data [File Path: "src/test/resources/DynamicObjectRepository/tests_gui_google_G_Search_PageObjectModel_ThreadSafe_navigateToGoogleHomeAndAssertGoogleLogoIsDisplayed_By_xpath_img_id_hplogo_or_alt_Google.png"]. @18-09-2021 18:37:05.0922 PM
[ReportManager] File Action [GetAbsolutePath] successfully performed. With the following test data [Relative Folder Path: "src/test/resources/DynamicObjectRepository/tests_gui_google_G_Search_PageObjectModel_ThreadSafe_navigateToGoogleHomeAndAssertGoogleLogoIsDisplayed_By_xpath_img_id_hplogo_or_alt_Google.png"]. @18-09-2021 18:37:05.0922 PM
[ReportManager] File Action [ReadFromImageFile] successfully performed. With the following test data [File Path: "/home/runner/work/using_SHAFT_ENGINE/using_SHAFT_ENGINE/src/test/resources/DynamicObjectRepository/tests_gui_google_G_Search_PageObjectModel_ThreadSafe_navigateToGoogleHomeAndAssertGoogleLogoIsDisplayed_By_xpath_img_id_hplogo_or_alt_Google.png"]. @18-09-2021 18:37:05.0922 PM
[ReportManager] File Action [DoesFileExist] successfully performed. With the following test data [File Path: "src/test/resources/DynamicObjectRepository/tests_gui_google_G_Search_PageObjectModel_ThreadSafe_navigateToGoogleHomeAndAssertGoogleLogoIsDisplayed_By_xpath_img_id_hplogo_or_alt_Google.png"]. @18-09-2021 18:37:06.0132 PM
[ReportManager] File Action [DoesFileExist] successfully performed. With the following test data [File Path: "src/test/resources/DynamicObjectRepository/tests_gui_google_G_Search_PageObjectModel_ThreadSafe_navigateToGoogleHomeAndAssertGoogleLogoIsDisplayed_By_xpath_img_id_hplogo_or_alt_Google.png"]. @18-09-2021 18:37:06.0133 PM
[ReportManager] Loaded Shared OpenCV @18-09-2021 18:37:06.0133 PM
[ReportManager] Successfully identified the element using AI; OpenCV. @18-09-2021 18:37:06.0136 PM
[ReportManager] Assertion Passed: Asserting that the Google logo is displayed @18-09-2021 18:37:06.0136 PM
[ReportManager] Successfully created attachment [Validation Test Data - Reference Screenshot] @18-09-2021 18:37:06.0137 PM
[ReportManager] Successfully created attachment [Validation Test Data - Actual Screenshot] @18-09-2021 18:37:06.0137 PM
[ReportManager] Assertion [ValidateElementMatches] PASSED. Expected [Element should match the reference screenshot] and Actual [TRUE]. Comparison Type [EXACT_OPENCV]. Validation Type [POSITIVE]. @18-09-2021 18:37:06.0137 P
[ReportManager] Successfully created attachment [Selenium WebDriver Logs - server] @18-09-2021 18:37:06.0239 PM
[ReportManager] Successfully created attachment [Selenium WebDriver Logs - performance] @18-09-2021 18:37:06.0278 PM
[ReportManager] Successfully created attachment [Selenium WebDriver Logs - driver] @18-09-2021 18:37:06.0384 PM
[ReportManager] Browser Action [CloseCurrentWindow] successfully performed. @18-09-2021 18:37:06.0443 PM
[ReportManager] Successfully created attachment [Browser Action Test Data - CloseCurrentWindow - Actual Value] @18-09-2021 18:37:06.0444 P
[ReportManager] File Action [GetAbsolutePath] successfully performed. With the following test data [Relative Folder Path: "target/downloadedFiles/"]. @18-09-2021 18:37:06.0446 PM
[ReportManager] Attempting to run remotely on: [Linux-64], [GoogleChrome], [http://localhost:4444/wd/hub], Headless Execution. @18-09-2021 18:37:06.0446 PM
[ReportManager] Successfully Opened [GoogleChrome]. @18-09-2021 18:37:06.0730 PM
[ReportManager] Target URL: [https://www.google.com/ncr], and after redirection: [https://www.google.com] @18-09-2021 18:37:06.0748 PM
[ReportManager] Initial URL: [data:,] @18-09-2021 18:37:06.0814 PM
[ReportManager] Browser Action [NavigateToURL] successfully performed. With the following test data [https://www.google.com/ncr]. @18-09-2021 18:37:07.0789 P

################################################################################################################################################
Starting Execution:	[16 out of 23] test cases in the current suite
Test Method:		[tests.gui.google.G_Search_PageObjectModel_ThreadSafe.navigateToGoogleHomeAndAssertPageTitle]
################################################################################################################################################
[ReportManager] Browser Action [GetCurrentWindowTitle] successfully performed. With the following test data [Google]. @18-09-2021 18:37:07.0844 PM
[ReportManager] Assertion Passed: Asserting that the page title is Google @18-09-2021 18:37:07.0986 PM
[ReportManager] Successfully created attachment [Screenshot - 1631990227940_navigateToGoogleHomeAndAssertPageTitle_ValidateBrowserAttribute_passed] @18-09-2021 18:37:07.0986 PM
[ReportManager] Assertion [ValidateBrowserAttribute] PASSED. Expected [Value Should be 'Google' for the 'Title' attribute] and Actual [Google]. Comparison Type [EQUALS]. Validation Type [POSITIVE]. @18-09-2021 18:37:07.0986 P
[ReportManager] Successfully created attachment [Selenium WebDriver Logs - server] @18-09-2021 18:37:08.0083 PM
[ReportManager] Successfully created attachment [Selenium WebDriver Logs - performance] @18-09-2021 18:37:08.0125 PM
[ReportManager] Successfully created attachment [Selenium WebDriver Logs - driver] @18-09-2021 18:37:08.0206 PM
[ReportManager] Browser Action [CloseCurrentWindow] successfully performed. @18-09-2021 18:37:08.0263 PM
[ReportManager] Successfully created attachment [Browser Action Test Data - CloseCurrentWindow - Actual Value] @18-09-2021 18:37:08.0264 P
[ReportManager] File Action [GetAbsolutePath] successfully performed. With the following test data [Relative Folder Path: "target/downloadedFiles/"]. @18-09-2021 18:37:08.0266 PM
[ReportManager] Attempting to run remotely on: [Linux-64], [GoogleChrome], [http://localhost:4444/wd/hub], Headless Execution. @18-09-2021 18:37:08.0267 PM
[ReportManager] Successfully Opened [GoogleChrome]. @18-09-2021 18:37:08.0593 PM
[ReportManager] Target URL: [https://www.google.com/ncr], and after redirection: [https://www.google.com] @18-09-2021 18:37:08.0611 PM
[ReportManager] Initial URL: [data:,] @18-09-2021 18:37:08.0690 PM
[ReportManager] Browser Action [NavigateToURL] successfully performed. With the following test data [https://www.google.com/ncr]. @18-09-2021 18:37:09.0650 P

################################################################################################################################################
Starting Execution:	[17 out of 23] test cases in the current suite
Test Method:		[tests.gui.google.G_Search_PageObjectModel_ThreadSafe.searchForQueryAndAssertFirstResultTextIsCorrect]
################################################################################################################################################
[ReportManager] Element Action [Type] successfully performed. With the following test data [SHAFT_Engine]. @18-09-2021 18:37:10.0375 PM
[ReportManager] Element Action [KeyPress] successfully performed. With the following test data [ENTER]. @18-09-2021 18:37:12.0079 PM
[ReportManager] Element Action [GetText] successfully performed. With the following test data [SHAFT_ENGINE is a Test Automation Engine that ... - GitHub]. @18-09-2021 18:37:12.0188 PM
[ReportManager] Loaded Shared OpenCV @18-09-2021 18:37:12.0383 PM
[ReportManager] Assertion Failed: Asserting that the correct first result is displayed @18-09-2021 18:37:12.0453 PM
[ReportManager] Successfully created attachment [Screenshot - 1631990232383_searchForQueryAndAssertFirstResultTextIsCorrect_ValidateElementAttribute_failed] @18-09-2021 18:37:12.0455 PM
[ReportManager] Assertion [ValidateElementAttribute] FAILED. Expected [Value Should be 'MohabMohie' for the 'Text' attribute, element locator 'By.xpath: (//h1[contains(text(),'Search Result')]/following-sibling::div//a/h3)[1]'] and Actual [SHAFT_ENGINE is a Test Automation Engine that ... - GitHub]. Comparison Type [CONTAINS]. Validation Type [POSITIVE]. @18-09-2021 18:37:12.0455 P
[ReportManager] Successfully created attachment [Selenium WebDriver Logs - server] @18-09-2021 18:37:12.0692 PM
[ReportManager] Successfully created attachment [Selenium WebDriver Logs - performance] @18-09-2021 18:37:12.0900 PM
[ReportManager] Successfully created attachment [Selenium WebDriver Logs - driver] @18-09-2021 18:37:13.0197 PM
[ReportManager] Browser Action [CloseCurrentWindow] successfully performed. @18-09-2021 18:37:13.0257 PM
[ReportManager] Successfully created attachment [Browser Action Test Data - CloseCurrentWindow - Actual Value] @18-09-2021 18:37:13.0260 P



################################################################################################################################################
Starting Execution:	[18 out of 23] test cases in the current suite
Test Method:		[tests.gui.google.A_Search_FlatTest_NativeSeleniumWebDriver.navigateToGoogleHomeAndAssertGoogleLogoIsDisplayed]
###############################################################################################################################################



################################################################################################################################################
Starting Execution:	[19 out of 23] test cases in the current suite
Test Method:		[tests.gui.google.A_Search_FlatTest_NativeSeleniumWebDriver.navigateToGoogleHomeAndAssertPageTitle]
###############################################################################################################################################



################################################################################################################################################
Starting Execution:	[20 out of 23] test cases in the current suite
Test Method:		[tests.gui.google.A_Search_FlatTest_NativeSeleniumWebDriver.searchForQueryAndAssertFirstResultTextIsCorrect]
###############################################################################################################################################

[ReportManager] Successfully loaded the following test data file [src/test/resources/TestDataFiles/Google/SimpleSearch.xlsx]. @18-09-2021 18:37:15.0786 PM
[ReportManager] Successfully created attachment [Test Data - Excel] @18-09-2021 18:37:15.0786 P
[ReportManager] File Action [GetAbsolutePath] successfully performed. With the following test data [Relative Folder Path: "target/downloadedFiles/"]. @18-09-2021 18:37:15.0788 PM
[ReportManager] Attempting to run remotely on: [Linux-64], [GoogleChrome], [http://localhost:4444/wd/hub], Headless Execution. @18-09-2021 18:37:15.0788 PM
[ReportManager] Successfully Opened [GoogleChrome]. @18-09-2021 18:37:16.0086 PM
[ReportManager] Target URL: [https://www.google.com/ncr], and after redirection: [https://www.google.com] @18-09-2021 18:37:16.0118 PM
[ReportManager] Initial URL: [data:,] @18-09-2021 18:37:16.0172 PM
[ReportManager] Browser Action [NavigateToURL] successfully performed. With the following test data [https://www.google.com/ncr]. @18-09-2021 18:37:17.0225 P

################################################################################################################################################
Starting Execution:	[21 out of 23] test cases in the current suite
Test Method:		[tests.gui.google.D_Search_PageObjectModel_Traditional_DataDriven.navigateToGoogleHomeAndAssertGoogleLogoIsDisplayed]
################################################################################################################################################
[ReportManager] Element Action [IsElementDisplayed] successfully performed. @18-09-2021 18:37:17.0325 PM
[ReportManager] Assertion Passed: Asserting that the Google logo is displayed @18-09-2021 18:37:17.0326 PM
[ReportManager] Assertion [ValidateTrue] PASSED. Expected [TRUE] and Actual [TRUE]. Validation Type [POSITIVE]. @18-09-2021 18:37:17.0326 P
[ReportManager] Successfully created attachment [Selenium WebDriver Logs - server] @18-09-2021 18:37:17.0419 PM
[ReportManager] Successfully created attachment [Selenium WebDriver Logs - performance] @18-09-2021 18:37:17.0457 PM
[ReportManager] Successfully created attachment [Selenium WebDriver Logs - driver] @18-09-2021 18:37:17.0545 PM
[ReportManager] Browser Action [CloseCurrentWindow] successfully performed. @18-09-2021 18:37:17.0606 PM
[ReportManager] Successfully created attachment [Browser Action Test Data - CloseCurrentWindow - Actual Value] @18-09-2021 18:37:17.0607 P
[ReportManager] File Action [GetAbsolutePath] successfully performed. With the following test data [Relative Folder Path: "target/downloadedFiles/"]. @18-09-2021 18:37:17.0612 PM
[ReportManager] Attempting to run remotely on: [Linux-64], [GoogleChrome], [http://localhost:4444/wd/hub], Headless Execution. @18-09-2021 18:37:17.0612 PM
[ReportManager] Successfully Opened [GoogleChrome]. @18-09-2021 18:37:17.0872 PM
[ReportManager] Target URL: [https://www.google.com/ncr], and after redirection: [https://www.google.com] @18-09-2021 18:37:17.0898 PM
[ReportManager] Initial URL: [data:,] @18-09-2021 18:37:17.0957 PM
[ReportManager] Browser Action [NavigateToURL] successfully performed. With the following test data [https://www.google.com/ncr]. @18-09-2021 18:37:21.0519 P

################################################################################################################################################
Starting Execution:	[22 out of 23] test cases in the current suite
Test Method:		[tests.gui.google.D_Search_PageObjectModel_Traditional_DataDriven.navigateToGoogleHomeAndAssertPageTitle]
################################################################################################################################################
[ReportManager] Browser Action [GetCurrentWindowTitle] successfully performed. With the following test data [Google]. @18-09-2021 18:37:21.0567 PM
[ReportManager] Assertion Passed: Asserting that the page title is Google @18-09-2021 18:37:21.0567 PM
[ReportManager] Assertion [ValidateEquals] PASSED. Expected [Google] and Actual [Google]. Comparison Type [EQUALS]. Validation Type [POSITIVE]. @18-09-2021 18:37:21.0567 P
[ReportManager] Successfully created attachment [Selenium WebDriver Logs - server] @18-09-2021 18:37:21.0658 PM
[ReportManager] Successfully created attachment [Selenium WebDriver Logs - performance] @18-09-2021 18:37:21.0720 PM
[ReportManager] Successfully created attachment [Selenium WebDriver Logs - driver] @18-09-2021 18:37:21.0811 PM
[ReportManager] Browser Action [CloseCurrentWindow] successfully performed. @18-09-2021 18:37:21.0872 PM
[ReportManager] Successfully created attachment [Browser Action Test Data - CloseCurrentWindow - Actual Value] @18-09-2021 18:37:21.0874 P
[ReportManager] File Action [GetAbsolutePath] successfully performed. With the following test data [Relative Folder Path: "target/downloadedFiles/"]. @18-09-2021 18:37:21.0877 PM
[ReportManager] Attempting to run remotely on: [Linux-64], [GoogleChrome], [http://localhost:4444/wd/hub], Headless Execution. @18-09-2021 18:37:21.0877 PM
[ReportManager] Successfully Opened [GoogleChrome]. @18-09-2021 18:37:22.0183 PM
[ReportManager] Target URL: [https://www.google.com/ncr], and after redirection: [https://www.google.com] @18-09-2021 18:37:22.0198 PM
[ReportManager] Initial URL: [data:,] @18-09-2021 18:37:22.0250 PM
[ReportManager] Browser Action [NavigateToURL] successfully performed. With the following test data [https://www.google.com/ncr]. @18-09-2021 18:37:23.0139 P

################################################################################################################################################
Starting Execution:	[23 out of 23] test cases in the current suite
Test Method:		[tests.gui.google.D_Search_PageObjectModel_Traditional_DataDriven.searchForQueryAndAssertFirstResultTextIsCorrect]
################################################################################################################################################
[ReportManager] Element Action [Type] successfully performed. With the following test data [SHAFT_Engine]. @18-09-2021 18:37:23.0837 PM
[ReportManager] Element Action [KeyPress] successfully performed. With the following test data [ENTER]. @18-09-2021 18:37:25.0607 PM
[ReportManager] Element Action [GetText] successfully performed. With the following test data [SHAFT_ENGINE is a Test Automation Engine that ... - GitHub]. @18-09-2021 18:37:25.0706 PM
[ReportManager] Assertion Failed: Asserting that the correct first result is displayed @18-09-2021 18:37:25.0707 PM
[ReportManager] Assertion [ValidateEquals] FAILED. Expected [MohabMohie] and Actual [SHAFT_ENGINE is a Test Automation Engine that ... - GitHub]. Comparison Type [CONTAINS]. Validation Type [POSITIVE]. @18-09-2021 18:37:25.0707 P
[ReportManager] Successfully created attachment [Selenium WebDriver Logs - server] @18-09-2021 18:37:25.0900 PM
[ReportManager] Successfully created attachment [Selenium WebDriver Logs - performance] @18-09-2021 18:37:26.0083 PM
[ReportManager] Successfully created attachment [Selenium WebDriver Logs - driver] @18-09-2021 18:37:26.0324 PM
[ReportManager] Browser Action [CloseCurrentWindow] successfully performed. @18-09-2021 18:37:26.0387 PM
[ReportManager] Successfully created attachment [Browser Action Test Data - CloseCurrentWindow - Actual Value] @18-09-2021 18:37:26.0393 P

################################################################################################################################################
Test Closure Activities
################################################################################################################################################
[ReportManager] Successfully created attachment [SHAFT Engine Logs - Execution log] @18-09-2021 18:37:26.0415 PM

################################################################################################################################################
This test run was powered by SHAFT Engine Version: [SHAFT Engine v5.3.20210902]
SHAFT Engine is licensed under the MIT License: [https://github.com/MohabMohie/SHAFT_ENGINE/blob/master/LICENSE].
################################################################################################################################################