################################################################################################################################################
Detected SHAFT Engine Version: [SHAFT Engine v5.3.20210519]
################################################################################################################################################

################################################################################################################################################
Starting Execution:	[1 out of 23] test cases in the current suite
Test Method:		[tests.cli.demo.cliTest.sampleTestCase]
################################################################################################################################################
[ReportManager] Attempting to perform the following command locally. Command: [ls] @26-07-2021 06:42:38.0936 AM
[ReportManager] Terminal Action [PerformTerminalCommands] successfully performed. With the following test data [Host Name: "localHost" | Command: "ls" | Exit Status: "0"]. @26-07-2021 06:42:38.0952 AM
[ReportManager] Successfully created attachment [Terminal Action Actual Result - Command Log] @26-07-2021 06:42:38.0960 AM
[ReportManager] Assertion Passed: Demoing local terminal actions @26-07-2021 06:42:38.0974 AM
[ReportManager] Assertion [ValidateEquals] PASSED. Expected [pom.xml] and Actual [LICENSE
README.md
allure-results
docker-compose_native.yml
docker-compose_zalenium.yml
extent-reports
pom.xml
src
target]. Comparison Type [CONTAINS]. Validation Type [POSITIVE]. @26-07-2021 06:42:38.0975 A

################################################################################################################################################
Starting Execution:	[2 out of 23] test cases in the current suite
Test Method:		[tests.api.users.UserData.validateUserEmail]
################################################################################################################################################
[ReportManager] Response status code: [200], status line: [HTTP/1.1 200 OK] @26-07-2021 06:42:41.0821 AM
[ReportManager] Assertion Passed: Demoing local terminal actions @26-07-2021 06:42:41.0822 AM
[ReportManager] Assertion [ValidateEquals] PASSED. Expected [200] and Actual [200]. Comparison Type [EQUALS]. Validation Type [POSITIVE]. @26-07-2021 06:42:41.0822 AM
[ReportManager] API Action [PerformRequest] successfully performed. With the following test data [Request Type: "GET" | Target Status Code: "200" | Service URL: "https://jsonplaceholder.typicode.com/users" | Content Type: "*/*" | Response Time: "973ms"]. @26-07-2021 06:42:43.0278 AM
[ReportManager] Successfully created attachment [API Response - JSON Body] @26-07-2021 06:42:43.0706 AM
[ReportManager] Assertion Passed: Demoing local terminal actions @26-07-2021 06:42:43.0707 AM
[ReportManager] Successfully created attachment [Validation Test Data - Expected Value] @26-07-2021 06:42:43.0708 AM
[ReportManager] Successfully created attachment [Validation Test Data - Actual Value] @26-07-2021 06:42:43.0709 AM
[ReportManager] Assertion [ValidateEquals] PASSED. Expected and Actual values are attached. Comparison Type [CONTAINS]. Validation Type [POSITIVE]. @26-07-2021 06:42:43.0710 AM
[ReportManager] API Action [GetResponseJSONValueAsList] successfully performed. With the following test data [$]. @26-07-2021 06:42:43.0742 AM
[ReportManager] API Action [GetResponseJSONValue] successfully performed. With the following test data [name]. @26-07-2021 06:42:43.0766 AM
[ReportManager] API Action [GetResponseJSONValue] successfully performed. With the following test data [email]. @26-07-2021 06:42:43.0796 AM
[ReportManager] Assertion Passed: Demoing local terminal actions @26-07-2021 06:42:43.0797 AM
[ReportManager] Assertion [ValidateEquals] PASSED. Expected [Sincere@april.biz] and Actual [Sincere@april.biz]. Comparison Type [EQUALS]. Validation Type [POSITIVE]. @26-07-2021 06:42:43.0797 AM
[ReportManager] API Action [GetResponseJSONValue] successfully performed. With the following test data [name]. @26-07-2021 06:42:43.0811 AM
[ReportManager] API Action [GetResponseJSONValue] successfully performed. With the following test data [name]. @26-07-2021 06:42:43.0827 AM
[ReportManager] API Action [GetResponseJSONValue] successfully performed. With the following test data [name]. @26-07-2021 06:42:43.0842 AM
[ReportManager] API Action [GetResponseJSONValue] successfully performed. With the following test data [name]. @26-07-2021 06:42:43.0852 AM
[ReportManager] API Action [GetResponseJSONValue] successfully performed. With the following test data [name]. @26-07-2021 06:42:43.0873 AM
[ReportManager] API Action [GetResponseJSONValue] successfully performed. With the following test data [name]. @26-07-2021 06:42:43.0887 AM
[ReportManager] API Action [GetResponseJSONValue] successfully performed. With the following test data [name]. @26-07-2021 06:42:43.0898 AM
[ReportManager] API Action [GetResponseJSONValue] successfully performed. With the following test data [name]. @26-07-2021 06:42:43.0909 AM
[ReportManager] API Action [GetResponseJSONValue] successfully performed. With the following test data [name]. @26-07-2021 06:42:43.0932 A
[ReportManager] Successfully loaded the following test data file [src/test/resources/TestDataFiles/Google/SimpleSearch.xlsx]. @26-07-2021 06:42:45.0056 AM
[ReportManager] Successfully created attachment [Test Data - Excel] @26-07-2021 06:42:45.0056 A
[ReportManager] File Action [GetAbsolutePath] successfully performed. With the following test data [Relative Folder Path: "target/downloadedFiles/"]. @26-07-2021 06:42:45.0064 AM
[ReportManager] Attempting to run remotely on: [Linux-64], [GoogleChrome], [http://localhost:4444/wd/hub], Headless Execution. @26-07-2021 06:42:45.0095 AM
[ReportManager] Successfully Opened [GoogleChrome]. @26-07-2021 06:42:46.0595 AM
[ReportManager] Target URL: [https://www.google.com/ncr], and after redirection: [https://www.google.com] @26-07-2021 06:42:46.0652 AM
[ReportManager] Initial URL: [data:,] @26-07-2021 06:42:46.0764 AM
[ReportManager] Browser Action [NavigateToURL] successfully performed. With the following test data [https://www.google.com/ncr]. @26-07-2021 06:42:48.0984 A

################################################################################################################################################
Starting Execution:	[3 out of 23] test cases in the current suite
Test Method:		[tests.gui.google.D_Search_PageObjectModel_Traditional_DataDriven.navigateToGoogleHomeAndAssertGoogleLogoIsDisplayed]
################################################################################################################################################
[ReportManager] Element Action [IdentifyUniqueElement] failed. With the following test data [zero elements found matching this locator "By.xpath: //img[@id='hplogo' or @alt='Google']".]. @26-07-2021 06:43:14.0752 A
[ReportManager] Successfully created attachment [Selenium WebDriver Logs - server] @26-07-2021 06:43:14.0922 AM
[ReportManager] Successfully created attachment [Selenium WebDriver Logs - performance] @26-07-2021 06:43:15.0055 AM
[ReportManager] Successfully created attachment [Selenium WebDriver Logs - browser] @26-07-2021 06:43:15.0070 AM
[ReportManager] Successfully created attachment [Selenium WebDriver Logs - driver] @26-07-2021 06:43:15.0378 AM
[ReportManager] Browser Action [CloseCurrentWindow] successfully performed. @26-07-2021 06:43:15.0444 AM
[ReportManager] Successfully created attachment [Browser Action Test Data - CloseCurrentWindow - Actual Value] @26-07-2021 06:43:15.0464 A
[ReportManager] File Action [GetAbsolutePath] successfully performed. With the following test data [Relative Folder Path: "target/downloadedFiles/"]. @26-07-2021 06:43:15.0486 AM
[ReportManager] Attempting to run remotely on: [Linux-64], [GoogleChrome], [http://localhost:4444/wd/hub], Headless Execution. @26-07-2021 06:43:15.0487 AM
[ReportManager] Successfully Opened [GoogleChrome]. @26-07-2021 06:43:16.0153 AM
[ReportManager] Target URL: [https://www.google.com/ncr], and after redirection: [https://www.google.com] @26-07-2021 06:43:16.0181 AM
[ReportManager] Initial URL: [data:,] @26-07-2021 06:43:16.0262 AM
[ReportManager] Browser Action [NavigateToURL] successfully performed. With the following test data [https://www.google.com/ncr]. @26-07-2021 06:43:17.0979 A

################################################################################################################################################
Starting Execution:	[4 out of 23] test cases in the current suite
Test Method:		[tests.gui.google.D_Search_PageObjectModel_Traditional_DataDriven.navigateToGoogleHomeAndAssertPageTitle]
################################################################################################################################################
[ReportManager] Browser Action [GetCurrentWindowTitle] successfully performed. With the following test data [Google]. @26-07-2021 06:43:18.0075 AM
[ReportManager] Assertion Passed: Demoing local terminal actions @26-07-2021 06:43:18.0076 AM
[ReportManager] Assertion [ValidateEquals] PASSED. Expected [Google] and Actual [Google]. Comparison Type [EQUALS]. Validation Type [POSITIVE]. @26-07-2021 06:43:18.0076 A
[ReportManager] Successfully created attachment [Selenium WebDriver Logs - server] @26-07-2021 06:43:18.0318 AM
[ReportManager] Successfully created attachment [Selenium WebDriver Logs - performance] @26-07-2021 06:43:18.0479 AM
[ReportManager] Successfully created attachment [Selenium WebDriver Logs - browser] @26-07-2021 06:43:18.0496 AM
[ReportManager] Successfully created attachment [Selenium WebDriver Logs - driver] @26-07-2021 06:43:18.0679 AM
[ReportManager] Browser Action [CloseCurrentWindow] successfully performed. @26-07-2021 06:43:18.0744 AM
[ReportManager] Successfully created attachment [Browser Action Test Data - CloseCurrentWindow - Actual Value] @26-07-2021 06:43:18.0745 A
[ReportManager] File Action [GetAbsolutePath] successfully performed. With the following test data [Relative Folder Path: "target/downloadedFiles/"]. @26-07-2021 06:43:18.0761 AM
[ReportManager] Attempting to run remotely on: [Linux-64], [GoogleChrome], [http://localhost:4444/wd/hub], Headless Execution. @26-07-2021 06:43:18.0761 AM
[ReportManager] Successfully Opened [GoogleChrome]. @26-07-2021 06:43:19.0459 AM
[ReportManager] Target URL: [https://www.google.com/ncr], and after redirection: [https://www.google.com] @26-07-2021 06:43:19.0492 AM
[ReportManager] Initial URL: [data:,] @26-07-2021 06:43:19.0565 AM
[ReportManager] Browser Action [NavigateToURL] successfully performed. With the following test data [https://www.google.com/ncr]. @26-07-2021 06:43:21.0171 A

################################################################################################################################################
Starting Execution:	[5 out of 23] test cases in the current suite
Test Method:		[tests.gui.google.D_Search_PageObjectModel_Traditional_DataDriven.searchForQueryAndAssertFirstResultTextIsCorrect]
################################################################################################################################################
[ReportManager] Element Action [Type] successfully performed. With the following test data [SHAFT_Engine]. @26-07-2021 06:43:22.0031 AM
[ReportManager] Element Action [KeyPress] successfully performed. With the following test data [ENTER]. @26-07-2021 06:43:23.0844 AM
[ReportManager] Element Action [GetText] successfully performed. With the following test data [MohabMohie/SHAFT_ENGINE: SHAFT_ENGINE is a ... - GitHub]. @26-07-2021 06:43:23.0972 AM
[ReportManager] Assertion Passed: Demoing local terminal actions @26-07-2021 06:43:23.0972 AM
[ReportManager] Assertion [ValidateEquals] PASSED. Expected [MohabMohie] and Actual [MohabMohie/SHAFT_ENGINE: SHAFT_ENGINE is a ... - GitHub]. Comparison Type [CONTAINS]. Validation Type [POSITIVE]. @26-07-2021 06:43:23.0973 A
[ReportManager] Successfully created attachment [Selenium WebDriver Logs - server] @26-07-2021 06:43:24.0329 AM
[ReportManager] Successfully created attachment [Selenium WebDriver Logs - performance] @26-07-2021 06:43:24.0589 AM
[ReportManager] Successfully created attachment [Selenium WebDriver Logs - browser] @26-07-2021 06:43:24.0602 AM
[ReportManager] Successfully created attachment [Selenium WebDriver Logs - driver] @26-07-2021 06:43:24.0910 AM
[ReportManager] Browser Action [CloseCurrentWindow] successfully performed. @26-07-2021 06:43:24.0975 AM
[ReportManager] Successfully created attachment [Browser Action Test Data - CloseCurrentWindow - Actual Value] @26-07-2021 06:43:24.0990 A
[ReportManager] Successfully loaded the following test data file [src/test/resources/TestDataFiles/Google/SimpleSearch.xlsx]. @26-07-2021 06:43:25.0075 AM
[ReportManager] Successfully created attachment [Test Data - Excel] @26-07-2021 06:43:25.0075 A
[ReportManager] File Action [GetAbsolutePath] successfully performed. With the following test data [Relative Folder Path: "target/downloadedFiles/"]. @26-07-2021 06:43:25.0078 AM
[ReportManager] Attempting to run remotely on: [Linux-64], [GoogleChrome], [http://localhost:4444/wd/hub], Headless Execution. @26-07-2021 06:43:25.0079 AM
[ReportManager] Successfully Opened [GoogleChrome]. @26-07-2021 06:43:25.0888 AM
[ReportManager] Target URL: [https://www.google.com/ncr], and after redirection: [https://www.google.com] @26-07-2021 06:43:25.0926 AM
[ReportManager] Initial URL: [data:,] @26-07-2021 06:43:25.0988 AM
[ReportManager] Browser Action [NavigateToURL] successfully performed. With the following test data [https://www.google.com/ncr]. @26-07-2021 06:43:27.0675 A

################################################################################################################################################
Starting Execution:	[6 out of 23] test cases in the current suite
Test Method:		[tests.gui.google.G_Search_PageObjectModel_ThreadSafe.navigateToGoogleHomeAndAssertGoogleLogoIsDisplayed]
################################################################################################################################################
[ReportManager] File Action [DoesFileExist] successfully performed. With the following test data [File Path: "src/test/resources/DynamicObjectRepository/tests_gui_google_G_Search_PageObjectModel_ThreadSafe_navigateToGoogleHomeAndAssertGoogleLogoIsDisplayed_By_xpath_img_id_hplogo_or_alt_Google.png"]. @26-07-2021 06:43:27.0702 AM
[ReportManager] File Action [GetAbsolutePath] successfully performed. With the following test data [Relative Folder Path: "src/test/resources/DynamicObjectRepository/tests_gui_google_G_Search_PageObjectModel_ThreadSafe_navigateToGoogleHomeAndAssertGoogleLogoIsDisplayed_By_xpath_img_id_hplogo_or_alt_Google.png"]. @26-07-2021 06:43:27.0703 AM
[ReportManager] File Action [ReadFromImageFile] successfully performed. With the following test data [File Path: "/home/runner/work/using_SHAFT_ENGINE/using_SHAFT_ENGINE/src/test/resources/DynamicObjectRepository/tests_gui_google_G_Search_PageObjectModel_ThreadSafe_navigateToGoogleHomeAndAssertGoogleLogoIsDisplayed_By_xpath_img_id_hplogo_or_alt_Google.png"]. @26-07-2021 06:43:27.0703 AM
[ReportManager] Assertion Failed: Demoing local terminal actions @26-07-2021 06:43:53.0779 AM
[ReportManager] Successfully created attachment [Validation Test Data - Reference Screenshot] @26-07-2021 06:43:53.0780 AM
[ReportManager] Successfully created attachment [Validation Test Data - Actual Screenshot] @26-07-2021 06:43:53.0780 AM
[ReportManager] Assertion [ValidateElementMatches] FAILED. Expected [Element should match the reference screenshot] and Actual [ELEMENT NOT FOUND]. Comparison Type [EXACT_OPENCV]. Validation Type [POSITIVE]. @26-07-2021 06:43:53.0780 A
[ReportManager] Successfully created attachment [Selenium WebDriver Logs - server] @26-07-2021 06:43:53.0923 AM
[ReportManager] Successfully created attachment [Selenium WebDriver Logs - performance] @26-07-2021 06:43:54.0034 AM
[ReportManager] Successfully created attachment [Selenium WebDriver Logs - browser] @26-07-2021 06:43:54.0044 AM
[ReportManager] Successfully created attachment [Selenium WebDriver Logs - driver] @26-07-2021 06:43:54.0205 AM
[ReportManager] Browser Action [CloseCurrentWindow] successfully performed. @26-07-2021 06:43:54.0264 AM
[ReportManager] Successfully created attachment [Browser Action Test Data - CloseCurrentWindow - Actual Value] @26-07-2021 06:43:54.0265 A
[ReportManager] File Action [GetAbsolutePath] successfully performed. With the following test data [Relative Folder Path: "target/downloadedFiles/"]. @26-07-2021 06:43:54.0268 AM
[ReportManager] Attempting to run remotely on: [Linux-64], [GoogleChrome], [http://localhost:4444/wd/hub], Headless Execution. @26-07-2021 06:43:54.0268 AM
[ReportManager] Successfully Opened [GoogleChrome]. @26-07-2021 06:43:54.0521 AM
[ReportManager] Target URL: [https://www.google.com/ncr], and after redirection: [https://www.google.com] @26-07-2021 06:43:54.0536 AM
[ReportManager] Initial URL: [data:,] @26-07-2021 06:43:54.0601 AM
[ReportManager] Browser Action [NavigateToURL] successfully performed. With the following test data [https://www.google.com/ncr]. @26-07-2021 06:43:55.0993 A

################################################################################################################################################
Starting Execution:	[7 out of 23] test cases in the current suite
Test Method:		[tests.gui.google.G_Search_PageObjectModel_ThreadSafe.navigateToGoogleHomeAndAssertPageTitle]
################################################################################################################################################
[ReportManager] Browser Action [GetCurrentWindowTitle] successfully performed. With the following test data [Google]. @26-07-2021 06:43:56.0053 AM
[ReportManager] Assertion Passed: Demoing local terminal actions @26-07-2021 06:43:56.0243 AM
[ReportManager] Successfully created attachment [Screenshot - 1627281836152_navigateToGoogleHomeAndAssertPageTitle_ValidateBrowserAttribute_passed] @26-07-2021 06:43:56.0249 AM
[ReportManager] Assertion [ValidateBrowserAttribute] PASSED. Expected [Value Should be 'Google' for the 'Title' attribute] and Actual [Google]. Comparison Type [EQUALS]. Validation Type [POSITIVE]. @26-07-2021 06:43:56.0249 A
[ReportManager] Successfully created attachment [Selenium WebDriver Logs - server] @26-07-2021 06:43:56.0358 AM
[ReportManager] Successfully created attachment [Selenium WebDriver Logs - performance] @26-07-2021 06:43:56.0435 AM
[ReportManager] Successfully created attachment [Selenium WebDriver Logs - browser] @26-07-2021 06:43:56.0448 AM
[ReportManager] Successfully created attachment [Selenium WebDriver Logs - driver] @26-07-2021 06:43:56.0558 AM
[ReportManager] Browser Action [CloseCurrentWindow] successfully performed. @26-07-2021 06:43:56.0616 AM
[ReportManager] Successfully created attachment [Browser Action Test Data - CloseCurrentWindow - Actual Value] @26-07-2021 06:43:56.0617 A
[ReportManager] File Action [GetAbsolutePath] successfully performed. With the following test data [Relative Folder Path: "target/downloadedFiles/"]. @26-07-2021 06:43:56.0620 AM
[ReportManager] Attempting to run remotely on: [Linux-64], [GoogleChrome], [http://localhost:4444/wd/hub], Headless Execution. @26-07-2021 06:43:56.0621 AM
[ReportManager] Successfully Opened [GoogleChrome]. @26-07-2021 06:43:56.0910 AM
[ReportManager] Target URL: [https://www.google.com/ncr], and after redirection: [https://www.google.com] @26-07-2021 06:43:56.0925 AM
[ReportManager] Initial URL: [data:,] @26-07-2021 06:43:56.0979 AM
[ReportManager] Browser Action [NavigateToURL] successfully performed. With the following test data [https://www.google.com/ncr]. @26-07-2021 06:43:58.0611 A

################################################################################################################################################
Starting Execution:	[8 out of 23] test cases in the current suite
Test Method:		[tests.gui.google.G_Search_PageObjectModel_ThreadSafe.searchForQueryAndAssertFirstResultTextIsCorrect]
################################################################################################################################################
[ReportManager] Element Action [Type] successfully performed. With the following test data [SHAFT_Engine]. @26-07-2021 06:43:59.0484 AM
[ReportManager] Element Action [KeyPress] successfully performed. With the following test data [ENTER]. @26-07-2021 06:44:01.0150 AM
[ReportManager] Element Action [GetText] successfully performed. With the following test data [MohabMohie/SHAFT_ENGINE: SHAFT_ENGINE is a ... - GitHub]. @26-07-2021 06:44:01.0275 AM
[ReportManager] Loaded Shared OpenCV @26-07-2021 06:44:01.0983 AM
[ReportManager] Assertion Passed: Demoing local terminal actions @26-07-2021 06:44:02.0107 AM
[ReportManager] Successfully created attachment [Screenshot - 1627281841508_searchForQueryAndAssertFirstResultTextIsCorrect_ValidateElementAttribute_passed] @26-07-2021 06:44:02.0117 AM
[ReportManager] Assertion [ValidateElementAttribute] PASSED. Expected [Value Should be 'MohabMohie' for the 'Text' attribute, element locator 'By.xpath: (//h1[contains(text(),'Search Result')]/following-sibling::div//a/h3)[1]'] and Actual [MohabMohie/SHAFT_ENGINE: SHAFT_ENGINE is a ... - GitHub]. Comparison Type [CONTAINS]. Validation Type [POSITIVE]. @26-07-2021 06:44:02.0117 A
[ReportManager] Successfully created attachment [Selenium WebDriver Logs - server] @26-07-2021 06:44:02.0344 AM
[ReportManager] Successfully created attachment [Selenium WebDriver Logs - performance] @26-07-2021 06:44:02.0584 AM
[ReportManager] Successfully created attachment [Selenium WebDriver Logs - browser] @26-07-2021 06:44:02.0594 AM
[ReportManager] Successfully created attachment [Selenium WebDriver Logs - driver] @26-07-2021 06:44:02.0954 AM
[ReportManager] Browser Action [CloseCurrentWindow] successfully performed. @26-07-2021 06:44:03.0024 AM
[ReportManager] Successfully created attachment [Browser Action Test Data - CloseCurrentWindow - Actual Value] @26-07-2021 06:44:03.0028 A
[ReportManager] Successfully loaded the following test data file [src/test/resources/TestDataFiles/Google/SimpleSearch.xlsx]. @26-07-2021 06:44:03.0114 AM
[ReportManager] Successfully created attachment [Test Data - Excel] @26-07-2021 06:44:03.0115 A
[ReportManager] File Action [GetAbsolutePath] successfully performed. With the following test data [Relative Folder Path: "target/downloadedFiles/"]. @26-07-2021 06:44:03.0116 AM
[ReportManager] Attempting to run remotely on: [Linux-64], [GoogleChrome], [http://localhost:4444/wd/hub], Headless Execution. @26-07-2021 06:44:03.0116 AM
[ReportManager] Successfully Opened [GoogleChrome]. @26-07-2021 06:44:03.0514 AM
[ReportManager] Target URL: [https://www.google.com/ncr], and after redirection: [https://www.google.com] @26-07-2021 06:44:03.0540 AM
[ReportManager] Initial URL: [data:,] @26-07-2021 06:44:03.0593 AM
[ReportManager] Browser Action [NavigateToURL] successfully performed. With the following test data [https://www.google.com/ncr]. @26-07-2021 06:44:05.0137 A

################################################################################################################################################
Starting Execution:	[9 out of 23] test cases in the current suite
Test Method:		[tests.gui.google.F_Search_PageObjectModel_Fluent.navigateToGoogleHomeAndAssertGoogleLogoIsDisplayed]
################################################################################################################################################
[ReportManager] File Action [DoesFileExist] successfully performed. With the following test data [File Path: "src/test/resources/DynamicObjectRepository/tests_gui_google_F_Search_PageObjectModel_Fluent_navigateToGoogleHomeAndAssertGoogleLogoIsDisplayed_By_xpath_img_id_hplogo_or_alt_Google.png"]. @26-07-2021 06:44:05.0140 AM
[ReportManager] File Action [GetAbsolutePath] successfully performed. With the following test data [Relative Folder Path: "src/test/resources/DynamicObjectRepository/tests_gui_google_F_Search_PageObjectModel_Fluent_navigateToGoogleHomeAndAssertGoogleLogoIsDisplayed_By_xpath_img_id_hplogo_or_alt_Google.png"]. @26-07-2021 06:44:05.0140 AM
[ReportManager] File Action [ReadFromImageFile] successfully performed. With the following test data [File Path: "/home/runner/work/using_SHAFT_ENGINE/using_SHAFT_ENGINE/src/test/resources/DynamicObjectRepository/tests_gui_google_F_Search_PageObjectModel_Fluent_navigateToGoogleHomeAndAssertGoogleLogoIsDisplayed_By_xpath_img_id_hplogo_or_alt_Google.png"]. @26-07-2021 06:44:05.0141 AM
[ReportManager] Assertion Failed: Demoing local terminal actions @26-07-2021 06:44:31.0021 AM
[ReportManager] Successfully created attachment [Validation Test Data - Reference Screenshot] @26-07-2021 06:44:31.0022 AM
[ReportManager] Successfully created attachment [Validation Test Data - Actual Screenshot] @26-07-2021 06:44:31.0022 AM
[ReportManager] Assertion [ValidateElementMatches] FAILED. Expected [Element should match the reference screenshot] and Actual [ELEMENT NOT FOUND]. Comparison Type [EXACT_OPENCV]. Validation Type [POSITIVE]. @26-07-2021 06:44:31.0022 A
[ReportManager] Successfully created attachment [Selenium WebDriver Logs - server] @26-07-2021 06:44:31.0158 AM
[ReportManager] Successfully created attachment [Selenium WebDriver Logs - performance] @26-07-2021 06:44:31.0267 AM
[ReportManager] Successfully created attachment [Selenium WebDriver Logs - browser] @26-07-2021 06:44:31.0281 AM
[ReportManager] Successfully created attachment [Selenium WebDriver Logs - driver] @26-07-2021 06:44:31.0449 AM
[ReportManager] Browser Action [CloseCurrentWindow] successfully performed. @26-07-2021 06:44:31.0508 AM
[ReportManager] Successfully created attachment [Browser Action Test Data - CloseCurrentWindow - Actual Value] @26-07-2021 06:44:31.0509 A
[ReportManager] File Action [GetAbsolutePath] successfully performed. With the following test data [Relative Folder Path: "target/downloadedFiles/"]. @26-07-2021 06:44:31.0512 AM
[ReportManager] Attempting to run remotely on: [Linux-64], [GoogleChrome], [http://localhost:4444/wd/hub], Headless Execution. @26-07-2021 06:44:31.0512 AM
[ReportManager] Successfully Opened [GoogleChrome]. @26-07-2021 06:44:31.0799 AM
[ReportManager] Target URL: [https://www.google.com/ncr], and after redirection: [https://www.google.com] @26-07-2021 06:44:31.0825 AM
[ReportManager] Initial URL: [data:,] @26-07-2021 06:44:31.0886 AM
[ReportManager] Browser Action [NavigateToURL] successfully performed. With the following test data [https://www.google.com/ncr]. @26-07-2021 06:44:33.0536 A

################################################################################################################################################
Starting Execution:	[10 out of 23] test cases in the current suite
Test Method:		[tests.gui.google.F_Search_PageObjectModel_Fluent.navigateToGoogleHomeAndAssertPageTitle]
################################################################################################################################################
[ReportManager] Browser Action [GetCurrentWindowTitle] successfully performed. With the following test data [Google]. @26-07-2021 06:44:33.0608 AM
[ReportManager] Assertion Passed: Demoing local terminal actions @26-07-2021 06:44:33.0843 AM
[ReportManager] Successfully created attachment [Screenshot - 1627281873799_navigateToGoogleHomeAndAssertPageTitle_ValidateBrowserAttribute_passed] @26-07-2021 06:44:33.0844 AM
[ReportManager] Assertion [ValidateBrowserAttribute] PASSED. Expected [Value Should be 'Google' for the 'Title' attribute] and Actual [Google]. Comparison Type [EQUALS]. Validation Type [POSITIVE]. @26-07-2021 06:44:33.0844 A
[ReportManager] Successfully created attachment [Selenium WebDriver Logs - server] @26-07-2021 06:44:33.0949 AM
[ReportManager] Successfully created attachment [Selenium WebDriver Logs - performance] @26-07-2021 06:44:34.0053 AM
[ReportManager] Successfully created attachment [Selenium WebDriver Logs - browser] @26-07-2021 06:44:34.0062 AM
[ReportManager] Successfully created attachment [Selenium WebDriver Logs - driver] @26-07-2021 06:44:34.0190 AM
[ReportManager] Browser Action [CloseCurrentWindow] successfully performed. @26-07-2021 06:44:34.0248 AM
[ReportManager] Successfully created attachment [Browser Action Test Data - CloseCurrentWindow - Actual Value] @26-07-2021 06:44:34.0249 A
[ReportManager] File Action [GetAbsolutePath] successfully performed. With the following test data [Relative Folder Path: "target/downloadedFiles/"]. @26-07-2021 06:44:34.0254 AM
[ReportManager] Attempting to run remotely on: [Linux-64], [GoogleChrome], [http://localhost:4444/wd/hub], Headless Execution. @26-07-2021 06:44:34.0254 AM
[ReportManager] Successfully Opened [GoogleChrome]. @26-07-2021 06:44:34.0596 AM
[ReportManager] Target URL: [https://www.google.com/ncr], and after redirection: [https://www.google.com] @26-07-2021 06:44:34.0609 AM
[ReportManager] Initial URL: [data:,] @26-07-2021 06:44:34.0660 AM
[ReportManager] Browser Action [NavigateToURL] successfully performed. With the following test data [https://www.google.com/ncr]. @26-07-2021 06:44:36.0054 A

################################################################################################################################################
Starting Execution:	[11 out of 23] test cases in the current suite
Test Method:		[tests.gui.google.F_Search_PageObjectModel_Fluent.searchForQueryAndAssertFirstResultTextIsCorrect]
################################################################################################################################################
[ReportManager] Element Action [Type] successfully performed. With the following test data [SHAFT_Engine]. @26-07-2021 06:44:36.0817 AM
[ReportManager] Element Action [KeyPress] successfully performed. With the following test data [ENTER]. @26-07-2021 06:44:38.0507 AM
[ReportManager] Element Action [GetText] successfully performed. With the following test data [MohabMohie/SHAFT_ENGINE: SHAFT_ENGINE is a ... - GitHub]. @26-07-2021 06:44:38.0598 AM
[ReportManager] Loaded Shared OpenCV @26-07-2021 06:44:38.0796 AM
[ReportManager] Assertion Passed: Demoing local terminal actions @26-07-2021 06:44:38.0872 AM
[ReportManager] Successfully created attachment [Screenshot - 1627281878796_searchForQueryAndAssertFirstResultTextIsCorrect_ValidateElementAttribute_passed] @26-07-2021 06:44:38.0879 AM
[ReportManager] Assertion [ValidateElementAttribute] PASSED. Expected [Value Should be 'MohabMohie' for the 'Text' attribute, element locator 'By.xpath: (//h1[contains(text(),'Search Result')]/following-sibling::div//a/h3)[1]'] and Actual [MohabMohie/SHAFT_ENGINE: SHAFT_ENGINE is a ... - GitHub]. Comparison Type [CONTAINS]. Validation Type [POSITIVE]. @26-07-2021 06:44:38.0879 A
[ReportManager] Successfully created attachment [Selenium WebDriver Logs - server] @26-07-2021 06:44:39.0159 AM
[ReportManager] Successfully created attachment [Selenium WebDriver Logs - performance] @26-07-2021 06:44:39.0371 AM
[ReportManager] Successfully created attachment [Selenium WebDriver Logs - browser] @26-07-2021 06:44:39.0381 AM
[ReportManager] Successfully created attachment [Selenium WebDriver Logs - driver] @26-07-2021 06:44:39.0652 AM
[ReportManager] Browser Action [CloseCurrentWindow] successfully performed. @26-07-2021 06:44:39.0717 AM
[ReportManager] Successfully created attachment [Browser Action Test Data - CloseCurrentWindow - Actual Value] @26-07-2021 06:44:39.0724 A
[ReportManager] Successfully loaded the following test data file [src/test/resources/TestDataFiles/Google/SimpleSearch.xlsx]. @26-07-2021 06:44:39.0807 AM
[ReportManager] Successfully created attachment [Test Data - Excel] @26-07-2021 06:44:39.0807 A
[ReportManager] File Action [GetAbsolutePath] successfully performed. With the following test data [Relative Folder Path: "target/downloadedFiles/"]. @26-07-2021 06:44:39.0809 AM
[ReportManager] Attempting to run remotely on: [Linux-64], [GoogleChrome], [http://localhost:4444/wd/hub], Headless Execution. @26-07-2021 06:44:39.0809 AM
[ReportManager] Successfully Opened [GoogleChrome]. @26-07-2021 06:44:40.0125 AM
[ReportManager] Target URL: [https://www.google.com/ncr], and after redirection: [https://www.google.com] @26-07-2021 06:44:40.0143 AM
[ReportManager] Initial URL: [data:,] @26-07-2021 06:44:40.0208 AM
[ReportManager] Browser Action [NavigateToURL] successfully performed. With the following test data [https://www.google.com/ncr]. @26-07-2021 06:44:41.0479 A

################################################################################################################################################
Starting Execution:	[12 out of 23] test cases in the current suite
Test Method:		[tests.gui.google.E_Search_PageObjectModel_Traditional_SHAFTAssertions.navigateToGoogleHomeAndAssertGoogleLogoIsDisplayed]
################################################################################################################################################
[ReportManager] File Action [DoesFileExist] successfully performed. With the following test data [File Path: "src/test/resources/DynamicObjectRepository/tests_gui_google_E_Search_PageObjectModel_Traditional_SHAFTAssertions_navigateToGoogleHomeAndAssertGoogleLogoIsDisplayed_By_xpath_img_id_hplogo_or_alt_Google.png"]. @26-07-2021 06:44:41.0489 AM
[ReportManager] File Action [GetAbsolutePath] successfully performed. With the following test data [Relative Folder Path: "src/test/resources/DynamicObjectRepository/tests_gui_google_E_Search_PageObjectModel_Traditional_SHAFTAssertions_navigateToGoogleHomeAndAssertGoogleLogoIsDisplayed_By_xpath_img_id_hplogo_or_alt_Google.png"]. @26-07-2021 06:44:41.0489 AM
[ReportManager] File Action [ReadFromImageFile] successfully performed. With the following test data [File Path: "/home/runner/work/using_SHAFT_ENGINE/using_SHAFT_ENGINE/src/test/resources/DynamicObjectRepository/tests_gui_google_E_Search_PageObjectModel_Traditional_SHAFTAssertions_navigateToGoogleHomeAndAssertGoogleLogoIsDisplayed_By_xpath_img_id_hplogo_or_alt_Google.png"]. @26-07-2021 06:44:41.0489 AM
[ReportManager] Assertion Failed: Demoing local terminal actions @26-07-2021 06:45:07.0312 AM
[ReportManager] Successfully created attachment [Validation Test Data - Reference Screenshot] @26-07-2021 06:45:07.0313 AM
[ReportManager] Successfully created attachment [Validation Test Data - Actual Screenshot] @26-07-2021 06:45:07.0314 AM
[ReportManager] Assertion [ValidateElementMatches] FAILED. Expected [Element should match the reference screenshot] and Actual [ELEMENT NOT FOUND]. Comparison Type [EXACT_OPENCV]. Validation Type [POSITIVE]. @26-07-2021 06:45:07.0315 A
[ReportManager] Successfully created attachment [Selenium WebDriver Logs - server] @26-07-2021 06:45:07.0437 AM
[ReportManager] Successfully created attachment [Selenium WebDriver Logs - performance] @26-07-2021 06:45:07.0512 AM
[ReportManager] Successfully created attachment [Selenium WebDriver Logs - browser] @26-07-2021 06:45:07.0531 AM
[ReportManager] Successfully created attachment [Selenium WebDriver Logs - driver] @26-07-2021 06:45:07.0655 AM
[ReportManager] Browser Action [CloseCurrentWindow] successfully performed. @26-07-2021 06:45:07.0713 AM
[ReportManager] Successfully created attachment [Browser Action Test Data - CloseCurrentWindow - Actual Value] @26-07-2021 06:45:07.0714 A
[ReportManager] File Action [GetAbsolutePath] successfully performed. With the following test data [Relative Folder Path: "target/downloadedFiles/"]. @26-07-2021 06:45:07.0716 AM
[ReportManager] Attempting to run remotely on: [Linux-64], [GoogleChrome], [http://localhost:4444/wd/hub], Headless Execution. @26-07-2021 06:45:07.0716 AM
[ReportManager] Successfully Opened [GoogleChrome]. @26-07-2021 06:45:07.0996 AM
[ReportManager] Target URL: [https://www.google.com/ncr], and after redirection: [https://www.google.com] @26-07-2021 06:45:08.0019 AM
[ReportManager] Initial URL: [data:,] @26-07-2021 06:45:08.0082 AM
[ReportManager] Browser Action [NavigateToURL] successfully performed. With the following test data [https://www.google.com/ncr]. @26-07-2021 06:45:09.0810 A

################################################################################################################################################
Starting Execution:	[13 out of 23] test cases in the current suite
Test Method:		[tests.gui.google.E_Search_PageObjectModel_Traditional_SHAFTAssertions.navigateToGoogleHomeAndAssertPageTitle]
################################################################################################################################################
[ReportManager] Browser Action [GetCurrentWindowTitle] successfully performed. With the following test data [Google]. @26-07-2021 06:45:09.0865 AM
[ReportManager] Assertion Passed: Demoing local terminal actions @26-07-2021 06:45:10.0012 AM
[ReportManager] Successfully created attachment [Screenshot - 1627281909969_navigateToGoogleHomeAndAssertPageTitle_ValidateBrowserAttribute_passed] @26-07-2021 06:45:10.0012 AM
[ReportManager] Assertion [ValidateBrowserAttribute] PASSED. Expected [Value Should be 'Google' for the 'Title' attribute] and Actual [Google]. Comparison Type [EQUALS]. Validation Type [POSITIVE]. @26-07-2021 06:45:10.0012 A
[ReportManager] Successfully created attachment [Selenium WebDriver Logs - server] @26-07-2021 06:45:10.0115 AM
[ReportManager] Successfully created attachment [Selenium WebDriver Logs - performance] @26-07-2021 06:45:10.0170 AM
[ReportManager] Successfully created attachment [Selenium WebDriver Logs - browser] @26-07-2021 06:45:10.0179 AM
[ReportManager] Successfully created attachment [Selenium WebDriver Logs - driver] @26-07-2021 06:45:10.0279 AM
[ReportManager] Browser Action [CloseCurrentWindow] successfully performed. @26-07-2021 06:45:10.0337 AM
[ReportManager] Successfully created attachment [Browser Action Test Data - CloseCurrentWindow - Actual Value] @26-07-2021 06:45:10.0338 A
[ReportManager] File Action [GetAbsolutePath] successfully performed. With the following test data [Relative Folder Path: "target/downloadedFiles/"]. @26-07-2021 06:45:10.0342 AM
[ReportManager] Attempting to run remotely on: [Linux-64], [GoogleChrome], [http://localhost:4444/wd/hub], Headless Execution. @26-07-2021 06:45:10.0342 AM
[ReportManager] Successfully Opened [GoogleChrome]. @26-07-2021 06:45:10.0635 AM
[ReportManager] Target URL: [https://www.google.com/ncr], and after redirection: [https://www.google.com] @26-07-2021 06:45:10.0649 AM
[ReportManager] Initial URL: [data:,] @26-07-2021 06:45:10.0736 AM
[ReportManager] Browser Action [NavigateToURL] successfully performed. With the following test data [https://www.google.com/ncr]. @26-07-2021 06:45:12.0009 A

################################################################################################################################################
Starting Execution:	[14 out of 23] test cases in the current suite
Test Method:		[tests.gui.google.E_Search_PageObjectModel_Traditional_SHAFTAssertions.searchForQueryAndAssertFirstResultTextIsCorrect]
################################################################################################################################################
[ReportManager] Element Action [Type] successfully performed. With the following test data [SHAFT_Engine]. @26-07-2021 06:45:12.0775 AM
[ReportManager] Element Action [KeyPress] successfully performed. With the following test data [ENTER]. @26-07-2021 06:45:14.0347 AM
[ReportManager] Element Action [GetText] successfully performed. With the following test data [MohabMohie/SHAFT_ENGINE: SHAFT_ENGINE is a ... - GitHub]. @26-07-2021 06:45:14.0462 AM
[ReportManager] Loaded Shared OpenCV @26-07-2021 06:45:14.0657 AM
[ReportManager] Assertion Passed: Demoing local terminal actions @26-07-2021 06:45:14.0724 AM
[ReportManager] Successfully created attachment [Screenshot - 1627281914657_searchForQueryAndAssertFirstResultTextIsCorrect_ValidateElementAttribute_passed] @26-07-2021 06:45:14.0726 AM
[ReportManager] Assertion [ValidateElementAttribute] PASSED. Expected [Value Should be 'MohabMohie' for the 'Text' attribute, element locator 'By.xpath: (//h1[contains(text(),'Search Result')]/following-sibling::div//a/h3)[1]'] and Actual [MohabMohie/SHAFT_ENGINE: SHAFT_ENGINE is a ... - GitHub]. Comparison Type [CONTAINS]. Validation Type [POSITIVE]. @26-07-2021 06:45:14.0726 A
[ReportManager] Successfully created attachment [Selenium WebDriver Logs - server] @26-07-2021 06:45:14.0972 AM
[ReportManager] Successfully created attachment [Selenium WebDriver Logs - performance] @26-07-2021 06:45:15.0180 AM
[ReportManager] Successfully created attachment [Selenium WebDriver Logs - browser] @26-07-2021 06:45:15.0189 AM
[ReportManager] Successfully created attachment [Selenium WebDriver Logs - driver] @26-07-2021 06:45:15.0446 AM
[ReportManager] Browser Action [CloseCurrentWindow] successfully performed. @26-07-2021 06:45:15.0509 AM
[ReportManager] Successfully created attachment [Browser Action Test Data - CloseCurrentWindow - Actual Value] @26-07-2021 06:45:15.0525 A



################################################################################################################################################
Starting Execution:	[15 out of 23] test cases in the current suite
Test Method:		[tests.gui.google.A_Search_FlatTest_NativeSeleniumWebDriver.navigateToGoogleHomeAndAssertGoogleLogoIsDisplayed]
###############################################################################################################################################



################################################################################################################################################
Starting Execution:	[16 out of 23] test cases in the current suite
Test Method:		[tests.gui.google.A_Search_FlatTest_NativeSeleniumWebDriver.navigateToGoogleHomeAndAssertPageTitle]
###############################################################################################################################################



################################################################################################################################################
Starting Execution:	[17 out of 23] test cases in the current suite
Test Method:		[tests.gui.google.A_Search_FlatTest_NativeSeleniumWebDriver.searchForQueryAndAssertFirstResultTextIsCorrect]
###############################################################################################################################################

[ReportManager] File Action [GetAbsolutePath] successfully performed. With the following test data [Relative Folder Path: "target/downloadedFiles/"]. @26-07-2021 06:45:18.0357 AM
[ReportManager] Attempting to run remotely on: [Linux-64], [GoogleChrome], [http://localhost:4444/wd/hub], Headless Execution. @26-07-2021 06:45:18.0357 AM
[ReportManager] Successfully Opened [GoogleChrome]. @26-07-2021 06:45:18.0729 AM
[ReportManager] Target URL: [https://www.google.com/ncr], and after redirection: [https://www.google.com] @26-07-2021 06:45:18.0741 AM
[ReportManager] Initial URL: [data:,] @26-07-2021 06:45:18.0787 AM
[ReportManager] Browser Action [NavigateToURL] successfully performed. With the following test data [https://www.google.com/ncr]. @26-07-2021 06:45:20.0468 A

################################################################################################################################################
Starting Execution:	[18 out of 23] test cases in the current suite
Test Method:		[tests.gui.google.C_Search_PageObjectModel_Traditional.navigateToGoogleHomeAndAssertGoogleLogoIsDisplayed]
################################################################################################################################################
[ReportManager] Element Action [IdentifyUniqueElement] failed. With the following test data [zero elements found matching this locator "By.xpath: //img[@id='hplogo' or @alt='Google']".]. @26-07-2021 06:45:46.0033 A
[ReportManager] Successfully created attachment [Selenium WebDriver Logs - server] @26-07-2021 06:45:46.0150 AM
[ReportManager] Successfully created attachment [Selenium WebDriver Logs - performance] @26-07-2021 06:45:46.0233 AM
[ReportManager] Successfully created attachment [Selenium WebDriver Logs - browser] @26-07-2021 06:45:46.0242 AM
[ReportManager] Successfully created attachment [Selenium WebDriver Logs - driver] @26-07-2021 06:45:46.0386 AM
[ReportManager] Browser Action [CloseCurrentWindow] successfully performed. @26-07-2021 06:45:46.0448 AM
[ReportManager] Successfully created attachment [Browser Action Test Data - CloseCurrentWindow - Actual Value] @26-07-2021 06:45:46.0449 A
[ReportManager] File Action [GetAbsolutePath] successfully performed. With the following test data [Relative Folder Path: "target/downloadedFiles/"]. @26-07-2021 06:45:46.0452 AM
[ReportManager] Attempting to run remotely on: [Linux-64], [GoogleChrome], [http://localhost:4444/wd/hub], Headless Execution. @26-07-2021 06:45:46.0452 AM
[ReportManager] Successfully Opened [GoogleChrome]. @26-07-2021 06:45:46.0719 AM
[ReportManager] Target URL: [https://www.google.com/ncr], and after redirection: [https://www.google.com] @26-07-2021 06:45:46.0733 AM
[ReportManager] Initial URL: [data:,] @26-07-2021 06:45:46.0777 AM
[ReportManager] Browser Action [NavigateToURL] successfully performed. With the following test data [https://www.google.com/ncr]. @26-07-2021 06:45:48.0011 A

################################################################################################################################################
Starting Execution:	[19 out of 23] test cases in the current suite
Test Method:		[tests.gui.google.C_Search_PageObjectModel_Traditional.navigateToGoogleHomeAndAssertPageTitle]
################################################################################################################################################
[ReportManager] Browser Action [GetCurrentWindowTitle] successfully performed. With the following test data [Google]. @26-07-2021 06:45:48.0059 AM
[ReportManager] Assertion Passed: Demoing local terminal actions @26-07-2021 06:45:48.0060 AM
[ReportManager] Assertion [ValidateEquals] PASSED. Expected [Google] and Actual [Google]. Comparison Type [EQUALS]. Validation Type [POSITIVE]. @26-07-2021 06:45:48.0060 A
[ReportManager] Successfully created attachment [Selenium WebDriver Logs - server] @26-07-2021 06:45:48.0190 AM
[ReportManager] Successfully created attachment [Selenium WebDriver Logs - performance] @26-07-2021 06:45:48.0256 AM
[ReportManager] Successfully created attachment [Selenium WebDriver Logs - browser] @26-07-2021 06:45:48.0265 AM
[ReportManager] Successfully created attachment [Selenium WebDriver Logs - driver] @26-07-2021 06:45:48.0365 AM
[ReportManager] Browser Action [CloseCurrentWindow] successfully performed. @26-07-2021 06:45:48.0426 AM
[ReportManager] Successfully created attachment [Browser Action Test Data - CloseCurrentWindow - Actual Value] @26-07-2021 06:45:48.0427 A
[ReportManager] File Action [GetAbsolutePath] successfully performed. With the following test data [Relative Folder Path: "target/downloadedFiles/"]. @26-07-2021 06:45:48.0436 AM
[ReportManager] Attempting to run remotely on: [Linux-64], [GoogleChrome], [http://localhost:4444/wd/hub], Headless Execution. @26-07-2021 06:45:48.0436 AM
[ReportManager] Successfully Opened [GoogleChrome]. @26-07-2021 06:45:48.0737 AM
[ReportManager] Target URL: [https://www.google.com/ncr], and after redirection: [https://www.google.com] @26-07-2021 06:45:48.0747 AM
[ReportManager] Initial URL: [data:,] @26-07-2021 06:45:48.0793 AM
[ReportManager] Browser Action [NavigateToURL] successfully performed. With the following test data [https://www.google.com/ncr]. @26-07-2021 06:45:50.0151 A

################################################################################################################################################
Starting Execution:	[20 out of 23] test cases in the current suite
Test Method:		[tests.gui.google.C_Search_PageObjectModel_Traditional.searchForQueryAndAssertFirstResultTextIsCorrect]
################################################################################################################################################
[ReportManager] Element Action [Type] successfully performed. With the following test data [SHAFT_Engine]. @26-07-2021 06:45:50.0842 AM
[ReportManager] Element Action [KeyPress] successfully performed. With the following test data [ENTER]. @26-07-2021 06:45:52.0382 AM
[ReportManager] Element Action [GetText] successfully performed. With the following test data [MohabMohie/SHAFT_ENGINE: SHAFT_ENGINE is a ... - GitHub]. @26-07-2021 06:45:52.0482 AM
[ReportManager] Assertion Passed: Demoing local terminal actions @26-07-2021 06:45:52.0483 AM
[ReportManager] Assertion [ValidateEquals] PASSED. Expected [MohabMohie] and Actual [MohabMohie/SHAFT_ENGINE: SHAFT_ENGINE is a ... - GitHub]. Comparison Type [CONTAINS]. Validation Type [POSITIVE]. @26-07-2021 06:45:52.0483 A
[ReportManager] Successfully created attachment [Selenium WebDriver Logs - server] @26-07-2021 06:45:52.0733 AM
[ReportManager] Successfully created attachment [Selenium WebDriver Logs - performance] @26-07-2021 06:45:52.0958 AM
[ReportManager] Successfully created attachment [Selenium WebDriver Logs - browser] @26-07-2021 06:45:52.0966 AM
[ReportManager] Successfully created attachment [Selenium WebDriver Logs - driver] @26-07-2021 06:45:53.0223 AM
[ReportManager] Browser Action [CloseCurrentWindow] successfully performed. @26-07-2021 06:45:53.0282 AM
[ReportManager] Successfully created attachment [Browser Action Test Data - CloseCurrentWindow - Actual Value] @26-07-2021 06:45:53.0285 A
[ReportManager] File Action [GetAbsolutePath] successfully performed. With the following test data [Relative Folder Path: "target/downloadedFiles/"]. @26-07-2021 06:45:53.0289 AM
[ReportManager] Attempting to run remotely on: [Linux-64], [GoogleChrome], [http://localhost:4444/wd/hub], Headless Execution. @26-07-2021 06:45:53.0290 AM
[ReportManager] Successfully Opened [GoogleChrome]. @26-07-2021 06:45:53.0566 AM
[ReportManager] Target URL: [https://www.google.com/ncr], and after redirection: [https://www.google.com] @26-07-2021 06:45:53.0578 AM
[ReportManager] Initial URL: [data:,] @26-07-2021 06:45:53.0626 AM
[ReportManager] Browser Action [NavigateToURL] successfully performed. With the following test data [https://www.google.com/ncr]. @26-07-2021 06:45:54.0948 A

################################################################################################################################################
Starting Execution:	[21 out of 23] test cases in the current suite
Test Method:		[tests.gui.google.B_Search_FlatTest_SHAFT.navigateToGoogleHomeAndAssertGoogleLogoIsDisplayed]
################################################################################################################################################
[ReportManager] File Action [DoesFileExist] successfully performed. With the following test data [File Path: "src/test/resources/DynamicObjectRepository/tests_gui_google_B_Search_FlatTest_SHAFT_navigateToGoogleHomeAndAssertGoogleLogoIsDisplayed_By_xpath_img_id_hplogo_or_alt_Google.png"]. @26-07-2021 06:45:54.0961 AM
[ReportManager] File Action [GetAbsolutePath] successfully performed. With the following test data [Relative Folder Path: "src/test/resources/DynamicObjectRepository/tests_gui_google_B_Search_FlatTest_SHAFT_navigateToGoogleHomeAndAssertGoogleLogoIsDisplayed_By_xpath_img_id_hplogo_or_alt_Google.png"]. @26-07-2021 06:45:54.0961 AM
[ReportManager] File Action [ReadFromImageFile] successfully performed. With the following test data [File Path: "/home/runner/work/using_SHAFT_ENGINE/using_SHAFT_ENGINE/src/test/resources/DynamicObjectRepository/tests_gui_google_B_Search_FlatTest_SHAFT_navigateToGoogleHomeAndAssertGoogleLogoIsDisplayed_By_xpath_img_id_hplogo_or_alt_Google.png"]. @26-07-2021 06:45:54.0961 AM
[ReportManager] Assertion Failed: Demoing local terminal actions @26-07-2021 06:46:20.0718 AM
[ReportManager] Successfully created attachment [Validation Test Data - Reference Screenshot] @26-07-2021 06:46:20.0718 AM
[ReportManager] Successfully created attachment [Validation Test Data - Actual Screenshot] @26-07-2021 06:46:20.0719 AM
[ReportManager] Assertion [ValidateElementMatches] FAILED. Expected [Element should match the reference screenshot] and Actual [ELEMENT NOT FOUND]. Comparison Type [EXACT_OPENCV]. Validation Type [POSITIVE]. @26-07-2021 06:46:20.0719 A
[ReportManager] Successfully created attachment [Selenium WebDriver Logs - server] @26-07-2021 06:46:20.0855 AM
[ReportManager] Successfully created attachment [Selenium WebDriver Logs - performance] @26-07-2021 06:46:20.0932 AM
[ReportManager] Successfully created attachment [Selenium WebDriver Logs - browser] @26-07-2021 06:46:20.0941 AM
[ReportManager] Successfully created attachment [Selenium WebDriver Logs - driver] @26-07-2021 06:46:21.0093 AM
[ReportManager] Browser Action [CloseCurrentWindow] successfully performed. @26-07-2021 06:46:21.0152 AM
[ReportManager] Successfully created attachment [Browser Action Test Data - CloseCurrentWindow - Actual Value] @26-07-2021 06:46:21.0152 A
[ReportManager] File Action [GetAbsolutePath] successfully performed. With the following test data [Relative Folder Path: "target/downloadedFiles/"]. @26-07-2021 06:46:21.0155 AM
[ReportManager] Attempting to run remotely on: [Linux-64], [GoogleChrome], [http://localhost:4444/wd/hub], Headless Execution. @26-07-2021 06:46:21.0155 AM
[ReportManager] Successfully Opened [GoogleChrome]. @26-07-2021 06:46:21.0417 AM
[ReportManager] Target URL: [https://www.google.com/ncr], and after redirection: [https://www.google.com] @26-07-2021 06:46:21.0428 AM
[ReportManager] Initial URL: [data:,] @26-07-2021 06:46:21.0478 AM
[ReportManager] Browser Action [NavigateToURL] successfully performed. With the following test data [https://www.google.com/ncr]. @26-07-2021 06:46:22.0719 A

################################################################################################################################################
Starting Execution:	[22 out of 23] test cases in the current suite
Test Method:		[tests.gui.google.B_Search_FlatTest_SHAFT.navigateToGoogleHomeAndAssertPageTitle]
################################################################################################################################################
[ReportManager] Browser Action [GetCurrentWindowTitle] successfully performed. With the following test data [Google]. @26-07-2021 06:46:22.0770 AM
[ReportManager] Assertion Passed: Demoing local terminal actions @26-07-2021 06:46:22.0944 AM
[ReportManager] Successfully created attachment [Screenshot - 1627281982885_navigateToGoogleHomeAndAssertPageTitle_ValidateBrowserAttribute_passed] @26-07-2021 06:46:22.0945 AM
[ReportManager] Assertion [ValidateBrowserAttribute] PASSED. Expected [Value Should be 'Google' for the 'Title' attribute] and Actual [Google]. Comparison Type [EQUALS]. Validation Type [POSITIVE]. @26-07-2021 06:46:22.0945 A
[ReportManager] Successfully created attachment [Selenium WebDriver Logs - server] @26-07-2021 06:46:23.0056 AM
[ReportManager] Successfully created attachment [Selenium WebDriver Logs - performance] @26-07-2021 06:46:23.0116 AM
[ReportManager] Successfully created attachment [Selenium WebDriver Logs - browser] @26-07-2021 06:46:23.0123 AM
[ReportManager] Successfully created attachment [Selenium WebDriver Logs - driver] @26-07-2021 06:46:23.0239 AM
[ReportManager] Browser Action [CloseCurrentWindow] successfully performed. @26-07-2021 06:46:23.0296 AM
[ReportManager] Successfully created attachment [Browser Action Test Data - CloseCurrentWindow - Actual Value] @26-07-2021 06:46:23.0297 A
[ReportManager] File Action [GetAbsolutePath] successfully performed. With the following test data [Relative Folder Path: "target/downloadedFiles/"]. @26-07-2021 06:46:23.0299 AM
[ReportManager] Attempting to run remotely on: [Linux-64], [GoogleChrome], [http://localhost:4444/wd/hub], Headless Execution. @26-07-2021 06:46:23.0299 AM
[ReportManager] Successfully Opened [GoogleChrome]. @26-07-2021 06:46:23.0553 AM
[ReportManager] Target URL: [https://www.google.com/ncr], and after redirection: [https://www.google.com] @26-07-2021 06:46:23.0565 AM
[ReportManager] Initial URL: [data:,] @26-07-2021 06:46:23.0618 AM
[ReportManager] Browser Action [NavigateToURL] successfully performed. With the following test data [https://www.google.com/ncr]. @26-07-2021 06:46:24.0919 A

################################################################################################################################################
Starting Execution:	[23 out of 23] test cases in the current suite
Test Method:		[tests.gui.google.B_Search_FlatTest_SHAFT.searchForQueryAndAssertFirstResultTextIsCorrect]
################################################################################################################################################
[ReportManager] Element Action [Type] successfully performed. With the following test data [SHAFT_Engine]. @26-07-2021 06:46:25.0710 AM
[ReportManager] Element Action [KeyPress] successfully performed. With the following test data [ENTER]. @26-07-2021 06:46:27.0390 AM
[ReportManager] Element Action [GetText] successfully performed. With the following test data [MohabMohie/SHAFT_ENGINE: SHAFT_ENGINE is a ... - GitHub]. @26-07-2021 06:46:27.0486 AM
[ReportManager] Loaded Shared OpenCV @26-07-2021 06:46:27.0681 AM
[ReportManager] Assertion Passed: Demoing local terminal actions @26-07-2021 06:46:27.0763 AM
[ReportManager] Successfully created attachment [Screenshot - 1627281987681_searchForQueryAndAssertFirstResultTextIsCorrect_ValidateElementAttribute_passed] @26-07-2021 06:46:27.0764 AM
[ReportManager] Assertion [ValidateElementAttribute] PASSED. Expected [Value Should be 'MohabMohie' for the 'Text' attribute, element locator 'By.xpath: (//h1[contains(text(),'Search Result')]/following-sibling::div//a/h3)[1]'] and Actual [MohabMohie/SHAFT_ENGINE: SHAFT_ENGINE is a ... - GitHub]. Comparison Type [CONTAINS]. Validation Type [POSITIVE]. @26-07-2021 06:46:27.0764 A
[ReportManager] Successfully created attachment [Selenium WebDriver Logs - server] @26-07-2021 06:46:27.0976 AM
[ReportManager] Successfully created attachment [Selenium WebDriver Logs - performance] @26-07-2021 06:46:28.0201 AM
[ReportManager] Successfully created attachment [Selenium WebDriver Logs - browser] @26-07-2021 06:46:28.0210 AM
[ReportManager] Successfully created attachment [Selenium WebDriver Logs - driver] @26-07-2021 06:46:28.0468 AM
[ReportManager] Browser Action [CloseCurrentWindow] successfully performed. @26-07-2021 06:46:28.0531 AM
[ReportManager] Successfully created attachment [Browser Action Test Data - CloseCurrentWindow - Actual Value] @26-07-2021 06:46:28.0542 A

################################################################################################################################################
Test Closure Activities
################################################################################################################################################
[ReportManager] Successfully created attachment [SHAFT Engine Logs - Execution log] @26-07-2021 06:46:28.0587 AM

################################################################################################################################################
This test run was powered by SHAFT Engine Version: [SHAFT Engine v5.3.20210519]
SHAFT Engine is licensed under the MIT License: [https://github.com/MohabMohie/SHAFT_ENGINE/blob/master/LICENSE].
################################################################################################################################################