################################################################################################################################################
Detected SHAFT Engine Version: [SHAFT Engine v5.3.20210902]
################################################################################################################################################

################################################################################################################################################
Starting Execution:	[1 out of 23] test cases in the current suite
Test Method:		[tests.api.users.UserData.validateUserEmail]
################################################################################################################################################
[ReportManager] Response status code: [200], status line: [HTTP/1.1 200 OK] @09-09-2021 18:36:43.0184 PM
[ReportManager] Assertion Passed: Evaluating the actual response status code against the expected one... @09-09-2021 18:36:43.0195 PM
[ReportManager] Assertion [ValidateEquals] PASSED. Expected [200] and Actual [200]. Comparison Type [EQUALS]. Validation Type [POSITIVE]. @09-09-2021 18:36:43.0204 PM
[ReportManager] API Action [PerformRequest] successfully performed. With the following test data [Request Type: "GET" | Target Status Code: "200" | Service URL: "https://jsonplaceholder.typicode.com/users" | Content Type: "*/*" | Response Time: "902ms"]. @09-09-2021 18:36:44.0328 PM
[ReportManager] Successfully created attachment [API Request - Specifications] @09-09-2021 18:36:44.0331 PM
[ReportManager] Successfully created attachment [API Response - JSON Body] @09-09-2021 18:36:44.0577 PM
[ReportManager] Assertion [ValidateEquals] PASSED. Expected and Actual values are attached. Comparison Type [CONTAINS]. Validation Type [POSITIVE]. @09-09-2021 18:36:44.0583 PM
[ReportManager] Successfully created attachment [Validation Test Data - Expected Value] @09-09-2021 18:36:44.0584 PM
[ReportManager] Successfully created attachment [Validation Test Data - Actual Value] @09-09-2021 18:36:44.0585 PM
[ReportManager] API Action [GetResponseJSONValueAsList] successfully performed. With the following test data [$]. @09-09-2021 18:36:44.0621 PM
[ReportManager] API Action [GetResponseJSONValue] successfully performed. With the following test data [name]. @09-09-2021 18:36:44.0675 PM
[ReportManager] API Action [GetResponseJSONValue] successfully performed. With the following test data [email]. @09-09-2021 18:36:44.0698 PM
[ReportManager] Assertion [ValidateEquals] PASSED. Expected [Sincere@april.biz] and Actual [Sincere@april.biz]. Comparison Type [EQUALS]. Validation Type [POSITIVE]. @09-09-2021 18:36:44.0698 PM
[ReportManager] API Action [GetResponseJSONValue] successfully performed. With the following test data [name]. @09-09-2021 18:36:44.0719 PM
[ReportManager] API Action [GetResponseJSONValue] successfully performed. With the following test data [name]. @09-09-2021 18:36:44.0732 PM
[ReportManager] API Action [GetResponseJSONValue] successfully performed. With the following test data [name]. @09-09-2021 18:36:44.0747 PM
[ReportManager] API Action [GetResponseJSONValue] successfully performed. With the following test data [name]. @09-09-2021 18:36:44.0763 PM
[ReportManager] API Action [GetResponseJSONValue] successfully performed. With the following test data [name]. @09-09-2021 18:36:44.0777 PM
[ReportManager] API Action [GetResponseJSONValue] successfully performed. With the following test data [name]. @09-09-2021 18:36:44.0789 PM
[ReportManager] API Action [GetResponseJSONValue] successfully performed. With the following test data [name]. @09-09-2021 18:36:44.0803 PM
[ReportManager] API Action [GetResponseJSONValue] successfully performed. With the following test data [name]. @09-09-2021 18:36:44.0817 PM
[ReportManager] API Action [GetResponseJSONValue] successfully performed. With the following test data [name]. @09-09-2021 18:36:44.0829 P
[ReportManager] Successfully loaded the following test data file [src/test/resources/TestDataFiles/Google/SimpleSearch.xlsx]. @09-09-2021 18:36:45.0799 PM
[ReportManager] Successfully created attachment [Test Data - Excel] @09-09-2021 18:36:45.0801 P
[ReportManager] File Action [GetAbsolutePath] successfully performed. With the following test data [Relative Folder Path: "target/downloadedFiles/"]. @09-09-2021 18:36:45.0809 PM
[ReportManager] Attempting to run remotely on: [Linux-64], [GoogleChrome], [http://localhost:4444/wd/hub], Headless Execution. @09-09-2021 18:36:45.0834 PM
[ReportManager] Successfully Opened [GoogleChrome]. @09-09-2021 18:36:47.0054 PM
[ReportManager] Target URL: [https://www.google.com/ncr], and after redirection: [https://www.google.com] @09-09-2021 18:36:47.0110 PM
[ReportManager] Initial URL: [data:,] @09-09-2021 18:36:47.0225 PM
[ReportManager] Browser Action [NavigateToURL] successfully performed. With the following test data [https://www.google.com/ncr]. @09-09-2021 18:36:48.0459 P

################################################################################################################################################
Starting Execution:	[2 out of 23] test cases in the current suite
Test Method:		[tests.gui.google.F_Search_PageObjectModel_Fluent.navigateToGoogleHomeAndAssertGoogleLogoIsDisplayed]
################################################################################################################################################
[ReportManager] File Action [DoesFileExist] successfully performed. With the following test data [File Path: "src/test/resources/DynamicObjectRepository/tests_gui_google_F_Search_PageObjectModel_Fluent_navigateToGoogleHomeAndAssertGoogleLogoIsDisplayed_By_xpath_img_id_hplogo_or_alt_Google.png"]. @09-09-2021 18:36:48.0486 PM
[ReportManager] File Action [GetAbsolutePath] successfully performed. With the following test data [Relative Folder Path: "src/test/resources/DynamicObjectRepository/tests_gui_google_F_Search_PageObjectModel_Fluent_navigateToGoogleHomeAndAssertGoogleLogoIsDisplayed_By_xpath_img_id_hplogo_or_alt_Google.png"]. @09-09-2021 18:36:48.0487 PM
[ReportManager] File Action [ReadFromImageFile] successfully performed. With the following test data [File Path: "/home/runner/work/using_SHAFT_ENGINE/using_SHAFT_ENGINE/src/test/resources/DynamicObjectRepository/tests_gui_google_F_Search_PageObjectModel_Fluent_navigateToGoogleHomeAndAssertGoogleLogoIsDisplayed_By_xpath_img_id_hplogo_or_alt_Google.png"]. @09-09-2021 18:36:48.0487 PM
[ReportManager] File Action [DoesFileExist] successfully performed. With the following test data [File Path: "src/test/resources/DynamicObjectRepository/tests_gui_google_F_Search_PageObjectModel_Fluent_navigateToGoogleHomeAndAssertGoogleLogoIsDisplayed_By_xpath_img_id_hplogo_or_alt_Google.png"]. @09-09-2021 18:36:48.0746 PM
[ReportManager] File Action [DoesFileExist] successfully performed. With the following test data [File Path: "src/test/resources/DynamicObjectRepository/tests_gui_google_F_Search_PageObjectModel_Fluent_navigateToGoogleHomeAndAssertGoogleLogoIsDisplayed_By_xpath_img_id_hplogo_or_alt_Google.png"]. @09-09-2021 18:36:48.0746 PM
[ReportManager] Loaded Shared OpenCV @09-09-2021 18:36:49.0217 PM
[ReportManager] Successfully identified the element using AI; OpenCV. @09-09-2021 18:36:49.0235 PM
[ReportManager] Assertion Passed: Asserting that the Google logo is displayed @09-09-2021 18:36:49.0236 PM
[ReportManager] Successfully created attachment [Validation Test Data - Reference Screenshot] @09-09-2021 18:36:49.0236 PM
[ReportManager] Successfully created attachment [Validation Test Data - Actual Screenshot] @09-09-2021 18:36:49.0237 PM
[ReportManager] Assertion [ValidateElementMatches] PASSED. Expected [Element should match the reference screenshot] and Actual [TRUE]. Comparison Type [EXACT_OPENCV]. Validation Type [POSITIVE]. @09-09-2021 18:36:49.0237 P
[ReportManager] Successfully created attachment [Selenium WebDriver Logs - server] @09-09-2021 18:36:49.0381 PM
[ReportManager] Successfully created attachment [Selenium WebDriver Logs - performance] @09-09-2021 18:36:49.0438 PM
[ReportManager] Successfully created attachment [Selenium WebDriver Logs - driver] @09-09-2021 18:36:49.0567 PM
[ReportManager] Browser Action [CloseCurrentWindow] successfully performed. @09-09-2021 18:36:49.0631 PM
[ReportManager] Successfully created attachment [Browser Action Test Data - CloseCurrentWindow - Actual Value] @09-09-2021 18:36:49.0635 P
[ReportManager] File Action [GetAbsolutePath] successfully performed. With the following test data [Relative Folder Path: "target/downloadedFiles/"]. @09-09-2021 18:36:49.0648 PM
[ReportManager] Attempting to run remotely on: [Linux-64], [GoogleChrome], [http://localhost:4444/wd/hub], Headless Execution. @09-09-2021 18:36:49.0648 PM
[ReportManager] Successfully Opened [GoogleChrome]. @09-09-2021 18:36:50.0272 PM
[ReportManager] Target URL: [https://www.google.com/ncr], and after redirection: [https://www.google.com] @09-09-2021 18:36:50.0308 PM
[ReportManager] Initial URL: [data:,] @09-09-2021 18:36:50.0383 PM
[ReportManager] Browser Action [NavigateToURL] successfully performed. With the following test data [https://www.google.com/ncr]. @09-09-2021 18:36:51.0321 P

################################################################################################################################################
Starting Execution:	[3 out of 23] test cases in the current suite
Test Method:		[tests.gui.google.F_Search_PageObjectModel_Fluent.navigateToGoogleHomeAndAssertPageTitle]
################################################################################################################################################
[ReportManager] Browser Action [GetCurrentWindowTitle] successfully performed. With the following test data [Google]. @09-09-2021 18:36:51.0385 PM
[ReportManager] Assertion Passed: Asserting that the page title is Google @09-09-2021 18:36:51.0676 PM
[ReportManager] Successfully created attachment [Screenshot - 1631212611475_navigateToGoogleHomeAndAssertPageTitle_ValidateBrowserAttribute_passed] @09-09-2021 18:36:51.0681 PM
[ReportManager] Assertion [ValidateBrowserAttribute] PASSED. Expected [Value Should be 'Google' for the 'Title' attribute] and Actual [Google]. Comparison Type [EQUALS]. Validation Type [POSITIVE]. @09-09-2021 18:36:51.0681 P
[ReportManager] Successfully created attachment [Selenium WebDriver Logs - server] @09-09-2021 18:36:51.0800 PM
[ReportManager] Successfully created attachment [Selenium WebDriver Logs - performance] @09-09-2021 18:36:51.0880 PM
[ReportManager] Successfully created attachment [Selenium WebDriver Logs - driver] @09-09-2021 18:36:52.0014 PM
[ReportManager] Browser Action [CloseCurrentWindow] successfully performed. @09-09-2021 18:36:52.0074 PM
[ReportManager] Successfully created attachment [Browser Action Test Data - CloseCurrentWindow - Actual Value] @09-09-2021 18:36:52.0075 P
[ReportManager] File Action [GetAbsolutePath] successfully performed. With the following test data [Relative Folder Path: "target/downloadedFiles/"]. @09-09-2021 18:36:52.0080 PM
[ReportManager] Attempting to run remotely on: [Linux-64], [GoogleChrome], [http://localhost:4444/wd/hub], Headless Execution. @09-09-2021 18:36:52.0080 PM
[ReportManager] Successfully Opened [GoogleChrome]. @09-09-2021 18:36:52.0709 PM
[ReportManager] Target URL: [https://www.google.com/ncr], and after redirection: [https://www.google.com] @09-09-2021 18:36:52.0735 PM
[ReportManager] Initial URL: [data:,] @09-09-2021 18:36:52.0799 PM
[ReportManager] Browser Action [NavigateToURL] successfully performed. With the following test data [https://www.google.com/ncr]. @09-09-2021 18:36:53.0713 P

################################################################################################################################################
Starting Execution:	[4 out of 23] test cases in the current suite
Test Method:		[tests.gui.google.F_Search_PageObjectModel_Fluent.searchForQueryAndAssertFirstResultTextIsCorrect]
################################################################################################################################################
[ReportManager] Element Action [Type] successfully performed. With the following test data [SHAFT_Engine]. @09-09-2021 18:36:54.0376 PM
[ReportManager] Element Action [KeyPress] successfully performed. With the following test data [ENTER]. @09-09-2021 18:36:55.0955 PM
[ReportManager] Element Action [GetText] successfully performed. With the following test data [SHAFT_ENGINE is a Test Automation Engine that ... - GitHub]. @09-09-2021 18:36:56.0067 PM
[ReportManager] Loaded Shared OpenCV @09-09-2021 18:36:56.0289 PM
[ReportManager] Assertion Failed: Asserting that the correct first result is displayed @09-09-2021 18:36:56.0391 PM
[ReportManager] Successfully created attachment [Screenshot - 1631212616289_searchForQueryAndAssertFirstResultTextIsCorrect_ValidateElementAttribute_failed] @09-09-2021 18:36:56.0399 PM
[ReportManager] Assertion [ValidateElementAttribute] FAILED. Expected [Value Should be 'MohabMohie' for the 'Text' attribute, element locator 'By.xpath: (//h1[contains(text(),'Search Result')]/following-sibling::div//a/h3)[1]'] and Actual [SHAFT_ENGINE is a Test Automation Engine that ... - GitHub]. Comparison Type [CONTAINS]. Validation Type [POSITIVE]. @09-09-2021 18:36:56.0399 P
[ReportManager] Successfully created attachment [Selenium WebDriver Logs - server] @09-09-2021 18:36:56.0650 PM
[ReportManager] Successfully created attachment [Selenium WebDriver Logs - performance] @09-09-2021 18:36:56.0888 PM
[ReportManager] Successfully created attachment [Selenium WebDriver Logs - driver] @09-09-2021 18:36:57.0190 PM
[ReportManager] Browser Action [CloseCurrentWindow] successfully performed. @09-09-2021 18:36:57.0264 PM
[ReportManager] Successfully created attachment [Browser Action Test Data - CloseCurrentWindow - Actual Value] @09-09-2021 18:36:57.0268 P
[ReportManager] File Action [GetAbsolutePath] successfully performed. With the following test data [Relative Folder Path: "target/downloadedFiles/"]. @09-09-2021 18:36:57.0280 PM
[ReportManager] Attempting to run remotely on: [Linux-64], [GoogleChrome], [http://localhost:4444/wd/hub], Headless Execution. @09-09-2021 18:36:57.0280 PM
[ReportManager] Successfully Opened [GoogleChrome]. @09-09-2021 18:36:57.0985 PM
[ReportManager] Target URL: [https://www.google.com/ncr], and after redirection: [https://www.google.com] @09-09-2021 18:36:58.0024 PM
[ReportManager] Initial URL: [data:,] @09-09-2021 18:36:58.0087 PM
[ReportManager] Browser Action [NavigateToURL] successfully performed. With the following test data [https://www.google.com/ncr]. @09-09-2021 18:36:59.0019 P

################################################################################################################################################
Starting Execution:	[5 out of 23] test cases in the current suite
Test Method:		[tests.gui.google.C_Search_PageObjectModel_Traditional.navigateToGoogleHomeAndAssertGoogleLogoIsDisplayed]
################################################################################################################################################
[ReportManager] Element Action [IsElementDisplayed] successfully performed. @09-09-2021 18:36:59.0132 PM
[ReportManager] Assertion Passed: Asserting that the Google logo is displayed @09-09-2021 18:36:59.0133 PM
[ReportManager] Assertion [ValidateTrue] PASSED. Expected [TRUE] and Actual [TRUE]. Validation Type [POSITIVE]. @09-09-2021 18:36:59.0133 P
[ReportManager] Successfully created attachment [Selenium WebDriver Logs - server] @09-09-2021 18:36:59.0246 PM
[ReportManager] Successfully created attachment [Selenium WebDriver Logs - performance] @09-09-2021 18:36:59.0283 PM
[ReportManager] Successfully created attachment [Selenium WebDriver Logs - driver] @09-09-2021 18:36:59.0385 PM
[ReportManager] Browser Action [CloseCurrentWindow] successfully performed. @09-09-2021 18:36:59.0449 PM
[ReportManager] Successfully created attachment [Browser Action Test Data - CloseCurrentWindow - Actual Value] @09-09-2021 18:36:59.0452 P
[ReportManager] File Action [GetAbsolutePath] successfully performed. With the following test data [Relative Folder Path: "target/downloadedFiles/"]. @09-09-2021 18:36:59.0464 PM
[ReportManager] Attempting to run remotely on: [Linux-64], [GoogleChrome], [http://localhost:4444/wd/hub], Headless Execution. @09-09-2021 18:36:59.0465 PM
[ReportManager] Successfully Opened [GoogleChrome]. @09-09-2021 18:36:59.0718 PM
[ReportManager] Target URL: [https://www.google.com/ncr], and after redirection: [https://www.google.com] @09-09-2021 18:36:59.0742 PM
[ReportManager] Initial URL: [data:,] @09-09-2021 18:36:59.0798 PM
[ReportManager] Browser Action [NavigateToURL] successfully performed. With the following test data [https://www.google.com/ncr]. @09-09-2021 18:37:03.0056 P

################################################################################################################################################
Starting Execution:	[6 out of 23] test cases in the current suite
Test Method:		[tests.gui.google.C_Search_PageObjectModel_Traditional.navigateToGoogleHomeAndAssertPageTitle]
################################################################################################################################################
[ReportManager] Browser Action [GetCurrentWindowTitle] successfully performed. With the following test data [Google]. @09-09-2021 18:37:03.0099 PM
[ReportManager] Assertion Passed: Asserting that the page title is Google @09-09-2021 18:37:03.0100 PM
[ReportManager] Assertion [ValidateEquals] PASSED. Expected [Google] and Actual [Google]. Comparison Type [EQUALS]. Validation Type [POSITIVE]. @09-09-2021 18:37:03.0100 P
[ReportManager] Successfully created attachment [Selenium WebDriver Logs - server] @09-09-2021 18:37:03.0193 PM
[ReportManager] Successfully created attachment [Selenium WebDriver Logs - performance] @09-09-2021 18:37:03.0252 PM
[ReportManager] Successfully created attachment [Selenium WebDriver Logs - driver] @09-09-2021 18:37:03.0336 PM
[ReportManager] Browser Action [CloseCurrentWindow] successfully performed. @09-09-2021 18:37:03.0396 PM
[ReportManager] Successfully created attachment [Browser Action Test Data - CloseCurrentWindow - Actual Value] @09-09-2021 18:37:03.0397 P
[ReportManager] File Action [GetAbsolutePath] successfully performed. With the following test data [Relative Folder Path: "target/downloadedFiles/"]. @09-09-2021 18:37:03.0403 PM
[ReportManager] Attempting to run remotely on: [Linux-64], [GoogleChrome], [http://localhost:4444/wd/hub], Headless Execution. @09-09-2021 18:37:03.0403 PM
[ReportManager] Successfully Opened [GoogleChrome]. @09-09-2021 18:37:03.0651 PM
[ReportManager] Target URL: [https://www.google.com/ncr], and after redirection: [https://www.google.com] @09-09-2021 18:37:03.0670 PM
[ReportManager] Initial URL: [data:,] @09-09-2021 18:37:03.0741 PM
[ReportManager] Browser Action [NavigateToURL] successfully performed. With the following test data [https://www.google.com/ncr]. @09-09-2021 18:37:04.0603 P

################################################################################################################################################
Starting Execution:	[7 out of 23] test cases in the current suite
Test Method:		[tests.gui.google.C_Search_PageObjectModel_Traditional.searchForQueryAndAssertFirstResultTextIsCorrect]
################################################################################################################################################
[ReportManager] Element Action [Type] successfully performed. With the following test data [SHAFT_Engine]. @09-09-2021 18:37:05.0199 PM
[ReportManager] Element Action [KeyPress] successfully performed. With the following test data [ENTER]. @09-09-2021 18:37:06.0836 PM
[ReportManager] Element Action [GetText] successfully performed. With the following test data [SHAFT_ENGINE is a Test Automation Engine that ... - GitHub]. @09-09-2021 18:37:06.0937 PM
[ReportManager] Assertion Failed: Asserting that the correct first result is displayed @09-09-2021 18:37:06.0938 PM
[ReportManager] Assertion [ValidateEquals] FAILED. Expected [MohabMohie] and Actual [SHAFT_ENGINE is a Test Automation Engine that ... - GitHub]. Comparison Type [CONTAINS]. Validation Type [POSITIVE]. @09-09-2021 18:37:06.0938 P
[ReportManager] Successfully created attachment [Selenium WebDriver Logs - server] @09-09-2021 18:37:07.0129 PM
[ReportManager] Successfully created attachment [Selenium WebDriver Logs - performance] @09-09-2021 18:37:07.0294 PM
[ReportManager] Successfully created attachment [Selenium WebDriver Logs - driver] @09-09-2021 18:37:07.0510 PM
[ReportManager] Browser Action [CloseCurrentWindow] successfully performed. @09-09-2021 18:37:07.0576 PM
[ReportManager] Successfully created attachment [Browser Action Test Data - CloseCurrentWindow - Actual Value] @09-09-2021 18:37:07.0579 P
[ReportManager] File Action [GetAbsolutePath] successfully performed. With the following test data [Relative Folder Path: "target/downloadedFiles/"]. @09-09-2021 18:37:07.0590 PM
[ReportManager] Attempting to run remotely on: [Linux-64], [GoogleChrome], [http://localhost:4444/wd/hub], Headless Execution. @09-09-2021 18:37:07.0590 PM
[ReportManager] Successfully Opened [GoogleChrome]. @09-09-2021 18:37:07.0863 PM
[ReportManager] Target URL: [https://www.google.com/ncr], and after redirection: [https://www.google.com] @09-09-2021 18:37:07.0894 PM
[ReportManager] Initial URL: [data:,] @09-09-2021 18:37:07.0942 PM
[ReportManager] Browser Action [NavigateToURL] successfully performed. With the following test data [https://www.google.com/ncr]. @09-09-2021 18:37:08.0781 P

################################################################################################################################################
Starting Execution:	[8 out of 23] test cases in the current suite
Test Method:		[tests.gui.google.B_Search_FlatTest_SHAFT.navigateToGoogleHomeAndAssertGoogleLogoIsDisplayed]
################################################################################################################################################
[ReportManager] File Action [DoesFileExist] successfully performed. With the following test data [File Path: "src/test/resources/DynamicObjectRepository/tests_gui_google_B_Search_FlatTest_SHAFT_navigateToGoogleHomeAndAssertGoogleLogoIsDisplayed_By_xpath_img_id_hplogo_or_alt_Google.png"]. @09-09-2021 18:37:08.0785 PM
[ReportManager] File Action [GetAbsolutePath] successfully performed. With the following test data [Relative Folder Path: "src/test/resources/DynamicObjectRepository/tests_gui_google_B_Search_FlatTest_SHAFT_navigateToGoogleHomeAndAssertGoogleLogoIsDisplayed_By_xpath_img_id_hplogo_or_alt_Google.png"]. @09-09-2021 18:37:08.0786 PM
[ReportManager] File Action [ReadFromImageFile] successfully performed. With the following test data [File Path: "/home/runner/work/using_SHAFT_ENGINE/using_SHAFT_ENGINE/src/test/resources/DynamicObjectRepository/tests_gui_google_B_Search_FlatTest_SHAFT_navigateToGoogleHomeAndAssertGoogleLogoIsDisplayed_By_xpath_img_id_hplogo_or_alt_Google.png"]. @09-09-2021 18:37:08.0786 PM
[ReportManager] File Action [DoesFileExist] successfully performed. With the following test data [File Path: "src/test/resources/DynamicObjectRepository/tests_gui_google_B_Search_FlatTest_SHAFT_navigateToGoogleHomeAndAssertGoogleLogoIsDisplayed_By_xpath_img_id_hplogo_or_alt_Google.png"]. @09-09-2021 18:37:08.0988 PM
[ReportManager] File Action [DoesFileExist] successfully performed. With the following test data [File Path: "src/test/resources/DynamicObjectRepository/tests_gui_google_B_Search_FlatTest_SHAFT_navigateToGoogleHomeAndAssertGoogleLogoIsDisplayed_By_xpath_img_id_hplogo_or_alt_Google.png"]. @09-09-2021 18:37:08.0988 PM
[ReportManager] Loaded Shared OpenCV @09-09-2021 18:37:08.0988 PM
[ReportManager] Successfully identified the element using AI; OpenCV. @09-09-2021 18:37:08.0991 PM
[ReportManager] Assertion Passed: Asserting that the Google logo is displayed @09-09-2021 18:37:08.0991 PM
[ReportManager] Successfully created attachment [Validation Test Data - Reference Screenshot] @09-09-2021 18:37:08.0992 PM
[ReportManager] Successfully created attachment [Validation Test Data - Actual Screenshot] @09-09-2021 18:37:08.0992 PM
[ReportManager] Assertion [ValidateElementMatches] PASSED. Expected [Element should match the reference screenshot] and Actual [TRUE]. Comparison Type [EXACT_OPENCV]. Validation Type [POSITIVE]. @09-09-2021 18:37:08.0992 P
[ReportManager] Successfully created attachment [Selenium WebDriver Logs - server] @09-09-2021 18:37:09.0102 PM
[ReportManager] Successfully created attachment [Selenium WebDriver Logs - performance] @09-09-2021 18:37:09.0141 PM
[ReportManager] Successfully created attachment [Selenium WebDriver Logs - driver] @09-09-2021 18:37:09.0219 PM
[ReportManager] Browser Action [CloseCurrentWindow] successfully performed. @09-09-2021 18:37:09.0280 PM
[ReportManager] Successfully created attachment [Browser Action Test Data - CloseCurrentWindow - Actual Value] @09-09-2021 18:37:09.0281 P
[ReportManager] File Action [GetAbsolutePath] successfully performed. With the following test data [Relative Folder Path: "target/downloadedFiles/"]. @09-09-2021 18:37:09.0289 PM
[ReportManager] Attempting to run remotely on: [Linux-64], [GoogleChrome], [http://localhost:4444/wd/hub], Headless Execution. @09-09-2021 18:37:09.0291 PM
[ReportManager] Successfully Opened [GoogleChrome]. @09-09-2021 18:37:09.0542 PM
[ReportManager] Target URL: [https://www.google.com/ncr], and after redirection: [https://www.google.com] @09-09-2021 18:37:09.0575 PM
[ReportManager] Initial URL: [data:,] @09-09-2021 18:37:09.0629 PM
[ReportManager] Browser Action [NavigateToURL] successfully performed. With the following test data [https://www.google.com/ncr]. @09-09-2021 18:37:10.0492 P

################################################################################################################################################
Starting Execution:	[9 out of 23] test cases in the current suite
Test Method:		[tests.gui.google.B_Search_FlatTest_SHAFT.navigateToGoogleHomeAndAssertPageTitle]
################################################################################################################################################
[ReportManager] Browser Action [GetCurrentWindowTitle] successfully performed. With the following test data [Google]. @09-09-2021 18:37:10.0534 PM
[ReportManager] Assertion Passed: Asserting that the page title is Google @09-09-2021 18:37:10.0660 PM
[ReportManager] Successfully created attachment [Screenshot - 1631212630608_navigateToGoogleHomeAndAssertPageTitle_ValidateBrowserAttribute_passed] @09-09-2021 18:37:10.0661 PM
[ReportManager] Assertion [ValidateBrowserAttribute] PASSED. Expected [Value Should be 'Google' for the 'Title' attribute] and Actual [Google]. Comparison Type [EQUALS]. Validation Type [POSITIVE]. @09-09-2021 18:37:10.0661 P
[ReportManager] Successfully created attachment [Selenium WebDriver Logs - server] @09-09-2021 18:37:10.0769 PM
[ReportManager] Successfully created attachment [Selenium WebDriver Logs - performance] @09-09-2021 18:37:10.0806 PM
[ReportManager] Successfully created attachment [Selenium WebDriver Logs - driver] @09-09-2021 18:37:10.0886 PM
[ReportManager] Browser Action [CloseCurrentWindow] successfully performed. @09-09-2021 18:37:10.0947 PM
[ReportManager] Successfully created attachment [Browser Action Test Data - CloseCurrentWindow - Actual Value] @09-09-2021 18:37:10.0948 P
[ReportManager] File Action [GetAbsolutePath] successfully performed. With the following test data [Relative Folder Path: "target/downloadedFiles/"]. @09-09-2021 18:37:10.0955 PM
[ReportManager] Attempting to run remotely on: [Linux-64], [GoogleChrome], [http://localhost:4444/wd/hub], Headless Execution. @09-09-2021 18:37:10.0955 PM
[ReportManager] Successfully Opened [GoogleChrome]. @09-09-2021 18:37:11.0213 PM
[ReportManager] Target URL: [https://www.google.com/ncr], and after redirection: [https://www.google.com] @09-09-2021 18:37:11.0230 PM
[ReportManager] Initial URL: [data:,] @09-09-2021 18:37:11.0291 PM
[ReportManager] Browser Action [NavigateToURL] successfully performed. With the following test data [https://www.google.com/ncr]. @09-09-2021 18:37:12.0142 P

################################################################################################################################################
Starting Execution:	[10 out of 23] test cases in the current suite
Test Method:		[tests.gui.google.B_Search_FlatTest_SHAFT.searchForQueryAndAssertFirstResultTextIsCorrect]
################################################################################################################################################
[ReportManager] Element Action [Type] successfully performed. With the following test data [SHAFT_Engine]. @09-09-2021 18:37:12.0749 PM
[ReportManager] Element Action [KeyPress] successfully performed. With the following test data [ENTER]. @09-09-2021 18:37:14.0257 PM
[ReportManager] Element Action [GetText] successfully performed. With the following test data [SHAFT_ENGINE is a Test Automation Engine that ... - GitHub]. @09-09-2021 18:37:14.0357 PM
[ReportManager] Loaded Shared OpenCV @09-09-2021 18:37:14.0535 PM
[ReportManager] Assertion Failed: Asserting that the correct first result is displayed @09-09-2021 18:37:14.0604 PM
[ReportManager] Successfully created attachment [Screenshot - 1631212634535_searchForQueryAndAssertFirstResultTextIsCorrect_ValidateElementAttribute_failed] @09-09-2021 18:37:14.0605 PM
[ReportManager] Assertion [ValidateElementAttribute] FAILED. Expected [Value Should be 'MohabMohie' for the 'Text' attribute, element locator 'By.xpath: (//h1[contains(text(),'Search Result')]/following-sibling::div//a/h3)[1]'] and Actual [SHAFT_ENGINE is a Test Automation Engine that ... - GitHub]. Comparison Type [CONTAINS]. Validation Type [POSITIVE]. @09-09-2021 18:37:14.0605 P
[ReportManager] Successfully created attachment [Selenium WebDriver Logs - server] @09-09-2021 18:37:14.0791 PM
[ReportManager] Successfully created attachment [Selenium WebDriver Logs - performance] @09-09-2021 18:37:14.0989 PM
[ReportManager] Successfully created attachment [Selenium WebDriver Logs - driver] @09-09-2021 18:37:15.0246 PM
[ReportManager] Browser Action [CloseCurrentWindow] successfully performed. @09-09-2021 18:37:15.0317 PM
[ReportManager] Successfully created attachment [Browser Action Test Data - CloseCurrentWindow - Actual Value] @09-09-2021 18:37:15.0320 P
[ReportManager] Successfully loaded the following test data file [src/test/resources/TestDataFiles/Google/SimpleSearch.xlsx]. @09-09-2021 18:37:15.0349 PM
[ReportManager] Successfully created attachment [Test Data - Excel] @09-09-2021 18:37:15.0349 P
[ReportManager] File Action [GetAbsolutePath] successfully performed. With the following test data [Relative Folder Path: "target/downloadedFiles/"]. @09-09-2021 18:37:15.0350 PM
[ReportManager] Attempting to run remotely on: [Linux-64], [GoogleChrome], [http://localhost:4444/wd/hub], Headless Execution. @09-09-2021 18:37:15.0351 PM
[ReportManager] Successfully Opened [GoogleChrome]. @09-09-2021 18:37:15.0579 PM
[ReportManager] Target URL: [https://www.google.com/ncr], and after redirection: [https://www.google.com] @09-09-2021 18:37:15.0591 PM
[ReportManager] Initial URL: [data:,] @09-09-2021 18:37:15.0636 PM
[ReportManager] Browser Action [NavigateToURL] successfully performed. With the following test data [https://www.google.com/ncr]. @09-09-2021 18:37:16.0500 P

################################################################################################################################################
Starting Execution:	[11 out of 23] test cases in the current suite
Test Method:		[tests.gui.google.G_Search_PageObjectModel_ThreadSafe.navigateToGoogleHomeAndAssertGoogleLogoIsDisplayed]
################################################################################################################################################
[ReportManager] File Action [DoesFileExist] successfully performed. With the following test data [File Path: "src/test/resources/DynamicObjectRepository/tests_gui_google_G_Search_PageObjectModel_ThreadSafe_navigateToGoogleHomeAndAssertGoogleLogoIsDisplayed_By_xpath_img_id_hplogo_or_alt_Google.png"]. @09-09-2021 18:37:16.0503 PM
[ReportManager] File Action [GetAbsolutePath] successfully performed. With the following test data [Relative Folder Path: "src/test/resources/DynamicObjectRepository/tests_gui_google_G_Search_PageObjectModel_ThreadSafe_navigateToGoogleHomeAndAssertGoogleLogoIsDisplayed_By_xpath_img_id_hplogo_or_alt_Google.png"]. @09-09-2021 18:37:16.0504 PM
[ReportManager] File Action [ReadFromImageFile] successfully performed. With the following test data [File Path: "/home/runner/work/using_SHAFT_ENGINE/using_SHAFT_ENGINE/src/test/resources/DynamicObjectRepository/tests_gui_google_G_Search_PageObjectModel_ThreadSafe_navigateToGoogleHomeAndAssertGoogleLogoIsDisplayed_By_xpath_img_id_hplogo_or_alt_Google.png"]. @09-09-2021 18:37:16.0504 PM
[ReportManager] File Action [DoesFileExist] successfully performed. With the following test data [File Path: "src/test/resources/DynamicObjectRepository/tests_gui_google_G_Search_PageObjectModel_ThreadSafe_navigateToGoogleHomeAndAssertGoogleLogoIsDisplayed_By_xpath_img_id_hplogo_or_alt_Google.png"]. @09-09-2021 18:37:16.0737 PM
[ReportManager] File Action [DoesFileExist] successfully performed. With the following test data [File Path: "src/test/resources/DynamicObjectRepository/tests_gui_google_G_Search_PageObjectModel_ThreadSafe_navigateToGoogleHomeAndAssertGoogleLogoIsDisplayed_By_xpath_img_id_hplogo_or_alt_Google.png"]. @09-09-2021 18:37:16.0738 PM
[ReportManager] Loaded Shared OpenCV @09-09-2021 18:37:16.0738 PM
[ReportManager] Successfully identified the element using AI; OpenCV. @09-09-2021 18:37:16.0740 PM
[ReportManager] Assertion Passed: Asserting that the Google logo is displayed @09-09-2021 18:37:16.0741 PM
[ReportManager] Successfully created attachment [Validation Test Data - Reference Screenshot] @09-09-2021 18:37:16.0741 PM
[ReportManager] Successfully created attachment [Validation Test Data - Actual Screenshot] @09-09-2021 18:37:16.0741 PM
[ReportManager] Assertion [ValidateElementMatches] PASSED. Expected [Element should match the reference screenshot] and Actual [TRUE]. Comparison Type [EXACT_OPENCV]. Validation Type [POSITIVE]. @09-09-2021 18:37:16.0741 P
[ReportManager] Successfully created attachment [Selenium WebDriver Logs - server] @09-09-2021 18:37:16.0848 PM
[ReportManager] Successfully created attachment [Selenium WebDriver Logs - performance] @09-09-2021 18:37:16.0884 PM
[ReportManager] Successfully created attachment [Selenium WebDriver Logs - driver] @09-09-2021 18:37:16.0965 PM
[ReportManager] Browser Action [CloseCurrentWindow] successfully performed. @09-09-2021 18:37:17.0031 PM
[ReportManager] Successfully created attachment [Browser Action Test Data - CloseCurrentWindow - Actual Value] @09-09-2021 18:37:17.0033 P
[ReportManager] File Action [GetAbsolutePath] successfully performed. With the following test data [Relative Folder Path: "target/downloadedFiles/"]. @09-09-2021 18:37:17.0038 PM
[ReportManager] Attempting to run remotely on: [Linux-64], [GoogleChrome], [http://localhost:4444/wd/hub], Headless Execution. @09-09-2021 18:37:17.0039 PM
[ReportManager] Successfully Opened [GoogleChrome]. @09-09-2021 18:37:17.0274 PM
[ReportManager] Target URL: [https://www.google.com/ncr], and after redirection: [https://www.google.com] @09-09-2021 18:37:17.0286 PM
[ReportManager] Initial URL: [data:,] @09-09-2021 18:37:17.0329 PM
[ReportManager] Browser Action [NavigateToURL] successfully performed. With the following test data [https://www.google.com/ncr]. @09-09-2021 18:37:18.0161 P

################################################################################################################################################
Starting Execution:	[12 out of 23] test cases in the current suite
Test Method:		[tests.gui.google.G_Search_PageObjectModel_ThreadSafe.navigateToGoogleHomeAndAssertPageTitle]
################################################################################################################################################
[ReportManager] Browser Action [GetCurrentWindowTitle] successfully performed. With the following test data [Google]. @09-09-2021 18:37:18.0200 PM
[ReportManager] Assertion Passed: Asserting that the page title is Google @09-09-2021 18:37:18.0313 PM
[ReportManager] Successfully created attachment [Screenshot - 1631212638270_navigateToGoogleHomeAndAssertPageTitle_ValidateBrowserAttribute_passed] @09-09-2021 18:37:18.0314 PM
[ReportManager] Assertion [ValidateBrowserAttribute] PASSED. Expected [Value Should be 'Google' for the 'Title' attribute] and Actual [Google]. Comparison Type [EQUALS]. Validation Type [POSITIVE]. @09-09-2021 18:37:18.0314 P
[ReportManager] Successfully created attachment [Selenium WebDriver Logs - server] @09-09-2021 18:37:18.0397 PM
[ReportManager] Successfully created attachment [Selenium WebDriver Logs - performance] @09-09-2021 18:37:18.0436 PM
[ReportManager] Successfully created attachment [Selenium WebDriver Logs - driver] @09-09-2021 18:37:18.0506 PM
[ReportManager] Browser Action [CloseCurrentWindow] successfully performed. @09-09-2021 18:37:18.0563 PM
[ReportManager] Successfully created attachment [Browser Action Test Data - CloseCurrentWindow - Actual Value] @09-09-2021 18:37:18.0564 P
[ReportManager] File Action [GetAbsolutePath] successfully performed. With the following test data [Relative Folder Path: "target/downloadedFiles/"]. @09-09-2021 18:37:18.0567 PM
[ReportManager] Attempting to run remotely on: [Linux-64], [GoogleChrome], [http://localhost:4444/wd/hub], Headless Execution. @09-09-2021 18:37:18.0568 PM
[ReportManager] Successfully Opened [GoogleChrome]. @09-09-2021 18:37:18.0817 PM
[ReportManager] Target URL: [https://www.google.com/ncr], and after redirection: [https://www.google.com] @09-09-2021 18:37:18.0839 PM
[ReportManager] Initial URL: [data:,] @09-09-2021 18:37:18.0927 PM
[ReportManager] Browser Action [NavigateToURL] successfully performed. With the following test data [https://www.google.com/ncr]. @09-09-2021 18:37:19.0949 P

################################################################################################################################################
Starting Execution:	[13 out of 23] test cases in the current suite
Test Method:		[tests.gui.google.G_Search_PageObjectModel_ThreadSafe.searchForQueryAndAssertFirstResultTextIsCorrect]
################################################################################################################################################
[ReportManager] Element Action [Type] successfully performed. With the following test data [SHAFT_Engine]. @09-09-2021 18:37:20.0520 PM
[ReportManager] Element Action [KeyPress] successfully performed. With the following test data [ENTER]. @09-09-2021 18:37:21.0915 PM
[ReportManager] Element Action [GetText] successfully performed. With the following test data [SHAFT_ENGINE is a Test Automation Engine that ... - GitHub]. @09-09-2021 18:37:22.0021 PM
[ReportManager] Loaded Shared OpenCV @09-09-2021 18:37:22.0215 PM
[ReportManager] Assertion Failed: Asserting that the correct first result is displayed @09-09-2021 18:37:22.0284 PM
[ReportManager] Successfully created attachment [Screenshot - 1631212642215_searchForQueryAndAssertFirstResultTextIsCorrect_ValidateElementAttribute_failed] @09-09-2021 18:37:22.0285 PM
[ReportManager] Assertion [ValidateElementAttribute] FAILED. Expected [Value Should be 'MohabMohie' for the 'Text' attribute, element locator 'By.xpath: (//h1[contains(text(),'Search Result')]/following-sibling::div//a/h3)[1]'] and Actual [SHAFT_ENGINE is a Test Automation Engine that ... - GitHub]. Comparison Type [CONTAINS]. Validation Type [POSITIVE]. @09-09-2021 18:37:22.0286 P
[ReportManager] Successfully created attachment [Selenium WebDriver Logs - server] @09-09-2021 18:37:22.0458 PM
[ReportManager] Successfully created attachment [Selenium WebDriver Logs - performance] @09-09-2021 18:37:22.0623 PM
[ReportManager] Successfully created attachment [Selenium WebDriver Logs - driver] @09-09-2021 18:37:22.0842 PM
[ReportManager] Browser Action [CloseCurrentWindow] successfully performed. @09-09-2021 18:37:22.0903 PM
[ReportManager] Successfully created attachment [Browser Action Test Data - CloseCurrentWindow - Actual Value] @09-09-2021 18:37:22.0907 P



################################################################################################################################################
Starting Execution:	[14 out of 23] test cases in the current suite
Test Method:		[tests.gui.google.A_Search_FlatTest_NativeSeleniumWebDriver.navigateToGoogleHomeAndAssertGoogleLogoIsDisplayed]
###############################################################################################################################################



################################################################################################################################################
Starting Execution:	[15 out of 23] test cases in the current suite
Test Method:		[tests.gui.google.A_Search_FlatTest_NativeSeleniumWebDriver.navigateToGoogleHomeAndAssertPageTitle]
###############################################################################################################################################



################################################################################################################################################
Starting Execution:	[16 out of 23] test cases in the current suite
Test Method:		[tests.gui.google.A_Search_FlatTest_NativeSeleniumWebDriver.searchForQueryAndAssertFirstResultTextIsCorrect]
###############################################################################################################################################

[ReportManager] Successfully loaded the following test data file [src/test/resources/TestDataFiles/Google/SimpleSearch.xlsx]. @09-09-2021 18:37:25.0443 PM
[ReportManager] Successfully created attachment [Test Data - Excel] @09-09-2021 18:37:25.0444 P
[ReportManager] File Action [GetAbsolutePath] successfully performed. With the following test data [Relative Folder Path: "target/downloadedFiles/"]. @09-09-2021 18:37:25.0445 PM
[ReportManager] Attempting to run remotely on: [Linux-64], [GoogleChrome], [http://localhost:4444/wd/hub], Headless Execution. @09-09-2021 18:37:25.0445 PM
[ReportManager] Successfully Opened [GoogleChrome]. @09-09-2021 18:37:25.0671 PM
[ReportManager] Target URL: [https://www.google.com/ncr], and after redirection: [https://www.google.com] @09-09-2021 18:37:25.0685 PM
[ReportManager] Initial URL: [data:,] @09-09-2021 18:37:25.0726 PM
[ReportManager] Browser Action [NavigateToURL] successfully performed. With the following test data [https://www.google.com/ncr]. @09-09-2021 18:37:26.0561 P

################################################################################################################################################
Starting Execution:	[17 out of 23] test cases in the current suite
Test Method:		[tests.gui.google.E_Search_PageObjectModel_Traditional_SHAFTAssertions.navigateToGoogleHomeAndAssertGoogleLogoIsDisplayed]
################################################################################################################################################
[ReportManager] File Action [DoesFileExist] successfully performed. With the following test data [File Path: "src/test/resources/DynamicObjectRepository/tests_gui_google_E_Search_PageObjectModel_Traditional_SHAFTAssertions_navigateToGoogleHomeAndAssertGoogleLogoIsDisplayed_By_xpath_img_id_hplogo_or_alt_Google.png"]. @09-09-2021 18:37:26.0565 PM
[ReportManager] File Action [GetAbsolutePath] successfully performed. With the following test data [Relative Folder Path: "src/test/resources/DynamicObjectRepository/tests_gui_google_E_Search_PageObjectModel_Traditional_SHAFTAssertions_navigateToGoogleHomeAndAssertGoogleLogoIsDisplayed_By_xpath_img_id_hplogo_or_alt_Google.png"]. @09-09-2021 18:37:26.0566 PM
[ReportManager] File Action [ReadFromImageFile] successfully performed. With the following test data [File Path: "/home/runner/work/using_SHAFT_ENGINE/using_SHAFT_ENGINE/src/test/resources/DynamicObjectRepository/tests_gui_google_E_Search_PageObjectModel_Traditional_SHAFTAssertions_navigateToGoogleHomeAndAssertGoogleLogoIsDisplayed_By_xpath_img_id_hplogo_or_alt_Google.png"]. @09-09-2021 18:37:26.0567 PM
[ReportManager] File Action [DoesFileExist] successfully performed. With the following test data [File Path: "src/test/resources/DynamicObjectRepository/tests_gui_google_E_Search_PageObjectModel_Traditional_SHAFTAssertions_navigateToGoogleHomeAndAssertGoogleLogoIsDisplayed_By_xpath_img_id_hplogo_or_alt_Google.png"]. @09-09-2021 18:37:26.0719 PM
[ReportManager] File Action [DoesFileExist] successfully performed. With the following test data [File Path: "src/test/resources/DynamicObjectRepository/tests_gui_google_E_Search_PageObjectModel_Traditional_SHAFTAssertions_navigateToGoogleHomeAndAssertGoogleLogoIsDisplayed_By_xpath_img_id_hplogo_or_alt_Google.png"]. @09-09-2021 18:37:26.0720 PM
[ReportManager] Loaded Shared OpenCV @09-09-2021 18:37:26.0720 PM
[ReportManager] Successfully identified the element using AI; OpenCV. @09-09-2021 18:37:26.0722 PM
[ReportManager] Assertion Passed: Asserting that the Google logo is displayed @09-09-2021 18:37:26.0723 PM
[ReportManager] Successfully created attachment [Validation Test Data - Reference Screenshot] @09-09-2021 18:37:26.0723 PM
[ReportManager] Successfully created attachment [Validation Test Data - Actual Screenshot] @09-09-2021 18:37:26.0723 PM
[ReportManager] Assertion [ValidateElementMatches] PASSED. Expected [Element should match the reference screenshot] and Actual [TRUE]. Comparison Type [EXACT_OPENCV]. Validation Type [POSITIVE]. @09-09-2021 18:37:26.0723 P
[ReportManager] Successfully created attachment [Selenium WebDriver Logs - server] @09-09-2021 18:37:26.0819 PM
[ReportManager] Successfully created attachment [Selenium WebDriver Logs - performance] @09-09-2021 18:37:26.0855 PM
[ReportManager] Successfully created attachment [Selenium WebDriver Logs - driver] @09-09-2021 18:37:26.0934 PM
[ReportManager] Browser Action [CloseCurrentWindow] successfully performed. @09-09-2021 18:37:26.0990 PM
[ReportManager] Successfully created attachment [Browser Action Test Data - CloseCurrentWindow - Actual Value] @09-09-2021 18:37:26.0991 P
[ReportManager] File Action [GetAbsolutePath] successfully performed. With the following test data [Relative Folder Path: "target/downloadedFiles/"]. @09-09-2021 18:37:26.0993 PM
[ReportManager] Attempting to run remotely on: [Linux-64], [GoogleChrome], [http://localhost:4444/wd/hub], Headless Execution. @09-09-2021 18:37:26.0994 PM
[ReportManager] Successfully Opened [GoogleChrome]. @09-09-2021 18:37:27.0235 PM
[ReportManager] Target URL: [https://www.google.com/ncr], and after redirection: [https://www.google.com] @09-09-2021 18:37:27.0247 PM
[ReportManager] Initial URL: [data:,] @09-09-2021 18:37:27.0299 PM
[ReportManager] Browser Action [NavigateToURL] successfully performed. With the following test data [https://www.google.com/ncr]. @09-09-2021 18:37:28.0187 P

################################################################################################################################################
Starting Execution:	[18 out of 23] test cases in the current suite
Test Method:		[tests.gui.google.E_Search_PageObjectModel_Traditional_SHAFTAssertions.navigateToGoogleHomeAndAssertPageTitle]
################################################################################################################################################
[ReportManager] Browser Action [GetCurrentWindowTitle] successfully performed. With the following test data [Google]. @09-09-2021 18:37:28.0218 PM
[ReportManager] Assertion Passed: Asserting that the page title is Google @09-09-2021 18:37:28.0327 PM
[ReportManager] Successfully created attachment [Screenshot - 1631212648288_navigateToGoogleHomeAndAssertPageTitle_ValidateBrowserAttribute_passed] @09-09-2021 18:37:28.0327 PM
[ReportManager] Assertion [ValidateBrowserAttribute] PASSED. Expected [Value Should be 'Google' for the 'Title' attribute] and Actual [Google]. Comparison Type [EQUALS]. Validation Type [POSITIVE]. @09-09-2021 18:37:28.0327 P
[ReportManager] Successfully created attachment [Selenium WebDriver Logs - server] @09-09-2021 18:37:28.0405 PM
[ReportManager] Successfully created attachment [Selenium WebDriver Logs - performance] @09-09-2021 18:37:28.0455 PM
[ReportManager] Successfully created attachment [Selenium WebDriver Logs - driver] @09-09-2021 18:37:28.0526 PM
[ReportManager] Browser Action [CloseCurrentWindow] successfully performed. @09-09-2021 18:37:28.0585 PM
[ReportManager] Successfully created attachment [Browser Action Test Data - CloseCurrentWindow - Actual Value] @09-09-2021 18:37:28.0586 P
[ReportManager] File Action [GetAbsolutePath] successfully performed. With the following test data [Relative Folder Path: "target/downloadedFiles/"]. @09-09-2021 18:37:28.0591 PM
[ReportManager] Attempting to run remotely on: [Linux-64], [GoogleChrome], [http://localhost:4444/wd/hub], Headless Execution. @09-09-2021 18:37:28.0592 PM
[ReportManager] Successfully Opened [GoogleChrome]. @09-09-2021 18:37:28.0811 PM
[ReportManager] Target URL: [https://www.google.com/ncr], and after redirection: [https://www.google.com] @09-09-2021 18:37:28.0826 PM
[ReportManager] Initial URL: [data:,] @09-09-2021 18:37:28.0890 PM
[ReportManager] Browser Action [NavigateToURL] successfully performed. With the following test data [https://www.google.com/ncr]. @09-09-2021 18:37:29.0683 P

################################################################################################################################################
Starting Execution:	[19 out of 23] test cases in the current suite
Test Method:		[tests.gui.google.E_Search_PageObjectModel_Traditional_SHAFTAssertions.searchForQueryAndAssertFirstResultTextIsCorrect]
################################################################################################################################################
[ReportManager] Element Action [Type] successfully performed. With the following test data [SHAFT_Engine]. @09-09-2021 18:37:30.0258 PM
[ReportManager] Element Action [KeyPress] successfully performed. With the following test data [ENTER]. @09-09-2021 18:37:32.0003 PM
[ReportManager] Element Action [GetText] successfully performed. With the following test data [SHAFT_ENGINE is a Test Automation Engine that ... - GitHub]. @09-09-2021 18:37:32.0084 PM
[ReportManager] Loaded Shared OpenCV @09-09-2021 18:37:32.0262 PM
[ReportManager] Assertion Failed: Asserting that the correct first result is displayed @09-09-2021 18:37:32.0334 PM
[ReportManager] Successfully created attachment [Screenshot - 1631212652262_searchForQueryAndAssertFirstResultTextIsCorrect_ValidateElementAttribute_failed] @09-09-2021 18:37:32.0335 PM
[ReportManager] Assertion [ValidateElementAttribute] FAILED. Expected [Value Should be 'MohabMohie' for the 'Text' attribute, element locator 'By.xpath: (//h1[contains(text(),'Search Result')]/following-sibling::div//a/h3)[1]'] and Actual [SHAFT_ENGINE is a Test Automation Engine that ... - GitHub]. Comparison Type [CONTAINS]. Validation Type [POSITIVE]. @09-09-2021 18:37:32.0335 P
[ReportManager] Successfully created attachment [Selenium WebDriver Logs - server] @09-09-2021 18:37:32.0511 PM
[ReportManager] Successfully created attachment [Selenium WebDriver Logs - performance] @09-09-2021 18:37:32.0708 PM
[ReportManager] Successfully created attachment [Selenium WebDriver Logs - driver] @09-09-2021 18:37:32.0941 PM
[ReportManager] Browser Action [CloseCurrentWindow] successfully performed. @09-09-2021 18:37:33.0002 PM
[ReportManager] Successfully created attachment [Browser Action Test Data - CloseCurrentWindow - Actual Value] @09-09-2021 18:37:33.0006 P
[ReportManager] Successfully loaded the following test data file [src/test/resources/TestDataFiles/Google/SimpleSearch.xlsx]. @09-09-2021 18:37:33.0043 PM
[ReportManager] Successfully created attachment [Test Data - Excel] @09-09-2021 18:37:33.0043 P
[ReportManager] File Action [GetAbsolutePath] successfully performed. With the following test data [Relative Folder Path: "target/downloadedFiles/"]. @09-09-2021 18:37:33.0044 PM
[ReportManager] Attempting to run remotely on: [Linux-64], [GoogleChrome], [http://localhost:4444/wd/hub], Headless Execution. @09-09-2021 18:37:33.0044 PM
[ReportManager] Successfully Opened [GoogleChrome]. @09-09-2021 18:37:33.0314 PM
[ReportManager] Target URL: [https://www.google.com/ncr], and after redirection: [https://www.google.com] @09-09-2021 18:37:33.0331 PM
[ReportManager] Initial URL: [data:,] @09-09-2021 18:37:33.0400 PM
[ReportManager] Browser Action [NavigateToURL] successfully performed. With the following test data [https://www.google.com/ncr]. @09-09-2021 18:37:34.0239 P

################################################################################################################################################
Starting Execution:	[20 out of 23] test cases in the current suite
Test Method:		[tests.gui.google.D_Search_PageObjectModel_Traditional_DataDriven.navigateToGoogleHomeAndAssertGoogleLogoIsDisplayed]
################################################################################################################################################
[ReportManager] Element Action [IsElementDisplayed] successfully performed. @09-09-2021 18:37:34.0320 PM
[ReportManager] Assertion Passed: Asserting that the Google logo is displayed @09-09-2021 18:37:34.0321 PM
[ReportManager] Assertion [ValidateTrue] PASSED. Expected [TRUE] and Actual [TRUE]. Validation Type [POSITIVE]. @09-09-2021 18:37:34.0321 P
[ReportManager] Successfully created attachment [Selenium WebDriver Logs - server] @09-09-2021 18:37:34.0414 PM
[ReportManager] Successfully created attachment [Selenium WebDriver Logs - performance] @09-09-2021 18:37:34.0447 PM
[ReportManager] Successfully created attachment [Selenium WebDriver Logs - driver] @09-09-2021 18:37:34.0516 PM
[ReportManager] Browser Action [CloseCurrentWindow] successfully performed. @09-09-2021 18:37:34.0574 PM
[ReportManager] Successfully created attachment [Browser Action Test Data - CloseCurrentWindow - Actual Value] @09-09-2021 18:37:34.0575 P
[ReportManager] File Action [GetAbsolutePath] successfully performed. With the following test data [Relative Folder Path: "target/downloadedFiles/"]. @09-09-2021 18:37:34.0580 PM
[ReportManager] Attempting to run remotely on: [Linux-64], [GoogleChrome], [http://localhost:4444/wd/hub], Headless Execution. @09-09-2021 18:37:34.0580 PM
[ReportManager] Successfully Opened [GoogleChrome]. @09-09-2021 18:37:34.0788 PM
[ReportManager] Target URL: [https://www.google.com/ncr], and after redirection: [https://www.google.com] @09-09-2021 18:37:34.0800 PM
[ReportManager] Initial URL: [data:,] @09-09-2021 18:37:34.0843 PM
[ReportManager] Browser Action [NavigateToURL] successfully performed. With the following test data [https://www.google.com/ncr]. @09-09-2021 18:37:35.0671 P

################################################################################################################################################
Starting Execution:	[21 out of 23] test cases in the current suite
Test Method:		[tests.gui.google.D_Search_PageObjectModel_Traditional_DataDriven.navigateToGoogleHomeAndAssertPageTitle]
################################################################################################################################################
[ReportManager] Browser Action [GetCurrentWindowTitle] successfully performed. With the following test data [Google]. @09-09-2021 18:37:35.0708 PM
[ReportManager] Assertion Passed: Asserting that the page title is Google @09-09-2021 18:37:35.0708 PM
[ReportManager] Assertion [ValidateEquals] PASSED. Expected [Google] and Actual [Google]. Comparison Type [EQUALS]. Validation Type [POSITIVE]. @09-09-2021 18:37:35.0708 P
[ReportManager] Successfully created attachment [Selenium WebDriver Logs - server] @09-09-2021 18:37:35.0781 PM
[ReportManager] Successfully created attachment [Selenium WebDriver Logs - performance] @09-09-2021 18:37:35.0814 PM
[ReportManager] Successfully created attachment [Selenium WebDriver Logs - driver] @09-09-2021 18:37:35.0881 PM
[ReportManager] Browser Action [CloseCurrentWindow] successfully performed. @09-09-2021 18:37:35.0940 PM
[ReportManager] Successfully created attachment [Browser Action Test Data - CloseCurrentWindow - Actual Value] @09-09-2021 18:37:35.0941 P
[ReportManager] File Action [GetAbsolutePath] successfully performed. With the following test data [Relative Folder Path: "target/downloadedFiles/"]. @09-09-2021 18:37:35.0946 PM
[ReportManager] Attempting to run remotely on: [Linux-64], [GoogleChrome], [http://localhost:4444/wd/hub], Headless Execution. @09-09-2021 18:37:35.0947 PM
[ReportManager] Successfully Opened [GoogleChrome]. @09-09-2021 18:37:36.0179 PM
[ReportManager] Target URL: [https://www.google.com/ncr], and after redirection: [https://www.google.com] @09-09-2021 18:37:36.0191 PM
[ReportManager] Initial URL: [data:,] @09-09-2021 18:37:36.0237 PM
[ReportManager] Browser Action [NavigateToURL] successfully performed. With the following test data [https://www.google.com/ncr]. @09-09-2021 18:37:37.0050 P

################################################################################################################################################
Starting Execution:	[22 out of 23] test cases in the current suite
Test Method:		[tests.gui.google.D_Search_PageObjectModel_Traditional_DataDriven.searchForQueryAndAssertFirstResultTextIsCorrect]
################################################################################################################################################
[ReportManager] Element Action [Type] successfully performed. With the following test data [SHAFT_Engine]. @09-09-2021 18:37:37.0648 PM
[ReportManager] Element Action [KeyPress] successfully performed. With the following test data [ENTER]. @09-09-2021 18:37:39.0264 PM
[ReportManager] Element Action [GetText] successfully performed. With the following test data [SHAFT_ENGINE is a Test Automation Engine that ... - GitHub]. @09-09-2021 18:37:39.0349 PM
[ReportManager] Assertion Failed: Asserting that the correct first result is displayed @09-09-2021 18:37:39.0349 PM
[ReportManager] Assertion [ValidateEquals] FAILED. Expected [MohabMohie] and Actual [SHAFT_ENGINE is a Test Automation Engine that ... - GitHub]. Comparison Type [CONTAINS]. Validation Type [POSITIVE]. @09-09-2021 18:37:39.0349 P
[ReportManager] Successfully created attachment [Selenium WebDriver Logs - server] @09-09-2021 18:37:39.0525 PM
[ReportManager] Successfully created attachment [Selenium WebDriver Logs - performance] @09-09-2021 18:37:39.0685 PM
[ReportManager] Successfully created attachment [Selenium WebDriver Logs - driver] @09-09-2021 18:37:39.0882 PM
[ReportManager] Browser Action [CloseCurrentWindow] successfully performed. @09-09-2021 18:37:39.0941 PM
[ReportManager] Successfully created attachment [Browser Action Test Data - CloseCurrentWindow - Actual Value] @09-09-2021 18:37:39.0945 P

################################################################################################################################################
Starting Execution:	[23 out of 23] test cases in the current suite
Test Method:		[tests.cli.demo.cliTest.sampleTestCase]
################################################################################################################################################
[ReportManager] Attempting to perform the following command locally. Command: [ls] @09-09-2021 18:37:39.0953 PM
[ReportManager] Terminal Action [PerformTerminalCommands] successfully performed. With the following test data [Host Name: "localHost" | Command: "ls" | Exit Status: "0"]. @09-09-2021 18:37:39.0956 PM
[ReportManager] Successfully created attachment [Terminal Action Actual Result - Command Log] @09-09-2021 18:37:39.0956 PM
[ReportManager] Assertion Passed: Demoing local terminal actions @09-09-2021 18:37:39.0957 PM
[ReportManager] Assertion [ValidateEquals] PASSED. Expected [pom.xml] and Actual [LICENSE
README.md
allure-results
docker-compose_native.yml
docker-compose_zalenium.yml
extent-reports
pom.xml
src
target]. Comparison Type [CONTAINS]. Validation Type [POSITIVE]. @09-09-2021 18:37:39.0957 P

################################################################################################################################################
Test Closure Activities
################################################################################################################################################
[ReportManager] Successfully created attachment [SHAFT Engine Logs - Execution log] @09-09-2021 18:37:39.0975 PM

################################################################################################################################################
This test run was powered by SHAFT Engine Version: [SHAFT Engine v5.3.20210902]
SHAFT Engine is licensed under the MIT License: [https://github.com/MohabMohie/SHAFT_ENGINE/blob/master/LICENSE].
################################################################################################################################################