{
  "uid" : "1e3280e029ab4b0d",
  "name" : "navigateToGoogleHomeAndAssertGoogleLogoIsDisplayed",
  "fullName" : "tests.gui.google.A_Search_FlatTest_NativeSeleniumWebDriver.navigateToGoogleHomeAndAssertGoogleLogoIsDisplayed",
  "historyId" : "7431e87dda04bcbb04d2d3b07ce977e2",
  "time" : {
    "start" : 1633438186300,
    "stop" : 1633438186302,
    "duration" : 2
  },
  "status" : "skipped",
  "statusMessage" : "unknown error: Chrome failed to start: exited abnormally.\n  (unknown error: DevToolsActivePort file doesn't exist)\n  (The process started from chrome location /usr/bin/google-chrome is no longer running, so ChromeDriver is assuming that Chrome has crashed.)\nBuild info: version: '3.141.59', revision: 'e82be7d358', time: '2018-11-14T08:17:03'\nSystem info: host: 'fv-az204-242', ip: '10.1.0.19', os.name: 'Linux', os.arch: 'amd64', os.version: '5.8.0-1042-azure', java.version: '16.0.2'\nDriver info: driver.version: A_Search_FlatTest_NativeSeleniumWebDriver\nremote stacktrace: #0 0x5631eadac8f3 <unknown>\n#1 0x5631ea891ba8 <unknown>\n#2 0x5631ea8b4e33 <unknown>\n#3 0x5631ea8b09ef <unknown>\n#4 0x5631ea8ea995 <unknown>\n#5 0x5631ea8e4d63 <unknown>\n#6 0x5631ea8bb144 <unknown>\n#7 0x5631ea8bc135 <unknown>\n#8 0x5631eaddbc3e <unknown>\n#9 0x5631eadf16b7 <unknown>\n#10 0x5631eaddcb95 <unknown>\n#11 0x5631eadf2b05 <unknown>\n#12 0x5631eadd12ab <unknown>\n#13 0x5631eae0d248 <unknown>\n#14 0x5631eae0d3c8 <unknown>\n#15 0x5631eae2833d <unknown>\n#16 0x7f0daf98b609 start_thread\n",
  "statusTrace" : "org.openqa.selenium.WebDriverException: unknown error: Chrome failed to start: exited abnormally.\n  (unknown error: DevToolsActivePort file doesn't exist)\n  (The process started from chrome location /usr/bin/google-chrome is no longer running, so ChromeDriver is assuming that Chrome has crashed.)\nBuild info: version: '3.141.59', revision: 'e82be7d358', time: '2018-11-14T08:17:03'\nSystem info: host: 'fv-az204-242', ip: '10.1.0.19', os.name: 'Linux', os.arch: 'amd64', os.version: '5.8.0-1042-azure', java.version: '16.0.2'\nDriver info: driver.version: A_Search_FlatTest_NativeSeleniumWebDriver\nremote stacktrace: #0 0x5631eadac8f3 <unknown>\n#1 0x5631ea891ba8 <unknown>\n#2 0x5631ea8b4e33 <unknown>\n#3 0x5631ea8b09ef <unknown>\n#4 0x5631ea8ea995 <unknown>\n#5 0x5631ea8e4d63 <unknown>\n#6 0x5631ea8bb144 <unknown>\n#7 0x5631ea8bc135 <unknown>\n#8 0x5631eaddbc3e <unknown>\n#9 0x5631eadf16b7 <unknown>\n#10 0x5631eaddcb95 <unknown>\n#11 0x5631eadf2b05 <unknown>\n#12 0x5631eadd12ab <unknown>\n#13 0x5631eae0d248 <unknown>\n#14 0x5631eae0d3c8 <unknown>\n#15 0x5631eae2833d <unknown>\n#16 0x7f0daf98b609 start_thread\n\n\tat java.base/jdk.internal.reflect.NativeConstructorAccessorImpl.newInstance0(Native Method)\n\tat java.base/jdk.internal.reflect.NativeConstructorAccessorImpl.newInstance(NativeConstructorAccessorImpl.java:78)\n\tat java.base/jdk.internal.reflect.DelegatingConstructorAccessorImpl.newInstance(DelegatingConstructorAccessorImpl.java:45)\n\tat java.base/java.lang.reflect.Constructor.newInstanceWithCaller(Constructor.java:499)\n\tat java.base/java.lang.reflect.Constructor.newInstance(Constructor.java:480)\n\tat org.openqa.selenium.remote.W3CHandshakeResponse.lambda$errorHandler$0(W3CHandshakeResponse.java:62)\n\tat org.openqa.selenium.remote.HandshakeResponse.lambda$getResponseFunction$0(HandshakeResponse.java:30)\n\tat org.openqa.selenium.remote.ProtocolHandshake.lambda$createSession$0(ProtocolHandshake.java:126)\n\tat java.base/java.util.stream.ReferencePipeline$3$1.accept(ReferencePipeline.java:197)\n\tat java.base/java.util.Spliterators$ArraySpliterator.tryAdvance(Spliterators.java:958)\n\tat java.base/java.util.stream.ReferencePipeline.forEachWithCancel(ReferencePipeline.java:129)\n\tat java.base/java.util.stream.AbstractPipeline.copyIntoWithCancel(AbstractPipeline.java:502)\n\tat java.base/java.util.stream.AbstractPipeline.copyInto(AbstractPipeline.java:488)\n\tat java.base/java.util.stream.AbstractPipeline.wrapAndCopyInto(AbstractPipeline.java:474)\n\tat java.base/java.util.stream.FindOps$FindOp.evaluateSequential(FindOps.java:150)\n\tat java.base/java.util.stream.AbstractPipeline.evaluate(AbstractPipeline.java:234)\n\tat java.base/java.util.stream.ReferencePipeline.findFirst(ReferencePipeline.java:647)\n\tat org.openqa.selenium.remote.ProtocolHandshake.createSession(ProtocolHandshake.java:128)\n\tat org.openqa.selenium.remote.ProtocolHandshake.createSession(ProtocolHandshake.java:74)\n\tat org.openqa.selenium.remote.HttpCommandExecutor.execute(HttpCommandExecutor.java:136)\n\tat org.openqa.selenium.remote.service.DriverCommandExecutor.execute(DriverCommandExecutor.java:83)\n\tat org.openqa.selenium.remote.RemoteWebDriver.execute(RemoteWebDriver.java:552)\n\tat org.openqa.selenium.remote.RemoteWebDriver.startSession(RemoteWebDriver.java:213)\n\tat org.openqa.selenium.remote.RemoteWebDriver.<init>(RemoteWebDriver.java:131)\n\tat org.openqa.selenium.chrome.ChromeDriver.<init>(ChromeDriver.java:181)\n\tat org.openqa.selenium.chrome.ChromeDriver.<init>(ChromeDriver.java:168)\n\tat org.openqa.selenium.chrome.ChromeDriver.<init>(ChromeDriver.java:123)\n\tat tests.gui.google.A_Search_FlatTest_NativeSeleniumWebDriver.beforeMethod(A_Search_FlatTest_NativeSeleniumWebDriver.java:46)\n\tat java.base/jdk.internal.reflect.NativeMethodAccessorImpl.invoke0(Native Method)\n\tat java.base/jdk.internal.reflect.NativeMethodAccessorImpl.invoke(NativeMethodAccessorImpl.java:78)\n\tat java.base/jdk.internal.reflect.DelegatingMethodAccessorImpl.invoke(DelegatingMethodAccessorImpl.java:43)\n\tat java.base/java.lang.reflect.Method.invoke(Method.java:567)\n\tat org.testng.internal.MethodInvocationHelper.invokeMethod(MethodInvocationHelper.java:133)\n\tat org.testng.internal.MethodInvocationHelper.invokeMethodConsideringTimeout(MethodInvocationHelper.java:62)\n\tat org.testng.internal.ConfigInvoker.invokeConfigurationMethod(ConfigInvoker.java:385)\n\tat org.testng.internal.ConfigInvoker.invokeConfigurations(ConfigInvoker.java:321)\n\tat org.testng.internal.TestInvoker.runConfigMethods(TestInvoker.java:700)\n\tat org.testng.internal.TestInvoker.invokeMethod(TestInvoker.java:527)\n\tat org.testng.internal.TestInvoker.invokeTestMethod(TestInvoker.java:173)\n\tat org.testng.internal.MethodRunner.runInSequence(MethodRunner.java:46)\n\tat org.testng.internal.TestInvoker$MethodInvocationAgent.invoke(TestInvoker.java:824)\n\tat org.testng.internal.TestInvoker.invokeTestMethods(TestInvoker.java:146)\n\tat org.testng.internal.TestMethodWorker.invokeTestMethods(TestMethodWorker.java:146)\n\tat org.testng.internal.TestMethodWorker.run(TestMethodWorker.java:128)\n\tat java.base/java.util.ArrayList.forEach(ArrayList.java:1511)\n\tat org.testng.TestRunner.privateRun(TestRunner.java:794)\n\tat org.testng.TestRunner.run(TestRunner.java:596)\n\tat org.testng.SuiteRunner.runTest(SuiteRunner.java:377)\n\tat org.testng.SuiteRunner.runSequentially(SuiteRunner.java:371)\n\tat org.testng.SuiteRunner.privateRun(SuiteRunner.java:332)\n\tat org.testng.SuiteRunner.run(SuiteRunner.java:276)\n\tat org.testng.SuiteRunnerWorker.runSuite(SuiteRunnerWorker.java:53)\n\tat org.testng.SuiteRunnerWorker.run(SuiteRunnerWorker.java:96)\n\tat org.testng.TestNG.runSuitesSequentially(TestNG.java:1212)\n\tat org.testng.TestNG.runSuitesLocally(TestNG.java:1134)\n\tat org.testng.TestNG.runSuites(TestNG.java:1063)\n\tat org.testng.TestNG.run(TestNG.java:1031)\n\tat org.apache.maven.surefire.testng.TestNGExecutor.run(TestNGExecutor.java:136)\n\tat org.apache.maven.surefire.testng.TestNGDirectoryTestSuite.executeMulti(TestNGDirectoryTestSuite.java:193)\n\tat org.apache.maven.surefire.testng.TestNGDirectoryTestSuite.execute(TestNGDirectoryTestSuite.java:94)\n\tat org.apache.maven.surefire.testng.TestNGProvider.invoke(TestNGProvider.java:145)\n\tat org.apache.maven.surefire.booter.ForkedBooter.runSuitesInProcess(ForkedBooter.java:428)\n\tat org.apache.maven.surefire.booter.ForkedBooter.execute(ForkedBooter.java:162)\n\tat org.apache.maven.surefire.booter.ForkedBooter.run(ForkedBooter.java:562)\n\tat org.apache.maven.surefire.booter.ForkedBooter.main(ForkedBooter.java:548)\n",
  "flaky" : false,
  "newFailed" : false,
  "beforeStages" : [ {
    "name" : "beforeClass",
    "time" : {
      "start" : 1633438183860,
      "stop" : 1633438185563,
      "duration" : 1703
    },
    "description" : "",
    "status" : "passed",
    "steps" : [ ],
    "attachments" : [ ],
    "parameters" : [ ],
    "stepsCount" : 0,
    "attachmentsCount" : 0,
    "shouldDisplayMessage" : false,
    "hasContent" : false
  }, {
    "name" : "beforeMethod",
    "time" : {
      "start" : 1633438185564,
      "stop" : 1633438186286,
      "duration" : 722
    },
    "description" : "",
    "status" : "broken",
    "statusMessage" : "unknown error: Chrome failed to start: exited abnormally.\n  (unknown error: DevToolsActivePort file doesn't exist)\n  (The process started from chrome location /usr/bin/google-chrome is no longer running, so ChromeDriver is assuming that Chrome has crashed.)\nBuild info: version: '3.141.59', revision: 'e82be7d358', time: '2018-11-14T08:17:03'\nSystem info: host: 'fv-az204-242', ip: '10.1.0.19', os.name: 'Linux', os.arch: 'amd64', os.version: '5.8.0-1042-azure', java.version: '16.0.2'\nDriver info: driver.version: A_Search_FlatTest_NativeSeleniumWebDriver\nremote stacktrace: #0 0x5631eadac8f3 <unknown>\n#1 0x5631ea891ba8 <unknown>\n#2 0x5631ea8b4e33 <unknown>\n#3 0x5631ea8b09ef <unknown>\n#4 0x5631ea8ea995 <unknown>\n#5 0x5631ea8e4d63 <unknown>\n#6 0x5631ea8bb144 <unknown>\n#7 0x5631ea8bc135 <unknown>\n#8 0x5631eaddbc3e <unknown>\n#9 0x5631eadf16b7 <unknown>\n#10 0x5631eaddcb95 <unknown>\n#11 0x5631eadf2b05 <unknown>\n#12 0x5631eadd12ab <unknown>\n#13 0x5631eae0d248 <unknown>\n#14 0x5631eae0d3c8 <unknown>\n#15 0x5631eae2833d <unknown>\n#16 0x7f0daf98b609 start_thread\n",
    "statusTrace" : "org.openqa.selenium.WebDriverException: unknown error: Chrome failed to start: exited abnormally.\n  (unknown error: DevToolsActivePort file doesn't exist)\n  (The process started from chrome location /usr/bin/google-chrome is no longer running, so ChromeDriver is assuming that Chrome has crashed.)\nBuild info: version: '3.141.59', revision: 'e82be7d358', time: '2018-11-14T08:17:03'\nSystem info: host: 'fv-az204-242', ip: '10.1.0.19', os.name: 'Linux', os.arch: 'amd64', os.version: '5.8.0-1042-azure', java.version: '16.0.2'\nDriver info: driver.version: A_Search_FlatTest_NativeSeleniumWebDriver\nremote stacktrace: #0 0x5631eadac8f3 <unknown>\n#1 0x5631ea891ba8 <unknown>\n#2 0x5631ea8b4e33 <unknown>\n#3 0x5631ea8b09ef <unknown>\n#4 0x5631ea8ea995 <unknown>\n#5 0x5631ea8e4d63 <unknown>\n#6 0x5631ea8bb144 <unknown>\n#7 0x5631ea8bc135 <unknown>\n#8 0x5631eaddbc3e <unknown>\n#9 0x5631eadf16b7 <unknown>\n#10 0x5631eaddcb95 <unknown>\n#11 0x5631eadf2b05 <unknown>\n#12 0x5631eadd12ab <unknown>\n#13 0x5631eae0d248 <unknown>\n#14 0x5631eae0d3c8 <unknown>\n#15 0x5631eae2833d <unknown>\n#16 0x7f0daf98b609 start_thread\n\n\tat java.base/jdk.internal.reflect.NativeConstructorAccessorImpl.newInstance0(Native Method)\n\tat java.base/jdk.internal.reflect.NativeConstructorAccessorImpl.newInstance(NativeConstructorAccessorImpl.java:78)\n\tat java.base/jdk.internal.reflect.DelegatingConstructorAccessorImpl.newInstance(DelegatingConstructorAccessorImpl.java:45)\n\tat java.base/java.lang.reflect.Constructor.newInstanceWithCaller(Constructor.java:499)\n\tat java.base/java.lang.reflect.Constructor.newInstance(Constructor.java:480)\n\tat org.openqa.selenium.remote.W3CHandshakeResponse.lambda$errorHandler$0(W3CHandshakeResponse.java:62)\n\tat org.openqa.selenium.remote.HandshakeResponse.lambda$getResponseFunction$0(HandshakeResponse.java:30)\n\tat org.openqa.selenium.remote.ProtocolHandshake.lambda$createSession$0(ProtocolHandshake.java:126)\n\tat java.base/java.util.stream.ReferencePipeline$3$1.accept(ReferencePipeline.java:197)\n\tat java.base/java.util.Spliterators$ArraySpliterator.tryAdvance(Spliterators.java:958)\n\tat java.base/java.util.stream.ReferencePipeline.forEachWithCancel(ReferencePipeline.java:129)\n\tat java.base/java.util.stream.AbstractPipeline.copyIntoWithCancel(AbstractPipeline.java:502)\n\tat java.base/java.util.stream.AbstractPipeline.copyInto(AbstractPipeline.java:488)\n\tat java.base/java.util.stream.AbstractPipeline.wrapAndCopyInto(AbstractPipeline.java:474)\n\tat java.base/java.util.stream.FindOps$FindOp.evaluateSequential(FindOps.java:150)\n\tat java.base/java.util.stream.AbstractPipeline.evaluate(AbstractPipeline.java:234)\n\tat java.base/java.util.stream.ReferencePipeline.findFirst(ReferencePipeline.java:647)\n\tat org.openqa.selenium.remote.ProtocolHandshake.createSession(ProtocolHandshake.java:128)\n\tat org.openqa.selenium.remote.ProtocolHandshake.createSession(ProtocolHandshake.java:74)\n\tat org.openqa.selenium.remote.HttpCommandExecutor.execute(HttpCommandExecutor.java:136)\n\tat org.openqa.selenium.remote.service.DriverCommandExecutor.execute(DriverCommandExecutor.java:83)\n\tat org.openqa.selenium.remote.RemoteWebDriver.execute(RemoteWebDriver.java:552)\n\tat org.openqa.selenium.remote.RemoteWebDriver.startSession(RemoteWebDriver.java:213)\n\tat org.openqa.selenium.remote.RemoteWebDriver.<init>(RemoteWebDriver.java:131)\n\tat org.openqa.selenium.chrome.ChromeDriver.<init>(ChromeDriver.java:181)\n\tat org.openqa.selenium.chrome.ChromeDriver.<init>(ChromeDriver.java:168)\n\tat org.openqa.selenium.chrome.ChromeDriver.<init>(ChromeDriver.java:123)\n\tat tests.gui.google.A_Search_FlatTest_NativeSeleniumWebDriver.beforeMethod(A_Search_FlatTest_NativeSeleniumWebDriver.java:46)\n\tat java.base/jdk.internal.reflect.NativeMethodAccessorImpl.invoke0(Native Method)\n\tat java.base/jdk.internal.reflect.NativeMethodAccessorImpl.invoke(NativeMethodAccessorImpl.java:78)\n\tat java.base/jdk.internal.reflect.DelegatingMethodAccessorImpl.invoke(DelegatingMethodAccessorImpl.java:43)\n\tat java.base/java.lang.reflect.Method.invoke(Method.java:567)\n\tat org.testng.internal.MethodInvocationHelper.invokeMethod(MethodInvocationHelper.java:133)\n\tat org.testng.internal.MethodInvocationHelper.invokeMethodConsideringTimeout(MethodInvocationHelper.java:62)\n\tat org.testng.internal.ConfigInvoker.invokeConfigurationMethod(ConfigInvoker.java:385)\n\tat org.testng.internal.ConfigInvoker.invokeConfigurations(ConfigInvoker.java:321)\n\tat org.testng.internal.TestInvoker.runConfigMethods(TestInvoker.java:700)\n\tat org.testng.internal.TestInvoker.invokeMethod(TestInvoker.java:527)\n\tat org.testng.internal.TestInvoker.invokeTestMethod(TestInvoker.java:173)\n\tat org.testng.internal.MethodRunner.runInSequence(MethodRunner.java:46)\n\tat org.testng.internal.TestInvoker$MethodInvocationAgent.invoke(TestInvoker.java:824)\n\tat org.testng.internal.TestInvoker.invokeTestMethods(TestInvoker.java:146)\n\tat org.testng.internal.TestMethodWorker.invokeTestMethods(TestMethodWorker.java:146)\n\tat org.testng.internal.TestMethodWorker.run(TestMethodWorker.java:128)\n\tat java.base/java.util.ArrayList.forEach(ArrayList.java:1511)\n\tat org.testng.TestRunner.privateRun(TestRunner.java:794)\n\tat org.testng.TestRunner.run(TestRunner.java:596)\n\tat org.testng.SuiteRunner.runTest(SuiteRunner.java:377)\n\tat org.testng.SuiteRunner.runSequentially(SuiteRunner.java:371)\n\tat org.testng.SuiteRunner.privateRun(SuiteRunner.java:332)\n\tat org.testng.SuiteRunner.run(SuiteRunner.java:276)\n\tat org.testng.SuiteRunnerWorker.runSuite(SuiteRunnerWorker.java:53)\n\tat org.testng.SuiteRunnerWorker.run(SuiteRunnerWorker.java:96)\n\tat org.testng.TestNG.runSuitesSequentially(TestNG.java:1212)\n\tat org.testng.TestNG.runSuitesLocally(TestNG.java:1134)\n\tat org.testng.TestNG.runSuites(TestNG.java:1063)\n\tat org.testng.TestNG.run(TestNG.java:1031)\n\tat org.apache.maven.surefire.testng.TestNGExecutor.run(TestNGExecutor.java:136)\n\tat org.apache.maven.surefire.testng.TestNGDirectoryTestSuite.executeMulti(TestNGDirectoryTestSuite.java:193)\n\tat org.apache.maven.surefire.testng.TestNGDirectoryTestSuite.execute(TestNGDirectoryTestSuite.java:94)\n\tat org.apache.maven.surefire.testng.TestNGProvider.invoke(TestNGProvider.java:145)\n\tat org.apache.maven.surefire.booter.ForkedBooter.runSuitesInProcess(ForkedBooter.java:428)\n\tat org.apache.maven.surefire.booter.ForkedBooter.execute(ForkedBooter.java:162)\n\tat org.apache.maven.surefire.booter.ForkedBooter.run(ForkedBooter.java:562)\n\tat org.apache.maven.surefire.booter.ForkedBooter.main(ForkedBooter.java:548)\n",
    "steps" : [ ],
    "attachments" : [ ],
    "parameters" : [ ],
    "stepsCount" : 0,
    "attachmentsCount" : 0,
    "shouldDisplayMessage" : true,
    "hasContent" : true
  } ],
  "testStage" : {
    "status" : "skipped",
    "statusMessage" : "unknown error: Chrome failed to start: exited abnormally.\n  (unknown error: DevToolsActivePort file doesn't exist)\n  (The process started from chrome location /usr/bin/google-chrome is no longer running, so ChromeDriver is assuming that Chrome has crashed.)\nBuild info: version: '3.141.59', revision: 'e82be7d358', time: '2018-11-14T08:17:03'\nSystem info: host: 'fv-az204-242', ip: '10.1.0.19', os.name: 'Linux', os.arch: 'amd64', os.version: '5.8.0-1042-azure', java.version: '16.0.2'\nDriver info: driver.version: A_Search_FlatTest_NativeSeleniumWebDriver\nremote stacktrace: #0 0x5631eadac8f3 <unknown>\n#1 0x5631ea891ba8 <unknown>\n#2 0x5631ea8b4e33 <unknown>\n#3 0x5631ea8b09ef <unknown>\n#4 0x5631ea8ea995 <unknown>\n#5 0x5631ea8e4d63 <unknown>\n#6 0x5631ea8bb144 <unknown>\n#7 0x5631ea8bc135 <unknown>\n#8 0x5631eaddbc3e <unknown>\n#9 0x5631eadf16b7 <unknown>\n#10 0x5631eaddcb95 <unknown>\n#11 0x5631eadf2b05 <unknown>\n#12 0x5631eadd12ab <unknown>\n#13 0x5631eae0d248 <unknown>\n#14 0x5631eae0d3c8 <unknown>\n#15 0x5631eae2833d <unknown>\n#16 0x7f0daf98b609 start_thread\n",
    "statusTrace" : "org.openqa.selenium.WebDriverException: unknown error: Chrome failed to start: exited abnormally.\n  (unknown error: DevToolsActivePort file doesn't exist)\n  (The process started from chrome location /usr/bin/google-chrome is no longer running, so ChromeDriver is assuming that Chrome has crashed.)\nBuild info: version: '3.141.59', revision: 'e82be7d358', time: '2018-11-14T08:17:03'\nSystem info: host: 'fv-az204-242', ip: '10.1.0.19', os.name: 'Linux', os.arch: 'amd64', os.version: '5.8.0-1042-azure', java.version: '16.0.2'\nDriver info: driver.version: A_Search_FlatTest_NativeSeleniumWebDriver\nremote stacktrace: #0 0x5631eadac8f3 <unknown>\n#1 0x5631ea891ba8 <unknown>\n#2 0x5631ea8b4e33 <unknown>\n#3 0x5631ea8b09ef <unknown>\n#4 0x5631ea8ea995 <unknown>\n#5 0x5631ea8e4d63 <unknown>\n#6 0x5631ea8bb144 <unknown>\n#7 0x5631ea8bc135 <unknown>\n#8 0x5631eaddbc3e <unknown>\n#9 0x5631eadf16b7 <unknown>\n#10 0x5631eaddcb95 <unknown>\n#11 0x5631eadf2b05 <unknown>\n#12 0x5631eadd12ab <unknown>\n#13 0x5631eae0d248 <unknown>\n#14 0x5631eae0d3c8 <unknown>\n#15 0x5631eae2833d <unknown>\n#16 0x7f0daf98b609 start_thread\n\n\tat java.base/jdk.internal.reflect.NativeConstructorAccessorImpl.newInstance0(Native Method)\n\tat java.base/jdk.internal.reflect.NativeConstructorAccessorImpl.newInstance(NativeConstructorAccessorImpl.java:78)\n\tat java.base/jdk.internal.reflect.DelegatingConstructorAccessorImpl.newInstance(DelegatingConstructorAccessorImpl.java:45)\n\tat java.base/java.lang.reflect.Constructor.newInstanceWithCaller(Constructor.java:499)\n\tat java.base/java.lang.reflect.Constructor.newInstance(Constructor.java:480)\n\tat org.openqa.selenium.remote.W3CHandshakeResponse.lambda$errorHandler$0(W3CHandshakeResponse.java:62)\n\tat org.openqa.selenium.remote.HandshakeResponse.lambda$getResponseFunction$0(HandshakeResponse.java:30)\n\tat org.openqa.selenium.remote.ProtocolHandshake.lambda$createSession$0(ProtocolHandshake.java:126)\n\tat java.base/java.util.stream.ReferencePipeline$3$1.accept(ReferencePipeline.java:197)\n\tat java.base/java.util.Spliterators$ArraySpliterator.tryAdvance(Spliterators.java:958)\n\tat java.base/java.util.stream.ReferencePipeline.forEachWithCancel(ReferencePipeline.java:129)\n\tat java.base/java.util.stream.AbstractPipeline.copyIntoWithCancel(AbstractPipeline.java:502)\n\tat java.base/java.util.stream.AbstractPipeline.copyInto(AbstractPipeline.java:488)\n\tat java.base/java.util.stream.AbstractPipeline.wrapAndCopyInto(AbstractPipeline.java:474)\n\tat java.base/java.util.stream.FindOps$FindOp.evaluateSequential(FindOps.java:150)\n\tat java.base/java.util.stream.AbstractPipeline.evaluate(AbstractPipeline.java:234)\n\tat java.base/java.util.stream.ReferencePipeline.findFirst(ReferencePipeline.java:647)\n\tat org.openqa.selenium.remote.ProtocolHandshake.createSession(ProtocolHandshake.java:128)\n\tat org.openqa.selenium.remote.ProtocolHandshake.createSession(ProtocolHandshake.java:74)\n\tat org.openqa.selenium.remote.HttpCommandExecutor.execute(HttpCommandExecutor.java:136)\n\tat org.openqa.selenium.remote.service.DriverCommandExecutor.execute(DriverCommandExecutor.java:83)\n\tat org.openqa.selenium.remote.RemoteWebDriver.execute(RemoteWebDriver.java:552)\n\tat org.openqa.selenium.remote.RemoteWebDriver.startSession(RemoteWebDriver.java:213)\n\tat org.openqa.selenium.remote.RemoteWebDriver.<init>(RemoteWebDriver.java:131)\n\tat org.openqa.selenium.chrome.ChromeDriver.<init>(ChromeDriver.java:181)\n\tat org.openqa.selenium.chrome.ChromeDriver.<init>(ChromeDriver.java:168)\n\tat org.openqa.selenium.chrome.ChromeDriver.<init>(ChromeDriver.java:123)\n\tat tests.gui.google.A_Search_FlatTest_NativeSeleniumWebDriver.beforeMethod(A_Search_FlatTest_NativeSeleniumWebDriver.java:46)\n\tat java.base/jdk.internal.reflect.NativeMethodAccessorImpl.invoke0(Native Method)\n\tat java.base/jdk.internal.reflect.NativeMethodAccessorImpl.invoke(NativeMethodAccessorImpl.java:78)\n\tat java.base/jdk.internal.reflect.DelegatingMethodAccessorImpl.invoke(DelegatingMethodAccessorImpl.java:43)\n\tat java.base/java.lang.reflect.Method.invoke(Method.java:567)\n\tat org.testng.internal.MethodInvocationHelper.invokeMethod(MethodInvocationHelper.java:133)\n\tat org.testng.internal.MethodInvocationHelper.invokeMethodConsideringTimeout(MethodInvocationHelper.java:62)\n\tat org.testng.internal.ConfigInvoker.invokeConfigurationMethod(ConfigInvoker.java:385)\n\tat org.testng.internal.ConfigInvoker.invokeConfigurations(ConfigInvoker.java:321)\n\tat org.testng.internal.TestInvoker.runConfigMethods(TestInvoker.java:700)\n\tat org.testng.internal.TestInvoker.invokeMethod(TestInvoker.java:527)\n\tat org.testng.internal.TestInvoker.invokeTestMethod(TestInvoker.java:173)\n\tat org.testng.internal.MethodRunner.runInSequence(MethodRunner.java:46)\n\tat org.testng.internal.TestInvoker$MethodInvocationAgent.invoke(TestInvoker.java:824)\n\tat org.testng.internal.TestInvoker.invokeTestMethods(TestInvoker.java:146)\n\tat org.testng.internal.TestMethodWorker.invokeTestMethods(TestMethodWorker.java:146)\n\tat org.testng.internal.TestMethodWorker.run(TestMethodWorker.java:128)\n\tat java.base/java.util.ArrayList.forEach(ArrayList.java:1511)\n\tat org.testng.TestRunner.privateRun(TestRunner.java:794)\n\tat org.testng.TestRunner.run(TestRunner.java:596)\n\tat org.testng.SuiteRunner.runTest(SuiteRunner.java:377)\n\tat org.testng.SuiteRunner.runSequentially(SuiteRunner.java:371)\n\tat org.testng.SuiteRunner.privateRun(SuiteRunner.java:332)\n\tat org.testng.SuiteRunner.run(SuiteRunner.java:276)\n\tat org.testng.SuiteRunnerWorker.runSuite(SuiteRunnerWorker.java:53)\n\tat org.testng.SuiteRunnerWorker.run(SuiteRunnerWorker.java:96)\n\tat org.testng.TestNG.runSuitesSequentially(TestNG.java:1212)\n\tat org.testng.TestNG.runSuitesLocally(TestNG.java:1134)\n\tat org.testng.TestNG.runSuites(TestNG.java:1063)\n\tat org.testng.TestNG.run(TestNG.java:1031)\n\tat org.apache.maven.surefire.testng.TestNGExecutor.run(TestNGExecutor.java:136)\n\tat org.apache.maven.surefire.testng.TestNGDirectoryTestSuite.executeMulti(TestNGDirectoryTestSuite.java:193)\n\tat org.apache.maven.surefire.testng.TestNGDirectoryTestSuite.execute(TestNGDirectoryTestSuite.java:94)\n\tat org.apache.maven.surefire.testng.TestNGProvider.invoke(TestNGProvider.java:145)\n\tat org.apache.maven.surefire.booter.ForkedBooter.runSuitesInProcess(ForkedBooter.java:428)\n\tat org.apache.maven.surefire.booter.ForkedBooter.execute(ForkedBooter.java:162)\n\tat org.apache.maven.surefire.booter.ForkedBooter.run(ForkedBooter.java:562)\n\tat org.apache.maven.surefire.booter.ForkedBooter.main(ForkedBooter.java:548)\n",
    "steps" : [ ],
    "attachments" : [ {
      "uid" : "c1610d25b54a9695",
      "name" : "Attachment: SHAFT Engine Logs - Current Method log: navigateToGoogleHomeAndAssertGoogleLogoIsDisplayed",
      "source" : "c1610d25b54a9695.txt",
      "type" : "text/plain",
      "size" : 482
    } ],
    "parameters" : [ ],
    "stepsCount" : 0,
    "attachmentsCount" : 1,
    "shouldDisplayMessage" : true,
    "hasContent" : true
  },
  "afterStages" : [ {
    "name" : "afterMethod",
    "time" : {
      "start" : 1633438186303,
      "stop" : 1633438186303,
      "duration" : 0
    },
    "description" : "",
    "status" : "broken",
    "steps" : [ ],
    "attachments" : [ ],
    "parameters" : [ ],
    "stepsCount" : 0,
    "attachmentsCount" : 0,
    "shouldDisplayMessage" : false,
    "hasContent" : false
  }, {
    "name" : "closureActivities",
    "time" : {
      "start" : 1633438193911,
      "stop" : 1633438194101,
      "duration" : 190
    },
    "description" : "",
    "status" : "passed",
    "steps" : [ {
      "name" : "Successfully Closed All Drivers.",
      "time" : {
        "start" : 1633438193911,
        "stop" : 1633438193911,
        "duration" : 0
      },
      "status" : "passed",
      "steps" : [ ],
      "attachments" : [ ],
      "parameters" : [ {
        "name" : "actionCounter",
        "value" : "120"
      }, {
        "name" : "logText",
        "value" : "Successfully Closed All Drivers."
      } ],
      "stepsCount" : 0,
      "attachmentsCount" : 0,
      "shouldDisplayMessage" : false,
      "hasContent" : true
    }, {
      "name" : "Issue Summary: Total Issues = 6, New issues for Failed Tests = 6, Open issues for Passed Tests = 0, Open issues for Failed Tests = 0. Kindly check the attached Issue details.",
      "time" : {
        "start" : 1633438193921,
        "stop" : 1633438193921,
        "duration" : 0
      },
      "status" : "passed",
      "steps" : [ ],
      "attachments" : [ {
        "uid" : "bbc8e19e5371d150",
        "name" : "Attachment: SHAFT Engine Logs - Issues log CSV: 20211005-124953",
        "source" : "bbc8e19e5371d150.csv",
        "type" : "text/csv",
        "size" : 1075
      } ],
      "parameters" : [ {
        "name" : "actionCounter",
        "value" : "121"
      }, {
        "name" : "logText",
        "value" : "Issue Summary: Total Issues = 6, New issues for Failed Tests = 6, Open issues for Passed Tests = 0, Open issues for Failed Tests = 0. Kindly check the attached Issue details."
      }, {
        "name" : "attachments",
        "value" : "[[SHAFT Engine Logs, Issues log CSV: 20211005-124953, java.io.ByteArrayInputStream@43329de5]]"
      } ],
      "stepsCount" : 0,
      "attachmentsCount" : 1,
      "shouldDisplayMessage" : false,
      "hasContent" : true
    } ],
    "attachments" : [ {
      "uid" : "7001254b239634d7",
      "name" : "Attachment: SHAFT Engine Logs - Execution log: 20211005-124953",
      "source" : "7001254b239634d7.txt",
      "type" : "text/plain",
      "size" : 62376
    }, {
      "uid" : "62857e05ff8880ec",
      "name" : "Attachment: HTML - Extent Emailable Execution Report",
      "source" : "62857e05ff8880ec.html",
      "type" : "text/html",
      "size" : 1500802
    } ],
    "parameters" : [ ],
    "stepsCount" : 2,
    "attachmentsCount" : 3,
    "shouldDisplayMessage" : false,
    "hasContent" : true
  } ],
  "labels" : [ {
    "name" : "package",
    "value" : "tests.gui.google.A_Search_FlatTest_NativeSeleniumWebDriver"
  }, {
    "name" : "testClass",
    "value" : "tests.gui.google.A_Search_FlatTest_NativeSeleniumWebDriver"
  }, {
    "name" : "testMethod",
    "value" : "navigateToGoogleHomeAndAssertGoogleLogoIsDisplayed"
  }, {
    "name" : "parentSuite",
    "value" : "SHAFT: Custom Suite"
  }, {
    "name" : "suite",
    "value" : "SHAFT: Custom Test"
  }, {
    "name" : "subSuite",
    "value" : "tests.gui.google.A_Search_FlatTest_NativeSeleniumWebDriver"
  }, {
    "name" : "host",
    "value" : "fv-az204-242"
  }, {
    "name" : "thread",
    "value" : "3705@fv-az204-242.main(1)"
  }, {
    "name" : "framework",
    "value" : "testng"
  }, {
    "name" : "language",
    "value" : "java"
  }, {
    "name" : "resultFormat",
    "value" : "allure2"
  } ],
  "parameters" : [ ],
  "links" : [ ],
  "hidden" : false,
  "retry" : false,
  "extra" : {
    "severity" : "normal",
    "retries" : [ ],
    "categories" : [ ],
    "history" : {
      "statistic" : {
        "failed" : 0,
        "broken" : 0,
        "skipped" : 567,
        "passed" : 0,
        "unknown" : 0,
        "total" : 567
      },
      "items" : [ {
        "uid" : "1d6ae8be909bc7a3",
        "reportUrl" : "https://MohabMohie.github.io/using_SHAFT_ENGINE/allure/986//#testresult/1d6ae8be909bc7a3",
        "status" : "skipped",
        "statusDetails" : "unknown error: Chrome failed to start: exited abnormally.\n  (unknown error: DevToolsActivePort file doesn't exist)\n  (The process started from chrome location /usr/bin/google-chrome is no longer running, so ChromeDriver is assuming that Chrome has crashed.)\nBuild info: version: '3.141.59', revision: 'e82be7d358', time: '2018-11-14T08:17:03'\nSystem info: host: 'fv-az292-147', ip: '10.1.0.84', os.name: 'Linux', os.arch: 'amd64', os.version: '5.8.0-1042-azure', java.version: '16.0.2'\nDriver info: driver.version: A_Search_FlatTest_NativeSeleniumWebDriver\nremote stacktrace: #0 0x562fbdfc58f3 <unknown>\n#1 0x562fbdaaaba8 <unknown>\n#2 0x562fbdacde33 <unknown>\n#3 0x562fbdac99ef <unknown>\n#4 0x562fbdb03995 <unknown>\n#5 0x562fbdafdd63 <unknown>\n#6 0x562fbdad4144 <unknown>\n#7 0x562fbdad5135 <unknown>\n#8 0x562fbdff4c3e <unknown>\n#9 0x562fbe00a6b7 <unknown>\n#10 0x562fbdff5b95 <unknown>\n#11 0x562fbe00bb05 <unknown>\n#12 0x562fbdfea2ab <unknown>\n#13 0x562fbe026248 <unknown>\n#14 0x562fbe0263c8 <unknown>\n#15 0x562fbe04133d <unknown>\n#16 0x7fe1b29d4609 start_thread\n",
        "time" : {
          "start" : 1633415909246,
          "stop" : 1633415909247,
          "duration" : 1
        }
      }, {
        "uid" : "abd91c9c5c0aa5b1",
        "reportUrl" : "https://MohabMohie.github.io/using_SHAFT_ENGINE/allure/985//#testresult/abd91c9c5c0aa5b1",
        "status" : "skipped",
        "statusDetails" : "unknown error: Chrome failed to start: exited abnormally.\n  (unknown error: DevToolsActivePort file doesn't exist)\n  (The process started from chrome location /usr/bin/google-chrome is no longer running, so ChromeDriver is assuming that Chrome has crashed.)\nBuild info: version: '3.141.59', revision: 'e82be7d358', time: '2018-11-14T08:17:03'\nSystem info: host: 'fv-az204-242', ip: '10.1.0.101', os.name: 'Linux', os.arch: 'amd64', os.version: '5.8.0-1042-azure', java.version: '16.0.2'\nDriver info: driver.version: A_Search_FlatTest_NativeSeleniumWebDriver\nremote stacktrace: #0 0x55ef8af538f3 <unknown>\n#1 0x55ef8aa38ba8 <unknown>\n#2 0x55ef8aa5be33 <unknown>\n#3 0x55ef8aa579ef <unknown>\n#4 0x55ef8aa91995 <unknown>\n#5 0x55ef8aa8bd63 <unknown>\n#6 0x55ef8aa62144 <unknown>\n#7 0x55ef8aa63135 <unknown>\n#8 0x55ef8af82c3e <unknown>\n#9 0x55ef8af986b7 <unknown>\n#10 0x55ef8af83b95 <unknown>\n#11 0x55ef8af99b05 <unknown>\n#12 0x55ef8af782ab <unknown>\n#13 0x55ef8afb4248 <unknown>\n#14 0x55ef8afb43c8 <unknown>\n#15 0x55ef8afcf33d <unknown>\n#16 0x7f7111440609 start_thread\n",
        "time" : {
          "start" : 1633397482037,
          "stop" : 1633397482040,
          "duration" : 3
        }
      }, {
        "uid" : "2ed438b9c6646e05",
        "reportUrl" : "https://MohabMohie.github.io/using_SHAFT_ENGINE/allure/984//#testresult/2ed438b9c6646e05",
        "status" : "skipped",
        "statusDetails" : "unknown error: Chrome failed to start: exited abnormally.\n  (unknown error: DevToolsActivePort file doesn't exist)\n  (The process started from chrome location /usr/bin/google-chrome is no longer running, so ChromeDriver is assuming that Chrome has crashed.)\nBuild info: version: '3.141.59', revision: 'e82be7d358', time: '2018-11-14T08:17:03'\nSystem info: host: 'fv-az213-106', ip: '10.1.1.107', os.name: 'Linux', os.arch: 'amd64', os.version: '5.8.0-1042-azure', java.version: '16.0.2'\nDriver info: driver.version: A_Search_FlatTest_NativeSeleniumWebDriver\nremote stacktrace: #0 0x5605c9cb08f3 <unknown>\n#1 0x5605c9795ba8 <unknown>\n#2 0x5605c97b8e33 <unknown>\n#3 0x5605c97b49ef <unknown>\n#4 0x5605c97ee995 <unknown>\n#5 0x5605c97e8d63 <unknown>\n#6 0x5605c97bf144 <unknown>\n#7 0x5605c97c0135 <unknown>\n#8 0x5605c9cdfc3e <unknown>\n#9 0x5605c9cf56b7 <unknown>\n#10 0x5605c9ce0b95 <unknown>\n#11 0x5605c9cf6b05 <unknown>\n#12 0x5605c9cd52ab <unknown>\n#13 0x5605c9d11248 <unknown>\n#14 0x5605c9d113c8 <unknown>\n#15 0x5605c9d2c33d <unknown>\n#16 0x7f17a9d8e609 start_thread\n",
        "time" : {
          "start" : 1633372660847,
          "stop" : 1633372660848,
          "duration" : 1
        }
      }, {
        "uid" : "f7382c2b9baaed79",
        "reportUrl" : "https://MohabMohie.github.io/using_SHAFT_ENGINE/allure/983//#testresult/f7382c2b9baaed79",
        "status" : "skipped",
        "statusDetails" : "unknown error: Chrome failed to start: exited abnormally.\n  (unknown error: DevToolsActivePort file doesn't exist)\n  (The process started from chrome location /usr/bin/google-chrome is no longer running, so ChromeDriver is assuming that Chrome has crashed.)\nBuild info: version: '3.141.59', revision: 'e82be7d358', time: '2018-11-14T08:17:03'\nSystem info: host: 'fv-az204-242', ip: '10.1.1.109', os.name: 'Linux', os.arch: 'amd64', os.version: '5.8.0-1042-azure', java.version: '16.0.2'\nDriver info: driver.version: A_Search_FlatTest_NativeSeleniumWebDriver\nremote stacktrace: #0 0x55f1794a78f3 <unknown>\n#1 0x55f178f8cba8 <unknown>\n#2 0x55f178fafe33 <unknown>\n#3 0x55f178fab9ef <unknown>\n#4 0x55f178fe5995 <unknown>\n#5 0x55f178fdfd63 <unknown>\n#6 0x55f178fb6144 <unknown>\n#7 0x55f178fb7135 <unknown>\n#8 0x55f1794d6c3e <unknown>\n#9 0x55f1794ec6b7 <unknown>\n#10 0x55f1794d7b95 <unknown>\n#11 0x55f1794edb05 <unknown>\n#12 0x55f1794cc2ab <unknown>\n#13 0x55f179508248 <unknown>\n#14 0x55f1795083c8 <unknown>\n#15 0x55f17952333d <unknown>\n#16 0x7f83f8a5f609 start_thread\n",
        "time" : {
          "start" : 1633351729660,
          "stop" : 1633351729661,
          "duration" : 1
        }
      }, {
        "uid" : "8c303a83f9d6d547",
        "reportUrl" : "https://MohabMohie.github.io/using_SHAFT_ENGINE/allure/982//#testresult/8c303a83f9d6d547",
        "status" : "skipped",
        "statusDetails" : "unknown error: Chrome failed to start: exited abnormally.\n  (unknown error: DevToolsActivePort file doesn't exist)\n  (The process started from chrome location /usr/bin/google-chrome is no longer running, so ChromeDriver is assuming that Chrome has crashed.)\nBuild info: version: '3.141.59', revision: 'e82be7d358', time: '2018-11-14T08:17:03'\nSystem info: host: 'fv-az290-439', ip: '10.1.0.158', os.name: 'Linux', os.arch: 'amd64', os.version: '5.8.0-1042-azure', java.version: '16.0.2'\nDriver info: driver.version: A_Search_FlatTest_NativeSeleniumWebDriver\nremote stacktrace: #0 0x5559c98658f3 <unknown>\n#1 0x5559c934aba8 <unknown>\n#2 0x5559c936de33 <unknown>\n#3 0x5559c93699ef <unknown>\n#4 0x5559c93a3995 <unknown>\n#5 0x5559c939dd63 <unknown>\n#6 0x5559c9374144 <unknown>\n#7 0x5559c9375135 <unknown>\n#8 0x5559c9894c3e <unknown>\n#9 0x5559c98aa6b7 <unknown>\n#10 0x5559c9895b95 <unknown>\n#11 0x5559c98abb05 <unknown>\n#12 0x5559c988a2ab <unknown>\n#13 0x5559c98c6248 <unknown>\n#14 0x5559c98c63c8 <unknown>\n#15 0x5559c98e133d <unknown>\n#16 0x7fcc64a1f609 start_thread\n",
        "time" : {
          "start" : 1633329547794,
          "stop" : 1633329547796,
          "duration" : 2
        }
      }, {
        "uid" : "943f437a3cbaf191",
        "reportUrl" : "https://MohabMohie.github.io/using_SHAFT_ENGINE/allure/981//#testresult/943f437a3cbaf191",
        "status" : "skipped",
        "statusDetails" : "unknown error: Chrome failed to start: exited abnormally.\n  (unknown error: DevToolsActivePort file doesn't exist)\n  (The process started from chrome location /usr/bin/google-chrome is no longer running, so ChromeDriver is assuming that Chrome has crashed.)\nBuild info: version: '3.141.59', revision: 'e82be7d358', time: '2018-11-14T08:17:03'\nSystem info: host: 'fv-az154-6', ip: '10.1.0.117', os.name: 'Linux', os.arch: 'amd64', os.version: '5.8.0-1042-azure', java.version: '16.0.2'\nDriver info: driver.version: A_Search_FlatTest_NativeSeleniumWebDriver\nremote stacktrace: #0 0x55e92c1858f3 <unknown>\n#1 0x55e92bc6aba8 <unknown>\n#2 0x55e92bc8de33 <unknown>\n#3 0x55e92bc899ef <unknown>\n#4 0x55e92bcc3995 <unknown>\n#5 0x55e92bcbdd63 <unknown>\n#6 0x55e92bc94144 <unknown>\n#7 0x55e92bc95135 <unknown>\n#8 0x55e92c1b4c3e <unknown>\n#9 0x55e92c1ca6b7 <unknown>\n#10 0x55e92c1b5b95 <unknown>\n#11 0x55e92c1cbb05 <unknown>\n#12 0x55e92c1aa2ab <unknown>\n#13 0x55e92c1e6248 <unknown>\n#14 0x55e92c1e63c8 <unknown>\n#15 0x55e92c20133d <unknown>\n#16 0x7fd386ecf609 start_thread\n",
        "time" : {
          "start" : 1633311481126,
          "stop" : 1633311481127,
          "duration" : 1
        }
      }, {
        "uid" : "761ec82c99f8539c",
        "reportUrl" : "https://MohabMohie.github.io/using_SHAFT_ENGINE/allure/980//#testresult/761ec82c99f8539c",
        "status" : "skipped",
        "statusDetails" : "unknown error: Chrome failed to start: exited abnormally.\n  (unknown error: DevToolsActivePort file doesn't exist)\n  (The process started from chrome location /usr/bin/google-chrome is no longer running, so ChromeDriver is assuming that Chrome has crashed.)\nBuild info: version: '3.141.59', revision: 'e82be7d358', time: '2018-11-14T08:17:03'\nSystem info: host: 'fv-az292-147', ip: '10.1.0.98', os.name: 'Linux', os.arch: 'amd64', os.version: '5.8.0-1042-azure', java.version: '16.0.2'\nDriver info: driver.version: A_Search_FlatTest_NativeSeleniumWebDriver\nremote stacktrace: #0 0x55de019d08f3 <unknown>\n#1 0x55de014b5ba8 <unknown>\n#2 0x55de014d8e33 <unknown>\n#3 0x55de014d49ef <unknown>\n#4 0x55de0150e995 <unknown>\n#5 0x55de01508d63 <unknown>\n#6 0x55de014df144 <unknown>\n#7 0x55de014e0135 <unknown>\n#8 0x55de019ffc3e <unknown>\n#9 0x55de01a156b7 <unknown>\n#10 0x55de01a00b95 <unknown>\n#11 0x55de01a16b05 <unknown>\n#12 0x55de019f52ab <unknown>\n#13 0x55de01a31248 <unknown>\n#14 0x55de01a313c8 <unknown>\n#15 0x55de01a4c33d <unknown>\n#16 0x7f95418cf609 start_thread\n",
        "time" : {
          "start" : 1633286164604,
          "stop" : 1633286164605,
          "duration" : 1
        }
      }, {
        "uid" : "b59f5a7a3fd2ff1f",
        "reportUrl" : "https://MohabMohie.github.io/using_SHAFT_ENGINE/allure/979//#testresult/b59f5a7a3fd2ff1f",
        "status" : "skipped",
        "statusDetails" : "unknown error: Chrome failed to start: exited abnormally.\n  (unknown error: DevToolsActivePort file doesn't exist)\n  (The process started from chrome location /usr/bin/google-chrome is no longer running, so ChromeDriver is assuming that Chrome has crashed.)\nBuild info: version: '3.141.59', revision: 'e82be7d358', time: '2018-11-14T08:17:03'\nSystem info: host: 'fv-az201-902', ip: '10.1.0.155', os.name: 'Linux', os.arch: 'amd64', os.version: '5.8.0-1042-azure', java.version: '16.0.2'\nDriver info: driver.version: A_Search_FlatTest_NativeSeleniumWebDriver\nremote stacktrace: #0 0x559db6f028f3 <unknown>\n#1 0x559db69e7ba8 <unknown>\n#2 0x559db6a0ae33 <unknown>\n#3 0x559db6a069ef <unknown>\n#4 0x559db6a40995 <unknown>\n#5 0x559db6a3ad63 <unknown>\n#6 0x559db6a11144 <unknown>\n#7 0x559db6a12135 <unknown>\n#8 0x559db6f31c3e <unknown>\n#9 0x559db6f476b7 <unknown>\n#10 0x559db6f32b95 <unknown>\n#11 0x559db6f48b05 <unknown>\n#12 0x559db6f272ab <unknown>\n#13 0x559db6f63248 <unknown>\n#14 0x559db6f633c8 <unknown>\n#15 0x559db6f7e33d <unknown>\n#16 0x7f5f7938d609 start_thread\n",
        "time" : {
          "start" : 1633265260120,
          "stop" : 1633265260126,
          "duration" : 6
        }
      }, {
        "uid" : "261bbb0768fda5f7",
        "reportUrl" : "https://MohabMohie.github.io/using_SHAFT_ENGINE/allure/978//#testresult/261bbb0768fda5f7",
        "status" : "skipped",
        "statusDetails" : "unknown error: Chrome failed to start: exited abnormally.\n  (unknown error: DevToolsActivePort file doesn't exist)\n  (The process started from chrome location /usr/bin/google-chrome is no longer running, so ChromeDriver is assuming that Chrome has crashed.)\nBuild info: version: '3.141.59', revision: 'e82be7d358', time: '2018-11-14T08:17:03'\nSystem info: host: 'fv-az204-242', ip: '10.1.1.28', os.name: 'Linux', os.arch: 'amd64', os.version: '5.8.0-1042-azure', java.version: '16.0.2'\nDriver info: driver.version: A_Search_FlatTest_NativeSeleniumWebDriver\nremote stacktrace: #0 0x55fdfa69b8f3 <unknown>\n#1 0x55fdfa180ba8 <unknown>\n#2 0x55fdfa1a3e33 <unknown>\n#3 0x55fdfa19f9ef <unknown>\n#4 0x55fdfa1d9995 <unknown>\n#5 0x55fdfa1d3d63 <unknown>\n#6 0x55fdfa1aa144 <unknown>\n#7 0x55fdfa1ab135 <unknown>\n#8 0x55fdfa6cac3e <unknown>\n#9 0x55fdfa6e06b7 <unknown>\n#10 0x55fdfa6cbb95 <unknown>\n#11 0x55fdfa6e1b05 <unknown>\n#12 0x55fdfa6c02ab <unknown>\n#13 0x55fdfa6fc248 <unknown>\n#14 0x55fdfa6fc3c8 <unknown>\n#15 0x55fdfa71733d <unknown>\n#16 0x7faec7f6e609 start_thread\n",
        "time" : {
          "start" : 1633243072039,
          "stop" : 1633243072041,
          "duration" : 2
        }
      }, {
        "uid" : "7a366b1340b6ffd4",
        "reportUrl" : "https://MohabMohie.github.io/using_SHAFT_ENGINE/allure/977//#testresult/7a366b1340b6ffd4",
        "status" : "skipped",
        "statusDetails" : "unknown error: Chrome failed to start: exited abnormally.\n  (unknown error: DevToolsActivePort file doesn't exist)\n  (The process started from chrome location /usr/bin/google-chrome is no longer running, so ChromeDriver is assuming that Chrome has crashed.)\nBuild info: version: '3.141.59', revision: 'e82be7d358', time: '2018-11-14T08:17:03'\nSystem info: host: 'fv-az154-6', ip: '10.1.0.209', os.name: 'Linux', os.arch: 'amd64', os.version: '5.8.0-1042-azure', java.version: '16.0.2'\nDriver info: driver.version: A_Search_FlatTest_NativeSeleniumWebDriver\nremote stacktrace: #0 0x55da7f62e8f3 <unknown>\n#1 0x55da7f113ba8 <unknown>\n#2 0x55da7f136e33 <unknown>\n#3 0x55da7f1329ef <unknown>\n#4 0x55da7f16c995 <unknown>\n#5 0x55da7f166d63 <unknown>\n#6 0x55da7f13d144 <unknown>\n#7 0x55da7f13e135 <unknown>\n#8 0x55da7f65dc3e <unknown>\n#9 0x55da7f6736b7 <unknown>\n#10 0x55da7f65eb95 <unknown>\n#11 0x55da7f674b05 <unknown>\n#12 0x55da7f6532ab <unknown>\n#13 0x55da7f68f248 <unknown>\n#14 0x55da7f68f3c8 <unknown>\n#15 0x55da7f6aa33d <unknown>\n#16 0x7f60e23b2609 start_thread\n",
        "time" : {
          "start" : 1633224989125,
          "stop" : 1633224989129,
          "duration" : 4
        }
      }, {
        "uid" : "512863b23376bb3c",
        "reportUrl" : "https://MohabMohie.github.io/using_SHAFT_ENGINE/allure/976//#testresult/512863b23376bb3c",
        "status" : "skipped",
        "statusDetails" : "unknown error: Chrome failed to start: exited abnormally.\n  (unknown error: DevToolsActivePort file doesn't exist)\n  (The process started from chrome location /usr/bin/google-chrome is no longer running, so ChromeDriver is assuming that Chrome has crashed.)\nBuild info: version: '3.141.59', revision: 'e82be7d358', time: '2018-11-14T08:17:03'\nSystem info: host: 'fv-az201-902', ip: '10.1.0.220', os.name: 'Linux', os.arch: 'amd64', os.version: '5.8.0-1042-azure', java.version: '16.0.2'\nDriver info: driver.version: A_Search_FlatTest_NativeSeleniumWebDriver\nremote stacktrace: #0 0x55a1749d98f3 <unknown>\n#1 0x55a1744beba8 <unknown>\n#2 0x55a1744e1e33 <unknown>\n#3 0x55a1744dd9ef <unknown>\n#4 0x55a174517995 <unknown>\n#5 0x55a174511d63 <unknown>\n#6 0x55a1744e8144 <unknown>\n#7 0x55a1744e9135 <unknown>\n#8 0x55a174a08c3e <unknown>\n#9 0x55a174a1e6b7 <unknown>\n#10 0x55a174a09b95 <unknown>\n#11 0x55a174a1fb05 <unknown>\n#12 0x55a1749fe2ab <unknown>\n#13 0x55a174a3a248 <unknown>\n#14 0x55a174a3a3c8 <unknown>\n#15 0x55a174a5533d <unknown>\n#16 0x7fd5ec30b609 start_thread\n",
        "time" : {
          "start" : 1633199762028,
          "stop" : 1633199762030,
          "duration" : 2
        }
      }, {
        "uid" : "4f4985acd5bb929b",
        "reportUrl" : "https://MohabMohie.github.io/using_SHAFT_ENGINE/allure/975//#testresult/4f4985acd5bb929b",
        "status" : "skipped",
        "statusDetails" : "unknown error: Chrome failed to start: exited abnormally.\n  (unknown error: DevToolsActivePort file doesn't exist)\n  (The process started from chrome location /usr/bin/google-chrome is no longer running, so ChromeDriver is assuming that Chrome has crashed.)\nBuild info: version: '3.141.59', revision: 'e82be7d358', time: '2018-11-14T08:17:03'\nSystem info: host: 'fv-az292-147', ip: '10.1.0.35', os.name: 'Linux', os.arch: 'amd64', os.version: '5.8.0-1042-azure', java.version: '16.0.2'\nDriver info: driver.version: A_Search_FlatTest_NativeSeleniumWebDriver\nremote stacktrace: #0 0x558f72b738f3 <unknown>\n#1 0x558f72658ba8 <unknown>\n#2 0x558f7267be33 <unknown>\n#3 0x558f726779ef <unknown>\n#4 0x558f726b1995 <unknown>\n#5 0x558f726abd63 <unknown>\n#6 0x558f72682144 <unknown>\n#7 0x558f72683135 <unknown>\n#8 0x558f72ba2c3e <unknown>\n#9 0x558f72bb86b7 <unknown>\n#10 0x558f72ba3b95 <unknown>\n#11 0x558f72bb9b05 <unknown>\n#12 0x558f72b982ab <unknown>\n#13 0x558f72bd4248 <unknown>\n#14 0x558f72bd43c8 <unknown>\n#15 0x558f72bef33d <unknown>\n#16 0x7f7b41d1d609 start_thread\n",
        "time" : {
          "start" : 1633178873177,
          "stop" : 1633178873178,
          "duration" : 1
        }
      }, {
        "uid" : "7f94376bedb3685e",
        "reportUrl" : "https://MohabMohie.github.io/using_SHAFT_ENGINE/allure/974//#testresult/7f94376bedb3685e",
        "status" : "skipped",
        "statusDetails" : "unknown error: Chrome failed to start: exited abnormally.\n  (unknown error: DevToolsActivePort file doesn't exist)\n  (The process started from chrome location /usr/bin/google-chrome is no longer running, so ChromeDriver is assuming that Chrome has crashed.)\nBuild info: version: '3.141.59', revision: 'e82be7d358', time: '2018-11-14T08:17:03'\nSystem info: host: 'fv-az290-439', ip: '10.1.0.49', os.name: 'Linux', os.arch: 'amd64', os.version: '5.8.0-1042-azure', java.version: '16.0.2'\nDriver info: driver.version: A_Search_FlatTest_NativeSeleniumWebDriver\nremote stacktrace: #0 0x56017ee268f3 <unknown>\n#1 0x56017e90bba8 <unknown>\n#2 0x56017e92ee33 <unknown>\n#3 0x56017e92a9ef <unknown>\n#4 0x56017e964995 <unknown>\n#5 0x56017e95ed63 <unknown>\n#6 0x56017e935144 <unknown>\n#7 0x56017e936135 <unknown>\n#8 0x56017ee55c3e <unknown>\n#9 0x56017ee6b6b7 <unknown>\n#10 0x56017ee56b95 <unknown>\n#11 0x56017ee6cb05 <unknown>\n#12 0x56017ee4b2ab <unknown>\n#13 0x56017ee87248 <unknown>\n#14 0x56017ee873c8 <unknown>\n#15 0x56017eea233d <unknown>\n#16 0x7ff1d92e0609 start_thread\n",
        "time" : {
          "start" : 1633156803598,
          "stop" : 1633156803599,
          "duration" : 1
        }
      }, {
        "uid" : "910dea10ff3ed1e5",
        "reportUrl" : "https://MohabMohie.github.io/using_SHAFT_ENGINE/allure/973//#testresult/910dea10ff3ed1e5",
        "status" : "skipped",
        "statusDetails" : "unknown error: Chrome failed to start: exited abnormally.\n  (unknown error: DevToolsActivePort file doesn't exist)\n  (The process started from chrome location /usr/bin/google-chrome is no longer running, so ChromeDriver is assuming that Chrome has crashed.)\nBuild info: version: '3.141.59', revision: 'e82be7d358', time: '2018-11-14T08:17:03'\nSystem info: host: 'fv-az201-902', ip: '10.1.1.83', os.name: 'Linux', os.arch: 'amd64', os.version: '5.8.0-1042-azure', java.version: '16.0.2'\nDriver info: driver.version: A_Search_FlatTest_NativeSeleniumWebDriver\nremote stacktrace: #0 0x55606bb678f3 <unknown>\n#1 0x55606b64cba8 <unknown>\n#2 0x55606b66fe33 <unknown>\n#3 0x55606b66b9ef <unknown>\n#4 0x55606b6a5995 <unknown>\n#5 0x55606b69fd63 <unknown>\n#6 0x55606b676144 <unknown>\n#7 0x55606b677135 <unknown>\n#8 0x55606bb96c3e <unknown>\n#9 0x55606bbac6b7 <unknown>\n#10 0x55606bb97b95 <unknown>\n#11 0x55606bbadb05 <unknown>\n#12 0x55606bb8c2ab <unknown>\n#13 0x55606bbc8248 <unknown>\n#14 0x55606bbc83c8 <unknown>\n#15 0x55606bbe333d <unknown>\n#16 0x7f7864ad4609 start_thread\n",
        "time" : {
          "start" : 1633138365719,
          "stop" : 1633138365721,
          "duration" : 2
        }
      }, {
        "uid" : "7c7164138f8ee84f",
        "reportUrl" : "https://MohabMohie.github.io/using_SHAFT_ENGINE/allure/972//#testresult/7c7164138f8ee84f",
        "status" : "skipped",
        "statusDetails" : "unknown error: Chrome failed to start: exited abnormally.\n  (unknown error: DevToolsActivePort file doesn't exist)\n  (The process started from chrome location /usr/bin/google-chrome is no longer running, so ChromeDriver is assuming that Chrome has crashed.)\nBuild info: version: '3.141.59', revision: 'e82be7d358', time: '2018-11-14T08:17:03'\nSystem info: host: 'fv-az216-328', ip: '10.1.1.180', os.name: 'Linux', os.arch: 'amd64', os.version: '5.8.0-1042-azure', java.version: '16.0.2'\nDriver info: driver.version: A_Search_FlatTest_NativeSeleniumWebDriver\nremote stacktrace: #0 0x564548fd78f3 <unknown>\n#1 0x564548abcba8 <unknown>\n#2 0x564548adfe33 <unknown>\n#3 0x564548adb9ef <unknown>\n#4 0x564548b15995 <unknown>\n#5 0x564548b0fd63 <unknown>\n#6 0x564548ae6144 <unknown>\n#7 0x564548ae7135 <unknown>\n#8 0x564549006c3e <unknown>\n#9 0x56454901c6b7 <unknown>\n#10 0x564549007b95 <unknown>\n#11 0x56454901db05 <unknown>\n#12 0x564548ffc2ab <unknown>\n#13 0x564549038248 <unknown>\n#14 0x5645490383c8 <unknown>\n#15 0x56454905333d <unknown>\n#16 0x7f20fa863609 start_thread\n",
        "time" : {
          "start" : 1633113556352,
          "stop" : 1633113556358,
          "duration" : 6
        }
      }, {
        "uid" : "388376c0cac136c9",
        "reportUrl" : "https://MohabMohie.github.io/using_SHAFT_ENGINE/allure/971//#testresult/388376c0cac136c9",
        "status" : "skipped",
        "statusDetails" : "unknown error: Chrome failed to start: exited abnormally.\n  (unknown error: DevToolsActivePort file doesn't exist)\n  (The process started from chrome location /usr/bin/google-chrome is no longer running, so ChromeDriver is assuming that Chrome has crashed.)\nBuild info: version: '3.141.59', revision: 'e82be7d358', time: '2018-11-14T08:17:03'\nSystem info: host: 'fv-az292-147', ip: '10.1.0.5', os.name: 'Linux', os.arch: 'amd64', os.version: '5.8.0-1042-azure', java.version: '16.0.2'\nDriver info: driver.version: A_Search_FlatTest_NativeSeleniumWebDriver\nremote stacktrace: #0 0x5574680578f3 <unknown>\n#1 0x557467b3cba8 <unknown>\n#2 0x557467b5fe33 <unknown>\n#3 0x557467b5b9ef <unknown>\n#4 0x557467b95995 <unknown>\n#5 0x557467b8fd63 <unknown>\n#6 0x557467b66144 <unknown>\n#7 0x557467b67135 <unknown>\n#8 0x557468086c3e <unknown>\n#9 0x55746809c6b7 <unknown>\n#10 0x557468087b95 <unknown>\n#11 0x55746809db05 <unknown>\n#12 0x55746807c2ab <unknown>\n#13 0x5574680b8248 <unknown>\n#14 0x5574680b83c8 <unknown>\n#15 0x5574680d333d <unknown>\n#16 0x7ff0c2fd0609 start_thread\n",
        "time" : {
          "start" : 1633092716075,
          "stop" : 1633092716076,
          "duration" : 1
        }
      }, {
        "uid" : "5c6cd108a0ee1896",
        "reportUrl" : "https://MohabMohie.github.io/using_SHAFT_ENGINE/allure/970//#testresult/5c6cd108a0ee1896",
        "status" : "skipped",
        "statusDetails" : "unknown error: Chrome failed to start: exited abnormally.\n  (unknown error: DevToolsActivePort file doesn't exist)\n  (The process started from chrome location /usr/bin/google-chrome is no longer running, so ChromeDriver is assuming that Chrome has crashed.)\nBuild info: version: '3.141.59', revision: 'e82be7d358', time: '2018-11-14T08:17:03'\nSystem info: host: 'fv-az198-820', ip: '10.1.0.23', os.name: 'Linux', os.arch: 'amd64', os.version: '5.8.0-1042-azure', java.version: '16.0.2'\nDriver info: driver.version: A_Search_FlatTest_NativeSeleniumWebDriver\nremote stacktrace: #0 0x555ed18178f3 <unknown>\n#1 0x555ed12fcba8 <unknown>\n#2 0x555ed131fe33 <unknown>\n#3 0x555ed131b9ef <unknown>\n#4 0x555ed1355995 <unknown>\n#5 0x555ed134fd63 <unknown>\n#6 0x555ed1326144 <unknown>\n#7 0x555ed1327135 <unknown>\n#8 0x555ed1846c3e <unknown>\n#9 0x555ed185c6b7 <unknown>\n#10 0x555ed1847b95 <unknown>\n#11 0x555ed185db05 <unknown>\n#12 0x555ed183c2ab <unknown>\n#13 0x555ed1878248 <unknown>\n#14 0x555ed18783c8 <unknown>\n#15 0x555ed189333d <unknown>\n#16 0x7f9914228609 start_thread\n",
        "time" : {
          "start" : 1633070448239,
          "stop" : 1633070448240,
          "duration" : 1
        }
      }, {
        "uid" : "7a7d2658b2eae826",
        "reportUrl" : "https://MohabMohie.github.io/using_SHAFT_ENGINE/allure/969//#testresult/7a7d2658b2eae826",
        "status" : "skipped",
        "statusDetails" : "unknown error: Chrome failed to start: exited abnormally.\n  (unknown error: DevToolsActivePort file doesn't exist)\n  (The process started from chrome location /usr/bin/google-chrome is no longer running, so ChromeDriver is assuming that Chrome has crashed.)\nBuild info: version: '3.141.59', revision: 'e82be7d358', time: '2018-11-14T08:17:03'\nSystem info: host: 'fv-az216-328', ip: '10.1.0.212', os.name: 'Linux', os.arch: 'amd64', os.version: '5.8.0-1042-azure', java.version: '16.0.2'\nDriver info: driver.version: A_Search_FlatTest_NativeSeleniumWebDriver\nremote stacktrace: #0 0x5602142de8f3 <unknown>\n#1 0x560213dc3ba8 <unknown>\n#2 0x560213de6e33 <unknown>\n#3 0x560213de29ef <unknown>\n#4 0x560213e1c995 <unknown>\n#5 0x560213e16d63 <unknown>\n#6 0x560213ded144 <unknown>\n#7 0x560213dee135 <unknown>\n#8 0x56021430dc3e <unknown>\n#9 0x5602143236b7 <unknown>\n#10 0x56021430eb95 <unknown>\n#11 0x560214324b05 <unknown>\n#12 0x5602143032ab <unknown>\n#13 0x56021433f248 <unknown>\n#14 0x56021433f3c8 <unknown>\n#15 0x56021435a33d <unknown>\n#16 0x7feac1fd4609 start_thread\n",
        "time" : {
          "start" : 1633052344536,
          "stop" : 1633052344538,
          "duration" : 2
        }
      }, {
        "uid" : "74a64ddfc651d4c1",
        "reportUrl" : "https://MohabMohie.github.io/using_SHAFT_ENGINE/allure/967//#testresult/74a64ddfc651d4c1",
        "status" : "skipped",
        "statusDetails" : "unknown error: Chrome failed to start: exited abnormally.\n  (unknown error: DevToolsActivePort file doesn't exist)\n  (The process started from chrome location /usr/bin/google-chrome is no longer running, so ChromeDriver is assuming that Chrome has crashed.)\nBuild info: version: '3.141.59', revision: 'e82be7d358', time: '2018-11-14T08:17:03'\nSystem info: host: 'fv-az216-328', ip: '10.1.0.12', os.name: 'Linux', os.arch: 'amd64', os.version: '5.8.0-1042-azure', java.version: '16.0.2'\nDriver info: driver.version: A_Search_FlatTest_NativeSeleniumWebDriver\nremote stacktrace: #0 0x55beecfb88f3 <unknown>\n#1 0x55beeca9dba8 <unknown>\n#2 0x55beecac0e33 <unknown>\n#3 0x55beecabc9ef <unknown>\n#4 0x55beecaf6995 <unknown>\n#5 0x55beecaf0d63 <unknown>\n#6 0x55beecac7144 <unknown>\n#7 0x55beecac8135 <unknown>\n#8 0x55beecfe7c3e <unknown>\n#9 0x55beecffd6b7 <unknown>\n#10 0x55beecfe8b95 <unknown>\n#11 0x55beecffeb05 <unknown>\n#12 0x55beecfdd2ab <unknown>\n#13 0x55beed019248 <unknown>\n#14 0x55beed0193c8 <unknown>\n#15 0x55beed03433d <unknown>\n#16 0x7f0377d99609 start_thread\n",
        "time" : {
          "start" : 1633027064011,
          "stop" : 1633027064012,
          "duration" : 1
        }
      }, {
        "uid" : "b55fd6b609d902c1",
        "reportUrl" : "https://MohabMohie.github.io/using_SHAFT_ENGINE/allure/966//#testresult/b55fd6b609d902c1",
        "status" : "skipped",
        "statusDetails" : "unknown error: Chrome failed to start: exited abnormally.\n  (unknown error: DevToolsActivePort file doesn't exist)\n  (The process started from chrome location /usr/bin/google-chrome is no longer running, so ChromeDriver is assuming that Chrome has crashed.)\nBuild info: version: '3.141.59', revision: 'e82be7d358', time: '2018-11-14T08:17:03'\nSystem info: host: 'fv-az292-889', ip: '10.1.1.20', os.name: 'Linux', os.arch: 'amd64', os.version: '5.8.0-1042-azure', java.version: '16.0.2'\nDriver info: driver.version: A_Search_FlatTest_NativeSeleniumWebDriver\nremote stacktrace: #0 0x55e9349378f3 <unknown>\n#1 0x55e93441cba8 <unknown>\n#2 0x55e93443fe33 <unknown>\n#3 0x55e93443b9ef <unknown>\n#4 0x55e934475995 <unknown>\n#5 0x55e93446fd63 <unknown>\n#6 0x55e934446144 <unknown>\n#7 0x55e934447135 <unknown>\n#8 0x55e934966c3e <unknown>\n#9 0x55e93497c6b7 <unknown>\n#10 0x55e934967b95 <unknown>\n#11 0x55e93497db05 <unknown>\n#12 0x55e93495c2ab <unknown>\n#13 0x55e934998248 <unknown>\n#14 0x55e9349983c8 <unknown>\n#15 0x55e9349b333d <unknown>\n#16 0x7faf5e849609 start_thread\n",
        "time" : {
          "start" : 1633006213925,
          "stop" : 1633006213927,
          "duration" : 2
        }
      } ]
    },
    "tags" : [ ]
  },
  "source" : "1e3280e029ab4b0d.json",
  "parameterValues" : [ ]
}