################################################################################################################################################
Detected SHAFT Engine Version: [SHAFT Engine v6.1.20220113]
################################################################################################################################################

################################################################################################################################################
Starting Execution:	[1 out of 23] test cases in the current suite
Test Method:		[tests.api.users.UserData.validateUserEmail]
################################################################################################################################################
[ReportManager] Response status code: [200], status line: [HTTP/1.1 200 OK] @19-01-2022 01:29:38.0270 AM
[ReportManager] Assertion Passed: Evaluating the actual response status code against the expected one... @19-01-2022 01:29:38.0281 AM
[ReportManager] Assertion [ValidateComparativeRelation] PASSED. Expected [200] and Actual [200]. Comparison Type [EQUALS]. Validation Type [POSITIVE]. @19-01-2022 01:29:38.0285 AM
[ReportManager] API Action [PerformRequest] successfully performed. With the following test data [Request Type: "GET" | Target Status Code: "200" | Service URL: "https://jsonplaceholder.typicode.com/users" | Content Type: "*/*" | Response Time: "901ms"]. @19-01-2022 01:29:39.0361 AM
[ReportManager] Successfully created attachment [API Request - Specifications] @19-01-2022 01:29:39.0362 AM
[ReportManager] Successfully created attachment [API Response - JSON Body] @19-01-2022 01:29:39.0550 AM
[ReportManager] Assertion [ValidateEquals] PASSED. Expected and Actual values are attached. Comparison Type [CONTAINS]. Validation Type [POSITIVE]. @19-01-2022 01:29:39.0557 AM
[ReportManager] Successfully created attachment [Validation Test Data - Expected Value] @19-01-2022 01:29:39.0558 AM
[ReportManager] Successfully created attachment [Validation Test Data - Actual Value] @19-01-2022 01:29:39.0559 AM
[ReportManager] API Action [GetResponseJSONValueAsList] successfully performed. With the following test data [$]. @19-01-2022 01:29:39.0576 AM
[ReportManager] API Action [GetResponseJSONValue] successfully performed. With the following test data [name]. @19-01-2022 01:29:39.0600 AM
[ReportManager] API Action [GetResponseJSONValue] successfully performed. With the following test data [email]. @19-01-2022 01:29:39.0619 AM
[ReportManager] Assertion [ValidateEquals] PASSED. Expected [Sincere@april.biz] and Actual [Sincere@april.biz]. Comparison Type [EQUALS]. Validation Type [POSITIVE]. @19-01-2022 01:29:39.0619 AM
[ReportManager] API Action [GetResponseJSONValue] successfully performed. With the following test data [name]. @19-01-2022 01:29:39.0636 AM
[ReportManager] API Action [GetResponseJSONValue] successfully performed. With the following test data [name]. @19-01-2022 01:29:39.0656 AM
[ReportManager] API Action [GetResponseJSONValue] successfully performed. With the following test data [name]. @19-01-2022 01:29:39.0675 AM
[ReportManager] API Action [GetResponseJSONValue] successfully performed. With the following test data [name]. @19-01-2022 01:29:39.0699 AM
[ReportManager] API Action [GetResponseJSONValue] successfully performed. With the following test data [name]. @19-01-2022 01:29:39.0707 AM
[ReportManager] API Action [GetResponseJSONValue] successfully performed. With the following test data [name]. @19-01-2022 01:29:39.0734 AM
[ReportManager] API Action [GetResponseJSONValue] successfully performed. With the following test data [name]. @19-01-2022 01:29:39.0760 AM
[ReportManager] API Action [GetResponseJSONValue] successfully performed. With the following test data [name]. @19-01-2022 01:29:39.0773 AM
[ReportManager] API Action [GetResponseJSONValue] successfully performed. With the following test data [name]. @19-01-2022 01:29:39.0789 A

################################################################################################################################################
Starting Execution:	[2 out of 23] test cases in the current suite
Test Method:		[tests.cli.demo.cliTest.sampleTestCase]
################################################################################################################################################
[ReportManager] Attempting to perform the following command locally. Command: [ls] @19-01-2022 01:29:39.0891 AM
[ReportManager] Terminal Action [PerformTerminalCommands] successfully performed. With the following test data [Host Name: "localHost" | Command: "ls" | Exit Status: "0"]. @19-01-2022 01:29:39.0902 AM
[ReportManager] Successfully created attachment [Terminal Action Actual Result - Command Log] @19-01-2022 01:29:39.0903 AM
[ReportManager] Assertion Passed: Demoing local terminal actions @19-01-2022 01:29:39.0903 AM
[ReportManager] Assertion [ValidateEquals] PASSED. Expected [pom.xml] and Actual [LICENSE
README.md
allure-results
docker-compose_native.yml
docker-compose_zalenium.yml
extent-reports
pom.xml
readMeImgs
src
target]. Comparison Type [CONTAINS]. Validation Type [POSITIVE]. @19-01-2022 01:29:39.0903 A
[ReportManager] File Action [GetAbsolutePath] successfully performed. With the following test data [Relative Folder Path: "target/downloadedFiles/"]. @19-01-2022 01:29:39.0918 AM
[ReportManager] Attempting to run remotely on: [Linux-64], [GoogleChrome], [http://localhost:4444/wd/hub], Headless Execution. @19-01-2022 01:29:39.0935 AM
[ReportManager] Successfully Opened [GoogleChrome]. @19-01-2022 01:29:41.0676 AM
[ReportManager] Target URL: [https://www.google.com/ncr], and after redirection: [https://www.google.com] @19-01-2022 01:29:41.0686 AM
[ReportManager] Initial URL: [data:,] @19-01-2022 01:29:41.0810 AM
[ReportManager] Browser Action [NavigateToURL] successfully performed. With the following test data [https://www.google.com/ncr]. @19-01-2022 01:29:43.0107 A

################################################################################################################################################
Starting Execution:	[3 out of 23] test cases in the current suite
Test Method:		[tests.gui.google.B_Search_FlatTest_SHAFT.navigateToGoogleHomeAndAssertGoogleLogoIsDisplayed]
################################################################################################################################################
[ReportManager] File Action [DoesFileExist] successfully performed. With the following test data [File Path: "src/main/resources/dynamicObjectRepository/tests_gui_google_B_Search_FlatTest_SHAFT_navigateToGoogleHomeAndAssertGoogleLogoIsDisplayed_By_xpath_img_id_hplogo_or_alt_Google.png"]. @19-01-2022 01:29:43.0121 AM
[ReportManager] File Action [GetAbsolutePath] successfully performed. With the following test data [Relative Folder Path: "src/main/resources/dynamicObjectRepository/tests_gui_google_B_Search_FlatTest_SHAFT_navigateToGoogleHomeAndAssertGoogleLogoIsDisplayed_By_xpath_img_id_hplogo_or_alt_Google.png"]. @19-01-2022 01:29:43.0121 AM
[ReportManager] File Action [ReadFromImageFile] successfully performed. With the following test data [File Path: "/home/runner/work/using_SHAFT_ENGINE/using_SHAFT_ENGINE/src/main/resources/dynamicObjectRepository/tests_gui_google_B_Search_FlatTest_SHAFT_navigateToGoogleHomeAndAssertGoogleLogoIsDisplayed_By_xpath_img_id_hplogo_or_alt_Google.png"]. @19-01-2022 01:29:43.0128 AM
[ReportManager] File Action [DoesFileExist] successfully performed. With the following test data [File Path: "src/main/resources/dynamicObjectRepository/tests_gui_google_B_Search_FlatTest_SHAFT_navigateToGoogleHomeAndAssertGoogleLogoIsDisplayed_By_xpath_img_id_hplogo_or_alt_Google.png"]. @19-01-2022 01:29:43.0397 AM
[ReportManager] File Action [DoesFileExist] successfully performed. With the following test data [File Path: "src/main/resources/dynamicObjectRepository/tests_gui_google_B_Search_FlatTest_SHAFT_navigateToGoogleHomeAndAssertGoogleLogoIsDisplayed_By_xpath_img_id_hplogo_or_alt_Google.png"]. @19-01-2022 01:29:43.0397 AM
[ReportManager] File Action [GetAbsolutePath] successfully performed. With the following test data [Relative Folder Path: "src/main/resources/dynamicObjectRepository/tests_gui_google_B_Search_FlatTest_SHAFT_navigateToGoogleHomeAndAssertGoogleLogoIsDisplayed_By_xpath_img_id_hplogo_or_alt_Google.png"]. @19-01-2022 01:29:43.0415 AM
[ReportManager] File Action [ReadFromImageFile] successfully performed. With the following test data [File Path: "/home/runner/work/using_SHAFT_ENGINE/using_SHAFT_ENGINE/src/main/resources/dynamicObjectRepository/tests_gui_google_B_Search_FlatTest_SHAFT_navigateToGoogleHomeAndAssertGoogleLogoIsDisplayed_By_xpath_img_id_hplogo_or_alt_Google.png"]. @19-01-2022 01:29:43.0416 AM
[ReportManager] Accuracy threshold is [80.0%] and the actual match accuracy is [91.50802493095398%]. @19-01-2022 01:29:43.0420 AM
[ReportManager] Successfully identified the element using AI; OpenCV. @19-01-2022 01:29:43.0420 AM
[ReportManager] Assertion Passed: Asserting that the Google logo is displayed @19-01-2022 01:29:43.0421 AM
[ReportManager] Successfully created attachment [Validation Test Data - Reference Screenshot] @19-01-2022 01:29:43.0421 AM
[ReportManager] Successfully created attachment [Validation Test Data - Actual Screenshot] @19-01-2022 01:29:43.0422 AM
[ReportManager] Assertion [ValidateElementMatches] PASSED. Expected [Element should match the reference screenshot] and Actual [TRUE]. Comparison Type [EXACT_OPENCV]. Validation Type [POSITIVE]. @19-01-2022 01:29:43.0422 A
[ReportManager] Browser Action [CloseCurrentWindow] successfully performed. @19-01-2022 01:29:43.0568 AM
[ReportManager] Successfully created attachment [Browser Action Test Data - CloseCurrentWindow - Actual Value] @19-01-2022 01:29:43.0582 A
[ReportManager] File Action [GetAbsolutePath] successfully performed. With the following test data [Relative Folder Path: "target/downloadedFiles/"]. @19-01-2022 01:29:43.0598 AM
[ReportManager] Attempting to run remotely on: [Linux-64], [GoogleChrome], [http://localhost:4444/wd/hub], Headless Execution. @19-01-2022 01:29:43.0599 AM
[ReportManager] Successfully Opened [GoogleChrome]. @19-01-2022 01:29:44.0020 AM
[ReportManager] Target URL: [https://www.google.com/ncr], and after redirection: [https://www.google.com] @19-01-2022 01:29:44.0020 AM
[ReportManager] Initial URL: [data:,] @19-01-2022 01:29:44.0096 AM
[ReportManager] Browser Action [NavigateToURL] successfully performed. With the following test data [https://www.google.com/ncr]. @19-01-2022 01:29:45.0024 A

################################################################################################################################################
Starting Execution:	[4 out of 23] test cases in the current suite
Test Method:		[tests.gui.google.B_Search_FlatTest_SHAFT.navigateToGoogleHomeAndAssertPageTitle]
################################################################################################################################################
[ReportManager] Browser Action [GetCurrentWindowTitle] successfully performed. With the following test data [Google]. @19-01-2022 01:29:45.0102 AM
[ReportManager] Assertion Passed: Asserting that the page title is Google @19-01-2022 01:29:45.0722 AM
[ReportManager] Successfully created attachment [Screenshot - 1642555785315_navigateToGoogleHomeAndAssertPageTitle_ValidateBrowserAttribute_passed] @19-01-2022 01:29:45.0730 AM
[ReportManager] Assertion [ValidateBrowserAttribute] PASSED. Expected [Value Should be 'Google' for the 'Title' attribute] and Actual [Google]. Comparison Type [EQUALS]. Validation Type [POSITIVE]. @19-01-2022 01:29:45.0731 A
[ReportManager] Browser Action [CloseCurrentWindow] successfully performed. @19-01-2022 01:29:45.0871 AM
[ReportManager] Successfully created attachment [Browser Action Test Data - CloseCurrentWindow - Actual Value] @19-01-2022 01:29:45.0872 A
[ReportManager] File Action [GetAbsolutePath] successfully performed. With the following test data [Relative Folder Path: "target/downloadedFiles/"]. @19-01-2022 01:29:45.0885 AM
[ReportManager] Attempting to run remotely on: [Linux-64], [GoogleChrome], [http://localhost:4444/wd/hub], Headless Execution. @19-01-2022 01:29:45.0885 AM
[ReportManager] Successfully Opened [GoogleChrome]. @19-01-2022 01:29:46.0240 AM
[ReportManager] Target URL: [https://www.google.com/ncr], and after redirection: [https://www.google.com] @19-01-2022 01:29:46.0241 AM
[ReportManager] Initial URL: [data:,] @19-01-2022 01:29:46.0316 AM
[ReportManager] Browser Action [NavigateToURL] successfully performed. With the following test data [https://www.google.com/ncr]. @19-01-2022 01:29:47.0237 A

################################################################################################################################################
Starting Execution:	[5 out of 23] test cases in the current suite
Test Method:		[tests.gui.google.B_Search_FlatTest_SHAFT.searchForQueryAndAssertFirstResultTextIsCorrect]
################################################################################################################################################
[ReportManager] Element Action [Type] successfully performed. With the following test data [SHAFT_Engine]. @19-01-2022 01:29:47.0982 AM
[ReportManager] Element Action [KeyPress] successfully performed. With the following test data [ENTER]. @19-01-2022 01:29:49.0529 AM
[ReportManager] Element Action [GetText] successfully performed. With the following test data [SHAFT_ENGINE is a Test Automation Engine that ... - GitHub]. @19-01-2022 01:29:49.0689 AM
[ReportManager] Assertion Failed: Asserting that the correct first result is displayed @19-01-2022 01:29:50.0324 AM
[ReportManager] Successfully created attachment [Screenshot - 1642555790161_searchForQueryAndAssertFirstResultTextIsCorrect_ValidateElementAttribute_failed] @19-01-2022 01:29:50.0333 AM
[ReportManager] Assertion [ValidateElementAttribute] FAILED. Expected [Value Should be 'MohabMohie' for the 'Text' attribute, element locator 'By.xpath: (//h1[contains(text(),'Search Result')]/following-sibling::div//a/h3)[1]'] and Actual [SHAFT_ENGINE is a Test Automation Engine that ... - GitHub]. Comparison Type [CONTAINS]. Validation Type [POSITIVE]. @19-01-2022 01:29:50.0333 A
[ReportManager] Browser Action [CloseCurrentWindow] successfully performed. @19-01-2022 01:29:50.0591 AM
[ReportManager] Successfully created attachment [Browser Action Test Data - CloseCurrentWindow - Actual Value] @19-01-2022 01:29:50.0615 A
[ReportManager] An Exception Occured with this Message: src/test/resources/testDataFiles/Google/SimpleSearch.xlsx (No such file or directory). @19-01-2022 01:29:50.0630 AM
[ReportManager] Successfully created attachment [Exception Stack Trace - java.io.FileNotFoundException] @19-01-2022 01:29:50.0631 AM
[ReportManager] Couldn't find the desired file. [src/test/resources/testDataFiles/Google/SimpleSearch.xlsx]. @19-01-2022 01:29:50.0631 A


################################################################################################################################################
Starting Execution:	[6 out of 23] test cases in the current suite
Test Method:		[tests.gui.google.F_Search_PageObjectModel_Fluent.navigateToGoogleHomeAndAssertGoogleLogoIsDisplayed]
###############################################################################################################################################



################################################################################################################################################
Starting Execution:	[7 out of 23] test cases in the current suite
Test Method:		[tests.gui.google.F_Search_PageObjectModel_Fluent.navigateToGoogleHomeAndAssertPageTitle]
###############################################################################################################################################



################################################################################################################################################
Starting Execution:	[8 out of 23] test cases in the current suite
Test Method:		[tests.gui.google.F_Search_PageObjectModel_Fluent.searchForQueryAndAssertFirstResultTextIsCorrect]
###############################################################################################################################################

[ReportManager] File Action [GetAbsolutePath] successfully performed. With the following test data [Relative Folder Path: "target/downloadedFiles/"]. @19-01-2022 01:29:50.0668 AM
[ReportManager] Attempting to run remotely on: [Linux-64], [GoogleChrome], [http://localhost:4444/wd/hub], Headless Execution. @19-01-2022 01:29:50.0668 AM
[ReportManager] Successfully Opened [GoogleChrome]. @19-01-2022 01:29:51.0013 AM
[ReportManager] Target URL: [https://www.google.com/ncr], and after redirection: [https://www.google.com] @19-01-2022 01:29:51.0015 AM
[ReportManager] Initial URL: [data:,] @19-01-2022 01:29:51.0090 AM
[ReportManager] Browser Action [NavigateToURL] successfully performed. With the following test data [https://www.google.com/ncr]. @19-01-2022 01:29:51.0960 A

################################################################################################################################################
Starting Execution:	[9 out of 23] test cases in the current suite
Test Method:		[tests.gui.google.C_Search_PageObjectModel_Traditional.navigateToGoogleHomeAndAssertGoogleLogoIsDisplayed]
################################################################################################################################################
[ReportManager] Element Action [IsElementDisplayed] successfully performed. @19-01-2022 01:29:52.0089 AM
[ReportManager] Assertion Passed: Asserting that the Google logo is displayed @19-01-2022 01:29:52.0090 AM
[ReportManager] Assertion [ValidateTrue] PASSED. Expected [TRUE] and Actual [TRUE]. Validation Type [POSITIVE]. @19-01-2022 01:29:52.0090 A
[ReportManager] Browser Action [CloseCurrentWindow] successfully performed. @19-01-2022 01:29:52.0233 AM
[ReportManager] Successfully created attachment [Browser Action Test Data - CloseCurrentWindow - Actual Value] @19-01-2022 01:29:52.0234 A
[ReportManager] File Action [GetAbsolutePath] successfully performed. With the following test data [Relative Folder Path: "target/downloadedFiles/"]. @19-01-2022 01:29:52.0237 AM
[ReportManager] Attempting to run remotely on: [Linux-64], [GoogleChrome], [http://localhost:4444/wd/hub], Headless Execution. @19-01-2022 01:29:52.0237 AM
[ReportManager] Successfully Opened [GoogleChrome]. @19-01-2022 01:29:52.0443 AM
[ReportManager] Target URL: [https://www.google.com/ncr], and after redirection: [https://www.google.com] @19-01-2022 01:29:52.0443 AM
[ReportManager] Initial URL: [data:,] @19-01-2022 01:29:52.0505 AM
[ReportManager] Browser Action [NavigateToURL] successfully performed. With the following test data [https://www.google.com/ncr]. @19-01-2022 01:29:56.0051 A

################################################################################################################################################
Starting Execution:	[10 out of 23] test cases in the current suite
Test Method:		[tests.gui.google.C_Search_PageObjectModel_Traditional.navigateToGoogleHomeAndAssertPageTitle]
################################################################################################################################################
[ReportManager] Browser Action [GetCurrentWindowTitle] successfully performed. With the following test data [Google]. @19-01-2022 01:29:56.0105 AM
[ReportManager] Assertion Passed: Asserting that the page title is Google @19-01-2022 01:29:56.0106 AM
[ReportManager] Assertion [ValidateEquals] PASSED. Expected [Google] and Actual [Google]. Comparison Type [EQUALS]. Validation Type [POSITIVE]. @19-01-2022 01:29:56.0106 A
[ReportManager] Browser Action [CloseCurrentWindow] successfully performed. @19-01-2022 01:29:56.0238 AM
[ReportManager] Successfully created attachment [Browser Action Test Data - CloseCurrentWindow - Actual Value] @19-01-2022 01:29:56.0239 A
[ReportManager] File Action [GetAbsolutePath] successfully performed. With the following test data [Relative Folder Path: "target/downloadedFiles/"]. @19-01-2022 01:29:56.0253 AM
[ReportManager] Attempting to run remotely on: [Linux-64], [GoogleChrome], [http://localhost:4444/wd/hub], Headless Execution. @19-01-2022 01:29:56.0254 AM
[ReportManager] Successfully Opened [GoogleChrome]. @19-01-2022 01:29:56.0478 AM
[ReportManager] Target URL: [https://www.google.com/ncr], and after redirection: [https://www.google.com] @19-01-2022 01:29:56.0478 AM
[ReportManager] Initial URL: [data:,] @19-01-2022 01:29:56.0553 AM
[ReportManager] Browser Action [NavigateToURL] successfully performed. With the following test data [https://www.google.com/ncr]. @19-01-2022 01:29:57.0407 A

################################################################################################################################################
Starting Execution:	[11 out of 23] test cases in the current suite
Test Method:		[tests.gui.google.C_Search_PageObjectModel_Traditional.searchForQueryAndAssertFirstResultTextIsCorrect]
################################################################################################################################################
[ReportManager] Element Action [Type] successfully performed. With the following test data [SHAFT_Engine]. @19-01-2022 01:29:58.0096 AM
[ReportManager] Element Action [KeyPress] successfully performed. With the following test data [ENTER]. @19-01-2022 01:29:59.0416 AM
[ReportManager] Element Action [GetText] successfully performed. With the following test data [SHAFT_ENGINE is a Test Automation Engine that ... - GitHub]. @19-01-2022 01:29:59.0531 AM
[ReportManager] Assertion Failed: Asserting that the correct first result is displayed @19-01-2022 01:29:59.0531 AM
[ReportManager] Assertion [ValidateEquals] FAILED. Expected [MohabMohie] and Actual [SHAFT_ENGINE is a Test Automation Engine that ... - GitHub]. Comparison Type [CONTAINS]. Validation Type [POSITIVE]. @19-01-2022 01:29:59.0531 A
[ReportManager] Browser Action [CloseCurrentWindow] successfully performed. @19-01-2022 01:29:59.0775 AM
[ReportManager] Successfully created attachment [Browser Action Test Data - CloseCurrentWindow - Actual Value] @19-01-2022 01:29:59.0779 A
[ReportManager] An Exception Occured with this Message: src/test/resources/testDataFiles/Google/SimpleSearch.xlsx (No such file or directory). @19-01-2022 01:29:59.0788 AM
[ReportManager] Successfully created attachment [Exception Stack Trace - java.io.FileNotFoundException] @19-01-2022 01:29:59.0788 AM
[ReportManager] Couldn't find the desired file. [src/test/resources/testDataFiles/Google/SimpleSearch.xlsx]. @19-01-2022 01:29:59.0789 A


################################################################################################################################################
Starting Execution:	[12 out of 23] test cases in the current suite
Test Method:		[tests.gui.google.E_Search_PageObjectModel_Traditional_SHAFTAssertions.navigateToGoogleHomeAndAssertGoogleLogoIsDisplayed]
###############################################################################################################################################



################################################################################################################################################
Starting Execution:	[13 out of 23] test cases in the current suite
Test Method:		[tests.gui.google.E_Search_PageObjectModel_Traditional_SHAFTAssertions.navigateToGoogleHomeAndAssertPageTitle]
###############################################################################################################################################



################################################################################################################################################
Starting Execution:	[14 out of 23] test cases in the current suite
Test Method:		[tests.gui.google.E_Search_PageObjectModel_Traditional_SHAFTAssertions.searchForQueryAndAssertFirstResultTextIsCorrect]
###############################################################################################################################################

[ReportManager] An Exception Occured with this Message: src/test/resources/testDataFiles/Google/SimpleSearch.xlsx (No such file or directory). @19-01-2022 01:29:59.0824 AM
[ReportManager] Successfully created attachment [Exception Stack Trace - java.io.FileNotFoundException] @19-01-2022 01:29:59.0824 AM
[ReportManager] Couldn't find the desired file. [src/test/resources/testDataFiles/Google/SimpleSearch.xlsx]. @19-01-2022 01:29:59.0825 A


################################################################################################################################################
Starting Execution:	[15 out of 23] test cases in the current suite
Test Method:		[tests.gui.google.G_Search_PageObjectModel_ThreadSafe.navigateToGoogleHomeAndAssertGoogleLogoIsDisplayed]
###############################################################################################################################################



################################################################################################################################################
Starting Execution:	[16 out of 23] test cases in the current suite
Test Method:		[tests.gui.google.G_Search_PageObjectModel_ThreadSafe.navigateToGoogleHomeAndAssertPageTitle]
###############################################################################################################################################



################################################################################################################################################
Starting Execution:	[17 out of 23] test cases in the current suite
Test Method:		[tests.gui.google.G_Search_PageObjectModel_ThreadSafe.searchForQueryAndAssertFirstResultTextIsCorrect]
###############################################################################################################################################

[ReportManager] An Exception Occured with this Message: src/test/resources/testDataFiles/Google/SimpleSearch.xlsx (No such file or directory). @19-01-2022 01:29:59.0861 AM
[ReportManager] Successfully created attachment [Exception Stack Trace - java.io.FileNotFoundException] @19-01-2022 01:29:59.0861 AM
[ReportManager] Couldn't find the desired file. [src/test/resources/testDataFiles/Google/SimpleSearch.xlsx]. @19-01-2022 01:29:59.0862 A


################################################################################################################################################
Starting Execution:	[18 out of 23] test cases in the current suite
Test Method:		[tests.gui.google.D_Search_PageObjectModel_Traditional_DataDriven.navigateToGoogleHomeAndAssertGoogleLogoIsDisplayed]
###############################################################################################################################################



################################################################################################################################################
Starting Execution:	[19 out of 23] test cases in the current suite
Test Method:		[tests.gui.google.D_Search_PageObjectModel_Traditional_DataDriven.navigateToGoogleHomeAndAssertPageTitle]
###############################################################################################################################################



################################################################################################################################################
Starting Execution:	[20 out of 23] test cases in the current suite
Test Method:		[tests.gui.google.D_Search_PageObjectModel_Traditional_DataDriven.searchForQueryAndAssertFirstResultTextIsCorrect]
###############################################################################################################################################




################################################################################################################################################
Starting Execution:	[21 out of 23] test cases in the current suite
Test Method:		[tests.gui.google.A_Search_FlatTest_NativeSeleniumWebDriver.navigateToGoogleHomeAndAssertGoogleLogoIsDisplayed]
###############################################################################################################################################



################################################################################################################################################
Starting Execution:	[22 out of 23] test cases in the current suite
Test Method:		[tests.gui.google.A_Search_FlatTest_NativeSeleniumWebDriver.navigateToGoogleHomeAndAssertPageTitle]
###############################################################################################################################################



################################################################################################################################################
Starting Execution:	[23 out of 23] test cases in the current suite
Test Method:		[tests.gui.google.A_Search_FlatTest_NativeSeleniumWebDriver.searchForQueryAndAssertFirstResultTextIsCorrect]
###############################################################################################################################################

[ReportManager] Successfully created attachment [SHAFT Engine Logs - Execution log] @19-01-2022 01:30:18.0835 AM

################################################################################################################################################
This test run was powered by SHAFT Engine Version: [SHAFT Engine v6.1.20220113]
SHAFT Engine is licensed under the MIT License: [https://github.com/MohabMohie/SHAFT_ENGINE/blob/master/LICENSE].
################################################################################################################################################