{
  "uid" : "1bb2e8fdc42d2685",
  "name" : "navigateToGoogleHomeAndAssertPageTitle",
  "fullName" : "tests.gui.google.A_Search_FlatTest_NativeSeleniumWebDriver.navigateToGoogleHomeAndAssertPageTitle",
  "historyId" : "3155ca52a783560d494c8396495fcdec",
  "time" : {
    "start" : 1633092716080,
    "stop" : 1633092716081,
    "duration" : 1
  },
  "status" : "skipped",
  "statusMessage" : "unknown error: Chrome failed to start: exited abnormally.\n  (unknown error: DevToolsActivePort file doesn't exist)\n  (The process started from chrome location /usr/bin/google-chrome is no longer running, so ChromeDriver is assuming that Chrome has crashed.)\nBuild info: version: '3.141.59', revision: 'e82be7d358', time: '2018-11-14T08:17:03'\nSystem info: host: 'fv-az292-147', ip: '10.1.0.5', os.name: 'Linux', os.arch: 'amd64', os.version: '5.8.0-1042-azure', java.version: '16.0.2'\nDriver info: driver.version: A_Search_FlatTest_NativeSeleniumWebDriver\nremote stacktrace: #0 0x5574680578f3 <unknown>\n#1 0x557467b3cba8 <unknown>\n#2 0x557467b5fe33 <unknown>\n#3 0x557467b5b9ef <unknown>\n#4 0x557467b95995 <unknown>\n#5 0x557467b8fd63 <unknown>\n#6 0x557467b66144 <unknown>\n#7 0x557467b67135 <unknown>\n#8 0x557468086c3e <unknown>\n#9 0x55746809c6b7 <unknown>\n#10 0x557468087b95 <unknown>\n#11 0x55746809db05 <unknown>\n#12 0x55746807c2ab <unknown>\n#13 0x5574680b8248 <unknown>\n#14 0x5574680b83c8 <unknown>\n#15 0x5574680d333d <unknown>\n#16 0x7ff0c2fd0609 start_thread\n",
  "statusTrace" : "org.openqa.selenium.WebDriverException: unknown error: Chrome failed to start: exited abnormally.\n  (unknown error: DevToolsActivePort file doesn't exist)\n  (The process started from chrome location /usr/bin/google-chrome is no longer running, so ChromeDriver is assuming that Chrome has crashed.)\nBuild info: version: '3.141.59', revision: 'e82be7d358', time: '2018-11-14T08:17:03'\nSystem info: host: 'fv-az292-147', ip: '10.1.0.5', os.name: 'Linux', os.arch: 'amd64', os.version: '5.8.0-1042-azure', java.version: '16.0.2'\nDriver info: driver.version: A_Search_FlatTest_NativeSeleniumWebDriver\nremote stacktrace: #0 0x5574680578f3 <unknown>\n#1 0x557467b3cba8 <unknown>\n#2 0x557467b5fe33 <unknown>\n#3 0x557467b5b9ef <unknown>\n#4 0x557467b95995 <unknown>\n#5 0x557467b8fd63 <unknown>\n#6 0x557467b66144 <unknown>\n#7 0x557467b67135 <unknown>\n#8 0x557468086c3e <unknown>\n#9 0x55746809c6b7 <unknown>\n#10 0x557468087b95 <unknown>\n#11 0x55746809db05 <unknown>\n#12 0x55746807c2ab <unknown>\n#13 0x5574680b8248 <unknown>\n#14 0x5574680b83c8 <unknown>\n#15 0x5574680d333d <unknown>\n#16 0x7ff0c2fd0609 start_thread\n\n\tat java.base/jdk.internal.reflect.NativeConstructorAccessorImpl.newInstance0(Native Method)\n\tat java.base/jdk.internal.reflect.NativeConstructorAccessorImpl.newInstance(NativeConstructorAccessorImpl.java:78)\n\tat java.base/jdk.internal.reflect.DelegatingConstructorAccessorImpl.newInstance(DelegatingConstructorAccessorImpl.java:45)\n\tat java.base/java.lang.reflect.Constructor.newInstanceWithCaller(Constructor.java:499)\n\tat java.base/java.lang.reflect.Constructor.newInstance(Constructor.java:480)\n\tat org.openqa.selenium.remote.W3CHandshakeResponse.lambda$errorHandler$0(W3CHandshakeResponse.java:62)\n\tat org.openqa.selenium.remote.HandshakeResponse.lambda$getResponseFunction$0(HandshakeResponse.java:30)\n\tat org.openqa.selenium.remote.ProtocolHandshake.lambda$createSession$0(ProtocolHandshake.java:126)\n\tat java.base/java.util.stream.ReferencePipeline$3$1.accept(ReferencePipeline.java:197)\n\tat java.base/java.util.Spliterators$ArraySpliterator.tryAdvance(Spliterators.java:958)\n\tat java.base/java.util.stream.ReferencePipeline.forEachWithCancel(ReferencePipeline.java:129)\n\tat java.base/java.util.stream.AbstractPipeline.copyIntoWithCancel(AbstractPipeline.java:502)\n\tat java.base/java.util.stream.AbstractPipeline.copyInto(AbstractPipeline.java:488)\n\tat java.base/java.util.stream.AbstractPipeline.wrapAndCopyInto(AbstractPipeline.java:474)\n\tat java.base/java.util.stream.FindOps$FindOp.evaluateSequential(FindOps.java:150)\n\tat java.base/java.util.stream.AbstractPipeline.evaluate(AbstractPipeline.java:234)\n\tat java.base/java.util.stream.ReferencePipeline.findFirst(ReferencePipeline.java:647)\n\tat org.openqa.selenium.remote.ProtocolHandshake.createSession(ProtocolHandshake.java:128)\n\tat org.openqa.selenium.remote.ProtocolHandshake.createSession(ProtocolHandshake.java:74)\n\tat org.openqa.selenium.remote.HttpCommandExecutor.execute(HttpCommandExecutor.java:136)\n\tat org.openqa.selenium.remote.service.DriverCommandExecutor.execute(DriverCommandExecutor.java:83)\n\tat org.openqa.selenium.remote.RemoteWebDriver.execute(RemoteWebDriver.java:552)\n\tat org.openqa.selenium.remote.RemoteWebDriver.startSession(RemoteWebDriver.java:213)\n\tat org.openqa.selenium.remote.RemoteWebDriver.<init>(RemoteWebDriver.java:131)\n\tat org.openqa.selenium.chrome.ChromeDriver.<init>(ChromeDriver.java:181)\n\tat org.openqa.selenium.chrome.ChromeDriver.<init>(ChromeDriver.java:168)\n\tat org.openqa.selenium.chrome.ChromeDriver.<init>(ChromeDriver.java:123)\n\tat tests.gui.google.A_Search_FlatTest_NativeSeleniumWebDriver.beforeMethod(A_Search_FlatTest_NativeSeleniumWebDriver.java:46)\n\tat java.base/jdk.internal.reflect.NativeMethodAccessorImpl.invoke0(Native Method)\n\tat java.base/jdk.internal.reflect.NativeMethodAccessorImpl.invoke(NativeMethodAccessorImpl.java:78)\n\tat java.base/jdk.internal.reflect.DelegatingMethodAccessorImpl.invoke(DelegatingMethodAccessorImpl.java:43)\n\tat java.base/java.lang.reflect.Method.invoke(Method.java:567)\n\tat org.testng.internal.MethodInvocationHelper.invokeMethod(MethodInvocationHelper.java:133)\n\tat org.testng.internal.MethodInvocationHelper.invokeMethodConsideringTimeout(MethodInvocationHelper.java:62)\n\tat org.testng.internal.ConfigInvoker.invokeConfigurationMethod(ConfigInvoker.java:385)\n\tat org.testng.internal.ConfigInvoker.invokeConfigurations(ConfigInvoker.java:321)\n\tat org.testng.internal.TestInvoker.runConfigMethods(TestInvoker.java:700)\n\tat org.testng.internal.TestInvoker.invokeMethod(TestInvoker.java:527)\n\tat org.testng.internal.TestInvoker.invokeTestMethod(TestInvoker.java:173)\n\tat org.testng.internal.MethodRunner.runInSequence(MethodRunner.java:46)\n\tat org.testng.internal.TestInvoker$MethodInvocationAgent.invoke(TestInvoker.java:824)\n\tat org.testng.internal.TestInvoker.invokeTestMethods(TestInvoker.java:146)\n\tat org.testng.internal.TestMethodWorker.invokeTestMethods(TestMethodWorker.java:146)\n\tat org.testng.internal.TestMethodWorker.run(TestMethodWorker.java:128)\n\tat java.base/java.util.ArrayList.forEach(ArrayList.java:1511)\n\tat org.testng.TestRunner.privateRun(TestRunner.java:794)\n\tat org.testng.TestRunner.run(TestRunner.java:596)\n\tat org.testng.SuiteRunner.runTest(SuiteRunner.java:377)\n\tat org.testng.SuiteRunner.runSequentially(SuiteRunner.java:371)\n\tat org.testng.SuiteRunner.privateRun(SuiteRunner.java:332)\n\tat org.testng.SuiteRunner.run(SuiteRunner.java:276)\n\tat org.testng.SuiteRunnerWorker.runSuite(SuiteRunnerWorker.java:53)\n\tat org.testng.SuiteRunnerWorker.run(SuiteRunnerWorker.java:96)\n\tat org.testng.TestNG.runSuitesSequentially(TestNG.java:1212)\n\tat org.testng.TestNG.runSuitesLocally(TestNG.java:1134)\n\tat org.testng.TestNG.runSuites(TestNG.java:1063)\n\tat org.testng.TestNG.run(TestNG.java:1031)\n\tat org.apache.maven.surefire.testng.TestNGExecutor.run(TestNGExecutor.java:136)\n\tat org.apache.maven.surefire.testng.TestNGDirectoryTestSuite.executeMulti(TestNGDirectoryTestSuite.java:193)\n\tat org.apache.maven.surefire.testng.TestNGDirectoryTestSuite.execute(TestNGDirectoryTestSuite.java:94)\n\tat org.apache.maven.surefire.testng.TestNGProvider.invoke(TestNGProvider.java:145)\n\tat org.apache.maven.surefire.booter.ForkedBooter.runSuitesInProcess(ForkedBooter.java:428)\n\tat org.apache.maven.surefire.booter.ForkedBooter.execute(ForkedBooter.java:162)\n\tat org.apache.maven.surefire.booter.ForkedBooter.run(ForkedBooter.java:562)\n\tat org.apache.maven.surefire.booter.ForkedBooter.main(ForkedBooter.java:548)\n",
  "flaky" : false,
  "newFailed" : false,
  "beforeStages" : [ {
    "name" : "beforeMethod",
    "time" : {
      "start" : 1633092716078,
      "stop" : 1633092716078,
      "duration" : 0
    },
    "description" : "",
    "status" : "broken",
    "steps" : [ ],
    "attachments" : [ ],
    "parameters" : [ ],
    "stepsCount" : 0,
    "attachmentsCount" : 0,
    "shouldDisplayMessage" : false,
    "hasContent" : false
  }, {
    "name" : "beforeClass",
    "time" : {
      "start" : 1633092713924,
      "stop" : 1633092715678,
      "duration" : 1754
    },
    "description" : "",
    "status" : "passed",
    "steps" : [ ],
    "attachments" : [ ],
    "parameters" : [ ],
    "stepsCount" : 0,
    "attachmentsCount" : 0,
    "shouldDisplayMessage" : false,
    "hasContent" : false
  } ],
  "testStage" : {
    "status" : "skipped",
    "statusMessage" : "unknown error: Chrome failed to start: exited abnormally.\n  (unknown error: DevToolsActivePort file doesn't exist)\n  (The process started from chrome location /usr/bin/google-chrome is no longer running, so ChromeDriver is assuming that Chrome has crashed.)\nBuild info: version: '3.141.59', revision: 'e82be7d358', time: '2018-11-14T08:17:03'\nSystem info: host: 'fv-az292-147', ip: '10.1.0.5', os.name: 'Linux', os.arch: 'amd64', os.version: '5.8.0-1042-azure', java.version: '16.0.2'\nDriver info: driver.version: A_Search_FlatTest_NativeSeleniumWebDriver\nremote stacktrace: #0 0x5574680578f3 <unknown>\n#1 0x557467b3cba8 <unknown>\n#2 0x557467b5fe33 <unknown>\n#3 0x557467b5b9ef <unknown>\n#4 0x557467b95995 <unknown>\n#5 0x557467b8fd63 <unknown>\n#6 0x557467b66144 <unknown>\n#7 0x557467b67135 <unknown>\n#8 0x557468086c3e <unknown>\n#9 0x55746809c6b7 <unknown>\n#10 0x557468087b95 <unknown>\n#11 0x55746809db05 <unknown>\n#12 0x55746807c2ab <unknown>\n#13 0x5574680b8248 <unknown>\n#14 0x5574680b83c8 <unknown>\n#15 0x5574680d333d <unknown>\n#16 0x7ff0c2fd0609 start_thread\n",
    "statusTrace" : "org.openqa.selenium.WebDriverException: unknown error: Chrome failed to start: exited abnormally.\n  (unknown error: DevToolsActivePort file doesn't exist)\n  (The process started from chrome location /usr/bin/google-chrome is no longer running, so ChromeDriver is assuming that Chrome has crashed.)\nBuild info: version: '3.141.59', revision: 'e82be7d358', time: '2018-11-14T08:17:03'\nSystem info: host: 'fv-az292-147', ip: '10.1.0.5', os.name: 'Linux', os.arch: 'amd64', os.version: '5.8.0-1042-azure', java.version: '16.0.2'\nDriver info: driver.version: A_Search_FlatTest_NativeSeleniumWebDriver\nremote stacktrace: #0 0x5574680578f3 <unknown>\n#1 0x557467b3cba8 <unknown>\n#2 0x557467b5fe33 <unknown>\n#3 0x557467b5b9ef <unknown>\n#4 0x557467b95995 <unknown>\n#5 0x557467b8fd63 <unknown>\n#6 0x557467b66144 <unknown>\n#7 0x557467b67135 <unknown>\n#8 0x557468086c3e <unknown>\n#9 0x55746809c6b7 <unknown>\n#10 0x557468087b95 <unknown>\n#11 0x55746809db05 <unknown>\n#12 0x55746807c2ab <unknown>\n#13 0x5574680b8248 <unknown>\n#14 0x5574680b83c8 <unknown>\n#15 0x5574680d333d <unknown>\n#16 0x7ff0c2fd0609 start_thread\n\n\tat java.base/jdk.internal.reflect.NativeConstructorAccessorImpl.newInstance0(Native Method)\n\tat java.base/jdk.internal.reflect.NativeConstructorAccessorImpl.newInstance(NativeConstructorAccessorImpl.java:78)\n\tat java.base/jdk.internal.reflect.DelegatingConstructorAccessorImpl.newInstance(DelegatingConstructorAccessorImpl.java:45)\n\tat java.base/java.lang.reflect.Constructor.newInstanceWithCaller(Constructor.java:499)\n\tat java.base/java.lang.reflect.Constructor.newInstance(Constructor.java:480)\n\tat org.openqa.selenium.remote.W3CHandshakeResponse.lambda$errorHandler$0(W3CHandshakeResponse.java:62)\n\tat org.openqa.selenium.remote.HandshakeResponse.lambda$getResponseFunction$0(HandshakeResponse.java:30)\n\tat org.openqa.selenium.remote.ProtocolHandshake.lambda$createSession$0(ProtocolHandshake.java:126)\n\tat java.base/java.util.stream.ReferencePipeline$3$1.accept(ReferencePipeline.java:197)\n\tat java.base/java.util.Spliterators$ArraySpliterator.tryAdvance(Spliterators.java:958)\n\tat java.base/java.util.stream.ReferencePipeline.forEachWithCancel(ReferencePipeline.java:129)\n\tat java.base/java.util.stream.AbstractPipeline.copyIntoWithCancel(AbstractPipeline.java:502)\n\tat java.base/java.util.stream.AbstractPipeline.copyInto(AbstractPipeline.java:488)\n\tat java.base/java.util.stream.AbstractPipeline.wrapAndCopyInto(AbstractPipeline.java:474)\n\tat java.base/java.util.stream.FindOps$FindOp.evaluateSequential(FindOps.java:150)\n\tat java.base/java.util.stream.AbstractPipeline.evaluate(AbstractPipeline.java:234)\n\tat java.base/java.util.stream.ReferencePipeline.findFirst(ReferencePipeline.java:647)\n\tat org.openqa.selenium.remote.ProtocolHandshake.createSession(ProtocolHandshake.java:128)\n\tat org.openqa.selenium.remote.ProtocolHandshake.createSession(ProtocolHandshake.java:74)\n\tat org.openqa.selenium.remote.HttpCommandExecutor.execute(HttpCommandExecutor.java:136)\n\tat org.openqa.selenium.remote.service.DriverCommandExecutor.execute(DriverCommandExecutor.java:83)\n\tat org.openqa.selenium.remote.RemoteWebDriver.execute(RemoteWebDriver.java:552)\n\tat org.openqa.selenium.remote.RemoteWebDriver.startSession(RemoteWebDriver.java:213)\n\tat org.openqa.selenium.remote.RemoteWebDriver.<init>(RemoteWebDriver.java:131)\n\tat org.openqa.selenium.chrome.ChromeDriver.<init>(ChromeDriver.java:181)\n\tat org.openqa.selenium.chrome.ChromeDriver.<init>(ChromeDriver.java:168)\n\tat org.openqa.selenium.chrome.ChromeDriver.<init>(ChromeDriver.java:123)\n\tat tests.gui.google.A_Search_FlatTest_NativeSeleniumWebDriver.beforeMethod(A_Search_FlatTest_NativeSeleniumWebDriver.java:46)\n\tat java.base/jdk.internal.reflect.NativeMethodAccessorImpl.invoke0(Native Method)\n\tat java.base/jdk.internal.reflect.NativeMethodAccessorImpl.invoke(NativeMethodAccessorImpl.java:78)\n\tat java.base/jdk.internal.reflect.DelegatingMethodAccessorImpl.invoke(DelegatingMethodAccessorImpl.java:43)\n\tat java.base/java.lang.reflect.Method.invoke(Method.java:567)\n\tat org.testng.internal.MethodInvocationHelper.invokeMethod(MethodInvocationHelper.java:133)\n\tat org.testng.internal.MethodInvocationHelper.invokeMethodConsideringTimeout(MethodInvocationHelper.java:62)\n\tat org.testng.internal.ConfigInvoker.invokeConfigurationMethod(ConfigInvoker.java:385)\n\tat org.testng.internal.ConfigInvoker.invokeConfigurations(ConfigInvoker.java:321)\n\tat org.testng.internal.TestInvoker.runConfigMethods(TestInvoker.java:700)\n\tat org.testng.internal.TestInvoker.invokeMethod(TestInvoker.java:527)\n\tat org.testng.internal.TestInvoker.invokeTestMethod(TestInvoker.java:173)\n\tat org.testng.internal.MethodRunner.runInSequence(MethodRunner.java:46)\n\tat org.testng.internal.TestInvoker$MethodInvocationAgent.invoke(TestInvoker.java:824)\n\tat org.testng.internal.TestInvoker.invokeTestMethods(TestInvoker.java:146)\n\tat org.testng.internal.TestMethodWorker.invokeTestMethods(TestMethodWorker.java:146)\n\tat org.testng.internal.TestMethodWorker.run(TestMethodWorker.java:128)\n\tat java.base/java.util.ArrayList.forEach(ArrayList.java:1511)\n\tat org.testng.TestRunner.privateRun(TestRunner.java:794)\n\tat org.testng.TestRunner.run(TestRunner.java:596)\n\tat org.testng.SuiteRunner.runTest(SuiteRunner.java:377)\n\tat org.testng.SuiteRunner.runSequentially(SuiteRunner.java:371)\n\tat org.testng.SuiteRunner.privateRun(SuiteRunner.java:332)\n\tat org.testng.SuiteRunner.run(SuiteRunner.java:276)\n\tat org.testng.SuiteRunnerWorker.runSuite(SuiteRunnerWorker.java:53)\n\tat org.testng.SuiteRunnerWorker.run(SuiteRunnerWorker.java:96)\n\tat org.testng.TestNG.runSuitesSequentially(TestNG.java:1212)\n\tat org.testng.TestNG.runSuitesLocally(TestNG.java:1134)\n\tat org.testng.TestNG.runSuites(TestNG.java:1063)\n\tat org.testng.TestNG.run(TestNG.java:1031)\n\tat org.apache.maven.surefire.testng.TestNGExecutor.run(TestNGExecutor.java:136)\n\tat org.apache.maven.surefire.testng.TestNGDirectoryTestSuite.executeMulti(TestNGDirectoryTestSuite.java:193)\n\tat org.apache.maven.surefire.testng.TestNGDirectoryTestSuite.execute(TestNGDirectoryTestSuite.java:94)\n\tat org.apache.maven.surefire.testng.TestNGProvider.invoke(TestNGProvider.java:145)\n\tat org.apache.maven.surefire.booter.ForkedBooter.runSuitesInProcess(ForkedBooter.java:428)\n\tat org.apache.maven.surefire.booter.ForkedBooter.execute(ForkedBooter.java:162)\n\tat org.apache.maven.surefire.booter.ForkedBooter.run(ForkedBooter.java:562)\n\tat org.apache.maven.surefire.booter.ForkedBooter.main(ForkedBooter.java:548)\n",
    "steps" : [ ],
    "attachments" : [ {
      "uid" : "aafdc94de1054470",
      "name" : "Attachment: SHAFT Engine Logs - Current Method log: navigateToGoogleHomeAndAssertPageTitle",
      "source" : "aafdc94de1054470.txt",
      "type" : "text/plain",
      "size" : 470
    } ],
    "parameters" : [ ],
    "stepsCount" : 0,
    "attachmentsCount" : 1,
    "shouldDisplayMessage" : true,
    "hasContent" : true
  },
  "afterStages" : [ {
    "name" : "afterMethod",
    "time" : {
      "start" : 1633092716081,
      "stop" : 1633092716081,
      "duration" : 0
    },
    "description" : "",
    "status" : "broken",
    "steps" : [ ],
    "attachments" : [ ],
    "parameters" : [ ],
    "stepsCount" : 0,
    "attachmentsCount" : 0,
    "shouldDisplayMessage" : false,
    "hasContent" : false
  }, {
    "name" : "closureActivities",
    "time" : {
      "start" : 1633092750598,
      "stop" : 1633092750797,
      "duration" : 199
    },
    "description" : "",
    "status" : "passed",
    "steps" : [ {
      "name" : "Successfully Closed All Drivers.",
      "time" : {
        "start" : 1633092750598,
        "stop" : 1633092750598,
        "duration" : 0
      },
      "status" : "passed",
      "steps" : [ ],
      "attachments" : [ ],
      "parameters" : [ {
        "name" : "actionCounter",
        "value" : "118"
      }, {
        "name" : "logText",
        "value" : "Successfully Closed All Drivers."
      } ],
      "stepsCount" : 0,
      "attachmentsCount" : 0,
      "shouldDisplayMessage" : false,
      "hasContent" : true
    }, {
      "name" : "Issue Summary: Total Issues = 12, New issues for Failed Tests = 12, Open issues for Passed Tests = 0, Open issues for Failed Tests = 0. Kindly check the attached Issue details.",
      "time" : {
        "start" : 1633092750612,
        "stop" : 1633092750612,
        "duration" : 0
      },
      "status" : "passed",
      "steps" : [ ],
      "attachments" : [ {
        "uid" : "20fd86df9c58d5fe",
        "name" : "Attachment: SHAFT Engine Logs - Issues log CSV: 20211001-125230",
        "source" : "20fd86df9c58d5fe.csv",
        "type" : "text/csv",
        "size" : 2172
      } ],
      "parameters" : [ {
        "name" : "actionCounter",
        "value" : "119"
      }, {
        "name" : "logText",
        "value" : "Issue Summary: Total Issues = 12, New issues for Failed Tests = 12, Open issues for Passed Tests = 0, Open issues for Failed Tests = 0. Kindly check the attached Issue details."
      }, {
        "name" : "attachments",
        "value" : "[[SHAFT Engine Logs, Issues log CSV: 20211001-125230, java.io.ByteArrayInputStream@583ae407]]"
      } ],
      "stepsCount" : 0,
      "attachmentsCount" : 1,
      "shouldDisplayMessage" : false,
      "hasContent" : true
    } ],
    "attachments" : [ {
      "uid" : "406e6f18e40d8983",
      "name" : "Attachment: SHAFT Engine Logs - Execution log: 20211001-125230",
      "source" : "406e6f18e40d8983.txt",
      "type" : "text/plain",
      "size" : 60919
    }, {
      "uid" : "70b257fea24463f9",
      "name" : "Attachment: HTML - Extent Emailable Execution Report",
      "source" : "70b257fea24463f9.html",
      "type" : "text/html",
      "size" : 2096111
    } ],
    "parameters" : [ ],
    "stepsCount" : 2,
    "attachmentsCount" : 3,
    "shouldDisplayMessage" : false,
    "hasContent" : true
  } ],
  "labels" : [ {
    "name" : "package",
    "value" : "tests.gui.google.A_Search_FlatTest_NativeSeleniumWebDriver"
  }, {
    "name" : "testClass",
    "value" : "tests.gui.google.A_Search_FlatTest_NativeSeleniumWebDriver"
  }, {
    "name" : "testMethod",
    "value" : "navigateToGoogleHomeAndAssertPageTitle"
  }, {
    "name" : "parentSuite",
    "value" : "SHAFT: Custom Suite"
  }, {
    "name" : "suite",
    "value" : "SHAFT: Custom Test"
  }, {
    "name" : "subSuite",
    "value" : "tests.gui.google.A_Search_FlatTest_NativeSeleniumWebDriver"
  }, {
    "name" : "host",
    "value" : "fv-az292-147"
  }, {
    "name" : "thread",
    "value" : "3698@fv-az292-147.main(1)"
  }, {
    "name" : "framework",
    "value" : "testng"
  }, {
    "name" : "language",
    "value" : "java"
  }, {
    "name" : "resultFormat",
    "value" : "allure2"
  } ],
  "parameters" : [ ],
  "links" : [ ],
  "hidden" : false,
  "retry" : false,
  "extra" : {
    "severity" : "normal",
    "retries" : [ ],
    "categories" : [ ],
    "history" : {
      "statistic" : {
        "failed" : 0,
        "broken" : 0,
        "skipped" : 551,
        "passed" : 0,
        "unknown" : 0,
        "total" : 551
      },
      "items" : [ {
        "uid" : "2b88009bff8e0d71",
        "reportUrl" : "https://MohabMohie.github.io/using_SHAFT_ENGINE/allure/970//#testresult/2b88009bff8e0d71",
        "status" : "skipped",
        "statusDetails" : "unknown error: Chrome failed to start: exited abnormally.\n  (unknown error: DevToolsActivePort file doesn't exist)\n  (The process started from chrome location /usr/bin/google-chrome is no longer running, so ChromeDriver is assuming that Chrome has crashed.)\nBuild info: version: '3.141.59', revision: 'e82be7d358', time: '2018-11-14T08:17:03'\nSystem info: host: 'fv-az198-820', ip: '10.1.0.23', os.name: 'Linux', os.arch: 'amd64', os.version: '5.8.0-1042-azure', java.version: '16.0.2'\nDriver info: driver.version: A_Search_FlatTest_NativeSeleniumWebDriver\nremote stacktrace: #0 0x555ed18178f3 <unknown>\n#1 0x555ed12fcba8 <unknown>\n#2 0x555ed131fe33 <unknown>\n#3 0x555ed131b9ef <unknown>\n#4 0x555ed1355995 <unknown>\n#5 0x555ed134fd63 <unknown>\n#6 0x555ed1326144 <unknown>\n#7 0x555ed1327135 <unknown>\n#8 0x555ed1846c3e <unknown>\n#9 0x555ed185c6b7 <unknown>\n#10 0x555ed1847b95 <unknown>\n#11 0x555ed185db05 <unknown>\n#12 0x555ed183c2ab <unknown>\n#13 0x555ed1878248 <unknown>\n#14 0x555ed18783c8 <unknown>\n#15 0x555ed189333d <unknown>\n#16 0x7f9914228609 start_thread\n",
        "time" : {
          "start" : 1633070448244,
          "stop" : 1633070448245,
          "duration" : 1
        }
      }, {
        "uid" : "f0987b32e218822d",
        "reportUrl" : "https://MohabMohie.github.io/using_SHAFT_ENGINE/allure/969//#testresult/f0987b32e218822d",
        "status" : "skipped",
        "statusDetails" : "unknown error: Chrome failed to start: exited abnormally.\n  (unknown error: DevToolsActivePort file doesn't exist)\n  (The process started from chrome location /usr/bin/google-chrome is no longer running, so ChromeDriver is assuming that Chrome has crashed.)\nBuild info: version: '3.141.59', revision: 'e82be7d358', time: '2018-11-14T08:17:03'\nSystem info: host: 'fv-az216-328', ip: '10.1.0.212', os.name: 'Linux', os.arch: 'amd64', os.version: '5.8.0-1042-azure', java.version: '16.0.2'\nDriver info: driver.version: A_Search_FlatTest_NativeSeleniumWebDriver\nremote stacktrace: #0 0x5602142de8f3 <unknown>\n#1 0x560213dc3ba8 <unknown>\n#2 0x560213de6e33 <unknown>\n#3 0x560213de29ef <unknown>\n#4 0x560213e1c995 <unknown>\n#5 0x560213e16d63 <unknown>\n#6 0x560213ded144 <unknown>\n#7 0x560213dee135 <unknown>\n#8 0x56021430dc3e <unknown>\n#9 0x5602143236b7 <unknown>\n#10 0x56021430eb95 <unknown>\n#11 0x560214324b05 <unknown>\n#12 0x5602143032ab <unknown>\n#13 0x56021433f248 <unknown>\n#14 0x56021433f3c8 <unknown>\n#15 0x56021435a33d <unknown>\n#16 0x7feac1fd4609 start_thread\n",
        "time" : {
          "start" : 1633052344558,
          "stop" : 1633052344571,
          "duration" : 13
        }
      }, {
        "uid" : "5fb938e8aa11a520",
        "reportUrl" : "https://MohabMohie.github.io/using_SHAFT_ENGINE/allure/967//#testresult/5fb938e8aa11a520",
        "status" : "skipped",
        "statusDetails" : "unknown error: Chrome failed to start: exited abnormally.\n  (unknown error: DevToolsActivePort file doesn't exist)\n  (The process started from chrome location /usr/bin/google-chrome is no longer running, so ChromeDriver is assuming that Chrome has crashed.)\nBuild info: version: '3.141.59', revision: 'e82be7d358', time: '2018-11-14T08:17:03'\nSystem info: host: 'fv-az216-328', ip: '10.1.0.12', os.name: 'Linux', os.arch: 'amd64', os.version: '5.8.0-1042-azure', java.version: '16.0.2'\nDriver info: driver.version: A_Search_FlatTest_NativeSeleniumWebDriver\nremote stacktrace: #0 0x55beecfb88f3 <unknown>\n#1 0x55beeca9dba8 <unknown>\n#2 0x55beecac0e33 <unknown>\n#3 0x55beecabc9ef <unknown>\n#4 0x55beecaf6995 <unknown>\n#5 0x55beecaf0d63 <unknown>\n#6 0x55beecac7144 <unknown>\n#7 0x55beecac8135 <unknown>\n#8 0x55beecfe7c3e <unknown>\n#9 0x55beecffd6b7 <unknown>\n#10 0x55beecfe8b95 <unknown>\n#11 0x55beecffeb05 <unknown>\n#12 0x55beecfdd2ab <unknown>\n#13 0x55beed019248 <unknown>\n#14 0x55beed0193c8 <unknown>\n#15 0x55beed03433d <unknown>\n#16 0x7f0377d99609 start_thread\n",
        "time" : {
          "start" : 1633027064016,
          "stop" : 1633027064018,
          "duration" : 2
        }
      }, {
        "uid" : "b35ed97cd6e39526",
        "reportUrl" : "https://MohabMohie.github.io/using_SHAFT_ENGINE/allure/966//#testresult/b35ed97cd6e39526",
        "status" : "skipped",
        "statusDetails" : "unknown error: Chrome failed to start: exited abnormally.\n  (unknown error: DevToolsActivePort file doesn't exist)\n  (The process started from chrome location /usr/bin/google-chrome is no longer running, so ChromeDriver is assuming that Chrome has crashed.)\nBuild info: version: '3.141.59', revision: 'e82be7d358', time: '2018-11-14T08:17:03'\nSystem info: host: 'fv-az292-889', ip: '10.1.1.20', os.name: 'Linux', os.arch: 'amd64', os.version: '5.8.0-1042-azure', java.version: '16.0.2'\nDriver info: driver.version: A_Search_FlatTest_NativeSeleniumWebDriver\nremote stacktrace: #0 0x55e9349378f3 <unknown>\n#1 0x55e93441cba8 <unknown>\n#2 0x55e93443fe33 <unknown>\n#3 0x55e93443b9ef <unknown>\n#4 0x55e934475995 <unknown>\n#5 0x55e93446fd63 <unknown>\n#6 0x55e934446144 <unknown>\n#7 0x55e934447135 <unknown>\n#8 0x55e934966c3e <unknown>\n#9 0x55e93497c6b7 <unknown>\n#10 0x55e934967b95 <unknown>\n#11 0x55e93497db05 <unknown>\n#12 0x55e93495c2ab <unknown>\n#13 0x55e934998248 <unknown>\n#14 0x55e9349983c8 <unknown>\n#15 0x55e9349b333d <unknown>\n#16 0x7faf5e849609 start_thread\n",
        "time" : {
          "start" : 1633006213929,
          "stop" : 1633006213930,
          "duration" : 1
        }
      }, {
        "uid" : "cbdb0b41d6bee89",
        "reportUrl" : "https://MohabMohie.github.io/using_SHAFT_ENGINE/allure/965//#testresult/cbdb0b41d6bee89",
        "status" : "skipped",
        "statusDetails" : "unknown error: Chrome failed to start: exited abnormally.\n  (unknown error: DevToolsActivePort file doesn't exist)\n  (The process started from chrome location /usr/bin/google-chrome is no longer running, so ChromeDriver is assuming that Chrome has crashed.)\nBuild info: version: '3.141.59', revision: 'e82be7d358', time: '2018-11-14T08:17:03'\nSystem info: host: 'fv-az154-118', ip: '10.1.0.249', os.name: 'Linux', os.arch: 'amd64', os.version: '5.8.0-1041-azure', java.version: '16.0.2'\nDriver info: driver.version: A_Search_FlatTest_NativeSeleniumWebDriver\nremote stacktrace: #0 0x55fb3e984583 <unknown>\n#1 0x55fb3e6f8a38 <unknown>\n#2 0x55fb3e71b923 <unknown>\n#3 0x55fb3e7174df <unknown>\n#4 0x55fb3e7511e2 <unknown>\n#5 0x55fb3e74b643 <unknown>\n#6 0x55fb3e721b94 <unknown>\n#7 0x55fb3e722b85 <unknown>\n#8 0x55fb3e9b4c6e <unknown>\n#9 0x55fb3e9ca975 <unknown>\n#10 0x55fb3e9b5bc5 <unknown>\n#11 0x55fb3e9cbfb5 <unknown>\n#12 0x55fb3e9aa84b <unknown>\n#13 0x55fb3e9e7248 <unknown>\n#14 0x55fb3e9e73c8 <unknown>\n#15 0x55fb3ea0173d <unknown>\n#16 0x7f2a1290f609 start_thread\n",
        "time" : {
          "start" : 1632983924356,
          "stop" : 1632983924358,
          "duration" : 2
        }
      }, {
        "uid" : "d7f8b68d64cb10c6",
        "reportUrl" : "https://MohabMohie.github.io/using_SHAFT_ENGINE/allure/964//#testresult/d7f8b68d64cb10c6",
        "status" : "skipped",
        "statusDetails" : "unknown error: Chrome failed to start: exited abnormally.\n  (unknown error: DevToolsActivePort file doesn't exist)\n  (The process started from chrome location /usr/bin/google-chrome is no longer running, so ChromeDriver is assuming that Chrome has crashed.)\nBuild info: version: '3.141.59', revision: 'e82be7d358', time: '2018-11-14T08:17:03'\nSystem info: host: 'fv-az204-819', ip: '10.1.0.144', os.name: 'Linux', os.arch: 'amd64', os.version: '5.8.0-1041-azure', java.version: '16.0.2'\nDriver info: driver.version: A_Search_FlatTest_NativeSeleniumWebDriver\nremote stacktrace: #0 0x559d4b98a583 <unknown>\n#1 0x559d4b6fea38 <unknown>\n#2 0x559d4b721923 <unknown>\n#3 0x559d4b71d4df <unknown>\n#4 0x559d4b7571e2 <unknown>\n#5 0x559d4b751643 <unknown>\n#6 0x559d4b727b94 <unknown>\n#7 0x559d4b728b85 <unknown>\n#8 0x559d4b9bac6e <unknown>\n#9 0x559d4b9d0975 <unknown>\n#10 0x559d4b9bbbc5 <unknown>\n#11 0x559d4b9d1fb5 <unknown>\n#12 0x559d4b9b084b <unknown>\n#13 0x559d4b9ed248 <unknown>\n#14 0x559d4b9ed3c8 <unknown>\n#15 0x559d4ba0773d <unknown>\n#16 0x7fa551b69609 start_thread\n",
        "time" : {
          "start" : 1632965895740,
          "stop" : 1632965895741,
          "duration" : 1
        }
      }, {
        "uid" : "dd8c424635315021",
        "reportUrl" : "https://MohabMohie.github.io/using_SHAFT_ENGINE/allure/963//#testresult/dd8c424635315021",
        "status" : "skipped",
        "statusDetails" : "unknown error: Chrome failed to start: exited abnormally.\n  (unknown error: DevToolsActivePort file doesn't exist)\n  (The process started from chrome location /usr/bin/google-chrome is no longer running, so ChromeDriver is assuming that Chrome has crashed.)\nBuild info: version: '3.141.59', revision: 'e82be7d358', time: '2018-11-14T08:17:03'\nSystem info: host: 'fv-az198-990', ip: '10.1.0.240', os.name: 'Linux', os.arch: 'amd64', os.version: '5.8.0-1041-azure', java.version: '16.0.2'\nDriver info: driver.version: A_Search_FlatTest_NativeSeleniumWebDriver\nremote stacktrace: #0 0x5606f3afa583 <unknown>\n#1 0x5606f386ea38 <unknown>\n#2 0x5606f3891923 <unknown>\n#3 0x5606f388d4df <unknown>\n#4 0x5606f38c71e2 <unknown>\n#5 0x5606f38c1643 <unknown>\n#6 0x5606f3897b94 <unknown>\n#7 0x5606f3898b85 <unknown>\n#8 0x5606f3b2ac6e <unknown>\n#9 0x5606f3b40975 <unknown>\n#10 0x5606f3b2bbc5 <unknown>\n#11 0x5606f3b41fb5 <unknown>\n#12 0x5606f3b2084b <unknown>\n#13 0x5606f3b5d248 <unknown>\n#14 0x5606f3b5d3c8 <unknown>\n#15 0x5606f3b7773d <unknown>\n#16 0x7f8a0ecb1609 start_thread\n",
        "time" : {
          "start" : 1632940614843,
          "stop" : 1632940614844,
          "duration" : 1
        }
      }, {
        "uid" : "496bf5cd927e2304",
        "reportUrl" : "https://MohabMohie.github.io/using_SHAFT_ENGINE/allure/962//#testresult/496bf5cd927e2304",
        "status" : "skipped",
        "statusDetails" : "unknown error: Chrome failed to start: exited abnormally.\n  (unknown error: DevToolsActivePort file doesn't exist)\n  (The process started from chrome location /usr/bin/google-chrome is no longer running, so ChromeDriver is assuming that Chrome has crashed.)\nBuild info: version: '3.141.59', revision: 'e82be7d358', time: '2018-11-14T08:17:03'\nSystem info: host: 'fv-az198-990', ip: '10.1.1.6', os.name: 'Linux', os.arch: 'amd64', os.version: '5.8.0-1041-azure', java.version: '16.0.2'\nDriver info: driver.version: A_Search_FlatTest_NativeSeleniumWebDriver\nremote stacktrace: #0 0x560b4abe1583 <unknown>\n#1 0x560b4a955a38 <unknown>\n#2 0x560b4a978923 <unknown>\n#3 0x560b4a9744df <unknown>\n#4 0x560b4a9ae1e2 <unknown>\n#5 0x560b4a9a8643 <unknown>\n#6 0x560b4a97eb94 <unknown>\n#7 0x560b4a97fb85 <unknown>\n#8 0x560b4ac11c6e <unknown>\n#9 0x560b4ac27975 <unknown>\n#10 0x560b4ac12bc5 <unknown>\n#11 0x560b4ac28fb5 <unknown>\n#12 0x560b4ac0784b <unknown>\n#13 0x560b4ac44248 <unknown>\n#14 0x560b4ac443c8 <unknown>\n#15 0x560b4ac5e73d <unknown>\n#16 0x7fe78b124609 start_thread\n",
        "time" : {
          "start" : 1632919755705,
          "stop" : 1632919755706,
          "duration" : 1
        }
      }, {
        "uid" : "6932be8d8b8536e5",
        "reportUrl" : "https://MohabMohie.github.io/using_SHAFT_ENGINE/allure/961//#testresult/6932be8d8b8536e5",
        "status" : "skipped",
        "statusDetails" : "unknown error: Chrome failed to start: exited abnormally.\n  (unknown error: DevToolsActivePort file doesn't exist)\n  (The process started from chrome location /usr/bin/google-chrome is no longer running, so ChromeDriver is assuming that Chrome has crashed.)\nBuild info: version: '3.141.59', revision: 'e82be7d358', time: '2018-11-14T08:17:03'\nSystem info: host: 'fv-az198-990', ip: '10.1.1.117', os.name: 'Linux', os.arch: 'amd64', os.version: '5.8.0-1041-azure', java.version: '16.0.2'\nDriver info: driver.version: A_Search_FlatTest_NativeSeleniumWebDriver\nremote stacktrace: #0 0x55887b6e9583 <unknown>\n#1 0x55887b45da38 <unknown>\n#2 0x55887b480923 <unknown>\n#3 0x55887b47c4df <unknown>\n#4 0x55887b4b61e2 <unknown>\n#5 0x55887b4b0643 <unknown>\n#6 0x55887b486b94 <unknown>\n#7 0x55887b487b85 <unknown>\n#8 0x55887b719c6e <unknown>\n#9 0x55887b72f975 <unknown>\n#10 0x55887b71abc5 <unknown>\n#11 0x55887b730fb5 <unknown>\n#12 0x55887b70f84b <unknown>\n#13 0x55887b74c248 <unknown>\n#14 0x55887b74c3c8 <unknown>\n#15 0x55887b76673d <unknown>\n#16 0x7f3613a51609 start_thread\n",
        "time" : {
          "start" : 1632897529765,
          "stop" : 1632897529767,
          "duration" : 2
        }
      }, {
        "uid" : "2dff1ec22284d8e1",
        "reportUrl" : "https://MohabMohie.github.io/using_SHAFT_ENGINE/allure/960//#testresult/2dff1ec22284d8e1",
        "status" : "skipped",
        "statusDetails" : "unknown error: Chrome failed to start: exited abnormally.\n  (unknown error: DevToolsActivePort file doesn't exist)\n  (The process started from chrome location /usr/bin/google-chrome is no longer running, so ChromeDriver is assuming that Chrome has crashed.)\nBuild info: version: '3.141.59', revision: 'e82be7d358', time: '2018-11-14T08:17:03'\nSystem info: host: 'fv-az290-473', ip: '10.1.0.57', os.name: 'Linux', os.arch: 'amd64', os.version: '5.8.0-1041-azure', java.version: '16.0.2'\nDriver info: driver.version: A_Search_FlatTest_NativeSeleniumWebDriver\nremote stacktrace: #0 0x5606da78d583 <unknown>\n#1 0x5606da501a38 <unknown>\n#2 0x5606da524923 <unknown>\n#3 0x5606da5204df <unknown>\n#4 0x5606da55a1e2 <unknown>\n#5 0x5606da554643 <unknown>\n#6 0x5606da52ab94 <unknown>\n#7 0x5606da52bb85 <unknown>\n#8 0x5606da7bdc6e <unknown>\n#9 0x5606da7d3975 <unknown>\n#10 0x5606da7bebc5 <unknown>\n#11 0x5606da7d4fb5 <unknown>\n#12 0x5606da7b384b <unknown>\n#13 0x5606da7f0248 <unknown>\n#14 0x5606da7f03c8 <unknown>\n#15 0x5606da80a73d <unknown>\n#16 0x7f016b7e3609 start_thread\n",
        "time" : {
          "start" : 1632878800020,
          "stop" : 1632878800028,
          "duration" : 8
        }
      }, {
        "uid" : "386b4cf33779dd64",
        "reportUrl" : "https://MohabMohie.github.io/using_SHAFT_ENGINE/allure/959//#testresult/386b4cf33779dd64",
        "status" : "skipped",
        "statusDetails" : "unknown error: Chrome failed to start: exited abnormally.\n  (unknown error: DevToolsActivePort file doesn't exist)\n  (The process started from chrome location /usr/bin/google-chrome is no longer running, so ChromeDriver is assuming that Chrome has crashed.)\nBuild info: version: '3.141.59', revision: 'e82be7d358', time: '2018-11-14T08:17:03'\nSystem info: host: 'fv-az154-118', ip: '10.1.0.114', os.name: 'Linux', os.arch: 'amd64', os.version: '5.8.0-1041-azure', java.version: '16.0.2'\nDriver info: driver.version: A_Search_FlatTest_NativeSeleniumWebDriver\nremote stacktrace: #0 0x556c588c4583 <unknown>\n#1 0x556c58638a38 <unknown>\n#2 0x556c5865b923 <unknown>\n#3 0x556c586574df <unknown>\n#4 0x556c586911e2 <unknown>\n#5 0x556c5868b643 <unknown>\n#6 0x556c58661b94 <unknown>\n#7 0x556c58662b85 <unknown>\n#8 0x556c588f4c6e <unknown>\n#9 0x556c5890a975 <unknown>\n#10 0x556c588f5bc5 <unknown>\n#11 0x556c5890bfb5 <unknown>\n#12 0x556c588ea84b <unknown>\n#13 0x556c58927248 <unknown>\n#14 0x556c589273c8 <unknown>\n#15 0x556c5894173d <unknown>\n#16 0x7f3de52ca609 start_thread\n",
        "time" : {
          "start" : 1632854219903,
          "stop" : 1632854219906,
          "duration" : 3
        }
      }, {
        "uid" : "b8515baaf54461d0",
        "reportUrl" : "https://MohabMohie.github.io/using_SHAFT_ENGINE/allure/958//#testresult/b8515baaf54461d0",
        "status" : "skipped",
        "statusDetails" : "unknown error: Chrome failed to start: exited abnormally.\n  (unknown error: DevToolsActivePort file doesn't exist)\n  (The process started from chrome location /usr/bin/google-chrome is no longer running, so ChromeDriver is assuming that Chrome has crashed.)\nBuild info: version: '3.141.59', revision: 'e82be7d358', time: '2018-11-14T08:17:03'\nSystem info: host: 'fv-az219-164', ip: '10.1.1.148', os.name: 'Linux', os.arch: 'amd64', os.version: '5.8.0-1041-azure', java.version: '16.0.2'\nDriver info: driver.version: A_Search_FlatTest_NativeSeleniumWebDriver\nremote stacktrace: #0 0x5586adfd0583 <unknown>\n#1 0x5586add44a38 <unknown>\n#2 0x5586add67923 <unknown>\n#3 0x5586add634df <unknown>\n#4 0x5586add9d1e2 <unknown>\n#5 0x5586add97643 <unknown>\n#6 0x5586add6db94 <unknown>\n#7 0x5586add6eb85 <unknown>\n#8 0x5586ae000c6e <unknown>\n#9 0x5586ae016975 <unknown>\n#10 0x5586ae001bc5 <unknown>\n#11 0x5586ae017fb5 <unknown>\n#12 0x5586adff684b <unknown>\n#13 0x5586ae033248 <unknown>\n#14 0x5586ae0333c8 <unknown>\n#15 0x5586ae04d73d <unknown>\n#16 0x7f7cfcd85609 start_thread\n",
        "time" : {
          "start" : 1632833461336,
          "stop" : 1632833461338,
          "duration" : 2
        }
      }, {
        "uid" : "9436d0f9b338b958",
        "reportUrl" : "https://MohabMohie.github.io/using_SHAFT_ENGINE/allure/957//#testresult/9436d0f9b338b958",
        "status" : "skipped",
        "statusDetails" : "unknown error: Chrome failed to start: exited abnormally.\n  (unknown error: DevToolsActivePort file doesn't exist)\n  (The process started from chrome location /usr/bin/google-chrome is no longer running, so ChromeDriver is assuming that Chrome has crashed.)\nBuild info: version: '3.141.59', revision: 'e82be7d358', time: '2018-11-14T08:17:03'\nSystem info: host: 'fv-az290-473', ip: '10.1.1.3', os.name: 'Linux', os.arch: 'amd64', os.version: '5.8.0-1041-azure', java.version: '16.0.2'\nDriver info: driver.version: A_Search_FlatTest_NativeSeleniumWebDriver\nremote stacktrace: #0 0x55ed7465b583 <unknown>\n#1 0x55ed743cfa38 <unknown>\n#2 0x55ed743f2923 <unknown>\n#3 0x55ed743ee4df <unknown>\n#4 0x55ed744281e2 <unknown>\n#5 0x55ed74422643 <unknown>\n#6 0x55ed743f8b94 <unknown>\n#7 0x55ed743f9b85 <unknown>\n#8 0x55ed7468bc6e <unknown>\n#9 0x55ed746a1975 <unknown>\n#10 0x55ed7468cbc5 <unknown>\n#11 0x55ed746a2fb5 <unknown>\n#12 0x55ed7468184b <unknown>\n#13 0x55ed746be248 <unknown>\n#14 0x55ed746be3c8 <unknown>\n#15 0x55ed746d873d <unknown>\n#16 0x7fb63db95609 start_thread\n",
        "time" : {
          "start" : 1632811140888,
          "stop" : 1632811140889,
          "duration" : 1
        }
      }, {
        "uid" : "31068141e46e5fd4",
        "reportUrl" : "https://MohabMohie.github.io/using_SHAFT_ENGINE/allure/956//#testresult/31068141e46e5fd4",
        "status" : "skipped",
        "statusDetails" : "unknown error: Chrome failed to start: exited abnormally.\n  (unknown error: DevToolsActivePort file doesn't exist)\n  (The process started from chrome location /usr/bin/google-chrome is no longer running, so ChromeDriver is assuming that Chrome has crashed.)\nBuild info: version: '3.141.59', revision: 'e82be7d358', time: '2018-11-14T08:17:03'\nSystem info: host: 'fv-az198-990', ip: '10.1.1.241', os.name: 'Linux', os.arch: 'amd64', os.version: '5.8.0-1041-azure', java.version: '16.0.2'\nDriver info: driver.version: A_Search_FlatTest_NativeSeleniumWebDriver\nremote stacktrace: #0 0x55f3746c4583 <unknown>\n#1 0x55f374438a38 <unknown>\n#2 0x55f37445b923 <unknown>\n#3 0x55f3744574df <unknown>\n#4 0x55f3744911e2 <unknown>\n#5 0x55f37448b643 <unknown>\n#6 0x55f374461b94 <unknown>\n#7 0x55f374462b85 <unknown>\n#8 0x55f3746f4c6e <unknown>\n#9 0x55f37470a975 <unknown>\n#10 0x55f3746f5bc5 <unknown>\n#11 0x55f37470bfb5 <unknown>\n#12 0x55f3746ea84b <unknown>\n#13 0x55f374727248 <unknown>\n#14 0x55f3747273c8 <unknown>\n#15 0x55f37474173d <unknown>\n#16 0x7f0fbff93609 start_thread\n",
        "time" : {
          "start" : 1632792781312,
          "stop" : 1632792781314,
          "duration" : 2
        }
      }, {
        "uid" : "d094342ce2e58995",
        "reportUrl" : "https://MohabMohie.github.io/using_SHAFT_ENGINE/allure/955//#testresult/d094342ce2e58995",
        "status" : "skipped",
        "statusDetails" : "unknown error: Chrome failed to start: exited abnormally.\n  (unknown error: DevToolsActivePort file doesn't exist)\n  (The process started from chrome location /usr/bin/google-chrome is no longer running, so ChromeDriver is assuming that Chrome has crashed.)\nBuild info: version: '3.141.59', revision: 'e82be7d358', time: '2018-11-14T08:17:03'\nSystem info: host: 'fv-az198-990', ip: '10.1.0.151', os.name: 'Linux', os.arch: 'amd64', os.version: '5.8.0-1041-azure', java.version: '16.0.2'\nDriver info: driver.version: A_Search_FlatTest_NativeSeleniumWebDriver\nremote stacktrace: #0 0x56387145c583 <unknown>\n#1 0x5638711d0a38 <unknown>\n#2 0x5638711f3923 <unknown>\n#3 0x5638711ef4df <unknown>\n#4 0x5638712291e2 <unknown>\n#5 0x563871223643 <unknown>\n#6 0x5638711f9b94 <unknown>\n#7 0x5638711fab85 <unknown>\n#8 0x56387148cc6e <unknown>\n#9 0x5638714a2975 <unknown>\n#10 0x56387148dbc5 <unknown>\n#11 0x5638714a3fb5 <unknown>\n#12 0x56387148284b <unknown>\n#13 0x5638714bf248 <unknown>\n#14 0x5638714bf3c8 <unknown>\n#15 0x5638714d973d <unknown>\n#16 0x7fa1d9763609 start_thread\n",
        "time" : {
          "start" : 1632767833095,
          "stop" : 1632767833096,
          "duration" : 1
        }
      }, {
        "uid" : "836c705d0931747e",
        "reportUrl" : "https://MohabMohie.github.io/using_SHAFT_ENGINE/allure/954//#testresult/836c705d0931747e",
        "status" : "skipped",
        "statusDetails" : "unknown error: Chrome failed to start: exited abnormally.\n  (unknown error: DevToolsActivePort file doesn't exist)\n  (The process started from chrome location /usr/bin/google-chrome is no longer running, so ChromeDriver is assuming that Chrome has crashed.)\nBuild info: version: '3.141.59', revision: 'e82be7d358', time: '2018-11-14T08:17:03'\nSystem info: host: 'fv-az212-841', ip: '10.1.2.4', os.name: 'Linux', os.arch: 'amd64', os.version: '5.8.0-1041-azure', java.version: '16.0.2'\nDriver info: driver.version: A_Search_FlatTest_NativeSeleniumWebDriver\nremote stacktrace: #0 0x55a3e033a583 <unknown>\n#1 0x55a3e00aea38 <unknown>\n#2 0x55a3e00d1923 <unknown>\n#3 0x55a3e00cd4df <unknown>\n#4 0x55a3e01071e2 <unknown>\n#5 0x55a3e0101643 <unknown>\n#6 0x55a3e00d7b94 <unknown>\n#7 0x55a3e00d8b85 <unknown>\n#8 0x55a3e036ac6e <unknown>\n#9 0x55a3e0380975 <unknown>\n#10 0x55a3e036bbc5 <unknown>\n#11 0x55a3e0381fb5 <unknown>\n#12 0x55a3e036084b <unknown>\n#13 0x55a3e039d248 <unknown>\n#14 0x55a3e039d3c8 <unknown>\n#15 0x55a3e03b773d <unknown>\n#16 0x7f9c97bc0609 start_thread\n",
        "time" : {
          "start" : 1632747214885,
          "stop" : 1632747214887,
          "duration" : 2
        }
      }, {
        "uid" : "6fbf9b153e73731a",
        "reportUrl" : "https://MohabMohie.github.io/using_SHAFT_ENGINE/allure/953//#testresult/6fbf9b153e73731a",
        "status" : "skipped",
        "statusDetails" : "unknown error: Chrome failed to start: exited abnormally.\n  (unknown error: DevToolsActivePort file doesn't exist)\n  (The process started from chrome location /usr/bin/google-chrome is no longer running, so ChromeDriver is assuming that Chrome has crashed.)\nBuild info: version: '3.141.59', revision: 'e82be7d358', time: '2018-11-14T08:17:03'\nSystem info: host: 'fv-az216-334', ip: '10.1.1.240', os.name: 'Linux', os.arch: 'amd64', os.version: '5.8.0-1041-azure', java.version: '16.0.2'\nDriver info: driver.version: A_Search_FlatTest_NativeSeleniumWebDriver\nremote stacktrace: #0 0x559bc6cdb583 <unknown>\n#1 0x559bc6a4fa38 <unknown>\n#2 0x559bc6a72923 <unknown>\n#3 0x559bc6a6e4df <unknown>\n#4 0x559bc6aa81e2 <unknown>\n#5 0x559bc6aa2643 <unknown>\n#6 0x559bc6a78b94 <unknown>\n#7 0x559bc6a79b85 <unknown>\n#8 0x559bc6d0bc6e <unknown>\n#9 0x559bc6d21975 <unknown>\n#10 0x559bc6d0cbc5 <unknown>\n#11 0x559bc6d22fb5 <unknown>\n#12 0x559bc6d0184b <unknown>\n#13 0x559bc6d3e248 <unknown>\n#14 0x559bc6d3e3c8 <unknown>\n#15 0x559bc6d5873d <unknown>\n#16 0x7f893911f609 start_thread\n",
        "time" : {
          "start" : 1632747161860,
          "stop" : 1632747161861,
          "duration" : 1
        }
      }, {
        "uid" : "bf6939c0f8bcc8ad",
        "reportUrl" : "https://MohabMohie.github.io/using_SHAFT_ENGINE/allure/951//#testresult/bf6939c0f8bcc8ad",
        "status" : "skipped",
        "statusDetails" : "unknown error: Chrome failed to start: exited abnormally.\n  (unknown error: DevToolsActivePort file doesn't exist)\n  (The process started from chrome location /usr/bin/google-chrome is no longer running, so ChromeDriver is assuming that Chrome has crashed.)\nBuild info: version: '3.141.59', revision: 'e82be7d358', time: '2018-11-14T08:17:03'\nSystem info: host: 'fv-az219-164', ip: '10.1.1.18', os.name: 'Linux', os.arch: 'amd64', os.version: '5.8.0-1041-azure', java.version: '16.0.2'\nDriver info: driver.version: A_Search_FlatTest_NativeSeleniumWebDriver\nremote stacktrace: #0 0x55c425ddd583 <unknown>\n#1 0x55c425b51a38 <unknown>\n#2 0x55c425b74923 <unknown>\n#3 0x55c425b704df <unknown>\n#4 0x55c425baa1e2 <unknown>\n#5 0x55c425ba4643 <unknown>\n#6 0x55c425b7ab94 <unknown>\n#7 0x55c425b7bb85 <unknown>\n#8 0x55c425e0dc6e <unknown>\n#9 0x55c425e23975 <unknown>\n#10 0x55c425e0ebc5 <unknown>\n#11 0x55c425e24fb5 <unknown>\n#12 0x55c425e0384b <unknown>\n#13 0x55c425e40248 <unknown>\n#14 0x55c425e403c8 <unknown>\n#15 0x55c425e5a73d <unknown>\n#16 0x7fa87310c609 start_thread\n",
        "time" : {
          "start" : 1632742389933,
          "stop" : 1632742389935,
          "duration" : 2
        }
      }, {
        "uid" : "52eaefc4ab3da9ab",
        "reportUrl" : "https://MohabMohie.github.io/using_SHAFT_ENGINE/allure/950//#testresult/52eaefc4ab3da9ab",
        "status" : "skipped",
        "statusDetails" : "unknown error: Chrome failed to start: exited abnormally.\n  (unknown error: DevToolsActivePort file doesn't exist)\n  (The process started from chrome location /usr/bin/google-chrome is no longer running, so ChromeDriver is assuming that Chrome has crashed.)\nBuild info: version: '3.141.59', revision: 'e82be7d358', time: '2018-11-14T08:17:03'\nSystem info: host: 'fv-az154-118', ip: '10.1.1.150', os.name: 'Linux', os.arch: 'amd64', os.version: '5.8.0-1041-azure', java.version: '16.0.2'\nDriver info: driver.version: A_Search_FlatTest_NativeSeleniumWebDriver\nremote stacktrace: #0 0x558579950583 <unknown>\n#1 0x5585796c4a38 <unknown>\n#2 0x5585796e7923 <unknown>\n#3 0x5585796e34df <unknown>\n#4 0x55857971d1e2 <unknown>\n#5 0x558579717643 <unknown>\n#6 0x5585796edb94 <unknown>\n#7 0x5585796eeb85 <unknown>\n#8 0x558579980c6e <unknown>\n#9 0x558579996975 <unknown>\n#10 0x558579981bc5 <unknown>\n#11 0x558579997fb5 <unknown>\n#12 0x55857997684b <unknown>\n#13 0x5585799b3248 <unknown>\n#14 0x5585799b33c8 <unknown>\n#15 0x5585799cd73d <unknown>\n#16 0x7f27ce2b7609 start_thread\n",
        "time" : {
          "start" : 1632724746033,
          "stop" : 1632724746035,
          "duration" : 2
        }
      }, {
        "uid" : "149212d5d5c9c555",
        "reportUrl" : "https://MohabMohie.github.io/using_SHAFT_ENGINE/allure/949//#testresult/149212d5d5c9c555",
        "status" : "skipped",
        "statusDetails" : "unknown error: Chrome failed to start: exited abnormally.\n  (unknown error: DevToolsActivePort file doesn't exist)\n  (The process started from chrome location /usr/bin/google-chrome is no longer running, so ChromeDriver is assuming that Chrome has crashed.)\nBuild info: version: '3.141.59', revision: 'e82be7d358', time: '2018-11-14T08:17:03'\nSystem info: host: 'fv-az292-761', ip: '10.1.0.238', os.name: 'Linux', os.arch: 'amd64', os.version: '5.8.0-1041-azure', java.version: '16.0.2'\nDriver info: driver.version: A_Search_FlatTest_NativeSeleniumWebDriver\nremote stacktrace: #0 0x55e14a5cb583 <unknown>\n#1 0x55e14a33fa38 <unknown>\n#2 0x55e14a362923 <unknown>\n#3 0x55e14a35e4df <unknown>\n#4 0x55e14a3981e2 <unknown>\n#5 0x55e14a392643 <unknown>\n#6 0x55e14a368b94 <unknown>\n#7 0x55e14a369b85 <unknown>\n#8 0x55e14a5fbc6e <unknown>\n#9 0x55e14a611975 <unknown>\n#10 0x55e14a5fcbc5 <unknown>\n#11 0x55e14a612fb5 <unknown>\n#12 0x55e14a5f184b <unknown>\n#13 0x55e14a62e248 <unknown>\n#14 0x55e14a62e3c8 <unknown>\n#15 0x55e14a64873d <unknown>\n#16 0x7fe3bac30609 start_thread\n",
        "time" : {
          "start" : 1632706279724,
          "stop" : 1632706279725,
          "duration" : 1
        }
      } ]
    },
    "tags" : [ ]
  },
  "source" : "1bb2e8fdc42d2685.json",
  "parameterValues" : [ ]
}