################################################################################################################################################
Detected SHAFT Engine Version: [SHAFT Engine v6.1.20220113]
################################################################################################################################################
[ReportManager] File Action [GetAbsolutePath] successfully performed. With the following test data [Relative Folder Path: "target/downloadedFiles/"]. @25-03-2022 13:30:03.0047 PM
[ReportManager] Attempting to run remotely on: [Linux-64], [GoogleChrome], [http://localhost:4444/wd/hub], Headless Execution. @25-03-2022 13:30:03.0059 PM
[ReportManager] Successfully Opened [GoogleChrome]. @25-03-2022 13:30:04.0742 PM
[ReportManager] Target URL: [https://www.google.com/ncr], and after redirection: [https://www.google.com] @25-03-2022 13:30:04.0752 PM
[ReportManager] Initial URL: [data:,] @25-03-2022 13:30:04.0864 PM
[ReportManager] Browser Action [NavigateToURL] successfully performed. With the following test data [https://www.google.com/ncr]. @25-03-2022 13:30:06.0278 P

################################################################################################################################################
Starting Execution:	[1 out of 23] test cases in the current suite
Test Method:		[tests.gui.google.C_Search_PageObjectModel_Traditional.navigateToGoogleHomeAndAssertGoogleLogoIsDisplayed]
################################################################################################################################################
[ReportManager] Element Action [IsElementDisplayed] successfully performed. @25-03-2022 13:30:06.0594 PM
[ReportManager] Assertion Passed: Asserting that the Google logo is displayed @25-03-2022 13:30:06.0619 PM
[ReportManager] Assertion [ValidateTrue] PASSED. Expected [TRUE] and Actual [TRUE]. Validation Type [POSITIVE]. @25-03-2022 13:30:06.0619 P
[ReportManager] Browser Action [CloseCurrentWindow] successfully performed. @25-03-2022 13:30:06.0764 PM
[ReportManager] Successfully created attachment [Browser Action Test Data - CloseCurrentWindow - Actual Value] @25-03-2022 13:30:06.0767 P
[ReportManager] File Action [GetAbsolutePath] successfully performed. With the following test data [Relative Folder Path: "target/downloadedFiles/"]. @25-03-2022 13:30:06.0795 PM
[ReportManager] Attempting to run remotely on: [Linux-64], [GoogleChrome], [http://localhost:4444/wd/hub], Headless Execution. @25-03-2022 13:30:06.0796 PM
[ReportManager] Successfully Opened [GoogleChrome]. @25-03-2022 13:30:07.0221 PM
[ReportManager] Target URL: [https://www.google.com/ncr], and after redirection: [https://www.google.com] @25-03-2022 13:30:07.0221 PM
[ReportManager] Initial URL: [data:,] @25-03-2022 13:30:07.0315 PM
[ReportManager] Browser Action [NavigateToURL] successfully performed. With the following test data [https://www.google.com/ncr]. @25-03-2022 13:30:08.0392 P

################################################################################################################################################
Starting Execution:	[2 out of 23] test cases in the current suite
Test Method:		[tests.gui.google.C_Search_PageObjectModel_Traditional.navigateToGoogleHomeAndAssertPageTitle]
################################################################################################################################################
[ReportManager] Browser Action [GetCurrentWindowTitle] successfully performed. With the following test data [Google]. @25-03-2022 13:30:08.0449 PM
[ReportManager] Assertion Passed: Asserting that the page title is Google @25-03-2022 13:30:08.0468 PM
[ReportManager] Assertion [ValidateEquals] PASSED. Expected [Google] and Actual [Google]. Comparison Type [EQUALS]. Validation Type [POSITIVE]. @25-03-2022 13:30:08.0468 P
[ReportManager] Browser Action [CloseCurrentWindow] successfully performed. @25-03-2022 13:30:08.0630 PM
[ReportManager] Successfully created attachment [Browser Action Test Data - CloseCurrentWindow - Actual Value] @25-03-2022 13:30:08.0631 P
[ReportManager] File Action [GetAbsolutePath] successfully performed. With the following test data [Relative Folder Path: "target/downloadedFiles/"]. @25-03-2022 13:30:08.0636 PM
[ReportManager] Attempting to run remotely on: [Linux-64], [GoogleChrome], [http://localhost:4444/wd/hub], Headless Execution. @25-03-2022 13:30:08.0638 PM
[ReportManager] Successfully Opened [GoogleChrome]. @25-03-2022 13:30:08.0988 PM
[ReportManager] Target URL: [https://www.google.com/ncr], and after redirection: [https://www.google.com] @25-03-2022 13:30:08.0989 PM
[ReportManager] Initial URL: [data:,] @25-03-2022 13:30:09.0072 PM
[ReportManager] Browser Action [NavigateToURL] successfully performed. With the following test data [https://www.google.com/ncr]. @25-03-2022 13:30:10.0114 P

################################################################################################################################################
Starting Execution:	[3 out of 23] test cases in the current suite
Test Method:		[tests.gui.google.C_Search_PageObjectModel_Traditional.searchForQueryAndAssertFirstResultTextIsCorrect]
################################################################################################################################################
[ReportManager] Element Action [Type] successfully performed. With the following test data [SHAFT_Engine]. @25-03-2022 13:30:10.0930 PM
[ReportManager] Element Action [KeyPress] successfully performed. With the following test data [ENTER]. @25-03-2022 13:30:12.0037 PM
[ReportManager] Element Action [GetText] successfully performed. With the following test data [SHAFT_ENGINE is a Test Automation Engine that ... - GitHub]. @25-03-2022 13:30:12.0160 PM
[ReportManager] Assertion Failed: Asserting that the correct first result is displayed @25-03-2022 13:30:12.0164 PM
[ReportManager] Assertion [ValidateEquals] FAILED. Expected [MohabMohie] and Actual [SHAFT_ENGINE is a Test Automation Engine that ... - GitHub]. Comparison Type [CONTAINS]. Validation Type [POSITIVE]. @25-03-2022 13:30:12.0164 P
[ReportManager] Browser Action [CloseCurrentWindow] successfully performed. @25-03-2022 13:30:12.0556 PM
[ReportManager] Successfully created attachment [Browser Action Test Data - CloseCurrentWindow - Actual Value] @25-03-2022 13:30:12.0569 P
[ReportManager] An Exception Occured with this Message: src/test/resources/testDataFiles/Google/SimpleSearch.xlsx (No such file or directory). @25-03-2022 13:30:12.0609 PM
[ReportManager] Successfully created attachment [Exception Stack Trace - java.io.FileNotFoundException] @25-03-2022 13:30:12.0610 PM
[ReportManager] Couldn't find the desired file. [src/test/resources/testDataFiles/Google/SimpleSearch.xlsx]. @25-03-2022 13:30:12.0610 P


################################################################################################################################################
Starting Execution:	[4 out of 23] test cases in the current suite
Test Method:		[tests.gui.google.D_Search_PageObjectModel_Traditional_DataDriven.navigateToGoogleHomeAndAssertGoogleLogoIsDisplayed]
###############################################################################################################################################



################################################################################################################################################
Starting Execution:	[5 out of 23] test cases in the current suite
Test Method:		[tests.gui.google.D_Search_PageObjectModel_Traditional_DataDriven.navigateToGoogleHomeAndAssertPageTitle]
###############################################################################################################################################



################################################################################################################################################
Starting Execution:	[6 out of 23] test cases in the current suite
Test Method:		[tests.gui.google.D_Search_PageObjectModel_Traditional_DataDriven.searchForQueryAndAssertFirstResultTextIsCorrect]
###############################################################################################################################################




################################################################################################################################################
Starting Execution:	[7 out of 23] test cases in the current suite
Test Method:		[tests.gui.google.A_Search_FlatTest_NativeSeleniumWebDriver.navigateToGoogleHomeAndAssertGoogleLogoIsDisplayed]
###############################################################################################################################################



################################################################################################################################################
Starting Execution:	[8 out of 23] test cases in the current suite
Test Method:		[tests.gui.google.A_Search_FlatTest_NativeSeleniumWebDriver.navigateToGoogleHomeAndAssertPageTitle]
###############################################################################################################################################



################################################################################################################################################
Starting Execution:	[9 out of 23] test cases in the current suite
Test Method:		[tests.gui.google.A_Search_FlatTest_NativeSeleniumWebDriver.searchForQueryAndAssertFirstResultTextIsCorrect]
###############################################################################################################################################

[ReportManager] An Exception Occured with this Message: src/test/resources/testDataFiles/Google/SimpleSearch.xlsx (No such file or directory). @25-03-2022 13:30:30.0528 PM
[ReportManager] Successfully created attachment [Exception Stack Trace - java.io.FileNotFoundException] @25-03-2022 13:30:30.0528 PM
[ReportManager] Couldn't find the desired file. [src/test/resources/testDataFiles/Google/SimpleSearch.xlsx]. @25-03-2022 13:30:30.0528 P


################################################################################################################################################
Starting Execution:	[10 out of 23] test cases in the current suite
Test Method:		[tests.gui.google.G_Search_PageObjectModel_ThreadSafe.navigateToGoogleHomeAndAssertGoogleLogoIsDisplayed]
###############################################################################################################################################



################################################################################################################################################
Starting Execution:	[11 out of 23] test cases in the current suite
Test Method:		[tests.gui.google.G_Search_PageObjectModel_ThreadSafe.navigateToGoogleHomeAndAssertPageTitle]
###############################################################################################################################################



################################################################################################################################################
Starting Execution:	[12 out of 23] test cases in the current suite
Test Method:		[tests.gui.google.G_Search_PageObjectModel_ThreadSafe.searchForQueryAndAssertFirstResultTextIsCorrect]
###############################################################################################################################################

[ReportManager] An Exception Occured with this Message: src/test/resources/testDataFiles/Google/SimpleSearch.xlsx (No such file or directory). @25-03-2022 13:30:30.0566 PM
[ReportManager] Successfully created attachment [Exception Stack Trace - java.io.FileNotFoundException] @25-03-2022 13:30:30.0566 PM
[ReportManager] Couldn't find the desired file. [src/test/resources/testDataFiles/Google/SimpleSearch.xlsx]. @25-03-2022 13:30:30.0567 P


################################################################################################################################################
Starting Execution:	[13 out of 23] test cases in the current suite
Test Method:		[tests.gui.google.E_Search_PageObjectModel_Traditional_SHAFTAssertions.navigateToGoogleHomeAndAssertGoogleLogoIsDisplayed]
###############################################################################################################################################



################################################################################################################################################
Starting Execution:	[14 out of 23] test cases in the current suite
Test Method:		[tests.gui.google.E_Search_PageObjectModel_Traditional_SHAFTAssertions.navigateToGoogleHomeAndAssertPageTitle]
###############################################################################################################################################



################################################################################################################################################
Starting Execution:	[15 out of 23] test cases in the current suite
Test Method:		[tests.gui.google.E_Search_PageObjectModel_Traditional_SHAFTAssertions.searchForQueryAndAssertFirstResultTextIsCorrect]
###############################################################################################################################################

[ReportManager] An Exception Occured with this Message: src/test/resources/testDataFiles/Google/SimpleSearch.xlsx (No such file or directory). @25-03-2022 13:30:30.0595 PM
[ReportManager] Successfully created attachment [Exception Stack Trace - java.io.FileNotFoundException] @25-03-2022 13:30:30.0596 PM
[ReportManager] Couldn't find the desired file. [src/test/resources/testDataFiles/Google/SimpleSearch.xlsx]. @25-03-2022 13:30:30.0596 P


################################################################################################################################################
Starting Execution:	[16 out of 23] test cases in the current suite
Test Method:		[tests.gui.google.F_Search_PageObjectModel_Fluent.navigateToGoogleHomeAndAssertGoogleLogoIsDisplayed]
###############################################################################################################################################



################################################################################################################################################
Starting Execution:	[17 out of 23] test cases in the current suite
Test Method:		[tests.gui.google.F_Search_PageObjectModel_Fluent.navigateToGoogleHomeAndAssertPageTitle]
###############################################################################################################################################



################################################################################################################################################
Starting Execution:	[18 out of 23] test cases in the current suite
Test Method:		[tests.gui.google.F_Search_PageObjectModel_Fluent.searchForQueryAndAssertFirstResultTextIsCorrect]
###############################################################################################################################################

[ReportManager] File Action [GetAbsolutePath] successfully performed. With the following test data [Relative Folder Path: "target/downloadedFiles/"]. @25-03-2022 13:30:30.0641 PM
[ReportManager] Attempting to run remotely on: [Linux-64], [GoogleChrome], [http://localhost:4444/wd/hub], Headless Execution. @25-03-2022 13:30:30.0641 PM
[ReportManager] Successfully Opened [GoogleChrome]. @25-03-2022 13:30:31.0049 PM
[ReportManager] Target URL: [https://www.google.com/ncr], and after redirection: [https://www.google.com] @25-03-2022 13:30:31.0049 PM
[ReportManager] Initial URL: [data:,] @25-03-2022 13:30:31.0122 PM
[ReportManager] Browser Action [NavigateToURL] successfully performed. With the following test data [https://www.google.com/ncr]. @25-03-2022 13:30:32.0153 P

################################################################################################################################################
Starting Execution:	[19 out of 23] test cases in the current suite
Test Method:		[tests.gui.google.B_Search_FlatTest_SHAFT.navigateToGoogleHomeAndAssertGoogleLogoIsDisplayed]
################################################################################################################################################
[ReportManager] File Action [DoesFileExist] successfully performed. With the following test data [File Path: "src/main/resources/dynamicObjectRepository/tests_gui_google_B_Search_FlatTest_SHAFT_navigateToGoogleHomeAndAssertGoogleLogoIsDisplayed_By_xpath_img_id_hplogo_or_alt_Google.png"]. @25-03-2022 13:30:32.0158 PM
[ReportManager] File Action [GetAbsolutePath] successfully performed. With the following test data [Relative Folder Path: "src/main/resources/dynamicObjectRepository/tests_gui_google_B_Search_FlatTest_SHAFT_navigateToGoogleHomeAndAssertGoogleLogoIsDisplayed_By_xpath_img_id_hplogo_or_alt_Google.png"]. @25-03-2022 13:30:32.0159 PM
[ReportManager] File Action [ReadFromImageFile] successfully performed. With the following test data [File Path: "/home/runner/work/using_SHAFT_ENGINE/using_SHAFT_ENGINE/src/main/resources/dynamicObjectRepository/tests_gui_google_B_Search_FlatTest_SHAFT_navigateToGoogleHomeAndAssertGoogleLogoIsDisplayed_By_xpath_img_id_hplogo_or_alt_Google.png"]. @25-03-2022 13:30:32.0159 PM
[ReportManager] File Action [DoesFileExist] successfully performed. With the following test data [File Path: "src/main/resources/dynamicObjectRepository/tests_gui_google_B_Search_FlatTest_SHAFT_navigateToGoogleHomeAndAssertGoogleLogoIsDisplayed_By_xpath_img_id_hplogo_or_alt_Google.png"]. @25-03-2022 13:30:32.0377 PM
[ReportManager] File Action [DoesFileExist] successfully performed. With the following test data [File Path: "src/main/resources/dynamicObjectRepository/tests_gui_google_B_Search_FlatTest_SHAFT_navigateToGoogleHomeAndAssertGoogleLogoIsDisplayed_By_xpath_img_id_hplogo_or_alt_Google.png"]. @25-03-2022 13:30:32.0377 PM
[ReportManager] File Action [GetAbsolutePath] successfully performed. With the following test data [Relative Folder Path: "src/main/resources/dynamicObjectRepository/tests_gui_google_B_Search_FlatTest_SHAFT_navigateToGoogleHomeAndAssertGoogleLogoIsDisplayed_By_xpath_img_id_hplogo_or_alt_Google.png"]. @25-03-2022 13:30:32.0394 PM
[ReportManager] File Action [ReadFromImageFile] successfully performed. With the following test data [File Path: "/home/runner/work/using_SHAFT_ENGINE/using_SHAFT_ENGINE/src/main/resources/dynamicObjectRepository/tests_gui_google_B_Search_FlatTest_SHAFT_navigateToGoogleHomeAndAssertGoogleLogoIsDisplayed_By_xpath_img_id_hplogo_or_alt_Google.png"]. @25-03-2022 13:30:32.0394 PM
[ReportManager] Accuracy threshold is [80.0%] and the actual match accuracy is [91.50802493095398%]. @25-03-2022 13:30:32.0398 PM
[ReportManager] Successfully identified the element using AI; OpenCV. @25-03-2022 13:30:32.0398 PM
[ReportManager] Assertion Passed: Asserting that the Google logo is displayed @25-03-2022 13:30:32.0400 PM
[ReportManager] Successfully created attachment [Validation Test Data - Reference Screenshot] @25-03-2022 13:30:32.0400 PM
[ReportManager] Successfully created attachment [Validation Test Data - Actual Screenshot] @25-03-2022 13:30:32.0400 PM
[ReportManager] Assertion [ValidateElementMatches] PASSED. Expected [Element should match the reference screenshot] and Actual [TRUE]. Comparison Type [EXACT_OPENCV]. Validation Type [POSITIVE]. @25-03-2022 13:30:32.0400 P
[ReportManager] Browser Action [CloseCurrentWindow] successfully performed. @25-03-2022 13:30:32.0534 PM
[ReportManager] Successfully created attachment [Browser Action Test Data - CloseCurrentWindow - Actual Value] @25-03-2022 13:30:32.0536 P
[ReportManager] File Action [GetAbsolutePath] successfully performed. With the following test data [Relative Folder Path: "target/downloadedFiles/"]. @25-03-2022 13:30:32.0541 PM
[ReportManager] Attempting to run remotely on: [Linux-64], [GoogleChrome], [http://localhost:4444/wd/hub], Headless Execution. @25-03-2022 13:30:32.0542 PM
[ReportManager] Successfully Opened [GoogleChrome]. @25-03-2022 13:30:32.0739 PM
[ReportManager] Target URL: [https://www.google.com/ncr], and after redirection: [https://www.google.com] @25-03-2022 13:30:32.0739 PM
[ReportManager] Initial URL: [data:,] @25-03-2022 13:30:32.0805 PM
[ReportManager] Browser Action [NavigateToURL] successfully performed. With the following test data [https://www.google.com/ncr]. @25-03-2022 13:30:33.0835 P

################################################################################################################################################
Starting Execution:	[20 out of 23] test cases in the current suite
Test Method:		[tests.gui.google.B_Search_FlatTest_SHAFT.navigateToGoogleHomeAndAssertPageTitle]
################################################################################################################################################
[ReportManager] Browser Action [GetCurrentWindowTitle] successfully performed. With the following test data [Google]. @25-03-2022 13:30:33.0911 PM
[ReportManager] Assertion Passed: Asserting that the page title is Google @25-03-2022 13:30:34.0487 PM
[ReportManager] Successfully created attachment [Screenshot - 1648215034126_navigateToGoogleHomeAndAssertPageTitle_ValidateBrowserAttribute_passed] @25-03-2022 13:30:34.0493 PM
[ReportManager] Assertion [ValidateBrowserAttribute] PASSED. Expected [Value Should be 'Google' for the 'Title' attribute] and Actual [Google]. Comparison Type [EQUALS]. Validation Type [POSITIVE]. @25-03-2022 13:30:34.0493 P
[ReportManager] Browser Action [CloseCurrentWindow] successfully performed. @25-03-2022 13:30:34.0622 PM
[ReportManager] Successfully created attachment [Browser Action Test Data - CloseCurrentWindow - Actual Value] @25-03-2022 13:30:34.0624 P
[ReportManager] File Action [GetAbsolutePath] successfully performed. With the following test data [Relative Folder Path: "target/downloadedFiles/"]. @25-03-2022 13:30:34.0626 PM
[ReportManager] Attempting to run remotely on: [Linux-64], [GoogleChrome], [http://localhost:4444/wd/hub], Headless Execution. @25-03-2022 13:30:34.0626 PM
[ReportManager] Successfully Opened [GoogleChrome]. @25-03-2022 13:30:34.0829 PM
[ReportManager] Target URL: [https://www.google.com/ncr], and after redirection: [https://www.google.com] @25-03-2022 13:30:34.0829 PM
[ReportManager] Initial URL: [data:,] @25-03-2022 13:30:34.0913 PM
[ReportManager] Browser Action [NavigateToURL] successfully performed. With the following test data [https://www.google.com/ncr]. @25-03-2022 13:30:35.0872 P

################################################################################################################################################
Starting Execution:	[21 out of 23] test cases in the current suite
Test Method:		[tests.gui.google.B_Search_FlatTest_SHAFT.searchForQueryAndAssertFirstResultTextIsCorrect]
################################################################################################################################################
[ReportManager] Element Action [Type] successfully performed. With the following test data [SHAFT_Engine]. @25-03-2022 13:30:36.0648 PM
[ReportManager] Element Action [KeyPress] successfully performed. With the following test data [ENTER]. @25-03-2022 13:30:37.0807 PM
[ReportManager] Element Action [GetText] successfully performed. With the following test data [SHAFT_ENGINE is a Test Automation Engine that ... - GitHub]. @25-03-2022 13:30:37.0929 PM
[ReportManager] Assertion Failed: Asserting that the correct first result is displayed @25-03-2022 13:30:38.0528 PM
[ReportManager] Successfully created attachment [Screenshot - 1648215038375_searchForQueryAndAssertFirstResultTextIsCorrect_ValidateElementAttribute_failed] @25-03-2022 13:30:38.0536 PM
[ReportManager] Assertion [ValidateElementAttribute] FAILED. Expected [Value Should be 'MohabMohie' for the 'Text' attribute, element locator 'By.xpath: (//h1[contains(text(),'Search Result')]/following-sibling::div//a/h3)[1]'] and Actual [SHAFT_ENGINE is a Test Automation Engine that ... - GitHub]. Comparison Type [CONTAINS]. Validation Type [POSITIVE]. @25-03-2022 13:30:38.0536 P
[ReportManager] Browser Action [CloseCurrentWindow] successfully performed. @25-03-2022 13:30:38.0728 PM
[ReportManager] Successfully created attachment [Browser Action Test Data - CloseCurrentWindow - Actual Value] @25-03-2022 13:30:38.0734 P

################################################################################################################################################
Starting Execution:	[22 out of 23] test cases in the current suite
Test Method:		[tests.cli.demo.cliTest.sampleTestCase]
################################################################################################################################################
[ReportManager] Attempting to perform the following command locally. Command: [ls] @25-03-2022 13:30:38.0741 PM
[ReportManager] Terminal Action [PerformTerminalCommands] successfully performed. With the following test data [Host Name: "localHost" | Command: "ls" | Exit Status: "0"]. @25-03-2022 13:30:38.0745 PM
[ReportManager] Successfully created attachment [Terminal Action Actual Result - Command Log] @25-03-2022 13:30:38.0745 PM
[ReportManager] Assertion Passed: Demoing local terminal actions @25-03-2022 13:30:38.0746 PM
[ReportManager] Assertion [ValidateEquals] PASSED. Expected [pom.xml] and Actual [LICENSE
README.md
allure-results
docker-compose_native.yml
docker-compose_zalenium.yml
extent-reports
generateJdkMac.sh
pom.xml
readMeImgs
src
target]. Comparison Type [CONTAINS]. Validation Type [POSITIVE]. @25-03-2022 13:30:38.0746 P

################################################################################################################################################
Starting Execution:	[23 out of 23] test cases in the current suite
Test Method:		[tests.api.users.UserData.validateUserEmail]
################################################################################################################################################
[ReportManager] Response status code: [200], status line: [HTTP/1.1 200 OK] @25-03-2022 13:30:40.0451 PM
[ReportManager] Assertion Passed: Evaluating the actual response status code against the expected one... @25-03-2022 13:30:40.0458 PM
[ReportManager] Assertion [ValidateComparativeRelation] PASSED. Expected [200] and Actual [200]. Comparison Type [EQUALS]. Validation Type [POSITIVE]. @25-03-2022 13:30:40.0459 PM
[ReportManager] API Action [PerformRequest] successfully performed. With the following test data [Request Type: "GET" | Target Status Code: "200" | Service URL: "https://jsonplaceholder.typicode.com/users" | Content Type: "*/*" | Response Time: "640ms"]. @25-03-2022 13:30:41.0307 PM
[ReportManager] Successfully created attachment [API Request - Specifications] @25-03-2022 13:30:41.0307 PM
[ReportManager] Successfully created attachment [API Response - JSON Body] @25-03-2022 13:30:41.0587 PM
[ReportManager] Assertion [ValidateEquals] PASSED. Expected and Actual values are attached. Comparison Type [CONTAINS]. Validation Type [POSITIVE]. @25-03-2022 13:30:41.0587 PM
[ReportManager] Successfully created attachment [Validation Test Data - Expected Value] @25-03-2022 13:30:41.0588 PM
[ReportManager] Successfully created attachment [Validation Test Data - Actual Value] @25-03-2022 13:30:41.0588 PM
[ReportManager] API Action [GetResponseJSONValueAsList] successfully performed. With the following test data [$]. @25-03-2022 13:30:41.0603 PM
[ReportManager] API Action [GetResponseJSONValue] successfully performed. With the following test data [name]. @25-03-2022 13:30:41.0648 PM
[ReportManager] API Action [GetResponseJSONValue] successfully performed. With the following test data [email]. @25-03-2022 13:30:41.0669 PM
[ReportManager] Assertion [ValidateEquals] PASSED. Expected [Sincere@april.biz] and Actual [Sincere@april.biz]. Comparison Type [EQUALS]. Validation Type [POSITIVE]. @25-03-2022 13:30:41.0670 PM
[ReportManager] API Action [GetResponseJSONValue] successfully performed. With the following test data [name]. @25-03-2022 13:30:41.0690 PM
[ReportManager] API Action [GetResponseJSONValue] successfully performed. With the following test data [name]. @25-03-2022 13:30:41.0704 PM
[ReportManager] API Action [GetResponseJSONValue] successfully performed. With the following test data [name]. @25-03-2022 13:30:41.0731 PM
[ReportManager] API Action [GetResponseJSONValue] successfully performed. With the following test data [name]. @25-03-2022 13:30:41.0750 PM
[ReportManager] API Action [GetResponseJSONValue] successfully performed. With the following test data [name]. @25-03-2022 13:30:41.0765 PM
[ReportManager] API Action [GetResponseJSONValue] successfully performed. With the following test data [name]. @25-03-2022 13:30:41.0778 PM
[ReportManager] API Action [GetResponseJSONValue] successfully performed. With the following test data [name]. @25-03-2022 13:30:41.0792 PM
[ReportManager] API Action [GetResponseJSONValue] successfully performed. With the following test data [name]. @25-03-2022 13:30:41.0805 PM
[ReportManager] API Action [GetResponseJSONValue] successfully performed. With the following test data [name]. @25-03-2022 13:30:41.0818 P
[ReportManager] Successfully created attachment [SHAFT Engine Logs - Execution log] @25-03-2022 13:30:41.0858 PM

################################################################################################################################################
This test run was powered by SHAFT Engine Version: [SHAFT Engine v6.1.20220113]
SHAFT Engine is licensed under the MIT License: [https://github.com/MohabMohie/SHAFT_ENGINE/blob/master/LICENSE].
################################################################################################################################################