################################################################################################################################################
Detected SHAFT Engine Version: [SHAFT Engine v5.4.20211202-BETA]
################################################################################################################################################
[ReportManager] File Action [GetAbsolutePath] successfully performed. With the following test data [Relative Folder Path: "target/downloadedFiles/"]. @25-12-2021 01:32:43.0702 AM
[ReportManager] Attempting to run remotely on: [Linux-64], [GoogleChrome], [http://localhost:4444/wd/hub], Headless Execution. @25-12-2021 01:32:43.0717 AM
[ReportManager] Successfully Opened [GoogleChrome]. @25-12-2021 01:32:45.0926 AM
[ReportManager] Target URL: [https://www.google.com/ncr], and after redirection: [https://www.google.com] @25-12-2021 01:32:45.0939 AM
[ReportManager] Initial URL: [data:,] @25-12-2021 01:32:46.0066 AM
[ReportManager] Browser Action [NavigateToURL] successfully performed. With the following test data [https://www.google.com/ncr]. @25-12-2021 01:32:47.0570 A

################################################################################################################################################
Starting Execution:	[1 out of 23] test cases in the current suite
Test Method:		[tests.gui.google.B_Search_FlatTest_SHAFT.navigateToGoogleHomeAndAssertGoogleLogoIsDisplayed]
################################################################################################################################################
[ReportManager] File Action [DoesFileExist] successfully performed. With the following test data [File Path: "src/main/resources/dynamicObjectRepository/tests_gui_google_B_Search_FlatTest_SHAFT_navigateToGoogleHomeAndAssertGoogleLogoIsDisplayed_By_xpath_img_id_hplogo_or_alt_Google.png"]. @25-12-2021 01:32:47.0742 AM
[ReportManager] File Action [GetAbsolutePath] successfully performed. With the following test data [Relative Folder Path: "src/main/resources/dynamicObjectRepository/tests_gui_google_B_Search_FlatTest_SHAFT_navigateToGoogleHomeAndAssertGoogleLogoIsDisplayed_By_xpath_img_id_hplogo_or_alt_Google.png"]. @25-12-2021 01:32:47.0742 AM
[ReportManager] File Action [ReadFromImageFile] successfully performed. With the following test data [File Path: "/home/runner/work/using_SHAFT_ENGINE/using_SHAFT_ENGINE/src/main/resources/dynamicObjectRepository/tests_gui_google_B_Search_FlatTest_SHAFT_navigateToGoogleHomeAndAssertGoogleLogoIsDisplayed_By_xpath_img_id_hplogo_or_alt_Google.png"]. @25-12-2021 01:32:47.0743 AM
[ReportManager] File Action [DoesFileExist] successfully performed. With the following test data [File Path: "src/main/resources/dynamicObjectRepository/tests_gui_google_B_Search_FlatTest_SHAFT_navigateToGoogleHomeAndAssertGoogleLogoIsDisplayed_By_xpath_img_id_hplogo_or_alt_Google.png"]. @25-12-2021 01:32:48.0088 AM
[ReportManager] File Action [DoesFileExist] successfully performed. With the following test data [File Path: "src/main/resources/dynamicObjectRepository/tests_gui_google_B_Search_FlatTest_SHAFT_navigateToGoogleHomeAndAssertGoogleLogoIsDisplayed_By_xpath_img_id_hplogo_or_alt_Google.png"]. @25-12-2021 01:32:48.0088 AM
[ReportManager] Loaded Shared OpenCV @25-12-2021 01:32:48.0573 AM
[ReportManager] Successfully identified the element using AI; OpenCV. @25-12-2021 01:32:48.0611 AM
[ReportManager] Assertion Passed: Asserting that the Google logo is displayed @25-12-2021 01:32:48.0615 AM
[ReportManager] Successfully created attachment [Validation Test Data - Reference Screenshot] @25-12-2021 01:32:48.0620 AM
[ReportManager] Successfully created attachment [Validation Test Data - Actual Screenshot] @25-12-2021 01:32:48.0621 AM
[ReportManager] Assertion [ValidateElementMatches] PASSED. Expected [Element should match the reference screenshot] and Actual [TRUE]. Comparison Type [EXACT_OPENCV]. Validation Type [POSITIVE]. @25-12-2021 01:32:48.0621 A
[ReportManager] Browser Action [CloseCurrentWindow] successfully performed. @25-12-2021 01:32:48.0826 AM
[ReportManager] Successfully created attachment [Browser Action Test Data - CloseCurrentWindow - Actual Value] @25-12-2021 01:32:48.0837 A
[ReportManager] File Action [GetAbsolutePath] successfully performed. With the following test data [Relative Folder Path: "target/downloadedFiles/"]. @25-12-2021 01:32:48.0853 AM
[ReportManager] Attempting to run remotely on: [Linux-64], [GoogleChrome], [http://localhost:4444/wd/hub], Headless Execution. @25-12-2021 01:32:48.0854 AM
[ReportManager] Successfully Opened [GoogleChrome]. @25-12-2021 01:32:49.0337 AM
[ReportManager] Target URL: [https://www.google.com/ncr], and after redirection: [https://www.google.com] @25-12-2021 01:32:49.0338 AM
[ReportManager] Initial URL: [data:,] @25-12-2021 01:32:49.0435 AM
[ReportManager] Browser Action [NavigateToURL] successfully performed. With the following test data [https://www.google.com/ncr]. @25-12-2021 01:32:50.0465 A

################################################################################################################################################
Starting Execution:	[2 out of 23] test cases in the current suite
Test Method:		[tests.gui.google.B_Search_FlatTest_SHAFT.navigateToGoogleHomeAndAssertPageTitle]
################################################################################################################################################
[ReportManager] Browser Action [GetCurrentWindowTitle] successfully performed. With the following test data [Google]. @25-12-2021 01:32:50.0545 AM
[ReportManager] Assertion Passed: Asserting that the page title is Google @25-12-2021 01:32:51.0239 AM
[ReportManager] Successfully created attachment [Screenshot - 1640395970808_navigateToGoogleHomeAndAssertPageTitle_ValidateBrowserAttribute_passed] @25-12-2021 01:32:51.0257 AM
[ReportManager] Assertion [ValidateBrowserAttribute] PASSED. Expected [Value Should be 'Google' for the 'Title' attribute] and Actual [Google]. Comparison Type [EQUALS]. Validation Type [POSITIVE]. @25-12-2021 01:32:51.0257 A
[ReportManager] Browser Action [CloseCurrentWindow] successfully performed. @25-12-2021 01:32:51.0448 AM
[ReportManager] Successfully created attachment [Browser Action Test Data - CloseCurrentWindow - Actual Value] @25-12-2021 01:32:51.0452 A
[ReportManager] File Action [GetAbsolutePath] successfully performed. With the following test data [Relative Folder Path: "target/downloadedFiles/"]. @25-12-2021 01:32:51.0465 AM
[ReportManager] Attempting to run remotely on: [Linux-64], [GoogleChrome], [http://localhost:4444/wd/hub], Headless Execution. @25-12-2021 01:32:51.0466 AM
[ReportManager] Successfully Opened [GoogleChrome]. @25-12-2021 01:32:51.0913 AM
[ReportManager] Target URL: [https://www.google.com/ncr], and after redirection: [https://www.google.com] @25-12-2021 01:32:51.0913 AM
[ReportManager] Initial URL: [data:,] @25-12-2021 01:32:52.0026 AM
[ReportManager] Browser Action [NavigateToURL] successfully performed. With the following test data [https://www.google.com/ncr]. @25-12-2021 01:32:53.0028 A

################################################################################################################################################
Starting Execution:	[3 out of 23] test cases in the current suite
Test Method:		[tests.gui.google.B_Search_FlatTest_SHAFT.searchForQueryAndAssertFirstResultTextIsCorrect]
################################################################################################################################################
[ReportManager] Element Action [Type] successfully performed. With the following test data [SHAFT_Engine]. @25-12-2021 01:32:53.0583 AM
[ReportManager] Element Action [KeyPress] successfully performed. With the following test data [ENTER]. @25-12-2021 01:32:55.0195 AM
[ReportManager] Element Action [GetText] successfully performed. With the following test data [Horizontal Shaft Engines - Harbor Freight Tools]. @25-12-2021 01:32:55.0337 AM
[ReportManager] Loaded Shared OpenCV @25-12-2021 01:32:55.0797 AM
[ReportManager] Assertion Failed: Asserting that the correct first result is displayed @25-12-2021 01:32:56.0091 AM
[ReportManager] Successfully created attachment [Screenshot - 1640395975797_searchForQueryAndAssertFirstResultTextIsCorrect_ValidateElementAttribute_failed] @25-12-2021 01:32:56.0101 AM
[ReportManager] Assertion [ValidateElementAttribute] FAILED. Expected [Value Should be 'MohabMohie' for the 'Text' attribute, element locator 'By.xpath: (//h1[contains(text(),'Search Result')]/following-sibling::div//a/h3)[1]'] and Actual [Horizontal Shaft Engines - Harbor Freight Tools]. Comparison Type [CONTAINS]. Validation Type [POSITIVE]. @25-12-2021 01:32:56.0101 A
[ReportManager] Browser Action [CloseCurrentWindow] successfully performed. @25-12-2021 01:32:56.0513 AM
[ReportManager] Successfully created attachment [Browser Action Test Data - CloseCurrentWindow - Actual Value] @25-12-2021 01:32:56.0532 A
[ReportManager] An Exception Occured with this Message: src/test/resources/testDataFiles/Google/SimpleSearch.xlsx (No such file or directory). @25-12-2021 01:32:56.0548 AM
[ReportManager] Successfully created attachment [Exception Stack Trace - java.io.FileNotFoundException] @25-12-2021 01:32:56.0549 AM
[ReportManager] Couldn't find the desired file. [src/test/resources/testDataFiles/Google/SimpleSearch.xlsx]. @25-12-2021 01:32:56.0550 A


################################################################################################################################################
Starting Execution:	[4 out of 23] test cases in the current suite
Test Method:		[tests.gui.google.G_Search_PageObjectModel_ThreadSafe.navigateToGoogleHomeAndAssertGoogleLogoIsDisplayed]
###############################################################################################################################################



################################################################################################################################################
Starting Execution:	[5 out of 23] test cases in the current suite
Test Method:		[tests.gui.google.G_Search_PageObjectModel_ThreadSafe.navigateToGoogleHomeAndAssertPageTitle]
###############################################################################################################################################



################################################################################################################################################
Starting Execution:	[6 out of 23] test cases in the current suite
Test Method:		[tests.gui.google.G_Search_PageObjectModel_ThreadSafe.searchForQueryAndAssertFirstResultTextIsCorrect]
###############################################################################################################################################

[ReportManager] File Action [GetAbsolutePath] successfully performed. With the following test data [Relative Folder Path: "target/downloadedFiles/"]. @25-12-2021 01:32:56.0579 AM
[ReportManager] Attempting to run remotely on: [Linux-64], [GoogleChrome], [http://localhost:4444/wd/hub], Headless Execution. @25-12-2021 01:32:56.0579 AM
[ReportManager] Successfully Opened [GoogleChrome]. @25-12-2021 01:32:56.0950 AM
[ReportManager] Target URL: [https://www.google.com/ncr], and after redirection: [https://www.google.com] @25-12-2021 01:32:56.0951 AM
[ReportManager] Initial URL: [data:,] @25-12-2021 01:32:57.0063 AM
[ReportManager] Browser Action [NavigateToURL] successfully performed. With the following test data [https://www.google.com/ncr]. @25-12-2021 01:32:57.0996 A

################################################################################################################################################
Starting Execution:	[7 out of 23] test cases in the current suite
Test Method:		[tests.gui.google.C_Search_PageObjectModel_Traditional.navigateToGoogleHomeAndAssertGoogleLogoIsDisplayed]
################################################################################################################################################
[ReportManager] Element Action [IsElementDisplayed] successfully performed. @25-12-2021 01:32:58.0151 AM
[ReportManager] Assertion Passed: Asserting that the Google logo is displayed @25-12-2021 01:32:58.0152 AM
[ReportManager] Assertion [ValidateTrue] PASSED. Expected [TRUE] and Actual [TRUE]. Validation Type [POSITIVE]. @25-12-2021 01:32:58.0152 A
[ReportManager] Browser Action [CloseCurrentWindow] successfully performed. @25-12-2021 01:32:58.0308 AM
[ReportManager] Successfully created attachment [Browser Action Test Data - CloseCurrentWindow - Actual Value] @25-12-2021 01:32:58.0310 A
[ReportManager] File Action [GetAbsolutePath] successfully performed. With the following test data [Relative Folder Path: "target/downloadedFiles/"]. @25-12-2021 01:32:58.0316 AM
[ReportManager] Attempting to run remotely on: [Linux-64], [GoogleChrome], [http://localhost:4444/wd/hub], Headless Execution. @25-12-2021 01:32:58.0316 AM
[ReportManager] Successfully Opened [GoogleChrome]. @25-12-2021 01:32:58.0615 AM
[ReportManager] Target URL: [https://www.google.com/ncr], and after redirection: [https://www.google.com] @25-12-2021 01:32:58.0615 AM
[ReportManager] Initial URL: [data:,] @25-12-2021 01:32:58.0706 AM
[ReportManager] Browser Action [NavigateToURL] successfully performed. With the following test data [https://www.google.com/ncr]. @25-12-2021 01:32:59.0773 A

################################################################################################################################################
Starting Execution:	[8 out of 23] test cases in the current suite
Test Method:		[tests.gui.google.C_Search_PageObjectModel_Traditional.navigateToGoogleHomeAndAssertPageTitle]
################################################################################################################################################
[ReportManager] Browser Action [GetCurrentWindowTitle] successfully performed. With the following test data [Google]. @25-12-2021 01:32:59.0831 AM
[ReportManager] Assertion Passed: Asserting that the page title is Google @25-12-2021 01:32:59.0831 AM
[ReportManager] Assertion [ValidateEquals] PASSED. Expected [Google] and Actual [Google]. Comparison Type [EQUALS]. Validation Type [POSITIVE]. @25-12-2021 01:32:59.0831 A
[ReportManager] Browser Action [CloseCurrentWindow] successfully performed. @25-12-2021 01:32:59.0987 AM
[ReportManager] Successfully created attachment [Browser Action Test Data - CloseCurrentWindow - Actual Value] @25-12-2021 01:32:59.0988 A
[ReportManager] File Action [GetAbsolutePath] successfully performed. With the following test data [Relative Folder Path: "target/downloadedFiles/"]. @25-12-2021 01:33:00.0001 AM
[ReportManager] Attempting to run remotely on: [Linux-64], [GoogleChrome], [http://localhost:4444/wd/hub], Headless Execution. @25-12-2021 01:33:00.0002 AM
[ReportManager] Successfully Opened [GoogleChrome]. @25-12-2021 01:33:00.0235 AM
[ReportManager] Target URL: [https://www.google.com/ncr], and after redirection: [https://www.google.com] @25-12-2021 01:33:00.0236 AM
[ReportManager] Initial URL: [data:,] @25-12-2021 01:33:00.0327 AM
[ReportManager] Browser Action [NavigateToURL] successfully performed. With the following test data [https://www.google.com/ncr]. @25-12-2021 01:33:01.0287 A

################################################################################################################################################
Starting Execution:	[9 out of 23] test cases in the current suite
Test Method:		[tests.gui.google.C_Search_PageObjectModel_Traditional.searchForQueryAndAssertFirstResultTextIsCorrect]
################################################################################################################################################
[ReportManager] Element Action [Type] successfully performed. With the following test data [SHAFT_Engine]. @25-12-2021 01:33:01.0802 AM
[ReportManager] Element Action [KeyPress] successfully performed. With the following test data [ENTER]. @25-12-2021 01:33:03.0115 AM
[ReportManager] Element Action [GetText] successfully performed. With the following test data [Horizontal Shaft Engines - Harbor Freight Tools]. @25-12-2021 01:33:03.0269 AM
[ReportManager] Assertion Failed: Asserting that the correct first result is displayed @25-12-2021 01:33:03.0270 AM
[ReportManager] Assertion [ValidateEquals] FAILED. Expected [MohabMohie] and Actual [Horizontal Shaft Engines - Harbor Freight Tools]. Comparison Type [CONTAINS]. Validation Type [POSITIVE]. @25-12-2021 01:33:03.0270 A
[ReportManager] Browser Action [CloseCurrentWindow] successfully performed. @25-12-2021 01:33:03.0588 AM
[ReportManager] Successfully created attachment [Browser Action Test Data - CloseCurrentWindow - Actual Value] @25-12-2021 01:33:03.0593 A
[ReportManager] An Exception Occured with this Message: src/test/resources/testDataFiles/Google/SimpleSearch.xlsx (No such file or directory). @25-12-2021 01:33:03.0604 AM
[ReportManager] Successfully created attachment [Exception Stack Trace - java.io.FileNotFoundException] @25-12-2021 01:33:03.0604 AM
[ReportManager] Couldn't find the desired file. [src/test/resources/testDataFiles/Google/SimpleSearch.xlsx]. @25-12-2021 01:33:03.0605 A


################################################################################################################################################
Starting Execution:	[10 out of 23] test cases in the current suite
Test Method:		[tests.gui.google.F_Search_PageObjectModel_Fluent.navigateToGoogleHomeAndAssertGoogleLogoIsDisplayed]
###############################################################################################################################################



################################################################################################################################################
Starting Execution:	[11 out of 23] test cases in the current suite
Test Method:		[tests.gui.google.F_Search_PageObjectModel_Fluent.navigateToGoogleHomeAndAssertPageTitle]
###############################################################################################################################################



################################################################################################################################################
Starting Execution:	[12 out of 23] test cases in the current suite
Test Method:		[tests.gui.google.F_Search_PageObjectModel_Fluent.searchForQueryAndAssertFirstResultTextIsCorrect]
###############################################################################################################################################

[ReportManager] An Exception Occured with this Message: src/test/resources/testDataFiles/Google/SimpleSearch.xlsx (No such file or directory). @25-12-2021 01:33:03.0648 AM
[ReportManager] Successfully created attachment [Exception Stack Trace - java.io.FileNotFoundException] @25-12-2021 01:33:03.0648 AM
[ReportManager] Couldn't find the desired file. [src/test/resources/testDataFiles/Google/SimpleSearch.xlsx]. @25-12-2021 01:33:03.0651 A


################################################################################################################################################
Starting Execution:	[13 out of 23] test cases in the current suite
Test Method:		[tests.gui.google.E_Search_PageObjectModel_Traditional_SHAFTAssertions.navigateToGoogleHomeAndAssertGoogleLogoIsDisplayed]
###############################################################################################################################################



################################################################################################################################################
Starting Execution:	[14 out of 23] test cases in the current suite
Test Method:		[tests.gui.google.E_Search_PageObjectModel_Traditional_SHAFTAssertions.navigateToGoogleHomeAndAssertPageTitle]
###############################################################################################################################################



################################################################################################################################################
Starting Execution:	[15 out of 23] test cases in the current suite
Test Method:		[tests.gui.google.E_Search_PageObjectModel_Traditional_SHAFTAssertions.searchForQueryAndAssertFirstResultTextIsCorrect]
###############################################################################################################################################

[ReportManager] An Exception Occured with this Message: src/test/resources/testDataFiles/Google/SimpleSearch.xlsx (No such file or directory). @25-12-2021 01:33:03.0685 AM
[ReportManager] Successfully created attachment [Exception Stack Trace - java.io.FileNotFoundException] @25-12-2021 01:33:03.0689 AM
[ReportManager] Couldn't find the desired file. [src/test/resources/testDataFiles/Google/SimpleSearch.xlsx]. @25-12-2021 01:33:03.0690 A


################################################################################################################################################
Starting Execution:	[16 out of 23] test cases in the current suite
Test Method:		[tests.gui.google.D_Search_PageObjectModel_Traditional_DataDriven.navigateToGoogleHomeAndAssertGoogleLogoIsDisplayed]
###############################################################################################################################################



################################################################################################################################################
Starting Execution:	[17 out of 23] test cases in the current suite
Test Method:		[tests.gui.google.D_Search_PageObjectModel_Traditional_DataDriven.navigateToGoogleHomeAndAssertPageTitle]
###############################################################################################################################################



################################################################################################################################################
Starting Execution:	[18 out of 23] test cases in the current suite
Test Method:		[tests.gui.google.D_Search_PageObjectModel_Traditional_DataDriven.searchForQueryAndAssertFirstResultTextIsCorrect]
###############################################################################################################################################




################################################################################################################################################
Starting Execution:	[19 out of 23] test cases in the current suite
Test Method:		[tests.gui.google.A_Search_FlatTest_NativeSeleniumWebDriver.navigateToGoogleHomeAndAssertGoogleLogoIsDisplayed]
###############################################################################################################################################



################################################################################################################################################
Starting Execution:	[20 out of 23] test cases in the current suite
Test Method:		[tests.gui.google.A_Search_FlatTest_NativeSeleniumWebDriver.navigateToGoogleHomeAndAssertPageTitle]
###############################################################################################################################################



################################################################################################################################################
Starting Execution:	[21 out of 23] test cases in the current suite
Test Method:		[tests.gui.google.A_Search_FlatTest_NativeSeleniumWebDriver.searchForQueryAndAssertFirstResultTextIsCorrect]
###############################################################################################################################################


################################################################################################################################################
Starting Execution:	[22 out of 23] test cases in the current suite
Test Method:		[tests.api.users.UserData.validateUserEmail]
################################################################################################################################################
[ReportManager] Response status code: [200], status line: [HTTP/1.1 200 OK] @25-12-2021 01:33:36.0281 AM
[ReportManager] Assertion Passed: Evaluating the actual response status code against the expected one... @25-12-2021 01:33:36.0286 AM
[ReportManager] Assertion [ValidateComparativeRelation] PASSED. Expected [200] and Actual [200]. Comparison Type [EQUALS]. Validation Type [POSITIVE]. @25-12-2021 01:33:36.0287 AM
[ReportManager] API Action [PerformRequest] successfully performed. With the following test data [Request Type: "GET" | Target Status Code: "200" | Service URL: "https://jsonplaceholder.typicode.com/users" | Content Type: "*/*" | Response Time: "615ms"]. @25-12-2021 01:33:37.0397 AM
[ReportManager] Successfully created attachment [API Request - Specifications] @25-12-2021 01:33:37.0397 AM
[ReportManager] Successfully created attachment [API Response - JSON Body] @25-12-2021 01:33:37.0619 AM
[ReportManager] Assertion [ValidateEquals] PASSED. Expected and Actual values are attached. Comparison Type [CONTAINS]. Validation Type [POSITIVE]. @25-12-2021 01:33:37.0620 AM
[ReportManager] Successfully created attachment [Validation Test Data - Expected Value] @25-12-2021 01:33:37.0620 AM
[ReportManager] Successfully created attachment [Validation Test Data - Actual Value] @25-12-2021 01:33:37.0620 AM
[ReportManager] API Action [GetResponseJSONValueAsList] successfully performed. With the following test data [$]. @25-12-2021 01:33:37.0645 AM
[ReportManager] API Action [GetResponseJSONValue] successfully performed. With the following test data [name]. @25-12-2021 01:33:37.0669 AM
[ReportManager] API Action [GetResponseJSONValue] successfully performed. With the following test data [email]. @25-12-2021 01:33:37.0692 AM
[ReportManager] Assertion [ValidateEquals] PASSED. Expected [Sincere@april.biz] and Actual [Sincere@april.biz]. Comparison Type [EQUALS]. Validation Type [POSITIVE]. @25-12-2021 01:33:37.0693 AM
[ReportManager] API Action [GetResponseJSONValue] successfully performed. With the following test data [name]. @25-12-2021 01:33:37.0718 AM
[ReportManager] API Action [GetResponseJSONValue] successfully performed. With the following test data [name]. @25-12-2021 01:33:37.0731 AM
[ReportManager] API Action [GetResponseJSONValue] successfully performed. With the following test data [name]. @25-12-2021 01:33:37.0748 AM
[ReportManager] API Action [GetResponseJSONValue] successfully performed. With the following test data [name]. @25-12-2021 01:33:37.0768 AM
[ReportManager] API Action [GetResponseJSONValue] successfully performed. With the following test data [name]. @25-12-2021 01:33:37.0792 AM
[ReportManager] API Action [GetResponseJSONValue] successfully performed. With the following test data [name]. @25-12-2021 01:33:37.0806 AM
[ReportManager] API Action [GetResponseJSONValue] successfully performed. With the following test data [name]. @25-12-2021 01:33:37.0823 AM
[ReportManager] API Action [GetResponseJSONValue] successfully performed. With the following test data [name]. @25-12-2021 01:33:37.0837 AM
[ReportManager] API Action [GetResponseJSONValue] successfully performed. With the following test data [name]. @25-12-2021 01:33:37.0853 A

################################################################################################################################################
Starting Execution:	[23 out of 23] test cases in the current suite
Test Method:		[tests.cli.demo.cliTest.sampleTestCase]
################################################################################################################################################
[ReportManager] Attempting to perform the following command locally. Command: [ls] @25-12-2021 01:33:37.0868 AM
[ReportManager] Terminal Action [PerformTerminalCommands] successfully performed. With the following test data [Host Name: "localHost" | Command: "ls" | Exit Status: "0"]. @25-12-2021 01:33:37.0874 AM
[ReportManager] Successfully created attachment [Terminal Action Actual Result - Command Log] @25-12-2021 01:33:37.0874 AM
[ReportManager] Assertion Passed: Demoing local terminal actions @25-12-2021 01:33:37.0874 AM
[ReportManager] Assertion [ValidateEquals] PASSED. Expected [pom.xml] and Actual [LICENSE
README.md
allure-results
docker-compose_native.yml
docker-compose_zalenium.yml
extent-reports
pom.xml
readMeImgs
src
target]. Comparison Type [CONTAINS]. Validation Type [POSITIVE]. @25-12-2021 01:33:37.0874 A
[ReportManager] Successfully created attachment [SHAFT Engine Logs - Execution log] @25-12-2021 01:33:37.0904 AM

################################################################################################################################################
This test run was powered by SHAFT Engine Version: [SHAFT Engine v5.4.20211202-BETA]
SHAFT Engine is licensed under the MIT License: [https://github.com/MohabMohie/SHAFT_ENGINE/blob/master/LICENSE].
################################################################################################################################################