{
  "uid" : "462a1e9d69fb60a0",
  "name" : "navigateToGoogleHomeAndAssertPageTitle",
  "fullName" : "tests.gui.google.A_Search_FlatTest_NativeSeleniumWebDriver.navigateToGoogleHomeAndAssertPageTitle",
  "historyId" : "3155ca52a783560d494c8396495fcdec",
  "time" : {
    "start" : 1633783635116,
    "stop" : 1633783635118,
    "duration" : 2
  },
  "status" : "skipped",
  "statusMessage" : "unknown error: Chrome failed to start: exited abnormally.\n  (unknown error: DevToolsActivePort file doesn't exist)\n  (The process started from chrome location /usr/bin/google-chrome is no longer running, so ChromeDriver is assuming that Chrome has crashed.)\nBuild info: version: '3.141.59', revision: 'e82be7d358', time: '2018-11-14T08:17:03'\nSystem info: host: 'fv-az154-997', ip: '10.1.0.246', os.name: 'Linux', os.arch: 'amd64', os.version: '5.8.0-1042-azure', java.version: '17'\nDriver info: driver.version: A_Search_FlatTest_NativeSeleniumWebDriver\nremote stacktrace: #0 0x559e7ab958f3 <unknown>\n#1 0x559e7a67aba8 <unknown>\n#2 0x559e7a69de33 <unknown>\n#3 0x559e7a6999ef <unknown>\n#4 0x559e7a6d3995 <unknown>\n#5 0x559e7a6cdd63 <unknown>\n#6 0x559e7a6a4144 <unknown>\n#7 0x559e7a6a5135 <unknown>\n#8 0x559e7abc4c3e <unknown>\n#9 0x559e7abda6b7 <unknown>\n#10 0x559e7abc5b95 <unknown>\n#11 0x559e7abdbb05 <unknown>\n#12 0x559e7abba2ab <unknown>\n#13 0x559e7abf6248 <unknown>\n#14 0x559e7abf63c8 <unknown>\n#15 0x559e7ac1133d <unknown>\n#16 0x7f5363ac6609 start_thread\n",
  "statusTrace" : "org.openqa.selenium.WebDriverException: unknown error: Chrome failed to start: exited abnormally.\n  (unknown error: DevToolsActivePort file doesn't exist)\n  (The process started from chrome location /usr/bin/google-chrome is no longer running, so ChromeDriver is assuming that Chrome has crashed.)\nBuild info: version: '3.141.59', revision: 'e82be7d358', time: '2018-11-14T08:17:03'\nSystem info: host: 'fv-az154-997', ip: '10.1.0.246', os.name: 'Linux', os.arch: 'amd64', os.version: '5.8.0-1042-azure', java.version: '17'\nDriver info: driver.version: A_Search_FlatTest_NativeSeleniumWebDriver\nremote stacktrace: #0 0x559e7ab958f3 <unknown>\n#1 0x559e7a67aba8 <unknown>\n#2 0x559e7a69de33 <unknown>\n#3 0x559e7a6999ef <unknown>\n#4 0x559e7a6d3995 <unknown>\n#5 0x559e7a6cdd63 <unknown>\n#6 0x559e7a6a4144 <unknown>\n#7 0x559e7a6a5135 <unknown>\n#8 0x559e7abc4c3e <unknown>\n#9 0x559e7abda6b7 <unknown>\n#10 0x559e7abc5b95 <unknown>\n#11 0x559e7abdbb05 <unknown>\n#12 0x559e7abba2ab <unknown>\n#13 0x559e7abf6248 <unknown>\n#14 0x559e7abf63c8 <unknown>\n#15 0x559e7ac1133d <unknown>\n#16 0x7f5363ac6609 start_thread\n\n\tat java.base/jdk.internal.reflect.NativeConstructorAccessorImpl.newInstance0(Native Method)\n\tat java.base/jdk.internal.reflect.NativeConstructorAccessorImpl.newInstance(NativeConstructorAccessorImpl.java:77)\n\tat java.base/jdk.internal.reflect.DelegatingConstructorAccessorImpl.newInstance(DelegatingConstructorAccessorImpl.java:45)\n\tat java.base/java.lang.reflect.Constructor.newInstanceWithCaller(Constructor.java:499)\n\tat java.base/java.lang.reflect.Constructor.newInstance(Constructor.java:480)\n\tat org.openqa.selenium.remote.W3CHandshakeResponse.lambda$errorHandler$0(W3CHandshakeResponse.java:62)\n\tat org.openqa.selenium.remote.HandshakeResponse.lambda$getResponseFunction$0(HandshakeResponse.java:30)\n\tat org.openqa.selenium.remote.ProtocolHandshake.lambda$createSession$0(ProtocolHandshake.java:126)\n\tat java.base/java.util.stream.ReferencePipeline$3$1.accept(ReferencePipeline.java:197)\n\tat java.base/java.util.Spliterators$ArraySpliterator.tryAdvance(Spliterators.java:1002)\n\tat java.base/java.util.stream.ReferencePipeline.forEachWithCancel(ReferencePipeline.java:129)\n\tat java.base/java.util.stream.AbstractPipeline.copyIntoWithCancel(AbstractPipeline.java:527)\n\tat java.base/java.util.stream.AbstractPipeline.copyInto(AbstractPipeline.java:513)\n\tat java.base/java.util.stream.AbstractPipeline.wrapAndCopyInto(AbstractPipeline.java:499)\n\tat java.base/java.util.stream.FindOps$FindOp.evaluateSequential(FindOps.java:150)\n\tat java.base/java.util.stream.AbstractPipeline.evaluate(AbstractPipeline.java:234)\n\tat java.base/java.util.stream.ReferencePipeline.findFirst(ReferencePipeline.java:647)\n\tat org.openqa.selenium.remote.ProtocolHandshake.createSession(ProtocolHandshake.java:128)\n\tat org.openqa.selenium.remote.ProtocolHandshake.createSession(ProtocolHandshake.java:74)\n\tat org.openqa.selenium.remote.HttpCommandExecutor.execute(HttpCommandExecutor.java:136)\n\tat org.openqa.selenium.remote.service.DriverCommandExecutor.execute(DriverCommandExecutor.java:83)\n\tat org.openqa.selenium.remote.RemoteWebDriver.execute(RemoteWebDriver.java:552)\n\tat org.openqa.selenium.remote.RemoteWebDriver.startSession(RemoteWebDriver.java:213)\n\tat org.openqa.selenium.remote.RemoteWebDriver.<init>(RemoteWebDriver.java:131)\n\tat org.openqa.selenium.chrome.ChromeDriver.<init>(ChromeDriver.java:181)\n\tat org.openqa.selenium.chrome.ChromeDriver.<init>(ChromeDriver.java:168)\n\tat org.openqa.selenium.chrome.ChromeDriver.<init>(ChromeDriver.java:123)\n\tat tests.gui.google.A_Search_FlatTest_NativeSeleniumWebDriver.beforeMethod(A_Search_FlatTest_NativeSeleniumWebDriver.java:46)\n\tat java.base/jdk.internal.reflect.NativeMethodAccessorImpl.invoke0(Native Method)\n\tat java.base/jdk.internal.reflect.NativeMethodAccessorImpl.invoke(NativeMethodAccessorImpl.java:77)\n\tat java.base/jdk.internal.reflect.DelegatingMethodAccessorImpl.invoke(DelegatingMethodAccessorImpl.java:43)\n\tat java.base/java.lang.reflect.Method.invoke(Method.java:568)\n\tat org.testng.internal.MethodInvocationHelper.invokeMethod(MethodInvocationHelper.java:133)\n\tat org.testng.internal.MethodInvocationHelper.invokeMethodConsideringTimeout(MethodInvocationHelper.java:62)\n\tat org.testng.internal.ConfigInvoker.invokeConfigurationMethod(ConfigInvoker.java:385)\n\tat org.testng.internal.ConfigInvoker.invokeConfigurations(ConfigInvoker.java:321)\n\tat org.testng.internal.TestInvoker.runConfigMethods(TestInvoker.java:700)\n\tat org.testng.internal.TestInvoker.invokeMethod(TestInvoker.java:527)\n\tat org.testng.internal.TestInvoker.invokeTestMethod(TestInvoker.java:173)\n\tat org.testng.internal.MethodRunner.runInSequence(MethodRunner.java:46)\n\tat org.testng.internal.TestInvoker$MethodInvocationAgent.invoke(TestInvoker.java:824)\n\tat org.testng.internal.TestInvoker.invokeTestMethods(TestInvoker.java:146)\n\tat org.testng.internal.TestMethodWorker.invokeTestMethods(TestMethodWorker.java:146)\n\tat org.testng.internal.TestMethodWorker.run(TestMethodWorker.java:128)\n\tat java.base/java.util.ArrayList.forEach(ArrayList.java:1511)\n\tat org.testng.TestRunner.privateRun(TestRunner.java:794)\n\tat org.testng.TestRunner.run(TestRunner.java:596)\n\tat org.testng.SuiteRunner.runTest(SuiteRunner.java:377)\n\tat org.testng.SuiteRunner.runSequentially(SuiteRunner.java:371)\n\tat org.testng.SuiteRunner.privateRun(SuiteRunner.java:332)\n\tat org.testng.SuiteRunner.run(SuiteRunner.java:276)\n\tat org.testng.SuiteRunnerWorker.runSuite(SuiteRunnerWorker.java:53)\n\tat org.testng.SuiteRunnerWorker.run(SuiteRunnerWorker.java:96)\n\tat org.testng.TestNG.runSuitesSequentially(TestNG.java:1212)\n\tat org.testng.TestNG.runSuitesLocally(TestNG.java:1134)\n\tat org.testng.TestNG.runSuites(TestNG.java:1063)\n\tat org.testng.TestNG.run(TestNG.java:1031)\n\tat org.apache.maven.surefire.testng.TestNGExecutor.run(TestNGExecutor.java:136)\n\tat org.apache.maven.surefire.testng.TestNGDirectoryTestSuite.executeMulti(TestNGDirectoryTestSuite.java:193)\n\tat org.apache.maven.surefire.testng.TestNGDirectoryTestSuite.execute(TestNGDirectoryTestSuite.java:94)\n\tat org.apache.maven.surefire.testng.TestNGProvider.invoke(TestNGProvider.java:145)\n\tat org.apache.maven.surefire.booter.ForkedBooter.runSuitesInProcess(ForkedBooter.java:428)\n\tat org.apache.maven.surefire.booter.ForkedBooter.execute(ForkedBooter.java:162)\n\tat org.apache.maven.surefire.booter.ForkedBooter.run(ForkedBooter.java:562)\n\tat org.apache.maven.surefire.booter.ForkedBooter.main(ForkedBooter.java:548)\n",
  "flaky" : false,
  "newFailed" : false,
  "beforeStages" : [ {
    "name" : "beforeClass",
    "time" : {
      "start" : 1633783632332,
      "stop" : 1633783633800,
      "duration" : 1468
    },
    "description" : "",
    "status" : "passed",
    "steps" : [ ],
    "attachments" : [ ],
    "parameters" : [ ],
    "stepsCount" : 0,
    "attachmentsCount" : 0,
    "shouldDisplayMessage" : false,
    "hasContent" : false
  }, {
    "name" : "beforeMethod",
    "time" : {
      "start" : 1633783635111,
      "stop" : 1633783635112,
      "duration" : 1
    },
    "description" : "",
    "status" : "broken",
    "steps" : [ ],
    "attachments" : [ ],
    "parameters" : [ ],
    "stepsCount" : 0,
    "attachmentsCount" : 0,
    "shouldDisplayMessage" : false,
    "hasContent" : false
  } ],
  "testStage" : {
    "status" : "skipped",
    "statusMessage" : "unknown error: Chrome failed to start: exited abnormally.\n  (unknown error: DevToolsActivePort file doesn't exist)\n  (The process started from chrome location /usr/bin/google-chrome is no longer running, so ChromeDriver is assuming that Chrome has crashed.)\nBuild info: version: '3.141.59', revision: 'e82be7d358', time: '2018-11-14T08:17:03'\nSystem info: host: 'fv-az154-997', ip: '10.1.0.246', os.name: 'Linux', os.arch: 'amd64', os.version: '5.8.0-1042-azure', java.version: '17'\nDriver info: driver.version: A_Search_FlatTest_NativeSeleniumWebDriver\nremote stacktrace: #0 0x559e7ab958f3 <unknown>\n#1 0x559e7a67aba8 <unknown>\n#2 0x559e7a69de33 <unknown>\n#3 0x559e7a6999ef <unknown>\n#4 0x559e7a6d3995 <unknown>\n#5 0x559e7a6cdd63 <unknown>\n#6 0x559e7a6a4144 <unknown>\n#7 0x559e7a6a5135 <unknown>\n#8 0x559e7abc4c3e <unknown>\n#9 0x559e7abda6b7 <unknown>\n#10 0x559e7abc5b95 <unknown>\n#11 0x559e7abdbb05 <unknown>\n#12 0x559e7abba2ab <unknown>\n#13 0x559e7abf6248 <unknown>\n#14 0x559e7abf63c8 <unknown>\n#15 0x559e7ac1133d <unknown>\n#16 0x7f5363ac6609 start_thread\n",
    "statusTrace" : "org.openqa.selenium.WebDriverException: unknown error: Chrome failed to start: exited abnormally.\n  (unknown error: DevToolsActivePort file doesn't exist)\n  (The process started from chrome location /usr/bin/google-chrome is no longer running, so ChromeDriver is assuming that Chrome has crashed.)\nBuild info: version: '3.141.59', revision: 'e82be7d358', time: '2018-11-14T08:17:03'\nSystem info: host: 'fv-az154-997', ip: '10.1.0.246', os.name: 'Linux', os.arch: 'amd64', os.version: '5.8.0-1042-azure', java.version: '17'\nDriver info: driver.version: A_Search_FlatTest_NativeSeleniumWebDriver\nremote stacktrace: #0 0x559e7ab958f3 <unknown>\n#1 0x559e7a67aba8 <unknown>\n#2 0x559e7a69de33 <unknown>\n#3 0x559e7a6999ef <unknown>\n#4 0x559e7a6d3995 <unknown>\n#5 0x559e7a6cdd63 <unknown>\n#6 0x559e7a6a4144 <unknown>\n#7 0x559e7a6a5135 <unknown>\n#8 0x559e7abc4c3e <unknown>\n#9 0x559e7abda6b7 <unknown>\n#10 0x559e7abc5b95 <unknown>\n#11 0x559e7abdbb05 <unknown>\n#12 0x559e7abba2ab <unknown>\n#13 0x559e7abf6248 <unknown>\n#14 0x559e7abf63c8 <unknown>\n#15 0x559e7ac1133d <unknown>\n#16 0x7f5363ac6609 start_thread\n\n\tat java.base/jdk.internal.reflect.NativeConstructorAccessorImpl.newInstance0(Native Method)\n\tat java.base/jdk.internal.reflect.NativeConstructorAccessorImpl.newInstance(NativeConstructorAccessorImpl.java:77)\n\tat java.base/jdk.internal.reflect.DelegatingConstructorAccessorImpl.newInstance(DelegatingConstructorAccessorImpl.java:45)\n\tat java.base/java.lang.reflect.Constructor.newInstanceWithCaller(Constructor.java:499)\n\tat java.base/java.lang.reflect.Constructor.newInstance(Constructor.java:480)\n\tat org.openqa.selenium.remote.W3CHandshakeResponse.lambda$errorHandler$0(W3CHandshakeResponse.java:62)\n\tat org.openqa.selenium.remote.HandshakeResponse.lambda$getResponseFunction$0(HandshakeResponse.java:30)\n\tat org.openqa.selenium.remote.ProtocolHandshake.lambda$createSession$0(ProtocolHandshake.java:126)\n\tat java.base/java.util.stream.ReferencePipeline$3$1.accept(ReferencePipeline.java:197)\n\tat java.base/java.util.Spliterators$ArraySpliterator.tryAdvance(Spliterators.java:1002)\n\tat java.base/java.util.stream.ReferencePipeline.forEachWithCancel(ReferencePipeline.java:129)\n\tat java.base/java.util.stream.AbstractPipeline.copyIntoWithCancel(AbstractPipeline.java:527)\n\tat java.base/java.util.stream.AbstractPipeline.copyInto(AbstractPipeline.java:513)\n\tat java.base/java.util.stream.AbstractPipeline.wrapAndCopyInto(AbstractPipeline.java:499)\n\tat java.base/java.util.stream.FindOps$FindOp.evaluateSequential(FindOps.java:150)\n\tat java.base/java.util.stream.AbstractPipeline.evaluate(AbstractPipeline.java:234)\n\tat java.base/java.util.stream.ReferencePipeline.findFirst(ReferencePipeline.java:647)\n\tat org.openqa.selenium.remote.ProtocolHandshake.createSession(ProtocolHandshake.java:128)\n\tat org.openqa.selenium.remote.ProtocolHandshake.createSession(ProtocolHandshake.java:74)\n\tat org.openqa.selenium.remote.HttpCommandExecutor.execute(HttpCommandExecutor.java:136)\n\tat org.openqa.selenium.remote.service.DriverCommandExecutor.execute(DriverCommandExecutor.java:83)\n\tat org.openqa.selenium.remote.RemoteWebDriver.execute(RemoteWebDriver.java:552)\n\tat org.openqa.selenium.remote.RemoteWebDriver.startSession(RemoteWebDriver.java:213)\n\tat org.openqa.selenium.remote.RemoteWebDriver.<init>(RemoteWebDriver.java:131)\n\tat org.openqa.selenium.chrome.ChromeDriver.<init>(ChromeDriver.java:181)\n\tat org.openqa.selenium.chrome.ChromeDriver.<init>(ChromeDriver.java:168)\n\tat org.openqa.selenium.chrome.ChromeDriver.<init>(ChromeDriver.java:123)\n\tat tests.gui.google.A_Search_FlatTest_NativeSeleniumWebDriver.beforeMethod(A_Search_FlatTest_NativeSeleniumWebDriver.java:46)\n\tat java.base/jdk.internal.reflect.NativeMethodAccessorImpl.invoke0(Native Method)\n\tat java.base/jdk.internal.reflect.NativeMethodAccessorImpl.invoke(NativeMethodAccessorImpl.java:77)\n\tat java.base/jdk.internal.reflect.DelegatingMethodAccessorImpl.invoke(DelegatingMethodAccessorImpl.java:43)\n\tat java.base/java.lang.reflect.Method.invoke(Method.java:568)\n\tat org.testng.internal.MethodInvocationHelper.invokeMethod(MethodInvocationHelper.java:133)\n\tat org.testng.internal.MethodInvocationHelper.invokeMethodConsideringTimeout(MethodInvocationHelper.java:62)\n\tat org.testng.internal.ConfigInvoker.invokeConfigurationMethod(ConfigInvoker.java:385)\n\tat org.testng.internal.ConfigInvoker.invokeConfigurations(ConfigInvoker.java:321)\n\tat org.testng.internal.TestInvoker.runConfigMethods(TestInvoker.java:700)\n\tat org.testng.internal.TestInvoker.invokeMethod(TestInvoker.java:527)\n\tat org.testng.internal.TestInvoker.invokeTestMethod(TestInvoker.java:173)\n\tat org.testng.internal.MethodRunner.runInSequence(MethodRunner.java:46)\n\tat org.testng.internal.TestInvoker$MethodInvocationAgent.invoke(TestInvoker.java:824)\n\tat org.testng.internal.TestInvoker.invokeTestMethods(TestInvoker.java:146)\n\tat org.testng.internal.TestMethodWorker.invokeTestMethods(TestMethodWorker.java:146)\n\tat org.testng.internal.TestMethodWorker.run(TestMethodWorker.java:128)\n\tat java.base/java.util.ArrayList.forEach(ArrayList.java:1511)\n\tat org.testng.TestRunner.privateRun(TestRunner.java:794)\n\tat org.testng.TestRunner.run(TestRunner.java:596)\n\tat org.testng.SuiteRunner.runTest(SuiteRunner.java:377)\n\tat org.testng.SuiteRunner.runSequentially(SuiteRunner.java:371)\n\tat org.testng.SuiteRunner.privateRun(SuiteRunner.java:332)\n\tat org.testng.SuiteRunner.run(SuiteRunner.java:276)\n\tat org.testng.SuiteRunnerWorker.runSuite(SuiteRunnerWorker.java:53)\n\tat org.testng.SuiteRunnerWorker.run(SuiteRunnerWorker.java:96)\n\tat org.testng.TestNG.runSuitesSequentially(TestNG.java:1212)\n\tat org.testng.TestNG.runSuitesLocally(TestNG.java:1134)\n\tat org.testng.TestNG.runSuites(TestNG.java:1063)\n\tat org.testng.TestNG.run(TestNG.java:1031)\n\tat org.apache.maven.surefire.testng.TestNGExecutor.run(TestNGExecutor.java:136)\n\tat org.apache.maven.surefire.testng.TestNGDirectoryTestSuite.executeMulti(TestNGDirectoryTestSuite.java:193)\n\tat org.apache.maven.surefire.testng.TestNGDirectoryTestSuite.execute(TestNGDirectoryTestSuite.java:94)\n\tat org.apache.maven.surefire.testng.TestNGProvider.invoke(TestNGProvider.java:145)\n\tat org.apache.maven.surefire.booter.ForkedBooter.runSuitesInProcess(ForkedBooter.java:428)\n\tat org.apache.maven.surefire.booter.ForkedBooter.execute(ForkedBooter.java:162)\n\tat org.apache.maven.surefire.booter.ForkedBooter.run(ForkedBooter.java:562)\n\tat org.apache.maven.surefire.booter.ForkedBooter.main(ForkedBooter.java:548)\n",
    "steps" : [ ],
    "attachments" : [ {
      "uid" : "d5d802d1fc8886fa",
      "name" : "Attachment: SHAFT Engine Logs - Current Method log: navigateToGoogleHomeAndAssertPageTitle",
      "source" : "d5d802d1fc8886fa.txt",
      "type" : "text/plain",
      "size" : 470
    } ],
    "parameters" : [ ],
    "stepsCount" : 0,
    "attachmentsCount" : 1,
    "shouldDisplayMessage" : true,
    "hasContent" : true
  },
  "afterStages" : [ {
    "name" : "afterMethod",
    "time" : {
      "start" : 1633783635119,
      "stop" : 1633783635119,
      "duration" : 0
    },
    "description" : "",
    "status" : "broken",
    "steps" : [ ],
    "attachments" : [ ],
    "parameters" : [ ],
    "stepsCount" : 0,
    "attachmentsCount" : 0,
    "shouldDisplayMessage" : false,
    "hasContent" : false
  }, {
    "name" : "closureActivities",
    "time" : {
      "start" : 1633783635130,
      "stop" : 1633783635370,
      "duration" : 240
    },
    "description" : "",
    "status" : "passed",
    "steps" : [ {
      "name" : "Successfully Closed All Drivers.",
      "time" : {
        "start" : 1633783635130,
        "stop" : 1633783635131,
        "duration" : 1
      },
      "status" : "passed",
      "steps" : [ ],
      "attachments" : [ ],
      "parameters" : [ {
        "name" : "actionCounter",
        "value" : "120"
      }, {
        "name" : "logText",
        "value" : "Successfully Closed All Drivers."
      } ],
      "stepsCount" : 0,
      "attachmentsCount" : 0,
      "shouldDisplayMessage" : false,
      "hasContent" : true
    }, {
      "name" : "Issue Summary: Total Issues = 6, New issues for Failed Tests = 6, Open issues for Passed Tests = 0, Open issues for Failed Tests = 0. Kindly check the attached Issue details.",
      "time" : {
        "start" : 1633783635138,
        "stop" : 1633783635139,
        "duration" : 1
      },
      "status" : "passed",
      "steps" : [ ],
      "attachments" : [ {
        "uid" : "e2d65ebc849bb7c5",
        "name" : "Attachment: SHAFT Engine Logs - Issues log CSV: 20211009-124715",
        "source" : "e2d65ebc849bb7c5.csv",
        "type" : "text/csv",
        "size" : 1075
      } ],
      "parameters" : [ {
        "name" : "actionCounter",
        "value" : "121"
      }, {
        "name" : "logText",
        "value" : "Issue Summary: Total Issues = 6, New issues for Failed Tests = 6, Open issues for Passed Tests = 0, Open issues for Failed Tests = 0. Kindly check the attached Issue details."
      }, {
        "name" : "attachments",
        "value" : "[[SHAFT Engine Logs, Issues log CSV: 20211009-124715, java.io.ByteArrayInputStream@2650754f]]"
      } ],
      "stepsCount" : 0,
      "attachmentsCount" : 1,
      "shouldDisplayMessage" : false,
      "hasContent" : true
    } ],
    "attachments" : [ {
      "uid" : "2875f6f9d1399609",
      "name" : "Attachment: SHAFT Engine Logs - Execution log: 20211009-124715",
      "source" : "2875f6f9d1399609.txt",
      "type" : "text/plain",
      "size" : 55900
    }, {
      "uid" : "cc633f9d90c3bfec",
      "name" : "Attachment: HTML - Extent Emailable Execution Report",
      "source" : "cc633f9d90c3bfec.html",
      "type" : "text/html",
      "size" : 1526445
    } ],
    "parameters" : [ ],
    "stepsCount" : 2,
    "attachmentsCount" : 3,
    "shouldDisplayMessage" : false,
    "hasContent" : true
  } ],
  "labels" : [ {
    "name" : "package",
    "value" : "tests.gui.google.A_Search_FlatTest_NativeSeleniumWebDriver"
  }, {
    "name" : "testClass",
    "value" : "tests.gui.google.A_Search_FlatTest_NativeSeleniumWebDriver"
  }, {
    "name" : "testMethod",
    "value" : "navigateToGoogleHomeAndAssertPageTitle"
  }, {
    "name" : "parentSuite",
    "value" : "SHAFT: Custom Suite"
  }, {
    "name" : "suite",
    "value" : "SHAFT: Custom Test"
  }, {
    "name" : "subSuite",
    "value" : "tests.gui.google.A_Search_FlatTest_NativeSeleniumWebDriver"
  }, {
    "name" : "host",
    "value" : "fv-az154-997"
  }, {
    "name" : "thread",
    "value" : "4151@fv-az154-997.main(1)"
  }, {
    "name" : "framework",
    "value" : "testng"
  }, {
    "name" : "language",
    "value" : "java"
  }, {
    "name" : "resultFormat",
    "value" : "allure2"
  } ],
  "parameters" : [ ],
  "links" : [ ],
  "hidden" : false,
  "retry" : false,
  "extra" : {
    "severity" : "normal",
    "retries" : [ ],
    "categories" : [ ],
    "history" : {
      "statistic" : {
        "failed" : 0,
        "broken" : 0,
        "skipped" : 585,
        "passed" : 0,
        "unknown" : 0,
        "total" : 585
      },
      "items" : [ {
        "uid" : "fa50f6f44baebc24",
        "reportUrl" : "https://MohabMohie.github.io/using_SHAFT_ENGINE/allure/1006//#testresult/fa50f6f44baebc24",
        "status" : "skipped",
        "statusDetails" : "unknown error: Chrome failed to start: exited abnormally.\n  (unknown error: DevToolsActivePort file doesn't exist)\n  (The process started from chrome location /usr/bin/google-chrome is no longer running, so ChromeDriver is assuming that Chrome has crashed.)\nBuild info: version: '3.141.59', revision: 'e82be7d358', time: '2018-11-14T08:17:03'\nSystem info: host: 'fv-az213-193', ip: '10.1.0.57', os.name: 'Linux', os.arch: 'amd64', os.version: '5.8.0-1042-azure', java.version: '17'\nDriver info: driver.version: A_Search_FlatTest_NativeSeleniumWebDriver\nremote stacktrace: #0 0x56095e0f88f3 <unknown>\n#1 0x56095dbddba8 <unknown>\n#2 0x56095dc00e33 <unknown>\n#3 0x56095dbfc9ef <unknown>\n#4 0x56095dc36995 <unknown>\n#5 0x56095dc30d63 <unknown>\n#6 0x56095dc07144 <unknown>\n#7 0x56095dc08135 <unknown>\n#8 0x56095e127c3e <unknown>\n#9 0x56095e13d6b7 <unknown>\n#10 0x56095e128b95 <unknown>\n#11 0x56095e13eb05 <unknown>\n#12 0x56095e11d2ab <unknown>\n#13 0x56095e159248 <unknown>\n#14 0x56095e1593c8 <unknown>\n#15 0x56095e17433d <unknown>\n#16 0x7f52cf2a3609 start_thread\n",
        "time" : {
          "start" : 1633761446807,
          "stop" : 1633761446809,
          "duration" : 2
        }
      }, {
        "uid" : "1fd849292ea8580d",
        "reportUrl" : "https://MohabMohie.github.io/using_SHAFT_ENGINE/allure/1005//#testresult/1fd849292ea8580d",
        "status" : "skipped",
        "statusDetails" : "unknown error: Chrome failed to start: exited abnormally.\n  (unknown error: DevToolsActivePort file doesn't exist)\n  (The process started from chrome location /usr/bin/google-chrome is no longer running, so ChromeDriver is assuming that Chrome has crashed.)\nBuild info: version: '3.141.59', revision: 'e82be7d358', time: '2018-11-14T08:17:03'\nSystem info: host: 'fv-az212-309', ip: '10.1.0.75', os.name: 'Linux', os.arch: 'amd64', os.version: '5.8.0-1042-azure', java.version: '17'\nDriver info: driver.version: A_Search_FlatTest_NativeSeleniumWebDriver\nremote stacktrace: #0 0x55922c1cd8f3 <unknown>\n#1 0x55922bcb2ba8 <unknown>\n#2 0x55922bcd5e33 <unknown>\n#3 0x55922bcd19ef <unknown>\n#4 0x55922bd0b995 <unknown>\n#5 0x55922bd05d63 <unknown>\n#6 0x55922bcdc144 <unknown>\n#7 0x55922bcdd135 <unknown>\n#8 0x55922c1fcc3e <unknown>\n#9 0x55922c2126b7 <unknown>\n#10 0x55922c1fdb95 <unknown>\n#11 0x55922c213b05 <unknown>\n#12 0x55922c1f22ab <unknown>\n#13 0x55922c22e248 <unknown>\n#14 0x55922c22e3c8 <unknown>\n#15 0x55922c24933d <unknown>\n#16 0x7f5a99faf609 start_thread\n",
        "time" : {
          "start" : 1633742911955,
          "stop" : 1633742911957,
          "duration" : 2
        }
      }, {
        "uid" : "47699a83d76e6d31",
        "reportUrl" : "https://MohabMohie.github.io/using_SHAFT_ENGINE/allure/1004//#testresult/47699a83d76e6d31",
        "status" : "skipped",
        "statusDetails" : "unknown error: Chrome failed to start: exited abnormally.\n  (unknown error: DevToolsActivePort file doesn't exist)\n  (The process started from chrome location /usr/bin/google-chrome is no longer running, so ChromeDriver is assuming that Chrome has crashed.)\nBuild info: version: '3.141.59', revision: 'e82be7d358', time: '2018-11-14T08:17:03'\nSystem info: host: 'fv-az292-712', ip: '10.1.0.218', os.name: 'Linux', os.arch: 'amd64', os.version: '5.8.0-1042-azure', java.version: '17'\nDriver info: driver.version: A_Search_FlatTest_NativeSeleniumWebDriver\nremote stacktrace: #0 0x55b7c887f8f3 <unknown>\n#1 0x55b7c8364ba8 <unknown>\n#2 0x55b7c8387e33 <unknown>\n#3 0x55b7c83839ef <unknown>\n#4 0x55b7c83bd995 <unknown>\n#5 0x55b7c83b7d63 <unknown>\n#6 0x55b7c838e144 <unknown>\n#7 0x55b7c838f135 <unknown>\n#8 0x55b7c88aec3e <unknown>\n#9 0x55b7c88c46b7 <unknown>\n#10 0x55b7c88afb95 <unknown>\n#11 0x55b7c88c5b05 <unknown>\n#12 0x55b7c88a42ab <unknown>\n#13 0x55b7c88e0248 <unknown>\n#14 0x55b7c88e03c8 <unknown>\n#15 0x55b7c88fb33d <unknown>\n#16 0x7fb3758c7609 start_thread\n",
        "time" : {
          "start" : 1633718214252,
          "stop" : 1633718214253,
          "duration" : 1
        }
      }, {
        "uid" : "8c76183be263bba3",
        "reportUrl" : "https://MohabMohie.github.io/using_SHAFT_ENGINE/allure/1003//#testresult/8c76183be263bba3",
        "status" : "skipped",
        "statusDetails" : "unknown error: Chrome failed to start: exited abnormally.\n  (unknown error: DevToolsActivePort file doesn't exist)\n  (The process started from chrome location /usr/bin/google-chrome is no longer running, so ChromeDriver is assuming that Chrome has crashed.)\nBuild info: version: '3.141.59', revision: 'e82be7d358', time: '2018-11-14T08:17:03'\nSystem info: host: 'fv-az212-309', ip: '10.1.1.157', os.name: 'Linux', os.arch: 'amd64', os.version: '5.8.0-1042-azure', java.version: '17'\nDriver info: driver.version: A_Search_FlatTest_NativeSeleniumWebDriver\nremote stacktrace: #0 0x560012ea28f3 <unknown>\n#1 0x560012987ba8 <unknown>\n#2 0x5600129aae33 <unknown>\n#3 0x5600129a69ef <unknown>\n#4 0x5600129e0995 <unknown>\n#5 0x5600129dad63 <unknown>\n#6 0x5600129b1144 <unknown>\n#7 0x5600129b2135 <unknown>\n#8 0x560012ed1c3e <unknown>\n#9 0x560012ee76b7 <unknown>\n#10 0x560012ed2b95 <unknown>\n#11 0x560012ee8b05 <unknown>\n#12 0x560012ec72ab <unknown>\n#13 0x560012f03248 <unknown>\n#14 0x560012f033c8 <unknown>\n#15 0x560012f1e33d <unknown>\n#16 0x7f34ff94c609 start_thread\n",
        "time" : {
          "start" : 1633697403892,
          "stop" : 1633697403893,
          "duration" : 1
        }
      }, {
        "uid" : "be61b746d9909329",
        "reportUrl" : "https://MohabMohie.github.io/using_SHAFT_ENGINE/allure/1002//#testresult/be61b746d9909329",
        "status" : "skipped",
        "statusDetails" : "unknown error: Chrome failed to start: exited abnormally.\n  (unknown error: DevToolsActivePort file doesn't exist)\n  (The process started from chrome location /usr/bin/google-chrome is no longer running, so ChromeDriver is assuming that Chrome has crashed.)\nBuild info: version: '3.141.59', revision: 'e82be7d358', time: '2018-11-14T08:17:03'\nSystem info: host: 'fv-az292-712', ip: '10.1.0.221', os.name: 'Linux', os.arch: 'amd64', os.version: '5.8.0-1042-azure', java.version: '17'\nDriver info: driver.version: A_Search_FlatTest_NativeSeleniumWebDriver\nremote stacktrace: #0 0x55e43a3598f3 <unknown>\n#1 0x55e439e3eba8 <unknown>\n#2 0x55e439e61e33 <unknown>\n#3 0x55e439e5d9ef <unknown>\n#4 0x55e439e97995 <unknown>\n#5 0x55e439e91d63 <unknown>\n#6 0x55e439e68144 <unknown>\n#7 0x55e439e69135 <unknown>\n#8 0x55e43a388c3e <unknown>\n#9 0x55e43a39e6b7 <unknown>\n#10 0x55e43a389b95 <unknown>\n#11 0x55e43a39fb05 <unknown>\n#12 0x55e43a37e2ab <unknown>\n#13 0x55e43a3ba248 <unknown>\n#14 0x55e43a3ba3c8 <unknown>\n#15 0x55e43a3d533d <unknown>\n#16 0x7ff7b106a609 start_thread\n",
        "time" : {
          "start" : 1633675150484,
          "stop" : 1633675150485,
          "duration" : 1
        }
      }, {
        "uid" : "82735b1a409a4c5b",
        "reportUrl" : "https://MohabMohie.github.io/using_SHAFT_ENGINE/allure/1001//#testresult/82735b1a409a4c5b",
        "status" : "skipped",
        "statusDetails" : "unknown error: Chrome failed to start: exited abnormally.\n  (unknown error: DevToolsActivePort file doesn't exist)\n  (The process started from chrome location /usr/bin/google-chrome is no longer running, so ChromeDriver is assuming that Chrome has crashed.)\nBuild info: version: '3.141.59', revision: 'e82be7d358', time: '2018-11-14T08:17:03'\nSystem info: host: 'fv-az154-997', ip: '10.1.0.255', os.name: 'Linux', os.arch: 'amd64', os.version: '5.8.0-1042-azure', java.version: '17'\nDriver info: driver.version: A_Search_FlatTest_NativeSeleniumWebDriver\nremote stacktrace: #0 0x56031da938f3 <unknown>\n#1 0x56031d578ba8 <unknown>\n#2 0x56031d59be33 <unknown>\n#3 0x56031d5979ef <unknown>\n#4 0x56031d5d1995 <unknown>\n#5 0x56031d5cbd63 <unknown>\n#6 0x56031d5a2144 <unknown>\n#7 0x56031d5a3135 <unknown>\n#8 0x56031dac2c3e <unknown>\n#9 0x56031dad86b7 <unknown>\n#10 0x56031dac3b95 <unknown>\n#11 0x56031dad9b05 <unknown>\n#12 0x56031dab82ab <unknown>\n#13 0x56031daf4248 <unknown>\n#14 0x56031daf43c8 <unknown>\n#15 0x56031db0f33d <unknown>\n#16 0x7f01cc3ce609 start_thread\n",
        "time" : {
          "start" : 1633657064062,
          "stop" : 1633657064099,
          "duration" : 37
        }
      }, {
        "uid" : "826d2041d7156d7e",
        "reportUrl" : "https://MohabMohie.github.io/using_SHAFT_ENGINE/allure/1000//#testresult/826d2041d7156d7e",
        "status" : "skipped",
        "statusDetails" : "unknown error: Chrome failed to start: exited abnormally.\n  (unknown error: DevToolsActivePort file doesn't exist)\n  (The process started from chrome location /usr/bin/google-chrome is no longer running, so ChromeDriver is assuming that Chrome has crashed.)\nBuild info: version: '3.141.59', revision: 'e82be7d358', time: '2018-11-14T08:17:03'\nSystem info: host: 'fv-az198-412', ip: '10.1.0.81', os.name: 'Linux', os.arch: 'amd64', os.version: '5.8.0-1042-azure', java.version: '17'\nDriver info: driver.version: A_Search_FlatTest_NativeSeleniumWebDriver\nremote stacktrace: #0 0x559d02d1f8f3 <unknown>\n#1 0x559d02804ba8 <unknown>\n#2 0x559d02827e33 <unknown>\n#3 0x559d028239ef <unknown>\n#4 0x559d0285d995 <unknown>\n#5 0x559d02857d63 <unknown>\n#6 0x559d0282e144 <unknown>\n#7 0x559d0282f135 <unknown>\n#8 0x559d02d4ec3e <unknown>\n#9 0x559d02d646b7 <unknown>\n#10 0x559d02d4fb95 <unknown>\n#11 0x559d02d65b05 <unknown>\n#12 0x559d02d442ab <unknown>\n#13 0x559d02d80248 <unknown>\n#14 0x559d02d803c8 <unknown>\n#15 0x559d02d9b33d <unknown>\n#16 0x7f719597c609 start_thread\n",
        "time" : {
          "start" : 1633631773988,
          "stop" : 1633631773989,
          "duration" : 1
        }
      }, {
        "uid" : "4f194615c0fff914",
        "reportUrl" : "https://MohabMohie.github.io/using_SHAFT_ENGINE/allure/999//#testresult/4f194615c0fff914",
        "status" : "skipped",
        "statusDetails" : "unknown error: Chrome failed to start: exited abnormally.\n  (unknown error: DevToolsActivePort file doesn't exist)\n  (The process started from chrome location /usr/bin/google-chrome is no longer running, so ChromeDriver is assuming that Chrome has crashed.)\nBuild info: version: '3.141.59', revision: 'e82be7d358', time: '2018-11-14T08:17:03'\nSystem info: host: 'fv-az213-909', ip: '10.1.0.159', os.name: 'Linux', os.arch: 'amd64', os.version: '5.8.0-1042-azure', java.version: '17'\nDriver info: driver.version: A_Search_FlatTest_NativeSeleniumWebDriver\nremote stacktrace: #0 0x55f9ed03b8f3 <unknown>\n#1 0x55f9ecb20ba8 <unknown>\n#2 0x55f9ecb43e33 <unknown>\n#3 0x55f9ecb3f9ef <unknown>\n#4 0x55f9ecb79995 <unknown>\n#5 0x55f9ecb73d63 <unknown>\n#6 0x55f9ecb4a144 <unknown>\n#7 0x55f9ecb4b135 <unknown>\n#8 0x55f9ed06ac3e <unknown>\n#9 0x55f9ed0806b7 <unknown>\n#10 0x55f9ed06bb95 <unknown>\n#11 0x55f9ed081b05 <unknown>\n#12 0x55f9ed0602ab <unknown>\n#13 0x55f9ed09c248 <unknown>\n#14 0x55f9ed09c3c8 <unknown>\n#15 0x55f9ed0b733d <unknown>\n#16 0x7fa72ac03609 start_thread\n",
        "time" : {
          "start" : 1633611169865,
          "stop" : 1633611169866,
          "duration" : 1
        }
      }, {
        "uid" : "84adcc6d70d5ccfc",
        "reportUrl" : "https://MohabMohie.github.io/using_SHAFT_ENGINE/allure/998//#testresult/84adcc6d70d5ccfc",
        "status" : "skipped",
        "statusDetails" : "unknown error: Chrome failed to start: exited abnormally.\n  (unknown error: DevToolsActivePort file doesn't exist)\n  (The process started from chrome location /usr/bin/google-chrome is no longer running, so ChromeDriver is assuming that Chrome has crashed.)\nBuild info: version: '3.141.59', revision: 'e82be7d358', time: '2018-11-14T08:17:03'\nSystem info: host: 'fv-az201-9', ip: '10.1.1.123', os.name: 'Linux', os.arch: 'amd64', os.version: '5.8.0-1042-azure', java.version: '17'\nDriver info: driver.version: A_Search_FlatTest_NativeSeleniumWebDriver\nremote stacktrace: #0 0x563153c7b8f3 <unknown>\n#1 0x563153760ba8 <unknown>\n#2 0x563153783e33 <unknown>\n#3 0x56315377f9ef <unknown>\n#4 0x5631537b9995 <unknown>\n#5 0x5631537b3d63 <unknown>\n#6 0x56315378a144 <unknown>\n#7 0x56315378b135 <unknown>\n#8 0x563153caac3e <unknown>\n#9 0x563153cc06b7 <unknown>\n#10 0x563153cabb95 <unknown>\n#11 0x563153cc1b05 <unknown>\n#12 0x563153ca02ab <unknown>\n#13 0x563153cdc248 <unknown>\n#14 0x563153cdc3c8 <unknown>\n#15 0x563153cf733d <unknown>\n#16 0x7fda41f15609 start_thread\n",
        "time" : {
          "start" : 1633588686201,
          "stop" : 1633588686202,
          "duration" : 1
        }
      }, {
        "uid" : "555cfc41a516b812",
        "reportUrl" : "https://MohabMohie.github.io/using_SHAFT_ENGINE/allure/997//#testresult/555cfc41a516b812",
        "status" : "skipped",
        "statusDetails" : "unknown error: Chrome failed to start: exited abnormally.\n  (unknown error: DevToolsActivePort file doesn't exist)\n  (The process started from chrome location /usr/bin/google-chrome is no longer running, so ChromeDriver is assuming that Chrome has crashed.)\nBuild info: version: '3.141.59', revision: 'e82be7d358', time: '2018-11-14T08:17:03'\nSystem info: host: 'fv-az213-577', ip: '10.1.0.48', os.name: 'Linux', os.arch: 'amd64', os.version: '5.8.0-1042-azure', java.version: '17'\nDriver info: driver.version: A_Search_FlatTest_NativeSeleniumWebDriver\nremote stacktrace: #0 0x561d4f8128f3 <unknown>\n#1 0x561d4f2f7ba8 <unknown>\n#2 0x561d4f31ae33 <unknown>\n#3 0x561d4f3169ef <unknown>\n#4 0x561d4f350995 <unknown>\n#5 0x561d4f34ad63 <unknown>\n#6 0x561d4f321144 <unknown>\n#7 0x561d4f322135 <unknown>\n#8 0x561d4f841c3e <unknown>\n#9 0x561d4f8576b7 <unknown>\n#10 0x561d4f842b95 <unknown>\n#11 0x561d4f858b05 <unknown>\n#12 0x561d4f8372ab <unknown>\n#13 0x561d4f873248 <unknown>\n#14 0x561d4f8733c8 <unknown>\n#15 0x561d4f88e33d <unknown>\n#16 0x7f4ef65e8609 start_thread\n",
        "time" : {
          "start" : 1633570443890,
          "stop" : 1633570443891,
          "duration" : 1
        }
      }, {
        "uid" : "d5acf16400ab750",
        "reportUrl" : "https://MohabMohie.github.io/using_SHAFT_ENGINE/allure/996//#testresult/d5acf16400ab750",
        "status" : "skipped",
        "statusDetails" : "unknown error: Chrome failed to start: exited abnormally.\n  (unknown error: DevToolsActivePort file doesn't exist)\n  (The process started from chrome location /usr/bin/google-chrome is no longer running, so ChromeDriver is assuming that Chrome has crashed.)\nBuild info: version: '3.141.59', revision: 'e82be7d358', time: '2018-11-14T08:17:03'\nSystem info: host: 'fv-az212-479', ip: '10.1.0.63', os.name: 'Linux', os.arch: 'amd64', os.version: '5.8.0-1042-azure', java.version: '17'\nDriver info: driver.version: A_Search_FlatTest_NativeSeleniumWebDriver\nremote stacktrace: #0 0x562e170c48f3 <unknown>\n#1 0x562e16ba9ba8 <unknown>\n#2 0x562e16bcce33 <unknown>\n#3 0x562e16bc89ef <unknown>\n#4 0x562e16c02995 <unknown>\n#5 0x562e16bfcd63 <unknown>\n#6 0x562e16bd3144 <unknown>\n#7 0x562e16bd4135 <unknown>\n#8 0x562e170f3c3e <unknown>\n#9 0x562e171096b7 <unknown>\n#10 0x562e170f4b95 <unknown>\n#11 0x562e1710ab05 <unknown>\n#12 0x562e170e92ab <unknown>\n#13 0x562e17125248 <unknown>\n#14 0x562e171253c8 <unknown>\n#15 0x562e1714033d <unknown>\n#16 0x7f261e5a6609 start_thread\n",
        "time" : {
          "start" : 1633545411589,
          "stop" : 1633545411590,
          "duration" : 1
        }
      }, {
        "uid" : "486f4fca2fae0451",
        "reportUrl" : "https://MohabMohie.github.io/using_SHAFT_ENGINE/allure/995//#testresult/486f4fca2fae0451",
        "status" : "skipped",
        "statusDetails" : "unknown error: Chrome failed to start: exited abnormally.\n  (unknown error: DevToolsActivePort file doesn't exist)\n  (The process started from chrome location /usr/bin/google-chrome is no longer running, so ChromeDriver is assuming that Chrome has crashed.)\nBuild info: version: '3.141.59', revision: 'e82be7d358', time: '2018-11-14T08:17:03'\nSystem info: host: 'fv-az154-513', ip: '10.1.1.189', os.name: 'Linux', os.arch: 'amd64', os.version: '5.8.0-1042-azure', java.version: '17'\nDriver info: driver.version: A_Search_FlatTest_NativeSeleniumWebDriver\nremote stacktrace: #0 0x5578520f68f3 <unknown>\n#1 0x557851bdbba8 <unknown>\n#2 0x557851bfee33 <unknown>\n#3 0x557851bfa9ef <unknown>\n#4 0x557851c34995 <unknown>\n#5 0x557851c2ed63 <unknown>\n#6 0x557851c05144 <unknown>\n#7 0x557851c06135 <unknown>\n#8 0x557852125c3e <unknown>\n#9 0x55785213b6b7 <unknown>\n#10 0x557852126b95 <unknown>\n#11 0x55785213cb05 <unknown>\n#12 0x55785211b2ab <unknown>\n#13 0x557852157248 <unknown>\n#14 0x5578521573c8 <unknown>\n#15 0x55785217233d <unknown>\n#16 0x7f136b71d609 start_thread\n",
        "time" : {
          "start" : 1633524594155,
          "stop" : 1633524594157,
          "duration" : 2
        }
      }, {
        "uid" : "e2ff8ca1cb115bd9",
        "reportUrl" : "https://MohabMohie.github.io/using_SHAFT_ENGINE/allure/994//#testresult/e2ff8ca1cb115bd9",
        "status" : "skipped",
        "statusDetails" : "unknown error: Chrome failed to start: exited abnormally.\n  (unknown error: DevToolsActivePort file doesn't exist)\n  (The process started from chrome location /usr/bin/google-chrome is no longer running, so ChromeDriver is assuming that Chrome has crashed.)\nBuild info: version: '3.141.59', revision: 'e82be7d358', time: '2018-11-14T08:17:03'\nSystem info: host: 'fv-az212-479', ip: '10.1.1.57', os.name: 'Linux', os.arch: 'amd64', os.version: '5.8.0-1042-azure', java.version: '17'\nDriver info: driver.version: A_Search_FlatTest_NativeSeleniumWebDriver\nremote stacktrace: #0 0x55fa016418f3 <unknown>\n#1 0x55fa01126ba8 <unknown>\n#2 0x55fa01149e33 <unknown>\n#3 0x55fa011459ef <unknown>\n#4 0x55fa0117f995 <unknown>\n#5 0x55fa01179d63 <unknown>\n#6 0x55fa01150144 <unknown>\n#7 0x55fa01151135 <unknown>\n#8 0x55fa01670c3e <unknown>\n#9 0x55fa016866b7 <unknown>\n#10 0x55fa01671b95 <unknown>\n#11 0x55fa01687b05 <unknown>\n#12 0x55fa016662ab <unknown>\n#13 0x55fa016a2248 <unknown>\n#14 0x55fa016a23c8 <unknown>\n#15 0x55fa016bd33d <unknown>\n#16 0x7f1a4f2d6609 start_thread\n",
        "time" : {
          "start" : 1633502313422,
          "stop" : 1633502313423,
          "duration" : 1
        }
      }, {
        "uid" : "a7e9dfba9622a5",
        "reportUrl" : "https://MohabMohie.github.io/using_SHAFT_ENGINE/allure/993//#testresult/a7e9dfba9622a5",
        "status" : "skipped",
        "statusDetails" : "unknown error: Chrome failed to start: exited abnormally.\n  (unknown error: DevToolsActivePort file doesn't exist)\n  (The process started from chrome location /usr/bin/google-chrome is no longer running, so ChromeDriver is assuming that Chrome has crashed.)\nBuild info: version: '3.141.59', revision: 'e82be7d358', time: '2018-11-14T08:17:03'\nSystem info: host: 'fv-az154-513', ip: '10.1.0.220', os.name: 'Linux', os.arch: 'amd64', os.version: '5.8.0-1042-azure', java.version: '17'\nDriver info: driver.version: A_Search_FlatTest_NativeSeleniumWebDriver\nremote stacktrace: #0 0x557be996c8f3 <unknown>\n#1 0x557be9451ba8 <unknown>\n#2 0x557be9474e33 <unknown>\n#3 0x557be94709ef <unknown>\n#4 0x557be94aa995 <unknown>\n#5 0x557be94a4d63 <unknown>\n#6 0x557be947b144 <unknown>\n#7 0x557be947c135 <unknown>\n#8 0x557be999bc3e <unknown>\n#9 0x557be99b16b7 <unknown>\n#10 0x557be999cb95 <unknown>\n#11 0x557be99b2b05 <unknown>\n#12 0x557be99912ab <unknown>\n#13 0x557be99cd248 <unknown>\n#14 0x557be99cd3c8 <unknown>\n#15 0x557be99e833d <unknown>\n#16 0x7fb768c84609 start_thread\n",
        "time" : {
          "start" : 1633483915078,
          "stop" : 1633483915079,
          "duration" : 1
        }
      }, {
        "uid" : "1dd4098e75d239e4",
        "reportUrl" : "https://MohabMohie.github.io/using_SHAFT_ENGINE/allure/992//#testresult/1dd4098e75d239e4",
        "status" : "skipped",
        "statusDetails" : "unknown error: Chrome failed to start: exited abnormally.\n  (unknown error: DevToolsActivePort file doesn't exist)\n  (The process started from chrome location /usr/bin/google-chrome is no longer running, so ChromeDriver is assuming that Chrome has crashed.)\nBuild info: version: '3.141.59', revision: 'e82be7d358', time: '2018-11-14T08:17:03'\nSystem info: host: 'fv-az213-577', ip: '10.1.0.189', os.name: 'Linux', os.arch: 'amd64', os.version: '5.8.0-1042-azure', java.version: '17'\nDriver info: driver.version: A_Search_FlatTest_NativeSeleniumWebDriver\nremote stacktrace: #0 0x563641ca78f3 <unknown>\n#1 0x56364178cba8 <unknown>\n#2 0x5636417afe33 <unknown>\n#3 0x5636417ab9ef <unknown>\n#4 0x5636417e5995 <unknown>\n#5 0x5636417dfd63 <unknown>\n#6 0x5636417b6144 <unknown>\n#7 0x5636417b7135 <unknown>\n#8 0x563641cd6c3e <unknown>\n#9 0x563641cec6b7 <unknown>\n#10 0x563641cd7b95 <unknown>\n#11 0x563641cedb05 <unknown>\n#12 0x563641ccc2ab <unknown>\n#13 0x563641d08248 <unknown>\n#14 0x563641d083c8 <unknown>\n#15 0x563641d2333d <unknown>\n#16 0x7f0ef1bda609 start_thread\n",
        "time" : {
          "start" : 1633464405780,
          "stop" : 1633464405782,
          "duration" : 2
        }
      }, {
        "uid" : "b7651eea2b70ba26",
        "reportUrl" : "https://MohabMohie.github.io/using_SHAFT_ENGINE/allure/990//#testresult/b7651eea2b70ba26",
        "status" : "skipped",
        "statusDetails" : "unknown error: Chrome failed to start: exited abnormally.\n  (unknown error: DevToolsActivePort file doesn't exist)\n  (The process started from chrome location /usr/bin/google-chrome is no longer running, so ChromeDriver is assuming that Chrome has crashed.)\nBuild info: version: '3.141.59', revision: 'e82be7d358', time: '2018-11-14T08:17:03'\nSystem info: host: 'fv-az204-214', ip: '10.1.0.209', os.name: 'Linux', os.arch: 'amd64', os.version: '5.8.0-1042-azure', java.version: '17'\nDriver info: driver.version: A_Search_FlatTest_NativeSeleniumWebDriver\nremote stacktrace: #0 0x55c3db3b48f3 <unknown>\n#1 0x55c3dae99ba8 <unknown>\n#2 0x55c3daebce33 <unknown>\n#3 0x55c3daeb89ef <unknown>\n#4 0x55c3daef2995 <unknown>\n#5 0x55c3daeecd63 <unknown>\n#6 0x55c3daec3144 <unknown>\n#7 0x55c3daec4135 <unknown>\n#8 0x55c3db3e3c3e <unknown>\n#9 0x55c3db3f96b7 <unknown>\n#10 0x55c3db3e4b95 <unknown>\n#11 0x55c3db3fab05 <unknown>\n#12 0x55c3db3d92ab <unknown>\n#13 0x55c3db415248 <unknown>\n#14 0x55c3db4153c8 <unknown>\n#15 0x55c3db43033d <unknown>\n#16 0x7fdb0a096609 start_thread\n",
        "time" : {
          "start" : 1633460870115,
          "stop" : 1633460870117,
          "duration" : 2
        }
      }, {
        "uid" : "c5d410fdda6cd148",
        "reportUrl" : "https://MohabMohie.github.io/using_SHAFT_ENGINE/allure/988//#testresult/c5d410fdda6cd148",
        "status" : "skipped",
        "statusDetails" : "unknown error: Chrome failed to start: exited abnormally.\n  (unknown error: DevToolsActivePort file doesn't exist)\n  (The process started from chrome location /usr/bin/google-chrome is no longer running, so ChromeDriver is assuming that Chrome has crashed.)\nBuild info: version: '3.141.59', revision: 'e82be7d358', time: '2018-11-14T08:17:03'\nSystem info: host: 'fv-az198-175', ip: '10.1.1.222', os.name: 'Linux', os.arch: 'amd64', os.version: '5.8.0-1042-azure', java.version: '16.0.2'\nDriver info: driver.version: A_Search_FlatTest_NativeSeleniumWebDriver\nremote stacktrace: #0 0x561f67d9a8f3 <unknown>\n#1 0x561f6787fba8 <unknown>\n#2 0x561f678a2e33 <unknown>\n#3 0x561f6789e9ef <unknown>\n#4 0x561f678d8995 <unknown>\n#5 0x561f678d2d63 <unknown>\n#6 0x561f678a9144 <unknown>\n#7 0x561f678aa135 <unknown>\n#8 0x561f67dc9c3e <unknown>\n#9 0x561f67ddf6b7 <unknown>\n#10 0x561f67dcab95 <unknown>\n#11 0x561f67de0b05 <unknown>\n#12 0x561f67dbf2ab <unknown>\n#13 0x561f67dfb248 <unknown>\n#14 0x561f67dfb3c8 <unknown>\n#15 0x561f67e1633d <unknown>\n#16 0x7f6c3dc24609 start_thread\n",
        "time" : {
          "start" : 1633459014680,
          "stop" : 1633459014681,
          "duration" : 1
        }
      }, {
        "uid" : "74752fac4ac6cab2",
        "reportUrl" : "https://MohabMohie.github.io/using_SHAFT_ENGINE/allure/987//#testresult/74752fac4ac6cab2",
        "status" : "skipped",
        "statusDetails" : "unknown error: Chrome failed to start: exited abnormally.\n  (unknown error: DevToolsActivePort file doesn't exist)\n  (The process started from chrome location /usr/bin/google-chrome is no longer running, so ChromeDriver is assuming that Chrome has crashed.)\nBuild info: version: '3.141.59', revision: 'e82be7d358', time: '2018-11-14T08:17:03'\nSystem info: host: 'fv-az204-242', ip: '10.1.0.19', os.name: 'Linux', os.arch: 'amd64', os.version: '5.8.0-1042-azure', java.version: '16.0.2'\nDriver info: driver.version: A_Search_FlatTest_NativeSeleniumWebDriver\nremote stacktrace: #0 0x5631eadac8f3 <unknown>\n#1 0x5631ea891ba8 <unknown>\n#2 0x5631ea8b4e33 <unknown>\n#3 0x5631ea8b09ef <unknown>\n#4 0x5631ea8ea995 <unknown>\n#5 0x5631ea8e4d63 <unknown>\n#6 0x5631ea8bb144 <unknown>\n#7 0x5631ea8bc135 <unknown>\n#8 0x5631eaddbc3e <unknown>\n#9 0x5631eadf16b7 <unknown>\n#10 0x5631eaddcb95 <unknown>\n#11 0x5631eadf2b05 <unknown>\n#12 0x5631eadd12ab <unknown>\n#13 0x5631eae0d248 <unknown>\n#14 0x5631eae0d3c8 <unknown>\n#15 0x5631eae2833d <unknown>\n#16 0x7f0daf98b609 start_thread\n",
        "time" : {
          "start" : 1633438186309,
          "stop" : 1633438186310,
          "duration" : 1
        }
      }, {
        "uid" : "a25771d0e4bab1c0",
        "reportUrl" : "https://MohabMohie.github.io/using_SHAFT_ENGINE/allure/986//#testresult/a25771d0e4bab1c0",
        "status" : "skipped",
        "statusDetails" : "unknown error: Chrome failed to start: exited abnormally.\n  (unknown error: DevToolsActivePort file doesn't exist)\n  (The process started from chrome location /usr/bin/google-chrome is no longer running, so ChromeDriver is assuming that Chrome has crashed.)\nBuild info: version: '3.141.59', revision: 'e82be7d358', time: '2018-11-14T08:17:03'\nSystem info: host: 'fv-az292-147', ip: '10.1.0.84', os.name: 'Linux', os.arch: 'amd64', os.version: '5.8.0-1042-azure', java.version: '16.0.2'\nDriver info: driver.version: A_Search_FlatTest_NativeSeleniumWebDriver\nremote stacktrace: #0 0x562fbdfc58f3 <unknown>\n#1 0x562fbdaaaba8 <unknown>\n#2 0x562fbdacde33 <unknown>\n#3 0x562fbdac99ef <unknown>\n#4 0x562fbdb03995 <unknown>\n#5 0x562fbdafdd63 <unknown>\n#6 0x562fbdad4144 <unknown>\n#7 0x562fbdad5135 <unknown>\n#8 0x562fbdff4c3e <unknown>\n#9 0x562fbe00a6b7 <unknown>\n#10 0x562fbdff5b95 <unknown>\n#11 0x562fbe00bb05 <unknown>\n#12 0x562fbdfea2ab <unknown>\n#13 0x562fbe026248 <unknown>\n#14 0x562fbe0263c8 <unknown>\n#15 0x562fbe04133d <unknown>\n#16 0x7fe1b29d4609 start_thread\n",
        "time" : {
          "start" : 1633415909251,
          "stop" : 1633415909252,
          "duration" : 1
        }
      }, {
        "uid" : "bb970d3cd1d22680",
        "reportUrl" : "https://MohabMohie.github.io/using_SHAFT_ENGINE/allure/985//#testresult/bb970d3cd1d22680",
        "status" : "skipped",
        "statusDetails" : "unknown error: Chrome failed to start: exited abnormally.\n  (unknown error: DevToolsActivePort file doesn't exist)\n  (The process started from chrome location /usr/bin/google-chrome is no longer running, so ChromeDriver is assuming that Chrome has crashed.)\nBuild info: version: '3.141.59', revision: 'e82be7d358', time: '2018-11-14T08:17:03'\nSystem info: host: 'fv-az204-242', ip: '10.1.0.101', os.name: 'Linux', os.arch: 'amd64', os.version: '5.8.0-1042-azure', java.version: '16.0.2'\nDriver info: driver.version: A_Search_FlatTest_NativeSeleniumWebDriver\nremote stacktrace: #0 0x55ef8af538f3 <unknown>\n#1 0x55ef8aa38ba8 <unknown>\n#2 0x55ef8aa5be33 <unknown>\n#3 0x55ef8aa579ef <unknown>\n#4 0x55ef8aa91995 <unknown>\n#5 0x55ef8aa8bd63 <unknown>\n#6 0x55ef8aa62144 <unknown>\n#7 0x55ef8aa63135 <unknown>\n#8 0x55ef8af82c3e <unknown>\n#9 0x55ef8af986b7 <unknown>\n#10 0x55ef8af83b95 <unknown>\n#11 0x55ef8af99b05 <unknown>\n#12 0x55ef8af782ab <unknown>\n#13 0x55ef8afb4248 <unknown>\n#14 0x55ef8afb43c8 <unknown>\n#15 0x55ef8afcf33d <unknown>\n#16 0x7f7111440609 start_thread\n",
        "time" : {
          "start" : 1633397482047,
          "stop" : 1633397482048,
          "duration" : 1
        }
      } ]
    },
    "tags" : [ ]
  },
  "source" : "462a1e9d69fb60a0.json",
  "parameterValues" : [ ]
}