################################################################################################################################################
Detected SHAFT Engine Version: [SHAFT Engine v6.1.20220113]
################################################################################################################################################
[ReportManager] File Action [GetAbsolutePath] successfully performed. With the following test data [Relative Folder Path: "target/downloadedFiles/"]. @08-02-2022 06:36:39.0971 AM
[ReportManager] Attempting to run remotely on: [Linux-64], [GoogleChrome], [http://localhost:4444/wd/hub], Headless Execution. @08-02-2022 06:36:39.0989 AM
[ReportManager] Successfully Opened [GoogleChrome]. @08-02-2022 06:36:42.0089 AM
[ReportManager] Target URL: [https://www.google.com/ncr], and after redirection: [https://www.google.com] @08-02-2022 06:36:42.0099 AM
[ReportManager] Initial URL: [data:,] @08-02-2022 06:36:42.0222 AM
[ReportManager] Browser Action [NavigateToURL] successfully performed. With the following test data [https://www.google.com/ncr]. @08-02-2022 06:36:43.0564 A

################################################################################################################################################
Starting Execution:	[1 out of 23] test cases in the current suite
Test Method:		[tests.gui.google.C_Search_PageObjectModel_Traditional.navigateToGoogleHomeAndAssertGoogleLogoIsDisplayed]
################################################################################################################################################
[ReportManager] Element Action [IsElementDisplayed] successfully performed. @08-02-2022 06:36:43.0880 AM
[ReportManager] Assertion Passed: Asserting that the Google logo is displayed @08-02-2022 06:36:43.0893 AM
[ReportManager] Assertion [ValidateTrue] PASSED. Expected [TRUE] and Actual [TRUE]. Validation Type [POSITIVE]. @08-02-2022 06:36:43.0893 A
[ReportManager] Browser Action [CloseCurrentWindow] successfully performed. @08-02-2022 06:36:44.0066 AM
[ReportManager] Successfully created attachment [Browser Action Test Data - CloseCurrentWindow - Actual Value] @08-02-2022 06:36:44.0074 A
[ReportManager] File Action [GetAbsolutePath] successfully performed. With the following test data [Relative Folder Path: "target/downloadedFiles/"]. @08-02-2022 06:36:44.0103 AM
[ReportManager] Attempting to run remotely on: [Linux-64], [GoogleChrome], [http://localhost:4444/wd/hub], Headless Execution. @08-02-2022 06:36:44.0103 AM
[ReportManager] Successfully Opened [GoogleChrome]. @08-02-2022 06:36:44.0495 AM
[ReportManager] Target URL: [https://www.google.com/ncr], and after redirection: [https://www.google.com] @08-02-2022 06:36:44.0496 AM
[ReportManager] Initial URL: [data:,] @08-02-2022 06:36:44.0599 AM
[ReportManager] Browser Action [NavigateToURL] successfully performed. With the following test data [https://www.google.com/ncr]. @08-02-2022 06:36:45.0617 A

################################################################################################################################################
Starting Execution:	[2 out of 23] test cases in the current suite
Test Method:		[tests.gui.google.C_Search_PageObjectModel_Traditional.navigateToGoogleHomeAndAssertPageTitle]
################################################################################################################################################
[ReportManager] Browser Action [GetCurrentWindowTitle] successfully performed. With the following test data [Google]. @08-02-2022 06:36:45.0664 AM
[ReportManager] Assertion Passed: Asserting that the page title is Google @08-02-2022 06:36:45.0669 AM
[ReportManager] Assertion [ValidateEquals] PASSED. Expected [Google] and Actual [Google]. Comparison Type [EQUALS]. Validation Type [POSITIVE]. @08-02-2022 06:36:45.0670 A
[ReportManager] Browser Action [CloseCurrentWindow] successfully performed. @08-02-2022 06:36:45.0837 AM
[ReportManager] Successfully created attachment [Browser Action Test Data - CloseCurrentWindow - Actual Value] @08-02-2022 06:36:45.0838 A
[ReportManager] File Action [GetAbsolutePath] successfully performed. With the following test data [Relative Folder Path: "target/downloadedFiles/"]. @08-02-2022 06:36:45.0849 AM
[ReportManager] Attempting to run remotely on: [Linux-64], [GoogleChrome], [http://localhost:4444/wd/hub], Headless Execution. @08-02-2022 06:36:45.0854 AM
[ReportManager] Successfully Opened [GoogleChrome]. @08-02-2022 06:36:46.0313 AM
[ReportManager] Target URL: [https://www.google.com/ncr], and after redirection: [https://www.google.com] @08-02-2022 06:36:46.0314 AM
[ReportManager] Initial URL: [data:,] @08-02-2022 06:36:46.0390 AM
[ReportManager] Browser Action [NavigateToURL] successfully performed. With the following test data [https://www.google.com/ncr]. @08-02-2022 06:36:47.0441 A

################################################################################################################################################
Starting Execution:	[3 out of 23] test cases in the current suite
Test Method:		[tests.gui.google.C_Search_PageObjectModel_Traditional.searchForQueryAndAssertFirstResultTextIsCorrect]
################################################################################################################################################
[ReportManager] Element Action [Type] successfully performed. With the following test data [SHAFT_Engine]. @08-02-2022 06:36:48.0296 AM
[ReportManager] Element Action [KeyPress] successfully performed. With the following test data [ENTER]. @08-02-2022 06:36:49.0820 AM
[ReportManager] Element Action [GetText] successfully performed. With the following test data [SHAFT: Unified Test Automation Engine - GitHub]. @08-02-2022 06:36:50.0008 AM
[ReportManager] Assertion Failed: Asserting that the correct first result is displayed @08-02-2022 06:36:50.0012 AM
[ReportManager] Assertion [ValidateEquals] FAILED. Expected [MohabMohie] and Actual [SHAFT: Unified Test Automation Engine - GitHub]. Comparison Type [CONTAINS]. Validation Type [POSITIVE]. @08-02-2022 06:36:50.0012 A
[ReportManager] Browser Action [CloseCurrentWindow] successfully performed. @08-02-2022 06:36:50.0344 AM
[ReportManager] Successfully created attachment [Browser Action Test Data - CloseCurrentWindow - Actual Value] @08-02-2022 06:36:50.0352 A
[ReportManager] An Exception Occured with this Message: src/test/resources/testDataFiles/Google/SimpleSearch.xlsx (No such file or directory). @08-02-2022 06:36:50.0368 AM
[ReportManager] Successfully created attachment [Exception Stack Trace - java.io.FileNotFoundException] @08-02-2022 06:36:50.0369 AM
[ReportManager] Couldn't find the desired file. [src/test/resources/testDataFiles/Google/SimpleSearch.xlsx]. @08-02-2022 06:36:50.0369 A


################################################################################################################################################
Starting Execution:	[4 out of 23] test cases in the current suite
Test Method:		[tests.gui.google.D_Search_PageObjectModel_Traditional_DataDriven.navigateToGoogleHomeAndAssertGoogleLogoIsDisplayed]
###############################################################################################################################################



################################################################################################################################################
Starting Execution:	[5 out of 23] test cases in the current suite
Test Method:		[tests.gui.google.D_Search_PageObjectModel_Traditional_DataDriven.navigateToGoogleHomeAndAssertPageTitle]
###############################################################################################################################################



################################################################################################################################################
Starting Execution:	[6 out of 23] test cases in the current suite
Test Method:		[tests.gui.google.D_Search_PageObjectModel_Traditional_DataDriven.searchForQueryAndAssertFirstResultTextIsCorrect]
###############################################################################################################################################




################################################################################################################################################
Starting Execution:	[7 out of 23] test cases in the current suite
Test Method:		[tests.gui.google.A_Search_FlatTest_NativeSeleniumWebDriver.navigateToGoogleHomeAndAssertGoogleLogoIsDisplayed]
###############################################################################################################################################



################################################################################################################################################
Starting Execution:	[8 out of 23] test cases in the current suite
Test Method:		[tests.gui.google.A_Search_FlatTest_NativeSeleniumWebDriver.navigateToGoogleHomeAndAssertPageTitle]
###############################################################################################################################################



################################################################################################################################################
Starting Execution:	[9 out of 23] test cases in the current suite
Test Method:		[tests.gui.google.A_Search_FlatTest_NativeSeleniumWebDriver.searchForQueryAndAssertFirstResultTextIsCorrect]
###############################################################################################################################################

[ReportManager] An Exception Occured with this Message: src/test/resources/testDataFiles/Google/SimpleSearch.xlsx (No such file or directory). @08-02-2022 06:37:11.0439 AM
[ReportManager] Successfully created attachment [Exception Stack Trace - java.io.FileNotFoundException] @08-02-2022 06:37:11.0440 AM
[ReportManager] Couldn't find the desired file. [src/test/resources/testDataFiles/Google/SimpleSearch.xlsx]. @08-02-2022 06:37:11.0440 A


################################################################################################################################################
Starting Execution:	[10 out of 23] test cases in the current suite
Test Method:		[tests.gui.google.G_Search_PageObjectModel_ThreadSafe.navigateToGoogleHomeAndAssertGoogleLogoIsDisplayed]
###############################################################################################################################################



################################################################################################################################################
Starting Execution:	[11 out of 23] test cases in the current suite
Test Method:		[tests.gui.google.G_Search_PageObjectModel_ThreadSafe.navigateToGoogleHomeAndAssertPageTitle]
###############################################################################################################################################



################################################################################################################################################
Starting Execution:	[12 out of 23] test cases in the current suite
Test Method:		[tests.gui.google.G_Search_PageObjectModel_ThreadSafe.searchForQueryAndAssertFirstResultTextIsCorrect]
###############################################################################################################################################

[ReportManager] An Exception Occured with this Message: src/test/resources/testDataFiles/Google/SimpleSearch.xlsx (No such file or directory). @08-02-2022 06:37:11.0462 AM
[ReportManager] Successfully created attachment [Exception Stack Trace - java.io.FileNotFoundException] @08-02-2022 06:37:11.0462 AM
[ReportManager] Couldn't find the desired file. [src/test/resources/testDataFiles/Google/SimpleSearch.xlsx]. @08-02-2022 06:37:11.0462 A


################################################################################################################################################
Starting Execution:	[13 out of 23] test cases in the current suite
Test Method:		[tests.gui.google.E_Search_PageObjectModel_Traditional_SHAFTAssertions.navigateToGoogleHomeAndAssertGoogleLogoIsDisplayed]
###############################################################################################################################################



################################################################################################################################################
Starting Execution:	[14 out of 23] test cases in the current suite
Test Method:		[tests.gui.google.E_Search_PageObjectModel_Traditional_SHAFTAssertions.navigateToGoogleHomeAndAssertPageTitle]
###############################################################################################################################################



################################################################################################################################################
Starting Execution:	[15 out of 23] test cases in the current suite
Test Method:		[tests.gui.google.E_Search_PageObjectModel_Traditional_SHAFTAssertions.searchForQueryAndAssertFirstResultTextIsCorrect]
###############################################################################################################################################

[ReportManager] An Exception Occured with this Message: src/test/resources/testDataFiles/Google/SimpleSearch.xlsx (No such file or directory). @08-02-2022 06:37:11.0497 AM
[ReportManager] Successfully created attachment [Exception Stack Trace - java.io.FileNotFoundException] @08-02-2022 06:37:11.0497 AM
[ReportManager] Couldn't find the desired file. [src/test/resources/testDataFiles/Google/SimpleSearch.xlsx]. @08-02-2022 06:37:11.0498 A


################################################################################################################################################
Starting Execution:	[16 out of 23] test cases in the current suite
Test Method:		[tests.gui.google.F_Search_PageObjectModel_Fluent.navigateToGoogleHomeAndAssertGoogleLogoIsDisplayed]
###############################################################################################################################################



################################################################################################################################################
Starting Execution:	[17 out of 23] test cases in the current suite
Test Method:		[tests.gui.google.F_Search_PageObjectModel_Fluent.navigateToGoogleHomeAndAssertPageTitle]
###############################################################################################################################################



################################################################################################################################################
Starting Execution:	[18 out of 23] test cases in the current suite
Test Method:		[tests.gui.google.F_Search_PageObjectModel_Fluent.searchForQueryAndAssertFirstResultTextIsCorrect]
###############################################################################################################################################

[ReportManager] File Action [GetAbsolutePath] successfully performed. With the following test data [Relative Folder Path: "target/downloadedFiles/"]. @08-02-2022 06:37:11.0541 AM
[ReportManager] Attempting to run remotely on: [Linux-64], [GoogleChrome], [http://localhost:4444/wd/hub], Headless Execution. @08-02-2022 06:37:11.0542 AM
[ReportManager] Successfully Opened [GoogleChrome]. @08-02-2022 06:37:12.0016 AM
[ReportManager] Target URL: [https://www.google.com/ncr], and after redirection: [https://www.google.com] @08-02-2022 06:37:12.0017 AM
[ReportManager] Initial URL: [data:,] @08-02-2022 06:37:12.0089 AM
[ReportManager] Browser Action [NavigateToURL] successfully performed. With the following test data [https://www.google.com/ncr]. @08-02-2022 06:37:13.0059 A

################################################################################################################################################
Starting Execution:	[19 out of 23] test cases in the current suite
Test Method:		[tests.gui.google.B_Search_FlatTest_SHAFT.navigateToGoogleHomeAndAssertGoogleLogoIsDisplayed]
################################################################################################################################################
[ReportManager] File Action [DoesFileExist] successfully performed. With the following test data [File Path: "src/main/resources/dynamicObjectRepository/tests_gui_google_B_Search_FlatTest_SHAFT_navigateToGoogleHomeAndAssertGoogleLogoIsDisplayed_By_xpath_img_id_hplogo_or_alt_Google.png"]. @08-02-2022 06:37:13.0065 AM
[ReportManager] File Action [GetAbsolutePath] successfully performed. With the following test data [Relative Folder Path: "src/main/resources/dynamicObjectRepository/tests_gui_google_B_Search_FlatTest_SHAFT_navigateToGoogleHomeAndAssertGoogleLogoIsDisplayed_By_xpath_img_id_hplogo_or_alt_Google.png"]. @08-02-2022 06:37:13.0065 AM
[ReportManager] File Action [ReadFromImageFile] successfully performed. With the following test data [File Path: "/home/runner/work/using_SHAFT_ENGINE/using_SHAFT_ENGINE/src/main/resources/dynamicObjectRepository/tests_gui_google_B_Search_FlatTest_SHAFT_navigateToGoogleHomeAndAssertGoogleLogoIsDisplayed_By_xpath_img_id_hplogo_or_alt_Google.png"]. @08-02-2022 06:37:13.0065 AM
[ReportManager] File Action [DoesFileExist] successfully performed. With the following test data [File Path: "src/main/resources/dynamicObjectRepository/tests_gui_google_B_Search_FlatTest_SHAFT_navigateToGoogleHomeAndAssertGoogleLogoIsDisplayed_By_xpath_img_id_hplogo_or_alt_Google.png"]. @08-02-2022 06:37:13.0378 AM
[ReportManager] File Action [DoesFileExist] successfully performed. With the following test data [File Path: "src/main/resources/dynamicObjectRepository/tests_gui_google_B_Search_FlatTest_SHAFT_navigateToGoogleHomeAndAssertGoogleLogoIsDisplayed_By_xpath_img_id_hplogo_or_alt_Google.png"]. @08-02-2022 06:37:13.0387 AM
[ReportManager] File Action [GetAbsolutePath] successfully performed. With the following test data [Relative Folder Path: "src/main/resources/dynamicObjectRepository/tests_gui_google_B_Search_FlatTest_SHAFT_navigateToGoogleHomeAndAssertGoogleLogoIsDisplayed_By_xpath_img_id_hplogo_or_alt_Google.png"]. @08-02-2022 06:37:13.0406 AM
[ReportManager] File Action [ReadFromImageFile] successfully performed. With the following test data [File Path: "/home/runner/work/using_SHAFT_ENGINE/using_SHAFT_ENGINE/src/main/resources/dynamicObjectRepository/tests_gui_google_B_Search_FlatTest_SHAFT_navigateToGoogleHomeAndAssertGoogleLogoIsDisplayed_By_xpath_img_id_hplogo_or_alt_Google.png"]. @08-02-2022 06:37:13.0406 AM
[ReportManager] Accuracy threshold is [80.0%] and the actual match accuracy is [91.50802493095398%]. @08-02-2022 06:37:13.0410 AM
[ReportManager] Successfully identified the element using AI; OpenCV. @08-02-2022 06:37:13.0410 AM
[ReportManager] Assertion Passed: Asserting that the Google logo is displayed @08-02-2022 06:37:13.0411 AM
[ReportManager] Successfully created attachment [Validation Test Data - Reference Screenshot] @08-02-2022 06:37:13.0413 AM
[ReportManager] Successfully created attachment [Validation Test Data - Actual Screenshot] @08-02-2022 06:37:13.0413 AM
[ReportManager] Assertion [ValidateElementMatches] PASSED. Expected [Element should match the reference screenshot] and Actual [TRUE]. Comparison Type [EXACT_OPENCV]. Validation Type [POSITIVE]. @08-02-2022 06:37:13.0413 A
[ReportManager] Browser Action [CloseCurrentWindow] successfully performed. @08-02-2022 06:37:13.0573 AM
[ReportManager] Successfully created attachment [Browser Action Test Data - CloseCurrentWindow - Actual Value] @08-02-2022 06:37:13.0578 A
[ReportManager] File Action [GetAbsolutePath] successfully performed. With the following test data [Relative Folder Path: "target/downloadedFiles/"]. @08-02-2022 06:37:13.0581 AM
[ReportManager] Attempting to run remotely on: [Linux-64], [GoogleChrome], [http://localhost:4444/wd/hub], Headless Execution. @08-02-2022 06:37:13.0581 AM
[ReportManager] Successfully Opened [GoogleChrome]. @08-02-2022 06:37:13.0806 AM
[ReportManager] Target URL: [https://www.google.com/ncr], and after redirection: [https://www.google.com] @08-02-2022 06:37:13.0806 AM
[ReportManager] Initial URL: [data:,] @08-02-2022 06:37:13.0883 AM
[ReportManager] Browser Action [NavigateToURL] successfully performed. With the following test data [https://www.google.com/ncr]. @08-02-2022 06:37:14.0841 A

################################################################################################################################################
Starting Execution:	[20 out of 23] test cases in the current suite
Test Method:		[tests.gui.google.B_Search_FlatTest_SHAFT.navigateToGoogleHomeAndAssertPageTitle]
################################################################################################################################################
[ReportManager] Browser Action [GetCurrentWindowTitle] successfully performed. With the following test data [Google]. @08-02-2022 06:37:14.0890 AM
[ReportManager] Assertion Passed: Asserting that the page title is Google @08-02-2022 06:37:15.0472 AM
[ReportManager] Successfully created attachment [Screenshot - 1644302235120_navigateToGoogleHomeAndAssertPageTitle_ValidateBrowserAttribute_passed] @08-02-2022 06:37:15.0479 AM
[ReportManager] Assertion [ValidateBrowserAttribute] PASSED. Expected [Value Should be 'Google' for the 'Title' attribute] and Actual [Google]. Comparison Type [EQUALS]. Validation Type [POSITIVE]. @08-02-2022 06:37:15.0479 A
[ReportManager] Browser Action [CloseCurrentWindow] successfully performed. @08-02-2022 06:37:15.0632 AM
[ReportManager] Successfully created attachment [Browser Action Test Data - CloseCurrentWindow - Actual Value] @08-02-2022 06:37:15.0633 A
[ReportManager] File Action [GetAbsolutePath] successfully performed. With the following test data [Relative Folder Path: "target/downloadedFiles/"]. @08-02-2022 06:37:15.0637 AM
[ReportManager] Attempting to run remotely on: [Linux-64], [GoogleChrome], [http://localhost:4444/wd/hub], Headless Execution. @08-02-2022 06:37:15.0639 AM
[ReportManager] Successfully Opened [GoogleChrome]. @08-02-2022 06:37:15.0882 AM
[ReportManager] Target URL: [https://www.google.com/ncr], and after redirection: [https://www.google.com] @08-02-2022 06:37:15.0882 AM
[ReportManager] Initial URL: [data:,] @08-02-2022 06:37:15.0947 AM
[ReportManager] Browser Action [NavigateToURL] successfully performed. With the following test data [https://www.google.com/ncr]. @08-02-2022 06:37:16.0894 A

################################################################################################################################################
Starting Execution:	[21 out of 23] test cases in the current suite
Test Method:		[tests.gui.google.B_Search_FlatTest_SHAFT.searchForQueryAndAssertFirstResultTextIsCorrect]
################################################################################################################################################
[ReportManager] Element Action [Type] successfully performed. With the following test data [SHAFT_Engine]. @08-02-2022 06:37:17.0663 AM
[ReportManager] Element Action [KeyPress] successfully performed. With the following test data [ENTER]. @08-02-2022 06:37:18.0453 AM
[ReportManager] Element Action [GetText] successfully performed. With the following test data [SHAFT: Unified Test Automation Engine - GitHub]. @08-02-2022 06:37:18.0843 AM
[ReportManager] Assertion Failed: Asserting that the correct first result is displayed @08-02-2022 06:37:19.0672 AM
[ReportManager] Successfully created attachment [Screenshot - 1644302239526_searchForQueryAndAssertFirstResultTextIsCorrect_ValidateElementAttribute_failed] @08-02-2022 06:37:19.0680 AM
[ReportManager] Assertion [ValidateElementAttribute] FAILED. Expected [Value Should be 'MohabMohie' for the 'Text' attribute, element locator 'By.xpath: (//h1[contains(text(),'Search Result')]/following-sibling::div//a/h3)[1]'] and Actual [SHAFT: Unified Test Automation Engine - GitHub]. Comparison Type [CONTAINS]. Validation Type [POSITIVE]. @08-02-2022 06:37:19.0680 A
[ReportManager] Browser Action [CloseCurrentWindow] successfully performed. @08-02-2022 06:37:19.0890 AM
[ReportManager] Successfully created attachment [Browser Action Test Data - CloseCurrentWindow - Actual Value] @08-02-2022 06:37:19.0896 A

################################################################################################################################################
Starting Execution:	[22 out of 23] test cases in the current suite
Test Method:		[tests.cli.demo.cliTest.sampleTestCase]
################################################################################################################################################
[ReportManager] Attempting to perform the following command locally. Command: [ls] @08-02-2022 06:37:19.0915 AM
[ReportManager] Terminal Action [PerformTerminalCommands] successfully performed. With the following test data [Host Name: "localHost" | Command: "ls" | Exit Status: "0"]. @08-02-2022 06:37:19.0920 AM
[ReportManager] Successfully created attachment [Terminal Action Actual Result - Command Log] @08-02-2022 06:37:19.0920 AM
[ReportManager] Assertion Passed: Demoing local terminal actions @08-02-2022 06:37:19.0920 AM
[ReportManager] Assertion [ValidateEquals] PASSED. Expected [pom.xml] and Actual [LICENSE
README.md
allure-results
docker-compose_native.yml
docker-compose_zalenium.yml
extent-reports
pom.xml
readMeImgs
src
target]. Comparison Type [CONTAINS]. Validation Type [POSITIVE]. @08-02-2022 06:37:19.0920 A

################################################################################################################################################
Starting Execution:	[23 out of 23] test cases in the current suite
Test Method:		[tests.api.users.UserData.validateUserEmail]
################################################################################################################################################
[ReportManager] Response status code: [200], status line: [HTTP/1.1 200 OK] @08-02-2022 06:37:21.0998 AM
[ReportManager] Assertion Passed: Evaluating the actual response status code against the expected one... @08-02-2022 06:37:22.0003 AM
[ReportManager] Assertion [ValidateComparativeRelation] PASSED. Expected [200] and Actual [200]. Comparison Type [EQUALS]. Validation Type [POSITIVE]. @08-02-2022 06:37:22.0003 AM
[ReportManager] API Action [PerformRequest] successfully performed. With the following test data [Request Type: "GET" | Target Status Code: "200" | Service URL: "https://jsonplaceholder.typicode.com/users" | Content Type: "*/*" | Response Time: "763ms"]. @08-02-2022 06:37:22.0980 AM
[ReportManager] Successfully created attachment [API Request - Specifications] @08-02-2022 06:37:22.0981 AM
[ReportManager] Successfully created attachment [API Response - JSON Body] @08-02-2022 06:37:23.0218 AM
[ReportManager] Assertion [ValidateEquals] PASSED. Expected and Actual values are attached. Comparison Type [CONTAINS]. Validation Type [POSITIVE]. @08-02-2022 06:37:23.0220 AM
[ReportManager] Successfully created attachment [Validation Test Data - Expected Value] @08-02-2022 06:37:23.0221 AM
[ReportManager] Successfully created attachment [Validation Test Data - Actual Value] @08-02-2022 06:37:23.0221 AM
[ReportManager] API Action [GetResponseJSONValueAsList] successfully performed. With the following test data [$]. @08-02-2022 06:37:23.0237 AM
[ReportManager] API Action [GetResponseJSONValue] successfully performed. With the following test data [name]. @08-02-2022 06:37:23.0268 AM
[ReportManager] API Action [GetResponseJSONValue] successfully performed. With the following test data [email]. @08-02-2022 06:37:23.0291 AM
[ReportManager] Assertion [ValidateEquals] PASSED. Expected [Sincere@april.biz] and Actual [Sincere@april.biz]. Comparison Type [EQUALS]. Validation Type [POSITIVE]. @08-02-2022 06:37:23.0292 AM
[ReportManager] API Action [GetResponseJSONValue] successfully performed. With the following test data [name]. @08-02-2022 06:37:23.0318 AM
[ReportManager] API Action [GetResponseJSONValue] successfully performed. With the following test data [name]. @08-02-2022 06:37:23.0341 AM
[ReportManager] API Action [GetResponseJSONValue] successfully performed. With the following test data [name]. @08-02-2022 06:37:23.0358 AM
[ReportManager] API Action [GetResponseJSONValue] successfully performed. With the following test data [name]. @08-02-2022 06:37:23.0388 AM
[ReportManager] API Action [GetResponseJSONValue] successfully performed. With the following test data [name]. @08-02-2022 06:37:23.0407 AM
[ReportManager] API Action [GetResponseJSONValue] successfully performed. With the following test data [name]. @08-02-2022 06:37:23.0424 AM
[ReportManager] API Action [GetResponseJSONValue] successfully performed. With the following test data [name]. @08-02-2022 06:37:23.0440 AM
[ReportManager] API Action [GetResponseJSONValue] successfully performed. With the following test data [name]. @08-02-2022 06:37:23.0486 AM
[ReportManager] API Action [GetResponseJSONValue] successfully performed. With the following test data [name]. @08-02-2022 06:37:23.0502 A
[ReportManager] Successfully created attachment [SHAFT Engine Logs - Execution log] @08-02-2022 06:37:23.0531 AM

################################################################################################################################################
This test run was powered by SHAFT Engine Version: [SHAFT Engine v6.1.20220113]
SHAFT Engine is licensed under the MIT License: [https://github.com/MohabMohie/SHAFT_ENGINE/blob/master/LICENSE].
################################################################################################################################################