{
  "uid" : "4b4757e66a1912dae1a509f688f20b0f",
  "children" : [ {
    "name" : "Product defects",
    "children" : [ {
      "name" : "Assertion [ValidateElementAttribute] FAILED. Expected [Value Should be 'MohabMohie' for the 'Text' attribute, element locator 'By.xpath: (//h1[contains(text(),'Search Result')]/following-sibling::div//a/h3)[1]'] and Actual [SHAFT: Unified Test Automation Engine - GitHub]. Comparison Type [CONTAINS]. Validation Type [POSITIVE].",
      "children" : [ {
        "name" : "searchForQueryAndAssertFirstResultTextIsCorrect",
        "uid" : "cb81f28ff72c34ce",
        "parentUid" : "36f771086daca37e576c8f54ca78e2e8",
        "status" : "failed",
        "time" : {
          "start" : 1640630436101,
          "stop" : 1640630439479,
          "duration" : 3378
        },
        "flaky" : false,
        "newFailed" : false,
        "parameters" : [ ]
      } ],
      "uid" : "36f771086daca37e576c8f54ca78e2e8"
    }, {
      "name" : "Couldn't find the desired file. [src/test/resources/testDataFiles/Google/SimpleSearch.xlsx].",
      "children" : [ {
        "name" : "beforeClass",
        "uid" : "e1c40c0fc0c078e8",
        "parentUid" : "0cf878649e8dacea607ed6d8ff7b1a2f",
        "status" : "failed",
        "time" : {
          "start" : 1640630439865,
          "stop" : 1640630439865,
          "duration" : 0
        },
        "flaky" : false,
        "newFailed" : false,
        "parameters" : [ ]
      }, {
        "name" : "beforeClass",
        "uid" : "e4232de3825d8d88",
        "parentUid" : "0cf878649e8dacea607ed6d8ff7b1a2f",
        "status" : "failed",
        "time" : {
          "start" : 1640630447932,
          "stop" : 1640630447932,
          "duration" : 0
        },
        "flaky" : false,
        "newFailed" : false,
        "parameters" : [ ]
      }, {
        "name" : "beforeClass",
        "uid" : "1399999d1498b697",
        "parentUid" : "0cf878649e8dacea607ed6d8ff7b1a2f",
        "status" : "failed",
        "time" : {
          "start" : 1640630447972,
          "stop" : 1640630447972,
          "duration" : 0
        },
        "flaky" : false,
        "newFailed" : false,
        "parameters" : [ ]
      }, {
        "name" : "beforeClass",
        "uid" : "5cd9719b11785b15",
        "parentUid" : "0cf878649e8dacea607ed6d8ff7b1a2f",
        "status" : "failed",
        "time" : {
          "start" : 1640630448002,
          "stop" : 1640630448002,
          "duration" : 0
        },
        "flaky" : false,
        "newFailed" : false,
        "parameters" : [ ]
      } ],
      "uid" : "0cf878649e8dacea607ed6d8ff7b1a2f"
    }, {
      "name" : "Assertion [ValidateEquals] FAILED. Expected [MohabMohie] and Actual [SHAFT: Unified Test Automation Engine - GitHub]. Comparison Type [CONTAINS]. Validation Type [POSITIVE].",
      "children" : [ {
        "name" : "searchForQueryAndAssertFirstResultTextIsCorrect",
        "uid" : "e61469cc84fd74c5",
        "parentUid" : "ab225c3efa9697d821bd8bd14f8e852f",
        "status" : "failed",
        "time" : {
          "start" : 1640630445171,
          "stop" : 1640630447664,
          "duration" : 2493
        },
        "flaky" : false,
        "newFailed" : false,
        "parameters" : [ ]
      } ],
      "uid" : "ab225c3efa9697d821bd8bd14f8e852f"
    } ],
    "uid" : "8fb3a91ba5aaf9de24cc8a92edc82b5d"
  }, {
    "name" : "Test defects",
    "children" : [ {
      "name" : "Could not start a new session. Response code 500. Message: unknown error: Chrome failed to start: crashed.\n  (unknown error: DevToolsActivePort file doesn't exist)\n  (The process started from chrome location /usr/bin/google-chrome is no longer running, so ChromeDriver is assuming that Chrome has crashed.)\nBuild info: version: '4.1.0', revision: '87802e897b'\nSystem info: host: 'fv-az216-775', ip: '10.1.1.188', os.name: 'Linux', os.arch: 'amd64', os.version: '5.11.0-1022-azure', java.version: '17.0.1'\nDriver info: org.openqa.selenium.chrome.ChromeDriver\nCommand: [null, newSession {capabilities=[Capabilities {browserName: chrome, goog:chromeOptions: {args: [], extensions: []}}], desiredCapabilities=Capabilities {browserName: chrome, goog:chromeOptions: {args: [], extensions: []}}}]",
      "children" : [ {
        "name" : "beforeMethod",
        "uid" : "2b8496824858dcc4",
        "parentUid" : "371a88a0085ec43faca9af66dcaf7ccc",
        "status" : "broken",
        "time" : {
          "start" : 1640630468720,
          "stop" : 1640630468720,
          "duration" : 0
        },
        "flaky" : false,
        "newFailed" : false,
        "parameters" : [ ]
      } ],
      "uid" : "371a88a0085ec43faca9af66dcaf7ccc"
    } ],
    "uid" : "bdbf199525818fae7a8651db9eafe741"
  } ],
  "name" : "categories"
}