################################################################################################################################################
Detected SHAFT Engine Version: [SHAFT Engine v5.4.20211202-BETA]
################################################################################################################################################

################################################################################################################################################
Starting Execution:	[1 out of 23] test cases in the current suite
Test Method:		[tests.api.users.UserData.validateUserEmail]
################################################################################################################################################
[ReportManager] Response status code: [200], status line: [HTTP/1.1 200 OK] @07-12-2021 12:54:04.0603 PM
[ReportManager] Assertion Passed: Evaluating the actual response status code against the expected one... @07-12-2021 12:54:04.0616 PM
[ReportManager] Assertion [ValidateComparativeRelation] PASSED. Expected [200] and Actual [200]. Comparison Type [EQUALS]. Validation Type [POSITIVE]. @07-12-2021 12:54:04.0622 PM
[ReportManager] API Action [PerformRequest] successfully performed. With the following test data [Request Type: "GET" | Target Status Code: "200" | Service URL: "https://jsonplaceholder.typicode.com/users" | Content Type: "*/*" | Response Time: "1127ms"]. @07-12-2021 12:54:05.0663 PM
[ReportManager] Successfully created attachment [API Request - Specifications] @07-12-2021 12:54:05.0664 PM
[ReportManager] Successfully created attachment [API Response - JSON Body] @07-12-2021 12:54:05.0882 PM
[ReportManager] Assertion [ValidateEquals] PASSED. Expected and Actual values are attached. Comparison Type [CONTAINS]. Validation Type [POSITIVE]. @07-12-2021 12:54:05.0889 PM
[ReportManager] Successfully created attachment [Validation Test Data - Expected Value] @07-12-2021 12:54:05.0889 PM
[ReportManager] Successfully created attachment [Validation Test Data - Actual Value] @07-12-2021 12:54:05.0890 PM
[ReportManager] API Action [GetResponseJSONValueAsList] successfully performed. With the following test data [$]. @07-12-2021 12:54:05.0901 PM
[ReportManager] API Action [GetResponseJSONValue] successfully performed. With the following test data [name]. @07-12-2021 12:54:05.0922 PM
[ReportManager] API Action [GetResponseJSONValue] successfully performed. With the following test data [email]. @07-12-2021 12:54:05.0934 PM
[ReportManager] Assertion [ValidateEquals] PASSED. Expected [Sincere@april.biz] and Actual [Sincere@april.biz]. Comparison Type [EQUALS]. Validation Type [POSITIVE]. @07-12-2021 12:54:05.0934 PM
[ReportManager] API Action [GetResponseJSONValue] successfully performed. With the following test data [name]. @07-12-2021 12:54:05.0945 PM
[ReportManager] API Action [GetResponseJSONValue] successfully performed. With the following test data [name]. @07-12-2021 12:54:05.0958 PM
[ReportManager] API Action [GetResponseJSONValue] successfully performed. With the following test data [name]. @07-12-2021 12:54:05.0971 PM
[ReportManager] API Action [GetResponseJSONValue] successfully performed. With the following test data [name]. @07-12-2021 12:54:05.0990 PM
[ReportManager] API Action [GetResponseJSONValue] successfully performed. With the following test data [name]. @07-12-2021 12:54:06.0011 PM
[ReportManager] API Action [GetResponseJSONValue] successfully performed. With the following test data [name]. @07-12-2021 12:54:06.0026 PM
[ReportManager] API Action [GetResponseJSONValue] successfully performed. With the following test data [name]. @07-12-2021 12:54:06.0042 PM
[ReportManager] API Action [GetResponseJSONValue] successfully performed. With the following test data [name]. @07-12-2021 12:54:06.0060 PM
[ReportManager] API Action [GetResponseJSONValue] successfully performed. With the following test data [name]. @07-12-2021 12:54:06.0077 P
[ReportManager] File Action [GetAbsolutePath] successfully performed. With the following test data [Relative Folder Path: "target/downloadedFiles/"]. @07-12-2021 12:54:06.0189 PM
[ReportManager] Attempting to run remotely on: [Linux-64], [GoogleChrome], [http://localhost:4444/wd/hub], Headless Execution. @07-12-2021 12:54:06.0201 PM
[ReportManager] Successfully Opened [GoogleChrome]. @07-12-2021 12:54:08.0122 PM
[ReportManager] Target URL: [https://www.google.com/ncr], and after redirection: [https://www.google.com] @07-12-2021 12:54:08.0137 PM
[ReportManager] Initial URL: [data:,] @07-12-2021 12:54:08.0329 PM
[ReportManager] Browser Action [NavigateToURL] successfully performed. With the following test data [https://www.google.com/ncr]. @07-12-2021 12:54:10.0152 P

################################################################################################################################################
Starting Execution:	[2 out of 23] test cases in the current suite
Test Method:		[tests.gui.google.B_Search_FlatTest_SHAFT.navigateToGoogleHomeAndAssertGoogleLogoIsDisplayed]
################################################################################################################################################
[ReportManager] File Action [DoesFileExist] successfully performed. With the following test data [File Path: "src/main/resources/dynamicObjectRepository/tests_gui_google_B_Search_FlatTest_SHAFT_navigateToGoogleHomeAndAssertGoogleLogoIsDisplayed_By_xpath_img_id_hplogo_or_alt_Google.png"]. @07-12-2021 12:54:10.0183 PM
[ReportManager] File Action [GetAbsolutePath] successfully performed. With the following test data [Relative Folder Path: "src/main/resources/dynamicObjectRepository/tests_gui_google_B_Search_FlatTest_SHAFT_navigateToGoogleHomeAndAssertGoogleLogoIsDisplayed_By_xpath_img_id_hplogo_or_alt_Google.png"]. @07-12-2021 12:54:10.0184 PM
[ReportManager] File Action [ReadFromImageFile] successfully performed. With the following test data [File Path: "/home/runner/work/using_SHAFT_ENGINE/using_SHAFT_ENGINE/src/main/resources/dynamicObjectRepository/tests_gui_google_B_Search_FlatTest_SHAFT_navigateToGoogleHomeAndAssertGoogleLogoIsDisplayed_By_xpath_img_id_hplogo_or_alt_Google.png"]. @07-12-2021 12:54:10.0184 PM
[ReportManager] File Action [DoesFileExist] successfully performed. With the following test data [File Path: "src/main/resources/dynamicObjectRepository/tests_gui_google_B_Search_FlatTest_SHAFT_navigateToGoogleHomeAndAssertGoogleLogoIsDisplayed_By_xpath_img_id_hplogo_or_alt_Google.png"]. @07-12-2021 12:54:10.0522 PM
[ReportManager] File Action [DoesFileExist] successfully performed. With the following test data [File Path: "src/main/resources/dynamicObjectRepository/tests_gui_google_B_Search_FlatTest_SHAFT_navigateToGoogleHomeAndAssertGoogleLogoIsDisplayed_By_xpath_img_id_hplogo_or_alt_Google.png"]. @07-12-2021 12:54:10.0523 PM
[ReportManager] Loaded Shared OpenCV @07-12-2021 12:54:10.0940 PM
[ReportManager] Successfully identified the element using AI; OpenCV. @07-12-2021 12:54:10.0975 PM
[ReportManager] Assertion Passed: Asserting that the Google logo is displayed @07-12-2021 12:54:10.0977 PM
[ReportManager] Successfully created attachment [Validation Test Data - Reference Screenshot] @07-12-2021 12:54:10.0978 PM
[ReportManager] Successfully created attachment [Validation Test Data - Actual Screenshot] @07-12-2021 12:54:10.0978 PM
[ReportManager] Assertion [ValidateElementMatches] PASSED. Expected [Element should match the reference screenshot] and Actual [TRUE]. Comparison Type [EXACT_OPENCV]. Validation Type [POSITIVE]. @07-12-2021 12:54:10.0979 P
[ReportManager] Browser Action [CloseCurrentWindow] successfully performed. @07-12-2021 12:54:11.0244 PM
[ReportManager] Successfully created attachment [Browser Action Test Data - CloseCurrentWindow - Actual Value] @07-12-2021 12:54:11.0254 P
[ReportManager] File Action [GetAbsolutePath] successfully performed. With the following test data [Relative Folder Path: "target/downloadedFiles/"]. @07-12-2021 12:54:11.0278 PM
[ReportManager] Attempting to run remotely on: [Linux-64], [GoogleChrome], [http://localhost:4444/wd/hub], Headless Execution. @07-12-2021 12:54:11.0279 PM
[ReportManager] Successfully Opened [GoogleChrome]. @07-12-2021 12:54:11.0698 PM
[ReportManager] Target URL: [https://www.google.com/ncr], and after redirection: [https://www.google.com] @07-12-2021 12:54:11.0698 PM
[ReportManager] Initial URL: [data:,] @07-12-2021 12:54:11.0810 PM
[ReportManager] Browser Action [NavigateToURL] successfully performed. With the following test data [https://www.google.com/ncr]. @07-12-2021 12:54:13.0364 P

################################################################################################################################################
Starting Execution:	[3 out of 23] test cases in the current suite
Test Method:		[tests.gui.google.B_Search_FlatTest_SHAFT.navigateToGoogleHomeAndAssertPageTitle]
################################################################################################################################################
[ReportManager] Browser Action [GetCurrentWindowTitle] successfully performed. With the following test data [Google]. @07-12-2021 12:54:13.0434 PM
[ReportManager] Assertion Passed: Asserting that the page title is Google @07-12-2021 12:54:14.0019 PM
[ReportManager] Successfully created attachment [Screenshot - 1638881653639_navigateToGoogleHomeAndAssertPageTitle_ValidateBrowserAttribute_passed] @07-12-2021 12:54:14.0029 PM
[ReportManager] Assertion [ValidateBrowserAttribute] PASSED. Expected [Value Should be 'Google' for the 'Title' attribute] and Actual [Google]. Comparison Type [EQUALS]. Validation Type [POSITIVE]. @07-12-2021 12:54:14.0029 P
[ReportManager] Browser Action [CloseCurrentWindow] successfully performed. @07-12-2021 12:54:14.0253 PM
[ReportManager] Successfully created attachment [Browser Action Test Data - CloseCurrentWindow - Actual Value] @07-12-2021 12:54:14.0256 P
[ReportManager] File Action [GetAbsolutePath] successfully performed. With the following test data [Relative Folder Path: "target/downloadedFiles/"]. @07-12-2021 12:54:14.0261 PM
[ReportManager] Attempting to run remotely on: [Linux-64], [GoogleChrome], [http://localhost:4444/wd/hub], Headless Execution. @07-12-2021 12:54:14.0261 PM
[ReportManager] Successfully Opened [GoogleChrome]. @07-12-2021 12:54:14.0652 PM
[ReportManager] Target URL: [https://www.google.com/ncr], and after redirection: [https://www.google.com] @07-12-2021 12:54:14.0652 PM
[ReportManager] Initial URL: [data:,] @07-12-2021 12:54:14.0769 PM
[ReportManager] Browser Action [NavigateToURL] successfully performed. With the following test data [https://www.google.com/ncr]. @07-12-2021 12:54:16.0229 P

################################################################################################################################################
Starting Execution:	[4 out of 23] test cases in the current suite
Test Method:		[tests.gui.google.B_Search_FlatTest_SHAFT.searchForQueryAndAssertFirstResultTextIsCorrect]
################################################################################################################################################
[ReportManager] Element Action [Type] successfully performed. With the following test data [SHAFT_Engine]. @07-12-2021 12:54:16.0727 PM
[ReportManager] Element Action [KeyPress] successfully performed. With the following test data [ENTER]. @07-12-2021 12:54:18.0229 PM
[ReportManager] Element Action [GetText] successfully performed. With the following test data [SHAFT: Unified Test Automation Engine - GitHub]. @07-12-2021 12:54:18.0364 PM
[ReportManager] Loaded Shared OpenCV @07-12-2021 12:54:18.0776 PM
[ReportManager] Assertion Failed: Asserting that the correct first result is displayed @07-12-2021 12:54:19.0046 PM
[ReportManager] Successfully created attachment [Screenshot - 1638881658776_searchForQueryAndAssertFirstResultTextIsCorrect_ValidateElementAttribute_failed] @07-12-2021 12:54:19.0055 PM
[ReportManager] Assertion [ValidateElementAttribute] FAILED. Expected [Value Should be 'MohabMohie' for the 'Text' attribute, element locator 'By.xpath: (//h1[contains(text(),'Search Result')]/following-sibling::div//a/h3)[1]'] and Actual [SHAFT: Unified Test Automation Engine - GitHub]. Comparison Type [CONTAINS]. Validation Type [POSITIVE]. @07-12-2021 12:54:19.0055 P
[ReportManager] Browser Action [CloseCurrentWindow] successfully performed. @07-12-2021 12:54:19.0448 PM
[ReportManager] Successfully created attachment [Browser Action Test Data - CloseCurrentWindow - Actual Value] @07-12-2021 12:54:19.0458 P
[ReportManager] File Action [GetAbsolutePath] successfully performed. With the following test data [Relative Folder Path: "target/downloadedFiles/"]. @07-12-2021 12:54:19.0468 PM
[ReportManager] Attempting to run remotely on: [Linux-64], [GoogleChrome], [http://localhost:4444/wd/hub], Headless Execution. @07-12-2021 12:54:19.0469 PM
[ReportManager] Successfully Opened [GoogleChrome]. @07-12-2021 12:54:19.0955 PM
[ReportManager] Target URL: [https://www.google.com/ncr], and after redirection: [https://www.google.com] @07-12-2021 12:54:19.0957 PM
[ReportManager] Initial URL: [data:,] @07-12-2021 12:54:20.0079 PM
[ReportManager] Browser Action [NavigateToURL] successfully performed. With the following test data [https://www.google.com/ncr]. @07-12-2021 12:54:21.0479 P

################################################################################################################################################
Starting Execution:	[5 out of 23] test cases in the current suite
Test Method:		[tests.gui.google.C_Search_PageObjectModel_Traditional.navigateToGoogleHomeAndAssertGoogleLogoIsDisplayed]
################################################################################################################################################
[ReportManager] Element Action [IsElementDisplayed] successfully performed. @07-12-2021 12:54:21.0628 PM
[ReportManager] Assertion Passed: Asserting that the Google logo is displayed @07-12-2021 12:54:21.0628 PM
[ReportManager] Assertion [ValidateTrue] PASSED. Expected [TRUE] and Actual [TRUE]. Validation Type [POSITIVE]. @07-12-2021 12:54:21.0628 P
[ReportManager] Browser Action [CloseCurrentWindow] successfully performed. @07-12-2021 12:54:21.0854 PM
[ReportManager] Successfully created attachment [Browser Action Test Data - CloseCurrentWindow - Actual Value] @07-12-2021 12:54:21.0857 P
[ReportManager] File Action [GetAbsolutePath] successfully performed. With the following test data [Relative Folder Path: "target/downloadedFiles/"]. @07-12-2021 12:54:21.0861 PM
[ReportManager] Attempting to run remotely on: [Linux-64], [GoogleChrome], [http://localhost:4444/wd/hub], Headless Execution. @07-12-2021 12:54:21.0862 PM
[ReportManager] Successfully Opened [GoogleChrome]. @07-12-2021 12:54:22.0079 PM
[ReportManager] Target URL: [https://www.google.com/ncr], and after redirection: [https://www.google.com] @07-12-2021 12:54:22.0080 PM
[ReportManager] Initial URL: [data:,] @07-12-2021 12:54:22.0175 PM
[ReportManager] Browser Action [NavigateToURL] successfully performed. With the following test data [https://www.google.com/ncr]. @07-12-2021 12:54:23.0650 P

################################################################################################################################################
Starting Execution:	[6 out of 23] test cases in the current suite
Test Method:		[tests.gui.google.C_Search_PageObjectModel_Traditional.navigateToGoogleHomeAndAssertPageTitle]
################################################################################################################################################
[ReportManager] Browser Action [GetCurrentWindowTitle] successfully performed. With the following test data [Google]. @07-12-2021 12:54:23.0720 PM
[ReportManager] Assertion Passed: Asserting that the page title is Google @07-12-2021 12:54:23.0720 PM
[ReportManager] Assertion [ValidateEquals] PASSED. Expected [Google] and Actual [Google]. Comparison Type [EQUALS]. Validation Type [POSITIVE]. @07-12-2021 12:54:23.0720 P
[ReportManager] Browser Action [CloseCurrentWindow] successfully performed. @07-12-2021 12:54:23.0939 PM
[ReportManager] Successfully created attachment [Browser Action Test Data - CloseCurrentWindow - Actual Value] @07-12-2021 12:54:23.0942 P
[ReportManager] File Action [GetAbsolutePath] successfully performed. With the following test data [Relative Folder Path: "target/downloadedFiles/"]. @07-12-2021 12:54:23.0947 PM
[ReportManager] Attempting to run remotely on: [Linux-64], [GoogleChrome], [http://localhost:4444/wd/hub], Headless Execution. @07-12-2021 12:54:23.0948 PM
[ReportManager] Successfully Opened [GoogleChrome]. @07-12-2021 12:54:24.0183 PM
[ReportManager] Target URL: [https://www.google.com/ncr], and after redirection: [https://www.google.com] @07-12-2021 12:54:24.0183 PM
[ReportManager] Initial URL: [data:,] @07-12-2021 12:54:24.0286 PM
[ReportManager] Browser Action [NavigateToURL] successfully performed. With the following test data [https://www.google.com/ncr]. @07-12-2021 12:54:25.0776 P

################################################################################################################################################
Starting Execution:	[7 out of 23] test cases in the current suite
Test Method:		[tests.gui.google.C_Search_PageObjectModel_Traditional.searchForQueryAndAssertFirstResultTextIsCorrect]
################################################################################################################################################
[ReportManager] Element Action [Type] successfully performed. With the following test data [SHAFT_Engine]. @07-12-2021 12:54:26.0246 PM
[ReportManager] Element Action [KeyPress] successfully performed. With the following test data [ENTER]. @07-12-2021 12:54:27.0260 PM
[ReportManager] Element Action [GetText] successfully performed. With the following test data [SHAFT: Unified Test Automation Engine - GitHub]. @07-12-2021 12:54:27.0631 PM
[ReportManager] Assertion Failed: Asserting that the correct first result is displayed @07-12-2021 12:54:27.0632 PM
[ReportManager] Assertion [ValidateEquals] FAILED. Expected [MohabMohie] and Actual [SHAFT: Unified Test Automation Engine - GitHub]. Comparison Type [CONTAINS]. Validation Type [POSITIVE]. @07-12-2021 12:54:27.0632 P
[ReportManager] Browser Action [CloseCurrentWindow] successfully performed. @07-12-2021 12:54:28.0041 PM
[ReportManager] Successfully created attachment [Browser Action Test Data - CloseCurrentWindow - Actual Value] @07-12-2021 12:54:28.0047 P



################################################################################################################################################
Starting Execution:	[8 out of 23] test cases in the current suite
Test Method:		[tests.gui.google.A_Search_FlatTest_NativeSeleniumWebDriver.navigateToGoogleHomeAndAssertGoogleLogoIsDisplayed]
###############################################################################################################################################



################################################################################################################################################
Starting Execution:	[9 out of 23] test cases in the current suite
Test Method:		[tests.gui.google.A_Search_FlatTest_NativeSeleniumWebDriver.navigateToGoogleHomeAndAssertPageTitle]
###############################################################################################################################################



################################################################################################################################################
Starting Execution:	[10 out of 23] test cases in the current suite
Test Method:		[tests.gui.google.A_Search_FlatTest_NativeSeleniumWebDriver.searchForQueryAndAssertFirstResultTextIsCorrect]
###############################################################################################################################################

[ReportManager] An Exception Occured with this Message: src/test/resources/testDataFiles/Google/SimpleSearch.xlsx (No such file or directory). @07-12-2021 12:54:47.0804 PM
[ReportManager] Successfully created attachment [Exception Stack Trace - java.io.FileNotFoundException] @07-12-2021 12:54:47.0804 PM
[ReportManager] Couldn't find the desired file. [src/test/resources/testDataFiles/Google/SimpleSearch.xlsx]. @07-12-2021 12:54:47.0805 P


################################################################################################################################################
Starting Execution:	[11 out of 23] test cases in the current suite
Test Method:		[tests.gui.google.E_Search_PageObjectModel_Traditional_SHAFTAssertions.navigateToGoogleHomeAndAssertGoogleLogoIsDisplayed]
###############################################################################################################################################



################################################################################################################################################
Starting Execution:	[12 out of 23] test cases in the current suite
Test Method:		[tests.gui.google.E_Search_PageObjectModel_Traditional_SHAFTAssertions.navigateToGoogleHomeAndAssertPageTitle]
###############################################################################################################################################



################################################################################################################################################
Starting Execution:	[13 out of 23] test cases in the current suite
Test Method:		[tests.gui.google.E_Search_PageObjectModel_Traditional_SHAFTAssertions.searchForQueryAndAssertFirstResultTextIsCorrect]
###############################################################################################################################################

[ReportManager] An Exception Occured with this Message: src/test/resources/testDataFiles/Google/SimpleSearch.xlsx (No such file or directory). @07-12-2021 12:54:47.0816 PM
[ReportManager] Successfully created attachment [Exception Stack Trace - java.io.FileNotFoundException] @07-12-2021 12:54:47.0816 PM
[ReportManager] Couldn't find the desired file. [src/test/resources/testDataFiles/Google/SimpleSearch.xlsx]. @07-12-2021 12:54:47.0817 P


################################################################################################################################################
Starting Execution:	[14 out of 23] test cases in the current suite
Test Method:		[tests.gui.google.D_Search_PageObjectModel_Traditional_DataDriven.navigateToGoogleHomeAndAssertGoogleLogoIsDisplayed]
###############################################################################################################################################



################################################################################################################################################
Starting Execution:	[15 out of 23] test cases in the current suite
Test Method:		[tests.gui.google.D_Search_PageObjectModel_Traditional_DataDriven.navigateToGoogleHomeAndAssertPageTitle]
###############################################################################################################################################



################################################################################################################################################
Starting Execution:	[16 out of 23] test cases in the current suite
Test Method:		[tests.gui.google.D_Search_PageObjectModel_Traditional_DataDriven.searchForQueryAndAssertFirstResultTextIsCorrect]
###############################################################################################################################################

[ReportManager] An Exception Occured with this Message: src/test/resources/testDataFiles/Google/SimpleSearch.xlsx (No such file or directory). @07-12-2021 12:54:47.0829 PM
[ReportManager] Successfully created attachment [Exception Stack Trace - java.io.FileNotFoundException] @07-12-2021 12:54:47.0829 PM
[ReportManager] Couldn't find the desired file. [src/test/resources/testDataFiles/Google/SimpleSearch.xlsx]. @07-12-2021 12:54:47.0829 P


################################################################################################################################################
Starting Execution:	[17 out of 23] test cases in the current suite
Test Method:		[tests.gui.google.G_Search_PageObjectModel_ThreadSafe.navigateToGoogleHomeAndAssertGoogleLogoIsDisplayed]
###############################################################################################################################################



################################################################################################################################################
Starting Execution:	[18 out of 23] test cases in the current suite
Test Method:		[tests.gui.google.G_Search_PageObjectModel_ThreadSafe.navigateToGoogleHomeAndAssertPageTitle]
###############################################################################################################################################



################################################################################################################################################
Starting Execution:	[19 out of 23] test cases in the current suite
Test Method:		[tests.gui.google.G_Search_PageObjectModel_ThreadSafe.searchForQueryAndAssertFirstResultTextIsCorrect]
###############################################################################################################################################

[ReportManager] An Exception Occured with this Message: src/test/resources/testDataFiles/Google/SimpleSearch.xlsx (No such file or directory). @07-12-2021 12:54:47.0857 PM
[ReportManager] Successfully created attachment [Exception Stack Trace - java.io.FileNotFoundException] @07-12-2021 12:54:47.0857 PM
[ReportManager] Couldn't find the desired file. [src/test/resources/testDataFiles/Google/SimpleSearch.xlsx]. @07-12-2021 12:54:47.0857 P


################################################################################################################################################
Starting Execution:	[20 out of 23] test cases in the current suite
Test Method:		[tests.gui.google.F_Search_PageObjectModel_Fluent.navigateToGoogleHomeAndAssertGoogleLogoIsDisplayed]
###############################################################################################################################################



################################################################################################################################################
Starting Execution:	[21 out of 23] test cases in the current suite
Test Method:		[tests.gui.google.F_Search_PageObjectModel_Fluent.navigateToGoogleHomeAndAssertPageTitle]
###############################################################################################################################################



################################################################################################################################################
Starting Execution:	[22 out of 23] test cases in the current suite
Test Method:		[tests.gui.google.F_Search_PageObjectModel_Fluent.searchForQueryAndAssertFirstResultTextIsCorrect]
###############################################################################################################################################


################################################################################################################################################
Starting Execution:	[23 out of 23] test cases in the current suite
Test Method:		[tests.cli.demo.cliTest.sampleTestCase]
################################################################################################################################################
[ReportManager] Attempting to perform the following command locally. Command: [ls] @07-12-2021 12:54:47.0880 PM
[ReportManager] Terminal Action [PerformTerminalCommands] successfully performed. With the following test data [Host Name: "localHost" | Command: "ls" | Exit Status: "0"]. @07-12-2021 12:54:47.0892 PM
[ReportManager] Successfully created attachment [Terminal Action Actual Result - Command Log] @07-12-2021 12:54:47.0893 PM
[ReportManager] Assertion Passed: Demoing local terminal actions @07-12-2021 12:54:47.0893 PM
[ReportManager] Assertion [ValidateEquals] PASSED. Expected [pom.xml] and Actual [LICENSE
README.md
allure-results
docker-compose_native.yml
docker-compose_zalenium.yml
extent-reports
pom.xml
readMeImgs
src
target]. Comparison Type [CONTAINS]. Validation Type [POSITIVE]. @07-12-2021 12:54:47.0893 P
[ReportManager] Successfully created attachment [SHAFT Engine Logs - Execution log] @07-12-2021 12:54:47.0913 PM

################################################################################################################################################
This test run was powered by SHAFT Engine Version: [SHAFT Engine v5.4.20211202-BETA]
SHAFT Engine is licensed under the MIT License: [https://github.com/MohabMohie/SHAFT_ENGINE/blob/master/LICENSE].
################################################################################################################################################