################################################################################################################################################
Detected SHAFT Engine Version: [SHAFT Engine v6.1.20220113]
################################################################################################################################################
[ReportManager] File Action [GetAbsolutePath] successfully performed. With the following test data [Relative Folder Path: "target/downloadedFiles/"]. @01-04-2022 18:39:54.0624 PM
[ReportManager] Attempting to run remotely on: [Linux-64], [GoogleChrome], [http://localhost:4444/wd/hub], Headless Execution. @01-04-2022 18:39:54.0638 PM
[ReportManager] Successfully Opened [GoogleChrome]. @01-04-2022 18:39:56.0758 PM
[ReportManager] Target URL: [https://www.google.com/ncr], and after redirection: [https://www.google.com] @01-04-2022 18:39:56.0770 PM
[ReportManager] Initial URL: [data:,] @01-04-2022 18:39:56.0890 PM
[ReportManager] Browser Action [NavigateToURL] successfully performed. With the following test data [https://www.google.com/ncr]. @01-04-2022 18:39:58.0476 P

################################################################################################################################################
Starting Execution:	[1 out of 23] test cases in the current suite
Test Method:		[tests.gui.google.C_Search_PageObjectModel_Traditional.navigateToGoogleHomeAndAssertGoogleLogoIsDisplayed]
################################################################################################################################################
[ReportManager] Element Action [IsElementDisplayed] successfully performed. @01-04-2022 18:39:58.0836 PM
[ReportManager] Assertion Passed: Asserting that the Google logo is displayed @01-04-2022 18:39:58.0866 PM
[ReportManager] Assertion [ValidateTrue] PASSED. Expected [TRUE] and Actual [TRUE]. Validation Type [POSITIVE]. @01-04-2022 18:39:58.0867 P
[ReportManager] Browser Action [CloseCurrentWindow] successfully performed. @01-04-2022 18:39:59.0057 PM
[ReportManager] Successfully created attachment [Browser Action Test Data - CloseCurrentWindow - Actual Value] @01-04-2022 18:39:59.0067 P
[ReportManager] File Action [GetAbsolutePath] successfully performed. With the following test data [Relative Folder Path: "target/downloadedFiles/"]. @01-04-2022 18:39:59.0091 PM
[ReportManager] Attempting to run remotely on: [Linux-64], [GoogleChrome], [http://localhost:4444/wd/hub], Headless Execution. @01-04-2022 18:39:59.0091 PM
[ReportManager] Successfully Opened [GoogleChrome]. @01-04-2022 18:39:59.0559 PM
[ReportManager] Target URL: [https://www.google.com/ncr], and after redirection: [https://www.google.com] @01-04-2022 18:39:59.0560 PM
[ReportManager] Initial URL: [data:,] @01-04-2022 18:39:59.0675 PM
[ReportManager] Browser Action [NavigateToURL] successfully performed. With the following test data [https://www.google.com/ncr]. @01-04-2022 18:40:00.0903 P

################################################################################################################################################
Starting Execution:	[2 out of 23] test cases in the current suite
Test Method:		[tests.gui.google.C_Search_PageObjectModel_Traditional.navigateToGoogleHomeAndAssertPageTitle]
################################################################################################################################################
[ReportManager] Browser Action [GetCurrentWindowTitle] successfully performed. With the following test data [Google]. @01-04-2022 18:40:00.0966 PM
[ReportManager] Assertion Passed: Asserting that the page title is Google @01-04-2022 18:40:00.0976 PM
[ReportManager] Assertion [ValidateEquals] PASSED. Expected [Google] and Actual [Google]. Comparison Type [EQUALS]. Validation Type [POSITIVE]. @01-04-2022 18:40:00.0976 P
[ReportManager] Browser Action [CloseCurrentWindow] successfully performed. @01-04-2022 18:40:01.0136 PM
[ReportManager] Successfully created attachment [Browser Action Test Data - CloseCurrentWindow - Actual Value] @01-04-2022 18:40:01.0138 P
[ReportManager] File Action [GetAbsolutePath] successfully performed. With the following test data [Relative Folder Path: "target/downloadedFiles/"]. @01-04-2022 18:40:01.0144 PM
[ReportManager] Attempting to run remotely on: [Linux-64], [GoogleChrome], [http://localhost:4444/wd/hub], Headless Execution. @01-04-2022 18:40:01.0144 PM
[ReportManager] Successfully Opened [GoogleChrome]. @01-04-2022 18:40:01.0557 PM
[ReportManager] Target URL: [https://www.google.com/ncr], and after redirection: [https://www.google.com] @01-04-2022 18:40:01.0557 PM
[ReportManager] Initial URL: [data:,] @01-04-2022 18:40:01.0638 PM
[ReportManager] Browser Action [NavigateToURL] successfully performed. With the following test data [https://www.google.com/ncr]. @01-04-2022 18:40:05.0032 P

################################################################################################################################################
Starting Execution:	[3 out of 23] test cases in the current suite
Test Method:		[tests.gui.google.C_Search_PageObjectModel_Traditional.searchForQueryAndAssertFirstResultTextIsCorrect]
################################################################################################################################################
[ReportManager] Element Action [Type] successfully performed. With the following test data [SHAFT_Engine]. @01-04-2022 18:40:05.0888 PM
[ReportManager] Element Action [KeyPress] successfully performed. With the following test data [ENTER]. @01-04-2022 18:40:07.0273 PM
[ReportManager] Element Action [GetText] successfully performed. With the following test data [SHAFT_ENGINE is a Test Automation Engine that ... - GitHub]. @01-04-2022 18:40:07.0462 PM
[ReportManager] Assertion Failed: Asserting that the correct first result is displayed @01-04-2022 18:40:07.0466 PM
[ReportManager] Assertion [ValidateEquals] FAILED. Expected [MohabMohie] and Actual [SHAFT_ENGINE is a Test Automation Engine that ... - GitHub]. Comparison Type [CONTAINS]. Validation Type [POSITIVE]. @01-04-2022 18:40:07.0466 P
[ReportManager] Browser Action [CloseCurrentWindow] successfully performed. @01-04-2022 18:40:07.0772 PM
[ReportManager] Successfully created attachment [Browser Action Test Data - CloseCurrentWindow - Actual Value] @01-04-2022 18:40:07.0803 P
[ReportManager] An Exception Occured with this Message: src/test/resources/testDataFiles/Google/SimpleSearch.xlsx (No such file or directory). @01-04-2022 18:40:07.0823 PM
[ReportManager] Successfully created attachment [Exception Stack Trace - java.io.FileNotFoundException] @01-04-2022 18:40:07.0824 PM
[ReportManager] Couldn't find the desired file. [src/test/resources/testDataFiles/Google/SimpleSearch.xlsx]. @01-04-2022 18:40:07.0824 P


################################################################################################################################################
Starting Execution:	[4 out of 23] test cases in the current suite
Test Method:		[tests.gui.google.D_Search_PageObjectModel_Traditional_DataDriven.navigateToGoogleHomeAndAssertGoogleLogoIsDisplayed]
###############################################################################################################################################



################################################################################################################################################
Starting Execution:	[5 out of 23] test cases in the current suite
Test Method:		[tests.gui.google.D_Search_PageObjectModel_Traditional_DataDriven.navigateToGoogleHomeAndAssertPageTitle]
###############################################################################################################################################



################################################################################################################################################
Starting Execution:	[6 out of 23] test cases in the current suite
Test Method:		[tests.gui.google.D_Search_PageObjectModel_Traditional_DataDriven.searchForQueryAndAssertFirstResultTextIsCorrect]
###############################################################################################################################################




################################################################################################################################################
Starting Execution:	[7 out of 23] test cases in the current suite
Test Method:		[tests.gui.google.A_Search_FlatTest_NativeSeleniumWebDriver.navigateToGoogleHomeAndAssertGoogleLogoIsDisplayed]
###############################################################################################################################################



################################################################################################################################################
Starting Execution:	[8 out of 23] test cases in the current suite
Test Method:		[tests.gui.google.A_Search_FlatTest_NativeSeleniumWebDriver.navigateToGoogleHomeAndAssertPageTitle]
###############################################################################################################################################



################################################################################################################################################
Starting Execution:	[9 out of 23] test cases in the current suite
Test Method:		[tests.gui.google.A_Search_FlatTest_NativeSeleniumWebDriver.searchForQueryAndAssertFirstResultTextIsCorrect]
###############################################################################################################################################

[ReportManager] An Exception Occured with this Message: src/test/resources/testDataFiles/Google/SimpleSearch.xlsx (No such file or directory). @01-04-2022 18:40:29.0287 PM
[ReportManager] Successfully created attachment [Exception Stack Trace - java.io.FileNotFoundException] @01-04-2022 18:40:29.0287 PM
[ReportManager] Couldn't find the desired file. [src/test/resources/testDataFiles/Google/SimpleSearch.xlsx]. @01-04-2022 18:40:29.0287 P


################################################################################################################################################
Starting Execution:	[10 out of 23] test cases in the current suite
Test Method:		[tests.gui.google.G_Search_PageObjectModel_ThreadSafe.navigateToGoogleHomeAndAssertGoogleLogoIsDisplayed]
###############################################################################################################################################



################################################################################################################################################
Starting Execution:	[11 out of 23] test cases in the current suite
Test Method:		[tests.gui.google.G_Search_PageObjectModel_ThreadSafe.navigateToGoogleHomeAndAssertPageTitle]
###############################################################################################################################################



################################################################################################################################################
Starting Execution:	[12 out of 23] test cases in the current suite
Test Method:		[tests.gui.google.G_Search_PageObjectModel_ThreadSafe.searchForQueryAndAssertFirstResultTextIsCorrect]
###############################################################################################################################################

[ReportManager] An Exception Occured with this Message: src/test/resources/testDataFiles/Google/SimpleSearch.xlsx (No such file or directory). @01-04-2022 18:40:29.0331 PM
[ReportManager] Successfully created attachment [Exception Stack Trace - java.io.FileNotFoundException] @01-04-2022 18:40:29.0332 PM
[ReportManager] Couldn't find the desired file. [src/test/resources/testDataFiles/Google/SimpleSearch.xlsx]. @01-04-2022 18:40:29.0332 P


################################################################################################################################################
Starting Execution:	[13 out of 23] test cases in the current suite
Test Method:		[tests.gui.google.E_Search_PageObjectModel_Traditional_SHAFTAssertions.navigateToGoogleHomeAndAssertGoogleLogoIsDisplayed]
###############################################################################################################################################



################################################################################################################################################
Starting Execution:	[14 out of 23] test cases in the current suite
Test Method:		[tests.gui.google.E_Search_PageObjectModel_Traditional_SHAFTAssertions.navigateToGoogleHomeAndAssertPageTitle]
###############################################################################################################################################



################################################################################################################################################
Starting Execution:	[15 out of 23] test cases in the current suite
Test Method:		[tests.gui.google.E_Search_PageObjectModel_Traditional_SHAFTAssertions.searchForQueryAndAssertFirstResultTextIsCorrect]
###############################################################################################################################################

[ReportManager] An Exception Occured with this Message: src/test/resources/testDataFiles/Google/SimpleSearch.xlsx (No such file or directory). @01-04-2022 18:40:29.0371 PM
[ReportManager] Successfully created attachment [Exception Stack Trace - java.io.FileNotFoundException] @01-04-2022 18:40:29.0371 PM
[ReportManager] Couldn't find the desired file. [src/test/resources/testDataFiles/Google/SimpleSearch.xlsx]. @01-04-2022 18:40:29.0372 P


################################################################################################################################################
Starting Execution:	[16 out of 23] test cases in the current suite
Test Method:		[tests.gui.google.F_Search_PageObjectModel_Fluent.navigateToGoogleHomeAndAssertGoogleLogoIsDisplayed]
###############################################################################################################################################



################################################################################################################################################
Starting Execution:	[17 out of 23] test cases in the current suite
Test Method:		[tests.gui.google.F_Search_PageObjectModel_Fluent.navigateToGoogleHomeAndAssertPageTitle]
###############################################################################################################################################



################################################################################################################################################
Starting Execution:	[18 out of 23] test cases in the current suite
Test Method:		[tests.gui.google.F_Search_PageObjectModel_Fluent.searchForQueryAndAssertFirstResultTextIsCorrect]
###############################################################################################################################################

[ReportManager] File Action [GetAbsolutePath] successfully performed. With the following test data [Relative Folder Path: "target/downloadedFiles/"]. @01-04-2022 18:40:29.0413 PM
[ReportManager] Attempting to run remotely on: [Linux-64], [GoogleChrome], [http://localhost:4444/wd/hub], Headless Execution. @01-04-2022 18:40:29.0414 PM
[ReportManager] Successfully Opened [GoogleChrome]. @01-04-2022 18:40:29.0853 PM
[ReportManager] Target URL: [https://www.google.com/ncr], and after redirection: [https://www.google.com] @01-04-2022 18:40:29.0853 PM
[ReportManager] Initial URL: [data:,] @01-04-2022 18:40:29.0924 PM
[ReportManager] Browser Action [NavigateToURL] successfully performed. With the following test data [https://www.google.com/ncr]. @01-04-2022 18:40:31.0109 P

################################################################################################################################################
Starting Execution:	[19 out of 23] test cases in the current suite
Test Method:		[tests.gui.google.B_Search_FlatTest_SHAFT.navigateToGoogleHomeAndAssertGoogleLogoIsDisplayed]
################################################################################################################################################
[ReportManager] File Action [DoesFileExist] successfully performed. With the following test data [File Path: "src/main/resources/dynamicObjectRepository/tests_gui_google_B_Search_FlatTest_SHAFT_navigateToGoogleHomeAndAssertGoogleLogoIsDisplayed_By_xpath_img_id_hplogo_or_alt_Google.png"]. @01-04-2022 18:40:31.0118 PM
[ReportManager] File Action [GetAbsolutePath] successfully performed. With the following test data [Relative Folder Path: "src/main/resources/dynamicObjectRepository/tests_gui_google_B_Search_FlatTest_SHAFT_navigateToGoogleHomeAndAssertGoogleLogoIsDisplayed_By_xpath_img_id_hplogo_or_alt_Google.png"]. @01-04-2022 18:40:31.0118 PM
[ReportManager] File Action [ReadFromImageFile] successfully performed. With the following test data [File Path: "/home/runner/work/using_SHAFT_ENGINE/using_SHAFT_ENGINE/src/main/resources/dynamicObjectRepository/tests_gui_google_B_Search_FlatTest_SHAFT_navigateToGoogleHomeAndAssertGoogleLogoIsDisplayed_By_xpath_img_id_hplogo_or_alt_Google.png"]. @01-04-2022 18:40:31.0118 PM
[ReportManager] File Action [DoesFileExist] successfully performed. With the following test data [File Path: "src/main/resources/dynamicObjectRepository/tests_gui_google_B_Search_FlatTest_SHAFT_navigateToGoogleHomeAndAssertGoogleLogoIsDisplayed_By_xpath_img_id_hplogo_or_alt_Google.png"]. @01-04-2022 18:40:31.0395 PM
[ReportManager] File Action [DoesFileExist] successfully performed. With the following test data [File Path: "src/main/resources/dynamicObjectRepository/tests_gui_google_B_Search_FlatTest_SHAFT_navigateToGoogleHomeAndAssertGoogleLogoIsDisplayed_By_xpath_img_id_hplogo_or_alt_Google.png"]. @01-04-2022 18:40:31.0395 PM
[ReportManager] File Action [GetAbsolutePath] successfully performed. With the following test data [Relative Folder Path: "src/main/resources/dynamicObjectRepository/tests_gui_google_B_Search_FlatTest_SHAFT_navigateToGoogleHomeAndAssertGoogleLogoIsDisplayed_By_xpath_img_id_hplogo_or_alt_Google.png"]. @01-04-2022 18:40:31.0417 PM
[ReportManager] File Action [ReadFromImageFile] successfully performed. With the following test data [File Path: "/home/runner/work/using_SHAFT_ENGINE/using_SHAFT_ENGINE/src/main/resources/dynamicObjectRepository/tests_gui_google_B_Search_FlatTest_SHAFT_navigateToGoogleHomeAndAssertGoogleLogoIsDisplayed_By_xpath_img_id_hplogo_or_alt_Google.png"]. @01-04-2022 18:40:31.0417 PM
[ReportManager] Accuracy threshold is [80.0%] and the actual match accuracy is [91.50802493095398%]. @01-04-2022 18:40:31.0422 PM
[ReportManager] Successfully identified the element using AI; OpenCV. @01-04-2022 18:40:31.0422 PM
[ReportManager] Assertion Passed: Asserting that the Google logo is displayed @01-04-2022 18:40:31.0423 PM
[ReportManager] Successfully created attachment [Validation Test Data - Reference Screenshot] @01-04-2022 18:40:31.0424 PM
[ReportManager] Successfully created attachment [Validation Test Data - Actual Screenshot] @01-04-2022 18:40:31.0424 PM
[ReportManager] Assertion [ValidateElementMatches] PASSED. Expected [Element should match the reference screenshot] and Actual [TRUE]. Comparison Type [EXACT_OPENCV]. Validation Type [POSITIVE]. @01-04-2022 18:40:31.0424 P
[ReportManager] Browser Action [CloseCurrentWindow] successfully performed. @01-04-2022 18:40:31.0573 PM
[ReportManager] Successfully created attachment [Browser Action Test Data - CloseCurrentWindow - Actual Value] @01-04-2022 18:40:31.0575 P
[ReportManager] File Action [GetAbsolutePath] successfully performed. With the following test data [Relative Folder Path: "target/downloadedFiles/"]. @01-04-2022 18:40:31.0581 PM
[ReportManager] Attempting to run remotely on: [Linux-64], [GoogleChrome], [http://localhost:4444/wd/hub], Headless Execution. @01-04-2022 18:40:31.0581 PM
[ReportManager] Successfully Opened [GoogleChrome]. @01-04-2022 18:40:31.0825 PM
[ReportManager] Target URL: [https://www.google.com/ncr], and after redirection: [https://www.google.com] @01-04-2022 18:40:31.0825 PM
[ReportManager] Initial URL: [data:,] @01-04-2022 18:40:31.0905 PM
[ReportManager] Browser Action [NavigateToURL] successfully performed. With the following test data [https://www.google.com/ncr]. @01-04-2022 18:40:33.0180 P

################################################################################################################################################
Starting Execution:	[20 out of 23] test cases in the current suite
Test Method:		[tests.gui.google.B_Search_FlatTest_SHAFT.navigateToGoogleHomeAndAssertPageTitle]
################################################################################################################################################
[ReportManager] Browser Action [GetCurrentWindowTitle] successfully performed. With the following test data [Google]. @01-04-2022 18:40:33.0256 PM
[ReportManager] Assertion Passed: Asserting that the page title is Google @01-04-2022 18:40:34.0001 PM
[ReportManager] Successfully created attachment [Screenshot - 1648838433571_navigateToGoogleHomeAndAssertPageTitle_ValidateBrowserAttribute_passed] @01-04-2022 18:40:34.0008 PM
[ReportManager] Assertion [ValidateBrowserAttribute] PASSED. Expected [Value Should be 'Google' for the 'Title' attribute] and Actual [Google]. Comparison Type [EQUALS]. Validation Type [POSITIVE]. @01-04-2022 18:40:34.0008 P
[ReportManager] Browser Action [CloseCurrentWindow] successfully performed. @01-04-2022 18:40:34.0160 PM
[ReportManager] Successfully created attachment [Browser Action Test Data - CloseCurrentWindow - Actual Value] @01-04-2022 18:40:34.0162 P
[ReportManager] File Action [GetAbsolutePath] successfully performed. With the following test data [Relative Folder Path: "target/downloadedFiles/"]. @01-04-2022 18:40:34.0166 PM
[ReportManager] Attempting to run remotely on: [Linux-64], [GoogleChrome], [http://localhost:4444/wd/hub], Headless Execution. @01-04-2022 18:40:34.0166 PM
[ReportManager] Successfully Opened [GoogleChrome]. @01-04-2022 18:40:34.0376 PM
[ReportManager] Target URL: [https://www.google.com/ncr], and after redirection: [https://www.google.com] @01-04-2022 18:40:34.0377 PM
[ReportManager] Initial URL: [data:,] @01-04-2022 18:40:34.0481 PM
[ReportManager] Browser Action [NavigateToURL] successfully performed. With the following test data [https://www.google.com/ncr]. @01-04-2022 18:40:35.0637 P

################################################################################################################################################
Starting Execution:	[21 out of 23] test cases in the current suite
Test Method:		[tests.gui.google.B_Search_FlatTest_SHAFT.searchForQueryAndAssertFirstResultTextIsCorrect]
################################################################################################################################################
[ReportManager] Element Action [Type] successfully performed. With the following test data [SHAFT_Engine]. @01-04-2022 18:40:36.0461 PM
[ReportManager] Element Action [KeyPress] successfully performed. With the following test data [ENTER]. @01-04-2022 18:40:37.0662 PM
[ReportManager] Element Action [GetText] successfully performed. With the following test data [SHAFT_ENGINE is a Test Automation Engine that ... - GitHub]. @01-04-2022 18:40:37.0791 PM
[ReportManager] Assertion Failed: Asserting that the correct first result is displayed @01-04-2022 18:40:38.0619 PM
[ReportManager] Successfully created attachment [Screenshot - 1648838438381_searchForQueryAndAssertFirstResultTextIsCorrect_ValidateElementAttribute_failed] @01-04-2022 18:40:38.0630 PM
[ReportManager] Assertion [ValidateElementAttribute] FAILED. Expected [Value Should be 'MohabMohie' for the 'Text' attribute, element locator 'By.xpath: (//h1[contains(text(),'Search Result')]/following-sibling::div//a/h3)[1]'] and Actual [SHAFT_ENGINE is a Test Automation Engine that ... - GitHub]. Comparison Type [CONTAINS]. Validation Type [POSITIVE]. @01-04-2022 18:40:38.0630 P
[ReportManager] Browser Action [CloseCurrentWindow] successfully performed. @01-04-2022 18:40:38.0931 PM
[ReportManager] Successfully created attachment [Browser Action Test Data - CloseCurrentWindow - Actual Value] @01-04-2022 18:40:38.0934 P

################################################################################################################################################
Starting Execution:	[22 out of 23] test cases in the current suite
Test Method:		[tests.cli.demo.cliTest.sampleTestCase]
################################################################################################################################################
[ReportManager] Attempting to perform the following command locally. Command: [ls] @01-04-2022 18:40:38.0946 PM
[ReportManager] Terminal Action [PerformTerminalCommands] successfully performed. With the following test data [Host Name: "localHost" | Command: "ls" | Exit Status: "0"]. @01-04-2022 18:40:38.0952 PM
[ReportManager] Successfully created attachment [Terminal Action Actual Result - Command Log] @01-04-2022 18:40:38.0952 PM
[ReportManager] Assertion Passed: Demoing local terminal actions @01-04-2022 18:40:38.0953 PM
[ReportManager] Assertion [ValidateEquals] PASSED. Expected [pom.xml] and Actual [LICENSE
README.md
allure-results
docker-compose_native.yml
docker-compose_zalenium.yml
extent-reports
generateJdkMac.sh
pom.xml
readMeImgs
src
target]. Comparison Type [CONTAINS]. Validation Type [POSITIVE]. @01-04-2022 18:40:38.0953 P

################################################################################################################################################
Starting Execution:	[23 out of 23] test cases in the current suite
Test Method:		[tests.api.users.UserData.validateUserEmail]
################################################################################################################################################
[ReportManager] Response status code: [200], status line: [HTTP/1.1 200 OK] @01-04-2022 18:40:41.0055 PM
[ReportManager] Assertion Passed: Evaluating the actual response status code against the expected one... @01-04-2022 18:40:41.0060 PM
[ReportManager] Assertion [ValidateComparativeRelation] PASSED. Expected [200] and Actual [200]. Comparison Type [EQUALS]. Validation Type [POSITIVE]. @01-04-2022 18:40:41.0060 PM
[ReportManager] API Action [PerformRequest] successfully performed. With the following test data [Request Type: "GET" | Target Status Code: "200" | Service URL: "https://jsonplaceholder.typicode.com/users" | Content Type: "*/*" | Response Time: "710ms"]. @01-04-2022 18:40:42.0123 PM
[ReportManager] Successfully created attachment [API Request - Specifications] @01-04-2022 18:40:42.0123 PM
[ReportManager] Successfully created attachment [API Response - JSON Body] @01-04-2022 18:40:42.0431 PM
[ReportManager] Assertion [ValidateEquals] PASSED. Expected and Actual values are attached. Comparison Type [CONTAINS]. Validation Type [POSITIVE]. @01-04-2022 18:40:42.0432 PM
[ReportManager] Successfully created attachment [Validation Test Data - Expected Value] @01-04-2022 18:40:42.0432 PM
[ReportManager] Successfully created attachment [Validation Test Data - Actual Value] @01-04-2022 18:40:42.0432 PM
[ReportManager] API Action [GetResponseJSONValueAsList] successfully performed. With the following test data [$]. @01-04-2022 18:40:42.0441 PM
[ReportManager] API Action [GetResponseJSONValue] successfully performed. With the following test data [name]. @01-04-2022 18:40:42.0474 PM
[ReportManager] API Action [GetResponseJSONValue] successfully performed. With the following test data [email]. @01-04-2022 18:40:42.0512 PM
[ReportManager] Assertion [ValidateEquals] PASSED. Expected [Sincere@april.biz] and Actual [Sincere@april.biz]. Comparison Type [EQUALS]. Validation Type [POSITIVE]. @01-04-2022 18:40:42.0512 PM
[ReportManager] API Action [GetResponseJSONValue] successfully performed. With the following test data [name]. @01-04-2022 18:40:42.0547 PM
[ReportManager] API Action [GetResponseJSONValue] successfully performed. With the following test data [name]. @01-04-2022 18:40:42.0574 PM
[ReportManager] API Action [GetResponseJSONValue] successfully performed. With the following test data [name]. @01-04-2022 18:40:42.0594 PM
[ReportManager] API Action [GetResponseJSONValue] successfully performed. With the following test data [name]. @01-04-2022 18:40:42.0615 PM
[ReportManager] API Action [GetResponseJSONValue] successfully performed. With the following test data [name]. @01-04-2022 18:40:42.0628 PM
[ReportManager] API Action [GetResponseJSONValue] successfully performed. With the following test data [name]. @01-04-2022 18:40:42.0643 PM
[ReportManager] API Action [GetResponseJSONValue] successfully performed. With the following test data [name]. @01-04-2022 18:40:42.0659 PM
[ReportManager] API Action [GetResponseJSONValue] successfully performed. With the following test data [name]. @01-04-2022 18:40:42.0675 PM
[ReportManager] API Action [GetResponseJSONValue] successfully performed. With the following test data [name]. @01-04-2022 18:40:42.0693 P
[ReportManager] Successfully created attachment [SHAFT Engine Logs - Execution log] @01-04-2022 18:40:42.0724 PM

################################################################################################################################################
This test run was powered by SHAFT Engine Version: [SHAFT Engine v6.1.20220113]
SHAFT Engine is licensed under the MIT License: [https://github.com/MohabMohie/SHAFT_ENGINE/blob/master/LICENSE].
################################################################################################################################################