################################################################################################################################################
Detected SHAFT Engine Version: [SHAFT Engine v5.3.20210902]
################################################################################################################################################

################################################################################################################################################
Starting Execution:	[1 out of 23] test cases in the current suite
Test Method:		[tests.cli.demo.cliTest.sampleTestCase]
################################################################################################################################################
[ReportManager] Attempting to perform the following command locally. Command: [ls] @22-09-2021 18:36:22.0401 PM
[ReportManager] Terminal Action [PerformTerminalCommands] successfully performed. With the following test data [Host Name: "localHost" | Command: "ls" | Exit Status: "0"]. @22-09-2021 18:36:22.0414 PM
[ReportManager] Successfully created attachment [Terminal Action Actual Result - Command Log] @22-09-2021 18:36:22.0421 PM
[ReportManager] Assertion Passed: Demoing local terminal actions @22-09-2021 18:36:22.0431 PM
[ReportManager] Assertion [ValidateEquals] PASSED. Expected [pom.xml] and Actual [LICENSE
README.md
allure-results
docker-compose_native.yml
docker-compose_zalenium.yml
extent-reports
pom.xml
src
target]. Comparison Type [CONTAINS]. Validation Type [POSITIVE]. @22-09-2021 18:36:22.0432 P

################################################################################################################################################
Starting Execution:	[2 out of 23] test cases in the current suite
Test Method:		[tests.api.users.UserData.validateUserEmail]
################################################################################################################################################
[ReportManager] Response status code: [200], status line: [HTTP/1.1 200 OK] @22-09-2021 18:36:24.0900 PM
[ReportManager] Assertion Passed: Evaluating the actual response status code against the expected one... @22-09-2021 18:36:24.0901 PM
[ReportManager] Assertion [ValidateEquals] PASSED. Expected [200] and Actual [200]. Comparison Type [EQUALS]. Validation Type [POSITIVE]. @22-09-2021 18:36:24.0901 PM
[ReportManager] API Action [PerformRequest] successfully performed. With the following test data [Request Type: "GET" | Target Status Code: "200" | Service URL: "https://jsonplaceholder.typicode.com/users" | Content Type: "*/*" | Response Time: "907ms"]. @22-09-2021 18:36:26.0023 PM
[ReportManager] Successfully created attachment [API Request - Specifications] @22-09-2021 18:36:26.0024 PM
[ReportManager] Successfully created attachment [API Response - JSON Body] @22-09-2021 18:36:26.0264 PM
[ReportManager] Assertion [ValidateEquals] PASSED. Expected and Actual values are attached. Comparison Type [CONTAINS]. Validation Type [POSITIVE]. @22-09-2021 18:36:26.0264 PM
[ReportManager] Successfully created attachment [Validation Test Data - Expected Value] @22-09-2021 18:36:26.0265 PM
[ReportManager] Successfully created attachment [Validation Test Data - Actual Value] @22-09-2021 18:36:26.0266 PM
[ReportManager] API Action [GetResponseJSONValueAsList] successfully performed. With the following test data [$]. @22-09-2021 18:36:26.0282 PM
[ReportManager] API Action [GetResponseJSONValue] successfully performed. With the following test data [name]. @22-09-2021 18:36:26.0312 PM
[ReportManager] API Action [GetResponseJSONValue] successfully performed. With the following test data [email]. @22-09-2021 18:36:26.0336 PM
[ReportManager] Assertion [ValidateEquals] PASSED. Expected [Sincere@april.biz] and Actual [Sincere@april.biz]. Comparison Type [EQUALS]. Validation Type [POSITIVE]. @22-09-2021 18:36:26.0337 PM
[ReportManager] API Action [GetResponseJSONValue] successfully performed. With the following test data [name]. @22-09-2021 18:36:26.0360 PM
[ReportManager] API Action [GetResponseJSONValue] successfully performed. With the following test data [name]. @22-09-2021 18:36:26.0380 PM
[ReportManager] API Action [GetResponseJSONValue] successfully performed. With the following test data [name]. @22-09-2021 18:36:26.0397 PM
[ReportManager] API Action [GetResponseJSONValue] successfully performed. With the following test data [name]. @22-09-2021 18:36:26.0417 PM
[ReportManager] API Action [GetResponseJSONValue] successfully performed. With the following test data [name]. @22-09-2021 18:36:26.0434 PM
[ReportManager] API Action [GetResponseJSONValue] successfully performed. With the following test data [name]. @22-09-2021 18:36:26.0447 PM
[ReportManager] API Action [GetResponseJSONValue] successfully performed. With the following test data [name]. @22-09-2021 18:36:26.0468 PM
[ReportManager] API Action [GetResponseJSONValue] successfully performed. With the following test data [name]. @22-09-2021 18:36:26.0484 PM
[ReportManager] API Action [GetResponseJSONValue] successfully performed. With the following test data [name]. @22-09-2021 18:36:26.0503 P
[ReportManager] File Action [GetAbsolutePath] successfully performed. With the following test data [Relative Folder Path: "target/downloadedFiles/"]. @22-09-2021 18:36:26.0531 PM
[ReportManager] Attempting to run remotely on: [Linux-64], [GoogleChrome], [http://localhost:4444/wd/hub], Headless Execution. @22-09-2021 18:36:26.0558 PM
[ReportManager] Successfully Opened [GoogleChrome]. @22-09-2021 18:36:27.0794 PM
[ReportManager] Target URL: [https://www.google.com/ncr], and after redirection: [https://www.google.com] @22-09-2021 18:36:27.0850 PM
[ReportManager] Initial URL: [data:,] @22-09-2021 18:36:27.0982 PM
[ReportManager] Browser Action [NavigateToURL] successfully performed. With the following test data [https://www.google.com/ncr]. @22-09-2021 18:36:29.0376 P

################################################################################################################################################
Starting Execution:	[3 out of 23] test cases in the current suite
Test Method:		[tests.gui.google.C_Search_PageObjectModel_Traditional.navigateToGoogleHomeAndAssertGoogleLogoIsDisplayed]
################################################################################################################################################
[ReportManager] Element Action [IsElementDisplayed] successfully performed. @22-09-2021 18:36:29.0570 PM
[ReportManager] Assertion Passed: Asserting that the Google logo is displayed @22-09-2021 18:36:29.0571 PM
[ReportManager] Assertion [ValidateTrue] PASSED. Expected [TRUE] and Actual [TRUE]. Validation Type [POSITIVE]. @22-09-2021 18:36:29.0571 P
[ReportManager] Successfully created attachment [Selenium WebDriver Logs - server] @22-09-2021 18:36:29.0707 PM
[ReportManager] Successfully created attachment [Selenium WebDriver Logs - performance] @22-09-2021 18:36:29.0751 PM
[ReportManager] Successfully created attachment [Selenium WebDriver Logs - driver] @22-09-2021 18:36:29.0893 PM
[ReportManager] Browser Action [CloseCurrentWindow] successfully performed. @22-09-2021 18:36:29.0960 PM
[ReportManager] Successfully created attachment [Browser Action Test Data - CloseCurrentWindow - Actual Value] @22-09-2021 18:36:29.0981 P
[ReportManager] File Action [GetAbsolutePath] successfully performed. With the following test data [Relative Folder Path: "target/downloadedFiles/"]. @22-09-2021 18:36:29.0991 PM
[ReportManager] Attempting to run remotely on: [Linux-64], [GoogleChrome], [http://localhost:4444/wd/hub], Headless Execution. @22-09-2021 18:36:29.0992 PM
[ReportManager] Successfully Opened [GoogleChrome]. @22-09-2021 18:36:30.0583 PM
[ReportManager] Target URL: [https://www.google.com/ncr], and after redirection: [https://www.google.com] @22-09-2021 18:36:30.0621 PM
[ReportManager] Initial URL: [data:,] @22-09-2021 18:36:30.0704 PM
[ReportManager] Browser Action [NavigateToURL] successfully performed. With the following test data [https://www.google.com/ncr]. @22-09-2021 18:36:31.0637 P

################################################################################################################################################
Starting Execution:	[4 out of 23] test cases in the current suite
Test Method:		[tests.gui.google.C_Search_PageObjectModel_Traditional.navigateToGoogleHomeAndAssertPageTitle]
################################################################################################################################################
[ReportManager] Browser Action [GetCurrentWindowTitle] successfully performed. With the following test data [Google]. @22-09-2021 18:36:31.0694 PM
[ReportManager] Assertion Passed: Asserting that the page title is Google @22-09-2021 18:36:31.0695 PM
[ReportManager] Assertion [ValidateEquals] PASSED. Expected [Google] and Actual [Google]. Comparison Type [EQUALS]. Validation Type [POSITIVE]. @22-09-2021 18:36:31.0695 P
[ReportManager] Successfully created attachment [Selenium WebDriver Logs - server] @22-09-2021 18:36:31.0801 PM
[ReportManager] Successfully created attachment [Selenium WebDriver Logs - performance] @22-09-2021 18:36:31.0847 PM
[ReportManager] Successfully created attachment [Selenium WebDriver Logs - driver] @22-09-2021 18:36:31.0956 PM
[ReportManager] Browser Action [CloseCurrentWindow] successfully performed. @22-09-2021 18:36:32.0021 PM
[ReportManager] Successfully created attachment [Browser Action Test Data - CloseCurrentWindow - Actual Value] @22-09-2021 18:36:32.0023 P
[ReportManager] File Action [GetAbsolutePath] successfully performed. With the following test data [Relative Folder Path: "target/downloadedFiles/"]. @22-09-2021 18:36:32.0031 PM
[ReportManager] Attempting to run remotely on: [Linux-64], [GoogleChrome], [http://localhost:4444/wd/hub], Headless Execution. @22-09-2021 18:36:32.0031 PM
[ReportManager] Successfully Opened [GoogleChrome]. @22-09-2021 18:36:32.0553 PM
[ReportManager] Target URL: [https://www.google.com/ncr], and after redirection: [https://www.google.com] @22-09-2021 18:36:32.0573 PM
[ReportManager] Initial URL: [data:,] @22-09-2021 18:36:32.0641 PM
[ReportManager] Browser Action [NavigateToURL] successfully performed. With the following test data [https://www.google.com/ncr]. @22-09-2021 18:36:33.0571 P

################################################################################################################################################
Starting Execution:	[5 out of 23] test cases in the current suite
Test Method:		[tests.gui.google.C_Search_PageObjectModel_Traditional.searchForQueryAndAssertFirstResultTextIsCorrect]
################################################################################################################################################
[ReportManager] Element Action [Type] successfully performed. With the following test data [SHAFT_Engine]. @22-09-2021 18:36:34.0273 PM
[ReportManager] Element Action [KeyPress] successfully performed. With the following test data [ENTER]. @22-09-2021 18:36:35.0726 PM
[ReportManager] Element Action [GetText] successfully performed. With the following test data [SHAFT_ENGINE is a Test Automation Engine that ... - GitHub]. @22-09-2021 18:36:35.0838 PM
[ReportManager] Assertion Failed: Asserting that the correct first result is displayed @22-09-2021 18:36:35.0840 PM
[ReportManager] Assertion [ValidateEquals] FAILED. Expected [MohabMohie] and Actual [SHAFT_ENGINE is a Test Automation Engine that ... - GitHub]. Comparison Type [CONTAINS]. Validation Type [POSITIVE]. @22-09-2021 18:36:35.0840 P
[ReportManager] Successfully created attachment [Selenium WebDriver Logs - server] @22-09-2021 18:36:36.0111 PM
[ReportManager] Successfully created attachment [Selenium WebDriver Logs - performance] @22-09-2021 18:36:36.0299 PM
[ReportManager] Successfully created attachment [Selenium WebDriver Logs - driver] @22-09-2021 18:36:36.0545 PM
[ReportManager] Browser Action [CloseCurrentWindow] successfully performed. @22-09-2021 18:36:36.0620 PM
[ReportManager] Successfully created attachment [Browser Action Test Data - CloseCurrentWindow - Actual Value] @22-09-2021 18:36:36.0625 P
[ReportManager] Successfully loaded the following test data file [src/test/resources/TestDataFiles/Google/SimpleSearch.xlsx]. @22-09-2021 18:36:37.0296 PM
[ReportManager] Successfully created attachment [Test Data - Excel] @22-09-2021 18:36:37.0296 P
[ReportManager] File Action [GetAbsolutePath] successfully performed. With the following test data [Relative Folder Path: "target/downloadedFiles/"]. @22-09-2021 18:36:37.0300 PM
[ReportManager] Attempting to run remotely on: [Linux-64], [GoogleChrome], [http://localhost:4444/wd/hub], Headless Execution. @22-09-2021 18:36:37.0300 PM
[ReportManager] Successfully Opened [GoogleChrome]. @22-09-2021 18:36:37.0937 PM
[ReportManager] Target URL: [https://www.google.com/ncr], and after redirection: [https://www.google.com] @22-09-2021 18:36:37.0958 PM
[ReportManager] Initial URL: [data:,] @22-09-2021 18:36:38.0016 PM
[ReportManager] Browser Action [NavigateToURL] successfully performed. With the following test data [https://www.google.com/ncr]. @22-09-2021 18:36:38.0927 P

################################################################################################################################################
Starting Execution:	[6 out of 23] test cases in the current suite
Test Method:		[tests.gui.google.E_Search_PageObjectModel_Traditional_SHAFTAssertions.navigateToGoogleHomeAndAssertGoogleLogoIsDisplayed]
################################################################################################################################################
[ReportManager] File Action [DoesFileExist] successfully performed. With the following test data [File Path: "src/test/resources/DynamicObjectRepository/tests_gui_google_E_Search_PageObjectModel_Traditional_SHAFTAssertions_navigateToGoogleHomeAndAssertGoogleLogoIsDisplayed_By_xpath_img_id_hplogo_or_alt_Google.png"]. @22-09-2021 18:36:38.0949 PM
[ReportManager] File Action [GetAbsolutePath] successfully performed. With the following test data [Relative Folder Path: "src/test/resources/DynamicObjectRepository/tests_gui_google_E_Search_PageObjectModel_Traditional_SHAFTAssertions_navigateToGoogleHomeAndAssertGoogleLogoIsDisplayed_By_xpath_img_id_hplogo_or_alt_Google.png"]. @22-09-2021 18:36:38.0949 PM
[ReportManager] File Action [ReadFromImageFile] successfully performed. With the following test data [File Path: "/home/runner/work/using_SHAFT_ENGINE/using_SHAFT_ENGINE/src/test/resources/DynamicObjectRepository/tests_gui_google_E_Search_PageObjectModel_Traditional_SHAFTAssertions_navigateToGoogleHomeAndAssertGoogleLogoIsDisplayed_By_xpath_img_id_hplogo_or_alt_Google.png"]. @22-09-2021 18:36:38.0949 PM
[ReportManager] File Action [DoesFileExist] successfully performed. With the following test data [File Path: "src/test/resources/DynamicObjectRepository/tests_gui_google_E_Search_PageObjectModel_Traditional_SHAFTAssertions_navigateToGoogleHomeAndAssertGoogleLogoIsDisplayed_By_xpath_img_id_hplogo_or_alt_Google.png"]. @22-09-2021 18:36:39.0252 PM
[ReportManager] File Action [DoesFileExist] successfully performed. With the following test data [File Path: "src/test/resources/DynamicObjectRepository/tests_gui_google_E_Search_PageObjectModel_Traditional_SHAFTAssertions_navigateToGoogleHomeAndAssertGoogleLogoIsDisplayed_By_xpath_img_id_hplogo_or_alt_Google.png"]. @22-09-2021 18:36:39.0252 PM
[ReportManager] Loaded Shared OpenCV @22-09-2021 18:36:39.0657 PM
[ReportManager] Successfully identified the element using AI; OpenCV. @22-09-2021 18:36:39.0677 PM
[ReportManager] Assertion Passed: Asserting that the Google logo is displayed @22-09-2021 18:36:39.0677 PM
[ReportManager] Successfully created attachment [Validation Test Data - Reference Screenshot] @22-09-2021 18:36:39.0678 PM
[ReportManager] Successfully created attachment [Validation Test Data - Actual Screenshot] @22-09-2021 18:36:39.0678 PM
[ReportManager] Assertion [ValidateElementMatches] PASSED. Expected [Element should match the reference screenshot] and Actual [TRUE]. Comparison Type [EXACT_OPENCV]. Validation Type [POSITIVE]. @22-09-2021 18:36:39.0679 P
[ReportManager] Successfully created attachment [Selenium WebDriver Logs - server] @22-09-2021 18:36:39.0792 PM
[ReportManager] Successfully created attachment [Selenium WebDriver Logs - performance] @22-09-2021 18:36:39.0839 PM
[ReportManager] Successfully created attachment [Selenium WebDriver Logs - driver] @22-09-2021 18:36:39.0934 PM
[ReportManager] Browser Action [CloseCurrentWindow] successfully performed. @22-09-2021 18:36:39.0997 PM
[ReportManager] Successfully created attachment [Browser Action Test Data - CloseCurrentWindow - Actual Value] @22-09-2021 18:36:39.0998 P
[ReportManager] File Action [GetAbsolutePath] successfully performed. With the following test data [Relative Folder Path: "target/downloadedFiles/"]. @22-09-2021 18:36:40.0004 PM
[ReportManager] Attempting to run remotely on: [Linux-64], [GoogleChrome], [http://localhost:4444/wd/hub], Headless Execution. @22-09-2021 18:36:40.0005 PM
[ReportManager] Successfully Opened [GoogleChrome]. @22-09-2021 18:36:40.0216 PM
[ReportManager] Target URL: [https://www.google.com/ncr], and after redirection: [https://www.google.com] @22-09-2021 18:36:40.0243 PM
[ReportManager] Initial URL: [data:,] @22-09-2021 18:36:40.0336 PM
[ReportManager] Browser Action [NavigateToURL] successfully performed. With the following test data [https://www.google.com/ncr]. @22-09-2021 18:36:41.0253 P

################################################################################################################################################
Starting Execution:	[7 out of 23] test cases in the current suite
Test Method:		[tests.gui.google.E_Search_PageObjectModel_Traditional_SHAFTAssertions.navigateToGoogleHomeAndAssertPageTitle]
################################################################################################################################################
[ReportManager] Browser Action [GetCurrentWindowTitle] successfully performed. With the following test data [Google]. @22-09-2021 18:36:41.0296 PM
[ReportManager] Assertion Passed: Asserting that the page title is Google @22-09-2021 18:36:41.0571 PM
[ReportManager] Successfully created attachment [Screenshot - 1632335801379_navigateToGoogleHomeAndAssertPageTitle_ValidateBrowserAttribute_passed] @22-09-2021 18:36:41.0578 PM
[ReportManager] Assertion [ValidateBrowserAttribute] PASSED. Expected [Value Should be 'Google' for the 'Title' attribute] and Actual [Google]. Comparison Type [EQUALS]. Validation Type [POSITIVE]. @22-09-2021 18:36:41.0578 P
[ReportManager] Successfully created attachment [Selenium WebDriver Logs - server] @22-09-2021 18:36:41.0681 PM
[ReportManager] Successfully created attachment [Selenium WebDriver Logs - performance] @22-09-2021 18:36:41.0717 PM
[ReportManager] Successfully created attachment [Selenium WebDriver Logs - driver] @22-09-2021 18:36:41.0795 PM
[ReportManager] Browser Action [CloseCurrentWindow] successfully performed. @22-09-2021 18:36:41.0856 PM
[ReportManager] Successfully created attachment [Browser Action Test Data - CloseCurrentWindow - Actual Value] @22-09-2021 18:36:41.0859 P
[ReportManager] File Action [GetAbsolutePath] successfully performed. With the following test data [Relative Folder Path: "target/downloadedFiles/"]. @22-09-2021 18:36:41.0862 PM
[ReportManager] Attempting to run remotely on: [Linux-64], [GoogleChrome], [http://localhost:4444/wd/hub], Headless Execution. @22-09-2021 18:36:41.0862 PM
[ReportManager] Successfully Opened [GoogleChrome]. @22-09-2021 18:36:42.0096 PM
[ReportManager] Target URL: [https://www.google.com/ncr], and after redirection: [https://www.google.com] @22-09-2021 18:36:42.0117 PM
[ReportManager] Initial URL: [data:,] @22-09-2021 18:36:42.0184 PM
[ReportManager] Browser Action [NavigateToURL] successfully performed. With the following test data [https://www.google.com/ncr]. @22-09-2021 18:36:43.0056 P

################################################################################################################################################
Starting Execution:	[8 out of 23] test cases in the current suite
Test Method:		[tests.gui.google.E_Search_PageObjectModel_Traditional_SHAFTAssertions.searchForQueryAndAssertFirstResultTextIsCorrect]
################################################################################################################################################
[ReportManager] Element Action [Type] successfully performed. With the following test data [SHAFT_Engine]. @22-09-2021 18:36:43.0699 PM
[ReportManager] Element Action [KeyPress] successfully performed. With the following test data [ENTER]. @22-09-2021 18:36:45.0216 PM
[ReportManager] Element Action [GetText] successfully performed. With the following test data [SHAFT_ENGINE is a Test Automation Engine that ... - GitHub]. @22-09-2021 18:36:45.0310 PM
[ReportManager] Loaded Shared OpenCV @22-09-2021 18:36:45.0538 PM
[ReportManager] Assertion Failed: Asserting that the correct first result is displayed @22-09-2021 18:36:45.0617 PM
[ReportManager] Successfully created attachment [Screenshot - 1632335805537_searchForQueryAndAssertFirstResultTextIsCorrect_ValidateElementAttribute_failed] @22-09-2021 18:36:45.0623 PM
[ReportManager] Assertion [ValidateElementAttribute] FAILED. Expected [Value Should be 'MohabMohie' for the 'Text' attribute, element locator 'By.xpath: (//h1[contains(text(),'Search Result')]/following-sibling::div//a/h3)[1]'] and Actual [SHAFT_ENGINE is a Test Automation Engine that ... - GitHub]. Comparison Type [CONTAINS]. Validation Type [POSITIVE]. @22-09-2021 18:36:45.0623 P
[ReportManager] Successfully created attachment [Selenium WebDriver Logs - server] @22-09-2021 18:36:45.0802 PM
[ReportManager] Successfully created attachment [Selenium WebDriver Logs - performance] @22-09-2021 18:36:45.0955 PM
[ReportManager] Successfully created attachment [Selenium WebDriver Logs - driver] @22-09-2021 18:36:46.0145 PM
[ReportManager] Browser Action [CloseCurrentWindow] successfully performed. @22-09-2021 18:36:46.0218 PM
[ReportManager] Successfully created attachment [Browser Action Test Data - CloseCurrentWindow - Actual Value] @22-09-2021 18:36:46.0221 P
[ReportManager] File Action [GetAbsolutePath] successfully performed. With the following test data [Relative Folder Path: "target/downloadedFiles/"]. @22-09-2021 18:36:46.0225 PM
[ReportManager] Attempting to run remotely on: [Linux-64], [GoogleChrome], [http://localhost:4444/wd/hub], Headless Execution. @22-09-2021 18:36:46.0225 PM
[ReportManager] Successfully Opened [GoogleChrome]. @22-09-2021 18:36:46.0474 PM
[ReportManager] Target URL: [https://www.google.com/ncr], and after redirection: [https://www.google.com] @22-09-2021 18:36:46.0499 PM
[ReportManager] Initial URL: [data:,] @22-09-2021 18:36:46.0562 PM
[ReportManager] Browser Action [NavigateToURL] successfully performed. With the following test data [https://www.google.com/ncr]. @22-09-2021 18:36:48.0827 P

################################################################################################################################################
Starting Execution:	[9 out of 23] test cases in the current suite
Test Method:		[tests.gui.google.B_Search_FlatTest_SHAFT.navigateToGoogleHomeAndAssertGoogleLogoIsDisplayed]
################################################################################################################################################
[ReportManager] File Action [DoesFileExist] successfully performed. With the following test data [File Path: "src/test/resources/DynamicObjectRepository/tests_gui_google_B_Search_FlatTest_SHAFT_navigateToGoogleHomeAndAssertGoogleLogoIsDisplayed_By_xpath_img_id_hplogo_or_alt_Google.png"]. @22-09-2021 18:36:48.0830 PM
[ReportManager] File Action [GetAbsolutePath] successfully performed. With the following test data [Relative Folder Path: "src/test/resources/DynamicObjectRepository/tests_gui_google_B_Search_FlatTest_SHAFT_navigateToGoogleHomeAndAssertGoogleLogoIsDisplayed_By_xpath_img_id_hplogo_or_alt_Google.png"]. @22-09-2021 18:36:48.0830 PM
[ReportManager] File Action [ReadFromImageFile] successfully performed. With the following test data [File Path: "/home/runner/work/using_SHAFT_ENGINE/using_SHAFT_ENGINE/src/test/resources/DynamicObjectRepository/tests_gui_google_B_Search_FlatTest_SHAFT_navigateToGoogleHomeAndAssertGoogleLogoIsDisplayed_By_xpath_img_id_hplogo_or_alt_Google.png"]. @22-09-2021 18:36:48.0830 PM
[ReportManager] File Action [DoesFileExist] successfully performed. With the following test data [File Path: "src/test/resources/DynamicObjectRepository/tests_gui_google_B_Search_FlatTest_SHAFT_navigateToGoogleHomeAndAssertGoogleLogoIsDisplayed_By_xpath_img_id_hplogo_or_alt_Google.png"]. @22-09-2021 18:36:49.0054 PM
[ReportManager] File Action [DoesFileExist] successfully performed. With the following test data [File Path: "src/test/resources/DynamicObjectRepository/tests_gui_google_B_Search_FlatTest_SHAFT_navigateToGoogleHomeAndAssertGoogleLogoIsDisplayed_By_xpath_img_id_hplogo_or_alt_Google.png"]. @22-09-2021 18:36:49.0055 PM
[ReportManager] Loaded Shared OpenCV @22-09-2021 18:36:49.0055 PM
[ReportManager] Successfully identified the element using AI; OpenCV. @22-09-2021 18:36:49.0060 PM
[ReportManager] Assertion Passed: Asserting that the Google logo is displayed @22-09-2021 18:36:49.0061 PM
[ReportManager] Successfully created attachment [Validation Test Data - Reference Screenshot] @22-09-2021 18:36:49.0062 PM
[ReportManager] Successfully created attachment [Validation Test Data - Actual Screenshot] @22-09-2021 18:36:49.0062 PM
[ReportManager] Assertion [ValidateElementMatches] PASSED. Expected [Element should match the reference screenshot] and Actual [TRUE]. Comparison Type [EXACT_OPENCV]. Validation Type [POSITIVE]. @22-09-2021 18:36:49.0062 P
[ReportManager] Successfully created attachment [Selenium WebDriver Logs - server] @22-09-2021 18:36:49.0166 PM
[ReportManager] Successfully created attachment [Selenium WebDriver Logs - performance] @22-09-2021 18:36:49.0202 PM
[ReportManager] Successfully created attachment [Selenium WebDriver Logs - driver] @22-09-2021 18:36:49.0295 PM
[ReportManager] Browser Action [CloseCurrentWindow] successfully performed. @22-09-2021 18:36:49.0360 PM
[ReportManager] Successfully created attachment [Browser Action Test Data - CloseCurrentWindow - Actual Value] @22-09-2021 18:36:49.0361 P
[ReportManager] File Action [GetAbsolutePath] successfully performed. With the following test data [Relative Folder Path: "target/downloadedFiles/"]. @22-09-2021 18:36:49.0365 PM
[ReportManager] Attempting to run remotely on: [Linux-64], [GoogleChrome], [http://localhost:4444/wd/hub], Headless Execution. @22-09-2021 18:36:49.0366 PM
[ReportManager] Successfully Opened [GoogleChrome]. @22-09-2021 18:36:49.0627 PM
[ReportManager] Target URL: [https://www.google.com/ncr], and after redirection: [https://www.google.com] @22-09-2021 18:36:49.0651 PM
[ReportManager] Initial URL: [data:,] @22-09-2021 18:36:49.0718 PM
[ReportManager] Browser Action [NavigateToURL] successfully performed. With the following test data [https://www.google.com/ncr]. @22-09-2021 18:36:50.0579 P

################################################################################################################################################
Starting Execution:	[10 out of 23] test cases in the current suite
Test Method:		[tests.gui.google.B_Search_FlatTest_SHAFT.navigateToGoogleHomeAndAssertPageTitle]
################################################################################################################################################
[ReportManager] Browser Action [GetCurrentWindowTitle] successfully performed. With the following test data [Google]. @22-09-2021 18:36:50.0619 PM
[ReportManager] Assertion Passed: Asserting that the page title is Google @22-09-2021 18:36:50.0749 PM
[ReportManager] Successfully created attachment [Screenshot - 1632335810692_navigateToGoogleHomeAndAssertPageTitle_ValidateBrowserAttribute_passed] @22-09-2021 18:36:50.0750 PM
[ReportManager] Assertion [ValidateBrowserAttribute] PASSED. Expected [Value Should be 'Google' for the 'Title' attribute] and Actual [Google]. Comparison Type [EQUALS]. Validation Type [POSITIVE]. @22-09-2021 18:36:50.0750 P
[ReportManager] Successfully created attachment [Selenium WebDriver Logs - server] @22-09-2021 18:36:50.0851 PM
[ReportManager] Successfully created attachment [Selenium WebDriver Logs - performance] @22-09-2021 18:36:50.0887 PM
[ReportManager] Successfully created attachment [Selenium WebDriver Logs - driver] @22-09-2021 18:36:50.0967 PM
[ReportManager] Browser Action [CloseCurrentWindow] successfully performed. @22-09-2021 18:36:51.0031 PM
[ReportManager] Successfully created attachment [Browser Action Test Data - CloseCurrentWindow - Actual Value] @22-09-2021 18:36:51.0033 P
[ReportManager] File Action [GetAbsolutePath] successfully performed. With the following test data [Relative Folder Path: "target/downloadedFiles/"]. @22-09-2021 18:36:51.0042 PM
[ReportManager] Attempting to run remotely on: [Linux-64], [GoogleChrome], [http://localhost:4444/wd/hub], Headless Execution. @22-09-2021 18:36:51.0042 PM
[ReportManager] Successfully Opened [GoogleChrome]. @22-09-2021 18:36:51.0281 PM
[ReportManager] Target URL: [https://www.google.com/ncr], and after redirection: [https://www.google.com] @22-09-2021 18:36:51.0300 PM
[ReportManager] Initial URL: [data:,] @22-09-2021 18:36:51.0351 PM
[ReportManager] Browser Action [NavigateToURL] successfully performed. With the following test data [https://www.google.com/ncr]. @22-09-2021 18:36:52.0181 P

################################################################################################################################################
Starting Execution:	[11 out of 23] test cases in the current suite
Test Method:		[tests.gui.google.B_Search_FlatTest_SHAFT.searchForQueryAndAssertFirstResultTextIsCorrect]
################################################################################################################################################
[ReportManager] Element Action [Type] successfully performed. With the following test data [SHAFT_Engine]. @22-09-2021 18:36:52.0857 PM
[ReportManager] Element Action [KeyPress] successfully performed. With the following test data [ENTER]. @22-09-2021 18:36:54.0454 PM
[ReportManager] Element Action [GetText] successfully performed. With the following test data [SHAFT_ENGINE is a Test Automation Engine that ... - GitHub]. @22-09-2021 18:36:54.0564 PM
[ReportManager] Loaded Shared OpenCV @22-09-2021 18:36:54.0742 PM
[ReportManager] Assertion Failed: Asserting that the correct first result is displayed @22-09-2021 18:36:54.0807 PM
[ReportManager] Successfully created attachment [Screenshot - 1632335814742_searchForQueryAndAssertFirstResultTextIsCorrect_ValidateElementAttribute_failed] @22-09-2021 18:36:54.0812 PM
[ReportManager] Assertion [ValidateElementAttribute] FAILED. Expected [Value Should be 'MohabMohie' for the 'Text' attribute, element locator 'By.xpath: (//h1[contains(text(),'Search Result')]/following-sibling::div//a/h3)[1]'] and Actual [SHAFT_ENGINE is a Test Automation Engine that ... - GitHub]. Comparison Type [CONTAINS]. Validation Type [POSITIVE]. @22-09-2021 18:36:54.0812 P
[ReportManager] Successfully created attachment [Selenium WebDriver Logs - server] @22-09-2021 18:36:54.0992 PM
[ReportManager] Successfully created attachment [Selenium WebDriver Logs - performance] @22-09-2021 18:36:55.0156 PM
[ReportManager] Successfully created attachment [Selenium WebDriver Logs - driver] @22-09-2021 18:36:55.0353 PM
[ReportManager] Browser Action [CloseCurrentWindow] successfully performed. @22-09-2021 18:36:55.0416 PM
[ReportManager] Successfully created attachment [Browser Action Test Data - CloseCurrentWindow - Actual Value] @22-09-2021 18:36:55.0418 P
[ReportManager] Successfully loaded the following test data file [src/test/resources/TestDataFiles/Google/SimpleSearch.xlsx]. @22-09-2021 18:36:55.0446 PM
[ReportManager] Successfully created attachment [Test Data - Excel] @22-09-2021 18:36:55.0446 P
[ReportManager] File Action [GetAbsolutePath] successfully performed. With the following test data [Relative Folder Path: "target/downloadedFiles/"]. @22-09-2021 18:36:55.0447 PM
[ReportManager] Attempting to run remotely on: [Linux-64], [GoogleChrome], [http://localhost:4444/wd/hub], Headless Execution. @22-09-2021 18:36:55.0447 PM
[ReportManager] Successfully Opened [GoogleChrome]. @22-09-2021 18:36:55.0678 PM
[ReportManager] Target URL: [https://www.google.com/ncr], and after redirection: [https://www.google.com] @22-09-2021 18:36:55.0699 PM
[ReportManager] Initial URL: [data:,] @22-09-2021 18:36:55.0752 PM
[ReportManager] Browser Action [NavigateToURL] successfully performed. With the following test data [https://www.google.com/ncr]. @22-09-2021 18:36:56.0720 P

################################################################################################################################################
Starting Execution:	[12 out of 23] test cases in the current suite
Test Method:		[tests.gui.google.F_Search_PageObjectModel_Fluent.navigateToGoogleHomeAndAssertGoogleLogoIsDisplayed]
################################################################################################################################################
[ReportManager] File Action [DoesFileExist] successfully performed. With the following test data [File Path: "src/test/resources/DynamicObjectRepository/tests_gui_google_F_Search_PageObjectModel_Fluent_navigateToGoogleHomeAndAssertGoogleLogoIsDisplayed_By_xpath_img_id_hplogo_or_alt_Google.png"]. @22-09-2021 18:36:56.0723 PM
[ReportManager] File Action [GetAbsolutePath] successfully performed. With the following test data [Relative Folder Path: "src/test/resources/DynamicObjectRepository/tests_gui_google_F_Search_PageObjectModel_Fluent_navigateToGoogleHomeAndAssertGoogleLogoIsDisplayed_By_xpath_img_id_hplogo_or_alt_Google.png"]. @22-09-2021 18:36:56.0732 PM
[ReportManager] File Action [ReadFromImageFile] successfully performed. With the following test data [File Path: "/home/runner/work/using_SHAFT_ENGINE/using_SHAFT_ENGINE/src/test/resources/DynamicObjectRepository/tests_gui_google_F_Search_PageObjectModel_Fluent_navigateToGoogleHomeAndAssertGoogleLogoIsDisplayed_By_xpath_img_id_hplogo_or_alt_Google.png"]. @22-09-2021 18:36:56.0733 PM
[ReportManager] File Action [DoesFileExist] successfully performed. With the following test data [File Path: "src/test/resources/DynamicObjectRepository/tests_gui_google_F_Search_PageObjectModel_Fluent_navigateToGoogleHomeAndAssertGoogleLogoIsDisplayed_By_xpath_img_id_hplogo_or_alt_Google.png"]. @22-09-2021 18:36:57.0024 PM
[ReportManager] File Action [DoesFileExist] successfully performed. With the following test data [File Path: "src/test/resources/DynamicObjectRepository/tests_gui_google_F_Search_PageObjectModel_Fluent_navigateToGoogleHomeAndAssertGoogleLogoIsDisplayed_By_xpath_img_id_hplogo_or_alt_Google.png"]. @22-09-2021 18:36:57.0024 PM
[ReportManager] Loaded Shared OpenCV @22-09-2021 18:36:57.0024 PM
[ReportManager] Successfully identified the element using AI; OpenCV. @22-09-2021 18:36:57.0029 PM
[ReportManager] Assertion Passed: Asserting that the Google logo is displayed @22-09-2021 18:36:57.0029 PM
[ReportManager] Successfully created attachment [Validation Test Data - Reference Screenshot] @22-09-2021 18:36:57.0030 PM
[ReportManager] Successfully created attachment [Validation Test Data - Actual Screenshot] @22-09-2021 18:36:57.0030 PM
[ReportManager] Assertion [ValidateElementMatches] PASSED. Expected [Element should match the reference screenshot] and Actual [TRUE]. Comparison Type [EXACT_OPENCV]. Validation Type [POSITIVE]. @22-09-2021 18:36:57.0030 P
[ReportManager] Successfully created attachment [Selenium WebDriver Logs - server] @22-09-2021 18:36:57.0114 PM
[ReportManager] Successfully created attachment [Selenium WebDriver Logs - performance] @22-09-2021 18:36:57.0153 PM
[ReportManager] Successfully created attachment [Selenium WebDriver Logs - driver] @22-09-2021 18:36:57.0226 PM
[ReportManager] Browser Action [CloseCurrentWindow] successfully performed. @22-09-2021 18:36:57.0285 PM
[ReportManager] Successfully created attachment [Browser Action Test Data - CloseCurrentWindow - Actual Value] @22-09-2021 18:36:57.0286 P
[ReportManager] File Action [GetAbsolutePath] successfully performed. With the following test data [Relative Folder Path: "target/downloadedFiles/"]. @22-09-2021 18:36:57.0288 PM
[ReportManager] Attempting to run remotely on: [Linux-64], [GoogleChrome], [http://localhost:4444/wd/hub], Headless Execution. @22-09-2021 18:36:57.0289 PM
[ReportManager] Successfully Opened [GoogleChrome]. @22-09-2021 18:36:57.0520 PM
[ReportManager] Target URL: [https://www.google.com/ncr], and after redirection: [https://www.google.com] @22-09-2021 18:36:57.0535 PM
[ReportManager] Initial URL: [data:,] @22-09-2021 18:36:57.0584 PM
[ReportManager] Browser Action [NavigateToURL] successfully performed. With the following test data [https://www.google.com/ncr]. @22-09-2021 18:36:58.0406 P

################################################################################################################################################
Starting Execution:	[13 out of 23] test cases in the current suite
Test Method:		[tests.gui.google.F_Search_PageObjectModel_Fluent.navigateToGoogleHomeAndAssertPageTitle]
################################################################################################################################################
[ReportManager] Browser Action [GetCurrentWindowTitle] successfully performed. With the following test data [Google]. @22-09-2021 18:36:58.0447 PM
[ReportManager] Assertion Passed: Asserting that the page title is Google @22-09-2021 18:36:58.0569 PM
[ReportManager] Successfully created attachment [Screenshot - 1632335818529_navigateToGoogleHomeAndAssertPageTitle_ValidateBrowserAttribute_passed] @22-09-2021 18:36:58.0570 PM
[ReportManager] Assertion [ValidateBrowserAttribute] PASSED. Expected [Value Should be 'Google' for the 'Title' attribute] and Actual [Google]. Comparison Type [EQUALS]. Validation Type [POSITIVE]. @22-09-2021 18:36:58.0570 P
[ReportManager] Successfully created attachment [Selenium WebDriver Logs - server] @22-09-2021 18:36:58.0664 PM
[ReportManager] Successfully created attachment [Selenium WebDriver Logs - performance] @22-09-2021 18:36:58.0696 PM
[ReportManager] Successfully created attachment [Selenium WebDriver Logs - driver] @22-09-2021 18:36:58.0776 PM
[ReportManager] Browser Action [CloseCurrentWindow] successfully performed. @22-09-2021 18:36:58.0834 PM
[ReportManager] Successfully created attachment [Browser Action Test Data - CloseCurrentWindow - Actual Value] @22-09-2021 18:36:58.0835 P
[ReportManager] File Action [GetAbsolutePath] successfully performed. With the following test data [Relative Folder Path: "target/downloadedFiles/"]. @22-09-2021 18:36:58.0837 PM
[ReportManager] Attempting to run remotely on: [Linux-64], [GoogleChrome], [http://localhost:4444/wd/hub], Headless Execution. @22-09-2021 18:36:58.0838 PM
[ReportManager] Successfully Opened [GoogleChrome]. @22-09-2021 18:36:59.0062 PM
[ReportManager] Target URL: [https://www.google.com/ncr], and after redirection: [https://www.google.com] @22-09-2021 18:36:59.0085 PM
[ReportManager] Initial URL: [data:,] @22-09-2021 18:36:59.0140 PM
[ReportManager] Browser Action [NavigateToURL] successfully performed. With the following test data [https://www.google.com/ncr]. @22-09-2021 18:36:59.0997 P

################################################################################################################################################
Starting Execution:	[14 out of 23] test cases in the current suite
Test Method:		[tests.gui.google.F_Search_PageObjectModel_Fluent.searchForQueryAndAssertFirstResultTextIsCorrect]
################################################################################################################################################
[ReportManager] Element Action [Type] successfully performed. With the following test data [SHAFT_Engine]. @22-09-2021 18:37:00.0596 PM
[ReportManager] Element Action [KeyPress] successfully performed. With the following test data [ENTER]. @22-09-2021 18:37:02.0106 PM
[ReportManager] Element Action [GetText] successfully performed. With the following test data [SHAFT_ENGINE is a Test Automation Engine that ... - GitHub]. @22-09-2021 18:37:02.0216 PM
[ReportManager] Loaded Shared OpenCV @22-09-2021 18:37:02.0400 PM
[ReportManager] Assertion Failed: Asserting that the correct first result is displayed @22-09-2021 18:37:02.0466 PM
[ReportManager] Successfully created attachment [Screenshot - 1632335822400_searchForQueryAndAssertFirstResultTextIsCorrect_ValidateElementAttribute_failed] @22-09-2021 18:37:02.0468 PM
[ReportManager] Assertion [ValidateElementAttribute] FAILED. Expected [Value Should be 'MohabMohie' for the 'Text' attribute, element locator 'By.xpath: (//h1[contains(text(),'Search Result')]/following-sibling::div//a/h3)[1]'] and Actual [SHAFT_ENGINE is a Test Automation Engine that ... - GitHub]. Comparison Type [CONTAINS]. Validation Type [POSITIVE]. @22-09-2021 18:37:02.0468 P
[ReportManager] Successfully created attachment [Selenium WebDriver Logs - server] @22-09-2021 18:37:02.0635 PM
[ReportManager] Successfully created attachment [Selenium WebDriver Logs - performance] @22-09-2021 18:37:02.0779 PM
[ReportManager] Successfully created attachment [Selenium WebDriver Logs - driver] @22-09-2021 18:37:02.0974 PM
[ReportManager] Browser Action [CloseCurrentWindow] successfully performed. @22-09-2021 18:37:02.0997 PM
[ReportManager] Successfully created attachment [Browser Action Test Data - CloseCurrentWindow - Actual Value] @22-09-2021 18:37:02.0999 P
[ReportManager] Successfully loaded the following test data file [src/test/resources/TestDataFiles/Google/SimpleSearch.xlsx]. @22-09-2021 18:37:03.0026 PM
[ReportManager] Successfully created attachment [Test Data - Excel] @22-09-2021 18:37:03.0026 P
[ReportManager] File Action [GetAbsolutePath] successfully performed. With the following test data [Relative Folder Path: "target/downloadedFiles/"]. @22-09-2021 18:37:03.0027 PM
[ReportManager] Attempting to run remotely on: [Linux-64], [GoogleChrome], [http://localhost:4444/wd/hub], Headless Execution. @22-09-2021 18:37:03.0027 PM
[ReportManager] Successfully Opened [GoogleChrome]. @22-09-2021 18:37:03.0307 PM
[ReportManager] Target URL: [https://www.google.com/ncr], and after redirection: [https://www.google.com] @22-09-2021 18:37:03.0320 PM
[ReportManager] Initial URL: [data:,] @22-09-2021 18:37:03.0367 PM
[ReportManager] Browser Action [NavigateToURL] successfully performed. With the following test data [https://www.google.com/ncr]. @22-09-2021 18:37:04.0183 P

################################################################################################################################################
Starting Execution:	[15 out of 23] test cases in the current suite
Test Method:		[tests.gui.google.G_Search_PageObjectModel_ThreadSafe.navigateToGoogleHomeAndAssertGoogleLogoIsDisplayed]
################################################################################################################################################
[ReportManager] File Action [DoesFileExist] successfully performed. With the following test data [File Path: "src/test/resources/DynamicObjectRepository/tests_gui_google_G_Search_PageObjectModel_ThreadSafe_navigateToGoogleHomeAndAssertGoogleLogoIsDisplayed_By_xpath_img_id_hplogo_or_alt_Google.png"]. @22-09-2021 18:37:04.0191 PM
[ReportManager] File Action [GetAbsolutePath] successfully performed. With the following test data [Relative Folder Path: "src/test/resources/DynamicObjectRepository/tests_gui_google_G_Search_PageObjectModel_ThreadSafe_navigateToGoogleHomeAndAssertGoogleLogoIsDisplayed_By_xpath_img_id_hplogo_or_alt_Google.png"]. @22-09-2021 18:37:04.0193 PM
[ReportManager] File Action [ReadFromImageFile] successfully performed. With the following test data [File Path: "/home/runner/work/using_SHAFT_ENGINE/using_SHAFT_ENGINE/src/test/resources/DynamicObjectRepository/tests_gui_google_G_Search_PageObjectModel_ThreadSafe_navigateToGoogleHomeAndAssertGoogleLogoIsDisplayed_By_xpath_img_id_hplogo_or_alt_Google.png"]. @22-09-2021 18:37:04.0194 PM
[ReportManager] File Action [DoesFileExist] successfully performed. With the following test data [File Path: "src/test/resources/DynamicObjectRepository/tests_gui_google_G_Search_PageObjectModel_ThreadSafe_navigateToGoogleHomeAndAssertGoogleLogoIsDisplayed_By_xpath_img_id_hplogo_or_alt_Google.png"]. @22-09-2021 18:37:04.0390 PM
[ReportManager] File Action [DoesFileExist] successfully performed. With the following test data [File Path: "src/test/resources/DynamicObjectRepository/tests_gui_google_G_Search_PageObjectModel_ThreadSafe_navigateToGoogleHomeAndAssertGoogleLogoIsDisplayed_By_xpath_img_id_hplogo_or_alt_Google.png"]. @22-09-2021 18:37:04.0391 PM
[ReportManager] Loaded Shared OpenCV @22-09-2021 18:37:04.0391 PM
[ReportManager] Successfully identified the element using AI; OpenCV. @22-09-2021 18:37:04.0395 PM
[ReportManager] Assertion Passed: Asserting that the Google logo is displayed @22-09-2021 18:37:04.0396 PM
[ReportManager] Successfully created attachment [Validation Test Data - Reference Screenshot] @22-09-2021 18:37:04.0396 PM
[ReportManager] Successfully created attachment [Validation Test Data - Actual Screenshot] @22-09-2021 18:37:04.0396 PM
[ReportManager] Assertion [ValidateElementMatches] PASSED. Expected [Element should match the reference screenshot] and Actual [TRUE]. Comparison Type [EXACT_OPENCV]. Validation Type [POSITIVE]. @22-09-2021 18:37:04.0396 P
[ReportManager] Successfully created attachment [Selenium WebDriver Logs - server] @22-09-2021 18:37:04.0494 PM
[ReportManager] Successfully created attachment [Selenium WebDriver Logs - performance] @22-09-2021 18:37:04.0527 PM
[ReportManager] Successfully created attachment [Selenium WebDriver Logs - driver] @22-09-2021 18:37:04.0607 PM
[ReportManager] Browser Action [CloseCurrentWindow] successfully performed. @22-09-2021 18:37:04.0665 PM
[ReportManager] Successfully created attachment [Browser Action Test Data - CloseCurrentWindow - Actual Value] @22-09-2021 18:37:04.0666 P
[ReportManager] File Action [GetAbsolutePath] successfully performed. With the following test data [Relative Folder Path: "target/downloadedFiles/"]. @22-09-2021 18:37:04.0668 PM
[ReportManager] Attempting to run remotely on: [Linux-64], [GoogleChrome], [http://localhost:4444/wd/hub], Headless Execution. @22-09-2021 18:37:04.0668 PM
[ReportManager] Successfully Opened [GoogleChrome]. @22-09-2021 18:37:04.0900 PM
[ReportManager] Target URL: [https://www.google.com/ncr], and after redirection: [https://www.google.com] @22-09-2021 18:37:04.0924 PM
[ReportManager] Initial URL: [data:,] @22-09-2021 18:37:04.0975 PM
[ReportManager] Browser Action [NavigateToURL] successfully performed. With the following test data [https://www.google.com/ncr]. @22-09-2021 18:37:05.0761 P

################################################################################################################################################
Starting Execution:	[16 out of 23] test cases in the current suite
Test Method:		[tests.gui.google.G_Search_PageObjectModel_ThreadSafe.navigateToGoogleHomeAndAssertPageTitle]
################################################################################################################################################
[ReportManager] Browser Action [GetCurrentWindowTitle] successfully performed. With the following test data [Google]. @22-09-2021 18:37:05.0801 PM
[ReportManager] Assertion Passed: Asserting that the page title is Google @22-09-2021 18:37:05.0935 PM
[ReportManager] Successfully created attachment [Screenshot - 1632335825892_navigateToGoogleHomeAndAssertPageTitle_ValidateBrowserAttribute_passed] @22-09-2021 18:37:05.0942 PM
[ReportManager] Assertion [ValidateBrowserAttribute] PASSED. Expected [Value Should be 'Google' for the 'Title' attribute] and Actual [Google]. Comparison Type [EQUALS]. Validation Type [POSITIVE]. @22-09-2021 18:37:05.0942 P
[ReportManager] Successfully created attachment [Selenium WebDriver Logs - server] @22-09-2021 18:37:06.0040 PM
[ReportManager] Successfully created attachment [Selenium WebDriver Logs - performance] @22-09-2021 18:37:06.0075 PM
[ReportManager] Successfully created attachment [Selenium WebDriver Logs - driver] @22-09-2021 18:37:06.0145 PM
[ReportManager] Browser Action [CloseCurrentWindow] successfully performed. @22-09-2021 18:37:06.0205 PM
[ReportManager] Successfully created attachment [Browser Action Test Data - CloseCurrentWindow - Actual Value] @22-09-2021 18:37:06.0206 P
[ReportManager] File Action [GetAbsolutePath] successfully performed. With the following test data [Relative Folder Path: "target/downloadedFiles/"]. @22-09-2021 18:37:06.0209 PM
[ReportManager] Attempting to run remotely on: [Linux-64], [GoogleChrome], [http://localhost:4444/wd/hub], Headless Execution. @22-09-2021 18:37:06.0214 PM
[ReportManager] Successfully Opened [GoogleChrome]. @22-09-2021 18:37:06.0456 PM
[ReportManager] Target URL: [https://www.google.com/ncr], and after redirection: [https://www.google.com] @22-09-2021 18:37:06.0469 PM
[ReportManager] Initial URL: [data:,] @22-09-2021 18:37:06.0524 PM
[ReportManager] Browser Action [NavigateToURL] successfully performed. With the following test data [https://www.google.com/ncr]. @22-09-2021 18:37:07.0355 P

################################################################################################################################################
Starting Execution:	[17 out of 23] test cases in the current suite
Test Method:		[tests.gui.google.G_Search_PageObjectModel_ThreadSafe.searchForQueryAndAssertFirstResultTextIsCorrect]
################################################################################################################################################
[ReportManager] Element Action [Type] successfully performed. With the following test data [SHAFT_Engine]. @22-09-2021 18:37:07.0957 PM
[ReportManager] Element Action [KeyPress] successfully performed. With the following test data [ENTER]. @22-09-2021 18:37:09.0439 PM
[ReportManager] Element Action [GetText] successfully performed. With the following test data [SHAFT_ENGINE is a Test Automation Engine that ... - GitHub]. @22-09-2021 18:37:09.0554 PM
[ReportManager] Loaded Shared OpenCV @22-09-2021 18:37:09.0731 PM
[ReportManager] Assertion Failed: Asserting that the correct first result is displayed @22-09-2021 18:37:09.0787 PM
[ReportManager] Successfully created attachment [Screenshot - 1632335829731_searchForQueryAndAssertFirstResultTextIsCorrect_ValidateElementAttribute_failed] @22-09-2021 18:37:09.0788 PM
[ReportManager] Assertion [ValidateElementAttribute] FAILED. Expected [Value Should be 'MohabMohie' for the 'Text' attribute, element locator 'By.xpath: (//h1[contains(text(),'Search Result')]/following-sibling::div//a/h3)[1]'] and Actual [SHAFT_ENGINE is a Test Automation Engine that ... - GitHub]. Comparison Type [CONTAINS]. Validation Type [POSITIVE]. @22-09-2021 18:37:09.0788 P
[ReportManager] Successfully created attachment [Selenium WebDriver Logs - server] @22-09-2021 18:37:09.0969 PM
[ReportManager] Successfully created attachment [Selenium WebDriver Logs - performance] @22-09-2021 18:37:10.0111 PM
[ReportManager] Successfully created attachment [Selenium WebDriver Logs - driver] @22-09-2021 18:37:10.0318 PM
[ReportManager] Browser Action [CloseCurrentWindow] successfully performed. @22-09-2021 18:37:10.0379 PM
[ReportManager] Successfully created attachment [Browser Action Test Data - CloseCurrentWindow - Actual Value] @22-09-2021 18:37:10.0381 P



################################################################################################################################################
Starting Execution:	[18 out of 23] test cases in the current suite
Test Method:		[tests.gui.google.A_Search_FlatTest_NativeSeleniumWebDriver.navigateToGoogleHomeAndAssertGoogleLogoIsDisplayed]
###############################################################################################################################################



################################################################################################################################################
Starting Execution:	[19 out of 23] test cases in the current suite
Test Method:		[tests.gui.google.A_Search_FlatTest_NativeSeleniumWebDriver.navigateToGoogleHomeAndAssertPageTitle]
###############################################################################################################################################



################################################################################################################################################
Starting Execution:	[20 out of 23] test cases in the current suite
Test Method:		[tests.gui.google.A_Search_FlatTest_NativeSeleniumWebDriver.searchForQueryAndAssertFirstResultTextIsCorrect]
###############################################################################################################################################

[ReportManager] Successfully loaded the following test data file [src/test/resources/TestDataFiles/Google/SimpleSearch.xlsx]. @22-09-2021 18:37:12.0705 PM
[ReportManager] Successfully created attachment [Test Data - Excel] @22-09-2021 18:37:12.0705 P
[ReportManager] File Action [GetAbsolutePath] successfully performed. With the following test data [Relative Folder Path: "target/downloadedFiles/"]. @22-09-2021 18:37:12.0707 PM
[ReportManager] Attempting to run remotely on: [Linux-64], [GoogleChrome], [http://localhost:4444/wd/hub], Headless Execution. @22-09-2021 18:37:12.0707 PM
[ReportManager] Successfully Opened [GoogleChrome]. @22-09-2021 18:37:12.0955 PM
[ReportManager] Target URL: [https://www.google.com/ncr], and after redirection: [https://www.google.com] @22-09-2021 18:37:12.0983 PM
[ReportManager] Initial URL: [data:,] @22-09-2021 18:37:13.0057 PM
[ReportManager] Browser Action [NavigateToURL] successfully performed. With the following test data [https://www.google.com/ncr]. @22-09-2021 18:37:13.0917 P

################################################################################################################################################
Starting Execution:	[21 out of 23] test cases in the current suite
Test Method:		[tests.gui.google.D_Search_PageObjectModel_Traditional_DataDriven.navigateToGoogleHomeAndAssertGoogleLogoIsDisplayed]
################################################################################################################################################
[ReportManager] Element Action [IsElementDisplayed] successfully performed. @22-09-2021 18:37:14.0022 PM
[ReportManager] Assertion Passed: Asserting that the Google logo is displayed @22-09-2021 18:37:14.0022 PM
[ReportManager] Assertion [ValidateTrue] PASSED. Expected [TRUE] and Actual [TRUE]. Validation Type [POSITIVE]. @22-09-2021 18:37:14.0022 P
[ReportManager] Successfully created attachment [Selenium WebDriver Logs - server] @22-09-2021 18:37:14.0109 PM
[ReportManager] Successfully created attachment [Selenium WebDriver Logs - performance] @22-09-2021 18:37:14.0142 PM
[ReportManager] Successfully created attachment [Selenium WebDriver Logs - driver] @22-09-2021 18:37:14.0214 PM
[ReportManager] Browser Action [CloseCurrentWindow] successfully performed. @22-09-2021 18:37:14.0272 PM
[ReportManager] Successfully created attachment [Browser Action Test Data - CloseCurrentWindow - Actual Value] @22-09-2021 18:37:14.0273 P
[ReportManager] File Action [GetAbsolutePath] successfully performed. With the following test data [Relative Folder Path: "target/downloadedFiles/"]. @22-09-2021 18:37:14.0279 PM
[ReportManager] Attempting to run remotely on: [Linux-64], [GoogleChrome], [http://localhost:4444/wd/hub], Headless Execution. @22-09-2021 18:37:14.0280 PM
[ReportManager] Successfully Opened [GoogleChrome]. @22-09-2021 18:37:14.0500 PM
[ReportManager] Target URL: [https://www.google.com/ncr], and after redirection: [https://www.google.com] @22-09-2021 18:37:14.0514 PM
[ReportManager] Initial URL: [data:,] @22-09-2021 18:37:14.0581 PM
[ReportManager] Browser Action [NavigateToURL] successfully performed. With the following test data [https://www.google.com/ncr]. @22-09-2021 18:37:15.0359 P

################################################################################################################################################
Starting Execution:	[22 out of 23] test cases in the current suite
Test Method:		[tests.gui.google.D_Search_PageObjectModel_Traditional_DataDriven.navigateToGoogleHomeAndAssertPageTitle]
################################################################################################################################################
[ReportManager] Browser Action [GetCurrentWindowTitle] successfully performed. With the following test data [Google]. @22-09-2021 18:37:15.0403 PM
[ReportManager] Assertion Passed: Asserting that the page title is Google @22-09-2021 18:37:15.0404 PM
[ReportManager] Assertion [ValidateEquals] PASSED. Expected [Google] and Actual [Google]. Comparison Type [EQUALS]. Validation Type [POSITIVE]. @22-09-2021 18:37:15.0404 P
[ReportManager] Successfully created attachment [Selenium WebDriver Logs - server] @22-09-2021 18:37:15.0487 PM
[ReportManager] Successfully created attachment [Selenium WebDriver Logs - performance] @22-09-2021 18:37:15.0518 PM
[ReportManager] Successfully created attachment [Selenium WebDriver Logs - driver] @22-09-2021 18:37:15.0597 PM
[ReportManager] Browser Action [CloseCurrentWindow] successfully performed. @22-09-2021 18:37:15.0656 PM
[ReportManager] Successfully created attachment [Browser Action Test Data - CloseCurrentWindow - Actual Value] @22-09-2021 18:37:15.0657 P
[ReportManager] File Action [GetAbsolutePath] successfully performed. With the following test data [Relative Folder Path: "target/downloadedFiles/"]. @22-09-2021 18:37:15.0663 PM
[ReportManager] Attempting to run remotely on: [Linux-64], [GoogleChrome], [http://localhost:4444/wd/hub], Headless Execution. @22-09-2021 18:37:15.0663 PM
[ReportManager] Successfully Opened [GoogleChrome]. @22-09-2021 18:37:15.0922 PM
[ReportManager] Target URL: [https://www.google.com/ncr], and after redirection: [https://www.google.com] @22-09-2021 18:37:15.0938 PM
[ReportManager] Initial URL: [data:,] @22-09-2021 18:37:16.0020 PM
[ReportManager] Browser Action [NavigateToURL] successfully performed. With the following test data [https://www.google.com/ncr]. @22-09-2021 18:37:16.0815 P

################################################################################################################################################
Starting Execution:	[23 out of 23] test cases in the current suite
Test Method:		[tests.gui.google.D_Search_PageObjectModel_Traditional_DataDriven.searchForQueryAndAssertFirstResultTextIsCorrect]
################################################################################################################################################
[ReportManager] Element Action [Type] successfully performed. With the following test data [SHAFT_Engine]. @22-09-2021 18:37:17.0383 PM
[ReportManager] Element Action [KeyPress] successfully performed. With the following test data [ENTER]. @22-09-2021 18:37:18.0833 PM
[ReportManager] Element Action [GetText] successfully performed. With the following test data [SHAFT_ENGINE is a Test Automation Engine that ... - GitHub]. @22-09-2021 18:37:18.0939 PM
[ReportManager] Assertion Failed: Asserting that the correct first result is displayed @22-09-2021 18:37:18.0939 PM
[ReportManager] Assertion [ValidateEquals] FAILED. Expected [MohabMohie] and Actual [SHAFT_ENGINE is a Test Automation Engine that ... - GitHub]. Comparison Type [CONTAINS]. Validation Type [POSITIVE]. @22-09-2021 18:37:18.0939 P
[ReportManager] Successfully created attachment [Selenium WebDriver Logs - server] @22-09-2021 18:37:19.0099 PM
[ReportManager] Successfully created attachment [Selenium WebDriver Logs - performance] @22-09-2021 18:37:19.0261 PM
[ReportManager] Successfully created attachment [Selenium WebDriver Logs - driver] @22-09-2021 18:37:19.0449 PM
[ReportManager] Browser Action [CloseCurrentWindow] successfully performed. @22-09-2021 18:37:19.0525 PM
[ReportManager] Successfully created attachment [Browser Action Test Data - CloseCurrentWindow - Actual Value] @22-09-2021 18:37:19.0527 P

################################################################################################################################################
Test Closure Activities
################################################################################################################################################
[ReportManager] Successfully created attachment [SHAFT Engine Logs - Execution log] @22-09-2021 18:37:19.0548 PM

################################################################################################################################################
This test run was powered by SHAFT Engine Version: [SHAFT Engine v5.3.20210902]
SHAFT Engine is licensed under the MIT License: [https://github.com/MohabMohie/SHAFT_ENGINE/blob/master/LICENSE].
################################################################################################################################################