################################################################################################################################################
Detected SHAFT Engine Version: [SHAFT Engine v5.3.20210902]
################################################################################################################################################

################################################################################################################################################
Starting Execution:	[1 out of 23] test cases in the current suite
Test Method:		[tests.api.users.UserData.validateUserEmail]
################################################################################################################################################
[ReportManager] Response status code: [200], status line: [HTTP/1.1 200 OK] @11-09-2021 01:27:56.0465 AM
[ReportManager] Assertion Passed: Evaluating the actual response status code against the expected one... @11-09-2021 01:27:56.0475 AM
[ReportManager] Assertion [ValidateEquals] PASSED. Expected [200] and Actual [200]. Comparison Type [EQUALS]. Validation Type [POSITIVE]. @11-09-2021 01:27:56.0478 AM
[ReportManager] API Action [PerformRequest] successfully performed. With the following test data [Request Type: "GET" | Target Status Code: "200" | Service URL: "https://jsonplaceholder.typicode.com/users" | Content Type: "*/*" | Response Time: "900ms"]. @11-09-2021 01:27:57.0583 AM
[ReportManager] Successfully created attachment [API Request - Specifications] @11-09-2021 01:27:57.0588 AM
[ReportManager] Successfully created attachment [API Response - JSON Body] @11-09-2021 01:27:57.0816 AM
[ReportManager] Assertion [ValidateEquals] PASSED. Expected and Actual values are attached. Comparison Type [CONTAINS]. Validation Type [POSITIVE]. @11-09-2021 01:27:57.0823 AM
[ReportManager] Successfully created attachment [Validation Test Data - Expected Value] @11-09-2021 01:27:57.0824 AM
[ReportManager] Successfully created attachment [Validation Test Data - Actual Value] @11-09-2021 01:27:57.0825 AM
[ReportManager] API Action [GetResponseJSONValueAsList] successfully performed. With the following test data [$]. @11-09-2021 01:27:57.0854 AM
[ReportManager] API Action [GetResponseJSONValue] successfully performed. With the following test data [name]. @11-09-2021 01:27:57.0878 AM
[ReportManager] API Action [GetResponseJSONValue] successfully performed. With the following test data [email]. @11-09-2021 01:27:57.0900 AM
[ReportManager] Assertion [ValidateEquals] PASSED. Expected [Sincere@april.biz] and Actual [Sincere@april.biz]. Comparison Type [EQUALS]. Validation Type [POSITIVE]. @11-09-2021 01:27:57.0900 AM
[ReportManager] API Action [GetResponseJSONValue] successfully performed. With the following test data [name]. @11-09-2021 01:27:57.0923 AM
[ReportManager] API Action [GetResponseJSONValue] successfully performed. With the following test data [name]. @11-09-2021 01:27:57.0944 AM
[ReportManager] API Action [GetResponseJSONValue] successfully performed. With the following test data [name]. @11-09-2021 01:27:57.0961 AM
[ReportManager] API Action [GetResponseJSONValue] successfully performed. With the following test data [name]. @11-09-2021 01:27:57.0974 AM
[ReportManager] API Action [GetResponseJSONValue] successfully performed. With the following test data [name]. @11-09-2021 01:27:57.0983 AM
[ReportManager] API Action [GetResponseJSONValue] successfully performed. With the following test data [name]. @11-09-2021 01:27:57.0992 AM
[ReportManager] API Action [GetResponseJSONValue] successfully performed. With the following test data [name]. @11-09-2021 01:27:58.0002 AM
[ReportManager] API Action [GetResponseJSONValue] successfully performed. With the following test data [name]. @11-09-2021 01:27:58.0012 AM
[ReportManager] API Action [GetResponseJSONValue] successfully performed. With the following test data [name]. @11-09-2021 01:27:58.0021 A
[ReportManager] Successfully loaded the following test data file [src/test/resources/TestDataFiles/Google/SimpleSearch.xlsx]. @11-09-2021 01:27:58.0981 AM
[ReportManager] Successfully created attachment [Test Data - Excel] @11-09-2021 01:27:58.0982 A
[ReportManager] File Action [GetAbsolutePath] successfully performed. With the following test data [Relative Folder Path: "target/downloadedFiles/"]. @11-09-2021 01:27:58.0989 AM
[ReportManager] Attempting to run remotely on: [Linux-64], [GoogleChrome], [http://localhost:4444/wd/hub], Headless Execution. @11-09-2021 01:27:59.0013 AM
[ReportManager] Successfully Opened [GoogleChrome]. @11-09-2021 01:28:00.0210 AM
[ReportManager] Target URL: [https://www.google.com/ncr], and after redirection: [https://www.google.com] @11-09-2021 01:28:00.0274 AM
[ReportManager] Initial URL: [data:,] @11-09-2021 01:28:00.0378 AM
[ReportManager] Browser Action [NavigateToURL] successfully performed. With the following test data [https://www.google.com/ncr]. @11-09-2021 01:28:03.0760 A

################################################################################################################################################
Starting Execution:	[2 out of 23] test cases in the current suite
Test Method:		[tests.gui.google.F_Search_PageObjectModel_Fluent.navigateToGoogleHomeAndAssertGoogleLogoIsDisplayed]
################################################################################################################################################
[ReportManager] File Action [DoesFileExist] successfully performed. With the following test data [File Path: "src/test/resources/DynamicObjectRepository/tests_gui_google_F_Search_PageObjectModel_Fluent_navigateToGoogleHomeAndAssertGoogleLogoIsDisplayed_By_xpath_img_id_hplogo_or_alt_Google.png"]. @11-09-2021 01:28:03.0785 AM
[ReportManager] File Action [GetAbsolutePath] successfully performed. With the following test data [Relative Folder Path: "src/test/resources/DynamicObjectRepository/tests_gui_google_F_Search_PageObjectModel_Fluent_navigateToGoogleHomeAndAssertGoogleLogoIsDisplayed_By_xpath_img_id_hplogo_or_alt_Google.png"]. @11-09-2021 01:28:03.0785 AM
[ReportManager] File Action [ReadFromImageFile] successfully performed. With the following test data [File Path: "/home/runner/work/using_SHAFT_ENGINE/using_SHAFT_ENGINE/src/test/resources/DynamicObjectRepository/tests_gui_google_F_Search_PageObjectModel_Fluent_navigateToGoogleHomeAndAssertGoogleLogoIsDisplayed_By_xpath_img_id_hplogo_or_alt_Google.png"]. @11-09-2021 01:28:03.0785 AM
[ReportManager] File Action [DoesFileExist] successfully performed. With the following test data [File Path: "src/test/resources/DynamicObjectRepository/tests_gui_google_F_Search_PageObjectModel_Fluent_navigateToGoogleHomeAndAssertGoogleLogoIsDisplayed_By_xpath_img_id_hplogo_or_alt_Google.png"]. @11-09-2021 01:28:04.0015 AM
[ReportManager] File Action [DoesFileExist] successfully performed. With the following test data [File Path: "src/test/resources/DynamicObjectRepository/tests_gui_google_F_Search_PageObjectModel_Fluent_navigateToGoogleHomeAndAssertGoogleLogoIsDisplayed_By_xpath_img_id_hplogo_or_alt_Google.png"]. @11-09-2021 01:28:04.0015 AM
[ReportManager] Loaded Shared OpenCV @11-09-2021 01:28:04.0445 AM
[ReportManager] Successfully identified the element using AI; OpenCV. @11-09-2021 01:28:04.0462 AM
[ReportManager] Assertion Passed: Asserting that the Google logo is displayed @11-09-2021 01:28:04.0463 AM
[ReportManager] Successfully created attachment [Validation Test Data - Reference Screenshot] @11-09-2021 01:28:04.0464 AM
[ReportManager] Successfully created attachment [Validation Test Data - Actual Screenshot] @11-09-2021 01:28:04.0464 AM
[ReportManager] Assertion [ValidateElementMatches] PASSED. Expected [Element should match the reference screenshot] and Actual [TRUE]. Comparison Type [EXACT_OPENCV]. Validation Type [POSITIVE]. @11-09-2021 01:28:04.0464 A
[ReportManager] Successfully created attachment [Selenium WebDriver Logs - server] @11-09-2021 01:28:04.0581 AM
[ReportManager] Successfully created attachment [Selenium WebDriver Logs - performance] @11-09-2021 01:28:04.0675 AM
[ReportManager] Successfully created attachment [Selenium WebDriver Logs - driver] @11-09-2021 01:28:04.0842 AM
[ReportManager] Browser Action [CloseCurrentWindow] successfully performed. @11-09-2021 01:28:04.0907 AM
[ReportManager] Successfully created attachment [Browser Action Test Data - CloseCurrentWindow - Actual Value] @11-09-2021 01:28:04.0911 A
[ReportManager] File Action [GetAbsolutePath] successfully performed. With the following test data [Relative Folder Path: "target/downloadedFiles/"]. @11-09-2021 01:28:04.0926 AM
[ReportManager] Attempting to run remotely on: [Linux-64], [GoogleChrome], [http://localhost:4444/wd/hub], Headless Execution. @11-09-2021 01:28:04.0926 AM
[ReportManager] Successfully Opened [GoogleChrome]. @11-09-2021 01:28:05.0585 AM
[ReportManager] Target URL: [https://www.google.com/ncr], and after redirection: [https://www.google.com] @11-09-2021 01:28:05.0615 AM
[ReportManager] Initial URL: [data:,] @11-09-2021 01:28:05.0691 AM
[ReportManager] Browser Action [NavigateToURL] successfully performed. With the following test data [https://www.google.com/ncr]. @11-09-2021 01:28:06.0637 A

################################################################################################################################################
Starting Execution:	[3 out of 23] test cases in the current suite
Test Method:		[tests.gui.google.F_Search_PageObjectModel_Fluent.navigateToGoogleHomeAndAssertPageTitle]
################################################################################################################################################
[ReportManager] Browser Action [GetCurrentWindowTitle] successfully performed. With the following test data [Google]. @11-09-2021 01:28:06.0692 AM
[ReportManager] Assertion Passed: Asserting that the page title is Google @11-09-2021 01:28:06.0991 AM
[ReportManager] Successfully created attachment [Screenshot - 1631323686762_navigateToGoogleHomeAndAssertPageTitle_ValidateBrowserAttribute_passed] @11-09-2021 01:28:06.0996 AM
[ReportManager] Assertion [ValidateBrowserAttribute] PASSED. Expected [Value Should be 'Google' for the 'Title' attribute] and Actual [Google]. Comparison Type [EQUALS]. Validation Type [POSITIVE]. @11-09-2021 01:28:06.0996 A
[ReportManager] Successfully created attachment [Selenium WebDriver Logs - server] @11-09-2021 01:28:07.0118 AM
[ReportManager] Successfully created attachment [Selenium WebDriver Logs - performance] @11-09-2021 01:28:07.0212 AM
[ReportManager] Successfully created attachment [Selenium WebDriver Logs - driver] @11-09-2021 01:28:07.0371 AM
[ReportManager] Browser Action [CloseCurrentWindow] successfully performed. @11-09-2021 01:28:07.0431 AM
[ReportManager] Successfully created attachment [Browser Action Test Data - CloseCurrentWindow - Actual Value] @11-09-2021 01:28:07.0433 A
[ReportManager] File Action [GetAbsolutePath] successfully performed. With the following test data [Relative Folder Path: "target/downloadedFiles/"]. @11-09-2021 01:28:07.0443 AM
[ReportManager] Attempting to run remotely on: [Linux-64], [GoogleChrome], [http://localhost:4444/wd/hub], Headless Execution. @11-09-2021 01:28:07.0443 AM
[ReportManager] Successfully Opened [GoogleChrome]. @11-09-2021 01:28:08.0036 AM
[ReportManager] Target URL: [https://www.google.com/ncr], and after redirection: [https://www.google.com] @11-09-2021 01:28:08.0067 AM
[ReportManager] Initial URL: [data:,] @11-09-2021 01:28:08.0142 AM
[ReportManager] Browser Action [NavigateToURL] successfully performed. With the following test data [https://www.google.com/ncr]. @11-09-2021 01:28:09.0195 A

################################################################################################################################################
Starting Execution:	[4 out of 23] test cases in the current suite
Test Method:		[tests.gui.google.F_Search_PageObjectModel_Fluent.searchForQueryAndAssertFirstResultTextIsCorrect]
################################################################################################################################################
[ReportManager] Element Action [Type] successfully performed. With the following test data [SHAFT_Engine]. @11-09-2021 01:28:09.0938 AM
[ReportManager] Element Action [KeyPress] successfully performed. With the following test data [ENTER]. @11-09-2021 01:28:11.0698 AM
[ReportManager] Element Action [GetText] successfully performed. With the following test data [SHAFT_ENGINE is a Test Automation Engine that ... - GitHub]. @11-09-2021 01:28:11.0800 AM
[ReportManager] Loaded Shared OpenCV @11-09-2021 01:28:12.0027 AM
[ReportManager] Assertion Failed: Asserting that the correct first result is displayed @11-09-2021 01:28:12.0129 AM
[ReportManager] Successfully created attachment [Screenshot - 1631323692027_searchForQueryAndAssertFirstResultTextIsCorrect_ValidateElementAttribute_failed] @11-09-2021 01:28:12.0136 AM
[ReportManager] Assertion [ValidateElementAttribute] FAILED. Expected [Value Should be 'MohabMohie' for the 'Text' attribute, element locator 'By.xpath: (//h1[contains(text(),'Search Result')]/following-sibling::div//a/h3)[1]'] and Actual [SHAFT_ENGINE is a Test Automation Engine that ... - GitHub]. Comparison Type [CONTAINS]. Validation Type [POSITIVE]. @11-09-2021 01:28:12.0136 A
[ReportManager] Successfully created attachment [Selenium WebDriver Logs - server] @11-09-2021 01:28:12.0593 AM
[ReportManager] Successfully created attachment [Selenium WebDriver Logs - performance] @11-09-2021 01:28:12.0785 AM
[ReportManager] Successfully created attachment [Selenium WebDriver Logs - driver] @11-09-2021 01:28:13.0150 AM
[ReportManager] Browser Action [CloseCurrentWindow] successfully performed. @11-09-2021 01:28:13.0210 AM
[ReportManager] Successfully created attachment [Browser Action Test Data - CloseCurrentWindow - Actual Value] @11-09-2021 01:28:13.0213 A
[ReportManager] File Action [GetAbsolutePath] successfully performed. With the following test data [Relative Folder Path: "target/downloadedFiles/"]. @11-09-2021 01:28:13.0219 AM
[ReportManager] Attempting to run remotely on: [Linux-64], [GoogleChrome], [http://localhost:4444/wd/hub], Headless Execution. @11-09-2021 01:28:13.0220 AM
[ReportManager] Successfully Opened [GoogleChrome]. @11-09-2021 01:28:13.0810 AM
[ReportManager] Target URL: [https://www.google.com/ncr], and after redirection: [https://www.google.com] @11-09-2021 01:28:13.0834 AM
[ReportManager] Initial URL: [data:,] @11-09-2021 01:28:13.0919 AM
[ReportManager] Browser Action [NavigateToURL] successfully performed. With the following test data [https://www.google.com/ncr]. @11-09-2021 01:28:14.0826 A

################################################################################################################################################
Starting Execution:	[5 out of 23] test cases in the current suite
Test Method:		[tests.gui.google.C_Search_PageObjectModel_Traditional.navigateToGoogleHomeAndAssertGoogleLogoIsDisplayed]
################################################################################################################################################
[ReportManager] Element Action [IsElementDisplayed] successfully performed. @11-09-2021 01:28:14.0931 AM
[ReportManager] Assertion Passed: Asserting that the Google logo is displayed @11-09-2021 01:28:14.0931 AM
[ReportManager] Assertion [ValidateTrue] PASSED. Expected [TRUE] and Actual [TRUE]. Validation Type [POSITIVE]. @11-09-2021 01:28:14.0931 A
[ReportManager] Successfully created attachment [Selenium WebDriver Logs - server] @11-09-2021 01:28:15.0018 AM
[ReportManager] Successfully created attachment [Selenium WebDriver Logs - performance] @11-09-2021 01:28:15.0070 AM
[ReportManager] Successfully created attachment [Selenium WebDriver Logs - driver] @11-09-2021 01:28:15.0148 AM
[ReportManager] Browser Action [CloseCurrentWindow] successfully performed. @11-09-2021 01:28:15.0208 AM
[ReportManager] Successfully created attachment [Browser Action Test Data - CloseCurrentWindow - Actual Value] @11-09-2021 01:28:15.0209 A
[ReportManager] File Action [GetAbsolutePath] successfully performed. With the following test data [Relative Folder Path: "target/downloadedFiles/"]. @11-09-2021 01:28:15.0213 AM
[ReportManager] Attempting to run remotely on: [Linux-64], [GoogleChrome], [http://localhost:4444/wd/hub], Headless Execution. @11-09-2021 01:28:15.0213 AM
[ReportManager] Successfully Opened [GoogleChrome]. @11-09-2021 01:28:15.0433 AM
[ReportManager] Target URL: [https://www.google.com/ncr], and after redirection: [https://www.google.com] @11-09-2021 01:28:15.0462 AM
[ReportManager] Initial URL: [data:,] @11-09-2021 01:28:15.0529 AM
[ReportManager] Browser Action [NavigateToURL] successfully performed. With the following test data [https://www.google.com/ncr]. @11-09-2021 01:28:16.0489 A

################################################################################################################################################
Starting Execution:	[6 out of 23] test cases in the current suite
Test Method:		[tests.gui.google.C_Search_PageObjectModel_Traditional.navigateToGoogleHomeAndAssertPageTitle]
################################################################################################################################################
[ReportManager] Browser Action [GetCurrentWindowTitle] successfully performed. With the following test data [Google]. @11-09-2021 01:28:16.0527 AM
[ReportManager] Assertion Passed: Asserting that the page title is Google @11-09-2021 01:28:16.0528 AM
[ReportManager] Assertion [ValidateEquals] PASSED. Expected [Google] and Actual [Google]. Comparison Type [EQUALS]. Validation Type [POSITIVE]. @11-09-2021 01:28:16.0528 A
[ReportManager] Successfully created attachment [Selenium WebDriver Logs - server] @11-09-2021 01:28:16.0605 AM
[ReportManager] Successfully created attachment [Selenium WebDriver Logs - performance] @11-09-2021 01:28:16.0644 AM
[ReportManager] Successfully created attachment [Selenium WebDriver Logs - driver] @11-09-2021 01:28:16.0727 AM
[ReportManager] Browser Action [CloseCurrentWindow] successfully performed. @11-09-2021 01:28:16.0787 AM
[ReportManager] Successfully created attachment [Browser Action Test Data - CloseCurrentWindow - Actual Value] @11-09-2021 01:28:16.0788 A
[ReportManager] File Action [GetAbsolutePath] successfully performed. With the following test data [Relative Folder Path: "target/downloadedFiles/"]. @11-09-2021 01:28:16.0790 AM
[ReportManager] Attempting to run remotely on: [Linux-64], [GoogleChrome], [http://localhost:4444/wd/hub], Headless Execution. @11-09-2021 01:28:16.0790 AM
[ReportManager] Successfully Opened [GoogleChrome]. @11-09-2021 01:28:17.0037 AM
[ReportManager] Target URL: [https://www.google.com/ncr], and after redirection: [https://www.google.com] @11-09-2021 01:28:17.0056 AM
[ReportManager] Initial URL: [data:,] @11-09-2021 01:28:17.0115 AM
[ReportManager] Browser Action [NavigateToURL] successfully performed. With the following test data [https://www.google.com/ncr]. @11-09-2021 01:28:18.0007 A

################################################################################################################################################
Starting Execution:	[7 out of 23] test cases in the current suite
Test Method:		[tests.gui.google.C_Search_PageObjectModel_Traditional.searchForQueryAndAssertFirstResultTextIsCorrect]
################################################################################################################################################
[ReportManager] Element Action [Type] successfully performed. With the following test data [SHAFT_Engine]. @11-09-2021 01:28:18.0675 AM
[ReportManager] Element Action [KeyPress] successfully performed. With the following test data [ENTER]. @11-09-2021 01:28:20.0144 AM
[ReportManager] Element Action [GetText] successfully performed. With the following test data [SHAFT_ENGINE is a Test Automation Engine that ... - GitHub]. @11-09-2021 01:28:20.0249 AM
[ReportManager] Assertion Failed: Asserting that the correct first result is displayed @11-09-2021 01:28:20.0250 AM
[ReportManager] Assertion [ValidateEquals] FAILED. Expected [MohabMohie] and Actual [SHAFT_ENGINE is a Test Automation Engine that ... - GitHub]. Comparison Type [CONTAINS]. Validation Type [POSITIVE]. @11-09-2021 01:28:20.0250 A
[ReportManager] Successfully created attachment [Selenium WebDriver Logs - server] @11-09-2021 01:28:20.0404 AM
[ReportManager] Successfully created attachment [Selenium WebDriver Logs - performance] @11-09-2021 01:28:20.0546 AM
[ReportManager] Successfully created attachment [Selenium WebDriver Logs - driver] @11-09-2021 01:28:20.0766 AM
[ReportManager] Browser Action [CloseCurrentWindow] successfully performed. @11-09-2021 01:28:20.0831 AM
[ReportManager] Successfully created attachment [Browser Action Test Data - CloseCurrentWindow - Actual Value] @11-09-2021 01:28:20.0834 A
[ReportManager] File Action [GetAbsolutePath] successfully performed. With the following test data [Relative Folder Path: "target/downloadedFiles/"]. @11-09-2021 01:28:20.0841 AM
[ReportManager] Attempting to run remotely on: [Linux-64], [GoogleChrome], [http://localhost:4444/wd/hub], Headless Execution. @11-09-2021 01:28:20.0841 AM
[ReportManager] Successfully Opened [GoogleChrome]. @11-09-2021 01:28:21.0093 AM
[ReportManager] Target URL: [https://www.google.com/ncr], and after redirection: [https://www.google.com] @11-09-2021 01:28:21.0115 AM
[ReportManager] Initial URL: [data:,] @11-09-2021 01:28:21.0169 AM
[ReportManager] Browser Action [NavigateToURL] successfully performed. With the following test data [https://www.google.com/ncr]. @11-09-2021 01:28:22.0059 A

################################################################################################################################################
Starting Execution:	[8 out of 23] test cases in the current suite
Test Method:		[tests.gui.google.B_Search_FlatTest_SHAFT.navigateToGoogleHomeAndAssertGoogleLogoIsDisplayed]
################################################################################################################################################
[ReportManager] File Action [DoesFileExist] successfully performed. With the following test data [File Path: "src/test/resources/DynamicObjectRepository/tests_gui_google_B_Search_FlatTest_SHAFT_navigateToGoogleHomeAndAssertGoogleLogoIsDisplayed_By_xpath_img_id_hplogo_or_alt_Google.png"]. @11-09-2021 01:28:22.0067 AM
[ReportManager] File Action [GetAbsolutePath] successfully performed. With the following test data [Relative Folder Path: "src/test/resources/DynamicObjectRepository/tests_gui_google_B_Search_FlatTest_SHAFT_navigateToGoogleHomeAndAssertGoogleLogoIsDisplayed_By_xpath_img_id_hplogo_or_alt_Google.png"]. @11-09-2021 01:28:22.0067 AM
[ReportManager] File Action [ReadFromImageFile] successfully performed. With the following test data [File Path: "/home/runner/work/using_SHAFT_ENGINE/using_SHAFT_ENGINE/src/test/resources/DynamicObjectRepository/tests_gui_google_B_Search_FlatTest_SHAFT_navigateToGoogleHomeAndAssertGoogleLogoIsDisplayed_By_xpath_img_id_hplogo_or_alt_Google.png"]. @11-09-2021 01:28:22.0067 AM
[ReportManager] File Action [DoesFileExist] successfully performed. With the following test data [File Path: "src/test/resources/DynamicObjectRepository/tests_gui_google_B_Search_FlatTest_SHAFT_navigateToGoogleHomeAndAssertGoogleLogoIsDisplayed_By_xpath_img_id_hplogo_or_alt_Google.png"]. @11-09-2021 01:28:22.0243 AM
[ReportManager] File Action [DoesFileExist] successfully performed. With the following test data [File Path: "src/test/resources/DynamicObjectRepository/tests_gui_google_B_Search_FlatTest_SHAFT_navigateToGoogleHomeAndAssertGoogleLogoIsDisplayed_By_xpath_img_id_hplogo_or_alt_Google.png"]. @11-09-2021 01:28:22.0243 AM
[ReportManager] Loaded Shared OpenCV @11-09-2021 01:28:22.0244 AM
[ReportManager] Successfully identified the element using AI; OpenCV. @11-09-2021 01:28:22.0247 AM
[ReportManager] Assertion Passed: Asserting that the Google logo is displayed @11-09-2021 01:28:22.0247 AM
[ReportManager] Successfully created attachment [Validation Test Data - Reference Screenshot] @11-09-2021 01:28:22.0247 AM
[ReportManager] Successfully created attachment [Validation Test Data - Actual Screenshot] @11-09-2021 01:28:22.0248 AM
[ReportManager] Assertion [ValidateElementMatches] PASSED. Expected [Element should match the reference screenshot] and Actual [TRUE]. Comparison Type [EXACT_OPENCV]. Validation Type [POSITIVE]. @11-09-2021 01:28:22.0248 A
[ReportManager] Successfully created attachment [Selenium WebDriver Logs - server] @11-09-2021 01:28:22.0339 AM
[ReportManager] Successfully created attachment [Selenium WebDriver Logs - performance] @11-09-2021 01:28:22.0367 AM
[ReportManager] Successfully created attachment [Selenium WebDriver Logs - driver] @11-09-2021 01:28:22.0447 AM
[ReportManager] Browser Action [CloseCurrentWindow] successfully performed. @11-09-2021 01:28:22.0506 AM
[ReportManager] Successfully created attachment [Browser Action Test Data - CloseCurrentWindow - Actual Value] @11-09-2021 01:28:22.0507 A
[ReportManager] File Action [GetAbsolutePath] successfully performed. With the following test data [Relative Folder Path: "target/downloadedFiles/"]. @11-09-2021 01:28:22.0509 AM
[ReportManager] Attempting to run remotely on: [Linux-64], [GoogleChrome], [http://localhost:4444/wd/hub], Headless Execution. @11-09-2021 01:28:22.0509 AM
[ReportManager] Successfully Opened [GoogleChrome]. @11-09-2021 01:28:22.0752 AM
[ReportManager] Target URL: [https://www.google.com/ncr], and after redirection: [https://www.google.com] @11-09-2021 01:28:22.0772 AM
[ReportManager] Initial URL: [data:,] @11-09-2021 01:28:22.0824 AM
[ReportManager] Browser Action [NavigateToURL] successfully performed. With the following test data [https://www.google.com/ncr]. @11-09-2021 01:28:23.0687 A

################################################################################################################################################
Starting Execution:	[9 out of 23] test cases in the current suite
Test Method:		[tests.gui.google.B_Search_FlatTest_SHAFT.navigateToGoogleHomeAndAssertPageTitle]
################################################################################################################################################
[ReportManager] Browser Action [GetCurrentWindowTitle] successfully performed. With the following test data [Google]. @11-09-2021 01:28:23.0738 AM
[ReportManager] Assertion Passed: Asserting that the page title is Google @11-09-2021 01:28:23.0864 AM
[ReportManager] Successfully created attachment [Screenshot - 1631323703808_navigateToGoogleHomeAndAssertPageTitle_ValidateBrowserAttribute_passed] @11-09-2021 01:28:23.0865 AM
[ReportManager] Assertion [ValidateBrowserAttribute] PASSED. Expected [Value Should be 'Google' for the 'Title' attribute] and Actual [Google]. Comparison Type [EQUALS]. Validation Type [POSITIVE]. @11-09-2021 01:28:23.0865 A
[ReportManager] Successfully created attachment [Selenium WebDriver Logs - server] @11-09-2021 01:28:23.0945 AM
[ReportManager] Successfully created attachment [Selenium WebDriver Logs - performance] @11-09-2021 01:28:23.0978 AM
[ReportManager] Successfully created attachment [Selenium WebDriver Logs - driver] @11-09-2021 01:28:24.0045 AM
[ReportManager] Browser Action [CloseCurrentWindow] successfully performed. @11-09-2021 01:28:24.0120 AM
[ReportManager] Successfully created attachment [Browser Action Test Data - CloseCurrentWindow - Actual Value] @11-09-2021 01:28:24.0121 A
[ReportManager] File Action [GetAbsolutePath] successfully performed. With the following test data [Relative Folder Path: "target/downloadedFiles/"]. @11-09-2021 01:28:24.0129 AM
[ReportManager] Attempting to run remotely on: [Linux-64], [GoogleChrome], [http://localhost:4444/wd/hub], Headless Execution. @11-09-2021 01:28:24.0130 AM
[ReportManager] Successfully Opened [GoogleChrome]. @11-09-2021 01:28:24.0418 AM
[ReportManager] Target URL: [https://www.google.com/ncr], and after redirection: [https://www.google.com] @11-09-2021 01:28:24.0429 AM
[ReportManager] Initial URL: [data:,] @11-09-2021 01:28:24.0479 AM
[ReportManager] Browser Action [NavigateToURL] successfully performed. With the following test data [https://www.google.com/ncr]. @11-09-2021 01:28:25.0373 A

################################################################################################################################################
Starting Execution:	[10 out of 23] test cases in the current suite
Test Method:		[tests.gui.google.B_Search_FlatTest_SHAFT.searchForQueryAndAssertFirstResultTextIsCorrect]
################################################################################################################################################
[ReportManager] Element Action [Type] successfully performed. With the following test data [SHAFT_Engine]. @11-09-2021 01:28:26.0013 AM
[ReportManager] Element Action [KeyPress] successfully performed. With the following test data [ENTER]. @11-09-2021 01:28:27.0606 AM
[ReportManager] Element Action [GetText] successfully performed. With the following test data [SHAFT_ENGINE is a Test Automation Engine that ... - GitHub]. @11-09-2021 01:28:27.0685 AM
[ReportManager] Loaded Shared OpenCV @11-09-2021 01:28:27.0844 AM
[ReportManager] Assertion Failed: Asserting that the correct first result is displayed @11-09-2021 01:28:27.0908 AM
[ReportManager] Successfully created attachment [Screenshot - 1631323707843_searchForQueryAndAssertFirstResultTextIsCorrect_ValidateElementAttribute_failed] @11-09-2021 01:28:27.0909 AM
[ReportManager] Assertion [ValidateElementAttribute] FAILED. Expected [Value Should be 'MohabMohie' for the 'Text' attribute, element locator 'By.xpath: (//h1[contains(text(),'Search Result')]/following-sibling::div//a/h3)[1]'] and Actual [SHAFT_ENGINE is a Test Automation Engine that ... - GitHub]. Comparison Type [CONTAINS]. Validation Type [POSITIVE]. @11-09-2021 01:28:27.0909 A
[ReportManager] Successfully created attachment [Selenium WebDriver Logs - server] @11-09-2021 01:28:28.0075 AM
[ReportManager] Successfully created attachment [Selenium WebDriver Logs - performance] @11-09-2021 01:28:28.0219 AM
[ReportManager] Successfully created attachment [Selenium WebDriver Logs - driver] @11-09-2021 01:28:28.0393 AM
[ReportManager] Browser Action [CloseCurrentWindow] successfully performed. @11-09-2021 01:28:28.0455 AM
[ReportManager] Successfully created attachment [Browser Action Test Data - CloseCurrentWindow - Actual Value] @11-09-2021 01:28:28.0456 A
[ReportManager] Successfully loaded the following test data file [src/test/resources/TestDataFiles/Google/SimpleSearch.xlsx]. @11-09-2021 01:28:28.0491 AM
[ReportManager] Successfully created attachment [Test Data - Excel] @11-09-2021 01:28:28.0491 A
[ReportManager] File Action [GetAbsolutePath] successfully performed. With the following test data [Relative Folder Path: "target/downloadedFiles/"]. @11-09-2021 01:28:28.0492 AM
[ReportManager] Attempting to run remotely on: [Linux-64], [GoogleChrome], [http://localhost:4444/wd/hub], Headless Execution. @11-09-2021 01:28:28.0492 AM
[ReportManager] Successfully Opened [GoogleChrome]. @11-09-2021 01:28:28.0724 AM
[ReportManager] Target URL: [https://www.google.com/ncr], and after redirection: [https://www.google.com] @11-09-2021 01:28:28.0741 AM
[ReportManager] Initial URL: [data:,] @11-09-2021 01:28:28.0787 AM
[ReportManager] Browser Action [NavigateToURL] successfully performed. With the following test data [https://www.google.com/ncr]. @11-09-2021 01:28:29.0633 A

################################################################################################################################################
Starting Execution:	[11 out of 23] test cases in the current suite
Test Method:		[tests.gui.google.G_Search_PageObjectModel_ThreadSafe.navigateToGoogleHomeAndAssertGoogleLogoIsDisplayed]
################################################################################################################################################
[ReportManager] File Action [DoesFileExist] successfully performed. With the following test data [File Path: "src/test/resources/DynamicObjectRepository/tests_gui_google_G_Search_PageObjectModel_ThreadSafe_navigateToGoogleHomeAndAssertGoogleLogoIsDisplayed_By_xpath_img_id_hplogo_or_alt_Google.png"]. @11-09-2021 01:28:29.0640 AM
[ReportManager] File Action [GetAbsolutePath] successfully performed. With the following test data [Relative Folder Path: "src/test/resources/DynamicObjectRepository/tests_gui_google_G_Search_PageObjectModel_ThreadSafe_navigateToGoogleHomeAndAssertGoogleLogoIsDisplayed_By_xpath_img_id_hplogo_or_alt_Google.png"]. @11-09-2021 01:28:29.0641 AM
[ReportManager] File Action [ReadFromImageFile] successfully performed. With the following test data [File Path: "/home/runner/work/using_SHAFT_ENGINE/using_SHAFT_ENGINE/src/test/resources/DynamicObjectRepository/tests_gui_google_G_Search_PageObjectModel_ThreadSafe_navigateToGoogleHomeAndAssertGoogleLogoIsDisplayed_By_xpath_img_id_hplogo_or_alt_Google.png"]. @11-09-2021 01:28:29.0641 AM
[ReportManager] File Action [DoesFileExist] successfully performed. With the following test data [File Path: "src/test/resources/DynamicObjectRepository/tests_gui_google_G_Search_PageObjectModel_ThreadSafe_navigateToGoogleHomeAndAssertGoogleLogoIsDisplayed_By_xpath_img_id_hplogo_or_alt_Google.png"]. @11-09-2021 01:28:29.0843 AM
[ReportManager] File Action [DoesFileExist] successfully performed. With the following test data [File Path: "src/test/resources/DynamicObjectRepository/tests_gui_google_G_Search_PageObjectModel_ThreadSafe_navigateToGoogleHomeAndAssertGoogleLogoIsDisplayed_By_xpath_img_id_hplogo_or_alt_Google.png"]. @11-09-2021 01:28:29.0844 AM
[ReportManager] Loaded Shared OpenCV @11-09-2021 01:28:29.0844 AM
[ReportManager] Successfully identified the element using AI; OpenCV. @11-09-2021 01:28:29.0847 AM
[ReportManager] Assertion Passed: Asserting that the Google logo is displayed @11-09-2021 01:28:29.0847 AM
[ReportManager] Successfully created attachment [Validation Test Data - Reference Screenshot] @11-09-2021 01:28:29.0848 AM
[ReportManager] Successfully created attachment [Validation Test Data - Actual Screenshot] @11-09-2021 01:28:29.0848 AM
[ReportManager] Assertion [ValidateElementMatches] PASSED. Expected [Element should match the reference screenshot] and Actual [TRUE]. Comparison Type [EXACT_OPENCV]. Validation Type [POSITIVE]. @11-09-2021 01:28:29.0848 A
[ReportManager] Successfully created attachment [Selenium WebDriver Logs - server] @11-09-2021 01:28:29.0950 AM
[ReportManager] Successfully created attachment [Selenium WebDriver Logs - performance] @11-09-2021 01:28:29.0979 AM
[ReportManager] Successfully created attachment [Selenium WebDriver Logs - driver] @11-09-2021 01:28:30.0051 AM
[ReportManager] Browser Action [CloseCurrentWindow] successfully performed. @11-09-2021 01:28:30.0112 AM
[ReportManager] Successfully created attachment [Browser Action Test Data - CloseCurrentWindow - Actual Value] @11-09-2021 01:28:30.0115 A
[ReportManager] File Action [GetAbsolutePath] successfully performed. With the following test data [Relative Folder Path: "target/downloadedFiles/"]. @11-09-2021 01:28:30.0120 AM
[ReportManager] Attempting to run remotely on: [Linux-64], [GoogleChrome], [http://localhost:4444/wd/hub], Headless Execution. @11-09-2021 01:28:30.0120 AM
[ReportManager] Successfully Opened [GoogleChrome]. @11-09-2021 01:28:30.0369 AM
[ReportManager] Target URL: [https://www.google.com/ncr], and after redirection: [https://www.google.com] @11-09-2021 01:28:30.0382 AM
[ReportManager] Initial URL: [data:,] @11-09-2021 01:28:30.0430 AM
[ReportManager] Browser Action [NavigateToURL] successfully performed. With the following test data [https://www.google.com/ncr]. @11-09-2021 01:28:31.0245 A

################################################################################################################################################
Starting Execution:	[12 out of 23] test cases in the current suite
Test Method:		[tests.gui.google.G_Search_PageObjectModel_ThreadSafe.navigateToGoogleHomeAndAssertPageTitle]
################################################################################################################################################
[ReportManager] Browser Action [GetCurrentWindowTitle] successfully performed. With the following test data [Google]. @11-09-2021 01:28:31.0282 AM
[ReportManager] Assertion Passed: Asserting that the page title is Google @11-09-2021 01:28:31.0388 AM
[ReportManager] Successfully created attachment [Screenshot - 1631323711355_navigateToGoogleHomeAndAssertPageTitle_ValidateBrowserAttribute_passed] @11-09-2021 01:28:31.0396 AM
[ReportManager] Assertion [ValidateBrowserAttribute] PASSED. Expected [Value Should be 'Google' for the 'Title' attribute] and Actual [Google]. Comparison Type [EQUALS]. Validation Type [POSITIVE]. @11-09-2021 01:28:31.0396 A
[ReportManager] Successfully created attachment [Selenium WebDriver Logs - server] @11-09-2021 01:28:31.0469 AM
[ReportManager] Successfully created attachment [Selenium WebDriver Logs - performance] @11-09-2021 01:28:31.0499 AM
[ReportManager] Successfully created attachment [Selenium WebDriver Logs - driver] @11-09-2021 01:28:31.0555 AM
[ReportManager] Browser Action [CloseCurrentWindow] successfully performed. @11-09-2021 01:28:31.0611 AM
[ReportManager] Successfully created attachment [Browser Action Test Data - CloseCurrentWindow - Actual Value] @11-09-2021 01:28:31.0612 A
[ReportManager] File Action [GetAbsolutePath] successfully performed. With the following test data [Relative Folder Path: "target/downloadedFiles/"]. @11-09-2021 01:28:31.0614 AM
[ReportManager] Attempting to run remotely on: [Linux-64], [GoogleChrome], [http://localhost:4444/wd/hub], Headless Execution. @11-09-2021 01:28:31.0614 AM
[ReportManager] Successfully Opened [GoogleChrome]. @11-09-2021 01:28:31.0848 AM
[ReportManager] Target URL: [https://www.google.com/ncr], and after redirection: [https://www.google.com] @11-09-2021 01:28:31.0865 AM
[ReportManager] Initial URL: [data:,] @11-09-2021 01:28:31.0905 AM
[ReportManager] Browser Action [NavigateToURL] successfully performed. With the following test data [https://www.google.com/ncr]. @11-09-2021 01:28:34.0975 A

################################################################################################################################################
Starting Execution:	[13 out of 23] test cases in the current suite
Test Method:		[tests.gui.google.G_Search_PageObjectModel_ThreadSafe.searchForQueryAndAssertFirstResultTextIsCorrect]
################################################################################################################################################
[ReportManager] Element Action [Type] successfully performed. With the following test data [SHAFT_Engine]. @11-09-2021 01:28:35.0593 AM
[ReportManager] Element Action [KeyPress] successfully performed. With the following test data [ENTER]. @11-09-2021 01:28:37.0189 AM
[ReportManager] Element Action [GetText] successfully performed. With the following test data [SHAFT_ENGINE is a Test Automation Engine that ... - GitHub]. @11-09-2021 01:28:37.0279 AM
[ReportManager] Loaded Shared OpenCV @11-09-2021 01:28:37.0441 AM
[ReportManager] Assertion Failed: Asserting that the correct first result is displayed @11-09-2021 01:28:37.0494 AM
[ReportManager] Successfully created attachment [Screenshot - 1631323717441_searchForQueryAndAssertFirstResultTextIsCorrect_ValidateElementAttribute_failed] @11-09-2021 01:28:37.0496 AM
[ReportManager] Assertion [ValidateElementAttribute] FAILED. Expected [Value Should be 'MohabMohie' for the 'Text' attribute, element locator 'By.xpath: (//h1[contains(text(),'Search Result')]/following-sibling::div//a/h3)[1]'] and Actual [SHAFT_ENGINE is a Test Automation Engine that ... - GitHub]. Comparison Type [CONTAINS]. Validation Type [POSITIVE]. @11-09-2021 01:28:37.0496 A
[ReportManager] Successfully created attachment [Selenium WebDriver Logs - server] @11-09-2021 01:28:37.0665 AM
[ReportManager] Successfully created attachment [Selenium WebDriver Logs - performance] @11-09-2021 01:28:37.0821 AM
[ReportManager] Successfully created attachment [Selenium WebDriver Logs - driver] @11-09-2021 01:28:38.0024 AM
[ReportManager] Browser Action [CloseCurrentWindow] successfully performed. @11-09-2021 01:28:38.0086 AM
[ReportManager] Successfully created attachment [Browser Action Test Data - CloseCurrentWindow - Actual Value] @11-09-2021 01:28:38.0088 A



################################################################################################################################################
Starting Execution:	[14 out of 23] test cases in the current suite
Test Method:		[tests.gui.google.A_Search_FlatTest_NativeSeleniumWebDriver.navigateToGoogleHomeAndAssertGoogleLogoIsDisplayed]
###############################################################################################################################################



################################################################################################################################################
Starting Execution:	[15 out of 23] test cases in the current suite
Test Method:		[tests.gui.google.A_Search_FlatTest_NativeSeleniumWebDriver.navigateToGoogleHomeAndAssertPageTitle]
###############################################################################################################################################



################################################################################################################################################
Starting Execution:	[16 out of 23] test cases in the current suite
Test Method:		[tests.gui.google.A_Search_FlatTest_NativeSeleniumWebDriver.searchForQueryAndAssertFirstResultTextIsCorrect]
###############################################################################################################################################

[ReportManager] Successfully loaded the following test data file [src/test/resources/TestDataFiles/Google/SimpleSearch.xlsx]. @11-09-2021 01:28:45.0851 AM
[ReportManager] Successfully created attachment [Test Data - Excel] @11-09-2021 01:28:45.0851 A
[ReportManager] File Action [GetAbsolutePath] successfully performed. With the following test data [Relative Folder Path: "target/downloadedFiles/"]. @11-09-2021 01:28:45.0854 AM
[ReportManager] Attempting to run remotely on: [Linux-64], [GoogleChrome], [http://localhost:4444/wd/hub], Headless Execution. @11-09-2021 01:28:45.0854 AM
[ReportManager] Successfully Opened [GoogleChrome]. @11-09-2021 01:28:46.0063 AM
[ReportManager] Target URL: [https://www.google.com/ncr], and after redirection: [https://www.google.com] @11-09-2021 01:28:46.0081 AM
[ReportManager] Initial URL: [data:,] @11-09-2021 01:28:46.0136 AM
[ReportManager] Browser Action [NavigateToURL] successfully performed. With the following test data [https://www.google.com/ncr]. @11-09-2021 01:28:46.0983 A

################################################################################################################################################
Starting Execution:	[17 out of 23] test cases in the current suite
Test Method:		[tests.gui.google.E_Search_PageObjectModel_Traditional_SHAFTAssertions.navigateToGoogleHomeAndAssertGoogleLogoIsDisplayed]
################################################################################################################################################
[ReportManager] File Action [DoesFileExist] successfully performed. With the following test data [File Path: "src/test/resources/DynamicObjectRepository/tests_gui_google_E_Search_PageObjectModel_Traditional_SHAFTAssertions_navigateToGoogleHomeAndAssertGoogleLogoIsDisplayed_By_xpath_img_id_hplogo_or_alt_Google.png"]. @11-09-2021 01:28:46.0986 AM
[ReportManager] File Action [GetAbsolutePath] successfully performed. With the following test data [Relative Folder Path: "src/test/resources/DynamicObjectRepository/tests_gui_google_E_Search_PageObjectModel_Traditional_SHAFTAssertions_navigateToGoogleHomeAndAssertGoogleLogoIsDisplayed_By_xpath_img_id_hplogo_or_alt_Google.png"]. @11-09-2021 01:28:46.0986 AM
[ReportManager] File Action [ReadFromImageFile] successfully performed. With the following test data [File Path: "/home/runner/work/using_SHAFT_ENGINE/using_SHAFT_ENGINE/src/test/resources/DynamicObjectRepository/tests_gui_google_E_Search_PageObjectModel_Traditional_SHAFTAssertions_navigateToGoogleHomeAndAssertGoogleLogoIsDisplayed_By_xpath_img_id_hplogo_or_alt_Google.png"]. @11-09-2021 01:28:46.0986 AM
[ReportManager] File Action [DoesFileExist] successfully performed. With the following test data [File Path: "src/test/resources/DynamicObjectRepository/tests_gui_google_E_Search_PageObjectModel_Traditional_SHAFTAssertions_navigateToGoogleHomeAndAssertGoogleLogoIsDisplayed_By_xpath_img_id_hplogo_or_alt_Google.png"]. @11-09-2021 01:28:47.0177 AM
[ReportManager] File Action [DoesFileExist] successfully performed. With the following test data [File Path: "src/test/resources/DynamicObjectRepository/tests_gui_google_E_Search_PageObjectModel_Traditional_SHAFTAssertions_navigateToGoogleHomeAndAssertGoogleLogoIsDisplayed_By_xpath_img_id_hplogo_or_alt_Google.png"]. @11-09-2021 01:28:47.0177 AM
[ReportManager] Loaded Shared OpenCV @11-09-2021 01:28:47.0177 AM
[ReportManager] Successfully identified the element using AI; OpenCV. @11-09-2021 01:28:47.0180 AM
[ReportManager] Assertion Passed: Asserting that the Google logo is displayed @11-09-2021 01:28:47.0181 AM
[ReportManager] Successfully created attachment [Validation Test Data - Reference Screenshot] @11-09-2021 01:28:47.0181 AM
[ReportManager] Successfully created attachment [Validation Test Data - Actual Screenshot] @11-09-2021 01:28:47.0181 AM
[ReportManager] Assertion [ValidateElementMatches] PASSED. Expected [Element should match the reference screenshot] and Actual [TRUE]. Comparison Type [EXACT_OPENCV]. Validation Type [POSITIVE]. @11-09-2021 01:28:47.0181 A
[ReportManager] Successfully created attachment [Selenium WebDriver Logs - server] @11-09-2021 01:28:47.0261 AM
[ReportManager] Successfully created attachment [Selenium WebDriver Logs - performance] @11-09-2021 01:28:47.0290 AM
[ReportManager] Successfully created attachment [Selenium WebDriver Logs - driver] @11-09-2021 01:28:47.0361 AM
[ReportManager] Browser Action [CloseCurrentWindow] successfully performed. @11-09-2021 01:28:47.0421 AM
[ReportManager] Successfully created attachment [Browser Action Test Data - CloseCurrentWindow - Actual Value] @11-09-2021 01:28:47.0422 A
[ReportManager] File Action [GetAbsolutePath] successfully performed. With the following test data [Relative Folder Path: "target/downloadedFiles/"]. @11-09-2021 01:28:47.0426 AM
[ReportManager] Attempting to run remotely on: [Linux-64], [GoogleChrome], [http://localhost:4444/wd/hub], Headless Execution. @11-09-2021 01:28:47.0427 AM
[ReportManager] Successfully Opened [GoogleChrome]. @11-09-2021 01:28:47.0628 AM
[ReportManager] Target URL: [https://www.google.com/ncr], and after redirection: [https://www.google.com] @11-09-2021 01:28:47.0643 AM
[ReportManager] Initial URL: [data:,] @11-09-2021 01:28:47.0698 AM
[ReportManager] Browser Action [NavigateToURL] successfully performed. With the following test data [https://www.google.com/ncr]. @11-09-2021 01:28:48.0570 A

################################################################################################################################################
Starting Execution:	[18 out of 23] test cases in the current suite
Test Method:		[tests.gui.google.E_Search_PageObjectModel_Traditional_SHAFTAssertions.navigateToGoogleHomeAndAssertPageTitle]
################################################################################################################################################
[ReportManager] Browser Action [GetCurrentWindowTitle] successfully performed. With the following test data [Google]. @11-09-2021 01:28:48.0600 AM
[ReportManager] Assertion Passed: Asserting that the page title is Google @11-09-2021 01:28:48.0708 AM
[ReportManager] Successfully created attachment [Screenshot - 1631323728671_navigateToGoogleHomeAndAssertPageTitle_ValidateBrowserAttribute_passed] @11-09-2021 01:28:48.0709 AM
[ReportManager] Assertion [ValidateBrowserAttribute] PASSED. Expected [Value Should be 'Google' for the 'Title' attribute] and Actual [Google]. Comparison Type [EQUALS]. Validation Type [POSITIVE]. @11-09-2021 01:28:48.0709 A
[ReportManager] Successfully created attachment [Selenium WebDriver Logs - server] @11-09-2021 01:28:48.0786 AM
[ReportManager] Successfully created attachment [Selenium WebDriver Logs - performance] @11-09-2021 01:28:48.0821 AM
[ReportManager] Successfully created attachment [Selenium WebDriver Logs - driver] @11-09-2021 01:28:48.0887 AM
[ReportManager] Browser Action [CloseCurrentWindow] successfully performed. @11-09-2021 01:28:48.0947 AM
[ReportManager] Successfully created attachment [Browser Action Test Data - CloseCurrentWindow - Actual Value] @11-09-2021 01:28:48.0948 A
[ReportManager] File Action [GetAbsolutePath] successfully performed. With the following test data [Relative Folder Path: "target/downloadedFiles/"]. @11-09-2021 01:28:48.0951 AM
[ReportManager] Attempting to run remotely on: [Linux-64], [GoogleChrome], [http://localhost:4444/wd/hub], Headless Execution. @11-09-2021 01:28:48.0951 AM
[ReportManager] Successfully Opened [GoogleChrome]. @11-09-2021 01:28:49.0235 AM
[ReportManager] Target URL: [https://www.google.com/ncr], and after redirection: [https://www.google.com] @11-09-2021 01:28:49.0249 AM
[ReportManager] Initial URL: [data:,] @11-09-2021 01:28:49.0288 AM
[ReportManager] Browser Action [NavigateToURL] successfully performed. With the following test data [https://www.google.com/ncr]. @11-09-2021 01:28:50.0169 A

################################################################################################################################################
Starting Execution:	[19 out of 23] test cases in the current suite
Test Method:		[tests.gui.google.E_Search_PageObjectModel_Traditional_SHAFTAssertions.searchForQueryAndAssertFirstResultTextIsCorrect]
################################################################################################################################################
[ReportManager] Element Action [Type] successfully performed. With the following test data [SHAFT_Engine]. @11-09-2021 01:28:50.0779 AM
[ReportManager] Element Action [KeyPress] successfully performed. With the following test data [ENTER]. @11-09-2021 01:28:52.0318 AM
[ReportManager] Element Action [GetText] successfully performed. With the following test data [SHAFT_ENGINE is a Test Automation Engine that ... - GitHub]. @11-09-2021 01:28:52.0406 AM
[ReportManager] Loaded Shared OpenCV @11-09-2021 01:28:52.0558 AM
[ReportManager] Assertion Failed: Asserting that the correct first result is displayed @11-09-2021 01:28:52.0621 AM
[ReportManager] Successfully created attachment [Screenshot - 1631323732558_searchForQueryAndAssertFirstResultTextIsCorrect_ValidateElementAttribute_failed] @11-09-2021 01:28:52.0622 AM
[ReportManager] Assertion [ValidateElementAttribute] FAILED. Expected [Value Should be 'MohabMohie' for the 'Text' attribute, element locator 'By.xpath: (//h1[contains(text(),'Search Result')]/following-sibling::div//a/h3)[1]'] and Actual [SHAFT_ENGINE is a Test Automation Engine that ... - GitHub]. Comparison Type [CONTAINS]. Validation Type [POSITIVE]. @11-09-2021 01:28:52.0622 A
[ReportManager] Successfully created attachment [Selenium WebDriver Logs - server] @11-09-2021 01:28:52.0771 AM
[ReportManager] Successfully created attachment [Selenium WebDriver Logs - performance] @11-09-2021 01:28:52.0894 AM
[ReportManager] Successfully created attachment [Selenium WebDriver Logs - driver] @11-09-2021 01:28:53.0093 AM
[ReportManager] Browser Action [CloseCurrentWindow] successfully performed. @11-09-2021 01:28:53.0153 AM
[ReportManager] Successfully created attachment [Browser Action Test Data - CloseCurrentWindow - Actual Value] @11-09-2021 01:28:53.0155 A
[ReportManager] Successfully loaded the following test data file [src/test/resources/TestDataFiles/Google/SimpleSearch.xlsx]. @11-09-2021 01:28:53.0187 AM
[ReportManager] Successfully created attachment [Test Data - Excel] @11-09-2021 01:28:53.0187 A
[ReportManager] File Action [GetAbsolutePath] successfully performed. With the following test data [Relative Folder Path: "target/downloadedFiles/"]. @11-09-2021 01:28:53.0188 AM
[ReportManager] Attempting to run remotely on: [Linux-64], [GoogleChrome], [http://localhost:4444/wd/hub], Headless Execution. @11-09-2021 01:28:53.0188 AM
[ReportManager] Successfully Opened [GoogleChrome]. @11-09-2021 01:28:53.0410 AM
[ReportManager] Target URL: [https://www.google.com/ncr], and after redirection: [https://www.google.com] @11-09-2021 01:28:53.0425 AM
[ReportManager] Initial URL: [data:,] @11-09-2021 01:28:53.0491 AM
[ReportManager] Browser Action [NavigateToURL] successfully performed. With the following test data [https://www.google.com/ncr]. @11-09-2021 01:28:54.0327 A

################################################################################################################################################
Starting Execution:	[20 out of 23] test cases in the current suite
Test Method:		[tests.gui.google.D_Search_PageObjectModel_Traditional_DataDriven.navigateToGoogleHomeAndAssertGoogleLogoIsDisplayed]
################################################################################################################################################
[ReportManager] Element Action [IsElementDisplayed] successfully performed. @11-09-2021 01:28:54.0421 AM
[ReportManager] Assertion Passed: Asserting that the Google logo is displayed @11-09-2021 01:28:54.0421 AM
[ReportManager] Assertion [ValidateTrue] PASSED. Expected [TRUE] and Actual [TRUE]. Validation Type [POSITIVE]. @11-09-2021 01:28:54.0421 A
[ReportManager] Successfully created attachment [Selenium WebDriver Logs - server] @11-09-2021 01:28:54.0488 AM
[ReportManager] Successfully created attachment [Selenium WebDriver Logs - performance] @11-09-2021 01:28:54.0515 AM
[ReportManager] Successfully created attachment [Selenium WebDriver Logs - driver] @11-09-2021 01:28:54.0574 AM
[ReportManager] Browser Action [CloseCurrentWindow] successfully performed. @11-09-2021 01:28:54.0632 AM
[ReportManager] Successfully created attachment [Browser Action Test Data - CloseCurrentWindow - Actual Value] @11-09-2021 01:28:54.0632 A
[ReportManager] File Action [GetAbsolutePath] successfully performed. With the following test data [Relative Folder Path: "target/downloadedFiles/"]. @11-09-2021 01:28:54.0634 AM
[ReportManager] Attempting to run remotely on: [Linux-64], [GoogleChrome], [http://localhost:4444/wd/hub], Headless Execution. @11-09-2021 01:28:54.0635 AM
[ReportManager] Successfully Opened [GoogleChrome]. @11-09-2021 01:28:54.0852 AM
[ReportManager] Target URL: [https://www.google.com/ncr], and after redirection: [https://www.google.com] @11-09-2021 01:28:54.0871 AM
[ReportManager] Initial URL: [data:,] @11-09-2021 01:28:54.0915 AM
[ReportManager] Browser Action [NavigateToURL] successfully performed. With the following test data [https://www.google.com/ncr]. @11-09-2021 01:28:55.0753 A

################################################################################################################################################
Starting Execution:	[21 out of 23] test cases in the current suite
Test Method:		[tests.gui.google.D_Search_PageObjectModel_Traditional_DataDriven.navigateToGoogleHomeAndAssertPageTitle]
################################################################################################################################################
[ReportManager] Browser Action [GetCurrentWindowTitle] successfully performed. With the following test data [Google]. @11-09-2021 01:28:55.0785 AM
[ReportManager] Assertion Passed: Asserting that the page title is Google @11-09-2021 01:28:55.0785 AM
[ReportManager] Assertion [ValidateEquals] PASSED. Expected [Google] and Actual [Google]. Comparison Type [EQUALS]. Validation Type [POSITIVE]. @11-09-2021 01:28:55.0785 A
[ReportManager] Successfully created attachment [Selenium WebDriver Logs - server] @11-09-2021 01:28:55.0858 AM
[ReportManager] Successfully created attachment [Selenium WebDriver Logs - performance] @11-09-2021 01:28:55.0886 AM
[ReportManager] Successfully created attachment [Selenium WebDriver Logs - driver] @11-09-2021 01:28:55.0960 AM
[ReportManager] Browser Action [CloseCurrentWindow] successfully performed. @11-09-2021 01:28:56.0017 AM
[ReportManager] Successfully created attachment [Browser Action Test Data - CloseCurrentWindow - Actual Value] @11-09-2021 01:28:56.0018 A
[ReportManager] File Action [GetAbsolutePath] successfully performed. With the following test data [Relative Folder Path: "target/downloadedFiles/"]. @11-09-2021 01:28:56.0020 AM
[ReportManager] Attempting to run remotely on: [Linux-64], [GoogleChrome], [http://localhost:4444/wd/hub], Headless Execution. @11-09-2021 01:28:56.0020 AM
[ReportManager] Successfully Opened [GoogleChrome]. @11-09-2021 01:28:56.0228 AM
[ReportManager] Target URL: [https://www.google.com/ncr], and after redirection: [https://www.google.com] @11-09-2021 01:28:56.0239 AM
[ReportManager] Initial URL: [data:,] @11-09-2021 01:28:56.0277 AM
[ReportManager] Browser Action [NavigateToURL] successfully performed. With the following test data [https://www.google.com/ncr]. @11-09-2021 01:28:57.0094 A

################################################################################################################################################
Starting Execution:	[22 out of 23] test cases in the current suite
Test Method:		[tests.gui.google.D_Search_PageObjectModel_Traditional_DataDriven.searchForQueryAndAssertFirstResultTextIsCorrect]
################################################################################################################################################
[ReportManager] Element Action [Type] successfully performed. With the following test data [SHAFT_Engine]. @11-09-2021 01:28:57.0648 AM
[ReportManager] Element Action [KeyPress] successfully performed. With the following test data [ENTER]. @11-09-2021 01:28:59.0390 AM
[ReportManager] Element Action [GetText] successfully performed. With the following test data [SHAFT_ENGINE is a Test Automation Engine that ... - GitHub]. @11-09-2021 01:28:59.0484 AM
[ReportManager] Assertion Failed: Asserting that the correct first result is displayed @11-09-2021 01:28:59.0485 AM
[ReportManager] Assertion [ValidateEquals] FAILED. Expected [MohabMohie] and Actual [SHAFT_ENGINE is a Test Automation Engine that ... - GitHub]. Comparison Type [CONTAINS]. Validation Type [POSITIVE]. @11-09-2021 01:28:59.0485 A
[ReportManager] Successfully created attachment [Selenium WebDriver Logs - server] @11-09-2021 01:28:59.0645 AM
[ReportManager] Successfully created attachment [Selenium WebDriver Logs - performance] @11-09-2021 01:28:59.0768 AM
[ReportManager] Successfully created attachment [Selenium WebDriver Logs - driver] @11-09-2021 01:28:59.0946 AM
[ReportManager] Browser Action [CloseCurrentWindow] successfully performed. @11-09-2021 01:29:00.0006 AM
[ReportManager] Successfully created attachment [Browser Action Test Data - CloseCurrentWindow - Actual Value] @11-09-2021 01:29:00.0007 A

################################################################################################################################################
Starting Execution:	[23 out of 23] test cases in the current suite
Test Method:		[tests.cli.demo.cliTest.sampleTestCase]
################################################################################################################################################
[ReportManager] Attempting to perform the following command locally. Command: [ls] @11-09-2021 01:29:00.0022 AM
[ReportManager] Terminal Action [PerformTerminalCommands] successfully performed. With the following test data [Host Name: "localHost" | Command: "ls" | Exit Status: "0"]. @11-09-2021 01:29:00.0027 AM
[ReportManager] Successfully created attachment [Terminal Action Actual Result - Command Log] @11-09-2021 01:29:00.0027 AM
[ReportManager] Assertion Passed: Demoing local terminal actions @11-09-2021 01:29:00.0027 AM
[ReportManager] Assertion [ValidateEquals] PASSED. Expected [pom.xml] and Actual [LICENSE
README.md
allure-results
docker-compose_native.yml
docker-compose_zalenium.yml
extent-reports
pom.xml
src
target]. Comparison Type [CONTAINS]. Validation Type [POSITIVE]. @11-09-2021 01:29:00.0027 A

################################################################################################################################################
Test Closure Activities
################################################################################################################################################
[ReportManager] Successfully created attachment [SHAFT Engine Logs - Execution log] @11-09-2021 01:29:00.0043 AM

################################################################################################################################################
This test run was powered by SHAFT Engine Version: [SHAFT Engine v5.3.20210902]
SHAFT Engine is licensed under the MIT License: [https://github.com/MohabMohie/SHAFT_ENGINE/blob/master/LICENSE].
################################################################################################################################################