################################################################################################################################################
Detected SHAFT Engine Version: [SHAFT Engine v6.1.20220113]
################################################################################################################################################
[ReportManager] File Action [GetAbsolutePath] successfully performed. With the following test data [Relative Folder Path: "target/downloadedFiles/"]. @16-03-2022 17:57:05.0540 PM
[ReportManager] Attempting to run remotely on: [Linux-64], [GoogleChrome], [http://localhost:4444/wd/hub], Headless Execution. @16-03-2022 17:57:05.0553 PM
[ReportManager] Successfully Opened [GoogleChrome]. @16-03-2022 17:57:07.0534 PM
[ReportManager] Target URL: [https://www.google.com/ncr], and after redirection: [https://www.google.com] @16-03-2022 17:57:07.0545 PM
[ReportManager] Initial URL: [data:,] @16-03-2022 17:57:07.0675 PM
[ReportManager] Browser Action [NavigateToURL] successfully performed. With the following test data [https://www.google.com/ncr]. @16-03-2022 17:57:09.0130 P

################################################################################################################################################
Starting Execution:	[1 out of 23] test cases in the current suite
Test Method:		[tests.gui.google.C_Search_PageObjectModel_Traditional.navigateToGoogleHomeAndAssertGoogleLogoIsDisplayed]
################################################################################################################################################
[ReportManager] Element Action [IsElementDisplayed] successfully performed. @16-03-2022 17:57:09.0463 PM
[ReportManager] Assertion Passed: Asserting that the Google logo is displayed @16-03-2022 17:57:09.0476 PM
[ReportManager] Assertion [ValidateTrue] PASSED. Expected [TRUE] and Actual [TRUE]. Validation Type [POSITIVE]. @16-03-2022 17:57:09.0476 P
[ReportManager] Browser Action [CloseCurrentWindow] successfully performed. @16-03-2022 17:57:09.0667 PM
[ReportManager] Successfully created attachment [Browser Action Test Data - CloseCurrentWindow - Actual Value] @16-03-2022 17:57:09.0688 P
[ReportManager] File Action [GetAbsolutePath] successfully performed. With the following test data [Relative Folder Path: "target/downloadedFiles/"]. @16-03-2022 17:57:09.0708 PM
[ReportManager] Attempting to run remotely on: [Linux-64], [GoogleChrome], [http://localhost:4444/wd/hub], Headless Execution. @16-03-2022 17:57:09.0712 PM
[ReportManager] Successfully Opened [GoogleChrome]. @16-03-2022 17:57:10.0082 PM
[ReportManager] Target URL: [https://www.google.com/ncr], and after redirection: [https://www.google.com] @16-03-2022 17:57:10.0082 PM
[ReportManager] Initial URL: [data:,] @16-03-2022 17:57:10.0189 PM
[ReportManager] Browser Action [NavigateToURL] successfully performed. With the following test data [https://www.google.com/ncr]. @16-03-2022 17:57:11.0328 P

################################################################################################################################################
Starting Execution:	[2 out of 23] test cases in the current suite
Test Method:		[tests.gui.google.C_Search_PageObjectModel_Traditional.navigateToGoogleHomeAndAssertPageTitle]
################################################################################################################################################
[ReportManager] Browser Action [GetCurrentWindowTitle] successfully performed. With the following test data [Google]. @16-03-2022 17:57:11.0383 PM
[ReportManager] Assertion Passed: Asserting that the page title is Google @16-03-2022 17:57:11.0388 PM
[ReportManager] Assertion [ValidateEquals] PASSED. Expected [Google] and Actual [Google]. Comparison Type [EQUALS]. Validation Type [POSITIVE]. @16-03-2022 17:57:11.0388 P
[ReportManager] Browser Action [CloseCurrentWindow] successfully performed. @16-03-2022 17:57:11.0541 PM
[ReportManager] Successfully created attachment [Browser Action Test Data - CloseCurrentWindow - Actual Value] @16-03-2022 17:57:11.0543 P
[ReportManager] File Action [GetAbsolutePath] successfully performed. With the following test data [Relative Folder Path: "target/downloadedFiles/"]. @16-03-2022 17:57:11.0551 PM
[ReportManager] Attempting to run remotely on: [Linux-64], [GoogleChrome], [http://localhost:4444/wd/hub], Headless Execution. @16-03-2022 17:57:11.0551 PM
[ReportManager] Successfully Opened [GoogleChrome]. @16-03-2022 17:57:11.0898 PM
[ReportManager] Target URL: [https://www.google.com/ncr], and after redirection: [https://www.google.com] @16-03-2022 17:57:11.0898 PM
[ReportManager] Initial URL: [data:,] @16-03-2022 17:57:11.0971 PM
[ReportManager] Browser Action [NavigateToURL] successfully performed. With the following test data [https://www.google.com/ncr]. @16-03-2022 17:57:13.0104 P

################################################################################################################################################
Starting Execution:	[3 out of 23] test cases in the current suite
Test Method:		[tests.gui.google.C_Search_PageObjectModel_Traditional.searchForQueryAndAssertFirstResultTextIsCorrect]
################################################################################################################################################
[ReportManager] Element Action [Type] successfully performed. With the following test data [SHAFT_Engine]. @16-03-2022 17:57:13.0959 PM
[ReportManager] Element Action [KeyPress] successfully performed. With the following test data [ENTER]. @16-03-2022 17:57:15.0085 PM
[ReportManager] Element Action [GetText] successfully performed. With the following test data [SHAFT_ENGINE is a Test Automation Engine that ... - GitHub]. @16-03-2022 17:57:15.0260 PM
[ReportManager] Assertion Failed: Asserting that the correct first result is displayed @16-03-2022 17:57:15.0263 PM
[ReportManager] Assertion [ValidateEquals] FAILED. Expected [MohabMohie] and Actual [SHAFT_ENGINE is a Test Automation Engine that ... - GitHub]. Comparison Type [CONTAINS]. Validation Type [POSITIVE]. @16-03-2022 17:57:15.0263 P
[ReportManager] Browser Action [CloseCurrentWindow] successfully performed. @16-03-2022 17:57:15.0565 PM
[ReportManager] Successfully created attachment [Browser Action Test Data - CloseCurrentWindow - Actual Value] @16-03-2022 17:57:15.0574 P
[ReportManager] An Exception Occured with this Message: src/test/resources/testDataFiles/Google/SimpleSearch.xlsx (No such file or directory). @16-03-2022 17:57:15.0597 PM
[ReportManager] Successfully created attachment [Exception Stack Trace - java.io.FileNotFoundException] @16-03-2022 17:57:15.0597 PM
[ReportManager] Couldn't find the desired file. [src/test/resources/testDataFiles/Google/SimpleSearch.xlsx]. @16-03-2022 17:57:15.0598 P


################################################################################################################################################
Starting Execution:	[4 out of 23] test cases in the current suite
Test Method:		[tests.gui.google.D_Search_PageObjectModel_Traditional_DataDriven.navigateToGoogleHomeAndAssertGoogleLogoIsDisplayed]
###############################################################################################################################################



################################################################################################################################################
Starting Execution:	[5 out of 23] test cases in the current suite
Test Method:		[tests.gui.google.D_Search_PageObjectModel_Traditional_DataDriven.navigateToGoogleHomeAndAssertPageTitle]
###############################################################################################################################################



################################################################################################################################################
Starting Execution:	[6 out of 23] test cases in the current suite
Test Method:		[tests.gui.google.D_Search_PageObjectModel_Traditional_DataDriven.searchForQueryAndAssertFirstResultTextIsCorrect]
###############################################################################################################################################




################################################################################################################################################
Starting Execution:	[7 out of 23] test cases in the current suite
Test Method:		[tests.gui.google.A_Search_FlatTest_NativeSeleniumWebDriver.navigateToGoogleHomeAndAssertGoogleLogoIsDisplayed]
###############################################################################################################################################



################################################################################################################################################
Starting Execution:	[8 out of 23] test cases in the current suite
Test Method:		[tests.gui.google.A_Search_FlatTest_NativeSeleniumWebDriver.navigateToGoogleHomeAndAssertPageTitle]
###############################################################################################################################################



################################################################################################################################################
Starting Execution:	[9 out of 23] test cases in the current suite
Test Method:		[tests.gui.google.A_Search_FlatTest_NativeSeleniumWebDriver.searchForQueryAndAssertFirstResultTextIsCorrect]
###############################################################################################################################################

[ReportManager] An Exception Occured with this Message: src/test/resources/testDataFiles/Google/SimpleSearch.xlsx (No such file or directory). @16-03-2022 17:57:34.0481 PM
[ReportManager] Successfully created attachment [Exception Stack Trace - java.io.FileNotFoundException] @16-03-2022 17:57:34.0481 PM
[ReportManager] Couldn't find the desired file. [src/test/resources/testDataFiles/Google/SimpleSearch.xlsx]. @16-03-2022 17:57:34.0481 P


################################################################################################################################################
Starting Execution:	[10 out of 23] test cases in the current suite
Test Method:		[tests.gui.google.G_Search_PageObjectModel_ThreadSafe.navigateToGoogleHomeAndAssertGoogleLogoIsDisplayed]
###############################################################################################################################################



################################################################################################################################################
Starting Execution:	[11 out of 23] test cases in the current suite
Test Method:		[tests.gui.google.G_Search_PageObjectModel_ThreadSafe.navigateToGoogleHomeAndAssertPageTitle]
###############################################################################################################################################



################################################################################################################################################
Starting Execution:	[12 out of 23] test cases in the current suite
Test Method:		[tests.gui.google.G_Search_PageObjectModel_ThreadSafe.searchForQueryAndAssertFirstResultTextIsCorrect]
###############################################################################################################################################

[ReportManager] An Exception Occured with this Message: src/test/resources/testDataFiles/Google/SimpleSearch.xlsx (No such file or directory). @16-03-2022 17:57:34.0512 PM
[ReportManager] Successfully created attachment [Exception Stack Trace - java.io.FileNotFoundException] @16-03-2022 17:57:34.0512 PM
[ReportManager] Couldn't find the desired file. [src/test/resources/testDataFiles/Google/SimpleSearch.xlsx]. @16-03-2022 17:57:34.0512 P


################################################################################################################################################
Starting Execution:	[13 out of 23] test cases in the current suite
Test Method:		[tests.gui.google.E_Search_PageObjectModel_Traditional_SHAFTAssertions.navigateToGoogleHomeAndAssertGoogleLogoIsDisplayed]
###############################################################################################################################################



################################################################################################################################################
Starting Execution:	[14 out of 23] test cases in the current suite
Test Method:		[tests.gui.google.E_Search_PageObjectModel_Traditional_SHAFTAssertions.navigateToGoogleHomeAndAssertPageTitle]
###############################################################################################################################################



################################################################################################################################################
Starting Execution:	[15 out of 23] test cases in the current suite
Test Method:		[tests.gui.google.E_Search_PageObjectModel_Traditional_SHAFTAssertions.searchForQueryAndAssertFirstResultTextIsCorrect]
###############################################################################################################################################

[ReportManager] An Exception Occured with this Message: src/test/resources/testDataFiles/Google/SimpleSearch.xlsx (No such file or directory). @16-03-2022 17:57:34.0564 PM
[ReportManager] Successfully created attachment [Exception Stack Trace - java.io.FileNotFoundException] @16-03-2022 17:57:34.0565 PM
[ReportManager] Couldn't find the desired file. [src/test/resources/testDataFiles/Google/SimpleSearch.xlsx]. @16-03-2022 17:57:34.0565 P


################################################################################################################################################
Starting Execution:	[16 out of 23] test cases in the current suite
Test Method:		[tests.gui.google.F_Search_PageObjectModel_Fluent.navigateToGoogleHomeAndAssertGoogleLogoIsDisplayed]
###############################################################################################################################################



################################################################################################################################################
Starting Execution:	[17 out of 23] test cases in the current suite
Test Method:		[tests.gui.google.F_Search_PageObjectModel_Fluent.navigateToGoogleHomeAndAssertPageTitle]
###############################################################################################################################################



################################################################################################################################################
Starting Execution:	[18 out of 23] test cases in the current suite
Test Method:		[tests.gui.google.F_Search_PageObjectModel_Fluent.searchForQueryAndAssertFirstResultTextIsCorrect]
###############################################################################################################################################

[ReportManager] File Action [GetAbsolutePath] successfully performed. With the following test data [Relative Folder Path: "target/downloadedFiles/"]. @16-03-2022 17:57:34.0611 PM
[ReportManager] Attempting to run remotely on: [Linux-64], [GoogleChrome], [http://localhost:4444/wd/hub], Headless Execution. @16-03-2022 17:57:34.0612 PM
[ReportManager] Successfully Opened [GoogleChrome]. @16-03-2022 17:57:34.0987 PM
[ReportManager] Target URL: [https://www.google.com/ncr], and after redirection: [https://www.google.com] @16-03-2022 17:57:34.0987 PM
[ReportManager] Initial URL: [data:,] @16-03-2022 17:57:35.0072 PM
[ReportManager] Browser Action [NavigateToURL] successfully performed. With the following test data [https://www.google.com/ncr]. @16-03-2022 17:57:37.0373 P

################################################################################################################################################
Starting Execution:	[19 out of 23] test cases in the current suite
Test Method:		[tests.gui.google.B_Search_FlatTest_SHAFT.navigateToGoogleHomeAndAssertGoogleLogoIsDisplayed]
################################################################################################################################################
[ReportManager] File Action [DoesFileExist] successfully performed. With the following test data [File Path: "src/main/resources/dynamicObjectRepository/tests_gui_google_B_Search_FlatTest_SHAFT_navigateToGoogleHomeAndAssertGoogleLogoIsDisplayed_By_xpath_img_id_hplogo_or_alt_Google.png"]. @16-03-2022 17:57:37.0379 PM
[ReportManager] File Action [GetAbsolutePath] successfully performed. With the following test data [Relative Folder Path: "src/main/resources/dynamicObjectRepository/tests_gui_google_B_Search_FlatTest_SHAFT_navigateToGoogleHomeAndAssertGoogleLogoIsDisplayed_By_xpath_img_id_hplogo_or_alt_Google.png"]. @16-03-2022 17:57:37.0379 PM
[ReportManager] File Action [ReadFromImageFile] successfully performed. With the following test data [File Path: "/home/runner/work/using_SHAFT_ENGINE/using_SHAFT_ENGINE/src/main/resources/dynamicObjectRepository/tests_gui_google_B_Search_FlatTest_SHAFT_navigateToGoogleHomeAndAssertGoogleLogoIsDisplayed_By_xpath_img_id_hplogo_or_alt_Google.png"]. @16-03-2022 17:57:37.0380 PM
[ReportManager] File Action [DoesFileExist] successfully performed. With the following test data [File Path: "src/main/resources/dynamicObjectRepository/tests_gui_google_B_Search_FlatTest_SHAFT_navigateToGoogleHomeAndAssertGoogleLogoIsDisplayed_By_xpath_img_id_hplogo_or_alt_Google.png"]. @16-03-2022 17:57:37.0709 PM
[ReportManager] File Action [DoesFileExist] successfully performed. With the following test data [File Path: "src/main/resources/dynamicObjectRepository/tests_gui_google_B_Search_FlatTest_SHAFT_navigateToGoogleHomeAndAssertGoogleLogoIsDisplayed_By_xpath_img_id_hplogo_or_alt_Google.png"]. @16-03-2022 17:57:37.0709 PM
[ReportManager] File Action [GetAbsolutePath] successfully performed. With the following test data [Relative Folder Path: "src/main/resources/dynamicObjectRepository/tests_gui_google_B_Search_FlatTest_SHAFT_navigateToGoogleHomeAndAssertGoogleLogoIsDisplayed_By_xpath_img_id_hplogo_or_alt_Google.png"]. @16-03-2022 17:57:37.0732 PM
[ReportManager] File Action [ReadFromImageFile] successfully performed. With the following test data [File Path: "/home/runner/work/using_SHAFT_ENGINE/using_SHAFT_ENGINE/src/main/resources/dynamicObjectRepository/tests_gui_google_B_Search_FlatTest_SHAFT_navigateToGoogleHomeAndAssertGoogleLogoIsDisplayed_By_xpath_img_id_hplogo_or_alt_Google.png"]. @16-03-2022 17:57:37.0733 PM
[ReportManager] Accuracy threshold is [80.0%] and the actual match accuracy is [10.7122503221035%]. @16-03-2022 17:57:37.0739 PM
[ReportManager] File Action [GetAbsolutePath] successfully performed. With the following test data [Relative Folder Path: "src/main/resources/dynamicObjectRepository/tests_gui_google_B_Search_FlatTest_SHAFT_navigateToGoogleHomeAndAssertGoogleLogoIsDisplayed_By_xpath_img_id_hplogo_or_alt_Google.png"]. @16-03-2022 17:57:37.0745 PM
[ReportManager] File Action [ReadFromImageFile] successfully performed. With the following test data [File Path: "/home/runner/work/using_SHAFT_ENGINE/using_SHAFT_ENGINE/src/main/resources/dynamicObjectRepository/tests_gui_google_B_Search_FlatTest_SHAFT_navigateToGoogleHomeAndAssertGoogleLogoIsDisplayed_By_xpath_img_id_hplogo_or_alt_Google.png"]. @16-03-2022 17:57:37.0745 PM
[ReportManager] Accuracy threshold is [70.0%] and the actual match accuracy is [0.0%]. @16-03-2022 17:57:37.0749 PM
[ReportManager] File Action [GetAbsolutePath] successfully performed. With the following test data [Relative Folder Path: "src/main/resources/dynamicObjectRepository/tests_gui_google_B_Search_FlatTest_SHAFT_navigateToGoogleHomeAndAssertGoogleLogoIsDisplayed_By_xpath_img_id_hplogo_or_alt_Google.png"]. @16-03-2022 17:57:37.0758 PM
[ReportManager] File Action [ReadFromImageFile] successfully performed. With the following test data [File Path: "/home/runner/work/using_SHAFT_ENGINE/using_SHAFT_ENGINE/src/main/resources/dynamicObjectRepository/tests_gui_google_B_Search_FlatTest_SHAFT_navigateToGoogleHomeAndAssertGoogleLogoIsDisplayed_By_xpath_img_id_hplogo_or_alt_Google.png"]. @16-03-2022 17:57:37.0758 PM
[ReportManager] Accuracy threshold is [60.0%] and the actual match accuracy is [16.07392579317093%]. @16-03-2022 17:57:37.0762 PM
[ReportManager] Assertion Failed: Asserting that the Google logo is displayed @16-03-2022 17:57:37.0762 PM
[ReportManager] Successfully created attachment [Validation Test Data - Reference Screenshot] @16-03-2022 17:57:37.0763 PM
[ReportManager] Successfully created attachment [Validation Test Data - Actual Screenshot] @16-03-2022 17:57:37.0764 PM
[ReportManager] Assertion [ValidateElementMatches] FAILED. Expected [Element should match the reference screenshot] and Actual [FALSE]. Comparison Type [EXACT_OPENCV]. Validation Type [POSITIVE]. @16-03-2022 17:57:37.0764 P
[ReportManager] Browser Action [CloseCurrentWindow] successfully performed. @16-03-2022 17:57:37.0961 PM
[ReportManager] Successfully created attachment [Browser Action Test Data - CloseCurrentWindow - Actual Value] @16-03-2022 17:57:37.0962 P
[ReportManager] File Action [GetAbsolutePath] successfully performed. With the following test data [Relative Folder Path: "target/downloadedFiles/"]. @16-03-2022 17:57:37.0969 PM
[ReportManager] Attempting to run remotely on: [Linux-64], [GoogleChrome], [http://localhost:4444/wd/hub], Headless Execution. @16-03-2022 17:57:37.0969 PM
[ReportManager] Successfully Opened [GoogleChrome]. @16-03-2022 17:57:38.0182 PM
[ReportManager] Target URL: [https://www.google.com/ncr], and after redirection: [https://www.google.com] @16-03-2022 17:57:38.0182 PM
[ReportManager] Initial URL: [data:,] @16-03-2022 17:57:38.0271 PM
[ReportManager] Browser Action [NavigateToURL] successfully performed. With the following test data [https://www.google.com/ncr]. @16-03-2022 17:57:39.0644 P

################################################################################################################################################
Starting Execution:	[20 out of 23] test cases in the current suite
Test Method:		[tests.gui.google.B_Search_FlatTest_SHAFT.navigateToGoogleHomeAndAssertPageTitle]
################################################################################################################################################
[ReportManager] Browser Action [GetCurrentWindowTitle] successfully performed. With the following test data [Google]. @16-03-2022 17:57:39.0704 PM
[ReportManager] Assertion Passed: Asserting that the page title is Google @16-03-2022 17:57:40.0352 PM
[ReportManager] Successfully created attachment [Screenshot - 1647453459956_navigateToGoogleHomeAndAssertPageTitle_ValidateBrowserAttribute_passed] @16-03-2022 17:57:40.0362 PM
[ReportManager] Assertion [ValidateBrowserAttribute] PASSED. Expected [Value Should be 'Google' for the 'Title' attribute] and Actual [Google]. Comparison Type [EQUALS]. Validation Type [POSITIVE]. @16-03-2022 17:57:40.0363 P
[ReportManager] Browser Action [CloseCurrentWindow] successfully performed. @16-03-2022 17:57:40.0522 PM
[ReportManager] Successfully created attachment [Browser Action Test Data - CloseCurrentWindow - Actual Value] @16-03-2022 17:57:40.0523 P
[ReportManager] File Action [GetAbsolutePath] successfully performed. With the following test data [Relative Folder Path: "target/downloadedFiles/"]. @16-03-2022 17:57:40.0525 PM
[ReportManager] Attempting to run remotely on: [Linux-64], [GoogleChrome], [http://localhost:4444/wd/hub], Headless Execution. @16-03-2022 17:57:40.0525 PM
[ReportManager] Successfully Opened [GoogleChrome]. @16-03-2022 17:57:40.0753 PM
[ReportManager] Target URL: [https://www.google.com/ncr], and after redirection: [https://www.google.com] @16-03-2022 17:57:40.0753 PM
[ReportManager] Initial URL: [data:,] @16-03-2022 17:57:40.0835 PM
[ReportManager] Browser Action [NavigateToURL] successfully performed. With the following test data [https://www.google.com/ncr]. @16-03-2022 17:57:42.0040 P

################################################################################################################################################
Starting Execution:	[21 out of 23] test cases in the current suite
Test Method:		[tests.gui.google.B_Search_FlatTest_SHAFT.searchForQueryAndAssertFirstResultTextIsCorrect]
################################################################################################################################################
[ReportManager] Element Action [Type] successfully performed. With the following test data [SHAFT_Engine]. @16-03-2022 17:57:42.0875 PM
[ReportManager] Element Action [KeyPress] successfully performed. With the following test data [ENTER]. @16-03-2022 17:57:43.0624 PM
[ReportManager] Element Action [GetText] successfully performed. With the following test data [SHAFT_ENGINE is a Test Automation Engine that ... - GitHub]. @16-03-2022 17:57:43.0933 PM
[ReportManager] Assertion Failed: Asserting that the correct first result is displayed @16-03-2022 17:57:44.0806 PM
[ReportManager] Successfully created attachment [Screenshot - 1647453464662_searchForQueryAndAssertFirstResultTextIsCorrect_ValidateElementAttribute_failed] @16-03-2022 17:57:44.0813 PM
[ReportManager] Assertion [ValidateElementAttribute] FAILED. Expected [Value Should be 'MohabMohie' for the 'Text' attribute, element locator 'By.xpath: (//h1[contains(text(),'Search Result')]/following-sibling::div//a/h3)[1]'] and Actual [SHAFT_ENGINE is a Test Automation Engine that ... - GitHub]. Comparison Type [CONTAINS]. Validation Type [POSITIVE]. @16-03-2022 17:57:44.0813 P
[ReportManager] Browser Action [CloseCurrentWindow] successfully performed. @16-03-2022 17:57:45.0014 PM
[ReportManager] Successfully created attachment [Browser Action Test Data - CloseCurrentWindow - Actual Value] @16-03-2022 17:57:45.0018 P

################################################################################################################################################
Starting Execution:	[22 out of 23] test cases in the current suite
Test Method:		[tests.cli.demo.cliTest.sampleTestCase]
################################################################################################################################################
[ReportManager] Attempting to perform the following command locally. Command: [ls] @16-03-2022 17:57:45.0035 PM
[ReportManager] Terminal Action [PerformTerminalCommands] successfully performed. With the following test data [Host Name: "localHost" | Command: "ls" | Exit Status: "0"]. @16-03-2022 17:57:45.0043 PM
[ReportManager] Successfully created attachment [Terminal Action Actual Result - Command Log] @16-03-2022 17:57:45.0043 PM
[ReportManager] Assertion Passed: Demoing local terminal actions @16-03-2022 17:57:45.0043 PM
[ReportManager] Assertion [ValidateEquals] PASSED. Expected [pom.xml] and Actual [LICENSE
README.md
allure-results
docker-compose_native.yml
docker-compose_zalenium.yml
extent-reports
generateJdkMac.sh
pom.xml
readMeImgs
src
target]. Comparison Type [CONTAINS]. Validation Type [POSITIVE]. @16-03-2022 17:57:45.0044 P

################################################################################################################################################
Starting Execution:	[23 out of 23] test cases in the current suite
Test Method:		[tests.api.users.UserData.validateUserEmail]
################################################################################################################################################
[ReportManager] Response status code: [200], status line: [HTTP/1.1 200 OK] @16-03-2022 17:57:47.0001 PM
[ReportManager] Assertion Passed: Evaluating the actual response status code against the expected one... @16-03-2022 17:57:47.0007 PM
[ReportManager] Assertion [ValidateComparativeRelation] PASSED. Expected [200] and Actual [200]. Comparison Type [EQUALS]. Validation Type [POSITIVE]. @16-03-2022 17:57:47.0007 PM
[ReportManager] API Action [PerformRequest] successfully performed. With the following test data [Request Type: "GET" | Target Status Code: "200" | Service URL: "https://jsonplaceholder.typicode.com/users" | Content Type: "*/*" | Response Time: "741ms"]. @16-03-2022 17:57:48.0053 PM
[ReportManager] Successfully created attachment [API Request - Specifications] @16-03-2022 17:57:48.0054 PM
[ReportManager] Successfully created attachment [API Response - JSON Body] @16-03-2022 17:57:48.0421 PM
[ReportManager] Assertion [ValidateEquals] PASSED. Expected and Actual values are attached. Comparison Type [CONTAINS]. Validation Type [POSITIVE]. @16-03-2022 17:57:48.0421 PM
[ReportManager] Successfully created attachment [Validation Test Data - Expected Value] @16-03-2022 17:57:48.0422 PM
[ReportManager] Successfully created attachment [Validation Test Data - Actual Value] @16-03-2022 17:57:48.0422 PM
[ReportManager] API Action [GetResponseJSONValueAsList] successfully performed. With the following test data [$]. @16-03-2022 17:57:48.0444 PM
[ReportManager] API Action [GetResponseJSONValue] successfully performed. With the following test data [name]. @16-03-2022 17:57:48.0490 PM
[ReportManager] API Action [GetResponseJSONValue] successfully performed. With the following test data [email]. @16-03-2022 17:57:48.0516 PM
[ReportManager] Assertion [ValidateEquals] PASSED. Expected [Sincere@april.biz] and Actual [Sincere@april.biz]. Comparison Type [EQUALS]. Validation Type [POSITIVE]. @16-03-2022 17:57:48.0516 PM
[ReportManager] API Action [GetResponseJSONValue] successfully performed. With the following test data [name]. @16-03-2022 17:57:48.0530 PM
[ReportManager] API Action [GetResponseJSONValue] successfully performed. With the following test data [name]. @16-03-2022 17:57:48.0543 PM
[ReportManager] API Action [GetResponseJSONValue] successfully performed. With the following test data [name]. @16-03-2022 17:57:48.0564 PM
[ReportManager] API Action [GetResponseJSONValue] successfully performed. With the following test data [name]. @16-03-2022 17:57:48.0589 PM
[ReportManager] API Action [GetResponseJSONValue] successfully performed. With the following test data [name]. @16-03-2022 17:57:48.0606 PM
[ReportManager] API Action [GetResponseJSONValue] successfully performed. With the following test data [name]. @16-03-2022 17:57:48.0622 PM
[ReportManager] API Action [GetResponseJSONValue] successfully performed. With the following test data [name]. @16-03-2022 17:57:48.0640 PM
[ReportManager] API Action [GetResponseJSONValue] successfully performed. With the following test data [name]. @16-03-2022 17:57:48.0658 PM
[ReportManager] API Action [GetResponseJSONValue] successfully performed. With the following test data [name]. @16-03-2022 17:57:48.0672 P
[ReportManager] Successfully created attachment [SHAFT Engine Logs - Execution log] @16-03-2022 17:57:48.0702 PM

################################################################################################################################################
This test run was powered by SHAFT Engine Version: [SHAFT Engine v6.1.20220113]
SHAFT Engine is licensed under the MIT License: [https://github.com/MohabMohie/SHAFT_ENGINE/blob/master/LICENSE].
################################################################################################################################################