################################################################################################################################################
Detected SHAFT Engine Version: [SHAFT Engine v5.4.20211202-BETA]
################################################################################################################################################
[ReportManager] File Action [GetAbsolutePath] successfully performed. With the following test data [Relative Folder Path: "target/downloadedFiles/"]. @18-12-2021 18:37:32.0639 PM
[ReportManager] Attempting to run remotely on: [Linux-64], [GoogleChrome], [http://localhost:4444/wd/hub], Headless Execution. @18-12-2021 18:37:32.0653 PM
[ReportManager] Successfully Opened [GoogleChrome]. @18-12-2021 18:37:34.0522 PM
[ReportManager] Target URL: [https://www.google.com/ncr], and after redirection: [https://www.google.com] @18-12-2021 18:37:34.0532 PM
[ReportManager] Initial URL: [data:,] @18-12-2021 18:37:34.0649 PM
[ReportManager] Browser Action [NavigateToURL] successfully performed. With the following test data [https://www.google.com/ncr]. @18-12-2021 18:37:35.0931 P

################################################################################################################################################
Starting Execution:	[1 out of 23] test cases in the current suite
Test Method:		[tests.gui.google.B_Search_FlatTest_SHAFT.navigateToGoogleHomeAndAssertGoogleLogoIsDisplayed]
################################################################################################################################################
[ReportManager] File Action [DoesFileExist] successfully performed. With the following test data [File Path: "src/main/resources/dynamicObjectRepository/tests_gui_google_B_Search_FlatTest_SHAFT_navigateToGoogleHomeAndAssertGoogleLogoIsDisplayed_By_xpath_img_id_hplogo_or_alt_Google.png"]. @18-12-2021 18:37:36.0054 PM
[ReportManager] File Action [GetAbsolutePath] successfully performed. With the following test data [Relative Folder Path: "src/main/resources/dynamicObjectRepository/tests_gui_google_B_Search_FlatTest_SHAFT_navigateToGoogleHomeAndAssertGoogleLogoIsDisplayed_By_xpath_img_id_hplogo_or_alt_Google.png"]. @18-12-2021 18:37:36.0054 PM
[ReportManager] File Action [ReadFromImageFile] successfully performed. With the following test data [File Path: "/home/runner/work/using_SHAFT_ENGINE/using_SHAFT_ENGINE/src/main/resources/dynamicObjectRepository/tests_gui_google_B_Search_FlatTest_SHAFT_navigateToGoogleHomeAndAssertGoogleLogoIsDisplayed_By_xpath_img_id_hplogo_or_alt_Google.png"]. @18-12-2021 18:37:36.0054 PM
[ReportManager] File Action [DoesFileExist] successfully performed. With the following test data [File Path: "src/main/resources/dynamicObjectRepository/tests_gui_google_B_Search_FlatTest_SHAFT_navigateToGoogleHomeAndAssertGoogleLogoIsDisplayed_By_xpath_img_id_hplogo_or_alt_Google.png"]. @18-12-2021 18:37:36.0336 PM
[ReportManager] File Action [DoesFileExist] successfully performed. With the following test data [File Path: "src/main/resources/dynamicObjectRepository/tests_gui_google_B_Search_FlatTest_SHAFT_navigateToGoogleHomeAndAssertGoogleLogoIsDisplayed_By_xpath_img_id_hplogo_or_alt_Google.png"]. @18-12-2021 18:37:36.0337 PM
[ReportManager] Loaded Shared OpenCV @18-12-2021 18:37:36.0757 PM
[ReportManager] Successfully identified the element using AI; OpenCV. @18-12-2021 18:37:36.0795 PM
[ReportManager] Assertion Passed: Asserting that the Google logo is displayed @18-12-2021 18:37:36.0797 PM
[ReportManager] Successfully created attachment [Validation Test Data - Reference Screenshot] @18-12-2021 18:37:36.0807 PM
[ReportManager] Successfully created attachment [Validation Test Data - Actual Screenshot] @18-12-2021 18:37:36.0807 PM
[ReportManager] Assertion [ValidateElementMatches] PASSED. Expected [Element should match the reference screenshot] and Actual [TRUE]. Comparison Type [EXACT_OPENCV]. Validation Type [POSITIVE]. @18-12-2021 18:37:36.0807 P
[ReportManager] Browser Action [CloseCurrentWindow] successfully performed. @18-12-2021 18:37:37.0007 PM
[ReportManager] Successfully created attachment [Browser Action Test Data - CloseCurrentWindow - Actual Value] @18-12-2021 18:37:37.0010 P
[ReportManager] File Action [GetAbsolutePath] successfully performed. With the following test data [Relative Folder Path: "target/downloadedFiles/"]. @18-12-2021 18:37:37.0023 PM
[ReportManager] Attempting to run remotely on: [Linux-64], [GoogleChrome], [http://localhost:4444/wd/hub], Headless Execution. @18-12-2021 18:37:37.0023 PM
[ReportManager] Successfully Opened [GoogleChrome]. @18-12-2021 18:37:37.0429 PM
[ReportManager] Target URL: [https://www.google.com/ncr], and after redirection: [https://www.google.com] @18-12-2021 18:37:37.0429 PM
[ReportManager] Initial URL: [data:,] @18-12-2021 18:37:37.0536 PM
[ReportManager] Browser Action [NavigateToURL] successfully performed. With the following test data [https://www.google.com/ncr]. @18-12-2021 18:37:38.0503 P

################################################################################################################################################
Starting Execution:	[2 out of 23] test cases in the current suite
Test Method:		[tests.gui.google.B_Search_FlatTest_SHAFT.navigateToGoogleHomeAndAssertPageTitle]
################################################################################################################################################
[ReportManager] Browser Action [GetCurrentWindowTitle] successfully performed. With the following test data [Google]. @18-12-2021 18:37:38.0584 PM
[ReportManager] Assertion Passed: Asserting that the page title is Google @18-12-2021 18:37:39.0166 PM
[ReportManager] Successfully created attachment [Screenshot - 1639852658794_navigateToGoogleHomeAndAssertPageTitle_ValidateBrowserAttribute_passed] @18-12-2021 18:37:39.0183 PM
[ReportManager] Assertion [ValidateBrowserAttribute] PASSED. Expected [Value Should be 'Google' for the 'Title' attribute] and Actual [Google]. Comparison Type [EQUALS]. Validation Type [POSITIVE]. @18-12-2021 18:37:39.0184 P
[ReportManager] Browser Action [CloseCurrentWindow] successfully performed. @18-12-2021 18:37:39.0329 PM
[ReportManager] Successfully created attachment [Browser Action Test Data - CloseCurrentWindow - Actual Value] @18-12-2021 18:37:39.0333 P
[ReportManager] File Action [GetAbsolutePath] successfully performed. With the following test data [Relative Folder Path: "target/downloadedFiles/"]. @18-12-2021 18:37:39.0337 PM
[ReportManager] Attempting to run remotely on: [Linux-64], [GoogleChrome], [http://localhost:4444/wd/hub], Headless Execution. @18-12-2021 18:37:39.0337 PM
[ReportManager] Successfully Opened [GoogleChrome]. @18-12-2021 18:37:39.0712 PM
[ReportManager] Target URL: [https://www.google.com/ncr], and after redirection: [https://www.google.com] @18-12-2021 18:37:39.0712 PM
[ReportManager] Initial URL: [data:,] @18-12-2021 18:37:39.0808 PM
[ReportManager] Browser Action [NavigateToURL] successfully performed. With the following test data [https://www.google.com/ncr]. @18-12-2021 18:37:40.0721 P

################################################################################################################################################
Starting Execution:	[3 out of 23] test cases in the current suite
Test Method:		[tests.gui.google.B_Search_FlatTest_SHAFT.searchForQueryAndAssertFirstResultTextIsCorrect]
################################################################################################################################################
[ReportManager] Element Action [Type] successfully performed. With the following test data [SHAFT_Engine]. @18-12-2021 18:37:41.0172 PM
[ReportManager] Element Action [KeyPress] successfully performed. With the following test data [ENTER]. @18-12-2021 18:37:42.0654 PM
[ReportManager] Element Action [GetText] successfully performed. With the following test data [SHAFT: Unified Test Automation Engine - GitHub]. @18-12-2021 18:37:42.0801 PM
[ReportManager] Loaded Shared OpenCV @18-12-2021 18:37:43.0166 PM
[ReportManager] Assertion Failed: Asserting that the correct first result is displayed @18-12-2021 18:37:43.0410 PM
[ReportManager] Successfully created attachment [Screenshot - 1639852663166_searchForQueryAndAssertFirstResultTextIsCorrect_ValidateElementAttribute_failed] @18-12-2021 18:37:43.0418 PM
[ReportManager] Assertion [ValidateElementAttribute] FAILED. Expected [Value Should be 'MohabMohie' for the 'Text' attribute, element locator 'By.xpath: (//h1[contains(text(),'Search Result')]/following-sibling::div//a/h3)[1]'] and Actual [SHAFT: Unified Test Automation Engine - GitHub]. Comparison Type [CONTAINS]. Validation Type [POSITIVE]. @18-12-2021 18:37:43.0419 P
[ReportManager] Browser Action [CloseCurrentWindow] successfully performed. @18-12-2021 18:37:43.0808 PM
[ReportManager] Successfully created attachment [Browser Action Test Data - CloseCurrentWindow - Actual Value] @18-12-2021 18:37:43.0829 P
[ReportManager] An Exception Occured with this Message: src/test/resources/testDataFiles/Google/SimpleSearch.xlsx (No such file or directory). @18-12-2021 18:37:43.0857 PM
[ReportManager] Successfully created attachment [Exception Stack Trace - java.io.FileNotFoundException] @18-12-2021 18:37:43.0858 PM
[ReportManager] Couldn't find the desired file. [src/test/resources/testDataFiles/Google/SimpleSearch.xlsx]. @18-12-2021 18:37:43.0859 P


################################################################################################################################################
Starting Execution:	[4 out of 23] test cases in the current suite
Test Method:		[tests.gui.google.G_Search_PageObjectModel_ThreadSafe.navigateToGoogleHomeAndAssertGoogleLogoIsDisplayed]
###############################################################################################################################################



################################################################################################################################################
Starting Execution:	[5 out of 23] test cases in the current suite
Test Method:		[tests.gui.google.G_Search_PageObjectModel_ThreadSafe.navigateToGoogleHomeAndAssertPageTitle]
###############################################################################################################################################



################################################################################################################################################
Starting Execution:	[6 out of 23] test cases in the current suite
Test Method:		[tests.gui.google.G_Search_PageObjectModel_ThreadSafe.searchForQueryAndAssertFirstResultTextIsCorrect]
###############################################################################################################################################

[ReportManager] File Action [GetAbsolutePath] successfully performed. With the following test data [Relative Folder Path: "target/downloadedFiles/"]. @18-12-2021 18:37:43.0903 PM
[ReportManager] Attempting to run remotely on: [Linux-64], [GoogleChrome], [http://localhost:4444/wd/hub], Headless Execution. @18-12-2021 18:37:43.0903 PM
[ReportManager] Successfully Opened [GoogleChrome]. @18-12-2021 18:37:44.0446 PM
[ReportManager] Target URL: [https://www.google.com/ncr], and after redirection: [https://www.google.com] @18-12-2021 18:37:44.0451 PM
[ReportManager] Initial URL: [data:,] @18-12-2021 18:37:44.0538 PM
[ReportManager] Browser Action [NavigateToURL] successfully performed. With the following test data [https://www.google.com/ncr]. @18-12-2021 18:37:45.0399 P

################################################################################################################################################
Starting Execution:	[7 out of 23] test cases in the current suite
Test Method:		[tests.gui.google.C_Search_PageObjectModel_Traditional.navigateToGoogleHomeAndAssertGoogleLogoIsDisplayed]
################################################################################################################################################
[ReportManager] Element Action [IsElementDisplayed] successfully performed. @18-12-2021 18:37:45.0549 PM
[ReportManager] Assertion Passed: Asserting that the Google logo is displayed @18-12-2021 18:37:45.0550 PM
[ReportManager] Assertion [ValidateTrue] PASSED. Expected [TRUE] and Actual [TRUE]. Validation Type [POSITIVE]. @18-12-2021 18:37:45.0550 P
[ReportManager] Browser Action [CloseCurrentWindow] successfully performed. @18-12-2021 18:37:45.0686 PM
[ReportManager] Successfully created attachment [Browser Action Test Data - CloseCurrentWindow - Actual Value] @18-12-2021 18:37:45.0693 P
[ReportManager] File Action [GetAbsolutePath] successfully performed. With the following test data [Relative Folder Path: "target/downloadedFiles/"]. @18-12-2021 18:37:45.0697 PM
[ReportManager] Attempting to run remotely on: [Linux-64], [GoogleChrome], [http://localhost:4444/wd/hub], Headless Execution. @18-12-2021 18:37:45.0698 PM
[ReportManager] Successfully Opened [GoogleChrome]. @18-12-2021 18:37:45.0970 PM
[ReportManager] Target URL: [https://www.google.com/ncr], and after redirection: [https://www.google.com] @18-12-2021 18:37:45.0970 PM
[ReportManager] Initial URL: [data:,] @18-12-2021 18:37:46.0051 PM
[ReportManager] Browser Action [NavigateToURL] successfully performed. With the following test data [https://www.google.com/ncr]. @18-12-2021 18:37:47.0000 P

################################################################################################################################################
Starting Execution:	[8 out of 23] test cases in the current suite
Test Method:		[tests.gui.google.C_Search_PageObjectModel_Traditional.navigateToGoogleHomeAndAssertPageTitle]
################################################################################################################################################
[ReportManager] Browser Action [GetCurrentWindowTitle] successfully performed. With the following test data [Google]. @18-12-2021 18:37:47.0073 PM
[ReportManager] Assertion Passed: Asserting that the page title is Google @18-12-2021 18:37:47.0073 PM
[ReportManager] Assertion [ValidateEquals] PASSED. Expected [Google] and Actual [Google]. Comparison Type [EQUALS]. Validation Type [POSITIVE]. @18-12-2021 18:37:47.0073 P
[ReportManager] Browser Action [CloseCurrentWindow] successfully performed. @18-12-2021 18:37:47.0226 PM
[ReportManager] Successfully created attachment [Browser Action Test Data - CloseCurrentWindow - Actual Value] @18-12-2021 18:37:47.0227 P
[ReportManager] File Action [GetAbsolutePath] successfully performed. With the following test data [Relative Folder Path: "target/downloadedFiles/"]. @18-12-2021 18:37:47.0234 PM
[ReportManager] Attempting to run remotely on: [Linux-64], [GoogleChrome], [http://localhost:4444/wd/hub], Headless Execution. @18-12-2021 18:37:47.0234 PM
[ReportManager] Successfully Opened [GoogleChrome]. @18-12-2021 18:37:47.0459 PM
[ReportManager] Target URL: [https://www.google.com/ncr], and after redirection: [https://www.google.com] @18-12-2021 18:37:47.0460 PM
[ReportManager] Initial URL: [data:,] @18-12-2021 18:37:47.0566 PM
[ReportManager] Browser Action [NavigateToURL] successfully performed. With the following test data [https://www.google.com/ncr]. @18-12-2021 18:37:48.0379 P

################################################################################################################################################
Starting Execution:	[9 out of 23] test cases in the current suite
Test Method:		[tests.gui.google.C_Search_PageObjectModel_Traditional.searchForQueryAndAssertFirstResultTextIsCorrect]
################################################################################################################################################
[ReportManager] Element Action [Type] successfully performed. With the following test data [SHAFT_Engine]. @18-12-2021 18:37:48.0800 PM
[ReportManager] Element Action [KeyPress] successfully performed. With the following test data [ENTER]. @18-12-2021 18:37:50.0224 PM
[ReportManager] Element Action [GetText] successfully performed. With the following test data [SHAFT: Unified Test Automation Engine - GitHub]. @18-12-2021 18:37:50.0339 PM
[ReportManager] Assertion Failed: Asserting that the correct first result is displayed @18-12-2021 18:37:50.0340 PM
[ReportManager] Assertion [ValidateEquals] FAILED. Expected [MohabMohie] and Actual [SHAFT: Unified Test Automation Engine - GitHub]. Comparison Type [CONTAINS]. Validation Type [POSITIVE]. @18-12-2021 18:37:50.0340 P
[ReportManager] Browser Action [CloseCurrentWindow] successfully performed. @18-12-2021 18:37:50.0559 PM
[ReportManager] Successfully created attachment [Browser Action Test Data - CloseCurrentWindow - Actual Value] @18-12-2021 18:37:50.0562 P
[ReportManager] An Exception Occured with this Message: src/test/resources/testDataFiles/Google/SimpleSearch.xlsx (No such file or directory). @18-12-2021 18:37:50.0567 PM
[ReportManager] Successfully created attachment [Exception Stack Trace - java.io.FileNotFoundException] @18-12-2021 18:37:50.0568 PM
[ReportManager] Couldn't find the desired file. [src/test/resources/testDataFiles/Google/SimpleSearch.xlsx]. @18-12-2021 18:37:50.0568 P


################################################################################################################################################
Starting Execution:	[10 out of 23] test cases in the current suite
Test Method:		[tests.gui.google.F_Search_PageObjectModel_Fluent.navigateToGoogleHomeAndAssertGoogleLogoIsDisplayed]
###############################################################################################################################################



################################################################################################################################################
Starting Execution:	[11 out of 23] test cases in the current suite
Test Method:		[tests.gui.google.F_Search_PageObjectModel_Fluent.navigateToGoogleHomeAndAssertPageTitle]
###############################################################################################################################################



################################################################################################################################################
Starting Execution:	[12 out of 23] test cases in the current suite
Test Method:		[tests.gui.google.F_Search_PageObjectModel_Fluent.searchForQueryAndAssertFirstResultTextIsCorrect]
###############################################################################################################################################

[ReportManager] An Exception Occured with this Message: src/test/resources/testDataFiles/Google/SimpleSearch.xlsx (No such file or directory). @18-12-2021 18:37:50.0601 PM
[ReportManager] Successfully created attachment [Exception Stack Trace - java.io.FileNotFoundException] @18-12-2021 18:37:50.0601 PM
[ReportManager] Couldn't find the desired file. [src/test/resources/testDataFiles/Google/SimpleSearch.xlsx]. @18-12-2021 18:37:50.0601 P


################################################################################################################################################
Starting Execution:	[13 out of 23] test cases in the current suite
Test Method:		[tests.gui.google.E_Search_PageObjectModel_Traditional_SHAFTAssertions.navigateToGoogleHomeAndAssertGoogleLogoIsDisplayed]
###############################################################################################################################################



################################################################################################################################################
Starting Execution:	[14 out of 23] test cases in the current suite
Test Method:		[tests.gui.google.E_Search_PageObjectModel_Traditional_SHAFTAssertions.navigateToGoogleHomeAndAssertPageTitle]
###############################################################################################################################################



################################################################################################################################################
Starting Execution:	[15 out of 23] test cases in the current suite
Test Method:		[tests.gui.google.E_Search_PageObjectModel_Traditional_SHAFTAssertions.searchForQueryAndAssertFirstResultTextIsCorrect]
###############################################################################################################################################

[ReportManager] An Exception Occured with this Message: src/test/resources/testDataFiles/Google/SimpleSearch.xlsx (No such file or directory). @18-12-2021 18:37:50.0630 PM
[ReportManager] Successfully created attachment [Exception Stack Trace - java.io.FileNotFoundException] @18-12-2021 18:37:50.0630 PM
[ReportManager] Couldn't find the desired file. [src/test/resources/testDataFiles/Google/SimpleSearch.xlsx]. @18-12-2021 18:37:50.0630 P


################################################################################################################################################
Starting Execution:	[16 out of 23] test cases in the current suite
Test Method:		[tests.gui.google.D_Search_PageObjectModel_Traditional_DataDriven.navigateToGoogleHomeAndAssertGoogleLogoIsDisplayed]
###############################################################################################################################################



################################################################################################################################################
Starting Execution:	[17 out of 23] test cases in the current suite
Test Method:		[tests.gui.google.D_Search_PageObjectModel_Traditional_DataDriven.navigateToGoogleHomeAndAssertPageTitle]
###############################################################################################################################################



################################################################################################################################################
Starting Execution:	[18 out of 23] test cases in the current suite
Test Method:		[tests.gui.google.D_Search_PageObjectModel_Traditional_DataDriven.searchForQueryAndAssertFirstResultTextIsCorrect]
###############################################################################################################################################




################################################################################################################################################
Starting Execution:	[19 out of 23] test cases in the current suite
Test Method:		[tests.gui.google.A_Search_FlatTest_NativeSeleniumWebDriver.navigateToGoogleHomeAndAssertGoogleLogoIsDisplayed]
###############################################################################################################################################



################################################################################################################################################
Starting Execution:	[20 out of 23] test cases in the current suite
Test Method:		[tests.gui.google.A_Search_FlatTest_NativeSeleniumWebDriver.navigateToGoogleHomeAndAssertPageTitle]
###############################################################################################################################################



################################################################################################################################################
Starting Execution:	[21 out of 23] test cases in the current suite
Test Method:		[tests.gui.google.A_Search_FlatTest_NativeSeleniumWebDriver.searchForQueryAndAssertFirstResultTextIsCorrect]
###############################################################################################################################################


################################################################################################################################################
Starting Execution:	[22 out of 23] test cases in the current suite
Test Method:		[tests.api.users.UserData.validateUserEmail]
################################################################################################################################################
[ReportManager] Response status code: [200], status line: [HTTP/1.1 200 OK] @18-12-2021 18:38:15.0560 PM
[ReportManager] Assertion Passed: Evaluating the actual response status code against the expected one... @18-12-2021 18:38:15.0564 PM
[ReportManager] Assertion [ValidateComparativeRelation] PASSED. Expected [200] and Actual [200]. Comparison Type [EQUALS]. Validation Type [POSITIVE]. @18-12-2021 18:38:15.0565 PM
[ReportManager] API Action [PerformRequest] successfully performed. With the following test data [Request Type: "GET" | Target Status Code: "200" | Service URL: "https://jsonplaceholder.typicode.com/users" | Content Type: "*/*" | Response Time: "578ms"]. @18-12-2021 18:38:16.0434 PM
[ReportManager] Successfully created attachment [API Request - Specifications] @18-12-2021 18:38:16.0435 PM
[ReportManager] Successfully created attachment [API Response - JSON Body] @18-12-2021 18:38:16.0639 PM
[ReportManager] Assertion [ValidateEquals] PASSED. Expected and Actual values are attached. Comparison Type [CONTAINS]. Validation Type [POSITIVE]. @18-12-2021 18:38:16.0641 PM
[ReportManager] Successfully created attachment [Validation Test Data - Expected Value] @18-12-2021 18:38:16.0641 PM
[ReportManager] Successfully created attachment [Validation Test Data - Actual Value] @18-12-2021 18:38:16.0641 PM
[ReportManager] API Action [GetResponseJSONValueAsList] successfully performed. With the following test data [$]. @18-12-2021 18:38:16.0657 PM
[ReportManager] API Action [GetResponseJSONValue] successfully performed. With the following test data [name]. @18-12-2021 18:38:16.0685 PM
[ReportManager] API Action [GetResponseJSONValue] successfully performed. With the following test data [email]. @18-12-2021 18:38:16.0707 PM
[ReportManager] Assertion [ValidateEquals] PASSED. Expected [Sincere@april.biz] and Actual [Sincere@april.biz]. Comparison Type [EQUALS]. Validation Type [POSITIVE]. @18-12-2021 18:38:16.0707 PM
[ReportManager] API Action [GetResponseJSONValue] successfully performed. With the following test data [name]. @18-12-2021 18:38:16.0730 PM
[ReportManager] API Action [GetResponseJSONValue] successfully performed. With the following test data [name]. @18-12-2021 18:38:16.0747 PM
[ReportManager] API Action [GetResponseJSONValue] successfully performed. With the following test data [name]. @18-12-2021 18:38:16.0763 PM
[ReportManager] API Action [GetResponseJSONValue] successfully performed. With the following test data [name]. @18-12-2021 18:38:16.0781 PM
[ReportManager] API Action [GetResponseJSONValue] successfully performed. With the following test data [name]. @18-12-2021 18:38:16.0799 PM
[ReportManager] API Action [GetResponseJSONValue] successfully performed. With the following test data [name]. @18-12-2021 18:38:16.0836 PM
[ReportManager] API Action [GetResponseJSONValue] successfully performed. With the following test data [name]. @18-12-2021 18:38:16.0872 PM
[ReportManager] API Action [GetResponseJSONValue] successfully performed. With the following test data [name]. @18-12-2021 18:38:16.0894 PM
[ReportManager] API Action [GetResponseJSONValue] successfully performed. With the following test data [name]. @18-12-2021 18:38:16.0908 P

################################################################################################################################################
Starting Execution:	[23 out of 23] test cases in the current suite
Test Method:		[tests.cli.demo.cliTest.sampleTestCase]
################################################################################################################################################
[ReportManager] Attempting to perform the following command locally. Command: [ls] @18-12-2021 18:38:16.0928 PM
[ReportManager] Terminal Action [PerformTerminalCommands] successfully performed. With the following test data [Host Name: "localHost" | Command: "ls" | Exit Status: "0"]. @18-12-2021 18:38:16.0932 PM
[ReportManager] Successfully created attachment [Terminal Action Actual Result - Command Log] @18-12-2021 18:38:16.0933 PM
[ReportManager] Assertion Passed: Demoing local terminal actions @18-12-2021 18:38:16.0933 PM
[ReportManager] Assertion [ValidateEquals] PASSED. Expected [pom.xml] and Actual [LICENSE
README.md
allure-results
docker-compose_native.yml
docker-compose_zalenium.yml
extent-reports
pom.xml
readMeImgs
src
target]. Comparison Type [CONTAINS]. Validation Type [POSITIVE]. @18-12-2021 18:38:16.0933 P
[ReportManager] Successfully created attachment [SHAFT Engine Logs - Execution log] @18-12-2021 18:38:16.0961 PM

################################################################################################################################################
This test run was powered by SHAFT Engine Version: [SHAFT Engine v5.4.20211202-BETA]
SHAFT Engine is licensed under the MIT License: [https://github.com/MohabMohie/SHAFT_ENGINE/blob/master/LICENSE].
################################################################################################################################################