################################################################################################################################################
Detected SHAFT Engine Version: [SHAFT Engine v5.4.20211202-BETA]
################################################################################################################################################

################################################################################################################################################
Starting Execution:	[1 out of 23] test cases in the current suite
Test Method:		[tests.api.users.UserData.validateUserEmail]
################################################################################################################################################
[ReportManager] Response status code: [200], status line: [HTTP/1.1 200 OK] @12-12-2021 12:48:46.0021 PM
[ReportManager] Assertion Passed: Evaluating the actual response status code against the expected one... @12-12-2021 12:48:46.0029 PM
[ReportManager] Assertion [ValidateComparativeRelation] PASSED. Expected [200] and Actual [200]. Comparison Type [EQUALS]. Validation Type [POSITIVE]. @12-12-2021 12:48:46.0033 PM
[ReportManager] API Action [PerformRequest] successfully performed. With the following test data [Request Type: "GET" | Target Status Code: "200" | Service URL: "https://jsonplaceholder.typicode.com/users" | Content Type: "*/*" | Response Time: "900ms"]. @12-12-2021 12:48:47.0184 PM
[ReportManager] Successfully created attachment [API Request - Specifications] @12-12-2021 12:48:47.0185 PM
[ReportManager] Successfully created attachment [API Response - JSON Body] @12-12-2021 12:48:47.0398 PM
[ReportManager] Assertion [ValidateEquals] PASSED. Expected and Actual values are attached. Comparison Type [CONTAINS]. Validation Type [POSITIVE]. @12-12-2021 12:48:47.0405 PM
[ReportManager] Successfully created attachment [Validation Test Data - Expected Value] @12-12-2021 12:48:47.0406 PM
[ReportManager] Successfully created attachment [Validation Test Data - Actual Value] @12-12-2021 12:48:47.0406 PM
[ReportManager] API Action [GetResponseJSONValueAsList] successfully performed. With the following test data [$]. @12-12-2021 12:48:47.0432 PM
[ReportManager] API Action [GetResponseJSONValue] successfully performed. With the following test data [name]. @12-12-2021 12:48:47.0458 PM
[ReportManager] API Action [GetResponseJSONValue] successfully performed. With the following test data [email]. @12-12-2021 12:48:47.0482 PM
[ReportManager] Assertion [ValidateEquals] PASSED. Expected [Sincere@april.biz] and Actual [Sincere@april.biz]. Comparison Type [EQUALS]. Validation Type [POSITIVE]. @12-12-2021 12:48:47.0483 PM
[ReportManager] API Action [GetResponseJSONValue] successfully performed. With the following test data [name]. @12-12-2021 12:48:47.0509 PM
[ReportManager] API Action [GetResponseJSONValue] successfully performed. With the following test data [name]. @12-12-2021 12:48:47.0533 PM
[ReportManager] API Action [GetResponseJSONValue] successfully performed. With the following test data [name]. @12-12-2021 12:48:47.0545 PM
[ReportManager] API Action [GetResponseJSONValue] successfully performed. With the following test data [name]. @12-12-2021 12:48:47.0555 PM
[ReportManager] API Action [GetResponseJSONValue] successfully performed. With the following test data [name]. @12-12-2021 12:48:47.0565 PM
[ReportManager] API Action [GetResponseJSONValue] successfully performed. With the following test data [name]. @12-12-2021 12:48:47.0575 PM
[ReportManager] API Action [GetResponseJSONValue] successfully performed. With the following test data [name]. @12-12-2021 12:48:47.0585 PM
[ReportManager] API Action [GetResponseJSONValue] successfully performed. With the following test data [name]. @12-12-2021 12:48:47.0595 PM
[ReportManager] API Action [GetResponseJSONValue] successfully performed. With the following test data [name]. @12-12-2021 12:48:47.0604 P
[ReportManager] File Action [GetAbsolutePath] successfully performed. With the following test data [Relative Folder Path: "target/downloadedFiles/"]. @12-12-2021 12:48:47.0708 PM
[ReportManager] Attempting to run remotely on: [Linux-64], [GoogleChrome], [http://localhost:4444/wd/hub], Headless Execution. @12-12-2021 12:48:47.0721 PM
[ReportManager] Successfully Opened [GoogleChrome]. @12-12-2021 12:48:49.0373 PM
[ReportManager] Target URL: [https://www.google.com/ncr], and after redirection: [https://www.google.com] @12-12-2021 12:48:49.0386 PM
[ReportManager] Initial URL: [data:,] @12-12-2021 12:48:49.0513 PM
[ReportManager] Browser Action [NavigateToURL] successfully performed. With the following test data [https://www.google.com/ncr]. @12-12-2021 12:48:51.0298 P

################################################################################################################################################
Starting Execution:	[2 out of 23] test cases in the current suite
Test Method:		[tests.gui.google.B_Search_FlatTest_SHAFT.navigateToGoogleHomeAndAssertGoogleLogoIsDisplayed]
################################################################################################################################################
[ReportManager] File Action [DoesFileExist] successfully performed. With the following test data [File Path: "src/main/resources/dynamicObjectRepository/tests_gui_google_B_Search_FlatTest_SHAFT_navigateToGoogleHomeAndAssertGoogleLogoIsDisplayed_By_xpath_img_id_hplogo_or_alt_Google.png"]. @12-12-2021 12:48:51.0325 PM
[ReportManager] File Action [GetAbsolutePath] successfully performed. With the following test data [Relative Folder Path: "src/main/resources/dynamicObjectRepository/tests_gui_google_B_Search_FlatTest_SHAFT_navigateToGoogleHomeAndAssertGoogleLogoIsDisplayed_By_xpath_img_id_hplogo_or_alt_Google.png"]. @12-12-2021 12:48:51.0325 PM
[ReportManager] File Action [ReadFromImageFile] successfully performed. With the following test data [File Path: "/home/runner/work/using_SHAFT_ENGINE/using_SHAFT_ENGINE/src/main/resources/dynamicObjectRepository/tests_gui_google_B_Search_FlatTest_SHAFT_navigateToGoogleHomeAndAssertGoogleLogoIsDisplayed_By_xpath_img_id_hplogo_or_alt_Google.png"]. @12-12-2021 12:48:51.0325 PM
[ReportManager] File Action [DoesFileExist] successfully performed. With the following test data [File Path: "src/main/resources/dynamicObjectRepository/tests_gui_google_B_Search_FlatTest_SHAFT_navigateToGoogleHomeAndAssertGoogleLogoIsDisplayed_By_xpath_img_id_hplogo_or_alt_Google.png"]. @12-12-2021 12:48:51.0607 PM
[ReportManager] File Action [DoesFileExist] successfully performed. With the following test data [File Path: "src/main/resources/dynamicObjectRepository/tests_gui_google_B_Search_FlatTest_SHAFT_navigateToGoogleHomeAndAssertGoogleLogoIsDisplayed_By_xpath_img_id_hplogo_or_alt_Google.png"]. @12-12-2021 12:48:51.0608 PM
[ReportManager] Loaded Shared OpenCV @12-12-2021 12:48:52.0002 PM
[ReportManager] Successfully identified the element using AI; OpenCV. @12-12-2021 12:48:52.0034 PM
[ReportManager] Assertion Passed: Asserting that the Google logo is displayed @12-12-2021 12:48:52.0035 PM
[ReportManager] Successfully created attachment [Validation Test Data - Reference Screenshot] @12-12-2021 12:48:52.0036 PM
[ReportManager] Successfully created attachment [Validation Test Data - Actual Screenshot] @12-12-2021 12:48:52.0036 PM
[ReportManager] Assertion [ValidateElementMatches] PASSED. Expected [Element should match the reference screenshot] and Actual [TRUE]. Comparison Type [EXACT_OPENCV]. Validation Type [POSITIVE]. @12-12-2021 12:48:52.0037 P
[ReportManager] Browser Action [CloseCurrentWindow] successfully performed. @12-12-2021 12:48:52.0253 PM
[ReportManager] Successfully created attachment [Browser Action Test Data - CloseCurrentWindow - Actual Value] @12-12-2021 12:48:52.0262 P
[ReportManager] File Action [GetAbsolutePath] successfully performed. With the following test data [Relative Folder Path: "target/downloadedFiles/"]. @12-12-2021 12:48:52.0288 PM
[ReportManager] Attempting to run remotely on: [Linux-64], [GoogleChrome], [http://localhost:4444/wd/hub], Headless Execution. @12-12-2021 12:48:52.0293 PM
[ReportManager] Successfully Opened [GoogleChrome]. @12-12-2021 12:48:52.0679 PM
[ReportManager] Target URL: [https://www.google.com/ncr], and after redirection: [https://www.google.com] @12-12-2021 12:48:52.0679 PM
[ReportManager] Initial URL: [data:,] @12-12-2021 12:48:52.0765 PM
[ReportManager] Browser Action [NavigateToURL] successfully performed. With the following test data [https://www.google.com/ncr]. @12-12-2021 12:48:54.0250 P

################################################################################################################################################
Starting Execution:	[3 out of 23] test cases in the current suite
Test Method:		[tests.gui.google.B_Search_FlatTest_SHAFT.navigateToGoogleHomeAndAssertPageTitle]
################################################################################################################################################
[ReportManager] Browser Action [GetCurrentWindowTitle] successfully performed. With the following test data [Google]. @12-12-2021 12:48:54.0307 PM
[ReportManager] Assertion Passed: Asserting that the page title is Google @12-12-2021 12:48:54.0898 PM
[ReportManager] Successfully created attachment [Screenshot - 1639313334548_navigateToGoogleHomeAndAssertPageTitle_ValidateBrowserAttribute_passed] @12-12-2021 12:48:54.0907 PM
[ReportManager] Assertion [ValidateBrowserAttribute] PASSED. Expected [Value Should be 'Google' for the 'Title' attribute] and Actual [Google]. Comparison Type [EQUALS]. Validation Type [POSITIVE]. @12-12-2021 12:48:54.0907 P
[ReportManager] Browser Action [CloseCurrentWindow] successfully performed. @12-12-2021 12:48:55.0132 PM
[ReportManager] Successfully created attachment [Browser Action Test Data - CloseCurrentWindow - Actual Value] @12-12-2021 12:48:55.0153 P
[ReportManager] File Action [GetAbsolutePath] successfully performed. With the following test data [Relative Folder Path: "target/downloadedFiles/"]. @12-12-2021 12:48:55.0159 PM
[ReportManager] Attempting to run remotely on: [Linux-64], [GoogleChrome], [http://localhost:4444/wd/hub], Headless Execution. @12-12-2021 12:48:55.0159 PM
[ReportManager] Successfully Opened [GoogleChrome]. @12-12-2021 12:48:55.0546 PM
[ReportManager] Target URL: [https://www.google.com/ncr], and after redirection: [https://www.google.com] @12-12-2021 12:48:55.0546 PM
[ReportManager] Initial URL: [data:,] @12-12-2021 12:48:55.0637 PM
[ReportManager] Browser Action [NavigateToURL] successfully performed. With the following test data [https://www.google.com/ncr]. @12-12-2021 12:48:57.0062 P

################################################################################################################################################
Starting Execution:	[4 out of 23] test cases in the current suite
Test Method:		[tests.gui.google.B_Search_FlatTest_SHAFT.searchForQueryAndAssertFirstResultTextIsCorrect]
################################################################################################################################################
[ReportManager] Element Action [Type] successfully performed. With the following test data [SHAFT_Engine]. @12-12-2021 12:48:57.0575 PM
[ReportManager] Element Action [KeyPress] successfully performed. With the following test data [ENTER]. @12-12-2021 12:48:58.0712 PM
[ReportManager] Element Action [GetText] successfully performed. With the following test data [Horizontal Shaft Engines - Harbor Freight Tools]. @12-12-2021 12:48:59.0272 PM
[ReportManager] Loaded Shared OpenCV @12-12-2021 12:48:59.0798 PM
[ReportManager] Assertion Failed: Asserting that the correct first result is displayed @12-12-2021 12:49:00.0091 PM
[ReportManager] Successfully created attachment [Screenshot - 1639313339798_searchForQueryAndAssertFirstResultTextIsCorrect_ValidateElementAttribute_failed] @12-12-2021 12:49:00.0099 PM
[ReportManager] Assertion [ValidateElementAttribute] FAILED. Expected [Value Should be 'MohabMohie' for the 'Text' attribute, element locator 'By.xpath: (//h1[contains(text(),'Search Result')]/following-sibling::div//a/h3)[1]'] and Actual [Horizontal Shaft Engines - Harbor Freight Tools]. Comparison Type [CONTAINS]. Validation Type [POSITIVE]. @12-12-2021 12:49:00.0099 P
[ReportManager] Browser Action [CloseCurrentWindow] successfully performed. @12-12-2021 12:49:00.0566 PM
[ReportManager] Successfully created attachment [Browser Action Test Data - CloseCurrentWindow - Actual Value] @12-12-2021 12:49:00.0583 P
[ReportManager] File Action [GetAbsolutePath] successfully performed. With the following test data [Relative Folder Path: "target/downloadedFiles/"]. @12-12-2021 12:49:00.0591 PM
[ReportManager] Attempting to run remotely on: [Linux-64], [GoogleChrome], [http://localhost:4444/wd/hub], Headless Execution. @12-12-2021 12:49:00.0591 PM
[ReportManager] Successfully Opened [GoogleChrome]. @12-12-2021 12:49:00.0977 PM
[ReportManager] Target URL: [https://www.google.com/ncr], and after redirection: [https://www.google.com] @12-12-2021 12:49:00.0979 PM
[ReportManager] Initial URL: [data:,] @12-12-2021 12:49:01.0051 PM
[ReportManager] Browser Action [NavigateToURL] successfully performed. With the following test data [https://www.google.com/ncr]. @12-12-2021 12:49:02.0471 P

################################################################################################################################################
Starting Execution:	[5 out of 23] test cases in the current suite
Test Method:		[tests.gui.google.C_Search_PageObjectModel_Traditional.navigateToGoogleHomeAndAssertGoogleLogoIsDisplayed]
################################################################################################################################################
[ReportManager] Element Action [IsElementDisplayed] successfully performed. @12-12-2021 12:49:02.0584 PM
[ReportManager] Assertion Passed: Asserting that the Google logo is displayed @12-12-2021 12:49:02.0585 PM
[ReportManager] Assertion [ValidateTrue] PASSED. Expected [TRUE] and Actual [TRUE]. Validation Type [POSITIVE]. @12-12-2021 12:49:02.0585 P
[ReportManager] Browser Action [CloseCurrentWindow] successfully performed. @12-12-2021 12:49:02.0805 PM
[ReportManager] Successfully created attachment [Browser Action Test Data - CloseCurrentWindow - Actual Value] @12-12-2021 12:49:02.0807 P
[ReportManager] File Action [GetAbsolutePath] successfully performed. With the following test data [Relative Folder Path: "target/downloadedFiles/"]. @12-12-2021 12:49:02.0811 PM
[ReportManager] Attempting to run remotely on: [Linux-64], [GoogleChrome], [http://localhost:4444/wd/hub], Headless Execution. @12-12-2021 12:49:02.0811 PM
[ReportManager] Successfully Opened [GoogleChrome]. @12-12-2021 12:49:03.0058 PM
[ReportManager] Target URL: [https://www.google.com/ncr], and after redirection: [https://www.google.com] @12-12-2021 12:49:03.0058 PM
[ReportManager] Initial URL: [data:,] @12-12-2021 12:49:03.0129 PM
[ReportManager] Browser Action [NavigateToURL] successfully performed. With the following test data [https://www.google.com/ncr]. @12-12-2021 12:49:05.0930 P

################################################################################################################################################
Starting Execution:	[6 out of 23] test cases in the current suite
Test Method:		[tests.gui.google.C_Search_PageObjectModel_Traditional.navigateToGoogleHomeAndAssertPageTitle]
################################################################################################################################################
[ReportManager] Browser Action [GetCurrentWindowTitle] successfully performed. With the following test data [Google]. @12-12-2021 12:49:05.0983 PM
[ReportManager] Assertion Passed: Asserting that the page title is Google @12-12-2021 12:49:05.0983 PM
[ReportManager] Assertion [ValidateEquals] PASSED. Expected [Google] and Actual [Google]. Comparison Type [EQUALS]. Validation Type [POSITIVE]. @12-12-2021 12:49:05.0983 P
[ReportManager] Browser Action [CloseCurrentWindow] successfully performed. @12-12-2021 12:49:06.0215 PM
[ReportManager] Successfully created attachment [Browser Action Test Data - CloseCurrentWindow - Actual Value] @12-12-2021 12:49:06.0218 P
[ReportManager] File Action [GetAbsolutePath] successfully performed. With the following test data [Relative Folder Path: "target/downloadedFiles/"]. @12-12-2021 12:49:06.0224 PM
[ReportManager] Attempting to run remotely on: [Linux-64], [GoogleChrome], [http://localhost:4444/wd/hub], Headless Execution. @12-12-2021 12:49:06.0225 PM
[ReportManager] Successfully Opened [GoogleChrome]. @12-12-2021 12:49:06.0471 PM
[ReportManager] Target URL: [https://www.google.com/ncr], and after redirection: [https://www.google.com] @12-12-2021 12:49:06.0472 PM
[ReportManager] Initial URL: [data:,] @12-12-2021 12:49:06.0535 PM
[ReportManager] Browser Action [NavigateToURL] successfully performed. With the following test data [https://www.google.com/ncr]. @12-12-2021 12:49:07.0929 P

################################################################################################################################################
Starting Execution:	[7 out of 23] test cases in the current suite
Test Method:		[tests.gui.google.C_Search_PageObjectModel_Traditional.searchForQueryAndAssertFirstResultTextIsCorrect]
################################################################################################################################################
[ReportManager] Element Action [Type] successfully performed. With the following test data [SHAFT_Engine]. @12-12-2021 12:49:08.0406 PM
[ReportManager] Element Action [KeyPress] successfully performed. With the following test data [ENTER]. @12-12-2021 12:49:09.0986 PM
[ReportManager] Element Action [GetText] successfully performed. With the following test data [Horizontal Shaft Engines - Harbor Freight Tools]. @12-12-2021 12:49:10.0093 PM
[ReportManager] Assertion Failed: Asserting that the correct first result is displayed @12-12-2021 12:49:10.0094 PM
[ReportManager] Assertion [ValidateEquals] FAILED. Expected [MohabMohie] and Actual [Horizontal Shaft Engines - Harbor Freight Tools]. Comparison Type [CONTAINS]. Validation Type [POSITIVE]. @12-12-2021 12:49:10.0094 P
[ReportManager] Browser Action [CloseCurrentWindow] successfully performed. @12-12-2021 12:49:10.0433 PM
[ReportManager] Successfully created attachment [Browser Action Test Data - CloseCurrentWindow - Actual Value] @12-12-2021 12:49:10.0438 P



################################################################################################################################################
Starting Execution:	[8 out of 23] test cases in the current suite
Test Method:		[tests.gui.google.A_Search_FlatTest_NativeSeleniumWebDriver.navigateToGoogleHomeAndAssertGoogleLogoIsDisplayed]
###############################################################################################################################################



################################################################################################################################################
Starting Execution:	[9 out of 23] test cases in the current suite
Test Method:		[tests.gui.google.A_Search_FlatTest_NativeSeleniumWebDriver.navigateToGoogleHomeAndAssertPageTitle]
###############################################################################################################################################



################################################################################################################################################
Starting Execution:	[10 out of 23] test cases in the current suite
Test Method:		[tests.gui.google.A_Search_FlatTest_NativeSeleniumWebDriver.searchForQueryAndAssertFirstResultTextIsCorrect]
###############################################################################################################################################

[ReportManager] An Exception Occured with this Message: src/test/resources/testDataFiles/Google/SimpleSearch.xlsx (No such file or directory). @12-12-2021 12:49:32.0932 PM
[ReportManager] Successfully created attachment [Exception Stack Trace - java.io.FileNotFoundException] @12-12-2021 12:49:32.0932 PM
[ReportManager] Couldn't find the desired file. [src/test/resources/testDataFiles/Google/SimpleSearch.xlsx]. @12-12-2021 12:49:32.0932 P


################################################################################################################################################
Starting Execution:	[11 out of 23] test cases in the current suite
Test Method:		[tests.gui.google.E_Search_PageObjectModel_Traditional_SHAFTAssertions.navigateToGoogleHomeAndAssertGoogleLogoIsDisplayed]
###############################################################################################################################################



################################################################################################################################################
Starting Execution:	[12 out of 23] test cases in the current suite
Test Method:		[tests.gui.google.E_Search_PageObjectModel_Traditional_SHAFTAssertions.navigateToGoogleHomeAndAssertPageTitle]
###############################################################################################################################################



################################################################################################################################################
Starting Execution:	[13 out of 23] test cases in the current suite
Test Method:		[tests.gui.google.E_Search_PageObjectModel_Traditional_SHAFTAssertions.searchForQueryAndAssertFirstResultTextIsCorrect]
###############################################################################################################################################

[ReportManager] An Exception Occured with this Message: src/test/resources/testDataFiles/Google/SimpleSearch.xlsx (No such file or directory). @12-12-2021 12:49:32.0971 PM
[ReportManager] Successfully created attachment [Exception Stack Trace - java.io.FileNotFoundException] @12-12-2021 12:49:32.0971 PM
[ReportManager] Couldn't find the desired file. [src/test/resources/testDataFiles/Google/SimpleSearch.xlsx]. @12-12-2021 12:49:32.0972 P


################################################################################################################################################
Starting Execution:	[14 out of 23] test cases in the current suite
Test Method:		[tests.gui.google.D_Search_PageObjectModel_Traditional_DataDriven.navigateToGoogleHomeAndAssertGoogleLogoIsDisplayed]
###############################################################################################################################################



################################################################################################################################################
Starting Execution:	[15 out of 23] test cases in the current suite
Test Method:		[tests.gui.google.D_Search_PageObjectModel_Traditional_DataDriven.navigateToGoogleHomeAndAssertPageTitle]
###############################################################################################################################################



################################################################################################################################################
Starting Execution:	[16 out of 23] test cases in the current suite
Test Method:		[tests.gui.google.D_Search_PageObjectModel_Traditional_DataDriven.searchForQueryAndAssertFirstResultTextIsCorrect]
###############################################################################################################################################

[ReportManager] An Exception Occured with this Message: src/test/resources/testDataFiles/Google/SimpleSearch.xlsx (No such file or directory). @12-12-2021 12:49:33.0006 PM
[ReportManager] Successfully created attachment [Exception Stack Trace - java.io.FileNotFoundException] @12-12-2021 12:49:33.0006 PM
[ReportManager] Couldn't find the desired file. [src/test/resources/testDataFiles/Google/SimpleSearch.xlsx]. @12-12-2021 12:49:33.0006 P


################################################################################################################################################
Starting Execution:	[17 out of 23] test cases in the current suite
Test Method:		[tests.gui.google.G_Search_PageObjectModel_ThreadSafe.navigateToGoogleHomeAndAssertGoogleLogoIsDisplayed]
###############################################################################################################################################



################################################################################################################################################
Starting Execution:	[18 out of 23] test cases in the current suite
Test Method:		[tests.gui.google.G_Search_PageObjectModel_ThreadSafe.navigateToGoogleHomeAndAssertPageTitle]
###############################################################################################################################################



################################################################################################################################################
Starting Execution:	[19 out of 23] test cases in the current suite
Test Method:		[tests.gui.google.G_Search_PageObjectModel_ThreadSafe.searchForQueryAndAssertFirstResultTextIsCorrect]
###############################################################################################################################################

[ReportManager] An Exception Occured with this Message: src/test/resources/testDataFiles/Google/SimpleSearch.xlsx (No such file or directory). @12-12-2021 12:49:33.0045 PM
[ReportManager] Successfully created attachment [Exception Stack Trace - java.io.FileNotFoundException] @12-12-2021 12:49:33.0045 PM
[ReportManager] Couldn't find the desired file. [src/test/resources/testDataFiles/Google/SimpleSearch.xlsx]. @12-12-2021 12:49:33.0045 P


################################################################################################################################################
Starting Execution:	[20 out of 23] test cases in the current suite
Test Method:		[tests.gui.google.F_Search_PageObjectModel_Fluent.navigateToGoogleHomeAndAssertGoogleLogoIsDisplayed]
###############################################################################################################################################



################################################################################################################################################
Starting Execution:	[21 out of 23] test cases in the current suite
Test Method:		[tests.gui.google.F_Search_PageObjectModel_Fluent.navigateToGoogleHomeAndAssertPageTitle]
###############################################################################################################################################



################################################################################################################################################
Starting Execution:	[22 out of 23] test cases in the current suite
Test Method:		[tests.gui.google.F_Search_PageObjectModel_Fluent.searchForQueryAndAssertFirstResultTextIsCorrect]
###############################################################################################################################################


################################################################################################################################################
Starting Execution:	[23 out of 23] test cases in the current suite
Test Method:		[tests.cli.demo.cliTest.sampleTestCase]
################################################################################################################################################
[ReportManager] Attempting to perform the following command locally. Command: [ls] @12-12-2021 12:49:33.0097 PM
[ReportManager] Terminal Action [PerformTerminalCommands] successfully performed. With the following test data [Host Name: "localHost" | Command: "ls" | Exit Status: "0"]. @12-12-2021 12:49:33.0103 PM
[ReportManager] Successfully created attachment [Terminal Action Actual Result - Command Log] @12-12-2021 12:49:33.0103 PM
[ReportManager] Assertion Passed: Demoing local terminal actions @12-12-2021 12:49:33.0103 PM
[ReportManager] Assertion [ValidateEquals] PASSED. Expected [pom.xml] and Actual [LICENSE
README.md
allure-results
docker-compose_native.yml
docker-compose_zalenium.yml
extent-reports
pom.xml
readMeImgs
src
target]. Comparison Type [CONTAINS]. Validation Type [POSITIVE]. @12-12-2021 12:49:33.0103 P
[ReportManager] Successfully created attachment [SHAFT Engine Logs - Execution log] @12-12-2021 12:49:33.0133 PM

################################################################################################################################################
This test run was powered by SHAFT Engine Version: [SHAFT Engine v5.4.20211202-BETA]
SHAFT Engine is licensed under the MIT License: [https://github.com/MohabMohie/SHAFT_ENGINE/blob/master/LICENSE].
################################################################################################################################################