################################################################################################################################################
Detected SHAFT Engine Version: [SHAFT Engine v5.4.20211202-BETA]
################################################################################################################################################
[ReportManager] File Action [GetAbsolutePath] successfully performed. With the following test data [Relative Folder Path: "target/downloadedFiles/"]. @23-12-2021 18:38:30.0754 PM
[ReportManager] Attempting to run remotely on: [Linux-64], [GoogleChrome], [http://localhost:4444/wd/hub], Headless Execution. @23-12-2021 18:38:30.0777 PM
[ReportManager] Successfully Opened [GoogleChrome]. @23-12-2021 18:38:33.0323 PM
[ReportManager] Target URL: [https://www.google.com/ncr], and after redirection: [https://www.google.com] @23-12-2021 18:38:33.0348 PM
[ReportManager] Initial URL: [data:,] @23-12-2021 18:38:33.0502 PM
[ReportManager] Browser Action [NavigateToURL] successfully performed. With the following test data [https://www.google.com/ncr]. @23-12-2021 18:38:34.0786 P

################################################################################################################################################
Starting Execution:	[1 out of 23] test cases in the current suite
Test Method:		[tests.gui.google.B_Search_FlatTest_SHAFT.navigateToGoogleHomeAndAssertGoogleLogoIsDisplayed]
################################################################################################################################################
[ReportManager] File Action [DoesFileExist] successfully performed. With the following test data [File Path: "src/main/resources/dynamicObjectRepository/tests_gui_google_B_Search_FlatTest_SHAFT_navigateToGoogleHomeAndAssertGoogleLogoIsDisplayed_By_xpath_img_id_hplogo_or_alt_Google.png"]. @23-12-2021 18:38:35.0016 PM
[ReportManager] File Action [GetAbsolutePath] successfully performed. With the following test data [Relative Folder Path: "src/main/resources/dynamicObjectRepository/tests_gui_google_B_Search_FlatTest_SHAFT_navigateToGoogleHomeAndAssertGoogleLogoIsDisplayed_By_xpath_img_id_hplogo_or_alt_Google.png"]. @23-12-2021 18:38:35.0016 PM
[ReportManager] File Action [ReadFromImageFile] successfully performed. With the following test data [File Path: "/home/runner/work/using_SHAFT_ENGINE/using_SHAFT_ENGINE/src/main/resources/dynamicObjectRepository/tests_gui_google_B_Search_FlatTest_SHAFT_navigateToGoogleHomeAndAssertGoogleLogoIsDisplayed_By_xpath_img_id_hplogo_or_alt_Google.png"]. @23-12-2021 18:38:35.0017 PM
[ReportManager] File Action [DoesFileExist] successfully performed. With the following test data [File Path: "src/main/resources/dynamicObjectRepository/tests_gui_google_B_Search_FlatTest_SHAFT_navigateToGoogleHomeAndAssertGoogleLogoIsDisplayed_By_xpath_img_id_hplogo_or_alt_Google.png"]. @23-12-2021 18:38:35.0355 PM
[ReportManager] File Action [DoesFileExist] successfully performed. With the following test data [File Path: "src/main/resources/dynamicObjectRepository/tests_gui_google_B_Search_FlatTest_SHAFT_navigateToGoogleHomeAndAssertGoogleLogoIsDisplayed_By_xpath_img_id_hplogo_or_alt_Google.png"]. @23-12-2021 18:38:35.0355 PM
[ReportManager] Loaded Shared OpenCV @23-12-2021 18:38:35.0810 PM
[ReportManager] Successfully identified the element using AI; OpenCV. @23-12-2021 18:38:35.0850 PM
[ReportManager] Assertion Passed: Asserting that the Google logo is displayed @23-12-2021 18:38:35.0853 PM
[ReportManager] Successfully created attachment [Validation Test Data - Reference Screenshot] @23-12-2021 18:38:35.0857 PM
[ReportManager] Successfully created attachment [Validation Test Data - Actual Screenshot] @23-12-2021 18:38:35.0858 PM
[ReportManager] Assertion [ValidateElementMatches] PASSED. Expected [Element should match the reference screenshot] and Actual [TRUE]. Comparison Type [EXACT_OPENCV]. Validation Type [POSITIVE]. @23-12-2021 18:38:35.0858 P
[ReportManager] Browser Action [CloseCurrentWindow] successfully performed. @23-12-2021 18:38:36.0043 PM
[ReportManager] Successfully created attachment [Browser Action Test Data - CloseCurrentWindow - Actual Value] @23-12-2021 18:38:36.0054 P
[ReportManager] File Action [GetAbsolutePath] successfully performed. With the following test data [Relative Folder Path: "target/downloadedFiles/"]. @23-12-2021 18:38:36.0068 PM
[ReportManager] Attempting to run remotely on: [Linux-64], [GoogleChrome], [http://localhost:4444/wd/hub], Headless Execution. @23-12-2021 18:38:36.0069 PM
[ReportManager] Successfully Opened [GoogleChrome]. @23-12-2021 18:38:36.0515 PM
[ReportManager] Target URL: [https://www.google.com/ncr], and after redirection: [https://www.google.com] @23-12-2021 18:38:36.0515 PM
[ReportManager] Initial URL: [data:,] @23-12-2021 18:38:36.0627 PM
[ReportManager] Browser Action [NavigateToURL] successfully performed. With the following test data [https://www.google.com/ncr]. @23-12-2021 18:38:37.0693 P

################################################################################################################################################
Starting Execution:	[2 out of 23] test cases in the current suite
Test Method:		[tests.gui.google.B_Search_FlatTest_SHAFT.navigateToGoogleHomeAndAssertPageTitle]
################################################################################################################################################
[ReportManager] Browser Action [GetCurrentWindowTitle] successfully performed. With the following test data [Google]. @23-12-2021 18:38:37.0770 PM
[ReportManager] Assertion Passed: Asserting that the page title is Google @23-12-2021 18:38:38.0442 PM
[ReportManager] Successfully created attachment [Screenshot - 1640284718024_navigateToGoogleHomeAndAssertPageTitle_ValidateBrowserAttribute_passed] @23-12-2021 18:38:38.0461 PM
[ReportManager] Assertion [ValidateBrowserAttribute] PASSED. Expected [Value Should be 'Google' for the 'Title' attribute] and Actual [Google]. Comparison Type [EQUALS]. Validation Type [POSITIVE]. @23-12-2021 18:38:38.0462 P
[ReportManager] Browser Action [CloseCurrentWindow] successfully performed. @23-12-2021 18:38:38.0616 PM
[ReportManager] Successfully created attachment [Browser Action Test Data - CloseCurrentWindow - Actual Value] @23-12-2021 18:38:38.0618 P
[ReportManager] File Action [GetAbsolutePath] successfully performed. With the following test data [Relative Folder Path: "target/downloadedFiles/"]. @23-12-2021 18:38:38.0631 PM
[ReportManager] Attempting to run remotely on: [Linux-64], [GoogleChrome], [http://localhost:4444/wd/hub], Headless Execution. @23-12-2021 18:38:38.0632 PM
[ReportManager] Successfully Opened [GoogleChrome]. @23-12-2021 18:38:39.0111 PM
[ReportManager] Target URL: [https://www.google.com/ncr], and after redirection: [https://www.google.com] @23-12-2021 18:38:39.0111 PM
[ReportManager] Initial URL: [data:,] @23-12-2021 18:38:39.0203 PM
[ReportManager] Browser Action [NavigateToURL] successfully performed. With the following test data [https://www.google.com/ncr]. @23-12-2021 18:38:40.0226 P

################################################################################################################################################
Starting Execution:	[3 out of 23] test cases in the current suite
Test Method:		[tests.gui.google.B_Search_FlatTest_SHAFT.searchForQueryAndAssertFirstResultTextIsCorrect]
################################################################################################################################################
[ReportManager] Element Action [Type] successfully performed. With the following test data [SHAFT_Engine]. @23-12-2021 18:38:40.0835 PM
[ReportManager] Element Action [KeyPress] successfully performed. With the following test data [ENTER]. @23-12-2021 18:38:42.0520 PM
[ReportManager] Element Action [GetText] successfully performed. With the following test data [SHAFT: Unified Test Automation Engine - GitHub]. @23-12-2021 18:38:42.0663 PM
[ReportManager] Loaded Shared OpenCV @23-12-2021 18:38:43.0097 PM
[ReportManager] Assertion Failed: Asserting that the correct first result is displayed @23-12-2021 18:38:43.0411 PM
[ReportManager] Successfully created attachment [Screenshot - 1640284723097_searchForQueryAndAssertFirstResultTextIsCorrect_ValidateElementAttribute_failed] @23-12-2021 18:38:43.0420 PM
[ReportManager] Assertion [ValidateElementAttribute] FAILED. Expected [Value Should be 'MohabMohie' for the 'Text' attribute, element locator 'By.xpath: (//h1[contains(text(),'Search Result')]/following-sibling::div//a/h3)[1]'] and Actual [SHAFT: Unified Test Automation Engine - GitHub]. Comparison Type [CONTAINS]. Validation Type [POSITIVE]. @23-12-2021 18:38:43.0420 P
[ReportManager] Browser Action [CloseCurrentWindow] successfully performed. @23-12-2021 18:38:43.0738 PM
[ReportManager] Successfully created attachment [Browser Action Test Data - CloseCurrentWindow - Actual Value] @23-12-2021 18:38:43.0749 P
[ReportManager] An Exception Occured with this Message: src/test/resources/testDataFiles/Google/SimpleSearch.xlsx (No such file or directory). @23-12-2021 18:38:43.0763 PM
[ReportManager] Successfully created attachment [Exception Stack Trace - java.io.FileNotFoundException] @23-12-2021 18:38:43.0763 PM
[ReportManager] Couldn't find the desired file. [src/test/resources/testDataFiles/Google/SimpleSearch.xlsx]. @23-12-2021 18:38:43.0764 P


################################################################################################################################################
Starting Execution:	[4 out of 23] test cases in the current suite
Test Method:		[tests.gui.google.G_Search_PageObjectModel_ThreadSafe.navigateToGoogleHomeAndAssertGoogleLogoIsDisplayed]
###############################################################################################################################################



################################################################################################################################################
Starting Execution:	[5 out of 23] test cases in the current suite
Test Method:		[tests.gui.google.G_Search_PageObjectModel_ThreadSafe.navigateToGoogleHomeAndAssertPageTitle]
###############################################################################################################################################



################################################################################################################################################
Starting Execution:	[6 out of 23] test cases in the current suite
Test Method:		[tests.gui.google.G_Search_PageObjectModel_ThreadSafe.searchForQueryAndAssertFirstResultTextIsCorrect]
###############################################################################################################################################

[ReportManager] File Action [GetAbsolutePath] successfully performed. With the following test data [Relative Folder Path: "target/downloadedFiles/"]. @23-12-2021 18:38:43.0789 PM
[ReportManager] Attempting to run remotely on: [Linux-64], [GoogleChrome], [http://localhost:4444/wd/hub], Headless Execution. @23-12-2021 18:38:43.0790 PM
[ReportManager] Successfully Opened [GoogleChrome]. @23-12-2021 18:38:44.0229 PM
[ReportManager] Target URL: [https://www.google.com/ncr], and after redirection: [https://www.google.com] @23-12-2021 18:38:44.0230 PM
[ReportManager] Initial URL: [data:,] @23-12-2021 18:38:44.0314 PM
[ReportManager] Browser Action [NavigateToURL] successfully performed. With the following test data [https://www.google.com/ncr]. @23-12-2021 18:38:45.0312 P

################################################################################################################################################
Starting Execution:	[7 out of 23] test cases in the current suite
Test Method:		[tests.gui.google.C_Search_PageObjectModel_Traditional.navigateToGoogleHomeAndAssertGoogleLogoIsDisplayed]
################################################################################################################################################
[ReportManager] Element Action [IsElementDisplayed] successfully performed. @23-12-2021 18:38:45.0454 PM
[ReportManager] Assertion Passed: Asserting that the Google logo is displayed @23-12-2021 18:38:45.0454 PM
[ReportManager] Assertion [ValidateTrue] PASSED. Expected [TRUE] and Actual [TRUE]. Validation Type [POSITIVE]. @23-12-2021 18:38:45.0455 P
[ReportManager] Browser Action [CloseCurrentWindow] successfully performed. @23-12-2021 18:38:45.0614 PM
[ReportManager] Successfully created attachment [Browser Action Test Data - CloseCurrentWindow - Actual Value] @23-12-2021 18:38:45.0615 P
[ReportManager] File Action [GetAbsolutePath] successfully performed. With the following test data [Relative Folder Path: "target/downloadedFiles/"]. @23-12-2021 18:38:45.0619 PM
[ReportManager] Attempting to run remotely on: [Linux-64], [GoogleChrome], [http://localhost:4444/wd/hub], Headless Execution. @23-12-2021 18:38:45.0619 PM
[ReportManager] Successfully Opened [GoogleChrome]. @23-12-2021 18:38:45.0882 PM
[ReportManager] Target URL: [https://www.google.com/ncr], and after redirection: [https://www.google.com] @23-12-2021 18:38:45.0882 PM
[ReportManager] Initial URL: [data:,] @23-12-2021 18:38:45.0972 PM
[ReportManager] Browser Action [NavigateToURL] successfully performed. With the following test data [https://www.google.com/ncr]. @23-12-2021 18:38:47.0002 P

################################################################################################################################################
Starting Execution:	[8 out of 23] test cases in the current suite
Test Method:		[tests.gui.google.C_Search_PageObjectModel_Traditional.navigateToGoogleHomeAndAssertPageTitle]
################################################################################################################################################
[ReportManager] Browser Action [GetCurrentWindowTitle] successfully performed. With the following test data [Google]. @23-12-2021 18:38:47.0065 PM
[ReportManager] Assertion Passed: Asserting that the page title is Google @23-12-2021 18:38:47.0066 PM
[ReportManager] Assertion [ValidateEquals] PASSED. Expected [Google] and Actual [Google]. Comparison Type [EQUALS]. Validation Type [POSITIVE]. @23-12-2021 18:38:47.0066 P
[ReportManager] Browser Action [CloseCurrentWindow] successfully performed. @23-12-2021 18:38:47.0271 PM
[ReportManager] Successfully created attachment [Browser Action Test Data - CloseCurrentWindow - Actual Value] @23-12-2021 18:38:47.0272 P
[ReportManager] File Action [GetAbsolutePath] successfully performed. With the following test data [Relative Folder Path: "target/downloadedFiles/"]. @23-12-2021 18:38:47.0287 PM
[ReportManager] Attempting to run remotely on: [Linux-64], [GoogleChrome], [http://localhost:4444/wd/hub], Headless Execution. @23-12-2021 18:38:47.0287 PM
[ReportManager] Successfully Opened [GoogleChrome]. @23-12-2021 18:38:47.0575 PM
[ReportManager] Target URL: [https://www.google.com/ncr], and after redirection: [https://www.google.com] @23-12-2021 18:38:47.0576 PM
[ReportManager] Initial URL: [data:,] @23-12-2021 18:38:47.0677 PM
[ReportManager] Browser Action [NavigateToURL] successfully performed. With the following test data [https://www.google.com/ncr]. @23-12-2021 18:38:48.0595 P

################################################################################################################################################
Starting Execution:	[9 out of 23] test cases in the current suite
Test Method:		[tests.gui.google.C_Search_PageObjectModel_Traditional.searchForQueryAndAssertFirstResultTextIsCorrect]
################################################################################################################################################
[ReportManager] Element Action [Type] successfully performed. With the following test data [SHAFT_Engine]. @23-12-2021 18:38:49.0144 PM
[ReportManager] Element Action [KeyPress] successfully performed. With the following test data [ENTER]. @23-12-2021 18:38:50.0602 PM
[ReportManager] Element Action [GetText] successfully performed. With the following test data [SHAFT: Unified Test Automation Engine - GitHub]. @23-12-2021 18:38:50.0734 PM
[ReportManager] Assertion Failed: Asserting that the correct first result is displayed @23-12-2021 18:38:50.0734 PM
[ReportManager] Assertion [ValidateEquals] FAILED. Expected [MohabMohie] and Actual [SHAFT: Unified Test Automation Engine - GitHub]. Comparison Type [CONTAINS]. Validation Type [POSITIVE]. @23-12-2021 18:38:50.0735 P
[ReportManager] Browser Action [CloseCurrentWindow] successfully performed. @23-12-2021 18:38:50.0957 PM
[ReportManager] Successfully created attachment [Browser Action Test Data - CloseCurrentWindow - Actual Value] @23-12-2021 18:38:50.0961 P
[ReportManager] An Exception Occured with this Message: src/test/resources/testDataFiles/Google/SimpleSearch.xlsx (No such file or directory). @23-12-2021 18:38:50.0972 PM
[ReportManager] Successfully created attachment [Exception Stack Trace - java.io.FileNotFoundException] @23-12-2021 18:38:50.0973 PM
[ReportManager] Couldn't find the desired file. [src/test/resources/testDataFiles/Google/SimpleSearch.xlsx]. @23-12-2021 18:38:50.0973 P


################################################################################################################################################
Starting Execution:	[10 out of 23] test cases in the current suite
Test Method:		[tests.gui.google.F_Search_PageObjectModel_Fluent.navigateToGoogleHomeAndAssertGoogleLogoIsDisplayed]
###############################################################################################################################################



################################################################################################################################################
Starting Execution:	[11 out of 23] test cases in the current suite
Test Method:		[tests.gui.google.F_Search_PageObjectModel_Fluent.navigateToGoogleHomeAndAssertPageTitle]
###############################################################################################################################################



################################################################################################################################################
Starting Execution:	[12 out of 23] test cases in the current suite
Test Method:		[tests.gui.google.F_Search_PageObjectModel_Fluent.searchForQueryAndAssertFirstResultTextIsCorrect]
###############################################################################################################################################

[ReportManager] An Exception Occured with this Message: src/test/resources/testDataFiles/Google/SimpleSearch.xlsx (No such file or directory). @23-12-2021 18:38:50.0999 PM
[ReportManager] Successfully created attachment [Exception Stack Trace - java.io.FileNotFoundException] @23-12-2021 18:38:50.0999 PM
[ReportManager] Couldn't find the desired file. [src/test/resources/testDataFiles/Google/SimpleSearch.xlsx]. @23-12-2021 18:38:51.0000 P


################################################################################################################################################
Starting Execution:	[13 out of 23] test cases in the current suite
Test Method:		[tests.gui.google.E_Search_PageObjectModel_Traditional_SHAFTAssertions.navigateToGoogleHomeAndAssertGoogleLogoIsDisplayed]
###############################################################################################################################################



################################################################################################################################################
Starting Execution:	[14 out of 23] test cases in the current suite
Test Method:		[tests.gui.google.E_Search_PageObjectModel_Traditional_SHAFTAssertions.navigateToGoogleHomeAndAssertPageTitle]
###############################################################################################################################################



################################################################################################################################################
Starting Execution:	[15 out of 23] test cases in the current suite
Test Method:		[tests.gui.google.E_Search_PageObjectModel_Traditional_SHAFTAssertions.searchForQueryAndAssertFirstResultTextIsCorrect]
###############################################################################################################################################

[ReportManager] An Exception Occured with this Message: src/test/resources/testDataFiles/Google/SimpleSearch.xlsx (No such file or directory). @23-12-2021 18:38:51.0035 PM
[ReportManager] Successfully created attachment [Exception Stack Trace - java.io.FileNotFoundException] @23-12-2021 18:38:51.0038 PM
[ReportManager] Couldn't find the desired file. [src/test/resources/testDataFiles/Google/SimpleSearch.xlsx]. @23-12-2021 18:38:51.0039 P


################################################################################################################################################
Starting Execution:	[16 out of 23] test cases in the current suite
Test Method:		[tests.gui.google.D_Search_PageObjectModel_Traditional_DataDriven.navigateToGoogleHomeAndAssertGoogleLogoIsDisplayed]
###############################################################################################################################################



################################################################################################################################################
Starting Execution:	[17 out of 23] test cases in the current suite
Test Method:		[tests.gui.google.D_Search_PageObjectModel_Traditional_DataDriven.navigateToGoogleHomeAndAssertPageTitle]
###############################################################################################################################################



################################################################################################################################################
Starting Execution:	[18 out of 23] test cases in the current suite
Test Method:		[tests.gui.google.D_Search_PageObjectModel_Traditional_DataDriven.searchForQueryAndAssertFirstResultTextIsCorrect]
###############################################################################################################################################




################################################################################################################################################
Starting Execution:	[19 out of 23] test cases in the current suite
Test Method:		[tests.gui.google.A_Search_FlatTest_NativeSeleniumWebDriver.navigateToGoogleHomeAndAssertGoogleLogoIsDisplayed]
###############################################################################################################################################



################################################################################################################################################
Starting Execution:	[20 out of 23] test cases in the current suite
Test Method:		[tests.gui.google.A_Search_FlatTest_NativeSeleniumWebDriver.navigateToGoogleHomeAndAssertPageTitle]
###############################################################################################################################################



################################################################################################################################################
Starting Execution:	[21 out of 23] test cases in the current suite
Test Method:		[tests.gui.google.A_Search_FlatTest_NativeSeleniumWebDriver.searchForQueryAndAssertFirstResultTextIsCorrect]
###############################################################################################################################################


################################################################################################################################################
Starting Execution:	[22 out of 23] test cases in the current suite
Test Method:		[tests.api.users.UserData.validateUserEmail]
################################################################################################################################################
[ReportManager] Response status code: [200], status line: [HTTP/1.1 200 OK] @23-12-2021 18:39:17.0837 PM
[ReportManager] Assertion Passed: Evaluating the actual response status code against the expected one... @23-12-2021 18:39:17.0843 PM
[ReportManager] Assertion [ValidateComparativeRelation] PASSED. Expected [200] and Actual [200]. Comparison Type [EQUALS]. Validation Type [POSITIVE]. @23-12-2021 18:39:17.0843 PM
[ReportManager] API Action [PerformRequest] successfully performed. With the following test data [Request Type: "GET" | Target Status Code: "200" | Service URL: "https://jsonplaceholder.typicode.com/users" | Content Type: "*/*" | Response Time: "727ms"]. @23-12-2021 18:39:19.0090 PM
[ReportManager] Successfully created attachment [API Request - Specifications] @23-12-2021 18:39:19.0091 PM
[ReportManager] Successfully created attachment [API Response - JSON Body] @23-12-2021 18:39:19.0355 PM
[ReportManager] Assertion [ValidateEquals] PASSED. Expected and Actual values are attached. Comparison Type [CONTAINS]. Validation Type [POSITIVE]. @23-12-2021 18:39:19.0356 PM
[ReportManager] Successfully created attachment [Validation Test Data - Expected Value] @23-12-2021 18:39:19.0356 PM
[ReportManager] Successfully created attachment [Validation Test Data - Actual Value] @23-12-2021 18:39:19.0357 PM
[ReportManager] API Action [GetResponseJSONValueAsList] successfully performed. With the following test data [$]. @23-12-2021 18:39:19.0370 PM
[ReportManager] API Action [GetResponseJSONValue] successfully performed. With the following test data [name]. @23-12-2021 18:39:19.0392 PM
[ReportManager] API Action [GetResponseJSONValue] successfully performed. With the following test data [email]. @23-12-2021 18:39:19.0407 PM
[ReportManager] Assertion [ValidateEquals] PASSED. Expected [Sincere@april.biz] and Actual [Sincere@april.biz]. Comparison Type [EQUALS]. Validation Type [POSITIVE]. @23-12-2021 18:39:19.0407 PM
[ReportManager] API Action [GetResponseJSONValue] successfully performed. With the following test data [name]. @23-12-2021 18:39:19.0421 PM
[ReportManager] API Action [GetResponseJSONValue] successfully performed. With the following test data [name]. @23-12-2021 18:39:19.0434 PM
[ReportManager] API Action [GetResponseJSONValue] successfully performed. With the following test data [name]. @23-12-2021 18:39:19.0451 PM
[ReportManager] API Action [GetResponseJSONValue] successfully performed. With the following test data [name]. @23-12-2021 18:39:19.0474 PM
[ReportManager] API Action [GetResponseJSONValue] successfully performed. With the following test data [name]. @23-12-2021 18:39:19.0494 PM
[ReportManager] API Action [GetResponseJSONValue] successfully performed. With the following test data [name]. @23-12-2021 18:39:19.0513 PM
[ReportManager] API Action [GetResponseJSONValue] successfully performed. With the following test data [name]. @23-12-2021 18:39:19.0533 PM
[ReportManager] API Action [GetResponseJSONValue] successfully performed. With the following test data [name]. @23-12-2021 18:39:19.0551 PM
[ReportManager] API Action [GetResponseJSONValue] successfully performed. With the following test data [name]. @23-12-2021 18:39:19.0567 P

################################################################################################################################################
Starting Execution:	[23 out of 23] test cases in the current suite
Test Method:		[tests.cli.demo.cliTest.sampleTestCase]
################################################################################################################################################
[ReportManager] Attempting to perform the following command locally. Command: [ls] @23-12-2021 18:39:19.0591 PM
[ReportManager] Terminal Action [PerformTerminalCommands] successfully performed. With the following test data [Host Name: "localHost" | Command: "ls" | Exit Status: "0"]. @23-12-2021 18:39:19.0607 PM
[ReportManager] Successfully created attachment [Terminal Action Actual Result - Command Log] @23-12-2021 18:39:19.0608 PM
[ReportManager] Assertion Passed: Demoing local terminal actions @23-12-2021 18:39:19.0608 PM
[ReportManager] Assertion [ValidateEquals] PASSED. Expected [pom.xml] and Actual [LICENSE
README.md
allure-results
docker-compose_native.yml
docker-compose_zalenium.yml
extent-reports
pom.xml
readMeImgs
src
target]. Comparison Type [CONTAINS]. Validation Type [POSITIVE]. @23-12-2021 18:39:19.0608 P
[ReportManager] Successfully created attachment [SHAFT Engine Logs - Execution log] @23-12-2021 18:39:19.0641 PM

################################################################################################################################################
This test run was powered by SHAFT Engine Version: [SHAFT Engine v5.4.20211202-BETA]
SHAFT Engine is licensed under the MIT License: [https://github.com/MohabMohie/SHAFT_ENGINE/blob/master/LICENSE].
################################################################################################################################################