{
  "uid" : "4b4757e66a1912dae1a509f688f20b0f",
  "children" : [ {
    "name" : "Product defects",
    "children" : [ {
      "name" : "Assertion [ValidateEquals] FAILED. Expected [MohabMohie] and Actual [SHAFT_ENGINE is a Test Automation Engine that ... - GitHub]. Comparison Type [CONTAINS]. Validation Type [POSITIVE].",
      "children" : [ {
        "name" : "searchForQueryAndAssertFirstResultTextIsCorrect",
        "uid" : "139307d5bfaad2",
        "parentUid" : "560f4ba7520edf3654889622d1ec21d5",
        "status" : "failed",
        "time" : {
          "start" : 1634734194274,
          "stop" : 1634734196610,
          "duration" : 2336
        },
        "flaky" : false,
        "newFailed" : false,
        "parameters" : [ ]
      }, {
        "name" : "searchForQueryAndAssertFirstResultTextIsCorrect",
        "uid" : "44d061d2a1f73c2c",
        "parentUid" : "560f4ba7520edf3654889622d1ec21d5",
        "status" : "failed",
        "time" : {
          "start" : 1634734203460,
          "stop" : 1634734205971,
          "duration" : 2511
        },
        "flaky" : false,
        "newFailed" : false,
        "parameters" : [ ]
      } ],
      "uid" : "560f4ba7520edf3654889622d1ec21d5"
    }, {
      "name" : "Assertion [ValidateElementAttribute] FAILED. Expected [Value Should be 'MohabMohie' for the 'Text' attribute, element locator 'By.xpath: (//h1[contains(text(),'Search Result')]/following-sibling::div//a/h3)[1]'] and Actual [SHAFT_ENGINE is a Test Automation Engine that ... - GitHub]. Comparison Type [CONTAINS]. Validation Type [POSITIVE].",
      "children" : [ {
        "name" : "searchForQueryAndAssertFirstResultTextIsCorrect",
        "uid" : "e2cc0361258759f1",
        "parentUid" : "7ec2ccc38aacde760e1a17d26c12f1c8",
        "status" : "failed",
        "time" : {
          "start" : 1634734211787,
          "stop" : 1634734214595,
          "duration" : 2808
        },
        "flaky" : false,
        "newFailed" : false,
        "parameters" : [ ]
      }, {
        "name" : "searchForQueryAndAssertFirstResultTextIsCorrect",
        "uid" : "871a473f0fa792df",
        "parentUid" : "7ec2ccc38aacde760e1a17d26c12f1c8",
        "status" : "failed",
        "time" : {
          "start" : 1634734219746,
          "stop" : 1634734222407,
          "duration" : 2661
        },
        "flaky" : false,
        "newFailed" : false,
        "parameters" : [ ]
      }, {
        "name" : "searchForQueryAndAssertFirstResultTextIsCorrect",
        "uid" : "20efc698eb180bae",
        "parentUid" : "7ec2ccc38aacde760e1a17d26c12f1c8",
        "status" : "failed",
        "time" : {
          "start" : 1634734227347,
          "stop" : 1634734230104,
          "duration" : 2757
        },
        "flaky" : false,
        "newFailed" : false,
        "parameters" : [ ]
      }, {
        "name" : "searchForQueryAndAssertFirstResultTextIsCorrect",
        "uid" : "33bfb7aa9df77853",
        "parentUid" : "7ec2ccc38aacde760e1a17d26c12f1c8",
        "status" : "failed",
        "time" : {
          "start" : 1634734235082,
          "stop" : 1634734237613,
          "duration" : 2531
        },
        "flaky" : false,
        "newFailed" : false,
        "parameters" : [ ]
      } ],
      "uid" : "7ec2ccc38aacde760e1a17d26c12f1c8"
    } ],
    "uid" : "8fb3a91ba5aaf9de24cc8a92edc82b5d"
  }, {
    "name" : "Test defects",
    "children" : [ {
      "name" : "unknown error: Chrome failed to start: exited abnormally.\n  (unknown error: DevToolsActivePort file doesn't exist)\n  (The process started from chrome location /usr/bin/google-chrome is no longer running, so ChromeDriver is assuming that Chrome has crashed.)\nBuild info: version: '3.141.59', revision: 'e82be7d358', time: '2018-11-14T08:17:03'\nSystem info: host: 'fv-az201-407', ip: '10.1.0.199', os.name: 'Linux', os.arch: 'amd64', os.version: '5.8.0-1042-azure', java.version: '17'\nDriver info: driver.version: A_Search_FlatTest_NativeSeleniumWebDriver\nremote stacktrace: #0 0x55d4dcb7e8f3 <unknown>\n#1 0x55d4dc663ba8 <unknown>\n#2 0x55d4dc686e33 <unknown>\n#3 0x55d4dc6829ef <unknown>\n#4 0x55d4dc6bc995 <unknown>\n#5 0x55d4dc6b6d63 <unknown>\n#6 0x55d4dc68d144 <unknown>\n#7 0x55d4dc68e135 <unknown>\n#8 0x55d4dcbadc3e <unknown>\n#9 0x55d4dcbc36b7 <unknown>\n#10 0x55d4dcbaeb95 <unknown>\n#11 0x55d4dcbc4b05 <unknown>\n#12 0x55d4dcba32ab <unknown>\n#13 0x55d4dcbdf248 <unknown>\n#14 0x55d4dcbdf3c8 <unknown>\n#15 0x55d4dcbfa33d <unknown>\n#16 0x7f9f7635a609 start_thread\n",
      "children" : [ {
        "name" : "beforeMethod",
        "uid" : "385a6fc268146a2b",
        "parentUid" : "ab4db9d4529ef3eaea139da528120fab",
        "status" : "broken",
        "time" : {
          "start" : 1634734240167,
          "stop" : 1634734240167,
          "duration" : 0
        },
        "flaky" : false,
        "newFailed" : false,
        "parameters" : [ ]
      } ],
      "uid" : "ab4db9d4529ef3eaea139da528120fab"
    } ],
    "uid" : "bdbf199525818fae7a8651db9eafe741"
  } ],
  "name" : "categories"
}