################################################################################################################################################
Detected SHAFT Engine Version: [SHAFT Engine v5.3.20210902]
################################################################################################################################################

################################################################################################################################################
Starting Execution:	[1 out of 23] test cases in the current suite
Test Method:		[tests.cli.demo.cliTest.sampleTestCase]
################################################################################################################################################
[ReportManager] Attempting to perform the following command locally. Command: [ls] @30-09-2021 01:37:20.0244 AM
[ReportManager] Terminal Action [PerformTerminalCommands] successfully performed. With the following test data [Host Name: "localHost" | Command: "ls" | Exit Status: "0"]. @30-09-2021 01:37:20.0267 AM
[ReportManager] Successfully created attachment [Terminal Action Actual Result - Command Log] @30-09-2021 01:37:20.0276 AM
[ReportManager] Assertion Passed: Demoing local terminal actions @30-09-2021 01:37:20.0293 AM
[ReportManager] Assertion [ValidateEquals] PASSED. Expected [pom.xml] and Actual [LICENSE
README.md
allure-results
docker-compose_native.yml
docker-compose_zalenium.yml
extent-reports
pom.xml
readMeImgs
src
target]. Comparison Type [CONTAINS]. Validation Type [POSITIVE]. @30-09-2021 01:37:20.0293 A

################################################################################################################################################
Starting Execution:	[2 out of 23] test cases in the current suite
Test Method:		[tests.api.users.UserData.validateUserEmail]
################################################################################################################################################
[ReportManager] Response status code: [200], status line: [HTTP/1.1 200 OK] @30-09-2021 01:37:22.0916 AM
[ReportManager] Assertion Passed: Evaluating the actual response status code against the expected one... @30-09-2021 01:37:22.0917 AM
[ReportManager] Assertion [ValidateEquals] PASSED. Expected [200] and Actual [200]. Comparison Type [EQUALS]. Validation Type [POSITIVE]. @30-09-2021 01:37:22.0918 AM
[ReportManager] API Action [PerformRequest] successfully performed. With the following test data [Request Type: "GET" | Target Status Code: "200" | Service URL: "https://jsonplaceholder.typicode.com/users" | Content Type: "*/*" | Response Time: "903ms"]. @30-09-2021 01:37:24.0178 AM
[ReportManager] Successfully created attachment [API Request - Specifications] @30-09-2021 01:37:24.0178 AM
[ReportManager] Successfully created attachment [API Response - JSON Body] @30-09-2021 01:37:24.0415 AM
[ReportManager] Assertion [ValidateEquals] PASSED. Expected and Actual values are attached. Comparison Type [CONTAINS]. Validation Type [POSITIVE]. @30-09-2021 01:37:24.0416 AM
[ReportManager] Successfully created attachment [Validation Test Data - Expected Value] @30-09-2021 01:37:24.0417 AM
[ReportManager] Successfully created attachment [Validation Test Data - Actual Value] @30-09-2021 01:37:24.0417 AM
[ReportManager] API Action [GetResponseJSONValueAsList] successfully performed. With the following test data [$]. @30-09-2021 01:37:24.0429 AM
[ReportManager] API Action [GetResponseJSONValue] successfully performed. With the following test data [name]. @30-09-2021 01:37:24.0453 AM
[ReportManager] API Action [GetResponseJSONValue] successfully performed. With the following test data [email]. @30-09-2021 01:37:24.0479 AM
[ReportManager] Assertion [ValidateEquals] PASSED. Expected [Sincere@april.biz] and Actual [Sincere@april.biz]. Comparison Type [EQUALS]. Validation Type [POSITIVE]. @30-09-2021 01:37:24.0480 AM
[ReportManager] API Action [GetResponseJSONValue] successfully performed. With the following test data [name]. @30-09-2021 01:37:24.0507 AM
[ReportManager] API Action [GetResponseJSONValue] successfully performed. With the following test data [name]. @30-09-2021 01:37:24.0522 AM
[ReportManager] API Action [GetResponseJSONValue] successfully performed. With the following test data [name]. @30-09-2021 01:37:24.0533 AM
[ReportManager] API Action [GetResponseJSONValue] successfully performed. With the following test data [name]. @30-09-2021 01:37:24.0544 AM
[ReportManager] API Action [GetResponseJSONValue] successfully performed. With the following test data [name]. @30-09-2021 01:37:24.0555 AM
[ReportManager] API Action [GetResponseJSONValue] successfully performed. With the following test data [name]. @30-09-2021 01:37:24.0566 AM
[ReportManager] API Action [GetResponseJSONValue] successfully performed. With the following test data [name]. @30-09-2021 01:37:24.0576 AM
[ReportManager] API Action [GetResponseJSONValue] successfully performed. With the following test data [name]. @30-09-2021 01:37:24.0587 AM
[ReportManager] API Action [GetResponseJSONValue] successfully performed. With the following test data [name]. @30-09-2021 01:37:24.0614 A
[ReportManager] File Action [GetAbsolutePath] successfully performed. With the following test data [Relative Folder Path: "target/downloadedFiles/"]. @30-09-2021 01:37:24.0635 AM
[ReportManager] Attempting to run remotely on: [Linux-64], [GoogleChrome], [http://localhost:4444/wd/hub], Headless Execution. @30-09-2021 01:37:24.0683 AM
[ReportManager] Successfully Opened [GoogleChrome]. @30-09-2021 01:37:26.0197 AM
[ReportManager] Target URL: [https://www.google.com/ncr], and after redirection: [https://www.google.com] @30-09-2021 01:37:26.0273 AM
[ReportManager] Initial URL: [data:,] @30-09-2021 01:37:26.0388 AM
[ReportManager] Browser Action [NavigateToURL] successfully performed. With the following test data [https://www.google.com/ncr]. @30-09-2021 01:37:27.0656 A

################################################################################################################################################
Starting Execution:	[3 out of 23] test cases in the current suite
Test Method:		[tests.gui.google.C_Search_PageObjectModel_Traditional.navigateToGoogleHomeAndAssertGoogleLogoIsDisplayed]
################################################################################################################################################
[ReportManager] Element Action [IsElementDisplayed] successfully performed. @30-09-2021 01:37:27.0802 AM
[ReportManager] Assertion Passed: Asserting that the Google logo is displayed @30-09-2021 01:37:27.0802 AM
[ReportManager] Assertion [ValidateTrue] PASSED. Expected [TRUE] and Actual [TRUE]. Validation Type [POSITIVE]. @30-09-2021 01:37:27.0802 A
[ReportManager] Successfully created attachment [Selenium WebDriver Logs - server] @30-09-2021 01:37:27.0915 AM
[ReportManager] Successfully created attachment [Selenium WebDriver Logs - performance] @30-09-2021 01:37:27.0974 AM
[ReportManager] Successfully created attachment [Selenium WebDriver Logs - driver] @30-09-2021 01:37:28.0102 AM
[ReportManager] Browser Action [CloseCurrentWindow] successfully performed. @30-09-2021 01:37:28.0169 AM
[ReportManager] Successfully created attachment [Browser Action Test Data - CloseCurrentWindow - Actual Value] @30-09-2021 01:37:28.0181 A
[ReportManager] File Action [GetAbsolutePath] successfully performed. With the following test data [Relative Folder Path: "target/downloadedFiles/"]. @30-09-2021 01:37:28.0201 AM
[ReportManager] Attempting to run remotely on: [Linux-64], [GoogleChrome], [http://localhost:4444/wd/hub], Headless Execution. @30-09-2021 01:37:28.0201 AM
[ReportManager] Successfully Opened [GoogleChrome]. @30-09-2021 01:37:28.0883 AM
[ReportManager] Target URL: [https://www.google.com/ncr], and after redirection: [https://www.google.com] @30-09-2021 01:37:28.0909 AM
[ReportManager] Initial URL: [data:,] @30-09-2021 01:37:28.0986 AM
[ReportManager] Browser Action [NavigateToURL] successfully performed. With the following test data [https://www.google.com/ncr]. @30-09-2021 01:37:30.0023 A

################################################################################################################################################
Starting Execution:	[4 out of 23] test cases in the current suite
Test Method:		[tests.gui.google.C_Search_PageObjectModel_Traditional.navigateToGoogleHomeAndAssertPageTitle]
################################################################################################################################################
[ReportManager] Browser Action [GetCurrentWindowTitle] successfully performed. With the following test data [Google]. @30-09-2021 01:37:30.0085 AM
[ReportManager] Assertion Passed: Asserting that the page title is Google @30-09-2021 01:37:30.0085 AM
[ReportManager] Assertion [ValidateEquals] PASSED. Expected [Google] and Actual [Google]. Comparison Type [EQUALS]. Validation Type [POSITIVE]. @30-09-2021 01:37:30.0085 A
[ReportManager] Successfully created attachment [Selenium WebDriver Logs - server] @30-09-2021 01:37:30.0200 AM
[ReportManager] Successfully created attachment [Selenium WebDriver Logs - performance] @30-09-2021 01:37:30.0252 AM
[ReportManager] Successfully created attachment [Selenium WebDriver Logs - driver] @30-09-2021 01:37:30.0402 AM
[ReportManager] Browser Action [CloseCurrentWindow] successfully performed. @30-09-2021 01:37:30.0472 AM
[ReportManager] Successfully created attachment [Browser Action Test Data - CloseCurrentWindow - Actual Value] @30-09-2021 01:37:30.0473 A
[ReportManager] File Action [GetAbsolutePath] successfully performed. With the following test data [Relative Folder Path: "target/downloadedFiles/"]. @30-09-2021 01:37:30.0484 AM
[ReportManager] Attempting to run remotely on: [Linux-64], [GoogleChrome], [http://localhost:4444/wd/hub], Headless Execution. @30-09-2021 01:37:30.0487 AM
[ReportManager] Successfully Opened [GoogleChrome]. @30-09-2021 01:37:31.0150 AM
[ReportManager] Target URL: [https://www.google.com/ncr], and after redirection: [https://www.google.com] @30-09-2021 01:37:31.0181 AM
[ReportManager] Initial URL: [data:,] @30-09-2021 01:37:31.0259 AM
[ReportManager] Browser Action [NavigateToURL] successfully performed. With the following test data [https://www.google.com/ncr]. @30-09-2021 01:37:32.0179 A

################################################################################################################################################
Starting Execution:	[5 out of 23] test cases in the current suite
Test Method:		[tests.gui.google.C_Search_PageObjectModel_Traditional.searchForQueryAndAssertFirstResultTextIsCorrect]
################################################################################################################################################
[ReportManager] Element Action [Type] successfully performed. With the following test data [SHAFT_Engine]. @30-09-2021 01:37:32.0888 AM
[ReportManager] Element Action [KeyPress] successfully performed. With the following test data [ENTER]. @30-09-2021 01:37:34.0562 AM
[ReportManager] Element Action [GetText] successfully performed. With the following test data [SHAFT_ENGINE is a Test Automation Engine that ... - GitHub]. @30-09-2021 01:37:34.0697 AM
[ReportManager] Assertion Failed: Asserting that the correct first result is displayed @30-09-2021 01:37:34.0699 AM
[ReportManager] Assertion [ValidateEquals] FAILED. Expected [MohabMohie] and Actual [SHAFT_ENGINE is a Test Automation Engine that ... - GitHub]. Comparison Type [CONTAINS]. Validation Type [POSITIVE]. @30-09-2021 01:37:34.0699 A
[ReportManager] Successfully created attachment [Selenium WebDriver Logs - server] @30-09-2021 01:37:35.0108 AM
[ReportManager] Successfully created attachment [Selenium WebDriver Logs - performance] @30-09-2021 01:37:35.0485 AM
[ReportManager] Successfully created attachment [Selenium WebDriver Logs - driver] @30-09-2021 01:37:35.0842 AM
[ReportManager] Browser Action [CloseCurrentWindow] successfully performed. @30-09-2021 01:37:35.0905 AM
[ReportManager] Successfully created attachment [Browser Action Test Data - CloseCurrentWindow - Actual Value] @30-09-2021 01:37:35.0909 A
[ReportManager] Successfully loaded the following test data file [src/test/resources/TestDataFiles/Google/SimpleSearch.xlsx]. @30-09-2021 01:37:36.0680 AM
[ReportManager] Successfully created attachment [Test Data - Excel] @30-09-2021 01:37:36.0681 A
[ReportManager] File Action [GetAbsolutePath] successfully performed. With the following test data [Relative Folder Path: "target/downloadedFiles/"]. @30-09-2021 01:37:36.0682 AM
[ReportManager] Attempting to run remotely on: [Linux-64], [GoogleChrome], [http://localhost:4444/wd/hub], Headless Execution. @30-09-2021 01:37:36.0683 AM
[ReportManager] Successfully Opened [GoogleChrome]. @30-09-2021 01:37:37.0384 AM
[ReportManager] Target URL: [https://www.google.com/ncr], and after redirection: [https://www.google.com] @30-09-2021 01:37:37.0417 AM
[ReportManager] Initial URL: [data:,] @30-09-2021 01:37:37.0524 AM
[ReportManager] Browser Action [NavigateToURL] successfully performed. With the following test data [https://www.google.com/ncr]. @30-09-2021 01:37:38.0505 A

################################################################################################################################################
Starting Execution:	[6 out of 23] test cases in the current suite
Test Method:		[tests.gui.google.E_Search_PageObjectModel_Traditional_SHAFTAssertions.navigateToGoogleHomeAndAssertGoogleLogoIsDisplayed]
################################################################################################################################################
[ReportManager] File Action [DoesFileExist] successfully performed. With the following test data [File Path: "src/test/resources/DynamicObjectRepository/tests_gui_google_E_Search_PageObjectModel_Traditional_SHAFTAssertions_navigateToGoogleHomeAndAssertGoogleLogoIsDisplayed_By_xpath_img_id_hplogo_or_alt_Google.png"]. @30-09-2021 01:37:38.0521 AM
[ReportManager] File Action [GetAbsolutePath] successfully performed. With the following test data [Relative Folder Path: "src/test/resources/DynamicObjectRepository/tests_gui_google_E_Search_PageObjectModel_Traditional_SHAFTAssertions_navigateToGoogleHomeAndAssertGoogleLogoIsDisplayed_By_xpath_img_id_hplogo_or_alt_Google.png"]. @30-09-2021 01:37:38.0521 AM
[ReportManager] File Action [ReadFromImageFile] successfully performed. With the following test data [File Path: "/home/runner/work/using_SHAFT_ENGINE/using_SHAFT_ENGINE/src/test/resources/DynamicObjectRepository/tests_gui_google_E_Search_PageObjectModel_Traditional_SHAFTAssertions_navigateToGoogleHomeAndAssertGoogleLogoIsDisplayed_By_xpath_img_id_hplogo_or_alt_Google.png"]. @30-09-2021 01:37:38.0522 AM
[ReportManager] File Action [DoesFileExist] successfully performed. With the following test data [File Path: "src/test/resources/DynamicObjectRepository/tests_gui_google_E_Search_PageObjectModel_Traditional_SHAFTAssertions_navigateToGoogleHomeAndAssertGoogleLogoIsDisplayed_By_xpath_img_id_hplogo_or_alt_Google.png"]. @30-09-2021 01:37:38.0758 AM
[ReportManager] File Action [DoesFileExist] successfully performed. With the following test data [File Path: "src/test/resources/DynamicObjectRepository/tests_gui_google_E_Search_PageObjectModel_Traditional_SHAFTAssertions_navigateToGoogleHomeAndAssertGoogleLogoIsDisplayed_By_xpath_img_id_hplogo_or_alt_Google.png"]. @30-09-2021 01:37:38.0759 AM
[ReportManager] Loaded Shared OpenCV @30-09-2021 01:37:39.0205 AM
[ReportManager] Successfully identified the element using AI; OpenCV. @30-09-2021 01:37:39.0225 AM
[ReportManager] Assertion Passed: Asserting that the Google logo is displayed @30-09-2021 01:37:39.0226 AM
[ReportManager] Successfully created attachment [Validation Test Data - Reference Screenshot] @30-09-2021 01:37:39.0227 AM
[ReportManager] Successfully created attachment [Validation Test Data - Actual Screenshot] @30-09-2021 01:37:39.0228 AM
[ReportManager] Assertion [ValidateElementMatches] PASSED. Expected [Element should match the reference screenshot] and Actual [TRUE]. Comparison Type [EXACT_OPENCV]. Validation Type [POSITIVE]. @30-09-2021 01:37:39.0228 A
[ReportManager] Successfully created attachment [Selenium WebDriver Logs - server] @30-09-2021 01:37:39.0346 AM
[ReportManager] Successfully created attachment [Selenium WebDriver Logs - performance] @30-09-2021 01:37:39.0411 AM
[ReportManager] Successfully created attachment [Selenium WebDriver Logs - driver] @30-09-2021 01:37:39.0502 AM
[ReportManager] Browser Action [CloseCurrentWindow] successfully performed. @30-09-2021 01:37:39.0563 AM
[ReportManager] Successfully created attachment [Browser Action Test Data - CloseCurrentWindow - Actual Value] @30-09-2021 01:37:39.0566 A
[ReportManager] File Action [GetAbsolutePath] successfully performed. With the following test data [Relative Folder Path: "target/downloadedFiles/"]. @30-09-2021 01:37:39.0570 AM
[ReportManager] Attempting to run remotely on: [Linux-64], [GoogleChrome], [http://localhost:4444/wd/hub], Headless Execution. @30-09-2021 01:37:39.0571 AM
[ReportManager] Successfully Opened [GoogleChrome]. @30-09-2021 01:37:39.0864 AM
[ReportManager] Target URL: [https://www.google.com/ncr], and after redirection: [https://www.google.com] @30-09-2021 01:37:39.0887 AM
[ReportManager] Initial URL: [data:,] @30-09-2021 01:37:39.0945 AM
[ReportManager] Browser Action [NavigateToURL] successfully performed. With the following test data [https://www.google.com/ncr]. @30-09-2021 01:37:42.0107 A

################################################################################################################################################
Starting Execution:	[7 out of 23] test cases in the current suite
Test Method:		[tests.gui.google.E_Search_PageObjectModel_Traditional_SHAFTAssertions.navigateToGoogleHomeAndAssertPageTitle]
################################################################################################################################################
[ReportManager] Browser Action [GetCurrentWindowTitle] successfully performed. With the following test data [Google]. @30-09-2021 01:37:42.0166 AM
[ReportManager] Assertion Passed: Asserting that the page title is Google @30-09-2021 01:37:42.0492 AM
[ReportManager] Successfully created attachment [Screenshot - 1632965862263_navigateToGoogleHomeAndAssertPageTitle_ValidateBrowserAttribute_passed] @30-09-2021 01:37:42.0499 AM
[ReportManager] Assertion [ValidateBrowserAttribute] PASSED. Expected [Value Should be 'Google' for the 'Title' attribute] and Actual [Google]. Comparison Type [EQUALS]. Validation Type [POSITIVE]. @30-09-2021 01:37:42.0499 A
[ReportManager] Successfully created attachment [Selenium WebDriver Logs - server] @30-09-2021 01:37:42.0640 AM
[ReportManager] Successfully created attachment [Selenium WebDriver Logs - performance] @30-09-2021 01:37:42.0685 AM
[ReportManager] Successfully created attachment [Selenium WebDriver Logs - driver] @30-09-2021 01:37:42.0806 AM
[ReportManager] Browser Action [CloseCurrentWindow] successfully performed. @30-09-2021 01:37:42.0870 AM
[ReportManager] Successfully created attachment [Browser Action Test Data - CloseCurrentWindow - Actual Value] @30-09-2021 01:37:42.0871 A
[ReportManager] File Action [GetAbsolutePath] successfully performed. With the following test data [Relative Folder Path: "target/downloadedFiles/"]. @30-09-2021 01:37:42.0876 AM
[ReportManager] Attempting to run remotely on: [Linux-64], [GoogleChrome], [http://localhost:4444/wd/hub], Headless Execution. @30-09-2021 01:37:42.0876 AM
[ReportManager] Successfully Opened [GoogleChrome]. @30-09-2021 01:37:43.0169 AM
[ReportManager] Target URL: [https://www.google.com/ncr], and after redirection: [https://www.google.com] @30-09-2021 01:37:43.0205 AM
[ReportManager] Initial URL: [data:,] @30-09-2021 01:37:43.0303 AM
[ReportManager] Browser Action [NavigateToURL] successfully performed. With the following test data [https://www.google.com/ncr]. @30-09-2021 01:37:44.0339 A

################################################################################################################################################
Starting Execution:	[8 out of 23] test cases in the current suite
Test Method:		[tests.gui.google.E_Search_PageObjectModel_Traditional_SHAFTAssertions.searchForQueryAndAssertFirstResultTextIsCorrect]
################################################################################################################################################
[ReportManager] Element Action [Type] successfully performed. With the following test data [SHAFT_Engine]. @30-09-2021 01:37:45.0259 AM
[ReportManager] Element Action [KeyPress] successfully performed. With the following test data [ENTER]. @30-09-2021 01:37:46.0984 AM
[ReportManager] Element Action [GetText] successfully performed. With the following test data [SHAFT_ENGINE is a Test Automation Engine that ... - GitHub]. @30-09-2021 01:37:47.0105 AM
[ReportManager] Loaded Shared OpenCV @30-09-2021 01:37:47.0355 AM
[ReportManager] Assertion Failed: Asserting that the correct first result is displayed @30-09-2021 01:37:47.0459 AM
[ReportManager] Successfully created attachment [Screenshot - 1632965867355_searchForQueryAndAssertFirstResultTextIsCorrect_ValidateElementAttribute_failed] @30-09-2021 01:37:47.0467 AM
[ReportManager] Assertion [ValidateElementAttribute] FAILED. Expected [Value Should be 'MohabMohie' for the 'Text' attribute, element locator 'By.xpath: (//h1[contains(text(),'Search Result')]/following-sibling::div//a/h3)[1]'] and Actual [SHAFT_ENGINE is a Test Automation Engine that ... - GitHub]. Comparison Type [CONTAINS]. Validation Type [POSITIVE]. @30-09-2021 01:37:47.0467 A
[ReportManager] Successfully created attachment [Selenium WebDriver Logs - server] @30-09-2021 01:37:47.0692 AM
[ReportManager] Successfully created attachment [Selenium WebDriver Logs - performance] @30-09-2021 01:37:47.0914 AM
[ReportManager] Successfully created attachment [Selenium WebDriver Logs - driver] @30-09-2021 01:37:48.0240 AM
[ReportManager] Browser Action [CloseCurrentWindow] successfully performed. @30-09-2021 01:37:48.0305 AM
[ReportManager] Successfully created attachment [Browser Action Test Data - CloseCurrentWindow - Actual Value] @30-09-2021 01:37:48.0312 A
[ReportManager] File Action [GetAbsolutePath] successfully performed. With the following test data [Relative Folder Path: "target/downloadedFiles/"]. @30-09-2021 01:37:48.0318 AM
[ReportManager] Attempting to run remotely on: [Linux-64], [GoogleChrome], [http://localhost:4444/wd/hub], Headless Execution. @30-09-2021 01:37:48.0318 AM
[ReportManager] Successfully Opened [GoogleChrome]. @30-09-2021 01:37:48.0666 AM
[ReportManager] Target URL: [https://www.google.com/ncr], and after redirection: [https://www.google.com] @30-09-2021 01:37:48.0706 AM
[ReportManager] Initial URL: [data:,] @30-09-2021 01:37:48.0781 AM
[ReportManager] Browser Action [NavigateToURL] successfully performed. With the following test data [https://www.google.com/ncr]. @30-09-2021 01:37:49.0808 A

################################################################################################################################################
Starting Execution:	[9 out of 23] test cases in the current suite
Test Method:		[tests.gui.google.B_Search_FlatTest_SHAFT.navigateToGoogleHomeAndAssertGoogleLogoIsDisplayed]
################################################################################################################################################
[ReportManager] File Action [DoesFileExist] successfully performed. With the following test data [File Path: "src/test/resources/DynamicObjectRepository/tests_gui_google_B_Search_FlatTest_SHAFT_navigateToGoogleHomeAndAssertGoogleLogoIsDisplayed_By_xpath_img_id_hplogo_or_alt_Google.png"]. @30-09-2021 01:37:49.0825 AM
[ReportManager] File Action [GetAbsolutePath] successfully performed. With the following test data [Relative Folder Path: "src/test/resources/DynamicObjectRepository/tests_gui_google_B_Search_FlatTest_SHAFT_navigateToGoogleHomeAndAssertGoogleLogoIsDisplayed_By_xpath_img_id_hplogo_or_alt_Google.png"]. @30-09-2021 01:37:49.0826 AM
[ReportManager] File Action [ReadFromImageFile] successfully performed. With the following test data [File Path: "/home/runner/work/using_SHAFT_ENGINE/using_SHAFT_ENGINE/src/test/resources/DynamicObjectRepository/tests_gui_google_B_Search_FlatTest_SHAFT_navigateToGoogleHomeAndAssertGoogleLogoIsDisplayed_By_xpath_img_id_hplogo_or_alt_Google.png"]. @30-09-2021 01:37:49.0826 AM
[ReportManager] File Action [DoesFileExist] successfully performed. With the following test data [File Path: "src/test/resources/DynamicObjectRepository/tests_gui_google_B_Search_FlatTest_SHAFT_navigateToGoogleHomeAndAssertGoogleLogoIsDisplayed_By_xpath_img_id_hplogo_or_alt_Google.png"]. @30-09-2021 01:37:50.0038 AM
[ReportManager] File Action [DoesFileExist] successfully performed. With the following test data [File Path: "src/test/resources/DynamicObjectRepository/tests_gui_google_B_Search_FlatTest_SHAFT_navigateToGoogleHomeAndAssertGoogleLogoIsDisplayed_By_xpath_img_id_hplogo_or_alt_Google.png"]. @30-09-2021 01:37:50.0039 AM
[ReportManager] Loaded Shared OpenCV @30-09-2021 01:37:50.0039 AM
[ReportManager] Successfully identified the element using AI; OpenCV. @30-09-2021 01:37:50.0042 AM
[ReportManager] Assertion Passed: Asserting that the Google logo is displayed @30-09-2021 01:37:50.0042 AM
[ReportManager] Successfully created attachment [Validation Test Data - Reference Screenshot] @30-09-2021 01:37:50.0043 AM
[ReportManager] Successfully created attachment [Validation Test Data - Actual Screenshot] @30-09-2021 01:37:50.0043 AM
[ReportManager] Assertion [ValidateElementMatches] PASSED. Expected [Element should match the reference screenshot] and Actual [TRUE]. Comparison Type [EXACT_OPENCV]. Validation Type [POSITIVE]. @30-09-2021 01:37:50.0043 A
[ReportManager] Successfully created attachment [Selenium WebDriver Logs - server] @30-09-2021 01:37:50.0153 AM
[ReportManager] Successfully created attachment [Selenium WebDriver Logs - performance] @30-09-2021 01:37:50.0191 AM
[ReportManager] Successfully created attachment [Selenium WebDriver Logs - driver] @30-09-2021 01:37:50.0280 AM
[ReportManager] Browser Action [CloseCurrentWindow] successfully performed. @30-09-2021 01:37:50.0343 AM
[ReportManager] Successfully created attachment [Browser Action Test Data - CloseCurrentWindow - Actual Value] @30-09-2021 01:37:50.0344 A
[ReportManager] File Action [GetAbsolutePath] successfully performed. With the following test data [Relative Folder Path: "target/downloadedFiles/"]. @30-09-2021 01:37:50.0355 AM
[ReportManager] Attempting to run remotely on: [Linux-64], [GoogleChrome], [http://localhost:4444/wd/hub], Headless Execution. @30-09-2021 01:37:50.0355 AM
[ReportManager] Successfully Opened [GoogleChrome]. @30-09-2021 01:37:50.0661 AM
[ReportManager] Target URL: [https://www.google.com/ncr], and after redirection: [https://www.google.com] @30-09-2021 01:37:50.0689 AM
[ReportManager] Initial URL: [data:,] @30-09-2021 01:37:50.0758 AM
[ReportManager] Browser Action [NavigateToURL] successfully performed. With the following test data [https://www.google.com/ncr]. @30-09-2021 01:37:51.0722 A

################################################################################################################################################
Starting Execution:	[10 out of 23] test cases in the current suite
Test Method:		[tests.gui.google.B_Search_FlatTest_SHAFT.navigateToGoogleHomeAndAssertPageTitle]
################################################################################################################################################
[ReportManager] Browser Action [GetCurrentWindowTitle] successfully performed. With the following test data [Google]. @30-09-2021 01:37:51.0771 AM
[ReportManager] Assertion Passed: Asserting that the page title is Google @30-09-2021 01:37:51.0903 AM
[ReportManager] Successfully created attachment [Screenshot - 1632965871855_navigateToGoogleHomeAndAssertPageTitle_ValidateBrowserAttribute_passed] @30-09-2021 01:37:51.0903 AM
[ReportManager] Assertion [ValidateBrowserAttribute] PASSED. Expected [Value Should be 'Google' for the 'Title' attribute] and Actual [Google]. Comparison Type [EQUALS]. Validation Type [POSITIVE]. @30-09-2021 01:37:51.0903 A
[ReportManager] Successfully created attachment [Selenium WebDriver Logs - server] @30-09-2021 01:37:51.0997 AM
[ReportManager] Successfully created attachment [Selenium WebDriver Logs - performance] @30-09-2021 01:37:52.0038 AM
[ReportManager] Successfully created attachment [Selenium WebDriver Logs - driver] @30-09-2021 01:37:52.0114 AM
[ReportManager] Browser Action [CloseCurrentWindow] successfully performed. @30-09-2021 01:37:52.0177 AM
[ReportManager] Successfully created attachment [Browser Action Test Data - CloseCurrentWindow - Actual Value] @30-09-2021 01:37:52.0178 A
[ReportManager] File Action [GetAbsolutePath] successfully performed. With the following test data [Relative Folder Path: "target/downloadedFiles/"]. @30-09-2021 01:37:52.0185 AM
[ReportManager] Attempting to run remotely on: [Linux-64], [GoogleChrome], [http://localhost:4444/wd/hub], Headless Execution. @30-09-2021 01:37:52.0185 AM
[ReportManager] Successfully Opened [GoogleChrome]. @30-09-2021 01:37:52.0468 AM
[ReportManager] Target URL: [https://www.google.com/ncr], and after redirection: [https://www.google.com] @30-09-2021 01:37:52.0497 AM
[ReportManager] Initial URL: [data:,] @30-09-2021 01:37:52.0556 AM
[ReportManager] Browser Action [NavigateToURL] successfully performed. With the following test data [https://www.google.com/ncr]. @30-09-2021 01:37:53.0448 A

################################################################################################################################################
Starting Execution:	[11 out of 23] test cases in the current suite
Test Method:		[tests.gui.google.B_Search_FlatTest_SHAFT.searchForQueryAndAssertFirstResultTextIsCorrect]
################################################################################################################################################
[ReportManager] Element Action [Type] successfully performed. With the following test data [SHAFT_Engine]. @30-09-2021 01:37:54.0175 AM
[ReportManager] Element Action [KeyPress] successfully performed. With the following test data [ENTER]. @30-09-2021 01:37:55.0979 AM
[ReportManager] Element Action [GetText] successfully performed. With the following test data [SHAFT_ENGINE is a Test Automation Engine that ... - GitHub]. @30-09-2021 01:37:56.0071 AM
[ReportManager] Loaded Shared OpenCV @30-09-2021 01:37:56.0254 AM
[ReportManager] Assertion Failed: Asserting that the correct first result is displayed @30-09-2021 01:37:56.0311 AM
[ReportManager] Successfully created attachment [Screenshot - 1632965876254_searchForQueryAndAssertFirstResultTextIsCorrect_ValidateElementAttribute_failed] @30-09-2021 01:37:56.0313 AM
[ReportManager] Assertion [ValidateElementAttribute] FAILED. Expected [Value Should be 'MohabMohie' for the 'Text' attribute, element locator 'By.xpath: (//h1[contains(text(),'Search Result')]/following-sibling::div//a/h3)[1]'] and Actual [SHAFT_ENGINE is a Test Automation Engine that ... - GitHub]. Comparison Type [CONTAINS]. Validation Type [POSITIVE]. @30-09-2021 01:37:56.0313 A
[ReportManager] Successfully created attachment [Selenium WebDriver Logs - server] @30-09-2021 01:37:56.0484 AM
[ReportManager] Successfully created attachment [Selenium WebDriver Logs - performance] @30-09-2021 01:37:56.0652 AM
[ReportManager] Successfully created attachment [Selenium WebDriver Logs - driver] @30-09-2021 01:37:56.0875 AM
[ReportManager] Browser Action [CloseCurrentWindow] successfully performed. @30-09-2021 01:37:56.0938 AM
[ReportManager] Successfully created attachment [Browser Action Test Data - CloseCurrentWindow - Actual Value] @30-09-2021 01:37:56.0940 A
[ReportManager] Successfully loaded the following test data file [src/test/resources/TestDataFiles/Google/SimpleSearch.xlsx]. @30-09-2021 01:37:57.0005 AM
[ReportManager] Successfully created attachment [Test Data - Excel] @30-09-2021 01:37:57.0006 A
[ReportManager] File Action [GetAbsolutePath] successfully performed. With the following test data [Relative Folder Path: "target/downloadedFiles/"]. @30-09-2021 01:37:57.0007 AM
[ReportManager] Attempting to run remotely on: [Linux-64], [GoogleChrome], [http://localhost:4444/wd/hub], Headless Execution. @30-09-2021 01:37:57.0007 AM
[ReportManager] Successfully Opened [GoogleChrome]. @30-09-2021 01:37:57.0337 AM
[ReportManager] Target URL: [https://www.google.com/ncr], and after redirection: [https://www.google.com] @30-09-2021 01:37:57.0366 AM
[ReportManager] Initial URL: [data:,] @30-09-2021 01:37:57.0423 AM
[ReportManager] Browser Action [NavigateToURL] successfully performed. With the following test data [https://www.google.com/ncr]. @30-09-2021 01:37:58.0287 A

################################################################################################################################################
Starting Execution:	[12 out of 23] test cases in the current suite
Test Method:		[tests.gui.google.F_Search_PageObjectModel_Fluent.navigateToGoogleHomeAndAssertGoogleLogoIsDisplayed]
################################################################################################################################################
[ReportManager] File Action [DoesFileExist] successfully performed. With the following test data [File Path: "src/test/resources/DynamicObjectRepository/tests_gui_google_F_Search_PageObjectModel_Fluent_navigateToGoogleHomeAndAssertGoogleLogoIsDisplayed_By_xpath_img_id_hplogo_or_alt_Google.png"]. @30-09-2021 01:37:58.0299 AM
[ReportManager] File Action [GetAbsolutePath] successfully performed. With the following test data [Relative Folder Path: "src/test/resources/DynamicObjectRepository/tests_gui_google_F_Search_PageObjectModel_Fluent_navigateToGoogleHomeAndAssertGoogleLogoIsDisplayed_By_xpath_img_id_hplogo_or_alt_Google.png"]. @30-09-2021 01:37:58.0300 AM
[ReportManager] File Action [ReadFromImageFile] successfully performed. With the following test data [File Path: "/home/runner/work/using_SHAFT_ENGINE/using_SHAFT_ENGINE/src/test/resources/DynamicObjectRepository/tests_gui_google_F_Search_PageObjectModel_Fluent_navigateToGoogleHomeAndAssertGoogleLogoIsDisplayed_By_xpath_img_id_hplogo_or_alt_Google.png"]. @30-09-2021 01:37:58.0300 AM
[ReportManager] File Action [DoesFileExist] successfully performed. With the following test data [File Path: "src/test/resources/DynamicObjectRepository/tests_gui_google_F_Search_PageObjectModel_Fluent_navigateToGoogleHomeAndAssertGoogleLogoIsDisplayed_By_xpath_img_id_hplogo_or_alt_Google.png"]. @30-09-2021 01:37:58.0552 AM
[ReportManager] File Action [DoesFileExist] successfully performed. With the following test data [File Path: "src/test/resources/DynamicObjectRepository/tests_gui_google_F_Search_PageObjectModel_Fluent_navigateToGoogleHomeAndAssertGoogleLogoIsDisplayed_By_xpath_img_id_hplogo_or_alt_Google.png"]. @30-09-2021 01:37:58.0553 AM
[ReportManager] Loaded Shared OpenCV @30-09-2021 01:37:58.0554 AM
[ReportManager] Successfully identified the element using AI; OpenCV. @30-09-2021 01:37:58.0556 AM
[ReportManager] Assertion Passed: Asserting that the Google logo is displayed @30-09-2021 01:37:58.0556 AM
[ReportManager] Successfully created attachment [Validation Test Data - Reference Screenshot] @30-09-2021 01:37:58.0557 AM
[ReportManager] Successfully created attachment [Validation Test Data - Actual Screenshot] @30-09-2021 01:37:58.0557 AM
[ReportManager] Assertion [ValidateElementMatches] PASSED. Expected [Element should match the reference screenshot] and Actual [TRUE]. Comparison Type [EXACT_OPENCV]. Validation Type [POSITIVE]. @30-09-2021 01:37:58.0557 A
[ReportManager] Successfully created attachment [Selenium WebDriver Logs - server] @30-09-2021 01:37:58.0657 AM
[ReportManager] Successfully created attachment [Selenium WebDriver Logs - performance] @30-09-2021 01:37:58.0691 AM
[ReportManager] Successfully created attachment [Selenium WebDriver Logs - driver] @30-09-2021 01:37:58.0757 AM
[ReportManager] Browser Action [CloseCurrentWindow] successfully performed. @30-09-2021 01:37:58.0824 AM
[ReportManager] Successfully created attachment [Browser Action Test Data - CloseCurrentWindow - Actual Value] @30-09-2021 01:37:58.0825 A
[ReportManager] File Action [GetAbsolutePath] successfully performed. With the following test data [Relative Folder Path: "target/downloadedFiles/"]. @30-09-2021 01:37:58.0827 AM
[ReportManager] Attempting to run remotely on: [Linux-64], [GoogleChrome], [http://localhost:4444/wd/hub], Headless Execution. @30-09-2021 01:37:58.0831 AM
[ReportManager] Successfully Opened [GoogleChrome]. @30-09-2021 01:37:59.0117 AM
[ReportManager] Target URL: [https://www.google.com/ncr], and after redirection: [https://www.google.com] @30-09-2021 01:37:59.0145 AM
[ReportManager] Initial URL: [data:,] @30-09-2021 01:37:59.0199 AM
[ReportManager] Browser Action [NavigateToURL] successfully performed. With the following test data [https://www.google.com/ncr]. @30-09-2021 01:38:00.0630 A

################################################################################################################################################
Starting Execution:	[13 out of 23] test cases in the current suite
Test Method:		[tests.gui.google.F_Search_PageObjectModel_Fluent.navigateToGoogleHomeAndAssertPageTitle]
################################################################################################################################################
[ReportManager] Browser Action [GetCurrentWindowTitle] successfully performed. With the following test data [Google]. @30-09-2021 01:38:00.0669 AM
[ReportManager] Assertion Passed: Asserting that the page title is Google @30-09-2021 01:38:00.0782 AM
[ReportManager] Successfully created attachment [Screenshot - 1632965880738_navigateToGoogleHomeAndAssertPageTitle_ValidateBrowserAttribute_passed] @30-09-2021 01:38:00.0783 AM
[ReportManager] Assertion [ValidateBrowserAttribute] PASSED. Expected [Value Should be 'Google' for the 'Title' attribute] and Actual [Google]. Comparison Type [EQUALS]. Validation Type [POSITIVE]. @30-09-2021 01:38:00.0783 A
[ReportManager] Successfully created attachment [Selenium WebDriver Logs - server] @30-09-2021 01:38:00.0878 AM
[ReportManager] Successfully created attachment [Selenium WebDriver Logs - performance] @30-09-2021 01:38:00.0910 AM
[ReportManager] Successfully created attachment [Selenium WebDriver Logs - driver] @30-09-2021 01:38:00.0977 AM
[ReportManager] Browser Action [CloseCurrentWindow] successfully performed. @30-09-2021 01:38:01.0045 AM
[ReportManager] Successfully created attachment [Browser Action Test Data - CloseCurrentWindow - Actual Value] @30-09-2021 01:38:01.0046 A
[ReportManager] File Action [GetAbsolutePath] successfully performed. With the following test data [Relative Folder Path: "target/downloadedFiles/"]. @30-09-2021 01:38:01.0051 AM
[ReportManager] Attempting to run remotely on: [Linux-64], [GoogleChrome], [http://localhost:4444/wd/hub], Headless Execution. @30-09-2021 01:38:01.0051 AM
[ReportManager] Successfully Opened [GoogleChrome]. @30-09-2021 01:38:01.0310 AM
[ReportManager] Target URL: [https://www.google.com/ncr], and after redirection: [https://www.google.com] @30-09-2021 01:38:01.0327 AM
[ReportManager] Initial URL: [data:,] @30-09-2021 01:38:01.0392 AM
[ReportManager] Browser Action [NavigateToURL] successfully performed. With the following test data [https://www.google.com/ncr]. @30-09-2021 01:38:02.0221 A

################################################################################################################################################
Starting Execution:	[14 out of 23] test cases in the current suite
Test Method:		[tests.gui.google.F_Search_PageObjectModel_Fluent.searchForQueryAndAssertFirstResultTextIsCorrect]
################################################################################################################################################
[ReportManager] Element Action [Type] successfully performed. With the following test data [SHAFT_Engine]. @30-09-2021 01:38:02.0908 AM
[ReportManager] Element Action [KeyPress] successfully performed. With the following test data [ENTER]. @30-09-2021 01:38:04.0595 AM
[ReportManager] Element Action [GetText] successfully performed. With the following test data [SHAFT_ENGINE is a Test Automation Engine that ... - GitHub]. @30-09-2021 01:38:04.0689 AM
[ReportManager] Loaded Shared OpenCV @30-09-2021 01:38:04.0860 AM
[ReportManager] Assertion Failed: Asserting that the correct first result is displayed @30-09-2021 01:38:04.0920 AM
[ReportManager] Successfully created attachment [Screenshot - 1632965884859_searchForQueryAndAssertFirstResultTextIsCorrect_ValidateElementAttribute_failed] @30-09-2021 01:38:04.0922 AM
[ReportManager] Assertion [ValidateElementAttribute] FAILED. Expected [Value Should be 'MohabMohie' for the 'Text' attribute, element locator 'By.xpath: (//h1[contains(text(),'Search Result')]/following-sibling::div//a/h3)[1]'] and Actual [SHAFT_ENGINE is a Test Automation Engine that ... - GitHub]. Comparison Type [CONTAINS]. Validation Type [POSITIVE]. @30-09-2021 01:38:04.0922 A
[ReportManager] Successfully created attachment [Selenium WebDriver Logs - server] @30-09-2021 01:38:05.0097 AM
[ReportManager] Successfully created attachment [Selenium WebDriver Logs - performance] @30-09-2021 01:38:05.0272 AM
[ReportManager] Successfully created attachment [Selenium WebDriver Logs - driver] @30-09-2021 01:38:05.0483 AM
[ReportManager] Browser Action [CloseCurrentWindow] successfully performed. @30-09-2021 01:38:05.0544 AM
[ReportManager] Successfully created attachment [Browser Action Test Data - CloseCurrentWindow - Actual Value] @30-09-2021 01:38:05.0546 A
[ReportManager] Successfully loaded the following test data file [src/test/resources/TestDataFiles/Google/SimpleSearch.xlsx]. @30-09-2021 01:38:05.0576 AM
[ReportManager] Successfully created attachment [Test Data - Excel] @30-09-2021 01:38:05.0576 A
[ReportManager] File Action [GetAbsolutePath] successfully performed. With the following test data [Relative Folder Path: "target/downloadedFiles/"]. @30-09-2021 01:38:05.0586 AM
[ReportManager] Attempting to run remotely on: [Linux-64], [GoogleChrome], [http://localhost:4444/wd/hub], Headless Execution. @30-09-2021 01:38:05.0586 AM
[ReportManager] Successfully Opened [GoogleChrome]. @30-09-2021 01:38:05.0848 AM
[ReportManager] Target URL: [https://www.google.com/ncr], and after redirection: [https://www.google.com] @30-09-2021 01:38:05.0861 AM
[ReportManager] Initial URL: [data:,] @30-09-2021 01:38:05.0906 AM
[ReportManager] Browser Action [NavigateToURL] successfully performed. With the following test data [https://www.google.com/ncr]. @30-09-2021 01:38:06.0857 A

################################################################################################################################################
Starting Execution:	[15 out of 23] test cases in the current suite
Test Method:		[tests.gui.google.G_Search_PageObjectModel_ThreadSafe.navigateToGoogleHomeAndAssertGoogleLogoIsDisplayed]
################################################################################################################################################
[ReportManager] File Action [DoesFileExist] successfully performed. With the following test data [File Path: "src/test/resources/DynamicObjectRepository/tests_gui_google_G_Search_PageObjectModel_ThreadSafe_navigateToGoogleHomeAndAssertGoogleLogoIsDisplayed_By_xpath_img_id_hplogo_or_alt_Google.png"]. @30-09-2021 01:38:06.0868 AM
[ReportManager] File Action [GetAbsolutePath] successfully performed. With the following test data [Relative Folder Path: "src/test/resources/DynamicObjectRepository/tests_gui_google_G_Search_PageObjectModel_ThreadSafe_navigateToGoogleHomeAndAssertGoogleLogoIsDisplayed_By_xpath_img_id_hplogo_or_alt_Google.png"]. @30-09-2021 01:38:06.0868 AM
[ReportManager] File Action [ReadFromImageFile] successfully performed. With the following test data [File Path: "/home/runner/work/using_SHAFT_ENGINE/using_SHAFT_ENGINE/src/test/resources/DynamicObjectRepository/tests_gui_google_G_Search_PageObjectModel_ThreadSafe_navigateToGoogleHomeAndAssertGoogleLogoIsDisplayed_By_xpath_img_id_hplogo_or_alt_Google.png"]. @30-09-2021 01:38:06.0868 AM
[ReportManager] File Action [DoesFileExist] successfully performed. With the following test data [File Path: "src/test/resources/DynamicObjectRepository/tests_gui_google_G_Search_PageObjectModel_ThreadSafe_navigateToGoogleHomeAndAssertGoogleLogoIsDisplayed_By_xpath_img_id_hplogo_or_alt_Google.png"]. @30-09-2021 01:38:07.0054 AM
[ReportManager] File Action [DoesFileExist] successfully performed. With the following test data [File Path: "src/test/resources/DynamicObjectRepository/tests_gui_google_G_Search_PageObjectModel_ThreadSafe_navigateToGoogleHomeAndAssertGoogleLogoIsDisplayed_By_xpath_img_id_hplogo_or_alt_Google.png"]. @30-09-2021 01:38:07.0054 AM
[ReportManager] Loaded Shared OpenCV @30-09-2021 01:38:07.0054 AM
[ReportManager] Successfully identified the element using AI; OpenCV. @30-09-2021 01:38:07.0057 AM
[ReportManager] Assertion Passed: Asserting that the Google logo is displayed @30-09-2021 01:38:07.0057 AM
[ReportManager] Successfully created attachment [Validation Test Data - Reference Screenshot] @30-09-2021 01:38:07.0058 AM
[ReportManager] Successfully created attachment [Validation Test Data - Actual Screenshot] @30-09-2021 01:38:07.0058 AM
[ReportManager] Assertion [ValidateElementMatches] PASSED. Expected [Element should match the reference screenshot] and Actual [TRUE]. Comparison Type [EXACT_OPENCV]. Validation Type [POSITIVE]. @30-09-2021 01:38:07.0058 A
[ReportManager] Successfully created attachment [Selenium WebDriver Logs - server] @30-09-2021 01:38:07.0166 AM
[ReportManager] Successfully created attachment [Selenium WebDriver Logs - performance] @30-09-2021 01:38:07.0198 AM
[ReportManager] Successfully created attachment [Selenium WebDriver Logs - driver] @30-09-2021 01:38:07.0279 AM
[ReportManager] Browser Action [CloseCurrentWindow] successfully performed. @30-09-2021 01:38:07.0337 AM
[ReportManager] Successfully created attachment [Browser Action Test Data - CloseCurrentWindow - Actual Value] @30-09-2021 01:38:07.0337 A
[ReportManager] File Action [GetAbsolutePath] successfully performed. With the following test data [Relative Folder Path: "target/downloadedFiles/"]. @30-09-2021 01:38:07.0340 AM
[ReportManager] Attempting to run remotely on: [Linux-64], [GoogleChrome], [http://localhost:4444/wd/hub], Headless Execution. @30-09-2021 01:38:07.0340 AM
[ReportManager] Successfully Opened [GoogleChrome]. @30-09-2021 01:38:07.0637 AM
[ReportManager] Target URL: [https://www.google.com/ncr], and after redirection: [https://www.google.com] @30-09-2021 01:38:07.0655 AM
[ReportManager] Initial URL: [data:,] @30-09-2021 01:38:07.0716 AM
[ReportManager] Browser Action [NavigateToURL] successfully performed. With the following test data [https://www.google.com/ncr]. @30-09-2021 01:38:08.0652 A

################################################################################################################################################
Starting Execution:	[16 out of 23] test cases in the current suite
Test Method:		[tests.gui.google.G_Search_PageObjectModel_ThreadSafe.navigateToGoogleHomeAndAssertPageTitle]
################################################################################################################################################
[ReportManager] Browser Action [GetCurrentWindowTitle] successfully performed. With the following test data [Google]. @30-09-2021 01:38:08.0700 AM
[ReportManager] Assertion Passed: Asserting that the page title is Google @30-09-2021 01:38:08.0841 AM
[ReportManager] Successfully created attachment [Screenshot - 1632965888772_navigateToGoogleHomeAndAssertPageTitle_ValidateBrowserAttribute_passed] @30-09-2021 01:38:08.0842 AM
[ReportManager] Assertion [ValidateBrowserAttribute] PASSED. Expected [Value Should be 'Google' for the 'Title' attribute] and Actual [Google]. Comparison Type [EQUALS]. Validation Type [POSITIVE]. @30-09-2021 01:38:08.0842 A
[ReportManager] Successfully created attachment [Selenium WebDriver Logs - server] @30-09-2021 01:38:08.0926 AM
[ReportManager] Successfully created attachment [Selenium WebDriver Logs - performance] @30-09-2021 01:38:08.0960 AM
[ReportManager] Successfully created attachment [Selenium WebDriver Logs - driver] @30-09-2021 01:38:09.0024 AM
[ReportManager] Browser Action [CloseCurrentWindow] successfully performed. @30-09-2021 01:38:09.0084 AM
[ReportManager] Successfully created attachment [Browser Action Test Data - CloseCurrentWindow - Actual Value] @30-09-2021 01:38:09.0084 A
[ReportManager] File Action [GetAbsolutePath] successfully performed. With the following test data [Relative Folder Path: "target/downloadedFiles/"]. @30-09-2021 01:38:09.0087 AM
[ReportManager] Attempting to run remotely on: [Linux-64], [GoogleChrome], [http://localhost:4444/wd/hub], Headless Execution. @30-09-2021 01:38:09.0087 AM
[ReportManager] Successfully Opened [GoogleChrome]. @30-09-2021 01:38:09.0410 AM
[ReportManager] Target URL: [https://www.google.com/ncr], and after redirection: [https://www.google.com] @30-09-2021 01:38:09.0425 AM
[ReportManager] Initial URL: [data:,] @30-09-2021 01:38:09.0485 AM
[ReportManager] Browser Action [NavigateToURL] successfully performed. With the following test data [https://www.google.com/ncr]. @30-09-2021 01:38:10.0329 A

################################################################################################################################################
Starting Execution:	[17 out of 23] test cases in the current suite
Test Method:		[tests.gui.google.G_Search_PageObjectModel_ThreadSafe.searchForQueryAndAssertFirstResultTextIsCorrect]
################################################################################################################################################
[ReportManager] Element Action [Type] successfully performed. With the following test data [SHAFT_Engine]. @30-09-2021 01:38:11.0074 AM
[ReportManager] Element Action [KeyPress] successfully performed. With the following test data [ENTER]. @30-09-2021 01:38:12.0680 AM
[ReportManager] Element Action [GetText] successfully performed. With the following test data [SHAFT_ENGINE is a Test Automation Engine that ... - GitHub]. @30-09-2021 01:38:12.0803 AM
[ReportManager] Loaded Shared OpenCV @30-09-2021 01:38:12.0996 AM
[ReportManager] Assertion Failed: Asserting that the correct first result is displayed @30-09-2021 01:38:13.0073 AM
[ReportManager] Successfully created attachment [Screenshot - 1632965892996_searchForQueryAndAssertFirstResultTextIsCorrect_ValidateElementAttribute_failed] @30-09-2021 01:38:13.0074 AM
[ReportManager] Assertion [ValidateElementAttribute] FAILED. Expected [Value Should be 'MohabMohie' for the 'Text' attribute, element locator 'By.xpath: (//h1[contains(text(),'Search Result')]/following-sibling::div//a/h3)[1]'] and Actual [SHAFT_ENGINE is a Test Automation Engine that ... - GitHub]. Comparison Type [CONTAINS]. Validation Type [POSITIVE]. @30-09-2021 01:38:13.0074 A
[ReportManager] Successfully created attachment [Selenium WebDriver Logs - server] @30-09-2021 01:38:13.0270 AM
[ReportManager] Successfully created attachment [Selenium WebDriver Logs - performance] @30-09-2021 01:38:13.0445 AM
[ReportManager] Successfully created attachment [Selenium WebDriver Logs - driver] @30-09-2021 01:38:13.0684 AM
[ReportManager] Browser Action [CloseCurrentWindow] successfully performed. @30-09-2021 01:38:13.0745 AM
[ReportManager] Successfully created attachment [Browser Action Test Data - CloseCurrentWindow - Actual Value] @30-09-2021 01:38:13.0747 A



################################################################################################################################################
Starting Execution:	[18 out of 23] test cases in the current suite
Test Method:		[tests.gui.google.A_Search_FlatTest_NativeSeleniumWebDriver.navigateToGoogleHomeAndAssertGoogleLogoIsDisplayed]
###############################################################################################################################################



################################################################################################################################################
Starting Execution:	[19 out of 23] test cases in the current suite
Test Method:		[tests.gui.google.A_Search_FlatTest_NativeSeleniumWebDriver.navigateToGoogleHomeAndAssertPageTitle]
###############################################################################################################################################



################################################################################################################################################
Starting Execution:	[20 out of 23] test cases in the current suite
Test Method:		[tests.gui.google.A_Search_FlatTest_NativeSeleniumWebDriver.searchForQueryAndAssertFirstResultTextIsCorrect]
###############################################################################################################################################

[ReportManager] Successfully loaded the following test data file [src/test/resources/TestDataFiles/Google/SimpleSearch.xlsx]. @30-09-2021 01:38:15.0770 AM
[ReportManager] Successfully created attachment [Test Data - Excel] @30-09-2021 01:38:15.0770 A
[ReportManager] File Action [GetAbsolutePath] successfully performed. With the following test data [Relative Folder Path: "target/downloadedFiles/"]. @30-09-2021 01:38:15.0771 AM
[ReportManager] Attempting to run remotely on: [Linux-64], [GoogleChrome], [http://localhost:4444/wd/hub], Headless Execution. @30-09-2021 01:38:15.0771 AM
[ReportManager] Successfully Opened [GoogleChrome]. @30-09-2021 01:38:16.0165 AM
[ReportManager] Target URL: [https://www.google.com/ncr], and after redirection: [https://www.google.com] @30-09-2021 01:38:16.0189 AM
[ReportManager] Initial URL: [data:,] @30-09-2021 01:38:16.0276 AM
[ReportManager] Browser Action [NavigateToURL] successfully performed. With the following test data [https://www.google.com/ncr]. @30-09-2021 01:38:17.0139 A

################################################################################################################################################
Starting Execution:	[21 out of 23] test cases in the current suite
Test Method:		[tests.gui.google.D_Search_PageObjectModel_Traditional_DataDriven.navigateToGoogleHomeAndAssertGoogleLogoIsDisplayed]
################################################################################################################################################
[ReportManager] Element Action [IsElementDisplayed] successfully performed. @30-09-2021 01:38:17.0251 AM
[ReportManager] Assertion Passed: Asserting that the Google logo is displayed @30-09-2021 01:38:17.0251 AM
[ReportManager] Assertion [ValidateTrue] PASSED. Expected [TRUE] and Actual [TRUE]. Validation Type [POSITIVE]. @30-09-2021 01:38:17.0252 A
[ReportManager] Successfully created attachment [Selenium WebDriver Logs - server] @30-09-2021 01:38:17.0333 AM
[ReportManager] Successfully created attachment [Selenium WebDriver Logs - performance] @30-09-2021 01:38:17.0374 AM
[ReportManager] Successfully created attachment [Selenium WebDriver Logs - driver] @30-09-2021 01:38:17.0445 AM
[ReportManager] Browser Action [CloseCurrentWindow] successfully performed. @30-09-2021 01:38:17.0503 AM
[ReportManager] Successfully created attachment [Browser Action Test Data - CloseCurrentWindow - Actual Value] @30-09-2021 01:38:17.0504 A
[ReportManager] File Action [GetAbsolutePath] successfully performed. With the following test data [Relative Folder Path: "target/downloadedFiles/"]. @30-09-2021 01:38:17.0506 AM
[ReportManager] Attempting to run remotely on: [Linux-64], [GoogleChrome], [http://localhost:4444/wd/hub], Headless Execution. @30-09-2021 01:38:17.0506 AM
[ReportManager] Successfully Opened [GoogleChrome]. @30-09-2021 01:38:17.0793 AM
[ReportManager] Target URL: [https://www.google.com/ncr], and after redirection: [https://www.google.com] @30-09-2021 01:38:17.0819 AM
[ReportManager] Initial URL: [data:,] @30-09-2021 01:38:17.0873 AM
[ReportManager] Browser Action [NavigateToURL] successfully performed. With the following test data [https://www.google.com/ncr]. @30-09-2021 01:38:18.0692 A

################################################################################################################################################
Starting Execution:	[22 out of 23] test cases in the current suite
Test Method:		[tests.gui.google.D_Search_PageObjectModel_Traditional_DataDriven.navigateToGoogleHomeAndAssertPageTitle]
################################################################################################################################################
[ReportManager] Browser Action [GetCurrentWindowTitle] successfully performed. With the following test data [Google]. @30-09-2021 01:38:18.0740 AM
[ReportManager] Assertion Passed: Asserting that the page title is Google @30-09-2021 01:38:18.0740 AM
[ReportManager] Assertion [ValidateEquals] PASSED. Expected [Google] and Actual [Google]. Comparison Type [EQUALS]. Validation Type [POSITIVE]. @30-09-2021 01:38:18.0741 A
[ReportManager] Successfully created attachment [Selenium WebDriver Logs - server] @30-09-2021 01:38:18.0830 AM
[ReportManager] Successfully created attachment [Selenium WebDriver Logs - performance] @30-09-2021 01:38:18.0899 AM
[ReportManager] Successfully created attachment [Selenium WebDriver Logs - driver] @30-09-2021 01:38:19.0023 AM
[ReportManager] Browser Action [CloseCurrentWindow] successfully performed. @30-09-2021 01:38:19.0097 AM
[ReportManager] Successfully created attachment [Browser Action Test Data - CloseCurrentWindow - Actual Value] @30-09-2021 01:38:19.0099 A
[ReportManager] File Action [GetAbsolutePath] successfully performed. With the following test data [Relative Folder Path: "target/downloadedFiles/"]. @30-09-2021 01:38:19.0102 AM
[ReportManager] Attempting to run remotely on: [Linux-64], [GoogleChrome], [http://localhost:4444/wd/hub], Headless Execution. @30-09-2021 01:38:19.0102 AM
[ReportManager] Successfully Opened [GoogleChrome]. @30-09-2021 01:38:19.0380 AM
[ReportManager] Target URL: [https://www.google.com/ncr], and after redirection: [https://www.google.com] @30-09-2021 01:38:19.0414 AM
[ReportManager] Initial URL: [data:,] @30-09-2021 01:38:19.0460 AM
[ReportManager] Browser Action [NavigateToURL] successfully performed. With the following test data [https://www.google.com/ncr]. @30-09-2021 01:38:20.0308 A

################################################################################################################################################
Starting Execution:	[23 out of 23] test cases in the current suite
Test Method:		[tests.gui.google.D_Search_PageObjectModel_Traditional_DataDriven.searchForQueryAndAssertFirstResultTextIsCorrect]
################################################################################################################################################
[ReportManager] Element Action [Type] successfully performed. With the following test data [SHAFT_Engine]. @30-09-2021 01:38:21.0160 AM
[ReportManager] Element Action [KeyPress] successfully performed. With the following test data [ENTER]. @30-09-2021 01:38:23.0001 AM
[ReportManager] Element Action [GetText] successfully performed. With the following test data [SHAFT_ENGINE is a Test Automation Engine that ... - GitHub]. @30-09-2021 01:38:23.0109 AM
[ReportManager] Assertion Failed: Asserting that the correct first result is displayed @30-09-2021 01:38:23.0110 AM
[ReportManager] Assertion [ValidateEquals] FAILED. Expected [MohabMohie] and Actual [SHAFT_ENGINE is a Test Automation Engine that ... - GitHub]. Comparison Type [CONTAINS]. Validation Type [POSITIVE]. @30-09-2021 01:38:23.0110 A
[ReportManager] Successfully created attachment [Selenium WebDriver Logs - server] @30-09-2021 01:38:23.0304 AM
[ReportManager] Successfully created attachment [Selenium WebDriver Logs - performance] @30-09-2021 01:38:23.0511 AM
[ReportManager] Successfully created attachment [Selenium WebDriver Logs - driver] @30-09-2021 01:38:23.0806 AM
[ReportManager] Browser Action [CloseCurrentWindow] successfully performed. @30-09-2021 01:38:23.0868 AM
[ReportManager] Successfully created attachment [Browser Action Test Data - CloseCurrentWindow - Actual Value] @30-09-2021 01:38:23.0870 A

################################################################################################################################################
Test Closure Activities
################################################################################################################################################
[ReportManager] Successfully created attachment [SHAFT Engine Logs - Execution log] @30-09-2021 01:38:23.0887 AM

################################################################################################################################################
This test run was powered by SHAFT Engine Version: [SHAFT Engine v5.3.20210902]
SHAFT Engine is licensed under the MIT License: [https://github.com/MohabMohie/SHAFT_ENGINE/blob/master/LICENSE].
################################################################################################################################################