{
  "uid" : "4b4757e66a1912dae1a509f688f20b0f",
  "children" : [ {
    "name" : "Product defects",
    "children" : [ {
      "name" : "Assertion [ValidateEquals] FAILED. Expected [MohabMohie] and Actual [SHAFT_ENGINE is a Test Automation Engine that ... - GitHub]. Comparison Type [CONTAINS]. Validation Type [POSITIVE].",
      "children" : [ {
        "name" : "searchForQueryAndAssertFirstResultTextIsCorrect",
        "uid" : "dfe504adf1f0b045",
        "parentUid" : "560f4ba7520edf3654889622d1ec21d5",
        "status" : "failed",
        "time" : {
          "start" : 1631928689594,
          "stop" : 1631928691778,
          "duration" : 2184
        },
        "flaky" : false,
        "newFailed" : false,
        "parameters" : [ ]
      }, {
        "name" : "searchForQueryAndAssertFirstResultTextIsCorrect",
        "uid" : "a2c0e736daa98063",
        "parentUid" : "560f4ba7520edf3654889622d1ec21d5",
        "status" : "failed",
        "time" : {
          "start" : 1631928729815,
          "stop" : 1631928731756,
          "duration" : 1941
        },
        "flaky" : false,
        "newFailed" : false,
        "parameters" : [ ]
      } ],
      "uid" : "560f4ba7520edf3654889622d1ec21d5"
    }, {
      "name" : "Assertion [ValidateElementAttribute] FAILED. Expected [Value Should be 'MohabMohie' for the 'Text' attribute, element locator 'By.xpath: (//h1[contains(text(),'Search Result')]/following-sibling::div//a/h3)[1]'] and Actual [SHAFT_ENGINE is a Test Automation Engine that ... - GitHub]. Comparison Type [CONTAINS]. Validation Type [POSITIVE].",
      "children" : [ {
        "name" : "searchForQueryAndAssertFirstResultTextIsCorrect",
        "uid" : "b238fd93fd1b90f",
        "parentUid" : "7ec2ccc38aacde760e1a17d26c12f1c8",
        "status" : "failed",
        "time" : {
          "start" : 1631928698859,
          "stop" : 1631928701450,
          "duration" : 2591
        },
        "flaky" : false,
        "newFailed" : false,
        "parameters" : [ ]
      }, {
        "name" : "searchForQueryAndAssertFirstResultTextIsCorrect",
        "uid" : "e4de05ed8051ab94",
        "parentUid" : "7ec2ccc38aacde760e1a17d26c12f1c8",
        "status" : "failed",
        "time" : {
          "start" : 1631928706774,
          "stop" : 1631928709229,
          "duration" : 2455
        },
        "flaky" : false,
        "newFailed" : false,
        "parameters" : [ ]
      }, {
        "name" : "searchForQueryAndAssertFirstResultTextIsCorrect",
        "uid" : "da59b1ed1b56f9b8",
        "parentUid" : "7ec2ccc38aacde760e1a17d26c12f1c8",
        "status" : "failed",
        "time" : {
          "start" : 1631928714007,
          "stop" : 1631928716369,
          "duration" : 2362
        },
        "flaky" : false,
        "newFailed" : false,
        "parameters" : [ ]
      }, {
        "name" : "searchForQueryAndAssertFirstResultTextIsCorrect",
        "uid" : "904233ebf9157e75",
        "parentUid" : "7ec2ccc38aacde760e1a17d26c12f1c8",
        "status" : "failed",
        "time" : {
          "start" : 1631928721275,
          "stop" : 1631928723593,
          "duration" : 2318
        },
        "flaky" : false,
        "newFailed" : false,
        "parameters" : [ ]
      } ],
      "uid" : "7ec2ccc38aacde760e1a17d26c12f1c8"
    } ],
    "uid" : "8fb3a91ba5aaf9de24cc8a92edc82b5d"
  }, {
    "name" : "Test defects",
    "children" : [ {
      "name" : "unknown error: Chrome failed to start: exited abnormally.\n  (unknown error: DevToolsActivePort file doesn't exist)\n  (The process started from chrome location /usr/bin/google-chrome is no longer running, so ChromeDriver is assuming that Chrome has crashed.)\nBuild info: version: '3.141.59', revision: 'e82be7d358', time: '2018-11-14T08:17:03'\nSystem info: host: 'fv-az201-444', ip: '10.1.1.14', os.name: 'Linux', os.arch: 'amd64', os.version: '5.8.0-1041-azure', java.version: '16.0.2'\nDriver info: driver.version: A_Search_FlatTest_NativeSeleniumWebDriver\nremote stacktrace: #0 0x557d19200583 <unknown>\n#1 0x557d18f74a38 <unknown>\n#2 0x557d18f97923 <unknown>\n#3 0x557d18f934df <unknown>\n#4 0x557d18fcd1e2 <unknown>\n#5 0x557d18fc7643 <unknown>\n#6 0x557d18f9db94 <unknown>\n#7 0x557d18f9eb85 <unknown>\n#8 0x557d19230c6e <unknown>\n#9 0x557d19246975 <unknown>\n#10 0x557d19231bc5 <unknown>\n#11 0x557d19247fb5 <unknown>\n#12 0x557d1922684b <unknown>\n#13 0x557d19263248 <unknown>\n#14 0x557d192633c8 <unknown>\n#15 0x557d1927d73d <unknown>\n#16 0x7fed7a987609 start_thread\n",
      "children" : [ {
        "name" : "beforeMethod",
        "uid" : "e310011403f17706",
        "parentUid" : "16c2f42c32e53d7250bf1119f8ebd8e7",
        "status" : "broken",
        "time" : {
          "start" : 1631928725845,
          "stop" : 1631928725846,
          "duration" : 1
        },
        "flaky" : false,
        "newFailed" : false,
        "parameters" : [ ]
      } ],
      "uid" : "16c2f42c32e53d7250bf1119f8ebd8e7"
    } ],
    "uid" : "bdbf199525818fae7a8651db9eafe741"
  } ],
  "name" : "categories"
}