{
  "uid" : "f990bf895dfbd169",
  "name" : "navigateToGoogleHomeAndAssertPageTitle",
  "fullName" : "tests.gui.google.A_Search_FlatTest_NativeSeleniumWebDriver.navigateToGoogleHomeAndAssertPageTitle",
  "historyId" : "3155ca52a783560d494c8396495fcdec",
  "time" : {
    "start" : 1629398251290,
    "stop" : 1629398251295,
    "duration" : 5
  },
  "status" : "skipped",
  "statusMessage" : "unknown error: Chrome failed to start: exited abnormally.\n  (unknown error: DevToolsActivePort file doesn't exist)\n  (The process started from chrome location /usr/bin/google-chrome is no longer running, so ChromeDriver is assuming that Chrome has crashed.)\nBuild info: version: '3.141.59', revision: 'e82be7d358', time: '2018-11-14T08:17:03'\nSystem info: host: 'fv-az292-426', ip: '10.1.0.239', os.name: 'Linux', os.arch: 'amd64', os.version: '5.8.0-1039-azure', java.version: '15.0.4'\nDriver info: driver.version: A_Search_FlatTest_NativeSeleniumWebDriver\nremote stacktrace: #0 0x564de3896a63 <unknown>\n#1 0x564de360b458 <unknown>\n#2 0x564de362e2e3 <unknown>\n#3 0x564de3629e9f <unknown>\n#4 0x564de3663b72 <unknown>\n#5 0x564de365dfd3 <unknown>\n#6 0x564de3634514 <unknown>\n#7 0x564de3635505 <unknown>\n#8 0x564de38c2e2e <unknown>\n#9 0x564de38d8886 <unknown>\n#10 0x564de38c3d75 <unknown>\n#11 0x564de38d9d94 <unknown>\n#12 0x564de38ba8eb <unknown>\n#13 0x564de38f4cd8 <unknown>\n#14 0x564de38f4e58 <unknown>\n#15 0x564de390edfd <unknown>\n#16 0x7f90198fa609 start_thread\n",
  "statusTrace" : "org.openqa.selenium.WebDriverException: unknown error: Chrome failed to start: exited abnormally.\n  (unknown error: DevToolsActivePort file doesn't exist)\n  (The process started from chrome location /usr/bin/google-chrome is no longer running, so ChromeDriver is assuming that Chrome has crashed.)\nBuild info: version: '3.141.59', revision: 'e82be7d358', time: '2018-11-14T08:17:03'\nSystem info: host: 'fv-az292-426', ip: '10.1.0.239', os.name: 'Linux', os.arch: 'amd64', os.version: '5.8.0-1039-azure', java.version: '15.0.4'\nDriver info: driver.version: A_Search_FlatTest_NativeSeleniumWebDriver\nremote stacktrace: #0 0x564de3896a63 <unknown>\n#1 0x564de360b458 <unknown>\n#2 0x564de362e2e3 <unknown>\n#3 0x564de3629e9f <unknown>\n#4 0x564de3663b72 <unknown>\n#5 0x564de365dfd3 <unknown>\n#6 0x564de3634514 <unknown>\n#7 0x564de3635505 <unknown>\n#8 0x564de38c2e2e <unknown>\n#9 0x564de38d8886 <unknown>\n#10 0x564de38c3d75 <unknown>\n#11 0x564de38d9d94 <unknown>\n#12 0x564de38ba8eb <unknown>\n#13 0x564de38f4cd8 <unknown>\n#14 0x564de38f4e58 <unknown>\n#15 0x564de390edfd <unknown>\n#16 0x7f90198fa609 start_thread\n\n\tat java.base/jdk.internal.reflect.NativeConstructorAccessorImpl.newInstance0(Native Method)\n\tat java.base/jdk.internal.reflect.NativeConstructorAccessorImpl.newInstance(NativeConstructorAccessorImpl.java:64)\n\tat java.base/jdk.internal.reflect.DelegatingConstructorAccessorImpl.newInstance(DelegatingConstructorAccessorImpl.java:45)\n\tat java.base/java.lang.reflect.Constructor.newInstanceWithCaller(Constructor.java:500)\n\tat java.base/java.lang.reflect.Constructor.newInstance(Constructor.java:481)\n\tat org.openqa.selenium.remote.W3CHandshakeResponse.lambda$errorHandler$0(W3CHandshakeResponse.java:62)\n\tat org.openqa.selenium.remote.HandshakeResponse.lambda$getResponseFunction$0(HandshakeResponse.java:30)\n\tat org.openqa.selenium.remote.ProtocolHandshake.lambda$createSession$0(ProtocolHandshake.java:126)\n\tat java.base/java.util.stream.ReferencePipeline$3$1.accept(ReferencePipeline.java:195)\n\tat java.base/java.util.Spliterators$ArraySpliterator.tryAdvance(Spliterators.java:958)\n\tat java.base/java.util.stream.ReferencePipeline.forEachWithCancel(ReferencePipeline.java:127)\n\tat java.base/java.util.stream.AbstractPipeline.copyIntoWithCancel(AbstractPipeline.java:502)\n\tat java.base/java.util.stream.AbstractPipeline.copyInto(AbstractPipeline.java:488)\n\tat java.base/java.util.stream.AbstractPipeline.wrapAndCopyInto(AbstractPipeline.java:474)\n\tat java.base/java.util.stream.FindOps$FindOp.evaluateSequential(FindOps.java:150)\n\tat java.base/java.util.stream.AbstractPipeline.evaluate(AbstractPipeline.java:234)\n\tat java.base/java.util.stream.ReferencePipeline.findFirst(ReferencePipeline.java:543)\n\tat org.openqa.selenium.remote.ProtocolHandshake.createSession(ProtocolHandshake.java:128)\n\tat org.openqa.selenium.remote.ProtocolHandshake.createSession(ProtocolHandshake.java:74)\n\tat org.openqa.selenium.remote.HttpCommandExecutor.execute(HttpCommandExecutor.java:136)\n\tat org.openqa.selenium.remote.service.DriverCommandExecutor.execute(DriverCommandExecutor.java:83)\n\tat org.openqa.selenium.remote.RemoteWebDriver.execute(RemoteWebDriver.java:552)\n\tat org.openqa.selenium.remote.RemoteWebDriver.startSession(RemoteWebDriver.java:213)\n\tat org.openqa.selenium.remote.RemoteWebDriver.<init>(RemoteWebDriver.java:131)\n\tat org.openqa.selenium.chrome.ChromeDriver.<init>(ChromeDriver.java:181)\n\tat org.openqa.selenium.chrome.ChromeDriver.<init>(ChromeDriver.java:168)\n\tat org.openqa.selenium.chrome.ChromeDriver.<init>(ChromeDriver.java:123)\n\tat tests.gui.google.A_Search_FlatTest_NativeSeleniumWebDriver.beforeMethod(A_Search_FlatTest_NativeSeleniumWebDriver.java:46)\n\tat java.base/jdk.internal.reflect.NativeMethodAccessorImpl.invoke0(Native Method)\n\tat java.base/jdk.internal.reflect.NativeMethodAccessorImpl.invoke(NativeMethodAccessorImpl.java:64)\n\tat java.base/jdk.internal.reflect.DelegatingMethodAccessorImpl.invoke(DelegatingMethodAccessorImpl.java:43)\n\tat java.base/java.lang.reflect.Method.invoke(Method.java:564)\n\tat org.testng.internal.MethodInvocationHelper.invokeMethod(MethodInvocationHelper.java:133)\n\tat org.testng.internal.MethodInvocationHelper.invokeMethodConsideringTimeout(MethodInvocationHelper.java:62)\n\tat org.testng.internal.ConfigInvoker.invokeConfigurationMethod(ConfigInvoker.java:385)\n\tat org.testng.internal.ConfigInvoker.invokeConfigurations(ConfigInvoker.java:321)\n\tat org.testng.internal.TestInvoker.runConfigMethods(TestInvoker.java:700)\n\tat org.testng.internal.TestInvoker.invokeMethod(TestInvoker.java:527)\n\tat org.testng.internal.TestInvoker.invokeTestMethod(TestInvoker.java:173)\n\tat org.testng.internal.MethodRunner.runInSequence(MethodRunner.java:46)\n\tat org.testng.internal.TestInvoker$MethodInvocationAgent.invoke(TestInvoker.java:824)\n\tat org.testng.internal.TestInvoker.invokeTestMethods(TestInvoker.java:146)\n\tat org.testng.internal.TestMethodWorker.invokeTestMethods(TestMethodWorker.java:146)\n\tat org.testng.internal.TestMethodWorker.run(TestMethodWorker.java:128)\n\tat java.base/java.util.ArrayList.forEach(ArrayList.java:1511)\n\tat org.testng.TestRunner.privateRun(TestRunner.java:794)\n\tat org.testng.TestRunner.run(TestRunner.java:596)\n\tat org.testng.SuiteRunner.runTest(SuiteRunner.java:377)\n\tat org.testng.SuiteRunner.runSequentially(SuiteRunner.java:371)\n\tat org.testng.SuiteRunner.privateRun(SuiteRunner.java:332)\n\tat org.testng.SuiteRunner.run(SuiteRunner.java:276)\n\tat org.testng.SuiteRunnerWorker.runSuite(SuiteRunnerWorker.java:53)\n\tat org.testng.SuiteRunnerWorker.run(SuiteRunnerWorker.java:96)\n\tat org.testng.TestNG.runSuitesSequentially(TestNG.java:1212)\n\tat org.testng.TestNG.runSuitesLocally(TestNG.java:1134)\n\tat org.testng.TestNG.runSuites(TestNG.java:1063)\n\tat org.testng.TestNG.run(TestNG.java:1031)\n\tat org.apache.maven.surefire.testng.TestNGExecutor.run(TestNGExecutor.java:136)\n\tat org.apache.maven.surefire.testng.TestNGDirectoryTestSuite.executeMulti(TestNGDirectoryTestSuite.java:193)\n\tat org.apache.maven.surefire.testng.TestNGDirectoryTestSuite.execute(TestNGDirectoryTestSuite.java:94)\n\tat org.apache.maven.surefire.testng.TestNGProvider.invoke(TestNGProvider.java:145)\n\tat org.apache.maven.surefire.booter.ForkedBooter.runSuitesInProcess(ForkedBooter.java:428)\n\tat org.apache.maven.surefire.booter.ForkedBooter.execute(ForkedBooter.java:162)\n\tat org.apache.maven.surefire.booter.ForkedBooter.run(ForkedBooter.java:562)\n\tat org.apache.maven.surefire.booter.ForkedBooter.main(ForkedBooter.java:548)\n",
  "flaky" : false,
  "newFailed" : false,
  "beforeStages" : [ {
    "name" : "beforeMethod",
    "time" : {
      "start" : 1629398251287,
      "stop" : 1629398251287,
      "duration" : 0
    },
    "description" : "",
    "status" : "broken",
    "steps" : [ ],
    "attachments" : [ ],
    "parameters" : [ ],
    "stepsCount" : 0,
    "attachmentsCount" : 0,
    "shouldDisplayMessage" : false,
    "hasContent" : false
  }, {
    "name" : "beforeClass",
    "time" : {
      "start" : 1629398248783,
      "stop" : 1629398250464,
      "duration" : 1681
    },
    "description" : "",
    "status" : "passed",
    "steps" : [ ],
    "attachments" : [ ],
    "parameters" : [ ],
    "stepsCount" : 0,
    "attachmentsCount" : 0,
    "shouldDisplayMessage" : false,
    "hasContent" : false
  } ],
  "testStage" : {
    "status" : "skipped",
    "statusMessage" : "unknown error: Chrome failed to start: exited abnormally.\n  (unknown error: DevToolsActivePort file doesn't exist)\n  (The process started from chrome location /usr/bin/google-chrome is no longer running, so ChromeDriver is assuming that Chrome has crashed.)\nBuild info: version: '3.141.59', revision: 'e82be7d358', time: '2018-11-14T08:17:03'\nSystem info: host: 'fv-az292-426', ip: '10.1.0.239', os.name: 'Linux', os.arch: 'amd64', os.version: '5.8.0-1039-azure', java.version: '15.0.4'\nDriver info: driver.version: A_Search_FlatTest_NativeSeleniumWebDriver\nremote stacktrace: #0 0x564de3896a63 <unknown>\n#1 0x564de360b458 <unknown>\n#2 0x564de362e2e3 <unknown>\n#3 0x564de3629e9f <unknown>\n#4 0x564de3663b72 <unknown>\n#5 0x564de365dfd3 <unknown>\n#6 0x564de3634514 <unknown>\n#7 0x564de3635505 <unknown>\n#8 0x564de38c2e2e <unknown>\n#9 0x564de38d8886 <unknown>\n#10 0x564de38c3d75 <unknown>\n#11 0x564de38d9d94 <unknown>\n#12 0x564de38ba8eb <unknown>\n#13 0x564de38f4cd8 <unknown>\n#14 0x564de38f4e58 <unknown>\n#15 0x564de390edfd <unknown>\n#16 0x7f90198fa609 start_thread\n",
    "statusTrace" : "org.openqa.selenium.WebDriverException: unknown error: Chrome failed to start: exited abnormally.\n  (unknown error: DevToolsActivePort file doesn't exist)\n  (The process started from chrome location /usr/bin/google-chrome is no longer running, so ChromeDriver is assuming that Chrome has crashed.)\nBuild info: version: '3.141.59', revision: 'e82be7d358', time: '2018-11-14T08:17:03'\nSystem info: host: 'fv-az292-426', ip: '10.1.0.239', os.name: 'Linux', os.arch: 'amd64', os.version: '5.8.0-1039-azure', java.version: '15.0.4'\nDriver info: driver.version: A_Search_FlatTest_NativeSeleniumWebDriver\nremote stacktrace: #0 0x564de3896a63 <unknown>\n#1 0x564de360b458 <unknown>\n#2 0x564de362e2e3 <unknown>\n#3 0x564de3629e9f <unknown>\n#4 0x564de3663b72 <unknown>\n#5 0x564de365dfd3 <unknown>\n#6 0x564de3634514 <unknown>\n#7 0x564de3635505 <unknown>\n#8 0x564de38c2e2e <unknown>\n#9 0x564de38d8886 <unknown>\n#10 0x564de38c3d75 <unknown>\n#11 0x564de38d9d94 <unknown>\n#12 0x564de38ba8eb <unknown>\n#13 0x564de38f4cd8 <unknown>\n#14 0x564de38f4e58 <unknown>\n#15 0x564de390edfd <unknown>\n#16 0x7f90198fa609 start_thread\n\n\tat java.base/jdk.internal.reflect.NativeConstructorAccessorImpl.newInstance0(Native Method)\n\tat java.base/jdk.internal.reflect.NativeConstructorAccessorImpl.newInstance(NativeConstructorAccessorImpl.java:64)\n\tat java.base/jdk.internal.reflect.DelegatingConstructorAccessorImpl.newInstance(DelegatingConstructorAccessorImpl.java:45)\n\tat java.base/java.lang.reflect.Constructor.newInstanceWithCaller(Constructor.java:500)\n\tat java.base/java.lang.reflect.Constructor.newInstance(Constructor.java:481)\n\tat org.openqa.selenium.remote.W3CHandshakeResponse.lambda$errorHandler$0(W3CHandshakeResponse.java:62)\n\tat org.openqa.selenium.remote.HandshakeResponse.lambda$getResponseFunction$0(HandshakeResponse.java:30)\n\tat org.openqa.selenium.remote.ProtocolHandshake.lambda$createSession$0(ProtocolHandshake.java:126)\n\tat java.base/java.util.stream.ReferencePipeline$3$1.accept(ReferencePipeline.java:195)\n\tat java.base/java.util.Spliterators$ArraySpliterator.tryAdvance(Spliterators.java:958)\n\tat java.base/java.util.stream.ReferencePipeline.forEachWithCancel(ReferencePipeline.java:127)\n\tat java.base/java.util.stream.AbstractPipeline.copyIntoWithCancel(AbstractPipeline.java:502)\n\tat java.base/java.util.stream.AbstractPipeline.copyInto(AbstractPipeline.java:488)\n\tat java.base/java.util.stream.AbstractPipeline.wrapAndCopyInto(AbstractPipeline.java:474)\n\tat java.base/java.util.stream.FindOps$FindOp.evaluateSequential(FindOps.java:150)\n\tat java.base/java.util.stream.AbstractPipeline.evaluate(AbstractPipeline.java:234)\n\tat java.base/java.util.stream.ReferencePipeline.findFirst(ReferencePipeline.java:543)\n\tat org.openqa.selenium.remote.ProtocolHandshake.createSession(ProtocolHandshake.java:128)\n\tat org.openqa.selenium.remote.ProtocolHandshake.createSession(ProtocolHandshake.java:74)\n\tat org.openqa.selenium.remote.HttpCommandExecutor.execute(HttpCommandExecutor.java:136)\n\tat org.openqa.selenium.remote.service.DriverCommandExecutor.execute(DriverCommandExecutor.java:83)\n\tat org.openqa.selenium.remote.RemoteWebDriver.execute(RemoteWebDriver.java:552)\n\tat org.openqa.selenium.remote.RemoteWebDriver.startSession(RemoteWebDriver.java:213)\n\tat org.openqa.selenium.remote.RemoteWebDriver.<init>(RemoteWebDriver.java:131)\n\tat org.openqa.selenium.chrome.ChromeDriver.<init>(ChromeDriver.java:181)\n\tat org.openqa.selenium.chrome.ChromeDriver.<init>(ChromeDriver.java:168)\n\tat org.openqa.selenium.chrome.ChromeDriver.<init>(ChromeDriver.java:123)\n\tat tests.gui.google.A_Search_FlatTest_NativeSeleniumWebDriver.beforeMethod(A_Search_FlatTest_NativeSeleniumWebDriver.java:46)\n\tat java.base/jdk.internal.reflect.NativeMethodAccessorImpl.invoke0(Native Method)\n\tat java.base/jdk.internal.reflect.NativeMethodAccessorImpl.invoke(NativeMethodAccessorImpl.java:64)\n\tat java.base/jdk.internal.reflect.DelegatingMethodAccessorImpl.invoke(DelegatingMethodAccessorImpl.java:43)\n\tat java.base/java.lang.reflect.Method.invoke(Method.java:564)\n\tat org.testng.internal.MethodInvocationHelper.invokeMethod(MethodInvocationHelper.java:133)\n\tat org.testng.internal.MethodInvocationHelper.invokeMethodConsideringTimeout(MethodInvocationHelper.java:62)\n\tat org.testng.internal.ConfigInvoker.invokeConfigurationMethod(ConfigInvoker.java:385)\n\tat org.testng.internal.ConfigInvoker.invokeConfigurations(ConfigInvoker.java:321)\n\tat org.testng.internal.TestInvoker.runConfigMethods(TestInvoker.java:700)\n\tat org.testng.internal.TestInvoker.invokeMethod(TestInvoker.java:527)\n\tat org.testng.internal.TestInvoker.invokeTestMethod(TestInvoker.java:173)\n\tat org.testng.internal.MethodRunner.runInSequence(MethodRunner.java:46)\n\tat org.testng.internal.TestInvoker$MethodInvocationAgent.invoke(TestInvoker.java:824)\n\tat org.testng.internal.TestInvoker.invokeTestMethods(TestInvoker.java:146)\n\tat org.testng.internal.TestMethodWorker.invokeTestMethods(TestMethodWorker.java:146)\n\tat org.testng.internal.TestMethodWorker.run(TestMethodWorker.java:128)\n\tat java.base/java.util.ArrayList.forEach(ArrayList.java:1511)\n\tat org.testng.TestRunner.privateRun(TestRunner.java:794)\n\tat org.testng.TestRunner.run(TestRunner.java:596)\n\tat org.testng.SuiteRunner.runTest(SuiteRunner.java:377)\n\tat org.testng.SuiteRunner.runSequentially(SuiteRunner.java:371)\n\tat org.testng.SuiteRunner.privateRun(SuiteRunner.java:332)\n\tat org.testng.SuiteRunner.run(SuiteRunner.java:276)\n\tat org.testng.SuiteRunnerWorker.runSuite(SuiteRunnerWorker.java:53)\n\tat org.testng.SuiteRunnerWorker.run(SuiteRunnerWorker.java:96)\n\tat org.testng.TestNG.runSuitesSequentially(TestNG.java:1212)\n\tat org.testng.TestNG.runSuitesLocally(TestNG.java:1134)\n\tat org.testng.TestNG.runSuites(TestNG.java:1063)\n\tat org.testng.TestNG.run(TestNG.java:1031)\n\tat org.apache.maven.surefire.testng.TestNGExecutor.run(TestNGExecutor.java:136)\n\tat org.apache.maven.surefire.testng.TestNGDirectoryTestSuite.executeMulti(TestNGDirectoryTestSuite.java:193)\n\tat org.apache.maven.surefire.testng.TestNGDirectoryTestSuite.execute(TestNGDirectoryTestSuite.java:94)\n\tat org.apache.maven.surefire.testng.TestNGProvider.invoke(TestNGProvider.java:145)\n\tat org.apache.maven.surefire.booter.ForkedBooter.runSuitesInProcess(ForkedBooter.java:428)\n\tat org.apache.maven.surefire.booter.ForkedBooter.execute(ForkedBooter.java:162)\n\tat org.apache.maven.surefire.booter.ForkedBooter.run(ForkedBooter.java:562)\n\tat org.apache.maven.surefire.booter.ForkedBooter.main(ForkedBooter.java:548)\n",
    "steps" : [ ],
    "attachments" : [ {
      "uid" : "47423a055dcf3407",
      "name" : "Attachment: SHAFT Engine Logs - Current Method log: navigateToGoogleHomeAndAssertPageTitle",
      "source" : "47423a055dcf3407.txt",
      "type" : "text/plain",
      "size" : 470
    } ],
    "parameters" : [ ],
    "stepsCount" : 0,
    "attachmentsCount" : 1,
    "shouldDisplayMessage" : true,
    "hasContent" : true
  },
  "afterStages" : [ {
    "name" : "afterMethod",
    "time" : {
      "start" : 1629398251296,
      "stop" : 1629398251296,
      "duration" : 0
    },
    "description" : "",
    "status" : "broken",
    "steps" : [ ],
    "attachments" : [ ],
    "parameters" : [ ],
    "stepsCount" : 0,
    "attachmentsCount" : 0,
    "shouldDisplayMessage" : false,
    "hasContent" : false
  }, {
    "name" : "closureActivities",
    "time" : {
      "start" : 1629398286129,
      "stop" : 1629398286538,
      "duration" : 409
    },
    "description" : "",
    "status" : "passed",
    "steps" : [ {
      "name" : "Successfully Closed All Drivers.",
      "time" : {
        "start" : 1629398286129,
        "stop" : 1629398286129,
        "duration" : 0
      },
      "status" : "passed",
      "steps" : [ ],
      "attachments" : [ ],
      "parameters" : [ {
        "name" : "actionCounter",
        "value" : "120"
      }, {
        "name" : "logText",
        "value" : "Successfully Closed All Drivers."
      } ],
      "stepsCount" : 0,
      "attachmentsCount" : 0,
      "shouldDisplayMessage" : false,
      "hasContent" : true
    }, {
      "name" : "Issue Summary: Total Issues = 6, New issues for Failed Tests = 6, Open issues for Passed Tests = 0, Open issues for Failed Tests = 0. Kindly check the attached Issue details.",
      "time" : {
        "start" : 1629398286144,
        "stop" : 1629398286144,
        "duration" : 0
      },
      "status" : "passed",
      "steps" : [ ],
      "attachments" : [ {
        "uid" : "7c71b58620d88a6f",
        "name" : "Attachment: SHAFT Engine Logs - Issues log CSV: 20210819-183806",
        "source" : "7c71b58620d88a6f.csv",
        "type" : "text/csv",
        "size" : 1075
      } ],
      "parameters" : [ {
        "name" : "actionCounter",
        "value" : "121"
      }, {
        "name" : "logText",
        "value" : "Issue Summary: Total Issues = 6, New issues for Failed Tests = 6, Open issues for Passed Tests = 0, Open issues for Failed Tests = 0. Kindly check the attached Issue details."
      }, {
        "name" : "attachments",
        "value" : "[[SHAFT Engine Logs, Issues log CSV: 20210819-183806, java.io.ByteArrayInputStream@1b1cc90]]"
      } ],
      "stepsCount" : 0,
      "attachmentsCount" : 1,
      "shouldDisplayMessage" : false,
      "hasContent" : true
    } ],
    "attachments" : [ {
      "uid" : "52f9861e1a1211f8",
      "name" : "Attachment: SHAFT Engine Logs - Execution log: 20210819-183806",
      "source" : "52f9861e1a1211f8.txt",
      "type" : "text/plain",
      "size" : 61918
    }, {
      "uid" : "1af727004e5b4618",
      "name" : "Attachment: HTML - Extent Emailable Execution Report",
      "source" : "1af727004e5b4618.html",
      "type" : "text/html",
      "size" : 1542530
    } ],
    "parameters" : [ ],
    "stepsCount" : 2,
    "attachmentsCount" : 3,
    "shouldDisplayMessage" : false,
    "hasContent" : true
  } ],
  "labels" : [ {
    "name" : "package",
    "value" : "tests.gui.google.A_Search_FlatTest_NativeSeleniumWebDriver"
  }, {
    "name" : "testClass",
    "value" : "tests.gui.google.A_Search_FlatTest_NativeSeleniumWebDriver"
  }, {
    "name" : "testMethod",
    "value" : "navigateToGoogleHomeAndAssertPageTitle"
  }, {
    "name" : "parentSuite",
    "value" : "SHAFT: Custom Suite"
  }, {
    "name" : "suite",
    "value" : "SHAFT: Custom Test"
  }, {
    "name" : "subSuite",
    "value" : "tests.gui.google.A_Search_FlatTest_NativeSeleniumWebDriver"
  }, {
    "name" : "host",
    "value" : "fv-az292-426"
  }, {
    "name" : "thread",
    "value" : "3818@fv-az292-426.main(1)"
  }, {
    "name" : "framework",
    "value" : "testng"
  }, {
    "name" : "language",
    "value" : "java"
  }, {
    "name" : "resultFormat",
    "value" : "allure2"
  } ],
  "parameters" : [ ],
  "links" : [ ],
  "hidden" : false,
  "retry" : false,
  "extra" : {
    "severity" : "normal",
    "retries" : [ ],
    "categories" : [ ],
    "history" : {
      "statistic" : {
        "failed" : 0,
        "broken" : 0,
        "skipped" : 373,
        "passed" : 0,
        "unknown" : 0,
        "total" : 373
      },
      "items" : [ {
        "uid" : "225b92519f4dc9c7",
        "reportUrl" : "https://MohabMohie.github.io/using_SHAFT_ENGINE/allure/786//#testresult/225b92519f4dc9c7",
        "status" : "skipped",
        "statusDetails" : "unknown error: Chrome failed to start: exited abnormally.\n  (unknown error: DevToolsActivePort file doesn't exist)\n  (The process started from chrome location /usr/bin/google-chrome is no longer running, so ChromeDriver is assuming that Chrome has crashed.)\nBuild info: version: '3.141.59', revision: 'e82be7d358', time: '2018-11-14T08:17:03'\nSystem info: host: 'fv-az266-796', ip: '10.1.0.217', os.name: 'Linux', os.arch: 'amd64', os.version: '5.8.0-1039-azure', java.version: '15.0.4'\nDriver info: driver.version: A_Search_FlatTest_NativeSeleniumWebDriver\nremote stacktrace: #0 0x55cd1e593a63 <unknown>\n#1 0x55cd1e308458 <unknown>\n#2 0x55cd1e32b2e3 <unknown>\n#3 0x55cd1e326e9f <unknown>\n#4 0x55cd1e360b72 <unknown>\n#5 0x55cd1e35afd3 <unknown>\n#6 0x55cd1e331514 <unknown>\n#7 0x55cd1e332505 <unknown>\n#8 0x55cd1e5bfe2e <unknown>\n#9 0x55cd1e5d5886 <unknown>\n#10 0x55cd1e5c0d75 <unknown>\n#11 0x55cd1e5d6d94 <unknown>\n#12 0x55cd1e5b78eb <unknown>\n#13 0x55cd1e5f1cd8 <unknown>\n#14 0x55cd1e5f1e58 <unknown>\n#15 0x55cd1e60bdfd <unknown>\n#16 0x7f0f9ca05609 start_thread\n",
        "time" : {
          "start" : 1629377702786,
          "stop" : 1629377702787,
          "duration" : 1
        }
      }, {
        "uid" : "bb5d3eb8f894bd0f",
        "reportUrl" : "https://MohabMohie.github.io/using_SHAFT_ENGINE/allure/785//#testresult/bb5d3eb8f894bd0f",
        "status" : "skipped",
        "statusDetails" : "unknown error: Chrome failed to start: exited abnormally.\n  (unknown error: DevToolsActivePort file doesn't exist)\n  (The process started from chrome location /usr/bin/google-chrome is no longer running, so ChromeDriver is assuming that Chrome has crashed.)\nBuild info: version: '3.141.59', revision: 'e82be7d358', time: '2018-11-14T08:17:03'\nSystem info: host: 'fv-az290-127', ip: '10.1.1.228', os.name: 'Linux', os.arch: 'amd64', os.version: '5.8.0-1039-azure', java.version: '15.0.4'\nDriver info: driver.version: A_Search_FlatTest_NativeSeleniumWebDriver\nremote stacktrace: #0 0x561ba502ca63 <unknown>\n#1 0x561ba4da1458 <unknown>\n#2 0x561ba4dc42e3 <unknown>\n#3 0x561ba4dbfe9f <unknown>\n#4 0x561ba4df9b72 <unknown>\n#5 0x561ba4df3fd3 <unknown>\n#6 0x561ba4dca514 <unknown>\n#7 0x561ba4dcb505 <unknown>\n#8 0x561ba5058e2e <unknown>\n#9 0x561ba506e886 <unknown>\n#10 0x561ba5059d75 <unknown>\n#11 0x561ba506fd94 <unknown>\n#12 0x561ba50508eb <unknown>\n#13 0x561ba508acd8 <unknown>\n#14 0x561ba508ae58 <unknown>\n#15 0x561ba50a4dfd <unknown>\n#16 0x7f44ee45c609 start_thread\n",
        "time" : {
          "start" : 1629355267295,
          "stop" : 1629355267297,
          "duration" : 2
        }
      }, {
        "uid" : "f1add8738bc28d29",
        "reportUrl" : "https://MohabMohie.github.io/using_SHAFT_ENGINE/allure/784//#testresult/f1add8738bc28d29",
        "status" : "skipped",
        "statusDetails" : "unknown error: Chrome failed to start: exited abnormally.\n  (unknown error: DevToolsActivePort file doesn't exist)\n  (The process started from chrome location /usr/bin/google-chrome is no longer running, so ChromeDriver is assuming that Chrome has crashed.)\nBuild info: version: '3.141.59', revision: 'e82be7d358', time: '2018-11-14T08:17:03'\nSystem info: host: 'fv-az154-22', ip: '10.1.1.168', os.name: 'Linux', os.arch: 'amd64', os.version: '5.8.0-1039-azure', java.version: '15.0.4'\nDriver info: driver.version: A_Search_FlatTest_NativeSeleniumWebDriver\nremote stacktrace: #0 0x56067bd4da63 <unknown>\n#1 0x56067bac2458 <unknown>\n#2 0x56067bae52e3 <unknown>\n#3 0x56067bae0e9f <unknown>\n#4 0x56067bb1ab72 <unknown>\n#5 0x56067bb14fd3 <unknown>\n#6 0x56067baeb514 <unknown>\n#7 0x56067baec505 <unknown>\n#8 0x56067bd79e2e <unknown>\n#9 0x56067bd8f886 <unknown>\n#10 0x56067bd7ad75 <unknown>\n#11 0x56067bd90d94 <unknown>\n#12 0x56067bd718eb <unknown>\n#13 0x56067bdabcd8 <unknown>\n#14 0x56067bdabe58 <unknown>\n#15 0x56067bdc5dfd <unknown>\n#16 0x7ff355c4c609 start_thread\n",
        "time" : {
          "start" : 1629335850609,
          "stop" : 1629335850610,
          "duration" : 1
        }
      }, {
        "uid" : "2d55937fcb404f95",
        "reportUrl" : "https://MohabMohie.github.io/using_SHAFT_ENGINE/allure/783//#testresult/2d55937fcb404f95",
        "status" : "skipped",
        "statusDetails" : "unknown error: Chrome failed to start: exited abnormally.\n  (unknown error: DevToolsActivePort file doesn't exist)\n  (The process started from chrome location /usr/bin/google-chrome is no longer running, so ChromeDriver is assuming that Chrome has crashed.)\nBuild info: version: '3.141.59', revision: 'e82be7d358', time: '2018-11-14T08:17:03'\nSystem info: host: 'fv-az154-22', ip: '10.1.1.68', os.name: 'Linux', os.arch: 'amd64', os.version: '5.8.0-1039-azure', java.version: '15.0.4'\nDriver info: driver.version: A_Search_FlatTest_NativeSeleniumWebDriver\nremote stacktrace: #0 0x555939c60a63 <unknown>\n#1 0x5559399d5458 <unknown>\n#2 0x5559399f82e3 <unknown>\n#3 0x5559399f3e9f <unknown>\n#4 0x555939a2db72 <unknown>\n#5 0x555939a27fd3 <unknown>\n#6 0x5559399fe514 <unknown>\n#7 0x5559399ff505 <unknown>\n#8 0x555939c8ce2e <unknown>\n#9 0x555939ca2886 <unknown>\n#10 0x555939c8dd75 <unknown>\n#11 0x555939ca3d94 <unknown>\n#12 0x555939c848eb <unknown>\n#13 0x555939cbecd8 <unknown>\n#14 0x555939cbee58 <unknown>\n#15 0x555939cd8dfd <unknown>\n#16 0x7f56df164609 start_thread\n",
        "time" : {
          "start" : 1629311943842,
          "stop" : 1629311943843,
          "duration" : 1
        }
      }, {
        "uid" : "66916085de5f13a4",
        "reportUrl" : "https://MohabMohie.github.io/using_SHAFT_ENGINE/allure/782//#testresult/66916085de5f13a4",
        "status" : "skipped",
        "statusDetails" : "unknown error: Chrome failed to start: exited abnormally.\n  (unknown error: DevToolsActivePort file doesn't exist)\n  (The process started from chrome location /usr/bin/google-chrome is no longer running, so ChromeDriver is assuming that Chrome has crashed.)\nBuild info: version: '3.141.59', revision: 'e82be7d358', time: '2018-11-14T08:17:03'\nSystem info: host: 'fv-az268-495', ip: '10.1.0.36', os.name: 'Linux', os.arch: 'amd64', os.version: '5.8.0-1039-azure', java.version: '15.0.4'\nDriver info: driver.version: A_Search_FlatTest_NativeSeleniumWebDriver\nremote stacktrace: #0 0x55af9b842a63 <unknown>\n#1 0x55af9b5b7458 <unknown>\n#2 0x55af9b5da2e3 <unknown>\n#3 0x55af9b5d5e9f <unknown>\n#4 0x55af9b60fb72 <unknown>\n#5 0x55af9b609fd3 <unknown>\n#6 0x55af9b5e0514 <unknown>\n#7 0x55af9b5e1505 <unknown>\n#8 0x55af9b86ee2e <unknown>\n#9 0x55af9b884886 <unknown>\n#10 0x55af9b86fd75 <unknown>\n#11 0x55af9b885d94 <unknown>\n#12 0x55af9b8668eb <unknown>\n#13 0x55af9b8a0cd8 <unknown>\n#14 0x55af9b8a0e58 <unknown>\n#15 0x55af9b8badfd <unknown>\n#16 0x7f3da2ea5609 start_thread\n",
        "time" : {
          "start" : 1629291328027,
          "stop" : 1629291328028,
          "duration" : 1
        }
      }, {
        "uid" : "75675173dafb8475",
        "reportUrl" : "https://MohabMohie.github.io/using_SHAFT_ENGINE/allure/781//#testresult/75675173dafb8475",
        "status" : "skipped",
        "statusDetails" : "unknown error: Chrome failed to start: exited abnormally.\n  (unknown error: DevToolsActivePort file doesn't exist)\n  (The process started from chrome location /usr/bin/google-chrome is no longer running, so ChromeDriver is assuming that Chrome has crashed.)\nBuild info: version: '3.141.59', revision: 'e82be7d358', time: '2018-11-14T08:17:03'\nSystem info: host: 'fv-az290-127', ip: '10.1.1.252', os.name: 'Linux', os.arch: 'amd64', os.version: '5.8.0-1039-azure', java.version: '15.0.4'\nDriver info: driver.version: A_Search_FlatTest_NativeSeleniumWebDriver\nremote stacktrace: #0 0x5610b0b76a63 <unknown>\n#1 0x5610b08eb458 <unknown>\n#2 0x5610b090e2e3 <unknown>\n#3 0x5610b0909e9f <unknown>\n#4 0x5610b0943b72 <unknown>\n#5 0x5610b093dfd3 <unknown>\n#6 0x5610b0914514 <unknown>\n#7 0x5610b0915505 <unknown>\n#8 0x5610b0ba2e2e <unknown>\n#9 0x5610b0bb8886 <unknown>\n#10 0x5610b0ba3d75 <unknown>\n#11 0x5610b0bb9d94 <unknown>\n#12 0x5610b0b9a8eb <unknown>\n#13 0x5610b0bd4cd8 <unknown>\n#14 0x5610b0bd4e58 <unknown>\n#15 0x5610b0beedfd <unknown>\n#16 0x7f021e56c609 start_thread\n",
        "time" : {
          "start" : 1629268858765,
          "stop" : 1629268858766,
          "duration" : 1
        }
      }, {
        "uid" : "2b9a715e79b81cda",
        "reportUrl" : "https://MohabMohie.github.io/using_SHAFT_ENGINE/allure/780//#testresult/2b9a715e79b81cda",
        "status" : "skipped",
        "statusDetails" : "unknown error: Chrome failed to start: exited abnormally.\n  (unknown error: DevToolsActivePort file doesn't exist)\n  (The process started from chrome location /usr/bin/google-chrome is no longer running, so ChromeDriver is assuming that Chrome has crashed.)\nBuild info: version: '3.141.59', revision: 'e82be7d358', time: '2018-11-14T08:17:03'\nSystem info: host: 'fv-az204-940', ip: '10.1.1.136', os.name: 'Linux', os.arch: 'amd64', os.version: '5.8.0-1039-azure', java.version: '15.0.4'\nDriver info: driver.version: A_Search_FlatTest_NativeSeleniumWebDriver\nremote stacktrace: #0 0x5605701b6a63 <unknown>\n#1 0x56056ff2b458 <unknown>\n#2 0x56056ff4e2e3 <unknown>\n#3 0x56056ff49e9f <unknown>\n#4 0x56056ff83b72 <unknown>\n#5 0x56056ff7dfd3 <unknown>\n#6 0x56056ff54514 <unknown>\n#7 0x56056ff55505 <unknown>\n#8 0x5605701e2e2e <unknown>\n#9 0x5605701f8886 <unknown>\n#10 0x5605701e3d75 <unknown>\n#11 0x5605701f9d94 <unknown>\n#12 0x5605701da8eb <unknown>\n#13 0x560570214cd8 <unknown>\n#14 0x560570214e58 <unknown>\n#15 0x56057022edfd <unknown>\n#16 0x7efd963c9609 start_thread\n",
        "time" : {
          "start" : 1629250100057,
          "stop" : 1629250100061,
          "duration" : 4
        }
      }, {
        "uid" : "d2ff9b6c05e21689",
        "reportUrl" : "https://MohabMohie.github.io/using_SHAFT_ENGINE/allure/779//#testresult/d2ff9b6c05e21689",
        "status" : "skipped",
        "statusDetails" : "unknown error: Chrome failed to start: exited abnormally.\n  (unknown error: DevToolsActivePort file doesn't exist)\n  (The process started from chrome location /usr/bin/google-chrome is no longer running, so ChromeDriver is assuming that Chrome has crashed.)\nBuild info: version: '3.141.59', revision: 'e82be7d358', time: '2018-11-14T08:17:03'\nSystem info: host: 'fv-az198-241', ip: '10.1.1.51', os.name: 'Linux', os.arch: 'amd64', os.version: '5.8.0-1039-azure', java.version: '15.0.4'\nDriver info: driver.version: A_Search_FlatTest_NativeSeleniumWebDriver\nremote stacktrace: #0 0x564673d29a63 <unknown>\n#1 0x564673a9e458 <unknown>\n#2 0x564673ac12e3 <unknown>\n#3 0x564673abce9f <unknown>\n#4 0x564673af6b72 <unknown>\n#5 0x564673af0fd3 <unknown>\n#6 0x564673ac7514 <unknown>\n#7 0x564673ac8505 <unknown>\n#8 0x564673d55e2e <unknown>\n#9 0x564673d6b886 <unknown>\n#10 0x564673d56d75 <unknown>\n#11 0x564673d6cd94 <unknown>\n#12 0x564673d4d8eb <unknown>\n#13 0x564673d87cd8 <unknown>\n#14 0x564673d87e58 <unknown>\n#15 0x564673da1dfd <unknown>\n#16 0x7f2b17d8b609 start_thread\n",
        "time" : {
          "start" : 1629225755528,
          "stop" : 1629225755531,
          "duration" : 3
        }
      }, {
        "uid" : "dcd2edbcc2b80c99",
        "reportUrl" : "https://MohabMohie.github.io/using_SHAFT_ENGINE/allure/778//#testresult/dcd2edbcc2b80c99",
        "status" : "skipped",
        "statusDetails" : "unknown error: Chrome failed to start: exited abnormally.\n  (unknown error: DevToolsActivePort file doesn't exist)\n  (The process started from chrome location /usr/bin/google-chrome is no longer running, so ChromeDriver is assuming that Chrome has crashed.)\nBuild info: version: '3.141.59', revision: 'e82be7d358', time: '2018-11-14T08:17:03'\nSystem info: host: 'fv-az212-985', ip: '10.1.1.101', os.name: 'Linux', os.arch: 'amd64', os.version: '5.8.0-1039-azure', java.version: '15.0.4'\nDriver info: driver.version: A_Search_FlatTest_NativeSeleniumWebDriver\nremote stacktrace: #0 0x5607fe183a63 <unknown>\n#1 0x5607fdef8458 <unknown>\n#2 0x5607fdf1b2e3 <unknown>\n#3 0x5607fdf16e9f <unknown>\n#4 0x5607fdf50b72 <unknown>\n#5 0x5607fdf4afd3 <unknown>\n#6 0x5607fdf21514 <unknown>\n#7 0x5607fdf22505 <unknown>\n#8 0x5607fe1afe2e <unknown>\n#9 0x5607fe1c5886 <unknown>\n#10 0x5607fe1b0d75 <unknown>\n#11 0x5607fe1c6d94 <unknown>\n#12 0x5607fe1a78eb <unknown>\n#13 0x5607fe1e1cd8 <unknown>\n#14 0x5607fe1e1e58 <unknown>\n#15 0x5607fe1fbdfd <unknown>\n#16 0x7f1a5a3da609 start_thread\n",
        "time" : {
          "start" : 1629204902815,
          "stop" : 1629204902815,
          "duration" : 0
        }
      }, {
        "uid" : "839c5a8da7109ceb",
        "reportUrl" : "https://MohabMohie.github.io/using_SHAFT_ENGINE/allure/777//#testresult/839c5a8da7109ceb",
        "status" : "skipped",
        "statusDetails" : "unknown error: Chrome failed to start: exited abnormally.\n  (unknown error: DevToolsActivePort file doesn't exist)\n  (The process started from chrome location /usr/bin/google-chrome is no longer running, so ChromeDriver is assuming that Chrome has crashed.)\nBuild info: version: '3.141.59', revision: 'e82be7d358', time: '2018-11-14T08:17:03'\nSystem info: host: 'fv-az216-178', ip: '10.1.1.13', os.name: 'Linux', os.arch: 'amd64', os.version: '5.8.0-1039-azure', java.version: '15.0.4'\nDriver info: driver.version: A_Search_FlatTest_NativeSeleniumWebDriver\nremote stacktrace: #0 0x557c20287a63 <unknown>\n#1 0x557c1fffc458 <unknown>\n#2 0x557c2001f2e3 <unknown>\n#3 0x557c2001ae9f <unknown>\n#4 0x557c20054b72 <unknown>\n#5 0x557c2004efd3 <unknown>\n#6 0x557c20025514 <unknown>\n#7 0x557c20026505 <unknown>\n#8 0x557c202b3e2e <unknown>\n#9 0x557c202c9886 <unknown>\n#10 0x557c202b4d75 <unknown>\n#11 0x557c202cad94 <unknown>\n#12 0x557c202ab8eb <unknown>\n#13 0x557c202e5cd8 <unknown>\n#14 0x557c202e5e58 <unknown>\n#15 0x557c202ffdfd <unknown>\n#16 0x7fbdb5599609 start_thread\n",
        "time" : {
          "start" : 1629182466838,
          "stop" : 1629182466839,
          "duration" : 1
        }
      }, {
        "uid" : "f1475661f33349eb",
        "reportUrl" : "https://MohabMohie.github.io/using_SHAFT_ENGINE/allure/776//#testresult/f1475661f33349eb",
        "status" : "skipped",
        "statusDetails" : "unknown error: Chrome failed to start: exited abnormally.\n  (unknown error: DevToolsActivePort file doesn't exist)\n  (The process started from chrome location /usr/bin/google-chrome is no longer running, so ChromeDriver is assuming that Chrome has crashed.)\nBuild info: version: '3.141.59', revision: 'e82be7d358', time: '2018-11-14T08:17:03'\nSystem info: host: 'fv-az216-178', ip: '10.1.0.152', os.name: 'Linux', os.arch: 'amd64', os.version: '5.8.0-1039-azure', java.version: '15.0.4'\nDriver info: driver.version: A_Search_FlatTest_NativeSeleniumWebDriver\nremote stacktrace: #0 0x5638c7a70a63 <unknown>\n#1 0x5638c77e5458 <unknown>\n#2 0x5638c78082e3 <unknown>\n#3 0x5638c7803e9f <unknown>\n#4 0x5638c783db72 <unknown>\n#5 0x5638c7837fd3 <unknown>\n#6 0x5638c780e514 <unknown>\n#7 0x5638c780f505 <unknown>\n#8 0x5638c7a9ce2e <unknown>\n#9 0x5638c7ab2886 <unknown>\n#10 0x5638c7a9dd75 <unknown>\n#11 0x5638c7ab3d94 <unknown>\n#12 0x5638c7a948eb <unknown>\n#13 0x5638c7acecd8 <unknown>\n#14 0x5638c7acee58 <unknown>\n#15 0x5638c7ae8dfd <unknown>\n#16 0x7f9d73673609 start_thread\n",
        "time" : {
          "start" : 1629163652866,
          "stop" : 1629163652867,
          "duration" : 1
        }
      }, {
        "uid" : "65c34e67b2e3570a",
        "reportUrl" : "https://MohabMohie.github.io/using_SHAFT_ENGINE/allure/775//#testresult/65c34e67b2e3570a",
        "status" : "skipped",
        "statusDetails" : "unknown error: Chrome failed to start: exited abnormally.\n  (unknown error: DevToolsActivePort file doesn't exist)\n  (The process started from chrome location /usr/bin/google-chrome is no longer running, so ChromeDriver is assuming that Chrome has crashed.)\nBuild info: version: '3.141.59', revision: 'e82be7d358', time: '2018-11-14T08:17:03'\nSystem info: host: 'fv-az154-22', ip: '10.1.0.151', os.name: 'Linux', os.arch: 'amd64', os.version: '5.8.0-1039-azure', java.version: '15.0.4'\nDriver info: driver.version: A_Search_FlatTest_NativeSeleniumWebDriver\nremote stacktrace: #0 0x56475d8f5a63 <unknown>\n#1 0x56475d66a458 <unknown>\n#2 0x56475d68d2e3 <unknown>\n#3 0x56475d688e9f <unknown>\n#4 0x56475d6c2b72 <unknown>\n#5 0x56475d6bcfd3 <unknown>\n#6 0x56475d693514 <unknown>\n#7 0x56475d694505 <unknown>\n#8 0x56475d921e2e <unknown>\n#9 0x56475d937886 <unknown>\n#10 0x56475d922d75 <unknown>\n#11 0x56475d938d94 <unknown>\n#12 0x56475d9198eb <unknown>\n#13 0x56475d953cd8 <unknown>\n#14 0x56475d953e58 <unknown>\n#15 0x56475d96ddfd <unknown>\n#16 0x7fbebdbe5609 start_thread\n",
        "time" : {
          "start" : 1629139462699,
          "stop" : 1629139462707,
          "duration" : 8
        }
      }, {
        "uid" : "5ededd4c6279af10",
        "reportUrl" : "https://MohabMohie.github.io/using_SHAFT_ENGINE/allure/774//#testresult/5ededd4c6279af10",
        "status" : "skipped",
        "statusDetails" : "unknown error: Chrome failed to start: exited abnormally.\n  (unknown error: DevToolsActivePort file doesn't exist)\n  (The process started from chrome location /usr/bin/google-chrome is no longer running, so ChromeDriver is assuming that Chrome has crashed.)\nBuild info: version: '3.141.59', revision: 'e82be7d358', time: '2018-11-14T08:17:03'\nSystem info: host: 'fv-az399-354', ip: '10.1.0.40', os.name: 'Linux', os.arch: 'amd64', os.version: '5.8.0-1039-azure', java.version: '15.0.4'\nDriver info: driver.version: A_Search_FlatTest_NativeSeleniumWebDriver\nremote stacktrace: #0 0x55a778200a63 <unknown>\n#1 0x55a777f75458 <unknown>\n#2 0x55a777f982e3 <unknown>\n#3 0x55a777f93e9f <unknown>\n#4 0x55a777fcdb72 <unknown>\n#5 0x55a777fc7fd3 <unknown>\n#6 0x55a777f9e514 <unknown>\n#7 0x55a777f9f505 <unknown>\n#8 0x55a77822ce2e <unknown>\n#9 0x55a778242886 <unknown>\n#10 0x55a77822dd75 <unknown>\n#11 0x55a778243d94 <unknown>\n#12 0x55a7782248eb <unknown>\n#13 0x55a77825ecd8 <unknown>\n#14 0x55a77825ee58 <unknown>\n#15 0x55a778278dfd <unknown>\n#16 0x7f2b524b2609 start_thread\n",
        "time" : {
          "start" : 1629119472893,
          "stop" : 1629119472895,
          "duration" : 2
        }
      }, {
        "uid" : "69938d050d3266bf",
        "reportUrl" : "https://MohabMohie.github.io/using_SHAFT_ENGINE/allure/773//#testresult/69938d050d3266bf",
        "status" : "skipped",
        "statusDetails" : "unknown error: Chrome failed to start: exited abnormally.\n  (unknown error: DevToolsActivePort file doesn't exist)\n  (The process started from chrome location /usr/bin/google-chrome is no longer running, so ChromeDriver is assuming that Chrome has crashed.)\nBuild info: version: '3.141.59', revision: 'e82be7d358', time: '2018-11-14T08:17:03'\nSystem info: host: 'fv-az154-22', ip: '10.1.1.164', os.name: 'Linux', os.arch: 'amd64', os.version: '5.8.0-1039-azure', java.version: '15.0.4'\nDriver info: driver.version: A_Search_FlatTest_NativeSeleniumWebDriver\nremote stacktrace: #0 0x564011475a63 <unknown>\n#1 0x5640111ea458 <unknown>\n#2 0x56401120d2e3 <unknown>\n#3 0x564011208e9f <unknown>\n#4 0x564011242b72 <unknown>\n#5 0x56401123cfd3 <unknown>\n#6 0x564011213514 <unknown>\n#7 0x564011214505 <unknown>\n#8 0x5640114a1e2e <unknown>\n#9 0x5640114b7886 <unknown>\n#10 0x5640114a2d75 <unknown>\n#11 0x5640114b8d94 <unknown>\n#12 0x5640114998eb <unknown>\n#13 0x5640114d3cd8 <unknown>\n#14 0x5640114d3e58 <unknown>\n#15 0x5640114eddfd <unknown>\n#16 0x7f600574f609 start_thread\n",
        "time" : {
          "start" : 1629096063882,
          "stop" : 1629096063890,
          "duration" : 8
        }
      }, {
        "uid" : "de0666f796ab033f",
        "reportUrl" : "https://MohabMohie.github.io/using_SHAFT_ENGINE/allure/772//#testresult/de0666f796ab033f",
        "status" : "skipped",
        "statusDetails" : "unknown error: Chrome failed to start: exited abnormally.\n  (unknown error: DevToolsActivePort file doesn't exist)\n  (The process started from chrome location /usr/bin/google-chrome is no longer running, so ChromeDriver is assuming that Chrome has crashed.)\nBuild info: version: '3.141.59', revision: 'e82be7d358', time: '2018-11-14T08:17:03'\nSystem info: host: 'fv-az154-22', ip: '10.1.1.113', os.name: 'Linux', os.arch: 'amd64', os.version: '5.8.0-1039-azure', java.version: '15.0.4'\nDriver info: driver.version: A_Search_FlatTest_NativeSeleniumWebDriver\nremote stacktrace: #0 0x559eefdd9a63 <unknown>\n#1 0x559eefb4e458 <unknown>\n#2 0x559eefb712e3 <unknown>\n#3 0x559eefb6ce9f <unknown>\n#4 0x559eefba6b72 <unknown>\n#5 0x559eefba0fd3 <unknown>\n#6 0x559eefb77514 <unknown>\n#7 0x559eefb78505 <unknown>\n#8 0x559eefe05e2e <unknown>\n#9 0x559eefe1b886 <unknown>\n#10 0x559eefe06d75 <unknown>\n#11 0x559eefe1cd94 <unknown>\n#12 0x559eefdfd8eb <unknown>\n#13 0x559eefe37cd8 <unknown>\n#14 0x559eefe37e58 <unknown>\n#15 0x559eefe51dfd <unknown>\n#16 0x7f3dea6cf609 start_thread\n",
        "time" : {
          "start" : 1629077272701,
          "stop" : 1629077272703,
          "duration" : 2
        }
      }, {
        "uid" : "30503a6d1471ca97",
        "reportUrl" : "https://MohabMohie.github.io/using_SHAFT_ENGINE/allure/771//#testresult/30503a6d1471ca97",
        "status" : "skipped",
        "statusDetails" : "unknown error: Chrome failed to start: exited abnormally.\n  (unknown error: DevToolsActivePort file doesn't exist)\n  (The process started from chrome location /usr/bin/google-chrome is no longer running, so ChromeDriver is assuming that Chrome has crashed.)\nBuild info: version: '3.141.59', revision: 'e82be7d358', time: '2018-11-14T08:17:03'\nSystem info: host: 'fv-az201-640', ip: '10.1.0.97', os.name: 'Linux', os.arch: 'amd64', os.version: '5.8.0-1039-azure', java.version: '15.0.4'\nDriver info: driver.version: A_Search_FlatTest_NativeSeleniumWebDriver\nremote stacktrace: #0 0x56010469aa63 <unknown>\n#1 0x56010440f458 <unknown>\n#2 0x5601044322e3 <unknown>\n#3 0x56010442de9f <unknown>\n#4 0x560104467b72 <unknown>\n#5 0x560104461fd3 <unknown>\n#6 0x560104438514 <unknown>\n#7 0x560104439505 <unknown>\n#8 0x5601046c6e2e <unknown>\n#9 0x5601046dc886 <unknown>\n#10 0x5601046c7d75 <unknown>\n#11 0x5601046ddd94 <unknown>\n#12 0x5601046be8eb <unknown>\n#13 0x5601046f8cd8 <unknown>\n#14 0x5601046f8e58 <unknown>\n#15 0x560104712dfd <unknown>\n#16 0x7f01049a7609 start_thread\n",
        "time" : {
          "start" : 1629052745413,
          "stop" : 1629052745416,
          "duration" : 3
        }
      }, {
        "uid" : "fb708c95b7f1b19c",
        "reportUrl" : "https://MohabMohie.github.io/using_SHAFT_ENGINE/allure/770//#testresult/fb708c95b7f1b19c",
        "status" : "skipped",
        "statusDetails" : "unknown error: Chrome failed to start: exited abnormally.\n  (unknown error: DevToolsActivePort file doesn't exist)\n  (The process started from chrome location /usr/bin/google-chrome is no longer running, so ChromeDriver is assuming that Chrome has crashed.)\nBuild info: version: '3.141.59', revision: 'e82be7d358', time: '2018-11-14T08:17:03'\nSystem info: host: 'fv-az212-985', ip: '10.1.1.29', os.name: 'Linux', os.arch: 'amd64', os.version: '5.8.0-1039-azure', java.version: '15.0.4'\nDriver info: driver.version: A_Search_FlatTest_NativeSeleniumWebDriver\nremote stacktrace: #0 0x55fb8c6c5a63 <unknown>\n#1 0x55fb8c43a458 <unknown>\n#2 0x55fb8c45d2e3 <unknown>\n#3 0x55fb8c458e9f <unknown>\n#4 0x55fb8c492b72 <unknown>\n#5 0x55fb8c48cfd3 <unknown>\n#6 0x55fb8c463514 <unknown>\n#7 0x55fb8c464505 <unknown>\n#8 0x55fb8c6f1e2e <unknown>\n#9 0x55fb8c707886 <unknown>\n#10 0x55fb8c6f2d75 <unknown>\n#11 0x55fb8c708d94 <unknown>\n#12 0x55fb8c6e98eb <unknown>\n#13 0x55fb8c723cd8 <unknown>\n#14 0x55fb8c723e58 <unknown>\n#15 0x55fb8c73ddfd <unknown>\n#16 0x7f1254c19609 start_thread\n",
        "time" : {
          "start" : 1629031754985,
          "stop" : 1629031754987,
          "duration" : 2
        }
      }, {
        "uid" : "7547e75e35d6db72",
        "reportUrl" : "https://MohabMohie.github.io/using_SHAFT_ENGINE/allure/769//#testresult/7547e75e35d6db72",
        "status" : "skipped",
        "statusDetails" : "unknown error: Chrome failed to start: exited abnormally.\n  (unknown error: DevToolsActivePort file doesn't exist)\n  (The process started from chrome location /usr/bin/google-chrome is no longer running, so ChromeDriver is assuming that Chrome has crashed.)\nBuild info: version: '3.141.59', revision: 'e82be7d358', time: '2018-11-14T08:17:03'\nSystem info: host: 'fv-az204-940', ip: '10.1.0.33', os.name: 'Linux', os.arch: 'amd64', os.version: '5.8.0-1039-azure', java.version: '15.0.4'\nDriver info: driver.version: A_Search_FlatTest_NativeSeleniumWebDriver\nremote stacktrace: #0 0x5555e2910a63 <unknown>\n#1 0x5555e2685458 <unknown>\n#2 0x5555e26a82e3 <unknown>\n#3 0x5555e26a3e9f <unknown>\n#4 0x5555e26ddb72 <unknown>\n#5 0x5555e26d7fd3 <unknown>\n#6 0x5555e26ae514 <unknown>\n#7 0x5555e26af505 <unknown>\n#8 0x5555e293ce2e <unknown>\n#9 0x5555e2952886 <unknown>\n#10 0x5555e293dd75 <unknown>\n#11 0x5555e2953d94 <unknown>\n#12 0x5555e29348eb <unknown>\n#13 0x5555e296ecd8 <unknown>\n#14 0x5555e296ee58 <unknown>\n#15 0x5555e2988dfd <unknown>\n#16 0x7f1d4f144609 start_thread\n",
        "time" : {
          "start" : 1629009568533,
          "stop" : 1629009568534,
          "duration" : 1
        }
      }, {
        "uid" : "59eec6d363b404c1",
        "reportUrl" : "https://MohabMohie.github.io/using_SHAFT_ENGINE/allure/768//#testresult/59eec6d363b404c1",
        "status" : "skipped",
        "statusDetails" : "unknown error: Chrome failed to start: exited abnormally.\n  (unknown error: DevToolsActivePort file doesn't exist)\n  (The process started from chrome location /usr/bin/google-chrome is no longer running, so ChromeDriver is assuming that Chrome has crashed.)\nBuild info: version: '3.141.59', revision: 'e82be7d358', time: '2018-11-14T08:17:03'\nSystem info: host: 'fv-az154-22', ip: '10.1.1.100', os.name: 'Linux', os.arch: 'amd64', os.version: '5.8.0-1039-azure', java.version: '15.0.4'\nDriver info: driver.version: A_Search_FlatTest_NativeSeleniumWebDriver\nremote stacktrace: #0 0x564cbd357a63 <unknown>\n#1 0x564cbd0cc458 <unknown>\n#2 0x564cbd0ef2e3 <unknown>\n#3 0x564cbd0eae9f <unknown>\n#4 0x564cbd124b72 <unknown>\n#5 0x564cbd11efd3 <unknown>\n#6 0x564cbd0f5514 <unknown>\n#7 0x564cbd0f6505 <unknown>\n#8 0x564cbd383e2e <unknown>\n#9 0x564cbd399886 <unknown>\n#10 0x564cbd384d75 <unknown>\n#11 0x564cbd39ad94 <unknown>\n#12 0x564cbd37b8eb <unknown>\n#13 0x564cbd3b5cd8 <unknown>\n#14 0x564cbd3b5e58 <unknown>\n#15 0x564cbd3cfdfd <unknown>\n#16 0x7fec081f2609 start_thread\n",
        "time" : {
          "start" : 1628990898081,
          "stop" : 1628990898096,
          "duration" : 15
        }
      }, {
        "uid" : "9dc08e8f26ac5d0e",
        "reportUrl" : "https://MohabMohie.github.io/using_SHAFT_ENGINE/allure/767//#testresult/9dc08e8f26ac5d0e",
        "status" : "skipped",
        "statusDetails" : "unknown error: Chrome failed to start: exited abnormally.\n  (unknown error: DevToolsActivePort file doesn't exist)\n  (The process started from chrome location /usr/bin/google-chrome is no longer running, so ChromeDriver is assuming that Chrome has crashed.)\nBuild info: version: '3.141.59', revision: 'e82be7d358', time: '2018-11-14T08:17:03'\nSystem info: host: 'fv-az212-985', ip: '10.1.0.227', os.name: 'Linux', os.arch: 'amd64', os.version: '5.8.0-1039-azure', java.version: '15.0.4'\nDriver info: driver.version: A_Search_FlatTest_NativeSeleniumWebDriver\nremote stacktrace: #0 0x55f80c046a63 <unknown>\n#1 0x55f80bdbb458 <unknown>\n#2 0x55f80bdde2e3 <unknown>\n#3 0x55f80bdd9e9f <unknown>\n#4 0x55f80be13b72 <unknown>\n#5 0x55f80be0dfd3 <unknown>\n#6 0x55f80bde4514 <unknown>\n#7 0x55f80bde5505 <unknown>\n#8 0x55f80c072e2e <unknown>\n#9 0x55f80c088886 <unknown>\n#10 0x55f80c073d75 <unknown>\n#11 0x55f80c089d94 <unknown>\n#12 0x55f80c06a8eb <unknown>\n#13 0x55f80c0a4cd8 <unknown>\n#14 0x55f80c0a4e58 <unknown>\n#15 0x55f80c0bedfd <unknown>\n#16 0x7f7bdf94a609 start_thread\n",
        "time" : {
          "start" : 1628966281932,
          "stop" : 1628966281938,
          "duration" : 6
        }
      } ]
    },
    "tags" : [ ]
  },
  "source" : "f990bf895dfbd169.json",
  "parameterValues" : [ ]
}