################################################################################################################################################
Detected SHAFT Engine Version: [SHAFT Engine v6.1.20220113]
################################################################################################################################################

################################################################################################################################################
Starting Execution:	[1 out of 23] test cases in the current suite
Test Method:		[tests.api.users.UserData.validateUserEmail]
################################################################################################################################################
[ReportManager] Response status code: [200], status line: [HTTP/1.1 200 OK] @03-02-2022 06:36:17.0273 AM
[ReportManager] Assertion Passed: Evaluating the actual response status code against the expected one... @03-02-2022 06:36:17.0299 AM
[ReportManager] Assertion [ValidateComparativeRelation] PASSED. Expected [200] and Actual [200]. Comparison Type [EQUALS]. Validation Type [POSITIVE]. @03-02-2022 06:36:17.0304 AM
[ReportManager] API Action [PerformRequest] successfully performed. With the following test data [Request Type: "GET" | Target Status Code: "200" | Service URL: "https://jsonplaceholder.typicode.com/users" | Content Type: "*/*" | Response Time: "1016ms"]. @03-02-2022 06:36:18.0314 AM
[ReportManager] Successfully created attachment [API Request - Specifications] @03-02-2022 06:36:18.0315 AM
[ReportManager] Successfully created attachment [API Response - JSON Body] @03-02-2022 06:36:18.0511 AM
[ReportManager] Assertion [ValidateEquals] PASSED. Expected and Actual values are attached. Comparison Type [CONTAINS]. Validation Type [POSITIVE]. @03-02-2022 06:36:18.0518 AM
[ReportManager] Successfully created attachment [Validation Test Data - Expected Value] @03-02-2022 06:36:18.0519 AM
[ReportManager] Successfully created attachment [Validation Test Data - Actual Value] @03-02-2022 06:36:18.0519 AM
[ReportManager] API Action [GetResponseJSONValueAsList] successfully performed. With the following test data [$]. @03-02-2022 06:36:18.0529 AM
[ReportManager] API Action [GetResponseJSONValue] successfully performed. With the following test data [name]. @03-02-2022 06:36:18.0548 AM
[ReportManager] API Action [GetResponseJSONValue] successfully performed. With the following test data [email]. @03-02-2022 06:36:18.0593 AM
[ReportManager] Assertion [ValidateEquals] PASSED. Expected [Sincere@april.biz] and Actual [Sincere@april.biz]. Comparison Type [EQUALS]. Validation Type [POSITIVE]. @03-02-2022 06:36:18.0594 AM
[ReportManager] API Action [GetResponseJSONValue] successfully performed. With the following test data [name]. @03-02-2022 06:36:18.0619 AM
[ReportManager] API Action [GetResponseJSONValue] successfully performed. With the following test data [name]. @03-02-2022 06:36:18.0646 AM
[ReportManager] API Action [GetResponseJSONValue] successfully performed. With the following test data [name]. @03-02-2022 06:36:18.0671 AM
[ReportManager] API Action [GetResponseJSONValue] successfully performed. With the following test data [name]. @03-02-2022 06:36:18.0688 AM
[ReportManager] API Action [GetResponseJSONValue] successfully performed. With the following test data [name]. @03-02-2022 06:36:18.0708 AM
[ReportManager] API Action [GetResponseJSONValue] successfully performed. With the following test data [name]. @03-02-2022 06:36:18.0723 AM
[ReportManager] API Action [GetResponseJSONValue] successfully performed. With the following test data [name]. @03-02-2022 06:36:18.0738 AM
[ReportManager] API Action [GetResponseJSONValue] successfully performed. With the following test data [name]. @03-02-2022 06:36:18.0749 AM
[ReportManager] API Action [GetResponseJSONValue] successfully performed. With the following test data [name]. @03-02-2022 06:36:18.0759 A

################################################################################################################################################
Starting Execution:	[2 out of 23] test cases in the current suite
Test Method:		[tests.cli.demo.cliTest.sampleTestCase]
################################################################################################################################################
[ReportManager] Attempting to perform the following command locally. Command: [ls] @03-02-2022 06:36:18.0859 AM
[ReportManager] Terminal Action [PerformTerminalCommands] successfully performed. With the following test data [Host Name: "localHost" | Command: "ls" | Exit Status: "0"]. @03-02-2022 06:36:18.0873 AM
[ReportManager] Successfully created attachment [Terminal Action Actual Result - Command Log] @03-02-2022 06:36:18.0873 AM
[ReportManager] Assertion Passed: Demoing local terminal actions @03-02-2022 06:36:18.0874 AM
[ReportManager] Assertion [ValidateEquals] PASSED. Expected [pom.xml] and Actual [LICENSE
README.md
allure-results
docker-compose_native.yml
docker-compose_zalenium.yml
extent-reports
pom.xml
readMeImgs
src
target]. Comparison Type [CONTAINS]. Validation Type [POSITIVE]. @03-02-2022 06:36:18.0874 A
[ReportManager] File Action [GetAbsolutePath] successfully performed. With the following test data [Relative Folder Path: "target/downloadedFiles/"]. @03-02-2022 06:36:18.0886 AM
[ReportManager] Attempting to run remotely on: [Linux-64], [GoogleChrome], [http://localhost:4444/wd/hub], Headless Execution. @03-02-2022 06:36:18.0898 AM
[ReportManager] Successfully Opened [GoogleChrome]. @03-02-2022 06:36:20.0520 AM
[ReportManager] Target URL: [https://www.google.com/ncr], and after redirection: [https://www.google.com] @03-02-2022 06:36:20.0532 AM
[ReportManager] Initial URL: [data:,] @03-02-2022 06:36:20.0656 AM
[ReportManager] Browser Action [NavigateToURL] successfully performed. With the following test data [https://www.google.com/ncr]. @03-02-2022 06:36:21.0946 A

################################################################################################################################################
Starting Execution:	[3 out of 23] test cases in the current suite
Test Method:		[tests.gui.google.C_Search_PageObjectModel_Traditional.navigateToGoogleHomeAndAssertGoogleLogoIsDisplayed]
################################################################################################################################################
[ReportManager] Element Action [IsElementDisplayed] successfully performed. @03-02-2022 06:36:22.0116 AM
[ReportManager] Assertion Passed: Asserting that the Google logo is displayed @03-02-2022 06:36:22.0117 AM
[ReportManager] Assertion [ValidateTrue] PASSED. Expected [TRUE] and Actual [TRUE]. Validation Type [POSITIVE]. @03-02-2022 06:36:22.0117 A
[ReportManager] Browser Action [CloseCurrentWindow] successfully performed. @03-02-2022 06:36:22.0262 AM
[ReportManager] Successfully created attachment [Browser Action Test Data - CloseCurrentWindow - Actual Value] @03-02-2022 06:36:22.0272 A
[ReportManager] File Action [GetAbsolutePath] successfully performed. With the following test data [Relative Folder Path: "target/downloadedFiles/"]. @03-02-2022 06:36:22.0290 AM
[ReportManager] Attempting to run remotely on: [Linux-64], [GoogleChrome], [http://localhost:4444/wd/hub], Headless Execution. @03-02-2022 06:36:22.0291 AM
[ReportManager] Successfully Opened [GoogleChrome]. @03-02-2022 06:36:22.0646 AM
[ReportManager] Target URL: [https://www.google.com/ncr], and after redirection: [https://www.google.com] @03-02-2022 06:36:22.0646 AM
[ReportManager] Initial URL: [data:,] @03-02-2022 06:36:22.0737 AM
[ReportManager] Browser Action [NavigateToURL] successfully performed. With the following test data [https://www.google.com/ncr]. @03-02-2022 06:36:23.0618 A

################################################################################################################################################
Starting Execution:	[4 out of 23] test cases in the current suite
Test Method:		[tests.gui.google.C_Search_PageObjectModel_Traditional.navigateToGoogleHomeAndAssertPageTitle]
################################################################################################################################################
[ReportManager] Browser Action [GetCurrentWindowTitle] successfully performed. With the following test data [Google]. @03-02-2022 06:36:23.0678 AM
[ReportManager] Assertion Passed: Asserting that the page title is Google @03-02-2022 06:36:23.0678 AM
[ReportManager] Assertion [ValidateEquals] PASSED. Expected [Google] and Actual [Google]. Comparison Type [EQUALS]. Validation Type [POSITIVE]. @03-02-2022 06:36:23.0678 A
[ReportManager] Browser Action [CloseCurrentWindow] successfully performed. @03-02-2022 06:36:23.0853 AM
[ReportManager] Successfully created attachment [Browser Action Test Data - CloseCurrentWindow - Actual Value] @03-02-2022 06:36:23.0854 A
[ReportManager] File Action [GetAbsolutePath] successfully performed. With the following test data [Relative Folder Path: "target/downloadedFiles/"]. @03-02-2022 06:36:23.0860 AM
[ReportManager] Attempting to run remotely on: [Linux-64], [GoogleChrome], [http://localhost:4444/wd/hub], Headless Execution. @03-02-2022 06:36:23.0861 AM
[ReportManager] Successfully Opened [GoogleChrome]. @03-02-2022 06:36:24.0226 AM
[ReportManager] Target URL: [https://www.google.com/ncr], and after redirection: [https://www.google.com] @03-02-2022 06:36:24.0226 AM
[ReportManager] Initial URL: [data:,] @03-02-2022 06:36:24.0303 AM
[ReportManager] Browser Action [NavigateToURL] successfully performed. With the following test data [https://www.google.com/ncr]. @03-02-2022 06:36:25.0164 A

################################################################################################################################################
Starting Execution:	[5 out of 23] test cases in the current suite
Test Method:		[tests.gui.google.C_Search_PageObjectModel_Traditional.searchForQueryAndAssertFirstResultTextIsCorrect]
################################################################################################################################################
[ReportManager] Element Action [Type] successfully performed. With the following test data [SHAFT_Engine]. @03-02-2022 06:36:25.0991 AM
[ReportManager] Element Action [KeyPress] successfully performed. With the following test data [ENTER]. @03-02-2022 06:36:27.0166 AM
[ReportManager] Element Action [GetText] successfully performed. With the following test data [SHAFT: Unified Test Automation Engine - GitHub]. @03-02-2022 06:36:27.0296 AM
[ReportManager] Assertion Failed: Asserting that the correct first result is displayed @03-02-2022 06:36:27.0298 AM
[ReportManager] Assertion [ValidateEquals] FAILED. Expected [MohabMohie] and Actual [SHAFT: Unified Test Automation Engine - GitHub]. Comparison Type [CONTAINS]. Validation Type [POSITIVE]. @03-02-2022 06:36:27.0298 A
[ReportManager] Browser Action [CloseCurrentWindow] successfully performed. @03-02-2022 06:36:27.0595 AM
[ReportManager] Successfully created attachment [Browser Action Test Data - CloseCurrentWindow - Actual Value] @03-02-2022 06:36:27.0603 A
[ReportManager] An Exception Occured with this Message: src/test/resources/testDataFiles/Google/SimpleSearch.xlsx (No such file or directory). @03-02-2022 06:36:27.0616 AM
[ReportManager] Successfully created attachment [Exception Stack Trace - java.io.FileNotFoundException] @03-02-2022 06:36:27.0616 AM
[ReportManager] Couldn't find the desired file. [src/test/resources/testDataFiles/Google/SimpleSearch.xlsx]. @03-02-2022 06:36:27.0616 A


################################################################################################################################################
Starting Execution:	[6 out of 23] test cases in the current suite
Test Method:		[tests.gui.google.G_Search_PageObjectModel_ThreadSafe.navigateToGoogleHomeAndAssertGoogleLogoIsDisplayed]
###############################################################################################################################################



################################################################################################################################################
Starting Execution:	[7 out of 23] test cases in the current suite
Test Method:		[tests.gui.google.G_Search_PageObjectModel_ThreadSafe.navigateToGoogleHomeAndAssertPageTitle]
###############################################################################################################################################



################################################################################################################################################
Starting Execution:	[8 out of 23] test cases in the current suite
Test Method:		[tests.gui.google.G_Search_PageObjectModel_ThreadSafe.searchForQueryAndAssertFirstResultTextIsCorrect]
###############################################################################################################################################




################################################################################################################################################
Starting Execution:	[9 out of 23] test cases in the current suite
Test Method:		[tests.gui.google.A_Search_FlatTest_NativeSeleniumWebDriver.navigateToGoogleHomeAndAssertGoogleLogoIsDisplayed]
###############################################################################################################################################



################################################################################################################################################
Starting Execution:	[10 out of 23] test cases in the current suite
Test Method:		[tests.gui.google.A_Search_FlatTest_NativeSeleniumWebDriver.navigateToGoogleHomeAndAssertPageTitle]
###############################################################################################################################################



################################################################################################################################################
Starting Execution:	[11 out of 23] test cases in the current suite
Test Method:		[tests.gui.google.A_Search_FlatTest_NativeSeleniumWebDriver.searchForQueryAndAssertFirstResultTextIsCorrect]
###############################################################################################################################################

[ReportManager] An Exception Occured with this Message: src/test/resources/testDataFiles/Google/SimpleSearch.xlsx (No such file or directory). @03-02-2022 06:36:55.0286 AM
[ReportManager] Successfully created attachment [Exception Stack Trace - java.io.FileNotFoundException] @03-02-2022 06:36:55.0286 AM
[ReportManager] Couldn't find the desired file. [src/test/resources/testDataFiles/Google/SimpleSearch.xlsx]. @03-02-2022 06:36:55.0286 A


################################################################################################################################################
Starting Execution:	[12 out of 23] test cases in the current suite
Test Method:		[tests.gui.google.E_Search_PageObjectModel_Traditional_SHAFTAssertions.navigateToGoogleHomeAndAssertGoogleLogoIsDisplayed]
###############################################################################################################################################



################################################################################################################################################
Starting Execution:	[13 out of 23] test cases in the current suite
Test Method:		[tests.gui.google.E_Search_PageObjectModel_Traditional_SHAFTAssertions.navigateToGoogleHomeAndAssertPageTitle]
###############################################################################################################################################



################################################################################################################################################
Starting Execution:	[14 out of 23] test cases in the current suite
Test Method:		[tests.gui.google.E_Search_PageObjectModel_Traditional_SHAFTAssertions.searchForQueryAndAssertFirstResultTextIsCorrect]
###############################################################################################################################################

[ReportManager] An Exception Occured with this Message: src/test/resources/testDataFiles/Google/SimpleSearch.xlsx (No such file or directory). @03-02-2022 06:36:55.0327 AM
[ReportManager] Successfully created attachment [Exception Stack Trace - java.io.FileNotFoundException] @03-02-2022 06:36:55.0330 AM
[ReportManager] Couldn't find the desired file. [src/test/resources/testDataFiles/Google/SimpleSearch.xlsx]. @03-02-2022 06:36:55.0332 A


################################################################################################################################################
Starting Execution:	[15 out of 23] test cases in the current suite
Test Method:		[tests.gui.google.F_Search_PageObjectModel_Fluent.navigateToGoogleHomeAndAssertGoogleLogoIsDisplayed]
###############################################################################################################################################



################################################################################################################################################
Starting Execution:	[16 out of 23] test cases in the current suite
Test Method:		[tests.gui.google.F_Search_PageObjectModel_Fluent.navigateToGoogleHomeAndAssertPageTitle]
###############################################################################################################################################



################################################################################################################################################
Starting Execution:	[17 out of 23] test cases in the current suite
Test Method:		[tests.gui.google.F_Search_PageObjectModel_Fluent.searchForQueryAndAssertFirstResultTextIsCorrect]
###############################################################################################################################################

[ReportManager] File Action [GetAbsolutePath] successfully performed. With the following test data [Relative Folder Path: "target/downloadedFiles/"]. @03-02-2022 06:36:55.0360 AM
[ReportManager] Attempting to run remotely on: [Linux-64], [GoogleChrome], [http://localhost:4444/wd/hub], Headless Execution. @03-02-2022 06:36:55.0361 AM
[ReportManager] Successfully Opened [GoogleChrome]. @03-02-2022 06:36:55.0729 AM
[ReportManager] Target URL: [https://www.google.com/ncr], and after redirection: [https://www.google.com] @03-02-2022 06:36:55.0729 AM
[ReportManager] Initial URL: [data:,] @03-02-2022 06:36:55.0805 AM
[ReportManager] Browser Action [NavigateToURL] successfully performed. With the following test data [https://www.google.com/ncr]. @03-02-2022 06:36:56.0644 A

################################################################################################################################################
Starting Execution:	[18 out of 23] test cases in the current suite
Test Method:		[tests.gui.google.B_Search_FlatTest_SHAFT.navigateToGoogleHomeAndAssertGoogleLogoIsDisplayed]
################################################################################################################################################
[ReportManager] File Action [DoesFileExist] successfully performed. With the following test data [File Path: "src/main/resources/dynamicObjectRepository/tests_gui_google_B_Search_FlatTest_SHAFT_navigateToGoogleHomeAndAssertGoogleLogoIsDisplayed_By_xpath_img_id_hplogo_or_alt_Google.png"]. @03-02-2022 06:36:56.0650 AM
[ReportManager] File Action [GetAbsolutePath] successfully performed. With the following test data [Relative Folder Path: "src/main/resources/dynamicObjectRepository/tests_gui_google_B_Search_FlatTest_SHAFT_navigateToGoogleHomeAndAssertGoogleLogoIsDisplayed_By_xpath_img_id_hplogo_or_alt_Google.png"]. @03-02-2022 06:36:56.0650 AM
[ReportManager] File Action [ReadFromImageFile] successfully performed. With the following test data [File Path: "/home/runner/work/using_SHAFT_ENGINE/using_SHAFT_ENGINE/src/main/resources/dynamicObjectRepository/tests_gui_google_B_Search_FlatTest_SHAFT_navigateToGoogleHomeAndAssertGoogleLogoIsDisplayed_By_xpath_img_id_hplogo_or_alt_Google.png"]. @03-02-2022 06:36:56.0650 AM
[ReportManager] File Action [DoesFileExist] successfully performed. With the following test data [File Path: "src/main/resources/dynamicObjectRepository/tests_gui_google_B_Search_FlatTest_SHAFT_navigateToGoogleHomeAndAssertGoogleLogoIsDisplayed_By_xpath_img_id_hplogo_or_alt_Google.png"]. @03-02-2022 06:36:56.0874 AM
[ReportManager] File Action [DoesFileExist] successfully performed. With the following test data [File Path: "src/main/resources/dynamicObjectRepository/tests_gui_google_B_Search_FlatTest_SHAFT_navigateToGoogleHomeAndAssertGoogleLogoIsDisplayed_By_xpath_img_id_hplogo_or_alt_Google.png"]. @03-02-2022 06:36:56.0874 AM
[ReportManager] File Action [GetAbsolutePath] successfully performed. With the following test data [Relative Folder Path: "src/main/resources/dynamicObjectRepository/tests_gui_google_B_Search_FlatTest_SHAFT_navigateToGoogleHomeAndAssertGoogleLogoIsDisplayed_By_xpath_img_id_hplogo_or_alt_Google.png"]. @03-02-2022 06:36:56.0892 AM
[ReportManager] File Action [ReadFromImageFile] successfully performed. With the following test data [File Path: "/home/runner/work/using_SHAFT_ENGINE/using_SHAFT_ENGINE/src/main/resources/dynamicObjectRepository/tests_gui_google_B_Search_FlatTest_SHAFT_navigateToGoogleHomeAndAssertGoogleLogoIsDisplayed_By_xpath_img_id_hplogo_or_alt_Google.png"]. @03-02-2022 06:36:56.0892 AM
[ReportManager] Accuracy threshold is [80.0%] and the actual match accuracy is [91.50802493095398%]. @03-02-2022 06:36:56.0896 AM
[ReportManager] Successfully identified the element using AI; OpenCV. @03-02-2022 06:36:56.0897 AM
[ReportManager] Assertion Passed: Asserting that the Google logo is displayed @03-02-2022 06:36:56.0908 AM
[ReportManager] Successfully created attachment [Validation Test Data - Reference Screenshot] @03-02-2022 06:36:56.0909 AM
[ReportManager] Successfully created attachment [Validation Test Data - Actual Screenshot] @03-02-2022 06:36:56.0909 AM
[ReportManager] Assertion [ValidateElementMatches] PASSED. Expected [Element should match the reference screenshot] and Actual [TRUE]. Comparison Type [EXACT_OPENCV]. Validation Type [POSITIVE]. @03-02-2022 06:36:56.0909 A
[ReportManager] Browser Action [CloseCurrentWindow] successfully performed. @03-02-2022 06:36:57.0042 AM
[ReportManager] Successfully created attachment [Browser Action Test Data - CloseCurrentWindow - Actual Value] @03-02-2022 06:36:57.0061 A
[ReportManager] File Action [GetAbsolutePath] successfully performed. With the following test data [Relative Folder Path: "target/downloadedFiles/"]. @03-02-2022 06:36:57.0077 AM
[ReportManager] Attempting to run remotely on: [Linux-64], [GoogleChrome], [http://localhost:4444/wd/hub], Headless Execution. @03-02-2022 06:36:57.0078 AM
[ReportManager] Successfully Opened [GoogleChrome]. @03-02-2022 06:36:57.0293 AM
[ReportManager] Target URL: [https://www.google.com/ncr], and after redirection: [https://www.google.com] @03-02-2022 06:36:57.0293 AM
[ReportManager] Initial URL: [data:,] @03-02-2022 06:36:57.0381 AM
[ReportManager] Browser Action [NavigateToURL] successfully performed. With the following test data [https://www.google.com/ncr]. @03-02-2022 06:36:58.0183 A

################################################################################################################################################
Starting Execution:	[19 out of 23] test cases in the current suite
Test Method:		[tests.gui.google.B_Search_FlatTest_SHAFT.navigateToGoogleHomeAndAssertPageTitle]
################################################################################################################################################
[ReportManager] Browser Action [GetCurrentWindowTitle] successfully performed. With the following test data [Google]. @03-02-2022 06:36:58.0276 AM
[ReportManager] Assertion Passed: Asserting that the page title is Google @03-02-2022 06:36:58.0884 AM
[ReportManager] Successfully created attachment [Screenshot - 1643870218484_navigateToGoogleHomeAndAssertPageTitle_ValidateBrowserAttribute_passed] @03-02-2022 06:36:58.0890 AM
[ReportManager] Assertion [ValidateBrowserAttribute] PASSED. Expected [Value Should be 'Google' for the 'Title' attribute] and Actual [Google]. Comparison Type [EQUALS]. Validation Type [POSITIVE]. @03-02-2022 06:36:58.0890 A
[ReportManager] Browser Action [CloseCurrentWindow] successfully performed. @03-02-2022 06:36:59.0040 AM
[ReportManager] Successfully created attachment [Browser Action Test Data - CloseCurrentWindow - Actual Value] @03-02-2022 06:36:59.0040 A
[ReportManager] File Action [GetAbsolutePath] successfully performed. With the following test data [Relative Folder Path: "target/downloadedFiles/"]. @03-02-2022 06:36:59.0046 AM
[ReportManager] Attempting to run remotely on: [Linux-64], [GoogleChrome], [http://localhost:4444/wd/hub], Headless Execution. @03-02-2022 06:36:59.0046 AM
[ReportManager] Successfully Opened [GoogleChrome]. @03-02-2022 06:36:59.0248 AM
[ReportManager] Target URL: [https://www.google.com/ncr], and after redirection: [https://www.google.com] @03-02-2022 06:36:59.0249 AM
[ReportManager] Initial URL: [data:,] @03-02-2022 06:36:59.0328 AM
[ReportManager] Browser Action [NavigateToURL] successfully performed. With the following test data [https://www.google.com/ncr]. @03-02-2022 06:37:00.0172 A

################################################################################################################################################
Starting Execution:	[20 out of 23] test cases in the current suite
Test Method:		[tests.gui.google.B_Search_FlatTest_SHAFT.searchForQueryAndAssertFirstResultTextIsCorrect]
################################################################################################################################################
[ReportManager] Element Action [Type] successfully performed. With the following test data [SHAFT_Engine]. @03-02-2022 06:37:00.0951 AM
[ReportManager] Element Action [KeyPress] successfully performed. With the following test data [ENTER]. @03-02-2022 06:37:01.0556 AM
[ReportManager] Element Action [GetText] successfully performed. With the following test data [SHAFT: Unified Test Automation Engine - GitHub]. @03-02-2022 06:37:01.0892 AM
[ReportManager] Assertion Failed: Asserting that the correct first result is displayed @03-02-2022 06:37:02.0737 AM
[ReportManager] Successfully created attachment [Screenshot - 1643870222590_searchForQueryAndAssertFirstResultTextIsCorrect_ValidateElementAttribute_failed] @03-02-2022 06:37:02.0747 AM
[ReportManager] Assertion [ValidateElementAttribute] FAILED. Expected [Value Should be 'MohabMohie' for the 'Text' attribute, element locator 'By.xpath: (//h1[contains(text(),'Search Result')]/following-sibling::div//a/h3)[1]'] and Actual [SHAFT: Unified Test Automation Engine - GitHub]. Comparison Type [CONTAINS]. Validation Type [POSITIVE]. @03-02-2022 06:37:02.0747 A
[ReportManager] Browser Action [CloseCurrentWindow] successfully performed. @03-02-2022 06:37:02.0965 AM
[ReportManager] Successfully created attachment [Browser Action Test Data - CloseCurrentWindow - Actual Value] @03-02-2022 06:37:02.0969 A
[ReportManager] An Exception Occured with this Message: src/test/resources/testDataFiles/Google/SimpleSearch.xlsx (No such file or directory). @03-02-2022 06:37:02.0974 AM
[ReportManager] Successfully created attachment [Exception Stack Trace - java.io.FileNotFoundException] @03-02-2022 06:37:02.0974 AM
[ReportManager] Couldn't find the desired file. [src/test/resources/testDataFiles/Google/SimpleSearch.xlsx]. @03-02-2022 06:37:02.0974 A


################################################################################################################################################
Starting Execution:	[21 out of 23] test cases in the current suite
Test Method:		[tests.gui.google.D_Search_PageObjectModel_Traditional_DataDriven.navigateToGoogleHomeAndAssertGoogleLogoIsDisplayed]
###############################################################################################################################################



################################################################################################################################################
Starting Execution:	[22 out of 23] test cases in the current suite
Test Method:		[tests.gui.google.D_Search_PageObjectModel_Traditional_DataDriven.navigateToGoogleHomeAndAssertPageTitle]
###############################################################################################################################################



################################################################################################################################################
Starting Execution:	[23 out of 23] test cases in the current suite
Test Method:		[tests.gui.google.D_Search_PageObjectModel_Traditional_DataDriven.searchForQueryAndAssertFirstResultTextIsCorrect]
###############################################################################################################################################

[ReportManager] Successfully created attachment [SHAFT Engine Logs - Execution log] @03-02-2022 06:37:03.0007 AM

################################################################################################################################################
This test run was powered by SHAFT Engine Version: [SHAFT Engine v6.1.20220113]
SHAFT Engine is licensed under the MIT License: [https://github.com/MohabMohie/SHAFT_ENGINE/blob/master/LICENSE].
################################################################################################################################################