################################################################################################################################################
Detected SHAFT Engine Version: [SHAFT Engine v6.1.20220113]
################################################################################################################################################
[ReportManager] An Exception Occured with this Message: src/test/resources/testDataFiles/Google/SimpleSearch.xlsx (No such file or directory). @09-04-2022 06:38:43.0844 AM
[ReportManager] Successfully created attachment [Exception Stack Trace - java.io.FileNotFoundException] @09-04-2022 06:38:43.0845 AM
[ReportManager] Couldn't find the desired file. [src/test/resources/testDataFiles/Google/SimpleSearch.xlsx]. @09-04-2022 06:38:43.0845 A


################################################################################################################################################
Starting Execution:	[1 out of 23] test cases in the current suite
Test Method:		[tests.gui.google.D_Search_PageObjectModel_Traditional_DataDriven.navigateToGoogleHomeAndAssertGoogleLogoIsDisplayed]
###############################################################################################################################################



################################################################################################################################################
Starting Execution:	[2 out of 23] test cases in the current suite
Test Method:		[tests.gui.google.D_Search_PageObjectModel_Traditional_DataDriven.navigateToGoogleHomeAndAssertPageTitle]
###############################################################################################################################################



################################################################################################################################################
Starting Execution:	[3 out of 23] test cases in the current suite
Test Method:		[tests.gui.google.D_Search_PageObjectModel_Traditional_DataDriven.searchForQueryAndAssertFirstResultTextIsCorrect]
###############################################################################################################################################

[ReportManager] An Exception Occured with this Message: src/test/resources/testDataFiles/Google/SimpleSearch.xlsx (No such file or directory). @09-04-2022 06:38:44.0063 AM
[ReportManager] Successfully created attachment [Exception Stack Trace - java.io.FileNotFoundException] @09-04-2022 06:38:44.0063 AM
[ReportManager] Couldn't find the desired file. [src/test/resources/testDataFiles/Google/SimpleSearch.xlsx]. @09-04-2022 06:38:44.0063 A


################################################################################################################################################
Starting Execution:	[4 out of 23] test cases in the current suite
Test Method:		[tests.gui.google.G_Search_PageObjectModel_ThreadSafe.navigateToGoogleHomeAndAssertGoogleLogoIsDisplayed]
###############################################################################################################################################



################################################################################################################################################
Starting Execution:	[5 out of 23] test cases in the current suite
Test Method:		[tests.gui.google.G_Search_PageObjectModel_ThreadSafe.navigateToGoogleHomeAndAssertPageTitle]
###############################################################################################################################################



################################################################################################################################################
Starting Execution:	[6 out of 23] test cases in the current suite
Test Method:		[tests.gui.google.G_Search_PageObjectModel_ThreadSafe.searchForQueryAndAssertFirstResultTextIsCorrect]
###############################################################################################################################################

[ReportManager] File Action [GetAbsolutePath] successfully performed. With the following test data [Relative Folder Path: "target/downloadedFiles/"]. @09-04-2022 06:38:44.0112 AM
[ReportManager] Attempting to run remotely on: [Linux-64], [GoogleChrome], [http://localhost:4444/wd/hub], Headless Execution. @09-04-2022 06:38:44.0128 AM
[ReportManager] Successfully Opened [GoogleChrome]. @09-04-2022 06:38:46.0342 AM
[ReportManager] Target URL: [https://www.google.com/ncr], and after redirection: [https://www.google.com] @09-04-2022 06:38:46.0357 AM
[ReportManager] Initial URL: [data:,] @09-04-2022 06:38:46.0516 AM
[ReportManager] Browser Action [NavigateToURL] successfully performed. With the following test data [https://www.google.com/ncr]. @09-04-2022 06:38:48.0189 A

################################################################################################################################################
Starting Execution:	[7 out of 23] test cases in the current suite
Test Method:		[tests.gui.google.C_Search_PageObjectModel_Traditional.navigateToGoogleHomeAndAssertGoogleLogoIsDisplayed]
################################################################################################################################################
[ReportManager] Element Action [IsElementDisplayed] successfully performed. @09-04-2022 06:38:48.0397 AM
[ReportManager] Assertion Passed: Asserting that the Google logo is displayed @09-04-2022 06:38:48.0402 AM
[ReportManager] Assertion [ValidateTrue] PASSED. Expected [TRUE] and Actual [TRUE]. Validation Type [POSITIVE]. @09-04-2022 06:38:48.0403 A
[ReportManager] Browser Action [CloseCurrentWindow] successfully performed. @09-04-2022 06:38:48.0576 AM
[ReportManager] Successfully created attachment [Browser Action Test Data - CloseCurrentWindow - Actual Value] @09-04-2022 06:38:48.0584 A
[ReportManager] File Action [GetAbsolutePath] successfully performed. With the following test data [Relative Folder Path: "target/downloadedFiles/"]. @09-04-2022 06:38:48.0602 AM
[ReportManager] Attempting to run remotely on: [Linux-64], [GoogleChrome], [http://localhost:4444/wd/hub], Headless Execution. @09-04-2022 06:38:48.0602 AM
[ReportManager] Successfully Opened [GoogleChrome]. @09-04-2022 06:38:49.0039 AM
[ReportManager] Target URL: [https://www.google.com/ncr], and after redirection: [https://www.google.com] @09-04-2022 06:38:49.0039 AM
[ReportManager] Initial URL: [data:,] @09-04-2022 06:38:49.0148 AM
[ReportManager] Browser Action [NavigateToURL] successfully performed. With the following test data [https://www.google.com/ncr]. @09-04-2022 06:38:50.0398 A

################################################################################################################################################
Starting Execution:	[8 out of 23] test cases in the current suite
Test Method:		[tests.gui.google.C_Search_PageObjectModel_Traditional.navigateToGoogleHomeAndAssertPageTitle]
################################################################################################################################################
[ReportManager] Browser Action [GetCurrentWindowTitle] successfully performed. With the following test data [Google]. @09-04-2022 06:38:50.0462 AM
[ReportManager] Assertion Passed: Asserting that the page title is Google @09-04-2022 06:38:50.0465 AM
[ReportManager] Assertion [ValidateEquals] PASSED. Expected [Google] and Actual [Google]. Comparison Type [EQUALS]. Validation Type [POSITIVE]. @09-04-2022 06:38:50.0465 A
[ReportManager] Browser Action [CloseCurrentWindow] successfully performed. @09-04-2022 06:38:50.0629 AM
[ReportManager] Successfully created attachment [Browser Action Test Data - CloseCurrentWindow - Actual Value] @09-04-2022 06:38:50.0631 A
[ReportManager] File Action [GetAbsolutePath] successfully performed. With the following test data [Relative Folder Path: "target/downloadedFiles/"]. @09-04-2022 06:38:50.0647 AM
[ReportManager] Attempting to run remotely on: [Linux-64], [GoogleChrome], [http://localhost:4444/wd/hub], Headless Execution. @09-04-2022 06:38:50.0647 AM
[ReportManager] Successfully Opened [GoogleChrome]. @09-04-2022 06:38:51.0091 AM
[ReportManager] Target URL: [https://www.google.com/ncr], and after redirection: [https://www.google.com] @09-04-2022 06:38:51.0091 AM
[ReportManager] Initial URL: [data:,] @09-04-2022 06:38:51.0192 AM
[ReportManager] Browser Action [NavigateToURL] successfully performed. With the following test data [https://www.google.com/ncr]. @09-04-2022 06:38:52.0459 A

################################################################################################################################################
Starting Execution:	[9 out of 23] test cases in the current suite
Test Method:		[tests.gui.google.C_Search_PageObjectModel_Traditional.searchForQueryAndAssertFirstResultTextIsCorrect]
################################################################################################################################################
[ReportManager] Element Action [Type] successfully performed. With the following test data [SHAFT_Engine]. @09-04-2022 06:38:53.0516 AM
[ReportManager] Element Action [KeyPress] successfully performed. With the following test data [ENTER]. @09-04-2022 06:38:54.0361 AM
[ReportManager] Element Action [GetText] successfully performed. With the following test data [SHAFT: Unified Test Automation Engine - GitHub]. @09-04-2022 06:38:54.0800 AM
[ReportManager] Assertion Failed: Asserting that the correct first result is displayed @09-04-2022 06:38:54.0805 AM
[ReportManager] Assertion [ValidateEquals] FAILED. Expected [MohabMohie] and Actual [SHAFT: Unified Test Automation Engine - GitHub]. Comparison Type [CONTAINS]. Validation Type [POSITIVE]. @09-04-2022 06:38:54.0805 A
[ReportManager] Browser Action [CloseCurrentWindow] successfully performed. @09-04-2022 06:38:55.0285 AM
[ReportManager] Successfully created attachment [Browser Action Test Data - CloseCurrentWindow - Actual Value] @09-04-2022 06:38:55.0309 A
[ReportManager] File Action [GetAbsolutePath] successfully performed. With the following test data [Relative Folder Path: "target/downloadedFiles/"]. @09-04-2022 06:38:55.0319 AM
[ReportManager] Attempting to run remotely on: [Linux-64], [GoogleChrome], [http://localhost:4444/wd/hub], Headless Execution. @09-04-2022 06:38:55.0319 AM
[ReportManager] Successfully Opened [GoogleChrome]. @09-04-2022 06:38:55.0705 AM
[ReportManager] Target URL: [https://www.google.com/ncr], and after redirection: [https://www.google.com] @09-04-2022 06:38:55.0705 AM
[ReportManager] Initial URL: [data:,] @09-04-2022 06:38:55.0793 AM
[ReportManager] Browser Action [NavigateToURL] successfully performed. With the following test data [https://www.google.com/ncr]. @09-04-2022 06:38:57.0034 A

################################################################################################################################################
Starting Execution:	[10 out of 23] test cases in the current suite
Test Method:		[tests.gui.google.B_Search_FlatTest_SHAFT.navigateToGoogleHomeAndAssertGoogleLogoIsDisplayed]
################################################################################################################################################
[ReportManager] File Action [DoesFileExist] successfully performed. With the following test data [File Path: "src/main/resources/dynamicObjectRepository/tests_gui_google_B_Search_FlatTest_SHAFT_navigateToGoogleHomeAndAssertGoogleLogoIsDisplayed_By_xpath_img_id_hplogo_or_alt_Google.png"]. @09-04-2022 06:38:57.0041 AM
[ReportManager] File Action [GetAbsolutePath] successfully performed. With the following test data [Relative Folder Path: "src/main/resources/dynamicObjectRepository/tests_gui_google_B_Search_FlatTest_SHAFT_navigateToGoogleHomeAndAssertGoogleLogoIsDisplayed_By_xpath_img_id_hplogo_or_alt_Google.png"]. @09-04-2022 06:38:57.0041 AM
[ReportManager] File Action [ReadFromImageFile] successfully performed. With the following test data [File Path: "/home/runner/work/using_SHAFT_ENGINE/using_SHAFT_ENGINE/src/main/resources/dynamicObjectRepository/tests_gui_google_B_Search_FlatTest_SHAFT_navigateToGoogleHomeAndAssertGoogleLogoIsDisplayed_By_xpath_img_id_hplogo_or_alt_Google.png"]. @09-04-2022 06:38:57.0045 AM
[ReportManager] File Action [DoesFileExist] successfully performed. With the following test data [File Path: "src/main/resources/dynamicObjectRepository/tests_gui_google_B_Search_FlatTest_SHAFT_navigateToGoogleHomeAndAssertGoogleLogoIsDisplayed_By_xpath_img_id_hplogo_or_alt_Google.png"]. @09-04-2022 06:38:57.0313 AM
[ReportManager] File Action [DoesFileExist] successfully performed. With the following test data [File Path: "src/main/resources/dynamicObjectRepository/tests_gui_google_B_Search_FlatTest_SHAFT_navigateToGoogleHomeAndAssertGoogleLogoIsDisplayed_By_xpath_img_id_hplogo_or_alt_Google.png"]. @09-04-2022 06:38:57.0313 AM
[ReportManager] File Action [GetAbsolutePath] successfully performed. With the following test data [Relative Folder Path: "src/main/resources/dynamicObjectRepository/tests_gui_google_B_Search_FlatTest_SHAFT_navigateToGoogleHomeAndAssertGoogleLogoIsDisplayed_By_xpath_img_id_hplogo_or_alt_Google.png"]. @09-04-2022 06:38:57.0336 AM
[ReportManager] File Action [ReadFromImageFile] successfully performed. With the following test data [File Path: "/home/runner/work/using_SHAFT_ENGINE/using_SHAFT_ENGINE/src/main/resources/dynamicObjectRepository/tests_gui_google_B_Search_FlatTest_SHAFT_navigateToGoogleHomeAndAssertGoogleLogoIsDisplayed_By_xpath_img_id_hplogo_or_alt_Google.png"]. @09-04-2022 06:38:57.0336 AM
[ReportManager] Accuracy threshold is [80.0%] and the actual match accuracy is [91.50802493095398%]. @09-04-2022 06:38:57.0340 AM
[ReportManager] Successfully identified the element using AI; OpenCV. @09-04-2022 06:38:57.0340 AM
[ReportManager] Assertion Passed: Asserting that the Google logo is displayed @09-04-2022 06:38:57.0342 AM
[ReportManager] Successfully created attachment [Validation Test Data - Reference Screenshot] @09-04-2022 06:38:57.0343 AM
[ReportManager] Successfully created attachment [Validation Test Data - Actual Screenshot] @09-04-2022 06:38:57.0343 AM
[ReportManager] Assertion [ValidateElementMatches] PASSED. Expected [Element should match the reference screenshot] and Actual [TRUE]. Comparison Type [EXACT_OPENCV]. Validation Type [POSITIVE]. @09-04-2022 06:38:57.0343 A
[ReportManager] Browser Action [CloseCurrentWindow] successfully performed. @09-04-2022 06:38:57.0512 AM
[ReportManager] Successfully created attachment [Browser Action Test Data - CloseCurrentWindow - Actual Value] @09-04-2022 06:38:57.0513 A
[ReportManager] File Action [GetAbsolutePath] successfully performed. With the following test data [Relative Folder Path: "target/downloadedFiles/"]. @09-04-2022 06:38:57.0524 AM
[ReportManager] Attempting to run remotely on: [Linux-64], [GoogleChrome], [http://localhost:4444/wd/hub], Headless Execution. @09-04-2022 06:38:57.0524 AM
[ReportManager] Successfully Opened [GoogleChrome]. @09-04-2022 06:38:57.0811 AM
[ReportManager] Target URL: [https://www.google.com/ncr], and after redirection: [https://www.google.com] @09-04-2022 06:38:57.0811 AM
[ReportManager] Initial URL: [data:,] @09-04-2022 06:38:57.0904 AM
[ReportManager] Browser Action [NavigateToURL] successfully performed. With the following test data [https://www.google.com/ncr]. @09-04-2022 06:38:59.0130 A

################################################################################################################################################
Starting Execution:	[11 out of 23] test cases in the current suite
Test Method:		[tests.gui.google.B_Search_FlatTest_SHAFT.navigateToGoogleHomeAndAssertPageTitle]
################################################################################################################################################
[ReportManager] Browser Action [GetCurrentWindowTitle] successfully performed. With the following test data [Google]. @09-04-2022 06:38:59.0213 AM
[ReportManager] Assertion Passed: Asserting that the page title is Google @09-04-2022 06:39:00.0032 AM
[ReportManager] Successfully created attachment [Screenshot - 1649486339467_navigateToGoogleHomeAndAssertPageTitle_ValidateBrowserAttribute_passed] @09-04-2022 06:39:00.0051 AM
[ReportManager] Assertion [ValidateBrowserAttribute] PASSED. Expected [Value Should be 'Google' for the 'Title' attribute] and Actual [Google]. Comparison Type [EQUALS]. Validation Type [POSITIVE]. @09-04-2022 06:39:00.0051 A
[ReportManager] Browser Action [CloseCurrentWindow] successfully performed. @09-04-2022 06:39:00.0287 AM
[ReportManager] Successfully created attachment [Browser Action Test Data - CloseCurrentWindow - Actual Value] @09-04-2022 06:39:00.0289 A
[ReportManager] File Action [GetAbsolutePath] successfully performed. With the following test data [Relative Folder Path: "target/downloadedFiles/"]. @09-04-2022 06:39:00.0293 AM
[ReportManager] Attempting to run remotely on: [Linux-64], [GoogleChrome], [http://localhost:4444/wd/hub], Headless Execution. @09-04-2022 06:39:00.0294 AM
[ReportManager] Successfully Opened [GoogleChrome]. @09-04-2022 06:39:00.0519 AM
[ReportManager] Target URL: [https://www.google.com/ncr], and after redirection: [https://www.google.com] @09-04-2022 06:39:00.0519 AM
[ReportManager] Initial URL: [data:,] @09-04-2022 06:39:00.0599 AM
[ReportManager] Browser Action [NavigateToURL] successfully performed. With the following test data [https://www.google.com/ncr]. @09-04-2022 06:39:01.0933 A

################################################################################################################################################
Starting Execution:	[12 out of 23] test cases in the current suite
Test Method:		[tests.gui.google.B_Search_FlatTest_SHAFT.searchForQueryAndAssertFirstResultTextIsCorrect]
################################################################################################################################################
[ReportManager] Element Action [Type] successfully performed. With the following test data [SHAFT_Engine]. @09-04-2022 06:39:02.0817 AM
[ReportManager] Element Action [KeyPress] successfully performed. With the following test data [ENTER]. @09-04-2022 06:39:04.0011 AM
[ReportManager] Element Action [GetText] successfully performed. With the following test data [SHAFT: Unified Test Automation Engine - GitHub]. @09-04-2022 06:39:04.0138 AM
[ReportManager] Assertion Failed: Asserting that the correct first result is displayed @09-04-2022 06:39:04.0864 AM
[ReportManager] Successfully created attachment [Screenshot - 1649486344656_searchForQueryAndAssertFirstResultTextIsCorrect_ValidateElementAttribute_failed] @09-04-2022 06:39:04.0874 AM
[ReportManager] Assertion [ValidateElementAttribute] FAILED. Expected [Value Should be 'MohabMohie' for the 'Text' attribute, element locator 'By.xpath: (//h1[contains(text(),'Search Result')]/following-sibling::div//a/h3)[1]'] and Actual [SHAFT: Unified Test Automation Engine - GitHub]. Comparison Type [CONTAINS]. Validation Type [POSITIVE]. @09-04-2022 06:39:04.0874 A
[ReportManager] Browser Action [CloseCurrentWindow] successfully performed. @09-04-2022 06:39:05.0140 AM
[ReportManager] Successfully created attachment [Browser Action Test Data - CloseCurrentWindow - Actual Value] @09-04-2022 06:39:05.0145 A
[ReportManager] An Exception Occured with this Message: src/test/resources/testDataFiles/Google/SimpleSearch.xlsx (No such file or directory). @09-04-2022 06:39:05.0162 AM
[ReportManager] Successfully created attachment [Exception Stack Trace - java.io.FileNotFoundException] @09-04-2022 06:39:05.0162 AM
[ReportManager] Couldn't find the desired file. [src/test/resources/testDataFiles/Google/SimpleSearch.xlsx]. @09-04-2022 06:39:05.0162 A


################################################################################################################################################
Starting Execution:	[13 out of 23] test cases in the current suite
Test Method:		[tests.gui.google.E_Search_PageObjectModel_Traditional_SHAFTAssertions.navigateToGoogleHomeAndAssertGoogleLogoIsDisplayed]
###############################################################################################################################################



################################################################################################################################################
Starting Execution:	[14 out of 23] test cases in the current suite
Test Method:		[tests.gui.google.E_Search_PageObjectModel_Traditional_SHAFTAssertions.navigateToGoogleHomeAndAssertPageTitle]
###############################################################################################################################################



################################################################################################################################################
Starting Execution:	[15 out of 23] test cases in the current suite
Test Method:		[tests.gui.google.E_Search_PageObjectModel_Traditional_SHAFTAssertions.searchForQueryAndAssertFirstResultTextIsCorrect]
###############################################################################################################################################

[ReportManager] An Exception Occured with this Message: src/test/resources/testDataFiles/Google/SimpleSearch.xlsx (No such file or directory). @09-04-2022 06:39:05.0198 AM
[ReportManager] Successfully created attachment [Exception Stack Trace - java.io.FileNotFoundException] @09-04-2022 06:39:05.0198 AM
[ReportManager] Couldn't find the desired file. [src/test/resources/testDataFiles/Google/SimpleSearch.xlsx]. @09-04-2022 06:39:05.0198 A


################################################################################################################################################
Starting Execution:	[16 out of 23] test cases in the current suite
Test Method:		[tests.gui.google.F_Search_PageObjectModel_Fluent.navigateToGoogleHomeAndAssertGoogleLogoIsDisplayed]
###############################################################################################################################################



################################################################################################################################################
Starting Execution:	[17 out of 23] test cases in the current suite
Test Method:		[tests.gui.google.F_Search_PageObjectModel_Fluent.navigateToGoogleHomeAndAssertPageTitle]
###############################################################################################################################################



################################################################################################################################################
Starting Execution:	[18 out of 23] test cases in the current suite
Test Method:		[tests.gui.google.F_Search_PageObjectModel_Fluent.searchForQueryAndAssertFirstResultTextIsCorrect]
###############################################################################################################################################




################################################################################################################################################
Starting Execution:	[19 out of 23] test cases in the current suite
Test Method:		[tests.gui.google.A_Search_FlatTest_NativeSeleniumWebDriver.navigateToGoogleHomeAndAssertGoogleLogoIsDisplayed]
###############################################################################################################################################



################################################################################################################################################
Starting Execution:	[20 out of 23] test cases in the current suite
Test Method:		[tests.gui.google.A_Search_FlatTest_NativeSeleniumWebDriver.navigateToGoogleHomeAndAssertPageTitle]
###############################################################################################################################################



################################################################################################################################################
Starting Execution:	[21 out of 23] test cases in the current suite
Test Method:		[tests.gui.google.A_Search_FlatTest_NativeSeleniumWebDriver.searchForQueryAndAssertFirstResultTextIsCorrect]
###############################################################################################################################################


################################################################################################################################################
Starting Execution:	[22 out of 23] test cases in the current suite
Test Method:		[tests.api.users.UserData.validateUserEmail]
################################################################################################################################################
[ReportManager] Response status code: [200], status line: [HTTP/1.1 200 OK] @09-04-2022 06:39:13.0927 AM
[ReportManager] Assertion Passed: Evaluating the actual response status code against the expected one... @09-04-2022 06:39:13.0932 AM
[ReportManager] Assertion [ValidateComparativeRelation] PASSED. Expected [200] and Actual [200]. Comparison Type [EQUALS]. Validation Type [POSITIVE]. @09-04-2022 06:39:13.0932 AM
[ReportManager] API Action [PerformRequest] successfully performed. With the following test data [Request Type: "GET" | Target Status Code: "200" | Service URL: "https://jsonplaceholder.typicode.com/users" | Content Type: "*/*" | Response Time: "738ms"]. @09-04-2022 06:39:15.0028 AM
[ReportManager] Successfully created attachment [API Request - Specifications] @09-04-2022 06:39:15.0029 AM
[ReportManager] Successfully created attachment [API Response - JSON Body] @09-04-2022 06:39:15.0268 AM
[ReportManager] Assertion [ValidateEquals] PASSED. Expected and Actual values are attached. Comparison Type [CONTAINS]. Validation Type [POSITIVE]. @09-04-2022 06:39:15.0270 AM
[ReportManager] Successfully created attachment [Validation Test Data - Expected Value] @09-04-2022 06:39:15.0271 AM
[ReportManager] Successfully created attachment [Validation Test Data - Actual Value] @09-04-2022 06:39:15.0272 AM
[ReportManager] API Action [GetResponseJSONValueAsList] successfully performed. With the following test data [$]. @09-04-2022 06:39:15.0293 AM
[ReportManager] API Action [GetResponseJSONValue] successfully performed. With the following test data [name]. @09-04-2022 06:39:15.0321 AM
[ReportManager] API Action [GetResponseJSONValue] successfully performed. With the following test data [email]. @09-04-2022 06:39:15.0344 AM
[ReportManager] Assertion [ValidateEquals] PASSED. Expected [Sincere@april.biz] and Actual [Sincere@april.biz]. Comparison Type [EQUALS]. Validation Type [POSITIVE]. @09-04-2022 06:39:15.0345 AM
[ReportManager] API Action [GetResponseJSONValue] successfully performed. With the following test data [name]. @09-04-2022 06:39:15.0367 AM
[ReportManager] API Action [GetResponseJSONValue] successfully performed. With the following test data [name]. @09-04-2022 06:39:15.0385 AM
[ReportManager] API Action [GetResponseJSONValue] successfully performed. With the following test data [name]. @09-04-2022 06:39:15.0405 AM
[ReportManager] API Action [GetResponseJSONValue] successfully performed. With the following test data [name]. @09-04-2022 06:39:15.0424 AM
[ReportManager] API Action [GetResponseJSONValue] successfully performed. With the following test data [name]. @09-04-2022 06:39:15.0445 AM
[ReportManager] API Action [GetResponseJSONValue] successfully performed. With the following test data [name]. @09-04-2022 06:39:15.0460 AM
[ReportManager] API Action [GetResponseJSONValue] successfully performed. With the following test data [name]. @09-04-2022 06:39:15.0476 AM
[ReportManager] API Action [GetResponseJSONValue] successfully performed. With the following test data [name]. @09-04-2022 06:39:15.0491 AM
[ReportManager] API Action [GetResponseJSONValue] successfully performed. With the following test data [name]. @09-04-2022 06:39:15.0506 A

################################################################################################################################################
Starting Execution:	[23 out of 23] test cases in the current suite
Test Method:		[tests.cli.demo.cliTest.sampleTestCase]
################################################################################################################################################
[ReportManager] Attempting to perform the following command locally. Command: [ls] @09-04-2022 06:39:15.0513 AM
[ReportManager] Terminal Action [PerformTerminalCommands] successfully performed. With the following test data [Host Name: "localHost" | Command: "ls" | Exit Status: "0"]. @09-04-2022 06:39:15.0519 AM
[ReportManager] Successfully created attachment [Terminal Action Actual Result - Command Log] @09-04-2022 06:39:15.0519 AM
[ReportManager] Assertion Passed: Demoing local terminal actions @09-04-2022 06:39:15.0520 AM
[ReportManager] Assertion [ValidateEquals] PASSED. Expected [pom.xml] and Actual [LICENSE
README.md
allure-results
docker-compose_native.yml
docker-compose_zalenium.yml
extent-reports
generateJdkMac.sh
pom.xml
readMeImgs
src
target]. Comparison Type [CONTAINS]. Validation Type [POSITIVE]. @09-04-2022 06:39:15.0520 A
[ReportManager] Successfully created attachment [SHAFT Engine Logs - Execution log] @09-04-2022 06:39:15.0549 AM

################################################################################################################################################
This test run was powered by SHAFT Engine Version: [SHAFT Engine v6.1.20220113]
SHAFT Engine is licensed under the MIT License: [https://github.com/MohabMohie/SHAFT_ENGINE/blob/master/LICENSE].
################################################################################################################################################