{
  "uid" : "4b4757e66a1912dae1a509f688f20b0f",
  "children" : [ {
    "name" : "Product defects",
    "children" : [ {
      "name" : "Assertion [ValidateEquals] FAILED. Expected [MohabMohie] and Actual [SHAFT_ENGINE is a Test Automation Engine that ... - GitHub]. Comparison Type [CONTAINS]. Validation Type [POSITIVE].",
      "children" : [ {
        "name" : "searchForQueryAndAssertFirstResultTextIsCorrect",
        "uid" : "76fbd2dbe9c61b91",
        "parentUid" : "560f4ba7520edf3654889622d1ec21d5",
        "status" : "failed",
        "time" : {
          "start" : 1632142314209,
          "stop" : 1632142316680,
          "duration" : 2471
        },
        "flaky" : false,
        "newFailed" : false,
        "parameters" : [ ]
      }, {
        "name" : "searchForQueryAndAssertFirstResultTextIsCorrect",
        "uid" : "1713a0de2f11b128",
        "parentUid" : "560f4ba7520edf3654889622d1ec21d5",
        "status" : "failed",
        "time" : {
          "start" : 1632142362095,
          "stop" : 1632142364331,
          "duration" : 2236
        },
        "flaky" : false,
        "newFailed" : false,
        "parameters" : [ ]
      } ],
      "uid" : "560f4ba7520edf3654889622d1ec21d5"
    }, {
      "name" : "Assertion [ValidateElementAttribute] FAILED. Expected [Value Should be 'MohabMohie' for the 'Text' attribute, element locator 'By.xpath: (//h1[contains(text(),'Search Result')]/following-sibling::div//a/h3)[1]'] and Actual [SHAFT_ENGINE is a Test Automation Engine that ... - GitHub]. Comparison Type [CONTAINS]. Validation Type [POSITIVE].",
      "children" : [ {
        "name" : "searchForQueryAndAssertFirstResultTextIsCorrect",
        "uid" : "f585b89639bf0f25",
        "parentUid" : "7ec2ccc38aacde760e1a17d26c12f1c8",
        "status" : "failed",
        "time" : {
          "start" : 1632142327365,
          "stop" : 1632142330185,
          "duration" : 2820
        },
        "flaky" : false,
        "newFailed" : false,
        "parameters" : [ ]
      }, {
        "name" : "searchForQueryAndAssertFirstResultTextIsCorrect",
        "uid" : "302ab7e046d18b3f",
        "parentUid" : "7ec2ccc38aacde760e1a17d26c12f1c8",
        "status" : "failed",
        "time" : {
          "start" : 1632142335706,
          "stop" : 1632142338350,
          "duration" : 2644
        },
        "flaky" : false,
        "newFailed" : false,
        "parameters" : [ ]
      }, {
        "name" : "searchForQueryAndAssertFirstResultTextIsCorrect",
        "uid" : "1578e4d9a7bc6284",
        "parentUid" : "7ec2ccc38aacde760e1a17d26c12f1c8",
        "status" : "failed",
        "time" : {
          "start" : 1632142343869,
          "stop" : 1632142346619,
          "duration" : 2750
        },
        "flaky" : false,
        "newFailed" : false,
        "parameters" : [ ]
      }, {
        "name" : "searchForQueryAndAssertFirstResultTextIsCorrect",
        "uid" : "a498f5114aacdf3",
        "parentUid" : "7ec2ccc38aacde760e1a17d26c12f1c8",
        "status" : "failed",
        "time" : {
          "start" : 1632142352148,
          "stop" : 1632142354621,
          "duration" : 2473
        },
        "flaky" : false,
        "newFailed" : false,
        "parameters" : [ ]
      } ],
      "uid" : "7ec2ccc38aacde760e1a17d26c12f1c8"
    } ],
    "uid" : "8fb3a91ba5aaf9de24cc8a92edc82b5d"
  }, {
    "name" : "Test defects",
    "children" : [ {
      "name" : "unknown error: Chrome failed to start: exited abnormally.\n  (unknown error: DevToolsActivePort file doesn't exist)\n  (The process started from chrome location /usr/bin/google-chrome is no longer running, so ChromeDriver is assuming that Chrome has crashed.)\nBuild info: version: '3.141.59', revision: 'e82be7d358', time: '2018-11-14T08:17:03'\nSystem info: host: 'fv-az290-487', ip: '10.1.0.213', os.name: 'Linux', os.arch: 'amd64', os.version: '5.8.0-1041-azure', java.version: '16.0.2'\nDriver info: driver.version: A_Search_FlatTest_NativeSeleniumWebDriver\nremote stacktrace: #0 0x561a4a0c0583 <unknown>\n#1 0x561a49e34a38 <unknown>\n#2 0x561a49e57923 <unknown>\n#3 0x561a49e534df <unknown>\n#4 0x561a49e8d1e2 <unknown>\n#5 0x561a49e87643 <unknown>\n#6 0x561a49e5db94 <unknown>\n#7 0x561a49e5eb85 <unknown>\n#8 0x561a4a0f0c6e <unknown>\n#9 0x561a4a106975 <unknown>\n#10 0x561a4a0f1bc5 <unknown>\n#11 0x561a4a107fb5 <unknown>\n#12 0x561a4a0e684b <unknown>\n#13 0x561a4a123248 <unknown>\n#14 0x561a4a1233c8 <unknown>\n#15 0x561a4a13d73d <unknown>\n#16 0x7ff44fbfa609 start_thread\n",
      "children" : [ {
        "name" : "beforeMethod",
        "uid" : "bebd4606ee0c63fb",
        "parentUid" : "3a1a40d83ae65252848efb7732cb53b6",
        "status" : "broken",
        "time" : {
          "start" : 1632142357389,
          "stop" : 1632142357390,
          "duration" : 1
        },
        "flaky" : false,
        "newFailed" : false,
        "parameters" : [ ]
      } ],
      "uid" : "3a1a40d83ae65252848efb7732cb53b6"
    } ],
    "uid" : "bdbf199525818fae7a8651db9eafe741"
  } ],
  "name" : "categories"
}