################################################################################################################################################
Detected SHAFT Engine Version: [SHAFT Engine v5.4.20211117-BETA]
################################################################################################################################################

################################################################################################################################################
Starting Execution:	[1 out of 23] test cases in the current suite
Test Method:		[tests.api.users.UserData.validateUserEmail]
################################################################################################################################################
[ReportManager] Response status code: [200], status line: [HTTP/1.1 200 OK] @25-11-2021 01:30:29.0426 AM
[ReportManager] Assertion Passed: Evaluating the actual response status code against the expected one... @25-11-2021 01:30:29.0437 AM
[ReportManager] Assertion [ValidateComparativeRelation] PASSED. Expected [200] and Actual [200]. Comparison Type [EQUALS]. Validation Type [POSITIVE]. @25-11-2021 01:30:29.0443 AM
[ReportManager] API Action [PerformRequest] successfully performed. With the following test data [Request Type: "GET" | Target Status Code: "200" | Service URL: "https://jsonplaceholder.typicode.com/users" | Content Type: "*/*" | Response Time: "1271ms"]. @25-11-2021 01:30:30.0609 AM
[ReportManager] Successfully created attachment [API Request - Specifications] @25-11-2021 01:30:30.0610 AM
[ReportManager] Successfully created attachment [API Response - JSON Body] @25-11-2021 01:30:30.0880 AM
[ReportManager] Assertion [ValidateEquals] PASSED. Expected and Actual values are attached. Comparison Type [CONTAINS]. Validation Type [POSITIVE]. @25-11-2021 01:30:30.0888 AM
[ReportManager] Successfully created attachment [Validation Test Data - Expected Value] @25-11-2021 01:30:30.0889 AM
[ReportManager] Successfully created attachment [Validation Test Data - Actual Value] @25-11-2021 01:30:30.0889 AM
[ReportManager] API Action [GetResponseJSONValueAsList] successfully performed. With the following test data [$]. @25-11-2021 01:30:30.0906 AM
[ReportManager] API Action [GetResponseJSONValue] successfully performed. With the following test data [name]. @25-11-2021 01:30:30.0936 AM
[ReportManager] API Action [GetResponseJSONValue] successfully performed. With the following test data [email]. @25-11-2021 01:30:30.0961 AM
[ReportManager] Assertion [ValidateEquals] PASSED. Expected [Sincere@april.biz] and Actual [Sincere@april.biz]. Comparison Type [EQUALS]. Validation Type [POSITIVE]. @25-11-2021 01:30:30.0962 AM
[ReportManager] API Action [GetResponseJSONValue] successfully performed. With the following test data [name]. @25-11-2021 01:30:30.0985 AM
[ReportManager] API Action [GetResponseJSONValue] successfully performed. With the following test data [name]. @25-11-2021 01:30:31.0006 AM
[ReportManager] API Action [GetResponseJSONValue] successfully performed. With the following test data [name]. @25-11-2021 01:30:31.0024 AM
[ReportManager] API Action [GetResponseJSONValue] successfully performed. With the following test data [name]. @25-11-2021 01:30:31.0042 AM
[ReportManager] API Action [GetResponseJSONValue] successfully performed. With the following test data [name]. @25-11-2021 01:30:31.0061 AM
[ReportManager] API Action [GetResponseJSONValue] successfully performed. With the following test data [name]. @25-11-2021 01:30:31.0078 AM
[ReportManager] API Action [GetResponseJSONValue] successfully performed. With the following test data [name]. @25-11-2021 01:30:31.0094 AM
[ReportManager] API Action [GetResponseJSONValue] successfully performed. With the following test data [name]. @25-11-2021 01:30:31.0110 AM
[ReportManager] API Action [GetResponseJSONValue] successfully performed. With the following test data [name]. @25-11-2021 01:30:31.0126 A

################################################################################################################################################
Starting Execution:	[2 out of 23] test cases in the current suite
Test Method:		[tests.cli.demo.cliTest.sampleTestCase]
################################################################################################################################################
[ReportManager] Attempting to perform the following command locally. Command: [ls] @25-11-2021 01:30:31.0268 AM
[ReportManager] Terminal Action [PerformTerminalCommands] successfully performed. With the following test data [Host Name: "localHost" | Command: "ls" | Exit Status: "0"]. @25-11-2021 01:30:31.0284 AM
[ReportManager] Successfully created attachment [Terminal Action Actual Result - Command Log] @25-11-2021 01:30:31.0286 AM
[ReportManager] Assertion Passed: Demoing local terminal actions @25-11-2021 01:30:31.0291 AM
[ReportManager] Assertion [ValidateEquals] PASSED. Expected [pom.xml] and Actual [LICENSE
README.md
allure-results
docker-compose_native.yml
docker-compose_zalenium.yml
extent-reports
pom.xml
readMeImgs
src
target]. Comparison Type [CONTAINS]. Validation Type [POSITIVE]. @25-11-2021 01:30:31.0291 A
[ReportManager] An Exception Occured with this Message: src/test/resources/testDataFiles/Google/SimpleSearch.xlsx (No such file or directory). @25-11-2021 01:30:31.0309 AM
[ReportManager] Successfully created attachment [Exception Stack Trace - java.io.FileNotFoundException] @25-11-2021 01:30:31.0310 AM
[ReportManager] Couldn't find the desired file. [src/test/resources/testDataFiles/Google/SimpleSearch.xlsx]. @25-11-2021 01:30:31.0311 A


################################################################################################################################################
Starting Execution:	[3 out of 23] test cases in the current suite
Test Method:		[tests.gui.google.D_Search_PageObjectModel_Traditional_DataDriven.navigateToGoogleHomeAndAssertGoogleLogoIsDisplayed]
###############################################################################################################################################



################################################################################################################################################
Starting Execution:	[4 out of 23] test cases in the current suite
Test Method:		[tests.gui.google.D_Search_PageObjectModel_Traditional_DataDriven.navigateToGoogleHomeAndAssertPageTitle]
###############################################################################################################################################



################################################################################################################################################
Starting Execution:	[5 out of 23] test cases in the current suite
Test Method:		[tests.gui.google.D_Search_PageObjectModel_Traditional_DataDriven.searchForQueryAndAssertFirstResultTextIsCorrect]
###############################################################################################################################################

[ReportManager] An Exception Occured with this Message: src/test/resources/testDataFiles/Google/SimpleSearch.xlsx (No such file or directory). @25-11-2021 01:30:31.0381 AM
[ReportManager] Successfully created attachment [Exception Stack Trace - java.io.FileNotFoundException] @25-11-2021 01:30:31.0381 AM
[ReportManager] Couldn't find the desired file. [src/test/resources/testDataFiles/Google/SimpleSearch.xlsx]. @25-11-2021 01:30:31.0382 A


################################################################################################################################################
Starting Execution:	[6 out of 23] test cases in the current suite
Test Method:		[tests.gui.google.E_Search_PageObjectModel_Traditional_SHAFTAssertions.navigateToGoogleHomeAndAssertGoogleLogoIsDisplayed]
###############################################################################################################################################



################################################################################################################################################
Starting Execution:	[7 out of 23] test cases in the current suite
Test Method:		[tests.gui.google.E_Search_PageObjectModel_Traditional_SHAFTAssertions.navigateToGoogleHomeAndAssertPageTitle]
###############################################################################################################################################



################################################################################################################################################
Starting Execution:	[8 out of 23] test cases in the current suite
Test Method:		[tests.gui.google.E_Search_PageObjectModel_Traditional_SHAFTAssertions.searchForQueryAndAssertFirstResultTextIsCorrect]
###############################################################################################################################################

[ReportManager] File Action [GetAbsolutePath] successfully performed. With the following test data [Relative Folder Path: "target/downloadedFiles/"]. @25-11-2021 01:30:31.0428 AM
[ReportManager] Attempting to run remotely on: [Linux-64], [GoogleChrome], [http://localhost:4444/wd/hub], Headless Execution. @25-11-2021 01:30:31.0447 AM
[ReportManager] Successfully Opened [GoogleChrome]. @25-11-2021 01:30:33.0475 AM
[ReportManager] Target URL: [https://www.google.com/ncr], and after redirection: [https://www.google.com] @25-11-2021 01:30:33.0486 AM
[ReportManager] Initial URL: [data:,] @25-11-2021 01:30:33.0641 AM
[ReportManager] Browser Action [NavigateToURL] successfully performed. With the following test data [https://www.google.com/ncr]. @25-11-2021 01:30:34.0886 A

################################################################################################################################################
Starting Execution:	[9 out of 23] test cases in the current suite
Test Method:		[tests.gui.google.C_Search_PageObjectModel_Traditional.navigateToGoogleHomeAndAssertGoogleLogoIsDisplayed]
################################################################################################################################################
[ReportManager] Element Action [IsElementDisplayed] successfully performed. @25-11-2021 01:30:35.0073 AM
[ReportManager] Assertion Passed: Asserting that the Google logo is displayed @25-11-2021 01:30:35.0074 AM
[ReportManager] Assertion [ValidateTrue] PASSED. Expected [TRUE] and Actual [TRUE]. Validation Type [POSITIVE]. @25-11-2021 01:30:35.0074 A
[ReportManager] Browser Action [CloseCurrentWindow] successfully performed. @25-11-2021 01:30:35.0210 AM
[ReportManager] Successfully created attachment [Browser Action Test Data - CloseCurrentWindow - Actual Value] @25-11-2021 01:30:35.0220 A
[ReportManager] File Action [GetAbsolutePath] successfully performed. With the following test data [Relative Folder Path: "target/downloadedFiles/"]. @25-11-2021 01:30:35.0250 AM
[ReportManager] Attempting to run remotely on: [Linux-64], [GoogleChrome], [http://localhost:4444/wd/hub], Headless Execution. @25-11-2021 01:30:35.0254 AM
[ReportManager] Successfully Opened [GoogleChrome]. @25-11-2021 01:30:35.0709 AM
[ReportManager] Target URL: [https://www.google.com/ncr], and after redirection: [https://www.google.com] @25-11-2021 01:30:35.0709 AM
[ReportManager] Initial URL: [data:,] @25-11-2021 01:30:35.0819 AM
[ReportManager] Browser Action [NavigateToURL] successfully performed. With the following test data [https://www.google.com/ncr]. @25-11-2021 01:30:36.0868 A

################################################################################################################################################
Starting Execution:	[10 out of 23] test cases in the current suite
Test Method:		[tests.gui.google.C_Search_PageObjectModel_Traditional.navigateToGoogleHomeAndAssertPageTitle]
################################################################################################################################################
[ReportManager] Browser Action [GetCurrentWindowTitle] successfully performed. With the following test data [Google]. @25-11-2021 01:30:36.0949 AM
[ReportManager] Assertion Passed: Asserting that the page title is Google @25-11-2021 01:30:36.0950 AM
[ReportManager] Assertion [ValidateEquals] PASSED. Expected [Google] and Actual [Google]. Comparison Type [EQUALS]. Validation Type [POSITIVE]. @25-11-2021 01:30:36.0950 A
[ReportManager] Browser Action [CloseCurrentWindow] successfully performed. @25-11-2021 01:30:37.0119 AM
[ReportManager] Successfully created attachment [Browser Action Test Data - CloseCurrentWindow - Actual Value] @25-11-2021 01:30:37.0120 A
[ReportManager] File Action [GetAbsolutePath] successfully performed. With the following test data [Relative Folder Path: "target/downloadedFiles/"]. @25-11-2021 01:30:37.0135 AM
[ReportManager] Attempting to run remotely on: [Linux-64], [GoogleChrome], [http://localhost:4444/wd/hub], Headless Execution. @25-11-2021 01:30:37.0135 AM
[ReportManager] Successfully Opened [GoogleChrome]. @25-11-2021 01:30:37.0601 AM
[ReportManager] Target URL: [https://www.google.com/ncr], and after redirection: [https://www.google.com] @25-11-2021 01:30:37.0601 AM
[ReportManager] Initial URL: [data:,] @25-11-2021 01:30:37.0710 AM
[ReportManager] Browser Action [NavigateToURL] successfully performed. With the following test data [https://www.google.com/ncr]. @25-11-2021 01:30:38.0772 A

################################################################################################################################################
Starting Execution:	[11 out of 23] test cases in the current suite
Test Method:		[tests.gui.google.C_Search_PageObjectModel_Traditional.searchForQueryAndAssertFirstResultTextIsCorrect]
################################################################################################################################################
[ReportManager] Element Action [Type] successfully performed. With the following test data [SHAFT_Engine]. @25-11-2021 01:30:39.0380 AM
[ReportManager] Element Action [KeyPress] successfully performed. With the following test data [ENTER]. @25-11-2021 01:30:40.0968 AM
[ReportManager] Element Action [GetText] successfully performed. With the following test data [SHAFT_ENGINE is a Test Automation Engine that ... - GitHub]. @25-11-2021 01:30:41.0111 AM
[ReportManager] Assertion Failed: Asserting that the correct first result is displayed @25-11-2021 01:30:41.0112 AM
[ReportManager] Assertion [ValidateEquals] FAILED. Expected [MohabMohie] and Actual [SHAFT_ENGINE is a Test Automation Engine that ... - GitHub]. Comparison Type [CONTAINS]. Validation Type [POSITIVE]. @25-11-2021 01:30:41.0112 A
[ReportManager] Browser Action [CloseCurrentWindow] successfully performed. @25-11-2021 01:30:41.0393 AM
[ReportManager] Successfully created attachment [Browser Action Test Data - CloseCurrentWindow - Actual Value] @25-11-2021 01:30:41.0403 A



################################################################################################################################################
Starting Execution:	[12 out of 23] test cases in the current suite
Test Method:		[tests.gui.google.A_Search_FlatTest_NativeSeleniumWebDriver.navigateToGoogleHomeAndAssertGoogleLogoIsDisplayed]
###############################################################################################################################################



################################################################################################################################################
Starting Execution:	[13 out of 23] test cases in the current suite
Test Method:		[tests.gui.google.A_Search_FlatTest_NativeSeleniumWebDriver.navigateToGoogleHomeAndAssertPageTitle]
###############################################################################################################################################



################################################################################################################################################
Starting Execution:	[14 out of 23] test cases in the current suite
Test Method:		[tests.gui.google.A_Search_FlatTest_NativeSeleniumWebDriver.searchForQueryAndAssertFirstResultTextIsCorrect]
###############################################################################################################################################

[ReportManager] File Action [GetAbsolutePath] successfully performed. With the following test data [Relative Folder Path: "target/downloadedFiles/"]. @25-11-2021 01:31:07.0355 AM
[ReportManager] Attempting to run remotely on: [Linux-64], [GoogleChrome], [http://localhost:4444/wd/hub], Headless Execution. @25-11-2021 01:31:07.0355 AM
[ReportManager] Successfully Opened [GoogleChrome]. @25-11-2021 01:31:07.0916 AM
[ReportManager] Target URL: [https://www.google.com/ncr], and after redirection: [https://www.google.com] @25-11-2021 01:31:07.0917 AM
[ReportManager] Initial URL: [data:,] @25-11-2021 01:31:08.0021 AM
[ReportManager] Browser Action [NavigateToURL] successfully performed. With the following test data [https://www.google.com/ncr]. @25-11-2021 01:31:09.0122 A

################################################################################################################################################
Starting Execution:	[15 out of 23] test cases in the current suite
Test Method:		[tests.gui.google.B_Search_FlatTest_SHAFT.navigateToGoogleHomeAndAssertGoogleLogoIsDisplayed]
################################################################################################################################################
[ReportManager] File Action [DoesFileExist] successfully performed. With the following test data [File Path: "src/main/resources/dynamicObjectRepository/tests_gui_google_B_Search_FlatTest_SHAFT_navigateToGoogleHomeAndAssertGoogleLogoIsDisplayed_By_xpath_img_id_hplogo_or_alt_Google.png"]. @25-11-2021 01:31:09.0137 AM
[ReportManager] File Action [GetAbsolutePath] successfully performed. With the following test data [Relative Folder Path: "src/main/resources/dynamicObjectRepository/tests_gui_google_B_Search_FlatTest_SHAFT_navigateToGoogleHomeAndAssertGoogleLogoIsDisplayed_By_xpath_img_id_hplogo_or_alt_Google.png"]. @25-11-2021 01:31:09.0137 AM
[ReportManager] File Action [ReadFromImageFile] successfully performed. With the following test data [File Path: "/home/runner/work/using_SHAFT_ENGINE/using_SHAFT_ENGINE/src/main/resources/dynamicObjectRepository/tests_gui_google_B_Search_FlatTest_SHAFT_navigateToGoogleHomeAndAssertGoogleLogoIsDisplayed_By_xpath_img_id_hplogo_or_alt_Google.png"]. @25-11-2021 01:31:09.0137 AM
[ReportManager] File Action [DoesFileExist] successfully performed. With the following test data [File Path: "src/main/resources/dynamicObjectRepository/tests_gui_google_B_Search_FlatTest_SHAFT_navigateToGoogleHomeAndAssertGoogleLogoIsDisplayed_By_xpath_img_id_hplogo_or_alt_Google.png"]. @25-11-2021 01:31:09.0370 AM
[ReportManager] File Action [DoesFileExist] successfully performed. With the following test data [File Path: "src/main/resources/dynamicObjectRepository/tests_gui_google_B_Search_FlatTest_SHAFT_navigateToGoogleHomeAndAssertGoogleLogoIsDisplayed_By_xpath_img_id_hplogo_or_alt_Google.png"]. @25-11-2021 01:31:09.0371 AM
[ReportManager] Loaded Shared OpenCV @25-11-2021 01:31:10.0363 AM
[ReportManager] Successfully identified the element using AI; OpenCV. @25-11-2021 01:31:10.0385 AM
[ReportManager] Assertion Passed: Asserting that the Google logo is displayed @25-11-2021 01:31:10.0387 AM
[ReportManager] Successfully created attachment [Validation Test Data - Reference Screenshot] @25-11-2021 01:31:10.0388 AM
[ReportManager] Successfully created attachment [Validation Test Data - Actual Screenshot] @25-11-2021 01:31:10.0388 AM
[ReportManager] Assertion [ValidateElementMatches] PASSED. Expected [Element should match the reference screenshot] and Actual [TRUE]. Comparison Type [EXACT_OPENCV]. Validation Type [POSITIVE]. @25-11-2021 01:31:10.0388 A
[ReportManager] Browser Action [CloseCurrentWindow] successfully performed. @25-11-2021 01:31:10.0545 AM
[ReportManager] Successfully created attachment [Browser Action Test Data - CloseCurrentWindow - Actual Value] @25-11-2021 01:31:10.0546 A
[ReportManager] File Action [GetAbsolutePath] successfully performed. With the following test data [Relative Folder Path: "target/downloadedFiles/"]. @25-11-2021 01:31:10.0549 AM
[ReportManager] Attempting to run remotely on: [Linux-64], [GoogleChrome], [http://localhost:4444/wd/hub], Headless Execution. @25-11-2021 01:31:10.0549 AM
[ReportManager] Successfully Opened [GoogleChrome]. @25-11-2021 01:31:10.0812 AM
[ReportManager] Target URL: [https://www.google.com/ncr], and after redirection: [https://www.google.com] @25-11-2021 01:31:10.0812 AM
[ReportManager] Initial URL: [data:,] @25-11-2021 01:31:10.0900 AM
[ReportManager] Browser Action [NavigateToURL] successfully performed. With the following test data [https://www.google.com/ncr]. @25-11-2021 01:31:12.0089 A

################################################################################################################################################
Starting Execution:	[16 out of 23] test cases in the current suite
Test Method:		[tests.gui.google.B_Search_FlatTest_SHAFT.navigateToGoogleHomeAndAssertPageTitle]
################################################################################################################################################
[ReportManager] Browser Action [GetCurrentWindowTitle] successfully performed. With the following test data [Google]. @25-11-2021 01:31:12.0182 AM
[ReportManager] Assertion Passed: Asserting that the page title is Google @25-11-2021 01:31:12.0884 AM
[ReportManager] Successfully created attachment [Screenshot - 1637803872450_navigateToGoogleHomeAndAssertPageTitle_ValidateBrowserAttribute_passed] @25-11-2021 01:31:12.0893 AM
[ReportManager] Assertion [ValidateBrowserAttribute] PASSED. Expected [Value Should be 'Google' for the 'Title' attribute] and Actual [Google]. Comparison Type [EQUALS]. Validation Type [POSITIVE]. @25-11-2021 01:31:12.0893 A
[ReportManager] Browser Action [CloseCurrentWindow] successfully performed. @25-11-2021 01:31:13.0108 AM
[ReportManager] Successfully created attachment [Browser Action Test Data - CloseCurrentWindow - Actual Value] @25-11-2021 01:31:13.0109 A
[ReportManager] File Action [GetAbsolutePath] successfully performed. With the following test data [Relative Folder Path: "target/downloadedFiles/"]. @25-11-2021 01:31:13.0112 AM
[ReportManager] Attempting to run remotely on: [Linux-64], [GoogleChrome], [http://localhost:4444/wd/hub], Headless Execution. @25-11-2021 01:31:13.0112 AM
[ReportManager] Successfully Opened [GoogleChrome]. @25-11-2021 01:31:13.0405 AM
[ReportManager] Target URL: [https://www.google.com/ncr], and after redirection: [https://www.google.com] @25-11-2021 01:31:13.0405 AM
[ReportManager] Initial URL: [data:,] @25-11-2021 01:31:13.0491 AM
[ReportManager] Browser Action [NavigateToURL] successfully performed. With the following test data [https://www.google.com/ncr]. @25-11-2021 01:31:14.0419 A

################################################################################################################################################
Starting Execution:	[17 out of 23] test cases in the current suite
Test Method:		[tests.gui.google.B_Search_FlatTest_SHAFT.searchForQueryAndAssertFirstResultTextIsCorrect]
################################################################################################################################################
[ReportManager] Element Action [Type] successfully performed. With the following test data [SHAFT_Engine]. @25-11-2021 01:31:14.0996 AM
[ReportManager] Element Action [KeyPress] successfully performed. With the following test data [ENTER]. @25-11-2021 01:31:16.0400 AM
[ReportManager] Element Action [GetText] successfully performed. With the following test data [SHAFT_ENGINE is a Test Automation Engine that ... - GitHub]. @25-11-2021 01:31:16.0563 AM
[ReportManager] Loaded Shared OpenCV @25-11-2021 01:31:16.0994 AM
[ReportManager] Assertion Failed: Asserting that the correct first result is displayed @25-11-2021 01:31:17.0257 AM
[ReportManager] Successfully created attachment [Screenshot - 1637803876994_searchForQueryAndAssertFirstResultTextIsCorrect_ValidateElementAttribute_failed] @25-11-2021 01:31:17.0266 AM
[ReportManager] Assertion [ValidateElementAttribute] FAILED. Expected [Value Should be 'MohabMohie' for the 'Text' attribute, element locator 'By.xpath: (//h1[contains(text(),'Search Result')]/following-sibling::div//a/h3)[1]'] and Actual [SHAFT_ENGINE is a Test Automation Engine that ... - GitHub]. Comparison Type [CONTAINS]. Validation Type [POSITIVE]. @25-11-2021 01:31:17.0266 A
[ReportManager] Browser Action [CloseCurrentWindow] successfully performed. @25-11-2021 01:31:17.0479 AM
[ReportManager] Successfully created attachment [Browser Action Test Data - CloseCurrentWindow - Actual Value] @25-11-2021 01:31:17.0489 A
[ReportManager] An Exception Occured with this Message: src/test/resources/testDataFiles/Google/SimpleSearch.xlsx (No such file or directory). @25-11-2021 01:31:17.0496 AM
[ReportManager] Successfully created attachment [Exception Stack Trace - java.io.FileNotFoundException] @25-11-2021 01:31:17.0496 AM
[ReportManager] Couldn't find the desired file. [src/test/resources/testDataFiles/Google/SimpleSearch.xlsx]. @25-11-2021 01:31:17.0496 A


################################################################################################################################################
Starting Execution:	[18 out of 23] test cases in the current suite
Test Method:		[tests.gui.google.F_Search_PageObjectModel_Fluent.navigateToGoogleHomeAndAssertGoogleLogoIsDisplayed]
###############################################################################################################################################



################################################################################################################################################
Starting Execution:	[19 out of 23] test cases in the current suite
Test Method:		[tests.gui.google.F_Search_PageObjectModel_Fluent.navigateToGoogleHomeAndAssertPageTitle]
###############################################################################################################################################



################################################################################################################################################
Starting Execution:	[20 out of 23] test cases in the current suite
Test Method:		[tests.gui.google.F_Search_PageObjectModel_Fluent.searchForQueryAndAssertFirstResultTextIsCorrect]
###############################################################################################################################################

[ReportManager] An Exception Occured with this Message: src/test/resources/testDataFiles/Google/SimpleSearch.xlsx (No such file or directory). @25-11-2021 01:31:17.0533 AM
[ReportManager] Successfully created attachment [Exception Stack Trace - java.io.FileNotFoundException] @25-11-2021 01:31:17.0533 AM
[ReportManager] Couldn't find the desired file. [src/test/resources/testDataFiles/Google/SimpleSearch.xlsx]. @25-11-2021 01:31:17.0534 A


################################################################################################################################################
Starting Execution:	[21 out of 23] test cases in the current suite
Test Method:		[tests.gui.google.G_Search_PageObjectModel_ThreadSafe.navigateToGoogleHomeAndAssertGoogleLogoIsDisplayed]
###############################################################################################################################################



################################################################################################################################################
Starting Execution:	[22 out of 23] test cases in the current suite
Test Method:		[tests.gui.google.G_Search_PageObjectModel_ThreadSafe.navigateToGoogleHomeAndAssertPageTitle]
###############################################################################################################################################



################################################################################################################################################
Starting Execution:	[23 out of 23] test cases in the current suite
Test Method:		[tests.gui.google.G_Search_PageObjectModel_ThreadSafe.searchForQueryAndAssertFirstResultTextIsCorrect]
###############################################################################################################################################

[ReportManager] Successfully created attachment [SHAFT Engine Logs - Execution log] @25-11-2021 01:31:17.0584 AM

################################################################################################################################################
This test run was powered by SHAFT Engine Version: [SHAFT Engine v5.4.20211117-BETA]
SHAFT Engine is licensed under the MIT License: [https://github.com/MohabMohie/SHAFT_ENGINE/blob/master/LICENSE].
################################################################################################################################################