################################################################################################################################################
Detected SHAFT Engine Version: [SHAFT Engine v5.3.20210519]
################################################################################################################################################

################################################################################################################################################
Starting Execution:	[1 out of 23] test cases in the current suite
Test Method:		[tests.api.users.UserData.validateUserEmail]
################################################################################################################################################
[ReportManager] Response status code: [200], status line: [HTTP/1.1 200 OK] @08-08-2021 06:39:49.0612 AM
[ReportManager] Assertion Passed: Evaluating the actual response status code against the expected one... @08-08-2021 06:39:49.0622 AM
[ReportManager] Assertion [ValidateEquals] PASSED. Expected [200] and Actual [200]. Comparison Type [EQUALS]. Validation Type [POSITIVE]. @08-08-2021 06:39:49.0626 AM
[ReportManager] API Action [PerformRequest] successfully performed. With the following test data [Request Type: "GET" | Target Status Code: "200" | Service URL: "https://jsonplaceholder.typicode.com/users" | Content Type: "*/*" | Response Time: "749ms"]. @08-08-2021 06:39:50.0575 AM
[ReportManager] Successfully created attachment [API Response - JSON Body] @08-08-2021 06:39:50.0762 AM
[ReportManager] Assertion [ValidateEquals] PASSED. Expected and Actual values are attached. Comparison Type [CONTAINS]. Validation Type [POSITIVE]. @08-08-2021 06:39:50.0767 AM
[ReportManager] Successfully created attachment [Validation Test Data - Expected Value] @08-08-2021 06:39:50.0768 AM
[ReportManager] Successfully created attachment [Validation Test Data - Actual Value] @08-08-2021 06:39:50.0768 AM
[ReportManager] API Action [GetResponseJSONValueAsList] successfully performed. With the following test data [$]. @08-08-2021 06:39:50.0781 AM
[ReportManager] API Action [GetResponseJSONValue] successfully performed. With the following test data [name]. @08-08-2021 06:39:50.0798 AM
[ReportManager] API Action [GetResponseJSONValue] successfully performed. With the following test data [email]. @08-08-2021 06:39:50.0808 AM
[ReportManager] Assertion [ValidateEquals] PASSED. Expected [Sincere@april.biz] and Actual [Sincere@april.biz]. Comparison Type [EQUALS]. Validation Type [POSITIVE]. @08-08-2021 06:39:50.0809 AM
[ReportManager] API Action [GetResponseJSONValue] successfully performed. With the following test data [name]. @08-08-2021 06:39:50.0818 AM
[ReportManager] API Action [GetResponseJSONValue] successfully performed. With the following test data [name]. @08-08-2021 06:39:50.0835 AM
[ReportManager] API Action [GetResponseJSONValue] successfully performed. With the following test data [name]. @08-08-2021 06:39:50.0844 AM
[ReportManager] API Action [GetResponseJSONValue] successfully performed. With the following test data [name]. @08-08-2021 06:39:50.0853 AM
[ReportManager] API Action [GetResponseJSONValue] successfully performed. With the following test data [name]. @08-08-2021 06:39:50.0861 AM
[ReportManager] API Action [GetResponseJSONValue] successfully performed. With the following test data [name]. @08-08-2021 06:39:50.0870 AM
[ReportManager] API Action [GetResponseJSONValue] successfully performed. With the following test data [name]. @08-08-2021 06:39:50.0879 AM
[ReportManager] API Action [GetResponseJSONValue] successfully performed. With the following test data [name]. @08-08-2021 06:39:50.0888 AM
[ReportManager] API Action [GetResponseJSONValue] successfully performed. With the following test data [name]. @08-08-2021 06:39:50.0896 A

################################################################################################################################################
Starting Execution:	[2 out of 23] test cases in the current suite
Test Method:		[tests.cli.demo.cliTest.sampleTestCase]
################################################################################################################################################
[ReportManager] Attempting to perform the following command locally. Command: [ls] @08-08-2021 06:39:50.0994 AM
[ReportManager] Terminal Action [PerformTerminalCommands] successfully performed. With the following test data [Host Name: "localHost" | Command: "ls" | Exit Status: "0"]. @08-08-2021 06:39:51.0004 AM
[ReportManager] Successfully created attachment [Terminal Action Actual Result - Command Log] @08-08-2021 06:39:51.0004 AM
[ReportManager] Assertion Passed: Demoing local terminal actions @08-08-2021 06:39:51.0005 AM
[ReportManager] Assertion [ValidateEquals] PASSED. Expected [pom.xml] and Actual [LICENSE
README.md
allure-results
docker-compose_native.yml
docker-compose_zalenium.yml
extent-reports
pom.xml
src
target]. Comparison Type [CONTAINS]. Validation Type [POSITIVE]. @08-08-2021 06:39:51.0005 A
[ReportManager] Successfully loaded the following test data file [src/test/resources/TestDataFiles/Google/SimpleSearch.xlsx]. @08-08-2021 06:39:51.0720 AM
[ReportManager] Successfully created attachment [Test Data - Excel] @08-08-2021 06:39:51.0720 A
[ReportManager] File Action [GetAbsolutePath] successfully performed. With the following test data [Relative Folder Path: "target/downloadedFiles/"]. @08-08-2021 06:39:51.0727 AM
[ReportManager] Attempting to run remotely on: [Linux-64], [GoogleChrome], [http://localhost:4444/wd/hub], Headless Execution. @08-08-2021 06:39:51.0748 AM
[ReportManager] Successfully Opened [GoogleChrome]. @08-08-2021 06:39:53.0024 AM
[ReportManager] Target URL: [https://www.google.com/ncr], and after redirection: [https://www.google.com] @08-08-2021 06:39:53.0073 AM
[ReportManager] Initial URL: [data:,] @08-08-2021 06:39:53.0153 AM
[ReportManager] Browser Action [NavigateToURL] successfully performed. With the following test data [https://www.google.com/ncr]. @08-08-2021 06:39:54.0493 A

################################################################################################################################################
Starting Execution:	[3 out of 23] test cases in the current suite
Test Method:		[tests.gui.google.F_Search_PageObjectModel_Fluent.navigateToGoogleHomeAndAssertGoogleLogoIsDisplayed]
################################################################################################################################################
[ReportManager] File Action [DoesFileExist] successfully performed. With the following test data [File Path: "src/test/resources/DynamicObjectRepository/tests_gui_google_F_Search_PageObjectModel_Fluent_navigateToGoogleHomeAndAssertGoogleLogoIsDisplayed_By_xpath_img_id_hplogo_or_alt_Google.png"]. @08-08-2021 06:39:54.0536 AM
[ReportManager] File Action [GetAbsolutePath] successfully performed. With the following test data [Relative Folder Path: "src/test/resources/DynamicObjectRepository/tests_gui_google_F_Search_PageObjectModel_Fluent_navigateToGoogleHomeAndAssertGoogleLogoIsDisplayed_By_xpath_img_id_hplogo_or_alt_Google.png"]. @08-08-2021 06:39:54.0536 AM
[ReportManager] File Action [ReadFromImageFile] successfully performed. With the following test data [File Path: "/home/runner/work/using_SHAFT_ENGINE/using_SHAFT_ENGINE/src/test/resources/DynamicObjectRepository/tests_gui_google_F_Search_PageObjectModel_Fluent_navigateToGoogleHomeAndAssertGoogleLogoIsDisplayed_By_xpath_img_id_hplogo_or_alt_Google.png"]. @08-08-2021 06:39:54.0538 AM
[ReportManager] Assertion Failed: Asserting that the Google logo is displayed @08-08-2021 06:40:20.0466 AM
[ReportManager] Successfully created attachment [Validation Test Data - Reference Screenshot] @08-08-2021 06:40:20.0467 AM
[ReportManager] Successfully created attachment [Validation Test Data - Actual Screenshot] @08-08-2021 06:40:20.0468 AM
[ReportManager] Assertion [ValidateElementMatches] FAILED. Expected [Element should match the reference screenshot] and Actual [ELEMENT NOT FOUND]. Comparison Type [EXACT_OPENCV]. Validation Type [POSITIVE]. @08-08-2021 06:40:20.0468 A
[ReportManager] Successfully created attachment [Selenium WebDriver Logs - server] @08-08-2021 06:40:20.0619 AM
[ReportManager] Successfully created attachment [Selenium WebDriver Logs - performance] @08-08-2021 06:40:20.0711 AM
[ReportManager] Successfully created attachment [Selenium WebDriver Logs - browser] @08-08-2021 06:40:20.0722 AM
[ReportManager] Successfully created attachment [Selenium WebDriver Logs - driver] @08-08-2021 06:40:20.0854 AM
[ReportManager] Browser Action [CloseCurrentWindow] successfully performed. @08-08-2021 06:40:20.0914 AM
[ReportManager] Successfully created attachment [Browser Action Test Data - CloseCurrentWindow - Actual Value] @08-08-2021 06:40:20.0919 A
[ReportManager] File Action [GetAbsolutePath] successfully performed. With the following test data [Relative Folder Path: "target/downloadedFiles/"]. @08-08-2021 06:40:20.0940 AM
[ReportManager] Attempting to run remotely on: [Linux-64], [GoogleChrome], [http://localhost:4444/wd/hub], Headless Execution. @08-08-2021 06:40:20.0941 AM
[ReportManager] Successfully Opened [GoogleChrome]. @08-08-2021 06:40:21.0582 AM
[ReportManager] Target URL: [https://www.google.com/ncr], and after redirection: [https://www.google.com] @08-08-2021 06:40:21.0603 AM
[ReportManager] Initial URL: [data:,] @08-08-2021 06:40:21.0664 AM
[ReportManager] Browser Action [NavigateToURL] successfully performed. With the following test data [https://www.google.com/ncr]. @08-08-2021 06:40:22.0616 A

################################################################################################################################################
Starting Execution:	[4 out of 23] test cases in the current suite
Test Method:		[tests.gui.google.F_Search_PageObjectModel_Fluent.navigateToGoogleHomeAndAssertPageTitle]
################################################################################################################################################
[ReportManager] Browser Action [GetCurrentWindowTitle] successfully performed. With the following test data [Google]. @08-08-2021 06:40:22.0676 AM
[ReportManager] Assertion Passed: Asserting that the page title is Google @08-08-2021 06:40:22.0871 AM
[ReportManager] Successfully created attachment [Screenshot - 1628404822761_navigateToGoogleHomeAndAssertPageTitle_ValidateBrowserAttribute_passed] @08-08-2021 06:40:22.0877 AM
[ReportManager] Assertion [ValidateBrowserAttribute] PASSED. Expected [Value Should be 'Google' for the 'Title' attribute] and Actual [Google]. Comparison Type [EQUALS]. Validation Type [POSITIVE]. @08-08-2021 06:40:22.0877 A
[ReportManager] Successfully created attachment [Selenium WebDriver Logs - server] @08-08-2021 06:40:22.0999 AM
[ReportManager] Successfully created attachment [Selenium WebDriver Logs - performance] @08-08-2021 06:40:23.0081 AM
[ReportManager] Successfully created attachment [Selenium WebDriver Logs - browser] @08-08-2021 06:40:23.0094 AM
[ReportManager] Successfully created attachment [Selenium WebDriver Logs - driver] @08-08-2021 06:40:23.0202 AM
[ReportManager] Browser Action [CloseCurrentWindow] successfully performed. @08-08-2021 06:40:23.0263 AM
[ReportManager] Successfully created attachment [Browser Action Test Data - CloseCurrentWindow - Actual Value] @08-08-2021 06:40:23.0264 A
[ReportManager] File Action [GetAbsolutePath] successfully performed. With the following test data [Relative Folder Path: "target/downloadedFiles/"]. @08-08-2021 06:40:23.0272 AM
[ReportManager] Attempting to run remotely on: [Linux-64], [GoogleChrome], [http://localhost:4444/wd/hub], Headless Execution. @08-08-2021 06:40:23.0273 AM
[ReportManager] Successfully Opened [GoogleChrome]. @08-08-2021 06:40:23.0816 AM
[ReportManager] Target URL: [https://www.google.com/ncr], and after redirection: [https://www.google.com] @08-08-2021 06:40:23.0834 AM
[ReportManager] Initial URL: [data:,] @08-08-2021 06:40:23.0890 AM
[ReportManager] Browser Action [NavigateToURL] successfully performed. With the following test data [https://www.google.com/ncr]. @08-08-2021 06:40:24.0836 A

################################################################################################################################################
Starting Execution:	[5 out of 23] test cases in the current suite
Test Method:		[tests.gui.google.F_Search_PageObjectModel_Fluent.searchForQueryAndAssertFirstResultTextIsCorrect]
################################################################################################################################################
[ReportManager] Element Action [Type] successfully performed. With the following test data [SHAFT_Engine]. @08-08-2021 06:40:25.0456 AM
[ReportManager] Element Action [KeyPress] successfully performed. With the following test data [ENTER]. @08-08-2021 06:40:26.0963 AM
[ReportManager] Element Action [GetText] successfully performed. With the following test data [MohabMohie/SHAFT_ENGINE: SHAFT_ENGINE is a ... - GitHub]. @08-08-2021 06:40:27.0066 AM
[ReportManager] Loaded Shared OpenCV @08-08-2021 06:40:27.0702 AM
[ReportManager] Assertion Passed: Asserting that the correct first result is displayed @08-08-2021 06:40:27.0819 AM
[ReportManager] Successfully created attachment [Screenshot - 1628404827289_searchForQueryAndAssertFirstResultTextIsCorrect_ValidateElementAttribute_passed] @08-08-2021 06:40:27.0827 AM
[ReportManager] Assertion [ValidateElementAttribute] PASSED. Expected [Value Should be 'MohabMohie' for the 'Text' attribute, element locator 'By.xpath: (//h1[contains(text(),'Search Result')]/following-sibling::div//a/h3)[1]'] and Actual [MohabMohie/SHAFT_ENGINE: SHAFT_ENGINE is a ... - GitHub]. Comparison Type [CONTAINS]. Validation Type [POSITIVE]. @08-08-2021 06:40:27.0827 A
[ReportManager] Successfully created attachment [Selenium WebDriver Logs - server] @08-08-2021 06:40:28.0061 AM
[ReportManager] Successfully created attachment [Selenium WebDriver Logs - performance] @08-08-2021 06:40:28.0232 AM
[ReportManager] Successfully created attachment [Selenium WebDriver Logs - browser] @08-08-2021 06:40:28.0242 AM
[ReportManager] Successfully created attachment [Selenium WebDriver Logs - driver] @08-08-2021 06:40:28.0516 AM
[ReportManager] Browser Action [CloseCurrentWindow] successfully performed. @08-08-2021 06:40:28.0583 AM
[ReportManager] Successfully created attachment [Browser Action Test Data - CloseCurrentWindow - Actual Value] @08-08-2021 06:40:28.0587 A
[ReportManager] Successfully loaded the following test data file [src/test/resources/TestDataFiles/Google/SimpleSearch.xlsx]. @08-08-2021 06:40:28.0620 AM
[ReportManager] Successfully created attachment [Test Data - Excel] @08-08-2021 06:40:28.0620 A
[ReportManager] File Action [GetAbsolutePath] successfully performed. With the following test data [Relative Folder Path: "target/downloadedFiles/"]. @08-08-2021 06:40:28.0621 AM
[ReportManager] Attempting to run remotely on: [Linux-64], [GoogleChrome], [http://localhost:4444/wd/hub], Headless Execution. @08-08-2021 06:40:28.0622 AM
[ReportManager] Successfully Opened [GoogleChrome]. @08-08-2021 06:40:29.0202 AM
[ReportManager] Target URL: [https://www.google.com/ncr], and after redirection: [https://www.google.com] @08-08-2021 06:40:29.0223 AM
[ReportManager] Initial URL: [data:,] @08-08-2021 06:40:29.0284 AM
[ReportManager] Browser Action [NavigateToURL] successfully performed. With the following test data [https://www.google.com/ncr]. @08-08-2021 06:40:30.0251 A

################################################################################################################################################
Starting Execution:	[6 out of 23] test cases in the current suite
Test Method:		[tests.gui.google.G_Search_PageObjectModel_ThreadSafe.navigateToGoogleHomeAndAssertGoogleLogoIsDisplayed]
################################################################################################################################################
[ReportManager] File Action [DoesFileExist] successfully performed. With the following test data [File Path: "src/test/resources/DynamicObjectRepository/tests_gui_google_G_Search_PageObjectModel_ThreadSafe_navigateToGoogleHomeAndAssertGoogleLogoIsDisplayed_By_xpath_img_id_hplogo_or_alt_Google.png"]. @08-08-2021 06:40:30.0259 AM
[ReportManager] File Action [GetAbsolutePath] successfully performed. With the following test data [Relative Folder Path: "src/test/resources/DynamicObjectRepository/tests_gui_google_G_Search_PageObjectModel_ThreadSafe_navigateToGoogleHomeAndAssertGoogleLogoIsDisplayed_By_xpath_img_id_hplogo_or_alt_Google.png"]. @08-08-2021 06:40:30.0260 AM
[ReportManager] File Action [ReadFromImageFile] successfully performed. With the following test data [File Path: "/home/runner/work/using_SHAFT_ENGINE/using_SHAFT_ENGINE/src/test/resources/DynamicObjectRepository/tests_gui_google_G_Search_PageObjectModel_ThreadSafe_navigateToGoogleHomeAndAssertGoogleLogoIsDisplayed_By_xpath_img_id_hplogo_or_alt_Google.png"]. @08-08-2021 06:40:30.0260 AM
[ReportManager] Assertion Failed: Asserting that the Google logo is displayed @08-08-2021 06:40:55.0988 AM
[ReportManager] Successfully created attachment [Validation Test Data - Reference Screenshot] @08-08-2021 06:40:55.0988 AM
[ReportManager] Successfully created attachment [Validation Test Data - Actual Screenshot] @08-08-2021 06:40:55.0989 AM
[ReportManager] Assertion [ValidateElementMatches] FAILED. Expected [Element should match the reference screenshot] and Actual [ELEMENT NOT FOUND]. Comparison Type [EXACT_OPENCV]. Validation Type [POSITIVE]. @08-08-2021 06:40:55.0989 A
[ReportManager] Successfully created attachment [Selenium WebDriver Logs - server] @08-08-2021 06:40:56.0115 AM
[ReportManager] Successfully created attachment [Selenium WebDriver Logs - performance] @08-08-2021 06:40:56.0161 AM
[ReportManager] Successfully created attachment [Selenium WebDriver Logs - browser] @08-08-2021 06:40:56.0169 AM
[ReportManager] Successfully created attachment [Selenium WebDriver Logs - driver] @08-08-2021 06:40:56.0290 AM
[ReportManager] Browser Action [CloseCurrentWindow] successfully performed. @08-08-2021 06:40:56.0350 AM
[ReportManager] Successfully created attachment [Browser Action Test Data - CloseCurrentWindow - Actual Value] @08-08-2021 06:40:56.0352 A
[ReportManager] File Action [GetAbsolutePath] successfully performed. With the following test data [Relative Folder Path: "target/downloadedFiles/"]. @08-08-2021 06:40:56.0355 AM
[ReportManager] Attempting to run remotely on: [Linux-64], [GoogleChrome], [http://localhost:4444/wd/hub], Headless Execution. @08-08-2021 06:40:56.0355 AM
[ReportManager] Successfully Opened [GoogleChrome]. @08-08-2021 06:40:56.0603 AM
[ReportManager] Target URL: [https://www.google.com/ncr], and after redirection: [https://www.google.com] @08-08-2021 06:40:56.0624 AM
[ReportManager] Initial URL: [data:,] @08-08-2021 06:40:56.0670 AM
[ReportManager] Browser Action [NavigateToURL] successfully performed. With the following test data [https://www.google.com/ncr]. @08-08-2021 06:40:57.0578 A

################################################################################################################################################
Starting Execution:	[7 out of 23] test cases in the current suite
Test Method:		[tests.gui.google.G_Search_PageObjectModel_ThreadSafe.navigateToGoogleHomeAndAssertPageTitle]
################################################################################################################################################
[ReportManager] Browser Action [GetCurrentWindowTitle] successfully performed. With the following test data [Google]. @08-08-2021 06:40:57.0626 AM
[ReportManager] Assertion Passed: Asserting that the page title is Google @08-08-2021 06:40:57.0764 AM
[ReportManager] Successfully created attachment [Screenshot - 1628404857727_navigateToGoogleHomeAndAssertPageTitle_ValidateBrowserAttribute_passed] @08-08-2021 06:40:57.0765 AM
[ReportManager] Assertion [ValidateBrowserAttribute] PASSED. Expected [Value Should be 'Google' for the 'Title' attribute] and Actual [Google]. Comparison Type [EQUALS]. Validation Type [POSITIVE]. @08-08-2021 06:40:57.0765 A
[ReportManager] Successfully created attachment [Selenium WebDriver Logs - server] @08-08-2021 06:40:57.0856 AM
[ReportManager] Successfully created attachment [Selenium WebDriver Logs - performance] @08-08-2021 06:40:57.0906 AM
[ReportManager] Successfully created attachment [Selenium WebDriver Logs - browser] @08-08-2021 06:40:57.0915 AM
[ReportManager] Successfully created attachment [Selenium WebDriver Logs - driver] @08-08-2021 06:40:58.0002 AM
[ReportManager] Browser Action [CloseCurrentWindow] successfully performed. @08-08-2021 06:40:58.0061 AM
[ReportManager] Successfully created attachment [Browser Action Test Data - CloseCurrentWindow - Actual Value] @08-08-2021 06:40:58.0062 A
[ReportManager] File Action [GetAbsolutePath] successfully performed. With the following test data [Relative Folder Path: "target/downloadedFiles/"]. @08-08-2021 06:40:58.0065 AM
[ReportManager] Attempting to run remotely on: [Linux-64], [GoogleChrome], [http://localhost:4444/wd/hub], Headless Execution. @08-08-2021 06:40:58.0066 AM
[ReportManager] Successfully Opened [GoogleChrome]. @08-08-2021 06:40:58.0288 AM
[ReportManager] Target URL: [https://www.google.com/ncr], and after redirection: [https://www.google.com] @08-08-2021 06:40:58.0309 AM
[ReportManager] Initial URL: [data:,] @08-08-2021 06:40:58.0363 AM
[ReportManager] Browser Action [NavigateToURL] successfully performed. With the following test data [https://www.google.com/ncr]. @08-08-2021 06:40:59.0295 A

################################################################################################################################################
Starting Execution:	[8 out of 23] test cases in the current suite
Test Method:		[tests.gui.google.G_Search_PageObjectModel_ThreadSafe.searchForQueryAndAssertFirstResultTextIsCorrect]
################################################################################################################################################
[ReportManager] Element Action [Type] successfully performed. With the following test data [SHAFT_Engine]. @08-08-2021 06:40:59.0872 AM
[ReportManager] Element Action [KeyPress] successfully performed. With the following test data [ENTER]. @08-08-2021 06:41:00.0796 AM
[ReportManager] Element Action [GetText] successfully performed. With the following test data [MohabMohie/SHAFT_ENGINE: SHAFT_ENGINE is a ... - GitHub]. @08-08-2021 06:41:01.0050 AM
[ReportManager] Loaded Shared OpenCV @08-08-2021 06:41:01.0359 AM
[ReportManager] Assertion Passed: Asserting that the correct first result is displayed @08-08-2021 06:41:01.0420 AM
[ReportManager] Successfully created attachment [Screenshot - 1628404861359_searchForQueryAndAssertFirstResultTextIsCorrect_ValidateElementAttribute_passed] @08-08-2021 06:41:01.0424 AM
[ReportManager] Assertion [ValidateElementAttribute] PASSED. Expected [Value Should be 'MohabMohie' for the 'Text' attribute, element locator 'By.xpath: (//h1[contains(text(),'Search Result')]/following-sibling::div//a/h3)[1]'] and Actual [MohabMohie/SHAFT_ENGINE: SHAFT_ENGINE is a ... - GitHub]. Comparison Type [CONTAINS]. Validation Type [POSITIVE]. @08-08-2021 06:41:01.0424 A
[ReportManager] Successfully created attachment [Selenium WebDriver Logs - server] @08-08-2021 06:41:01.0572 AM
[ReportManager] Successfully created attachment [Selenium WebDriver Logs - performance] @08-08-2021 06:41:01.0707 AM
[ReportManager] Successfully created attachment [Selenium WebDriver Logs - browser] @08-08-2021 06:41:01.0716 AM
[ReportManager] Successfully created attachment [Selenium WebDriver Logs - driver] @08-08-2021 06:41:01.0899 AM
[ReportManager] Browser Action [CloseCurrentWindow] successfully performed. @08-08-2021 06:41:01.0994 AM
[ReportManager] Successfully created attachment [Browser Action Test Data - CloseCurrentWindow - Actual Value] @08-08-2021 06:41:01.0996 A



################################################################################################################################################
Starting Execution:	[9 out of 23] test cases in the current suite
Test Method:		[tests.gui.google.A_Search_FlatTest_NativeSeleniumWebDriver.navigateToGoogleHomeAndAssertGoogleLogoIsDisplayed]
###############################################################################################################################################



################################################################################################################################################
Starting Execution:	[10 out of 23] test cases in the current suite
Test Method:		[tests.gui.google.A_Search_FlatTest_NativeSeleniumWebDriver.navigateToGoogleHomeAndAssertPageTitle]
###############################################################################################################################################



################################################################################################################################################
Starting Execution:	[11 out of 23] test cases in the current suite
Test Method:		[tests.gui.google.A_Search_FlatTest_NativeSeleniumWebDriver.searchForQueryAndAssertFirstResultTextIsCorrect]
###############################################################################################################################################

[ReportManager] File Action [GetAbsolutePath] successfully performed. With the following test data [Relative Folder Path: "target/downloadedFiles/"]. @08-08-2021 06:41:03.0468 AM
[ReportManager] Attempting to run remotely on: [Linux-64], [GoogleChrome], [http://localhost:4444/wd/hub], Headless Execution. @08-08-2021 06:41:03.0468 AM
[ReportManager] Successfully Opened [GoogleChrome]. @08-08-2021 06:41:03.0729 AM
[ReportManager] Target URL: [https://www.google.com/ncr], and after redirection: [https://www.google.com] @08-08-2021 06:41:03.0760 AM
[ReportManager] Initial URL: [data:,] @08-08-2021 06:41:03.0813 AM
[ReportManager] Browser Action [NavigateToURL] successfully performed. With the following test data [https://www.google.com/ncr]. @08-08-2021 06:41:04.0764 A

################################################################################################################################################
Starting Execution:	[12 out of 23] test cases in the current suite
Test Method:		[tests.gui.google.C_Search_PageObjectModel_Traditional.navigateToGoogleHomeAndAssertGoogleLogoIsDisplayed]
################################################################################################################################################
[ReportManager] Element Action [IdentifyUniqueElement] failed. With the following test data [zero elements found matching this locator "By.xpath: //img[@id='hplogo' or @alt='Google']".]. @08-08-2021 06:41:30.0208 A
[ReportManager] Successfully created attachment [Selenium WebDriver Logs - server] @08-08-2021 06:41:30.0293 AM
[ReportManager] Successfully created attachment [Selenium WebDriver Logs - performance] @08-08-2021 06:41:30.0340 AM
[ReportManager] Successfully created attachment [Selenium WebDriver Logs - browser] @08-08-2021 06:41:30.0349 AM
[ReportManager] Successfully created attachment [Selenium WebDriver Logs - driver] @08-08-2021 06:41:30.0452 AM
[ReportManager] Browser Action [CloseCurrentWindow] successfully performed. @08-08-2021 06:41:30.0509 AM
[ReportManager] Successfully created attachment [Browser Action Test Data - CloseCurrentWindow - Actual Value] @08-08-2021 06:41:30.0510 A
[ReportManager] File Action [GetAbsolutePath] successfully performed. With the following test data [Relative Folder Path: "target/downloadedFiles/"]. @08-08-2021 06:41:30.0513 AM
[ReportManager] Attempting to run remotely on: [Linux-64], [GoogleChrome], [http://localhost:4444/wd/hub], Headless Execution. @08-08-2021 06:41:30.0513 AM
[ReportManager] Successfully Opened [GoogleChrome]. @08-08-2021 06:41:30.0723 AM
[ReportManager] Target URL: [https://www.google.com/ncr], and after redirection: [https://www.google.com] @08-08-2021 06:41:30.0769 AM
[ReportManager] Initial URL: [data:,] @08-08-2021 06:41:30.0811 AM
[ReportManager] Browser Action [NavigateToURL] successfully performed. With the following test data [https://www.google.com/ncr]. @08-08-2021 06:41:31.0704 A

################################################################################################################################################
Starting Execution:	[13 out of 23] test cases in the current suite
Test Method:		[tests.gui.google.C_Search_PageObjectModel_Traditional.navigateToGoogleHomeAndAssertPageTitle]
################################################################################################################################################
[ReportManager] Browser Action [GetCurrentWindowTitle] successfully performed. With the following test data [Google]. @08-08-2021 06:41:31.0749 AM
[ReportManager] Assertion Passed: Asserting that the page title is Google @08-08-2021 06:41:31.0749 AM
[ReportManager] Assertion [ValidateEquals] PASSED. Expected [Google] and Actual [Google]. Comparison Type [EQUALS]. Validation Type [POSITIVE]. @08-08-2021 06:41:31.0749 A
[ReportManager] Successfully created attachment [Selenium WebDriver Logs - server] @08-08-2021 06:41:31.0826 AM
[ReportManager] Successfully created attachment [Selenium WebDriver Logs - performance] @08-08-2021 06:41:31.0865 AM
[ReportManager] Successfully created attachment [Selenium WebDriver Logs - browser] @08-08-2021 06:41:31.0876 AM
[ReportManager] Successfully created attachment [Selenium WebDriver Logs - driver] @08-08-2021 06:41:31.0941 AM
[ReportManager] Browser Action [CloseCurrentWindow] successfully performed. @08-08-2021 06:41:31.0999 AM
[ReportManager] Successfully created attachment [Browser Action Test Data - CloseCurrentWindow - Actual Value] @08-08-2021 06:41:32.0001 A
[ReportManager] File Action [GetAbsolutePath] successfully performed. With the following test data [Relative Folder Path: "target/downloadedFiles/"]. @08-08-2021 06:41:32.0005 AM
[ReportManager] Attempting to run remotely on: [Linux-64], [GoogleChrome], [http://localhost:4444/wd/hub], Headless Execution. @08-08-2021 06:41:32.0005 AM
[ReportManager] Successfully Opened [GoogleChrome]. @08-08-2021 06:41:32.0231 AM
[ReportManager] Target URL: [https://www.google.com/ncr], and after redirection: [https://www.google.com] @08-08-2021 06:41:32.0242 AM
[ReportManager] Initial URL: [data:,] @08-08-2021 06:41:32.0302 AM
[ReportManager] Browser Action [NavigateToURL] successfully performed. With the following test data [https://www.google.com/ncr]. @08-08-2021 06:41:33.0212 A

################################################################################################################################################
Starting Execution:	[14 out of 23] test cases in the current suite
Test Method:		[tests.gui.google.C_Search_PageObjectModel_Traditional.searchForQueryAndAssertFirstResultTextIsCorrect]
################################################################################################################################################
[ReportManager] Element Action [Type] successfully performed. With the following test data [SHAFT_Engine]. @08-08-2021 06:41:33.0780 AM
[ReportManager] Element Action [KeyPress] successfully performed. With the following test data [ENTER]. @08-08-2021 06:41:35.0052 AM
[ReportManager] Element Action [GetText] successfully performed. With the following test data [MohabMohie/SHAFT_ENGINE: SHAFT_ENGINE is a ... - GitHub]. @08-08-2021 06:41:35.0138 AM
[ReportManager] Assertion Passed: Asserting that the correct first result is displayed @08-08-2021 06:41:35.0138 AM
[ReportManager] Assertion [ValidateEquals] PASSED. Expected [MohabMohie] and Actual [MohabMohie/SHAFT_ENGINE: SHAFT_ENGINE is a ... - GitHub]. Comparison Type [CONTAINS]. Validation Type [POSITIVE]. @08-08-2021 06:41:35.0138 A
[ReportManager] Successfully created attachment [Selenium WebDriver Logs - server] @08-08-2021 06:41:35.0310 AM
[ReportManager] Successfully created attachment [Selenium WebDriver Logs - performance] @08-08-2021 06:41:35.0448 AM
[ReportManager] Successfully created attachment [Selenium WebDriver Logs - browser] @08-08-2021 06:41:35.0456 AM
[ReportManager] Successfully created attachment [Selenium WebDriver Logs - driver] @08-08-2021 06:41:35.0629 AM
[ReportManager] Browser Action [CloseCurrentWindow] successfully performed. @08-08-2021 06:41:35.0692 AM
[ReportManager] Successfully created attachment [Browser Action Test Data - CloseCurrentWindow - Actual Value] @08-08-2021 06:41:35.0694 A
[ReportManager] Successfully loaded the following test data file [src/test/resources/TestDataFiles/Google/SimpleSearch.xlsx]. @08-08-2021 06:41:35.0724 AM
[ReportManager] Successfully created attachment [Test Data - Excel] @08-08-2021 06:41:35.0724 A
[ReportManager] File Action [GetAbsolutePath] successfully performed. With the following test data [Relative Folder Path: "target/downloadedFiles/"]. @08-08-2021 06:41:35.0725 AM
[ReportManager] Attempting to run remotely on: [Linux-64], [GoogleChrome], [http://localhost:4444/wd/hub], Headless Execution. @08-08-2021 06:41:35.0725 AM
[ReportManager] Successfully Opened [GoogleChrome]. @08-08-2021 06:41:35.0960 AM
[ReportManager] Target URL: [https://www.google.com/ncr], and after redirection: [https://www.google.com] @08-08-2021 06:41:35.0972 AM
[ReportManager] Initial URL: [data:,] @08-08-2021 06:41:36.0012 AM
[ReportManager] Browser Action [NavigateToURL] successfully performed. With the following test data [https://www.google.com/ncr]. @08-08-2021 06:41:36.0921 A

################################################################################################################################################
Starting Execution:	[15 out of 23] test cases in the current suite
Test Method:		[tests.gui.google.D_Search_PageObjectModel_Traditional_DataDriven.navigateToGoogleHomeAndAssertGoogleLogoIsDisplayed]
################################################################################################################################################
[ReportManager] Element Action [IdentifyUniqueElement] failed. With the following test data [zero elements found matching this locator "By.xpath: //img[@id='hplogo' or @alt='Google']".]. @08-08-2021 06:42:02.0357 A
[ReportManager] Successfully created attachment [Selenium WebDriver Logs - server] @08-08-2021 06:42:02.0435 AM
[ReportManager] Successfully created attachment [Selenium WebDriver Logs - performance] @08-08-2021 06:42:02.0476 AM
[ReportManager] Successfully created attachment [Selenium WebDriver Logs - browser] @08-08-2021 06:42:02.0482 AM
[ReportManager] Successfully created attachment [Selenium WebDriver Logs - driver] @08-08-2021 06:42:02.0575 AM
[ReportManager] Browser Action [CloseCurrentWindow] successfully performed. @08-08-2021 06:42:02.0638 AM
[ReportManager] Successfully created attachment [Browser Action Test Data - CloseCurrentWindow - Actual Value] @08-08-2021 06:42:02.0639 A
[ReportManager] File Action [GetAbsolutePath] successfully performed. With the following test data [Relative Folder Path: "target/downloadedFiles/"]. @08-08-2021 06:42:02.0645 AM
[ReportManager] Attempting to run remotely on: [Linux-64], [GoogleChrome], [http://localhost:4444/wd/hub], Headless Execution. @08-08-2021 06:42:02.0645 AM
[ReportManager] Successfully Opened [GoogleChrome]. @08-08-2021 06:42:02.0871 AM
[ReportManager] Target URL: [https://www.google.com/ncr], and after redirection: [https://www.google.com] @08-08-2021 06:42:02.0891 AM
[ReportManager] Initial URL: [data:,] @08-08-2021 06:42:02.0937 AM
[ReportManager] Browser Action [NavigateToURL] successfully performed. With the following test data [https://www.google.com/ncr]. @08-08-2021 06:42:03.0861 A

################################################################################################################################################
Starting Execution:	[16 out of 23] test cases in the current suite
Test Method:		[tests.gui.google.D_Search_PageObjectModel_Traditional_DataDriven.navigateToGoogleHomeAndAssertPageTitle]
################################################################################################################################################
[ReportManager] Browser Action [GetCurrentWindowTitle] successfully performed. With the following test data [Google]. @08-08-2021 06:42:03.0909 AM
[ReportManager] Assertion Passed: Asserting that the page title is Google @08-08-2021 06:42:03.0909 AM
[ReportManager] Assertion [ValidateEquals] PASSED. Expected [Google] and Actual [Google]. Comparison Type [EQUALS]. Validation Type [POSITIVE]. @08-08-2021 06:42:03.0909 A
[ReportManager] Successfully created attachment [Selenium WebDriver Logs - server] @08-08-2021 06:42:03.0995 AM
[ReportManager] Successfully created attachment [Selenium WebDriver Logs - performance] @08-08-2021 06:42:04.0040 AM
[ReportManager] Successfully created attachment [Selenium WebDriver Logs - browser] @08-08-2021 06:42:04.0048 AM
[ReportManager] Successfully created attachment [Selenium WebDriver Logs - driver] @08-08-2021 06:42:04.0119 AM
[ReportManager] Browser Action [CloseCurrentWindow] successfully performed. @08-08-2021 06:42:04.0179 AM
[ReportManager] Successfully created attachment [Browser Action Test Data - CloseCurrentWindow - Actual Value] @08-08-2021 06:42:04.0181 A
[ReportManager] File Action [GetAbsolutePath] successfully performed. With the following test data [Relative Folder Path: "target/downloadedFiles/"]. @08-08-2021 06:42:04.0185 AM
[ReportManager] Attempting to run remotely on: [Linux-64], [GoogleChrome], [http://localhost:4444/wd/hub], Headless Execution. @08-08-2021 06:42:04.0186 AM
[ReportManager] Successfully Opened [GoogleChrome]. @08-08-2021 06:42:04.0404 AM
[ReportManager] Target URL: [https://www.google.com/ncr], and after redirection: [https://www.google.com] @08-08-2021 06:42:04.0416 AM
[ReportManager] Initial URL: [data:,] @08-08-2021 06:42:04.0464 AM
[ReportManager] Browser Action [NavigateToURL] successfully performed. With the following test data [https://www.google.com/ncr]. @08-08-2021 06:42:05.0397 A

################################################################################################################################################
Starting Execution:	[17 out of 23] test cases in the current suite
Test Method:		[tests.gui.google.D_Search_PageObjectModel_Traditional_DataDriven.searchForQueryAndAssertFirstResultTextIsCorrect]
################################################################################################################################################
[ReportManager] Element Action [Type] successfully performed. With the following test data [SHAFT_Engine]. @08-08-2021 06:42:05.0990 AM
[ReportManager] Element Action [KeyPress] successfully performed. With the following test data [ENTER]. @08-08-2021 06:42:07.0227 AM
[ReportManager] Element Action [GetText] successfully performed. With the following test data [MohabMohie/SHAFT_ENGINE: SHAFT_ENGINE is a ... - GitHub]. @08-08-2021 06:42:07.0358 AM
[ReportManager] Assertion Passed: Asserting that the correct first result is displayed @08-08-2021 06:42:07.0359 AM
[ReportManager] Assertion [ValidateEquals] PASSED. Expected [MohabMohie] and Actual [MohabMohie/SHAFT_ENGINE: SHAFT_ENGINE is a ... - GitHub]. Comparison Type [CONTAINS]. Validation Type [POSITIVE]. @08-08-2021 06:42:07.0359 A
[ReportManager] Successfully created attachment [Selenium WebDriver Logs - server] @08-08-2021 06:42:07.0542 AM
[ReportManager] Successfully created attachment [Selenium WebDriver Logs - performance] @08-08-2021 06:42:07.0682 AM
[ReportManager] Successfully created attachment [Selenium WebDriver Logs - browser] @08-08-2021 06:42:07.0690 AM
[ReportManager] Successfully created attachment [Selenium WebDriver Logs - driver] @08-08-2021 06:42:07.0871 AM
[ReportManager] Browser Action [CloseCurrentWindow] successfully performed. @08-08-2021 06:42:07.0931 AM
[ReportManager] Successfully created attachment [Browser Action Test Data - CloseCurrentWindow - Actual Value] @08-08-2021 06:42:07.0933 A
[ReportManager] Successfully loaded the following test data file [src/test/resources/TestDataFiles/Google/SimpleSearch.xlsx]. @08-08-2021 06:42:07.0968 AM
[ReportManager] Successfully created attachment [Test Data - Excel] @08-08-2021 06:42:07.0968 A
[ReportManager] File Action [GetAbsolutePath] successfully performed. With the following test data [Relative Folder Path: "target/downloadedFiles/"]. @08-08-2021 06:42:07.0969 AM
[ReportManager] Attempting to run remotely on: [Linux-64], [GoogleChrome], [http://localhost:4444/wd/hub], Headless Execution. @08-08-2021 06:42:07.0969 AM
[ReportManager] Successfully Opened [GoogleChrome]. @08-08-2021 06:42:08.0195 AM
[ReportManager] Target URL: [https://www.google.com/ncr], and after redirection: [https://www.google.com] @08-08-2021 06:42:08.0211 AM
[ReportManager] Initial URL: [data:,] @08-08-2021 06:42:08.0251 AM
[ReportManager] Browser Action [NavigateToURL] successfully performed. With the following test data [https://www.google.com/ncr]. @08-08-2021 06:42:09.0162 A

################################################################################################################################################
Starting Execution:	[18 out of 23] test cases in the current suite
Test Method:		[tests.gui.google.E_Search_PageObjectModel_Traditional_SHAFTAssertions.navigateToGoogleHomeAndAssertGoogleLogoIsDisplayed]
################################################################################################################################################
[ReportManager] File Action [DoesFileExist] successfully performed. With the following test data [File Path: "src/test/resources/DynamicObjectRepository/tests_gui_google_E_Search_PageObjectModel_Traditional_SHAFTAssertions_navigateToGoogleHomeAndAssertGoogleLogoIsDisplayed_By_xpath_img_id_hplogo_or_alt_Google.png"]. @08-08-2021 06:42:09.0175 AM
[ReportManager] File Action [GetAbsolutePath] successfully performed. With the following test data [Relative Folder Path: "src/test/resources/DynamicObjectRepository/tests_gui_google_E_Search_PageObjectModel_Traditional_SHAFTAssertions_navigateToGoogleHomeAndAssertGoogleLogoIsDisplayed_By_xpath_img_id_hplogo_or_alt_Google.png"]. @08-08-2021 06:42:09.0175 AM
[ReportManager] File Action [ReadFromImageFile] successfully performed. With the following test data [File Path: "/home/runner/work/using_SHAFT_ENGINE/using_SHAFT_ENGINE/src/test/resources/DynamicObjectRepository/tests_gui_google_E_Search_PageObjectModel_Traditional_SHAFTAssertions_navigateToGoogleHomeAndAssertGoogleLogoIsDisplayed_By_xpath_img_id_hplogo_or_alt_Google.png"]. @08-08-2021 06:42:09.0175 AM
[ReportManager] Assertion Failed: Asserting that the Google logo is displayed @08-08-2021 06:42:34.0841 AM
[ReportManager] Successfully created attachment [Validation Test Data - Reference Screenshot] @08-08-2021 06:42:34.0841 AM
[ReportManager] Successfully created attachment [Validation Test Data - Actual Screenshot] @08-08-2021 06:42:34.0841 AM
[ReportManager] Assertion [ValidateElementMatches] FAILED. Expected [Element should match the reference screenshot] and Actual [ELEMENT NOT FOUND]. Comparison Type [EXACT_OPENCV]. Validation Type [POSITIVE]. @08-08-2021 06:42:34.0841 A
[ReportManager] Successfully created attachment [Selenium WebDriver Logs - server] @08-08-2021 06:42:34.0929 AM
[ReportManager] Successfully created attachment [Selenium WebDriver Logs - performance] @08-08-2021 06:42:34.0967 AM
[ReportManager] Successfully created attachment [Selenium WebDriver Logs - browser] @08-08-2021 06:42:34.0976 AM
[ReportManager] Successfully created attachment [Selenium WebDriver Logs - driver] @08-08-2021 06:42:35.0055 AM
[ReportManager] Browser Action [CloseCurrentWindow] successfully performed. @08-08-2021 06:42:35.0112 AM
[ReportManager] Successfully created attachment [Browser Action Test Data - CloseCurrentWindow - Actual Value] @08-08-2021 06:42:35.0114 A
[ReportManager] File Action [GetAbsolutePath] successfully performed. With the following test data [Relative Folder Path: "target/downloadedFiles/"]. @08-08-2021 06:42:35.0116 AM
[ReportManager] Attempting to run remotely on: [Linux-64], [GoogleChrome], [http://localhost:4444/wd/hub], Headless Execution. @08-08-2021 06:42:35.0117 AM
[ReportManager] Successfully Opened [GoogleChrome]. @08-08-2021 06:42:35.0333 AM
[ReportManager] Target URL: [https://www.google.com/ncr], and after redirection: [https://www.google.com] @08-08-2021 06:42:35.0344 AM
[ReportManager] Initial URL: [data:,] @08-08-2021 06:42:35.0390 AM
[ReportManager] Browser Action [NavigateToURL] successfully performed. With the following test data [https://www.google.com/ncr]. @08-08-2021 06:42:36.0300 A

################################################################################################################################################
Starting Execution:	[19 out of 23] test cases in the current suite
Test Method:		[tests.gui.google.E_Search_PageObjectModel_Traditional_SHAFTAssertions.navigateToGoogleHomeAndAssertPageTitle]
################################################################################################################################################
[ReportManager] Browser Action [GetCurrentWindowTitle] successfully performed. With the following test data [Google]. @08-08-2021 06:42:36.0342 AM
[ReportManager] Assertion Passed: Asserting that the page title is Google @08-08-2021 06:42:36.0463 AM
[ReportManager] Successfully created attachment [Screenshot - 1628404956421_navigateToGoogleHomeAndAssertPageTitle_ValidateBrowserAttribute_passed] @08-08-2021 06:42:36.0464 AM
[ReportManager] Assertion [ValidateBrowserAttribute] PASSED. Expected [Value Should be 'Google' for the 'Title' attribute] and Actual [Google]. Comparison Type [EQUALS]. Validation Type [POSITIVE]. @08-08-2021 06:42:36.0464 A
[ReportManager] Successfully created attachment [Selenium WebDriver Logs - server] @08-08-2021 06:42:36.0553 AM
[ReportManager] Successfully created attachment [Selenium WebDriver Logs - performance] @08-08-2021 06:42:36.0591 AM
[ReportManager] Successfully created attachment [Selenium WebDriver Logs - browser] @08-08-2021 06:42:36.0598 AM
[ReportManager] Successfully created attachment [Selenium WebDriver Logs - driver] @08-08-2021 06:42:36.0660 AM
[ReportManager] Browser Action [CloseCurrentWindow] successfully performed. @08-08-2021 06:42:36.0717 AM
[ReportManager] Successfully created attachment [Browser Action Test Data - CloseCurrentWindow - Actual Value] @08-08-2021 06:42:36.0718 A
[ReportManager] File Action [GetAbsolutePath] successfully performed. With the following test data [Relative Folder Path: "target/downloadedFiles/"]. @08-08-2021 06:42:36.0721 AM
[ReportManager] Attempting to run remotely on: [Linux-64], [GoogleChrome], [http://localhost:4444/wd/hub], Headless Execution. @08-08-2021 06:42:36.0721 AM
[ReportManager] Successfully Opened [GoogleChrome]. @08-08-2021 06:42:36.0949 AM
[ReportManager] Target URL: [https://www.google.com/ncr], and after redirection: [https://www.google.com] @08-08-2021 06:42:36.0970 AM
[ReportManager] Initial URL: [data:,] @08-08-2021 06:42:37.0017 AM
[ReportManager] Browser Action [NavigateToURL] successfully performed. With the following test data [https://www.google.com/ncr]. @08-08-2021 06:42:37.0926 A

################################################################################################################################################
Starting Execution:	[20 out of 23] test cases in the current suite
Test Method:		[tests.gui.google.E_Search_PageObjectModel_Traditional_SHAFTAssertions.searchForQueryAndAssertFirstResultTextIsCorrect]
################################################################################################################################################
[ReportManager] Element Action [Type] successfully performed. With the following test data [SHAFT_Engine]. @08-08-2021 06:42:38.0494 AM
[ReportManager] Element Action [KeyPress] successfully performed. With the following test data [ENTER]. @08-08-2021 06:42:39.0878 AM
[ReportManager] Element Action [GetText] successfully performed. With the following test data [MohabMohie/SHAFT_ENGINE: SHAFT_ENGINE is a ... - GitHub]. @08-08-2021 06:42:39.0981 AM
[ReportManager] Loaded Shared OpenCV @08-08-2021 06:42:40.0152 AM
[ReportManager] Assertion Passed: Asserting that the correct first result is displayed @08-08-2021 06:42:40.0217 AM
[ReportManager] Successfully created attachment [Screenshot - 1628404960152_searchForQueryAndAssertFirstResultTextIsCorrect_ValidateElementAttribute_passed] @08-08-2021 06:42:40.0219 AM
[ReportManager] Assertion [ValidateElementAttribute] PASSED. Expected [Value Should be 'MohabMohie' for the 'Text' attribute, element locator 'By.xpath: (//h1[contains(text(),'Search Result')]/following-sibling::div//a/h3)[1]'] and Actual [MohabMohie/SHAFT_ENGINE: SHAFT_ENGINE is a ... - GitHub]. Comparison Type [CONTAINS]. Validation Type [POSITIVE]. @08-08-2021 06:42:40.0219 A
[ReportManager] Successfully created attachment [Selenium WebDriver Logs - server] @08-08-2021 06:42:40.0359 AM
[ReportManager] Successfully created attachment [Selenium WebDriver Logs - performance] @08-08-2021 06:42:40.0493 AM
[ReportManager] Successfully created attachment [Selenium WebDriver Logs - browser] @08-08-2021 06:42:40.0502 AM
[ReportManager] Successfully created attachment [Selenium WebDriver Logs - driver] @08-08-2021 06:42:40.0679 AM
[ReportManager] Browser Action [CloseCurrentWindow] successfully performed. @08-08-2021 06:42:40.0738 AM
[ReportManager] Successfully created attachment [Browser Action Test Data - CloseCurrentWindow - Actual Value] @08-08-2021 06:42:40.0756 A
[ReportManager] File Action [GetAbsolutePath] successfully performed. With the following test data [Relative Folder Path: "target/downloadedFiles/"]. @08-08-2021 06:42:40.0767 AM
[ReportManager] Attempting to run remotely on: [Linux-64], [GoogleChrome], [http://localhost:4444/wd/hub], Headless Execution. @08-08-2021 06:42:40.0767 AM
[ReportManager] Successfully Opened [GoogleChrome]. @08-08-2021 06:42:41.0066 AM
[ReportManager] Target URL: [https://www.google.com/ncr], and after redirection: [https://www.google.com] @08-08-2021 06:42:41.0085 AM
[ReportManager] Initial URL: [data:,] @08-08-2021 06:42:41.0130 AM
[ReportManager] Browser Action [NavigateToURL] successfully performed. With the following test data [https://www.google.com/ncr]. @08-08-2021 06:42:42.0068 A

################################################################################################################################################
Starting Execution:	[21 out of 23] test cases in the current suite
Test Method:		[tests.gui.google.B_Search_FlatTest_SHAFT.navigateToGoogleHomeAndAssertGoogleLogoIsDisplayed]
################################################################################################################################################
[ReportManager] File Action [DoesFileExist] successfully performed. With the following test data [File Path: "src/test/resources/DynamicObjectRepository/tests_gui_google_B_Search_FlatTest_SHAFT_navigateToGoogleHomeAndAssertGoogleLogoIsDisplayed_By_xpath_img_id_hplogo_or_alt_Google.png"]. @08-08-2021 06:42:42.0074 AM
[ReportManager] File Action [GetAbsolutePath] successfully performed. With the following test data [Relative Folder Path: "src/test/resources/DynamicObjectRepository/tests_gui_google_B_Search_FlatTest_SHAFT_navigateToGoogleHomeAndAssertGoogleLogoIsDisplayed_By_xpath_img_id_hplogo_or_alt_Google.png"]. @08-08-2021 06:42:42.0075 AM
[ReportManager] File Action [ReadFromImageFile] successfully performed. With the following test data [File Path: "/home/runner/work/using_SHAFT_ENGINE/using_SHAFT_ENGINE/src/test/resources/DynamicObjectRepository/tests_gui_google_B_Search_FlatTest_SHAFT_navigateToGoogleHomeAndAssertGoogleLogoIsDisplayed_By_xpath_img_id_hplogo_or_alt_Google.png"]. @08-08-2021 06:42:42.0078 AM
[ReportManager] Assertion Failed: Asserting that the Google logo is displayed @08-08-2021 06:43:07.0724 AM
[ReportManager] Successfully created attachment [Validation Test Data - Reference Screenshot] @08-08-2021 06:43:07.0725 AM
[ReportManager] Successfully created attachment [Validation Test Data - Actual Screenshot] @08-08-2021 06:43:07.0725 AM
[ReportManager] Assertion [ValidateElementMatches] FAILED. Expected [Element should match the reference screenshot] and Actual [ELEMENT NOT FOUND]. Comparison Type [EXACT_OPENCV]. Validation Type [POSITIVE]. @08-08-2021 06:43:07.0725 A
[ReportManager] Successfully created attachment [Selenium WebDriver Logs - server] @08-08-2021 06:43:07.0809 AM
[ReportManager] Successfully created attachment [Selenium WebDriver Logs - performance] @08-08-2021 06:43:07.0850 AM
[ReportManager] Successfully created attachment [Selenium WebDriver Logs - browser] @08-08-2021 06:43:07.0860 AM
[ReportManager] Successfully created attachment [Selenium WebDriver Logs - driver] @08-08-2021 06:43:07.0946 AM
[ReportManager] Browser Action [CloseCurrentWindow] successfully performed. @08-08-2021 06:43:08.0002 AM
[ReportManager] Successfully created attachment [Browser Action Test Data - CloseCurrentWindow - Actual Value] @08-08-2021 06:43:08.0003 A
[ReportManager] File Action [GetAbsolutePath] successfully performed. With the following test data [Relative Folder Path: "target/downloadedFiles/"]. @08-08-2021 06:43:08.0007 AM
[ReportManager] Attempting to run remotely on: [Linux-64], [GoogleChrome], [http://localhost:4444/wd/hub], Headless Execution. @08-08-2021 06:43:08.0008 AM
[ReportManager] Successfully Opened [GoogleChrome]. @08-08-2021 06:43:08.0207 AM
[ReportManager] Target URL: [https://www.google.com/ncr], and after redirection: [https://www.google.com] @08-08-2021 06:43:08.0218 AM
[ReportManager] Initial URL: [data:,] @08-08-2021 06:43:08.0278 AM
[ReportManager] Browser Action [NavigateToURL] successfully performed. With the following test data [https://www.google.com/ncr]. @08-08-2021 06:43:09.0228 A

################################################################################################################################################
Starting Execution:	[22 out of 23] test cases in the current suite
Test Method:		[tests.gui.google.B_Search_FlatTest_SHAFT.navigateToGoogleHomeAndAssertPageTitle]
################################################################################################################################################
[ReportManager] Browser Action [GetCurrentWindowTitle] successfully performed. With the following test data [Google]. @08-08-2021 06:43:09.0266 AM
[ReportManager] Assertion Passed: Asserting that the page title is Google @08-08-2021 06:43:09.0389 AM
[ReportManager] Successfully created attachment [Screenshot - 1628404989352_navigateToGoogleHomeAndAssertPageTitle_ValidateBrowserAttribute_passed] @08-08-2021 06:43:09.0390 AM
[ReportManager] Assertion [ValidateBrowserAttribute] PASSED. Expected [Value Should be 'Google' for the 'Title' attribute] and Actual [Google]. Comparison Type [EQUALS]. Validation Type [POSITIVE]. @08-08-2021 06:43:09.0390 A
[ReportManager] Successfully created attachment [Selenium WebDriver Logs - server] @08-08-2021 06:43:09.0478 AM
[ReportManager] Successfully created attachment [Selenium WebDriver Logs - performance] @08-08-2021 06:43:09.0534 AM
[ReportManager] Successfully created attachment [Selenium WebDriver Logs - browser] @08-08-2021 06:43:09.0549 AM
[ReportManager] Successfully created attachment [Selenium WebDriver Logs - driver] @08-08-2021 06:43:09.0613 AM
[ReportManager] Browser Action [CloseCurrentWindow] successfully performed. @08-08-2021 06:43:09.0669 AM
[ReportManager] Successfully created attachment [Browser Action Test Data - CloseCurrentWindow - Actual Value] @08-08-2021 06:43:09.0670 A
[ReportManager] File Action [GetAbsolutePath] successfully performed. With the following test data [Relative Folder Path: "target/downloadedFiles/"]. @08-08-2021 06:43:09.0674 AM
[ReportManager] Attempting to run remotely on: [Linux-64], [GoogleChrome], [http://localhost:4444/wd/hub], Headless Execution. @08-08-2021 06:43:09.0674 AM
[ReportManager] Successfully Opened [GoogleChrome]. @08-08-2021 06:43:09.0882 AM
[ReportManager] Target URL: [https://www.google.com/ncr], and after redirection: [https://www.google.com] @08-08-2021 06:43:09.0901 AM
[ReportManager] Initial URL: [data:,] @08-08-2021 06:43:09.0939 AM
[ReportManager] Browser Action [NavigateToURL] successfully performed. With the following test data [https://www.google.com/ncr]. @08-08-2021 06:43:10.0875 A

################################################################################################################################################
Starting Execution:	[23 out of 23] test cases in the current suite
Test Method:		[tests.gui.google.B_Search_FlatTest_SHAFT.searchForQueryAndAssertFirstResultTextIsCorrect]
################################################################################################################################################
[ReportManager] Element Action [Type] successfully performed. With the following test data [SHAFT_Engine]. @08-08-2021 06:43:11.0451 AM
[ReportManager] Element Action [KeyPress] successfully performed. With the following test data [ENTER]. @08-08-2021 06:43:12.0273 AM
[ReportManager] Element Action [GetText] successfully performed. With the following test data [MohabMohie/SHAFT_ENGINE: SHAFT_ENGINE is a ... - GitHub]. @08-08-2021 06:43:12.0470 AM
[ReportManager] Loaded Shared OpenCV @08-08-2021 06:43:12.0758 AM
[ReportManager] Assertion Passed: Asserting that the correct first result is displayed @08-08-2021 06:43:12.0819 AM
[ReportManager] Successfully created attachment [Screenshot - 1628404992758_searchForQueryAndAssertFirstResultTextIsCorrect_ValidateElementAttribute_passed] @08-08-2021 06:43:12.0820 AM
[ReportManager] Assertion [ValidateElementAttribute] PASSED. Expected [Value Should be 'MohabMohie' for the 'Text' attribute, element locator 'By.xpath: (//h1[contains(text(),'Search Result')]/following-sibling::div//a/h3)[1]'] and Actual [MohabMohie/SHAFT_ENGINE: SHAFT_ENGINE is a ... - GitHub]. Comparison Type [CONTAINS]. Validation Type [POSITIVE]. @08-08-2021 06:43:12.0820 A
[ReportManager] Successfully created attachment [Selenium WebDriver Logs - server] @08-08-2021 06:43:12.0967 AM
[ReportManager] Successfully created attachment [Selenium WebDriver Logs - performance] @08-08-2021 06:43:13.0103 AM
[ReportManager] Successfully created attachment [Selenium WebDriver Logs - browser] @08-08-2021 06:43:13.0113 AM
[ReportManager] Successfully created attachment [Selenium WebDriver Logs - driver] @08-08-2021 06:43:13.0309 AM
[ReportManager] Browser Action [CloseCurrentWindow] successfully performed. @08-08-2021 06:43:13.0330 AM
[ReportManager] Successfully created attachment [Browser Action Test Data - CloseCurrentWindow - Actual Value] @08-08-2021 06:43:13.0332 A

################################################################################################################################################
Test Closure Activities
################################################################################################################################################
[ReportManager] Successfully created attachment [SHAFT Engine Logs - Execution log] @08-08-2021 06:43:13.0351 AM

################################################################################################################################################
This test run was powered by SHAFT Engine Version: [SHAFT Engine v5.3.20210519]
SHAFT Engine is licensed under the MIT License: [https://github.com/MohabMohie/SHAFT_ENGINE/blob/master/LICENSE].
################################################################################################################################################