################################################################################################################################################
Detected SHAFT Engine Version: [SHAFT Engine v5.3.20210519]
################################################################################################################################################

################################################################################################################################################
Starting Execution:	[1 out of 23] test cases in the current suite
Test Method:		[tests.api.users.UserData.validateUserEmail]
################################################################################################################################################
[ReportManager] Response status code: [200], status line: [HTTP/1.1 200 OK] @19-08-2021 18:37:00.0108 PM
[ReportManager] Assertion Passed: Evaluating the actual response status code against the expected one... @19-08-2021 18:37:00.0121 PM
[ReportManager] Assertion [ValidateEquals] PASSED. Expected [200] and Actual [200]. Comparison Type [EQUALS]. Validation Type [POSITIVE]. @19-08-2021 18:37:00.0127 PM
[ReportManager] API Action [PerformRequest] successfully performed. With the following test data [Request Type: "GET" | Target Status Code: "200" | Service URL: "https://jsonplaceholder.typicode.com/users" | Content Type: "*/*" | Response Time: "926ms"]. @19-08-2021 18:37:01.0401 PM
[ReportManager] Successfully created attachment [API Response - JSON Body] @19-08-2021 18:37:01.0680 PM
[ReportManager] Assertion [ValidateEquals] PASSED. Expected and Actual values are attached. Comparison Type [CONTAINS]. Validation Type [POSITIVE]. @19-08-2021 18:37:01.0683 PM
[ReportManager] Successfully created attachment [Validation Test Data - Expected Value] @19-08-2021 18:37:01.0683 PM
[ReportManager] Successfully created attachment [Validation Test Data - Actual Value] @19-08-2021 18:37:01.0684 PM
[ReportManager] API Action [GetResponseJSONValueAsList] successfully performed. With the following test data [$]. @19-08-2021 18:37:01.0703 PM
[ReportManager] API Action [GetResponseJSONValue] successfully performed. With the following test data [name]. @19-08-2021 18:37:01.0730 PM
[ReportManager] API Action [GetResponseJSONValue] successfully performed. With the following test data [email]. @19-08-2021 18:37:01.0747 PM
[ReportManager] Assertion [ValidateEquals] PASSED. Expected [Sincere@april.biz] and Actual [Sincere@april.biz]. Comparison Type [EQUALS]. Validation Type [POSITIVE]. @19-08-2021 18:37:01.0748 PM
[ReportManager] API Action [GetResponseJSONValue] successfully performed. With the following test data [name]. @19-08-2021 18:37:01.0764 PM
[ReportManager] API Action [GetResponseJSONValue] successfully performed. With the following test data [name]. @19-08-2021 18:37:01.0779 PM
[ReportManager] API Action [GetResponseJSONValue] successfully performed. With the following test data [name]. @19-08-2021 18:37:01.0794 PM
[ReportManager] API Action [GetResponseJSONValue] successfully performed. With the following test data [name]. @19-08-2021 18:37:01.0809 PM
[ReportManager] API Action [GetResponseJSONValue] successfully performed. With the following test data [name]. @19-08-2021 18:37:01.0823 PM
[ReportManager] API Action [GetResponseJSONValue] successfully performed. With the following test data [name]. @19-08-2021 18:37:01.0837 PM
[ReportManager] API Action [GetResponseJSONValue] successfully performed. With the following test data [name]. @19-08-2021 18:37:01.0854 PM
[ReportManager] API Action [GetResponseJSONValue] successfully performed. With the following test data [name]. @19-08-2021 18:37:01.0868 PM
[ReportManager] API Action [GetResponseJSONValue] successfully performed. With the following test data [name]. @19-08-2021 18:37:01.0884 P

################################################################################################################################################
Starting Execution:	[2 out of 23] test cases in the current suite
Test Method:		[tests.cli.demo.cliTest.sampleTestCase]
################################################################################################################################################
[ReportManager] Attempting to perform the following command locally. Command: [ls] @19-08-2021 18:37:02.0019 PM
[ReportManager] Terminal Action [PerformTerminalCommands] successfully performed. With the following test data [Host Name: "localHost" | Command: "ls" | Exit Status: "0"]. @19-08-2021 18:37:02.0037 PM
[ReportManager] Successfully created attachment [Terminal Action Actual Result - Command Log] @19-08-2021 18:37:02.0038 PM
[ReportManager] Assertion Passed: Demoing local terminal actions @19-08-2021 18:37:02.0038 PM
[ReportManager] Assertion [ValidateEquals] PASSED. Expected [pom.xml] and Actual [LICENSE
README.md
allure-results
docker-compose_native.yml
docker-compose_zalenium.yml
extent-reports
pom.xml
src
target]. Comparison Type [CONTAINS]. Validation Type [POSITIVE]. @19-08-2021 18:37:02.0038 P
[ReportManager] Successfully loaded the following test data file [src/test/resources/TestDataFiles/Google/SimpleSearch.xlsx]. @19-08-2021 18:37:03.0192 PM
[ReportManager] Successfully created attachment [Test Data - Excel] @19-08-2021 18:37:03.0193 P
[ReportManager] File Action [GetAbsolutePath] successfully performed. With the following test data [Relative Folder Path: "target/downloadedFiles/"]. @19-08-2021 18:37:03.0202 PM
[ReportManager] Attempting to run remotely on: [Linux-64], [GoogleChrome], [http://localhost:4444/wd/hub], Headless Execution. @19-08-2021 18:37:03.0233 PM
[ReportManager] Successfully Opened [GoogleChrome]. @19-08-2021 18:37:04.0651 PM
[ReportManager] Target URL: [https://www.google.com/ncr], and after redirection: [https://www.google.com] @19-08-2021 18:37:04.0697 PM
[ReportManager] Initial URL: [data:,] @19-08-2021 18:37:04.0828 PM
[ReportManager] Browser Action [NavigateToURL] successfully performed. With the following test data [https://www.google.com/ncr]. @19-08-2021 18:37:06.0390 P

################################################################################################################################################
Starting Execution:	[3 out of 23] test cases in the current suite
Test Method:		[tests.gui.google.F_Search_PageObjectModel_Fluent.navigateToGoogleHomeAndAssertGoogleLogoIsDisplayed]
################################################################################################################################################
[ReportManager] File Action [DoesFileExist] successfully performed. With the following test data [File Path: "src/test/resources/DynamicObjectRepository/tests_gui_google_F_Search_PageObjectModel_Fluent_navigateToGoogleHomeAndAssertGoogleLogoIsDisplayed_By_xpath_img_id_hplogo_or_alt_Google.png"]. @19-08-2021 18:37:06.0437 PM
[ReportManager] File Action [GetAbsolutePath] successfully performed. With the following test data [Relative Folder Path: "src/test/resources/DynamicObjectRepository/tests_gui_google_F_Search_PageObjectModel_Fluent_navigateToGoogleHomeAndAssertGoogleLogoIsDisplayed_By_xpath_img_id_hplogo_or_alt_Google.png"]. @19-08-2021 18:37:06.0438 PM
[ReportManager] File Action [ReadFromImageFile] successfully performed. With the following test data [File Path: "/home/runner/work/using_SHAFT_ENGINE/using_SHAFT_ENGINE/src/test/resources/DynamicObjectRepository/tests_gui_google_F_Search_PageObjectModel_Fluent_navigateToGoogleHomeAndAssertGoogleLogoIsDisplayed_By_xpath_img_id_hplogo_or_alt_Google.png"]. @19-08-2021 18:37:06.0440 PM
[ReportManager] File Action [DoesFileExist] successfully performed. With the following test data [File Path: "src/test/resources/DynamicObjectRepository/tests_gui_google_F_Search_PageObjectModel_Fluent_navigateToGoogleHomeAndAssertGoogleLogoIsDisplayed_By_xpath_img_id_hplogo_or_alt_Google.png"]. @19-08-2021 18:37:06.0817 PM
[ReportManager] File Action [DoesFileExist] successfully performed. With the following test data [File Path: "src/test/resources/DynamicObjectRepository/tests_gui_google_F_Search_PageObjectModel_Fluent_navigateToGoogleHomeAndAssertGoogleLogoIsDisplayed_By_xpath_img_id_hplogo_or_alt_Google.png"]. @19-08-2021 18:37:06.0818 PM
[ReportManager] Loaded Shared OpenCV @19-08-2021 18:37:07.0300 PM
[ReportManager] Successfully identified the element using AI; OpenCV. @19-08-2021 18:37:07.0320 PM
[ReportManager] Assertion Passed: Asserting that the Google logo is displayed @19-08-2021 18:37:07.0321 PM
[ReportManager] Successfully created attachment [Validation Test Data - Reference Screenshot] @19-08-2021 18:37:07.0322 PM
[ReportManager] Successfully created attachment [Validation Test Data - Actual Screenshot] @19-08-2021 18:37:07.0322 PM
[ReportManager] Assertion [ValidateElementMatches] PASSED. Expected [Element should match the reference screenshot] and Actual [TRUE]. Comparison Type [EXACT_OPENCV]. Validation Type [POSITIVE]. @19-08-2021 18:37:07.0322 P
[ReportManager] Successfully created attachment [Selenium WebDriver Logs - server] @19-08-2021 18:37:07.0494 PM
[ReportManager] Successfully created attachment [Selenium WebDriver Logs - performance] @19-08-2021 18:37:07.0602 PM
[ReportManager] Successfully created attachment [Selenium WebDriver Logs - driver] @19-08-2021 18:37:07.0812 PM
[ReportManager] Browser Action [CloseCurrentWindow] successfully performed. @19-08-2021 18:37:07.0882 PM
[ReportManager] Successfully created attachment [Browser Action Test Data - CloseCurrentWindow - Actual Value] @19-08-2021 18:37:07.0891 P
[ReportManager] File Action [GetAbsolutePath] successfully performed. With the following test data [Relative Folder Path: "target/downloadedFiles/"]. @19-08-2021 18:37:07.0906 PM
[ReportManager] Attempting to run remotely on: [Linux-64], [GoogleChrome], [http://localhost:4444/wd/hub], Headless Execution. @19-08-2021 18:37:07.0906 PM
[ReportManager] Successfully Opened [GoogleChrome]. @19-08-2021 18:37:08.0597 PM
[ReportManager] Target URL: [https://www.google.com/ncr], and after redirection: [https://www.google.com] @19-08-2021 18:37:08.0645 PM
[ReportManager] Initial URL: [data:,] @19-08-2021 18:37:08.0730 PM
[ReportManager] Browser Action [NavigateToURL] successfully performed. With the following test data [https://www.google.com/ncr]. @19-08-2021 18:37:09.0868 P

################################################################################################################################################
Starting Execution:	[4 out of 23] test cases in the current suite
Test Method:		[tests.gui.google.F_Search_PageObjectModel_Fluent.navigateToGoogleHomeAndAssertPageTitle]
################################################################################################################################################
[ReportManager] Browser Action [GetCurrentWindowTitle] successfully performed. With the following test data [Google]. @19-08-2021 18:37:09.0950 PM
[ReportManager] Assertion Passed: Asserting that the page title is Google @19-08-2021 18:37:10.0314 PM
[ReportManager] Successfully created attachment [Screenshot - 1629398230050_navigateToGoogleHomeAndAssertPageTitle_ValidateBrowserAttribute_passed] @19-08-2021 18:37:10.0321 PM
[ReportManager] Assertion [ValidateBrowserAttribute] PASSED. Expected [Value Should be 'Google' for the 'Title' attribute] and Actual [Google]. Comparison Type [EQUALS]. Validation Type [POSITIVE]. @19-08-2021 18:37:10.0321 P
[ReportManager] Successfully created attachment [Selenium WebDriver Logs - server] @19-08-2021 18:37:10.0485 PM
[ReportManager] Successfully created attachment [Selenium WebDriver Logs - performance] @19-08-2021 18:37:10.0537 PM
[ReportManager] Successfully created attachment [Selenium WebDriver Logs - driver] @19-08-2021 18:37:10.0689 PM
[ReportManager] Browser Action [CloseCurrentWindow] successfully performed. @19-08-2021 18:37:10.0750 PM
[ReportManager] Successfully created attachment [Browser Action Test Data - CloseCurrentWindow - Actual Value] @19-08-2021 18:37:10.0751 P
[ReportManager] File Action [GetAbsolutePath] successfully performed. With the following test data [Relative Folder Path: "target/downloadedFiles/"]. @19-08-2021 18:37:10.0768 PM
[ReportManager] Attempting to run remotely on: [Linux-64], [GoogleChrome], [http://localhost:4444/wd/hub], Headless Execution. @19-08-2021 18:37:10.0768 PM
[ReportManager] Successfully Opened [GoogleChrome]. @19-08-2021 18:37:11.0481 PM
[ReportManager] Target URL: [https://www.google.com/ncr], and after redirection: [https://www.google.com] @19-08-2021 18:37:11.0533 PM
[ReportManager] Initial URL: [data:,] @19-08-2021 18:37:11.0609 PM
[ReportManager] Browser Action [NavigateToURL] successfully performed. With the following test data [https://www.google.com/ncr]. @19-08-2021 18:37:12.0700 P

################################################################################################################################################
Starting Execution:	[5 out of 23] test cases in the current suite
Test Method:		[tests.gui.google.F_Search_PageObjectModel_Fluent.searchForQueryAndAssertFirstResultTextIsCorrect]
################################################################################################################################################
[ReportManager] Element Action [Type] successfully performed. With the following test data [SHAFT_Engine]. @19-08-2021 18:37:13.0735 PM
[ReportManager] Element Action [KeyPress] successfully performed. With the following test data [ENTER]. @19-08-2021 18:37:15.0853 PM
[ReportManager] Element Action [GetText] successfully performed. With the following test data [SHAFT_ENGINE is a Test Automation Engine that ... - GitHub]. @19-08-2021 18:37:15.0990 PM
[ReportManager] Loaded Shared OpenCV @19-08-2021 18:37:16.0266 PM
[ReportManager] Assertion Failed: Asserting that the correct first result is displayed @19-08-2021 18:37:16.0364 PM
[ReportManager] Successfully created attachment [Screenshot - 1629398236266_searchForQueryAndAssertFirstResultTextIsCorrect_ValidateElementAttribute_failed] @19-08-2021 18:37:16.0373 PM
[ReportManager] Assertion [ValidateElementAttribute] FAILED. Expected [Value Should be 'MohabMohie' for the 'Text' attribute, element locator 'By.xpath: (//h1[contains(text(),'Search Result')]/following-sibling::div//a/h3)[1]'] and Actual [SHAFT_ENGINE is a Test Automation Engine that ... - GitHub]. Comparison Type [CONTAINS]. Validation Type [POSITIVE]. @19-08-2021 18:37:16.0373 P
[ReportManager] Successfully created attachment [Selenium WebDriver Logs - server] @19-08-2021 18:37:16.0619 PM
[ReportManager] Successfully created attachment [Selenium WebDriver Logs - performance] @19-08-2021 18:37:16.0874 PM
[ReportManager] Successfully created attachment [Selenium WebDriver Logs - driver] @19-08-2021 18:37:17.0283 PM
[ReportManager] Browser Action [CloseCurrentWindow] successfully performed. @19-08-2021 18:37:17.0364 PM
[ReportManager] Successfully created attachment [Browser Action Test Data - CloseCurrentWindow - Actual Value] @19-08-2021 18:37:17.0369 P
[ReportManager] Successfully loaded the following test data file [src/test/resources/TestDataFiles/Google/SimpleSearch.xlsx]. @19-08-2021 18:37:17.0450 PM
[ReportManager] Successfully created attachment [Test Data - Excel] @19-08-2021 18:37:17.0450 P
[ReportManager] File Action [GetAbsolutePath] successfully performed. With the following test data [Relative Folder Path: "target/downloadedFiles/"]. @19-08-2021 18:37:17.0452 PM
[ReportManager] Attempting to run remotely on: [Linux-64], [GoogleChrome], [http://localhost:4444/wd/hub], Headless Execution. @19-08-2021 18:37:17.0452 PM
[ReportManager] Successfully Opened [GoogleChrome]. @19-08-2021 18:37:18.0380 PM
[ReportManager] Target URL: [https://www.google.com/ncr], and after redirection: [https://www.google.com] @19-08-2021 18:37:18.0436 PM
[ReportManager] Initial URL: [data:,] @19-08-2021 18:37:18.0518 PM
[ReportManager] Browser Action [NavigateToURL] successfully performed. With the following test data [https://www.google.com/ncr]. @19-08-2021 18:37:19.0617 P

################################################################################################################################################
Starting Execution:	[6 out of 23] test cases in the current suite
Test Method:		[tests.gui.google.G_Search_PageObjectModel_ThreadSafe.navigateToGoogleHomeAndAssertGoogleLogoIsDisplayed]
################################################################################################################################################
[ReportManager] File Action [DoesFileExist] successfully performed. With the following test data [File Path: "src/test/resources/DynamicObjectRepository/tests_gui_google_G_Search_PageObjectModel_ThreadSafe_navigateToGoogleHomeAndAssertGoogleLogoIsDisplayed_By_xpath_img_id_hplogo_or_alt_Google.png"]. @19-08-2021 18:37:19.0625 PM
[ReportManager] File Action [GetAbsolutePath] successfully performed. With the following test data [Relative Folder Path: "src/test/resources/DynamicObjectRepository/tests_gui_google_G_Search_PageObjectModel_ThreadSafe_navigateToGoogleHomeAndAssertGoogleLogoIsDisplayed_By_xpath_img_id_hplogo_or_alt_Google.png"]. @19-08-2021 18:37:19.0625 PM
[ReportManager] File Action [ReadFromImageFile] successfully performed. With the following test data [File Path: "/home/runner/work/using_SHAFT_ENGINE/using_SHAFT_ENGINE/src/test/resources/DynamicObjectRepository/tests_gui_google_G_Search_PageObjectModel_ThreadSafe_navigateToGoogleHomeAndAssertGoogleLogoIsDisplayed_By_xpath_img_id_hplogo_or_alt_Google.png"]. @19-08-2021 18:37:19.0625 PM
[ReportManager] File Action [DoesFileExist] successfully performed. With the following test data [File Path: "src/test/resources/DynamicObjectRepository/tests_gui_google_G_Search_PageObjectModel_ThreadSafe_navigateToGoogleHomeAndAssertGoogleLogoIsDisplayed_By_xpath_img_id_hplogo_or_alt_Google.png"]. @19-08-2021 18:37:19.0895 PM
[ReportManager] File Action [DoesFileExist] successfully performed. With the following test data [File Path: "src/test/resources/DynamicObjectRepository/tests_gui_google_G_Search_PageObjectModel_ThreadSafe_navigateToGoogleHomeAndAssertGoogleLogoIsDisplayed_By_xpath_img_id_hplogo_or_alt_Google.png"]. @19-08-2021 18:37:19.0895 PM
[ReportManager] Loaded Shared OpenCV @19-08-2021 18:37:19.0895 PM
[ReportManager] Successfully identified the element using AI; OpenCV. @19-08-2021 18:37:19.0898 PM
[ReportManager] Assertion Passed: Asserting that the Google logo is displayed @19-08-2021 18:37:19.0899 PM
[ReportManager] Successfully created attachment [Validation Test Data - Reference Screenshot] @19-08-2021 18:37:19.0902 PM
[ReportManager] Successfully created attachment [Validation Test Data - Actual Screenshot] @19-08-2021 18:37:19.0903 PM
[ReportManager] Assertion [ValidateElementMatches] PASSED. Expected [Element should match the reference screenshot] and Actual [TRUE]. Comparison Type [EXACT_OPENCV]. Validation Type [POSITIVE]. @19-08-2021 18:37:19.0903 P
[ReportManager] Successfully created attachment [Selenium WebDriver Logs - server] @19-08-2021 18:37:20.0029 PM
[ReportManager] Successfully created attachment [Selenium WebDriver Logs - performance] @19-08-2021 18:37:20.0070 PM
[ReportManager] Successfully created attachment [Selenium WebDriver Logs - driver] @19-08-2021 18:37:20.0162 PM
[ReportManager] Browser Action [CloseCurrentWindow] successfully performed. @19-08-2021 18:37:20.0229 PM
[ReportManager] Successfully created attachment [Browser Action Test Data - CloseCurrentWindow - Actual Value] @19-08-2021 18:37:20.0230 P
[ReportManager] File Action [GetAbsolutePath] successfully performed. With the following test data [Relative Folder Path: "target/downloadedFiles/"]. @19-08-2021 18:37:20.0249 PM
[ReportManager] Attempting to run remotely on: [Linux-64], [GoogleChrome], [http://localhost:4444/wd/hub], Headless Execution. @19-08-2021 18:37:20.0250 PM
[ReportManager] Successfully Opened [GoogleChrome]. @19-08-2021 18:37:20.0596 PM
[ReportManager] Target URL: [https://www.google.com/ncr], and after redirection: [https://www.google.com] @19-08-2021 18:37:20.0614 PM
[ReportManager] Initial URL: [data:,] @19-08-2021 18:37:20.0688 PM
[ReportManager] Browser Action [NavigateToURL] successfully performed. With the following test data [https://www.google.com/ncr]. @19-08-2021 18:37:21.0689 P

################################################################################################################################################
Starting Execution:	[7 out of 23] test cases in the current suite
Test Method:		[tests.gui.google.G_Search_PageObjectModel_ThreadSafe.navigateToGoogleHomeAndAssertPageTitle]
################################################################################################################################################
[ReportManager] Browser Action [GetCurrentWindowTitle] successfully performed. With the following test data [Google]. @19-08-2021 18:37:21.0740 PM
[ReportManager] Assertion Passed: Asserting that the page title is Google @19-08-2021 18:37:21.0885 PM
[ReportManager] Successfully created attachment [Screenshot - 1629398241815_navigateToGoogleHomeAndAssertPageTitle_ValidateBrowserAttribute_passed] @19-08-2021 18:37:21.0886 PM
[ReportManager] Assertion [ValidateBrowserAttribute] PASSED. Expected [Value Should be 'Google' for the 'Title' attribute] and Actual [Google]. Comparison Type [EQUALS]. Validation Type [POSITIVE]. @19-08-2021 18:37:21.0887 P
[ReportManager] Successfully created attachment [Selenium WebDriver Logs - server] @19-08-2021 18:37:22.0017 PM
[ReportManager] Successfully created attachment [Selenium WebDriver Logs - performance] @19-08-2021 18:37:22.0055 PM
[ReportManager] Successfully created attachment [Selenium WebDriver Logs - driver] @19-08-2021 18:37:22.0133 PM
[ReportManager] Browser Action [CloseCurrentWindow] successfully performed. @19-08-2021 18:37:22.0195 PM
[ReportManager] Successfully created attachment [Browser Action Test Data - CloseCurrentWindow - Actual Value] @19-08-2021 18:37:22.0197 P
[ReportManager] File Action [GetAbsolutePath] successfully performed. With the following test data [Relative Folder Path: "target/downloadedFiles/"]. @19-08-2021 18:37:22.0201 PM
[ReportManager] Attempting to run remotely on: [Linux-64], [GoogleChrome], [http://localhost:4444/wd/hub], Headless Execution. @19-08-2021 18:37:22.0201 PM
[ReportManager] Successfully Opened [GoogleChrome]. @19-08-2021 18:37:22.0498 PM
[ReportManager] Target URL: [https://www.google.com/ncr], and after redirection: [https://www.google.com] @19-08-2021 18:37:22.0531 PM
[ReportManager] Initial URL: [data:,] @19-08-2021 18:37:22.0616 PM
[ReportManager] Browser Action [NavigateToURL] successfully performed. With the following test data [https://www.google.com/ncr]. @19-08-2021 18:37:25.0000 P

################################################################################################################################################
Starting Execution:	[8 out of 23] test cases in the current suite
Test Method:		[tests.gui.google.G_Search_PageObjectModel_ThreadSafe.searchForQueryAndAssertFirstResultTextIsCorrect]
################################################################################################################################################
[ReportManager] Element Action [Type] successfully performed. With the following test data [SHAFT_Engine]. @19-08-2021 18:37:25.0812 PM
[ReportManager] Element Action [KeyPress] successfully performed. With the following test data [ENTER]. @19-08-2021 18:37:27.0646 PM
[ReportManager] Element Action [GetText] successfully performed. With the following test data [SHAFT_ENGINE is a Test Automation Engine that ... - GitHub]. @19-08-2021 18:37:27.0779 PM
[ReportManager] Loaded Shared OpenCV @19-08-2021 18:37:27.0989 PM
[ReportManager] Assertion Failed: Asserting that the correct first result is displayed @19-08-2021 18:37:28.0070 PM
[ReportManager] Successfully created attachment [Screenshot - 1629398247989_searchForQueryAndAssertFirstResultTextIsCorrect_ValidateElementAttribute_failed] @19-08-2021 18:37:28.0074 PM
[ReportManager] Assertion [ValidateElementAttribute] FAILED. Expected [Value Should be 'MohabMohie' for the 'Text' attribute, element locator 'By.xpath: (//h1[contains(text(),'Search Result')]/following-sibling::div//a/h3)[1]'] and Actual [SHAFT_ENGINE is a Test Automation Engine that ... - GitHub]. Comparison Type [CONTAINS]. Validation Type [POSITIVE]. @19-08-2021 18:37:28.0074 P
[ReportManager] Successfully created attachment [Selenium WebDriver Logs - server] @19-08-2021 18:37:28.0283 PM
[ReportManager] Successfully created attachment [Selenium WebDriver Logs - performance] @19-08-2021 18:37:28.0452 PM
[ReportManager] Successfully created attachment [Selenium WebDriver Logs - driver] @19-08-2021 18:37:28.0703 PM
[ReportManager] Browser Action [CloseCurrentWindow] successfully performed. @19-08-2021 18:37:28.0769 PM
[ReportManager] Successfully created attachment [Browser Action Test Data - CloseCurrentWindow - Actual Value] @19-08-2021 18:37:28.0773 P



################################################################################################################################################
Starting Execution:	[9 out of 23] test cases in the current suite
Test Method:		[tests.gui.google.A_Search_FlatTest_NativeSeleniumWebDriver.navigateToGoogleHomeAndAssertGoogleLogoIsDisplayed]
###############################################################################################################################################



################################################################################################################################################
Starting Execution:	[10 out of 23] test cases in the current suite
Test Method:		[tests.gui.google.A_Search_FlatTest_NativeSeleniumWebDriver.navigateToGoogleHomeAndAssertPageTitle]
###############################################################################################################################################



################################################################################################################################################
Starting Execution:	[11 out of 23] test cases in the current suite
Test Method:		[tests.gui.google.A_Search_FlatTest_NativeSeleniumWebDriver.searchForQueryAndAssertFirstResultTextIsCorrect]
###############################################################################################################################################

[ReportManager] File Action [GetAbsolutePath] successfully performed. With the following test data [Relative Folder Path: "target/downloadedFiles/"]. @19-08-2021 18:37:31.0320 PM
[ReportManager] Attempting to run remotely on: [Linux-64], [GoogleChrome], [http://localhost:4444/wd/hub], Headless Execution. @19-08-2021 18:37:31.0321 PM
[ReportManager] Successfully Opened [GoogleChrome]. @19-08-2021 18:37:31.0668 PM
[ReportManager] Target URL: [https://www.google.com/ncr], and after redirection: [https://www.google.com] @19-08-2021 18:37:31.0688 PM
[ReportManager] Initial URL: [data:,] @19-08-2021 18:37:31.0759 PM
[ReportManager] Browser Action [NavigateToURL] successfully performed. With the following test data [https://www.google.com/ncr]. @19-08-2021 18:37:32.0782 P

################################################################################################################################################
Starting Execution:	[12 out of 23] test cases in the current suite
Test Method:		[tests.gui.google.C_Search_PageObjectModel_Traditional.navigateToGoogleHomeAndAssertGoogleLogoIsDisplayed]
################################################################################################################################################
[ReportManager] Element Action [IsElementDisplayed] successfully performed. @19-08-2021 18:37:32.0913 PM
[ReportManager] Assertion Passed: Asserting that the Google logo is displayed @19-08-2021 18:37:32.0913 PM
[ReportManager] Assertion [ValidateTrue] PASSED. Expected [TRUE] and Actual [TRUE]. Validation Type [POSITIVE]. @19-08-2021 18:37:32.0914 P
[ReportManager] Successfully created attachment [Selenium WebDriver Logs - server] @19-08-2021 18:37:33.0049 PM
[ReportManager] Successfully created attachment [Selenium WebDriver Logs - performance] @19-08-2021 18:37:33.0091 PM
[ReportManager] Successfully created attachment [Selenium WebDriver Logs - driver] @19-08-2021 18:37:33.0176 PM
[ReportManager] Browser Action [CloseCurrentWindow] successfully performed. @19-08-2021 18:37:33.0239 PM
[ReportManager] Successfully created attachment [Browser Action Test Data - CloseCurrentWindow - Actual Value] @19-08-2021 18:37:33.0240 P
[ReportManager] File Action [GetAbsolutePath] successfully performed. With the following test data [Relative Folder Path: "target/downloadedFiles/"]. @19-08-2021 18:37:33.0259 PM
[ReportManager] Attempting to run remotely on: [Linux-64], [GoogleChrome], [http://localhost:4444/wd/hub], Headless Execution. @19-08-2021 18:37:33.0260 PM
[ReportManager] Successfully Opened [GoogleChrome]. @19-08-2021 18:37:33.0551 PM
[ReportManager] Target URL: [https://www.google.com/ncr], and after redirection: [https://www.google.com] @19-08-2021 18:37:33.0588 PM
[ReportManager] Initial URL: [data:,] @19-08-2021 18:37:33.0665 PM
[ReportManager] Browser Action [NavigateToURL] successfully performed. With the following test data [https://www.google.com/ncr]. @19-08-2021 18:37:34.0675 P

################################################################################################################################################
Starting Execution:	[13 out of 23] test cases in the current suite
Test Method:		[tests.gui.google.C_Search_PageObjectModel_Traditional.navigateToGoogleHomeAndAssertPageTitle]
################################################################################################################################################
[ReportManager] Browser Action [GetCurrentWindowTitle] successfully performed. With the following test data [Google]. @19-08-2021 18:37:34.0724 PM
[ReportManager] Assertion Passed: Asserting that the page title is Google @19-08-2021 18:37:34.0725 PM
[ReportManager] Assertion [ValidateEquals] PASSED. Expected [Google] and Actual [Google]. Comparison Type [EQUALS]. Validation Type [POSITIVE]. @19-08-2021 18:37:34.0725 P
[ReportManager] Successfully created attachment [Selenium WebDriver Logs - server] @19-08-2021 18:37:34.0842 PM
[ReportManager] Successfully created attachment [Selenium WebDriver Logs - performance] @19-08-2021 18:37:34.0877 PM
[ReportManager] Successfully created attachment [Selenium WebDriver Logs - driver] @19-08-2021 18:37:34.0957 PM
[ReportManager] Browser Action [CloseCurrentWindow] successfully performed. @19-08-2021 18:37:35.0023 PM
[ReportManager] Successfully created attachment [Browser Action Test Data - CloseCurrentWindow - Actual Value] @19-08-2021 18:37:35.0024 P
[ReportManager] File Action [GetAbsolutePath] successfully performed. With the following test data [Relative Folder Path: "target/downloadedFiles/"]. @19-08-2021 18:37:35.0035 PM
[ReportManager] Attempting to run remotely on: [Linux-64], [GoogleChrome], [http://localhost:4444/wd/hub], Headless Execution. @19-08-2021 18:37:35.0036 PM
[ReportManager] Successfully Opened [GoogleChrome]. @19-08-2021 18:37:35.0382 PM
[ReportManager] Target URL: [https://www.google.com/ncr], and after redirection: [https://www.google.com] @19-08-2021 18:37:35.0409 PM
[ReportManager] Initial URL: [data:,] @19-08-2021 18:37:35.0489 PM
[ReportManager] Browser Action [NavigateToURL] successfully performed. With the following test data [https://www.google.com/ncr]. @19-08-2021 18:37:36.0707 P

################################################################################################################################################
Starting Execution:	[14 out of 23] test cases in the current suite
Test Method:		[tests.gui.google.C_Search_PageObjectModel_Traditional.searchForQueryAndAssertFirstResultTextIsCorrect]
################################################################################################################################################
[ReportManager] Element Action [Type] successfully performed. With the following test data [SHAFT_Engine]. @19-08-2021 18:37:37.0487 PM
[ReportManager] Element Action [KeyPress] successfully performed. With the following test data [ENTER]. @19-08-2021 18:37:39.0396 PM
[ReportManager] Element Action [GetText] successfully performed. With the following test data [SHAFT_ENGINE is a Test Automation Engine that ... - GitHub]. @19-08-2021 18:37:39.0516 PM
[ReportManager] Assertion Failed: Asserting that the correct first result is displayed @19-08-2021 18:37:39.0516 PM
[ReportManager] Assertion [ValidateEquals] FAILED. Expected [MohabMohie] and Actual [SHAFT_ENGINE is a Test Automation Engine that ... - GitHub]. Comparison Type [CONTAINS]. Validation Type [POSITIVE]. @19-08-2021 18:37:39.0516 P
[ReportManager] Successfully created attachment [Selenium WebDriver Logs - server] @19-08-2021 18:37:39.0703 PM
[ReportManager] Successfully created attachment [Selenium WebDriver Logs - performance] @19-08-2021 18:37:39.0866 PM
[ReportManager] Successfully created attachment [Selenium WebDriver Logs - driver] @19-08-2021 18:37:40.0104 PM
[ReportManager] Browser Action [CloseCurrentWindow] successfully performed. @19-08-2021 18:37:40.0169 PM
[ReportManager] Successfully created attachment [Browser Action Test Data - CloseCurrentWindow - Actual Value] @19-08-2021 18:37:40.0172 P
[ReportManager] Successfully loaded the following test data file [src/test/resources/TestDataFiles/Google/SimpleSearch.xlsx]. @19-08-2021 18:37:40.0226 PM
[ReportManager] Successfully created attachment [Test Data - Excel] @19-08-2021 18:37:40.0227 P
[ReportManager] File Action [GetAbsolutePath] successfully performed. With the following test data [Relative Folder Path: "target/downloadedFiles/"]. @19-08-2021 18:37:40.0230 PM
[ReportManager] Attempting to run remotely on: [Linux-64], [GoogleChrome], [http://localhost:4444/wd/hub], Headless Execution. @19-08-2021 18:37:40.0231 PM
[ReportManager] Successfully Opened [GoogleChrome]. @19-08-2021 18:37:40.0519 PM
[ReportManager] Target URL: [https://www.google.com/ncr], and after redirection: [https://www.google.com] @19-08-2021 18:37:40.0532 PM
[ReportManager] Initial URL: [data:,] @19-08-2021 18:37:40.0591 PM
[ReportManager] Browser Action [NavigateToURL] successfully performed. With the following test data [https://www.google.com/ncr]. @19-08-2021 18:37:41.0550 P

################################################################################################################################################
Starting Execution:	[15 out of 23] test cases in the current suite
Test Method:		[tests.gui.google.D_Search_PageObjectModel_Traditional_DataDriven.navigateToGoogleHomeAndAssertGoogleLogoIsDisplayed]
################################################################################################################################################
[ReportManager] Element Action [IsElementDisplayed] successfully performed. @19-08-2021 18:37:41.0678 PM
[ReportManager] Assertion Passed: Asserting that the Google logo is displayed @19-08-2021 18:37:41.0679 PM
[ReportManager] Assertion [ValidateTrue] PASSED. Expected [TRUE] and Actual [TRUE]. Validation Type [POSITIVE]. @19-08-2021 18:37:41.0679 P
[ReportManager] Successfully created attachment [Selenium WebDriver Logs - server] @19-08-2021 18:37:41.0774 PM
[ReportManager] Successfully created attachment [Selenium WebDriver Logs - performance] @19-08-2021 18:37:41.0811 PM
[ReportManager] Successfully created attachment [Selenium WebDriver Logs - driver] @19-08-2021 18:37:41.0882 PM
[ReportManager] Browser Action [CloseCurrentWindow] successfully performed. @19-08-2021 18:37:41.0940 PM
[ReportManager] Successfully created attachment [Browser Action Test Data - CloseCurrentWindow - Actual Value] @19-08-2021 18:37:41.0940 P
[ReportManager] File Action [GetAbsolutePath] successfully performed. With the following test data [Relative Folder Path: "target/downloadedFiles/"]. @19-08-2021 18:37:41.0943 PM
[ReportManager] Attempting to run remotely on: [Linux-64], [GoogleChrome], [http://localhost:4444/wd/hub], Headless Execution. @19-08-2021 18:37:41.0943 PM
[ReportManager] Successfully Opened [GoogleChrome]. @19-08-2021 18:37:42.0242 PM
[ReportManager] Target URL: [https://www.google.com/ncr], and after redirection: [https://www.google.com] @19-08-2021 18:37:42.0264 PM
[ReportManager] Initial URL: [data:,] @19-08-2021 18:37:42.0336 PM
[ReportManager] Browser Action [NavigateToURL] successfully performed. With the following test data [https://www.google.com/ncr]. @19-08-2021 18:37:43.0256 P

################################################################################################################################################
Starting Execution:	[16 out of 23] test cases in the current suite
Test Method:		[tests.gui.google.D_Search_PageObjectModel_Traditional_DataDriven.navigateToGoogleHomeAndAssertPageTitle]
################################################################################################################################################
[ReportManager] Browser Action [GetCurrentWindowTitle] successfully performed. With the following test data [Google]. @19-08-2021 18:37:43.0294 PM
[ReportManager] Assertion Passed: Asserting that the page title is Google @19-08-2021 18:37:43.0295 PM
[ReportManager] Assertion [ValidateEquals] PASSED. Expected [Google] and Actual [Google]. Comparison Type [EQUALS]. Validation Type [POSITIVE]. @19-08-2021 18:37:43.0295 P
[ReportManager] Successfully created attachment [Selenium WebDriver Logs - server] @19-08-2021 18:37:43.0393 PM
[ReportManager] Successfully created attachment [Selenium WebDriver Logs - performance] @19-08-2021 18:37:43.0430 PM
[ReportManager] Successfully created attachment [Selenium WebDriver Logs - driver] @19-08-2021 18:37:43.0505 PM
[ReportManager] Browser Action [CloseCurrentWindow] successfully performed. @19-08-2021 18:37:43.0563 PM
[ReportManager] Successfully created attachment [Browser Action Test Data - CloseCurrentWindow - Actual Value] @19-08-2021 18:37:43.0564 P
[ReportManager] File Action [GetAbsolutePath] successfully performed. With the following test data [Relative Folder Path: "target/downloadedFiles/"]. @19-08-2021 18:37:43.0567 PM
[ReportManager] Attempting to run remotely on: [Linux-64], [GoogleChrome], [http://localhost:4444/wd/hub], Headless Execution. @19-08-2021 18:37:43.0567 PM
[ReportManager] Successfully Opened [GoogleChrome]. @19-08-2021 18:37:43.0842 PM
[ReportManager] Target URL: [https://www.google.com/ncr], and after redirection: [https://www.google.com] @19-08-2021 18:37:43.0861 PM
[ReportManager] Initial URL: [data:,] @19-08-2021 18:37:43.0954 PM
[ReportManager] Browser Action [NavigateToURL] successfully performed. With the following test data [https://www.google.com/ncr]. @19-08-2021 18:37:44.0949 P

################################################################################################################################################
Starting Execution:	[17 out of 23] test cases in the current suite
Test Method:		[tests.gui.google.D_Search_PageObjectModel_Traditional_DataDriven.searchForQueryAndAssertFirstResultTextIsCorrect]
################################################################################################################################################
[ReportManager] Element Action [Type] successfully performed. With the following test data [SHAFT_Engine]. @19-08-2021 18:37:45.0675 PM
[ReportManager] Element Action [KeyPress] successfully performed. With the following test data [ENTER]. @19-08-2021 18:37:47.0672 PM
[ReportManager] Element Action [GetText] successfully performed. With the following test data [SHAFT_ENGINE is a Test Automation Engine that ... - GitHub]. @19-08-2021 18:37:47.0784 PM
[ReportManager] Assertion Failed: Asserting that the correct first result is displayed @19-08-2021 18:37:47.0784 PM
[ReportManager] Assertion [ValidateEquals] FAILED. Expected [MohabMohie] and Actual [SHAFT_ENGINE is a Test Automation Engine that ... - GitHub]. Comparison Type [CONTAINS]. Validation Type [POSITIVE]. @19-08-2021 18:37:47.0784 P
[ReportManager] Successfully created attachment [Selenium WebDriver Logs - server] @19-08-2021 18:37:47.0997 PM
[ReportManager] Successfully created attachment [Selenium WebDriver Logs - performance] @19-08-2021 18:37:48.0197 PM
[ReportManager] Successfully created attachment [Selenium WebDriver Logs - driver] @19-08-2021 18:37:48.0421 PM
[ReportManager] Browser Action [CloseCurrentWindow] successfully performed. @19-08-2021 18:37:48.0485 PM
[ReportManager] Successfully created attachment [Browser Action Test Data - CloseCurrentWindow - Actual Value] @19-08-2021 18:37:48.0493 P
[ReportManager] Successfully loaded the following test data file [src/test/resources/TestDataFiles/Google/SimpleSearch.xlsx]. @19-08-2021 18:37:48.0543 PM
[ReportManager] Successfully created attachment [Test Data - Excel] @19-08-2021 18:37:48.0544 P
[ReportManager] File Action [GetAbsolutePath] successfully performed. With the following test data [Relative Folder Path: "target/downloadedFiles/"]. @19-08-2021 18:37:48.0545 PM
[ReportManager] Attempting to run remotely on: [Linux-64], [GoogleChrome], [http://localhost:4444/wd/hub], Headless Execution. @19-08-2021 18:37:48.0545 PM
[ReportManager] Successfully Opened [GoogleChrome]. @19-08-2021 18:37:48.0965 PM
[ReportManager] Target URL: [https://www.google.com/ncr], and after redirection: [https://www.google.com] @19-08-2021 18:37:48.0988 PM
[ReportManager] Initial URL: [data:,] @19-08-2021 18:37:49.0047 PM
[ReportManager] Browser Action [NavigateToURL] successfully performed. With the following test data [https://www.google.com/ncr]. @19-08-2021 18:37:49.0990 P

################################################################################################################################################
Starting Execution:	[18 out of 23] test cases in the current suite
Test Method:		[tests.gui.google.E_Search_PageObjectModel_Traditional_SHAFTAssertions.navigateToGoogleHomeAndAssertGoogleLogoIsDisplayed]
################################################################################################################################################
[ReportManager] File Action [DoesFileExist] successfully performed. With the following test data [File Path: "src/test/resources/DynamicObjectRepository/tests_gui_google_E_Search_PageObjectModel_Traditional_SHAFTAssertions_navigateToGoogleHomeAndAssertGoogleLogoIsDisplayed_By_xpath_img_id_hplogo_or_alt_Google.png"]. @19-08-2021 18:37:49.0998 PM
[ReportManager] File Action [GetAbsolutePath] successfully performed. With the following test data [Relative Folder Path: "src/test/resources/DynamicObjectRepository/tests_gui_google_E_Search_PageObjectModel_Traditional_SHAFTAssertions_navigateToGoogleHomeAndAssertGoogleLogoIsDisplayed_By_xpath_img_id_hplogo_or_alt_Google.png"]. @19-08-2021 18:37:49.0999 PM
[ReportManager] File Action [ReadFromImageFile] successfully performed. With the following test data [File Path: "/home/runner/work/using_SHAFT_ENGINE/using_SHAFT_ENGINE/src/test/resources/DynamicObjectRepository/tests_gui_google_E_Search_PageObjectModel_Traditional_SHAFTAssertions_navigateToGoogleHomeAndAssertGoogleLogoIsDisplayed_By_xpath_img_id_hplogo_or_alt_Google.png"]. @19-08-2021 18:37:49.0999 PM
[ReportManager] File Action [DoesFileExist] successfully performed. With the following test data [File Path: "src/test/resources/DynamicObjectRepository/tests_gui_google_E_Search_PageObjectModel_Traditional_SHAFTAssertions_navigateToGoogleHomeAndAssertGoogleLogoIsDisplayed_By_xpath_img_id_hplogo_or_alt_Google.png"]. @19-08-2021 18:37:50.0225 PM
[ReportManager] File Action [DoesFileExist] successfully performed. With the following test data [File Path: "src/test/resources/DynamicObjectRepository/tests_gui_google_E_Search_PageObjectModel_Traditional_SHAFTAssertions_navigateToGoogleHomeAndAssertGoogleLogoIsDisplayed_By_xpath_img_id_hplogo_or_alt_Google.png"]. @19-08-2021 18:37:50.0225 PM
[ReportManager] Loaded Shared OpenCV @19-08-2021 18:37:50.0225 PM
[ReportManager] Successfully identified the element using AI; OpenCV. @19-08-2021 18:37:50.0228 PM
[ReportManager] Assertion Passed: Asserting that the Google logo is displayed @19-08-2021 18:37:50.0228 PM
[ReportManager] Successfully created attachment [Validation Test Data - Reference Screenshot] @19-08-2021 18:37:50.0229 PM
[ReportManager] Successfully created attachment [Validation Test Data - Actual Screenshot] @19-08-2021 18:37:50.0229 PM
[ReportManager] Assertion [ValidateElementMatches] PASSED. Expected [Element should match the reference screenshot] and Actual [TRUE]. Comparison Type [EXACT_OPENCV]. Validation Type [POSITIVE]. @19-08-2021 18:37:50.0229 P
[ReportManager] Successfully created attachment [Selenium WebDriver Logs - server] @19-08-2021 18:37:50.0348 PM
[ReportManager] Successfully created attachment [Selenium WebDriver Logs - performance] @19-08-2021 18:37:50.0386 PM
[ReportManager] Successfully created attachment [Selenium WebDriver Logs - driver] @19-08-2021 18:37:50.0510 PM
[ReportManager] Browser Action [CloseCurrentWindow] successfully performed. @19-08-2021 18:37:50.0574 PM
[ReportManager] Successfully created attachment [Browser Action Test Data - CloseCurrentWindow - Actual Value] @19-08-2021 18:37:50.0575 P
[ReportManager] File Action [GetAbsolutePath] successfully performed. With the following test data [Relative Folder Path: "target/downloadedFiles/"]. @19-08-2021 18:37:50.0580 PM
[ReportManager] Attempting to run remotely on: [Linux-64], [GoogleChrome], [http://localhost:4444/wd/hub], Headless Execution. @19-08-2021 18:37:50.0580 PM
[ReportManager] Successfully Opened [GoogleChrome]. @19-08-2021 18:37:50.0921 PM
[ReportManager] Target URL: [https://www.google.com/ncr], and after redirection: [https://www.google.com] @19-08-2021 18:37:50.0934 PM
[ReportManager] Initial URL: [data:,] @19-08-2021 18:37:50.0991 PM
[ReportManager] Browser Action [NavigateToURL] successfully performed. With the following test data [https://www.google.com/ncr]. @19-08-2021 18:37:51.0962 P

################################################################################################################################################
Starting Execution:	[19 out of 23] test cases in the current suite
Test Method:		[tests.gui.google.E_Search_PageObjectModel_Traditional_SHAFTAssertions.navigateToGoogleHomeAndAssertPageTitle]
################################################################################################################################################
[ReportManager] Browser Action [GetCurrentWindowTitle] successfully performed. With the following test data [Google]. @19-08-2021 18:37:52.0006 PM
[ReportManager] Assertion Passed: Asserting that the page title is Google @19-08-2021 18:37:52.0121 PM
[ReportManager] Successfully created attachment [Screenshot - 1629398272079_navigateToGoogleHomeAndAssertPageTitle_ValidateBrowserAttribute_passed] @19-08-2021 18:37:52.0122 PM
[ReportManager] Assertion [ValidateBrowserAttribute] PASSED. Expected [Value Should be 'Google' for the 'Title' attribute] and Actual [Google]. Comparison Type [EQUALS]. Validation Type [POSITIVE]. @19-08-2021 18:37:52.0122 P
[ReportManager] Successfully created attachment [Selenium WebDriver Logs - server] @19-08-2021 18:37:52.0218 PM
[ReportManager] Successfully created attachment [Selenium WebDriver Logs - performance] @19-08-2021 18:37:52.0255 PM
[ReportManager] Successfully created attachment [Selenium WebDriver Logs - driver] @19-08-2021 18:37:52.0331 PM
[ReportManager] Browser Action [CloseCurrentWindow] successfully performed. @19-08-2021 18:37:52.0397 PM
[ReportManager] Successfully created attachment [Browser Action Test Data - CloseCurrentWindow - Actual Value] @19-08-2021 18:37:52.0398 P
[ReportManager] File Action [GetAbsolutePath] successfully performed. With the following test data [Relative Folder Path: "target/downloadedFiles/"]. @19-08-2021 18:37:52.0401 PM
[ReportManager] Attempting to run remotely on: [Linux-64], [GoogleChrome], [http://localhost:4444/wd/hub], Headless Execution. @19-08-2021 18:37:52.0401 PM
[ReportManager] Successfully Opened [GoogleChrome]. @19-08-2021 18:37:52.0690 PM
[ReportManager] Target URL: [https://www.google.com/ncr], and after redirection: [https://www.google.com] @19-08-2021 18:37:52.0706 PM
[ReportManager] Initial URL: [data:,] @19-08-2021 18:37:52.0813 PM
[ReportManager] Browser Action [NavigateToURL] successfully performed. With the following test data [https://www.google.com/ncr]. @19-08-2021 18:37:53.0786 P

################################################################################################################################################
Starting Execution:	[20 out of 23] test cases in the current suite
Test Method:		[tests.gui.google.E_Search_PageObjectModel_Traditional_SHAFTAssertions.searchForQueryAndAssertFirstResultTextIsCorrect]
################################################################################################################################################
[ReportManager] Element Action [Type] successfully performed. With the following test data [SHAFT_Engine]. @19-08-2021 18:37:54.0572 PM
[ReportManager] Element Action [KeyPress] successfully performed. With the following test data [ENTER]. @19-08-2021 18:37:56.0413 PM
[ReportManager] Element Action [GetText] successfully performed. With the following test data [SHAFT_ENGINE is a Test Automation Engine that ... - GitHub]. @19-08-2021 18:37:56.0522 PM
[ReportManager] Loaded Shared OpenCV @19-08-2021 18:37:56.0720 PM
[ReportManager] Assertion Failed: Asserting that the correct first result is displayed @19-08-2021 18:37:56.0792 PM
[ReportManager] Successfully created attachment [Screenshot - 1629398276720_searchForQueryAndAssertFirstResultTextIsCorrect_ValidateElementAttribute_failed] @19-08-2021 18:37:56.0793 PM
[ReportManager] Assertion [ValidateElementAttribute] FAILED. Expected [Value Should be 'MohabMohie' for the 'Text' attribute, element locator 'By.xpath: (//h1[contains(text(),'Search Result')]/following-sibling::div//a/h3)[1]'] and Actual [SHAFT_ENGINE is a Test Automation Engine that ... - GitHub]. Comparison Type [CONTAINS]. Validation Type [POSITIVE]. @19-08-2021 18:37:56.0793 P
[ReportManager] Successfully created attachment [Selenium WebDriver Logs - server] @19-08-2021 18:37:57.0028 PM
[ReportManager] Successfully created attachment [Selenium WebDriver Logs - performance] @19-08-2021 18:37:57.0225 PM
[ReportManager] Successfully created attachment [Selenium WebDriver Logs - driver] @19-08-2021 18:37:57.0491 PM
[ReportManager] Browser Action [CloseCurrentWindow] successfully performed. @19-08-2021 18:37:57.0559 PM
[ReportManager] Successfully created attachment [Browser Action Test Data - CloseCurrentWindow - Actual Value] @19-08-2021 18:37:57.0564 P
[ReportManager] File Action [GetAbsolutePath] successfully performed. With the following test data [Relative Folder Path: "target/downloadedFiles/"]. @19-08-2021 18:37:57.0570 PM
[ReportManager] Attempting to run remotely on: [Linux-64], [GoogleChrome], [http://localhost:4444/wd/hub], Headless Execution. @19-08-2021 18:37:57.0570 PM
[ReportManager] Successfully Opened [GoogleChrome]. @19-08-2021 18:37:57.0838 PM
[ReportManager] Target URL: [https://www.google.com/ncr], and after redirection: [https://www.google.com] @19-08-2021 18:37:57.0851 PM
[ReportManager] Initial URL: [data:,] @19-08-2021 18:37:57.0911 PM
[ReportManager] Browser Action [NavigateToURL] successfully performed. With the following test data [https://www.google.com/ncr]. @19-08-2021 18:37:58.0897 P

################################################################################################################################################
Starting Execution:	[21 out of 23] test cases in the current suite
Test Method:		[tests.gui.google.B_Search_FlatTest_SHAFT.navigateToGoogleHomeAndAssertGoogleLogoIsDisplayed]
################################################################################################################################################
[ReportManager] File Action [DoesFileExist] successfully performed. With the following test data [File Path: "src/test/resources/DynamicObjectRepository/tests_gui_google_B_Search_FlatTest_SHAFT_navigateToGoogleHomeAndAssertGoogleLogoIsDisplayed_By_xpath_img_id_hplogo_or_alt_Google.png"]. @19-08-2021 18:37:58.0908 PM
[ReportManager] File Action [GetAbsolutePath] successfully performed. With the following test data [Relative Folder Path: "src/test/resources/DynamicObjectRepository/tests_gui_google_B_Search_FlatTest_SHAFT_navigateToGoogleHomeAndAssertGoogleLogoIsDisplayed_By_xpath_img_id_hplogo_or_alt_Google.png"]. @19-08-2021 18:37:58.0909 PM
[ReportManager] File Action [ReadFromImageFile] successfully performed. With the following test data [File Path: "/home/runner/work/using_SHAFT_ENGINE/using_SHAFT_ENGINE/src/test/resources/DynamicObjectRepository/tests_gui_google_B_Search_FlatTest_SHAFT_navigateToGoogleHomeAndAssertGoogleLogoIsDisplayed_By_xpath_img_id_hplogo_or_alt_Google.png"]. @19-08-2021 18:37:58.0909 PM
[ReportManager] File Action [DoesFileExist] successfully performed. With the following test data [File Path: "src/test/resources/DynamicObjectRepository/tests_gui_google_B_Search_FlatTest_SHAFT_navigateToGoogleHomeAndAssertGoogleLogoIsDisplayed_By_xpath_img_id_hplogo_or_alt_Google.png"]. @19-08-2021 18:37:59.0126 PM
[ReportManager] File Action [DoesFileExist] successfully performed. With the following test data [File Path: "src/test/resources/DynamicObjectRepository/tests_gui_google_B_Search_FlatTest_SHAFT_navigateToGoogleHomeAndAssertGoogleLogoIsDisplayed_By_xpath_img_id_hplogo_or_alt_Google.png"]. @19-08-2021 18:37:59.0126 PM
[ReportManager] Loaded Shared OpenCV @19-08-2021 18:37:59.0126 PM
[ReportManager] Successfully identified the element using AI; OpenCV. @19-08-2021 18:37:59.0129 PM
[ReportManager] Assertion Passed: Asserting that the Google logo is displayed @19-08-2021 18:37:59.0129 PM
[ReportManager] Successfully created attachment [Validation Test Data - Reference Screenshot] @19-08-2021 18:37:59.0130 PM
[ReportManager] Successfully created attachment [Validation Test Data - Actual Screenshot] @19-08-2021 18:37:59.0130 PM
[ReportManager] Assertion [ValidateElementMatches] PASSED. Expected [Element should match the reference screenshot] and Actual [TRUE]. Comparison Type [EXACT_OPENCV]. Validation Type [POSITIVE]. @19-08-2021 18:37:59.0130 P
[ReportManager] Successfully created attachment [Selenium WebDriver Logs - server] @19-08-2021 18:37:59.0244 PM
[ReportManager] Successfully created attachment [Selenium WebDriver Logs - performance] @19-08-2021 18:37:59.0287 PM
[ReportManager] Successfully created attachment [Selenium WebDriver Logs - driver] @19-08-2021 18:37:59.0392 PM
[ReportManager] Browser Action [CloseCurrentWindow] successfully performed. @19-08-2021 18:37:59.0464 PM
[ReportManager] Successfully created attachment [Browser Action Test Data - CloseCurrentWindow - Actual Value] @19-08-2021 18:37:59.0465 P
[ReportManager] File Action [GetAbsolutePath] successfully performed. With the following test data [Relative Folder Path: "target/downloadedFiles/"]. @19-08-2021 18:37:59.0479 PM
[ReportManager] Attempting to run remotely on: [Linux-64], [GoogleChrome], [http://localhost:4444/wd/hub], Headless Execution. @19-08-2021 18:37:59.0479 PM
[ReportManager] Successfully Opened [GoogleChrome]. @19-08-2021 18:37:59.0812 PM
[ReportManager] Target URL: [https://www.google.com/ncr], and after redirection: [https://www.google.com] @19-08-2021 18:37:59.0834 PM
[ReportManager] Initial URL: [data:,] @19-08-2021 18:37:59.0886 PM
[ReportManager] Browser Action [NavigateToURL] successfully performed. With the following test data [https://www.google.com/ncr]. @19-08-2021 18:38:00.0796 P

################################################################################################################################################
Starting Execution:	[22 out of 23] test cases in the current suite
Test Method:		[tests.gui.google.B_Search_FlatTest_SHAFT.navigateToGoogleHomeAndAssertPageTitle]
################################################################################################################################################
[ReportManager] Browser Action [GetCurrentWindowTitle] successfully performed. With the following test data [Google]. @19-08-2021 18:38:00.0850 PM
[ReportManager] Assertion Passed: Asserting that the page title is Google @19-08-2021 18:38:00.0969 PM
[ReportManager] Successfully created attachment [Screenshot - 1629398280927_navigateToGoogleHomeAndAssertPageTitle_ValidateBrowserAttribute_passed] @19-08-2021 18:38:00.0970 PM
[ReportManager] Assertion [ValidateBrowserAttribute] PASSED. Expected [Value Should be 'Google' for the 'Title' attribute] and Actual [Google]. Comparison Type [EQUALS]. Validation Type [POSITIVE]. @19-08-2021 18:38:00.0970 P
[ReportManager] Successfully created attachment [Selenium WebDriver Logs - server] @19-08-2021 18:38:01.0062 PM
[ReportManager] Successfully created attachment [Selenium WebDriver Logs - performance] @19-08-2021 18:38:01.0100 PM
[ReportManager] Successfully created attachment [Selenium WebDriver Logs - driver] @19-08-2021 18:38:01.0174 PM
[ReportManager] Browser Action [CloseCurrentWindow] successfully performed. @19-08-2021 18:38:01.0233 PM
[ReportManager] Successfully created attachment [Browser Action Test Data - CloseCurrentWindow - Actual Value] @19-08-2021 18:38:01.0233 P
[ReportManager] File Action [GetAbsolutePath] successfully performed. With the following test data [Relative Folder Path: "target/downloadedFiles/"]. @19-08-2021 18:38:01.0240 PM
[ReportManager] Attempting to run remotely on: [Linux-64], [GoogleChrome], [http://localhost:4444/wd/hub], Headless Execution. @19-08-2021 18:38:01.0241 PM
[ReportManager] Successfully Opened [GoogleChrome]. @19-08-2021 18:38:01.0516 PM
[ReportManager] Target URL: [https://www.google.com/ncr], and after redirection: [https://www.google.com] @19-08-2021 18:38:01.0529 PM
[ReportManager] Initial URL: [data:,] @19-08-2021 18:38:01.0614 PM
[ReportManager] Browser Action [NavigateToURL] successfully performed. With the following test data [https://www.google.com/ncr]. @19-08-2021 18:38:02.0562 P

################################################################################################################################################
Starting Execution:	[23 out of 23] test cases in the current suite
Test Method:		[tests.gui.google.B_Search_FlatTest_SHAFT.searchForQueryAndAssertFirstResultTextIsCorrect]
################################################################################################################################################
[ReportManager] Element Action [Type] successfully performed. With the following test data [SHAFT_Engine]. @19-08-2021 18:38:03.0331 PM
[ReportManager] Element Action [KeyPress] successfully performed. With the following test data [ENTER]. @19-08-2021 18:38:05.0084 PM
[ReportManager] Element Action [GetText] successfully performed. With the following test data [SHAFT_ENGINE is a Test Automation Engine that ... - GitHub]. @19-08-2021 18:38:05.0191 PM
[ReportManager] Loaded Shared OpenCV @19-08-2021 18:38:05.0366 PM
[ReportManager] Assertion Failed: Asserting that the correct first result is displayed @19-08-2021 18:38:05.0439 PM
[ReportManager] Successfully created attachment [Screenshot - 1629398285366_searchForQueryAndAssertFirstResultTextIsCorrect_ValidateElementAttribute_failed] @19-08-2021 18:38:05.0441 PM
[ReportManager] Assertion [ValidateElementAttribute] FAILED. Expected [Value Should be 'MohabMohie' for the 'Text' attribute, element locator 'By.xpath: (//h1[contains(text(),'Search Result')]/following-sibling::div//a/h3)[1]'] and Actual [SHAFT_ENGINE is a Test Automation Engine that ... - GitHub]. Comparison Type [CONTAINS]. Validation Type [POSITIVE]. @19-08-2021 18:38:05.0441 P
[ReportManager] Successfully created attachment [Selenium WebDriver Logs - server] @19-08-2021 18:38:05.0643 PM
[ReportManager] Successfully created attachment [Selenium WebDriver Logs - performance] @19-08-2021 18:38:05.0813 PM
[ReportManager] Successfully created attachment [Selenium WebDriver Logs - driver] @19-08-2021 18:38:06.0048 PM
[ReportManager] Browser Action [CloseCurrentWindow] successfully performed. @19-08-2021 18:38:06.0109 PM
[ReportManager] Successfully created attachment [Browser Action Test Data - CloseCurrentWindow - Actual Value] @19-08-2021 18:38:06.0119 P

################################################################################################################################################
Test Closure Activities
################################################################################################################################################
[ReportManager] Successfully created attachment [SHAFT Engine Logs - Execution log] @19-08-2021 18:38:06.0144 PM

################################################################################################################################################
This test run was powered by SHAFT Engine Version: [SHAFT Engine v5.3.20210519]
SHAFT Engine is licensed under the MIT License: [https://github.com/MohabMohie/SHAFT_ENGINE/blob/master/LICENSE].
################################################################################################################################################