################################################################################################################################################
Detected SHAFT Engine Version: [SHAFT Engine v5.3.20210822]
################################################################################################################################################

################################################################################################################################################
Starting Execution:	[1 out of 23] test cases in the current suite
Test Method:		[tests.api.users.UserData.validateUserEmail]
################################################################################################################################################
[ReportManager] Response status code: [200], status line: [HTTP/1.1 200 OK] @31-08-2021 12:54:53.0155 PM
[ReportManager] Assertion Passed: Evaluating the actual response status code against the expected one... @31-08-2021 12:54:53.0169 PM
[ReportManager] Assertion [ValidateEquals] PASSED. Expected [200] and Actual [200]. Comparison Type [EQUALS]. Validation Type [POSITIVE]. @31-08-2021 12:54:53.0180 PM
[ReportManager] API Action [PerformRequest] successfully performed. With the following test data [Request Type: "GET" | Target Status Code: "200" | Service URL: "https://jsonplaceholder.typicode.com/users" | Content Type: "*/*" | Response Time: "1182ms"]. @31-08-2021 12:54:54.0795 PM
[ReportManager] Successfully created attachment [API Response - JSON Body] @31-08-2021 12:54:55.0146 PM
[ReportManager] Assertion [ValidateEquals] PASSED. Expected and Actual values are attached. Comparison Type [CONTAINS]. Validation Type [POSITIVE]. @31-08-2021 12:54:55.0149 PM
[ReportManager] Successfully created attachment [Validation Test Data - Expected Value] @31-08-2021 12:54:55.0149 PM
[ReportManager] Successfully created attachment [Validation Test Data - Actual Value] @31-08-2021 12:54:55.0150 PM
[ReportManager] API Action [GetResponseJSONValueAsList] successfully performed. With the following test data [$]. @31-08-2021 12:54:55.0163 PM
[ReportManager] API Action [GetResponseJSONValue] successfully performed. With the following test data [name]. @31-08-2021 12:54:55.0210 PM
[ReportManager] API Action [GetResponseJSONValue] successfully performed. With the following test data [email]. @31-08-2021 12:54:55.0230 PM
[ReportManager] Assertion [ValidateEquals] PASSED. Expected [Sincere@april.biz] and Actual [Sincere@april.biz]. Comparison Type [EQUALS]. Validation Type [POSITIVE]. @31-08-2021 12:54:55.0230 PM
[ReportManager] API Action [GetResponseJSONValue] successfully performed. With the following test data [name]. @31-08-2021 12:54:55.0246 PM
[ReportManager] API Action [GetResponseJSONValue] successfully performed. With the following test data [name]. @31-08-2021 12:54:55.0261 PM
[ReportManager] API Action [GetResponseJSONValue] successfully performed. With the following test data [name]. @31-08-2021 12:54:55.0281 PM
[ReportManager] API Action [GetResponseJSONValue] successfully performed. With the following test data [name]. @31-08-2021 12:54:55.0297 PM
[ReportManager] API Action [GetResponseJSONValue] successfully performed. With the following test data [name]. @31-08-2021 12:54:55.0312 PM
[ReportManager] API Action [GetResponseJSONValue] successfully performed. With the following test data [name]. @31-08-2021 12:54:55.0338 PM
[ReportManager] API Action [GetResponseJSONValue] successfully performed. With the following test data [name]. @31-08-2021 12:54:55.0356 PM
[ReportManager] API Action [GetResponseJSONValue] successfully performed. With the following test data [name]. @31-08-2021 12:54:55.0372 PM
[ReportManager] API Action [GetResponseJSONValue] successfully performed. With the following test data [name]. @31-08-2021 12:54:55.0400 P

################################################################################################################################################
Starting Execution:	[2 out of 23] test cases in the current suite
Test Method:		[tests.cli.demo.cliTest.sampleTestCase]
################################################################################################################################################
[ReportManager] Attempting to perform the following command locally. Command: [ls] @31-08-2021 12:54:55.0628 PM
[ReportManager] Terminal Action [PerformTerminalCommands] successfully performed. With the following test data [Host Name: "localHost" | Command: "ls" | Exit Status: "0"]. @31-08-2021 12:54:55.0648 PM
[ReportManager] Successfully created attachment [Terminal Action Actual Result - Command Log] @31-08-2021 12:54:55.0650 PM
[ReportManager] Assertion Passed: Demoing local terminal actions @31-08-2021 12:54:55.0651 PM
[ReportManager] Assertion [ValidateEquals] PASSED. Expected [pom.xml] and Actual [LICENSE
README.md
allure-results
docker-compose_native.yml
docker-compose_zalenium.yml
extent-reports
pom.xml
src
target]. Comparison Type [CONTAINS]. Validation Type [POSITIVE]. @31-08-2021 12:54:55.0651 P
[ReportManager] Successfully loaded the following test data file [src/test/resources/TestDataFiles/Google/SimpleSearch.xlsx]. @31-08-2021 12:54:56.0599 PM
[ReportManager] Successfully created attachment [Test Data - Excel] @31-08-2021 12:54:56.0599 P
[ReportManager] File Action [GetAbsolutePath] successfully performed. With the following test data [Relative Folder Path: "target/downloadedFiles/"]. @31-08-2021 12:54:56.0650 PM
[ReportManager] Attempting to run remotely on: [Linux-64], [GoogleChrome], [http://localhost:4444/wd/hub], Headless Execution. @31-08-2021 12:54:56.0680 PM
[ReportManager] Successfully Opened [GoogleChrome]. @31-08-2021 12:54:58.0226 PM
[ReportManager] Target URL: [https://www.google.com/ncr], and after redirection: [https://www.google.com] @31-08-2021 12:54:58.0298 PM
[ReportManager] Initial URL: [data:,] @31-08-2021 12:54:58.0417 PM
[ReportManager] Browser Action [NavigateToURL] successfully performed. With the following test data [https://www.google.com/ncr]. @31-08-2021 12:55:00.0171 P

################################################################################################################################################
Starting Execution:	[3 out of 23] test cases in the current suite
Test Method:		[tests.gui.google.F_Search_PageObjectModel_Fluent.navigateToGoogleHomeAndAssertGoogleLogoIsDisplayed]
################################################################################################################################################
[ReportManager] File Action [DoesFileExist] successfully performed. With the following test data [File Path: "src/test/resources/DynamicObjectRepository/tests_gui_google_F_Search_PageObjectModel_Fluent_navigateToGoogleHomeAndAssertGoogleLogoIsDisplayed_By_xpath_img_id_hplogo_or_alt_Google.png"]. @31-08-2021 12:55:00.0198 PM
[ReportManager] File Action [GetAbsolutePath] successfully performed. With the following test data [Relative Folder Path: "src/test/resources/DynamicObjectRepository/tests_gui_google_F_Search_PageObjectModel_Fluent_navigateToGoogleHomeAndAssertGoogleLogoIsDisplayed_By_xpath_img_id_hplogo_or_alt_Google.png"]. @31-08-2021 12:55:00.0198 PM
[ReportManager] File Action [ReadFromImageFile] successfully performed. With the following test data [File Path: "/home/runner/work/using_SHAFT_ENGINE/using_SHAFT_ENGINE/src/test/resources/DynamicObjectRepository/tests_gui_google_F_Search_PageObjectModel_Fluent_navigateToGoogleHomeAndAssertGoogleLogoIsDisplayed_By_xpath_img_id_hplogo_or_alt_Google.png"]. @31-08-2021 12:55:00.0199 PM
[ReportManager] Assertion Failed: Asserting that the Google logo is displayed @31-08-2021 12:55:26.0339 PM
[ReportManager] Successfully created attachment [Validation Test Data - Reference Screenshot] @31-08-2021 12:55:26.0340 PM
[ReportManager] Successfully created attachment [Validation Test Data - Actual Screenshot] @31-08-2021 12:55:26.0340 PM
[ReportManager] Assertion [ValidateElementMatches] FAILED. Expected [Element should match the reference screenshot] and Actual [ELEMENT NOT FOUND]. Comparison Type [EXACT_OPENCV]. Validation Type [POSITIVE]. @31-08-2021 12:55:26.0341 P
[ReportManager] Successfully created attachment [Selenium WebDriver Logs - server] @31-08-2021 12:55:26.0510 PM
[ReportManager] Successfully created attachment [Selenium WebDriver Logs - performance] @31-08-2021 12:55:26.0668 PM
[ReportManager] Successfully created attachment [Selenium WebDriver Logs - browser] @31-08-2021 12:55:26.0684 PM
[ReportManager] Successfully created attachment [Selenium WebDriver Logs - driver] @31-08-2021 12:55:26.0985 PM
[ReportManager] Browser Action [CloseCurrentWindow] successfully performed. @31-08-2021 12:55:27.0059 PM
[ReportManager] Successfully created attachment [Browser Action Test Data - CloseCurrentWindow - Actual Value] @31-08-2021 12:55:27.0074 P
[ReportManager] File Action [GetAbsolutePath] successfully performed. With the following test data [Relative Folder Path: "target/downloadedFiles/"]. @31-08-2021 12:55:27.0102 PM
[ReportManager] Attempting to run remotely on: [Linux-64], [GoogleChrome], [http://localhost:4444/wd/hub], Headless Execution. @31-08-2021 12:55:27.0103 PM
[ReportManager] Successfully Opened [GoogleChrome]. @31-08-2021 12:55:27.0913 PM
[ReportManager] Target URL: [https://www.google.com/ncr], and after redirection: [https://www.google.com] @31-08-2021 12:55:27.0943 PM
[ReportManager] Initial URL: [data:,] @31-08-2021 12:55:28.0027 PM
[ReportManager] Browser Action [NavigateToURL] successfully performed. With the following test data [https://www.google.com/ncr]. @31-08-2021 12:55:29.0325 P

################################################################################################################################################
Starting Execution:	[4 out of 23] test cases in the current suite
Test Method:		[tests.gui.google.F_Search_PageObjectModel_Fluent.navigateToGoogleHomeAndAssertPageTitle]
################################################################################################################################################
[ReportManager] Browser Action [GetCurrentWindowTitle] successfully performed. With the following test data [Google]. @31-08-2021 12:55:29.0394 PM
[ReportManager] Assertion Passed: Asserting that the page title is Google @31-08-2021 12:55:29.0643 PM
[ReportManager] Successfully created attachment [Screenshot - 1630414529505_navigateToGoogleHomeAndAssertPageTitle_ValidateBrowserAttribute_passed] @31-08-2021 12:55:29.0650 PM
[ReportManager] Assertion [ValidateBrowserAttribute] PASSED. Expected [Value Should be 'Google' for the 'Title' attribute] and Actual [Google]. Comparison Type [EQUALS]. Validation Type [POSITIVE]. @31-08-2021 12:55:29.0650 P
[ReportManager] Successfully created attachment [Selenium WebDriver Logs - server] @31-08-2021 12:55:29.0828 PM
[ReportManager] Successfully created attachment [Selenium WebDriver Logs - performance] @31-08-2021 12:55:29.0911 PM
[ReportManager] Successfully created attachment [Selenium WebDriver Logs - browser] @31-08-2021 12:55:29.0927 PM
[ReportManager] Successfully created attachment [Selenium WebDriver Logs - driver] @31-08-2021 12:55:30.0077 PM
[ReportManager] Browser Action [CloseCurrentWindow] successfully performed. @31-08-2021 12:55:30.0137 PM
[ReportManager] Successfully created attachment [Browser Action Test Data - CloseCurrentWindow - Actual Value] @31-08-2021 12:55:30.0141 P
[ReportManager] File Action [GetAbsolutePath] successfully performed. With the following test data [Relative Folder Path: "target/downloadedFiles/"]. @31-08-2021 12:55:30.0149 PM
[ReportManager] Attempting to run remotely on: [Linux-64], [GoogleChrome], [http://localhost:4444/wd/hub], Headless Execution. @31-08-2021 12:55:30.0150 PM
[ReportManager] Successfully Opened [GoogleChrome]. @31-08-2021 12:55:30.0966 PM
[ReportManager] Target URL: [https://www.google.com/ncr], and after redirection: [https://www.google.com] @31-08-2021 12:55:31.0009 PM
[ReportManager] Initial URL: [data:,] @31-08-2021 12:55:31.0109 PM
[ReportManager] Browser Action [NavigateToURL] successfully performed. With the following test data [https://www.google.com/ncr]. @31-08-2021 12:55:32.0483 P

################################################################################################################################################
Starting Execution:	[5 out of 23] test cases in the current suite
Test Method:		[tests.gui.google.F_Search_PageObjectModel_Fluent.searchForQueryAndAssertFirstResultTextIsCorrect]
################################################################################################################################################
[ReportManager] Element Action [Type] successfully performed. With the following test data [SHAFT_Engine]. @31-08-2021 12:55:33.0563 PM
[ReportManager] Element Action [KeyPress] successfully performed. With the following test data [ENTER]. @31-08-2021 12:55:35.0387 PM
[ReportManager] Element Action [GetText] successfully performed. With the following test data [SHAFT_ENGINE is a Test Automation Engine that ... - GitHub]. @31-08-2021 12:55:35.0500 PM
[ReportManager] Loaded Shared OpenCV @31-08-2021 12:55:36.0256 PM
[ReportManager] Assertion Failed: Asserting that the correct first result is displayed @31-08-2021 12:55:36.0392 PM
[ReportManager] Successfully created attachment [Screenshot - 1630414535747_searchForQueryAndAssertFirstResultTextIsCorrect_ValidateElementAttribute_failed] @31-08-2021 12:55:36.0401 PM
[ReportManager] Assertion [ValidateElementAttribute] FAILED. Expected [Value Should be 'MohabMohie' for the 'Text' attribute, element locator 'By.xpath: (//h1[contains(text(),'Search Result')]/following-sibling::div//a/h3)[1]'] and Actual [SHAFT_ENGINE is a Test Automation Engine that ... - GitHub]. Comparison Type [CONTAINS]. Validation Type [POSITIVE]. @31-08-2021 12:55:36.0401 P
[ReportManager] Successfully created attachment [Selenium WebDriver Logs - server] @31-08-2021 12:55:36.0680 PM
[ReportManager] Successfully created attachment [Selenium WebDriver Logs - performance] @31-08-2021 12:55:36.0995 PM
[ReportManager] Successfully created attachment [Selenium WebDriver Logs - browser] @31-08-2021 12:55:37.0008 PM
[ReportManager] Successfully created attachment [Selenium WebDriver Logs - driver] @31-08-2021 12:55:37.0460 PM
[ReportManager] Browser Action [CloseCurrentWindow] successfully performed. @31-08-2021 12:55:37.0539 PM
[ReportManager] Successfully created attachment [Browser Action Test Data - CloseCurrentWindow - Actual Value] @31-08-2021 12:55:37.0543 P
[ReportManager] Successfully loaded the following test data file [src/test/resources/TestDataFiles/Google/SimpleSearch.xlsx]. @31-08-2021 12:55:37.0588 PM
[ReportManager] Successfully created attachment [Test Data - Excel] @31-08-2021 12:55:37.0588 P
[ReportManager] File Action [GetAbsolutePath] successfully performed. With the following test data [Relative Folder Path: "target/downloadedFiles/"]. @31-08-2021 12:55:37.0590 PM
[ReportManager] Attempting to run remotely on: [Linux-64], [GoogleChrome], [http://localhost:4444/wd/hub], Headless Execution. @31-08-2021 12:55:37.0590 PM
[ReportManager] Successfully Opened [GoogleChrome]. @31-08-2021 12:55:38.0319 PM
[ReportManager] Target URL: [https://www.google.com/ncr], and after redirection: [https://www.google.com] @31-08-2021 12:55:38.0360 PM
[ReportManager] Initial URL: [data:,] @31-08-2021 12:55:38.0446 PM
[ReportManager] Browser Action [NavigateToURL] successfully performed. With the following test data [https://www.google.com/ncr]. @31-08-2021 12:55:39.0826 P

################################################################################################################################################
Starting Execution:	[6 out of 23] test cases in the current suite
Test Method:		[tests.gui.google.G_Search_PageObjectModel_ThreadSafe.navigateToGoogleHomeAndAssertGoogleLogoIsDisplayed]
################################################################################################################################################
[ReportManager] File Action [DoesFileExist] successfully performed. With the following test data [File Path: "src/test/resources/DynamicObjectRepository/tests_gui_google_G_Search_PageObjectModel_ThreadSafe_navigateToGoogleHomeAndAssertGoogleLogoIsDisplayed_By_xpath_img_id_hplogo_or_alt_Google.png"]. @31-08-2021 12:55:39.0843 PM
[ReportManager] File Action [GetAbsolutePath] successfully performed. With the following test data [Relative Folder Path: "src/test/resources/DynamicObjectRepository/tests_gui_google_G_Search_PageObjectModel_ThreadSafe_navigateToGoogleHomeAndAssertGoogleLogoIsDisplayed_By_xpath_img_id_hplogo_or_alt_Google.png"]. @31-08-2021 12:55:39.0843 PM
[ReportManager] File Action [ReadFromImageFile] successfully performed. With the following test data [File Path: "/home/runner/work/using_SHAFT_ENGINE/using_SHAFT_ENGINE/src/test/resources/DynamicObjectRepository/tests_gui_google_G_Search_PageObjectModel_ThreadSafe_navigateToGoogleHomeAndAssertGoogleLogoIsDisplayed_By_xpath_img_id_hplogo_or_alt_Google.png"]. @31-08-2021 12:55:39.0843 PM
[ReportManager] Assertion Failed: Asserting that the Google logo is displayed @31-08-2021 12:56:05.0692 PM
[ReportManager] Successfully created attachment [Validation Test Data - Reference Screenshot] @31-08-2021 12:56:05.0693 PM
[ReportManager] Successfully created attachment [Validation Test Data - Actual Screenshot] @31-08-2021 12:56:05.0693 PM
[ReportManager] Assertion [ValidateElementMatches] FAILED. Expected [Element should match the reference screenshot] and Actual [ELEMENT NOT FOUND]. Comparison Type [EXACT_OPENCV]. Validation Type [POSITIVE]. @31-08-2021 12:56:05.0693 P
[ReportManager] Successfully created attachment [Selenium WebDriver Logs - server] @31-08-2021 12:56:05.0849 PM
[ReportManager] Successfully created attachment [Selenium WebDriver Logs - performance] @31-08-2021 12:56:05.0908 PM
[ReportManager] Successfully created attachment [Selenium WebDriver Logs - browser] @31-08-2021 12:56:05.0919 PM
[ReportManager] Successfully created attachment [Selenium WebDriver Logs - driver] @31-08-2021 12:56:06.0075 PM
[ReportManager] Browser Action [CloseCurrentWindow] successfully performed. @31-08-2021 12:56:06.0138 PM
[ReportManager] Successfully created attachment [Browser Action Test Data - CloseCurrentWindow - Actual Value] @31-08-2021 12:56:06.0140 P
[ReportManager] File Action [GetAbsolutePath] successfully performed. With the following test data [Relative Folder Path: "target/downloadedFiles/"]. @31-08-2021 12:56:06.0144 PM
[ReportManager] Attempting to run remotely on: [Linux-64], [GoogleChrome], [http://localhost:4444/wd/hub], Headless Execution. @31-08-2021 12:56:06.0145 PM
[ReportManager] Successfully Opened [GoogleChrome]. @31-08-2021 12:56:06.0433 PM
[ReportManager] Target URL: [https://www.google.com/ncr], and after redirection: [https://www.google.com] @31-08-2021 12:56:06.0457 PM
[ReportManager] Initial URL: [data:,] @31-08-2021 12:56:06.0524 PM
[ReportManager] Browser Action [NavigateToURL] successfully performed. With the following test data [https://www.google.com/ncr]. @31-08-2021 12:56:07.0825 P

################################################################################################################################################
Starting Execution:	[7 out of 23] test cases in the current suite
Test Method:		[tests.gui.google.G_Search_PageObjectModel_ThreadSafe.navigateToGoogleHomeAndAssertPageTitle]
################################################################################################################################################
[ReportManager] Browser Action [GetCurrentWindowTitle] successfully performed. With the following test data [Google]. @31-08-2021 12:56:07.0890 PM
[ReportManager] Assertion Passed: Asserting that the page title is Google @31-08-2021 12:56:08.0032 PM
[ReportManager] Successfully created attachment [Screenshot - 1630414567986_navigateToGoogleHomeAndAssertPageTitle_ValidateBrowserAttribute_passed] @31-08-2021 12:56:08.0033 PM
[ReportManager] Assertion [ValidateBrowserAttribute] PASSED. Expected [Value Should be 'Google' for the 'Title' attribute] and Actual [Google]. Comparison Type [EQUALS]. Validation Type [POSITIVE]. @31-08-2021 12:56:08.0033 P
[ReportManager] Successfully created attachment [Selenium WebDriver Logs - server] @31-08-2021 12:56:08.0150 PM
[ReportManager] Successfully created attachment [Selenium WebDriver Logs - performance] @31-08-2021 12:56:08.0207 PM
[ReportManager] Successfully created attachment [Selenium WebDriver Logs - browser] @31-08-2021 12:56:08.0217 PM
[ReportManager] Successfully created attachment [Selenium WebDriver Logs - driver] @31-08-2021 12:56:08.0317 PM
[ReportManager] Browser Action [CloseCurrentWindow] successfully performed. @31-08-2021 12:56:08.0385 PM
[ReportManager] Successfully created attachment [Browser Action Test Data - CloseCurrentWindow - Actual Value] @31-08-2021 12:56:08.0387 P
[ReportManager] File Action [GetAbsolutePath] successfully performed. With the following test data [Relative Folder Path: "target/downloadedFiles/"]. @31-08-2021 12:56:08.0390 PM
[ReportManager] Attempting to run remotely on: [Linux-64], [GoogleChrome], [http://localhost:4444/wd/hub], Headless Execution. @31-08-2021 12:56:08.0390 PM
[ReportManager] Successfully Opened [GoogleChrome]. @31-08-2021 12:56:08.0698 PM
[ReportManager] Target URL: [https://www.google.com/ncr], and after redirection: [https://www.google.com] @31-08-2021 12:56:08.0720 PM
[ReportManager] Initial URL: [data:,] @31-08-2021 12:56:08.0803 PM
[ReportManager] Browser Action [NavigateToURL] successfully performed. With the following test data [https://www.google.com/ncr]. @31-08-2021 12:56:10.0199 P

################################################################################################################################################
Starting Execution:	[8 out of 23] test cases in the current suite
Test Method:		[tests.gui.google.G_Search_PageObjectModel_ThreadSafe.searchForQueryAndAssertFirstResultTextIsCorrect]
################################################################################################################################################
[ReportManager] Element Action [Type] successfully performed. With the following test data [SHAFT_Engine]. @31-08-2021 12:56:11.0040 PM
[ReportManager] Element Action [KeyPress] successfully performed. With the following test data [ENTER]. @31-08-2021 12:56:12.0656 PM
[ReportManager] Element Action [GetText] successfully performed. With the following test data [SHAFT_ENGINE is a Test Automation Engine that ... - GitHub]. @31-08-2021 12:56:12.0771 PM
[ReportManager] Loaded Shared OpenCV @31-08-2021 12:56:12.0968 PM
[ReportManager] Assertion Failed: Asserting that the correct first result is displayed @31-08-2021 12:56:13.0047 PM
[ReportManager] Successfully created attachment [Screenshot - 1630414572968_searchForQueryAndAssertFirstResultTextIsCorrect_ValidateElementAttribute_failed] @31-08-2021 12:56:13.0050 PM
[ReportManager] Assertion [ValidateElementAttribute] FAILED. Expected [Value Should be 'MohabMohie' for the 'Text' attribute, element locator 'By.xpath: (//h1[contains(text(),'Search Result')]/following-sibling::div//a/h3)[1]'] and Actual [SHAFT_ENGINE is a Test Automation Engine that ... - GitHub]. Comparison Type [CONTAINS]. Validation Type [POSITIVE]. @31-08-2021 12:56:13.0050 P
[ReportManager] Successfully created attachment [Selenium WebDriver Logs - server] @31-08-2021 12:56:13.0259 PM
[ReportManager] Successfully created attachment [Selenium WebDriver Logs - performance] @31-08-2021 12:56:13.0484 PM
[ReportManager] Successfully created attachment [Selenium WebDriver Logs - browser] @31-08-2021 12:56:13.0499 PM
[ReportManager] Successfully created attachment [Selenium WebDriver Logs - driver] @31-08-2021 12:56:13.0776 PM
[ReportManager] Browser Action [CloseCurrentWindow] successfully performed. @31-08-2021 12:56:13.0840 PM
[ReportManager] Successfully created attachment [Browser Action Test Data - CloseCurrentWindow - Actual Value] @31-08-2021 12:56:13.0845 P



################################################################################################################################################
Starting Execution:	[9 out of 23] test cases in the current suite
Test Method:		[tests.gui.google.A_Search_FlatTest_NativeSeleniumWebDriver.navigateToGoogleHomeAndAssertGoogleLogoIsDisplayed]
###############################################################################################################################################



################################################################################################################################################
Starting Execution:	[10 out of 23] test cases in the current suite
Test Method:		[tests.gui.google.A_Search_FlatTest_NativeSeleniumWebDriver.navigateToGoogleHomeAndAssertPageTitle]
###############################################################################################################################################



################################################################################################################################################
Starting Execution:	[11 out of 23] test cases in the current suite
Test Method:		[tests.gui.google.A_Search_FlatTest_NativeSeleniumWebDriver.searchForQueryAndAssertFirstResultTextIsCorrect]
###############################################################################################################################################

[ReportManager] File Action [GetAbsolutePath] successfully performed. With the following test data [Relative Folder Path: "target/downloadedFiles/"]. @31-08-2021 12:56:16.0119 PM
[ReportManager] Attempting to run remotely on: [Linux-64], [GoogleChrome], [http://localhost:4444/wd/hub], Headless Execution. @31-08-2021 12:56:16.0119 PM
[ReportManager] Successfully Opened [GoogleChrome]. @31-08-2021 12:56:16.0485 PM
[ReportManager] Target URL: [https://www.google.com/ncr], and after redirection: [https://www.google.com] @31-08-2021 12:56:16.0517 PM
[ReportManager] Initial URL: [data:,] @31-08-2021 12:56:16.0599 PM
[ReportManager] Browser Action [NavigateToURL] successfully performed. With the following test data [https://www.google.com/ncr]. @31-08-2021 12:56:17.0865 P

################################################################################################################################################
Starting Execution:	[12 out of 23] test cases in the current suite
Test Method:		[tests.gui.google.C_Search_PageObjectModel_Traditional.navigateToGoogleHomeAndAssertGoogleLogoIsDisplayed]
################################################################################################################################################
[ReportManager] Element Action [IdentifyUniqueElement] failed. With the following test data [zero elements found matching this locator "By.xpath: //img[@id='hplogo' or @alt='Google']".]. @31-08-2021 12:56:43.0532 PM
[ReportManager] Successfully created attachment [Screenshot - 1630414603485_navigateToGoogleHomeAndAssertGoogleLogoIsDisplayed_IdentifyUniqueElement_failed] @31-08-2021 12:56:43.0533 P
[ReportManager] Successfully created attachment [Selenium WebDriver Logs - server] @31-08-2021 12:56:43.0685 PM
[ReportManager] Successfully created attachment [Selenium WebDriver Logs - performance] @31-08-2021 12:56:43.0744 PM
[ReportManager] Successfully created attachment [Selenium WebDriver Logs - browser] @31-08-2021 12:56:43.0755 PM
[ReportManager] Successfully created attachment [Selenium WebDriver Logs - driver] @31-08-2021 12:56:43.0863 PM
[ReportManager] Browser Action [CloseCurrentWindow] successfully performed. @31-08-2021 12:56:43.0925 PM
[ReportManager] Successfully created attachment [Browser Action Test Data - CloseCurrentWindow - Actual Value] @31-08-2021 12:56:43.0927 P
[ReportManager] File Action [GetAbsolutePath] successfully performed. With the following test data [Relative Folder Path: "target/downloadedFiles/"]. @31-08-2021 12:56:43.0934 PM
[ReportManager] Attempting to run remotely on: [Linux-64], [GoogleChrome], [http://localhost:4444/wd/hub], Headless Execution. @31-08-2021 12:56:43.0935 PM
[ReportManager] Successfully Opened [GoogleChrome]. @31-08-2021 12:56:44.0325 PM
[ReportManager] Target URL: [https://www.google.com/ncr], and after redirection: [https://www.google.com] @31-08-2021 12:56:44.0351 PM
[ReportManager] Initial URL: [data:,] @31-08-2021 12:56:44.0418 PM
[ReportManager] Browser Action [NavigateToURL] successfully performed. With the following test data [https://www.google.com/ncr]. @31-08-2021 12:56:45.0661 P

################################################################################################################################################
Starting Execution:	[13 out of 23] test cases in the current suite
Test Method:		[tests.gui.google.C_Search_PageObjectModel_Traditional.navigateToGoogleHomeAndAssertPageTitle]
################################################################################################################################################
[ReportManager] Browser Action [GetCurrentWindowTitle] successfully performed. With the following test data [Google]. @31-08-2021 12:56:45.0713 PM
[ReportManager] Assertion Passed: Asserting that the page title is Google @31-08-2021 12:56:45.0713 PM
[ReportManager] Assertion [ValidateEquals] PASSED. Expected [Google] and Actual [Google]. Comparison Type [EQUALS]. Validation Type [POSITIVE]. @31-08-2021 12:56:45.0713 P
[ReportManager] Successfully created attachment [Selenium WebDriver Logs - server] @31-08-2021 12:56:45.0827 PM
[ReportManager] Successfully created attachment [Selenium WebDriver Logs - performance] @31-08-2021 12:56:45.0879 PM
[ReportManager] Successfully created attachment [Selenium WebDriver Logs - browser] @31-08-2021 12:56:45.0893 PM
[ReportManager] Successfully created attachment [Selenium WebDriver Logs - driver] @31-08-2021 12:56:46.0001 PM
[ReportManager] Browser Action [CloseCurrentWindow] successfully performed. @31-08-2021 12:56:46.0063 PM
[ReportManager] Successfully created attachment [Browser Action Test Data - CloseCurrentWindow - Actual Value] @31-08-2021 12:56:46.0064 P
[ReportManager] File Action [GetAbsolutePath] successfully performed. With the following test data [Relative Folder Path: "target/downloadedFiles/"]. @31-08-2021 12:56:46.0071 PM
[ReportManager] Attempting to run remotely on: [Linux-64], [GoogleChrome], [http://localhost:4444/wd/hub], Headless Execution. @31-08-2021 12:56:46.0074 PM
[ReportManager] Successfully Opened [GoogleChrome]. @31-08-2021 12:56:46.0358 PM
[ReportManager] Target URL: [https://www.google.com/ncr], and after redirection: [https://www.google.com] @31-08-2021 12:56:46.0374 PM
[ReportManager] Initial URL: [data:,] @31-08-2021 12:56:46.0428 PM
[ReportManager] Browser Action [NavigateToURL] successfully performed. With the following test data [https://www.google.com/ncr]. @31-08-2021 12:56:47.0670 P

################################################################################################################################################
Starting Execution:	[14 out of 23] test cases in the current suite
Test Method:		[tests.gui.google.C_Search_PageObjectModel_Traditional.searchForQueryAndAssertFirstResultTextIsCorrect]
################################################################################################################################################
[ReportManager] Element Action [Type] successfully performed. With the following test data [SHAFT_Engine]. @31-08-2021 12:56:48.0507 PM
[ReportManager] Element Action [KeyPress] successfully performed. With the following test data [ENTER]. @31-08-2021 12:56:50.0254 PM
[ReportManager] Element Action [GetText] successfully performed. With the following test data [SHAFT_ENGINE is a Test Automation Engine that ... - GitHub]. @31-08-2021 12:56:50.0389 PM
[ReportManager] Assertion Failed: Asserting that the correct first result is displayed @31-08-2021 12:56:50.0389 PM
[ReportManager] Assertion [ValidateEquals] FAILED. Expected [MohabMohie] and Actual [SHAFT_ENGINE is a Test Automation Engine that ... - GitHub]. Comparison Type [CONTAINS]. Validation Type [POSITIVE]. @31-08-2021 12:56:50.0389 P
[ReportManager] Successfully created attachment [Selenium WebDriver Logs - server] @31-08-2021 12:56:50.0617 PM
[ReportManager] Successfully created attachment [Selenium WebDriver Logs - performance] @31-08-2021 12:56:50.0859 PM
[ReportManager] Successfully created attachment [Selenium WebDriver Logs - browser] @31-08-2021 12:56:50.0873 PM
[ReportManager] Successfully created attachment [Selenium WebDriver Logs - driver] @31-08-2021 12:56:51.0153 PM
[ReportManager] Browser Action [CloseCurrentWindow] successfully performed. @31-08-2021 12:56:51.0215 PM
[ReportManager] Successfully created attachment [Browser Action Test Data - CloseCurrentWindow - Actual Value] @31-08-2021 12:56:51.0218 P
[ReportManager] Successfully loaded the following test data file [src/test/resources/TestDataFiles/Google/SimpleSearch.xlsx]. @31-08-2021 12:56:51.0294 PM
[ReportManager] Successfully created attachment [Test Data - Excel] @31-08-2021 12:56:51.0295 P
[ReportManager] File Action [GetAbsolutePath] successfully performed. With the following test data [Relative Folder Path: "target/downloadedFiles/"]. @31-08-2021 12:56:51.0296 PM
[ReportManager] Attempting to run remotely on: [Linux-64], [GoogleChrome], [http://localhost:4444/wd/hub], Headless Execution. @31-08-2021 12:56:51.0296 PM
[ReportManager] Successfully Opened [GoogleChrome]. @31-08-2021 12:56:51.0597 PM
[ReportManager] Target URL: [https://www.google.com/ncr], and after redirection: [https://www.google.com] @31-08-2021 12:56:51.0614 PM
[ReportManager] Initial URL: [data:,] @31-08-2021 12:56:51.0701 PM
[ReportManager] Browser Action [NavigateToURL] successfully performed. With the following test data [https://www.google.com/ncr]. @31-08-2021 12:56:53.0052 P

################################################################################################################################################
Starting Execution:	[15 out of 23] test cases in the current suite
Test Method:		[tests.gui.google.D_Search_PageObjectModel_Traditional_DataDriven.navigateToGoogleHomeAndAssertGoogleLogoIsDisplayed]
################################################################################################################################################
[ReportManager] Element Action [IdentifyUniqueElement] failed. With the following test data [zero elements found matching this locator "By.xpath: //img[@id='hplogo' or @alt='Google']".]. @31-08-2021 12:57:18.0766 PM
[ReportManager] Successfully created attachment [Screenshot - 1630414638723_navigateToGoogleHomeAndAssertGoogleLogoIsDisplayed_IdentifyUniqueElement_failed] @31-08-2021 12:57:18.0767 P
[ReportManager] Successfully created attachment [Selenium WebDriver Logs - server] @31-08-2021 12:57:18.0893 PM
[ReportManager] Successfully created attachment [Selenium WebDriver Logs - performance] @31-08-2021 12:57:18.0956 PM
[ReportManager] Successfully created attachment [Selenium WebDriver Logs - browser] @31-08-2021 12:57:18.0965 PM
[ReportManager] Successfully created attachment [Selenium WebDriver Logs - driver] @31-08-2021 12:57:19.0117 PM
[ReportManager] Browser Action [CloseCurrentWindow] successfully performed. @31-08-2021 12:57:19.0177 PM
[ReportManager] Successfully created attachment [Browser Action Test Data - CloseCurrentWindow - Actual Value] @31-08-2021 12:57:19.0177 P
[ReportManager] File Action [GetAbsolutePath] successfully performed. With the following test data [Relative Folder Path: "target/downloadedFiles/"]. @31-08-2021 12:57:19.0186 PM
[ReportManager] Attempting to run remotely on: [Linux-64], [GoogleChrome], [http://localhost:4444/wd/hub], Headless Execution. @31-08-2021 12:57:19.0188 PM
[ReportManager] Successfully Opened [GoogleChrome]. @31-08-2021 12:57:19.0540 PM
[ReportManager] Target URL: [https://www.google.com/ncr], and after redirection: [https://www.google.com] @31-08-2021 12:57:19.0555 PM
[ReportManager] Initial URL: [data:,] @31-08-2021 12:57:19.0629 PM
[ReportManager] Browser Action [NavigateToURL] successfully performed. With the following test data [https://www.google.com/ncr]. @31-08-2021 12:57:20.0949 P

################################################################################################################################################
Starting Execution:	[16 out of 23] test cases in the current suite
Test Method:		[tests.gui.google.D_Search_PageObjectModel_Traditional_DataDriven.navigateToGoogleHomeAndAssertPageTitle]
################################################################################################################################################
[ReportManager] Browser Action [GetCurrentWindowTitle] successfully performed. With the following test data [Google]. @31-08-2021 12:57:21.0006 PM
[ReportManager] Assertion Passed: Asserting that the page title is Google @31-08-2021 12:57:21.0006 PM
[ReportManager] Assertion [ValidateEquals] PASSED. Expected [Google] and Actual [Google]. Comparison Type [EQUALS]. Validation Type [POSITIVE]. @31-08-2021 12:57:21.0006 P
[ReportManager] Successfully created attachment [Selenium WebDriver Logs - server] @31-08-2021 12:57:21.0120 PM
[ReportManager] Successfully created attachment [Selenium WebDriver Logs - performance] @31-08-2021 12:57:21.0174 PM
[ReportManager] Successfully created attachment [Selenium WebDriver Logs - browser] @31-08-2021 12:57:21.0185 PM
[ReportManager] Successfully created attachment [Selenium WebDriver Logs - driver] @31-08-2021 12:57:21.0288 PM
[ReportManager] Browser Action [CloseCurrentWindow] successfully performed. @31-08-2021 12:57:21.0349 PM
[ReportManager] Successfully created attachment [Browser Action Test Data - CloseCurrentWindow - Actual Value] @31-08-2021 12:57:21.0350 P
[ReportManager] File Action [GetAbsolutePath] successfully performed. With the following test data [Relative Folder Path: "target/downloadedFiles/"]. @31-08-2021 12:57:21.0353 PM
[ReportManager] Attempting to run remotely on: [Linux-64], [GoogleChrome], [http://localhost:4444/wd/hub], Headless Execution. @31-08-2021 12:57:21.0353 PM
[ReportManager] Successfully Opened [GoogleChrome]. @31-08-2021 12:57:21.0643 PM
[ReportManager] Target URL: [https://www.google.com/ncr], and after redirection: [https://www.google.com] @31-08-2021 12:57:21.0657 PM
[ReportManager] Initial URL: [data:,] @31-08-2021 12:57:21.0723 PM
[ReportManager] Browser Action [NavigateToURL] successfully performed. With the following test data [https://www.google.com/ncr]. @31-08-2021 12:57:23.0153 P

################################################################################################################################################
Starting Execution:	[17 out of 23] test cases in the current suite
Test Method:		[tests.gui.google.D_Search_PageObjectModel_Traditional_DataDriven.searchForQueryAndAssertFirstResultTextIsCorrect]
################################################################################################################################################
[ReportManager] Element Action [Type] successfully performed. With the following test data [SHAFT_Engine]. @31-08-2021 12:57:24.0028 PM
[ReportManager] Element Action [KeyPress] successfully performed. With the following test data [ENTER]. @31-08-2021 12:57:25.0644 PM
[ReportManager] Element Action [GetText] successfully performed. With the following test data [SHAFT_ENGINE is a Test Automation Engine that ... - GitHub]. @31-08-2021 12:57:25.0773 PM
[ReportManager] Assertion Failed: Asserting that the correct first result is displayed @31-08-2021 12:57:25.0773 PM
[ReportManager] Assertion [ValidateEquals] FAILED. Expected [MohabMohie] and Actual [SHAFT_ENGINE is a Test Automation Engine that ... - GitHub]. Comparison Type [CONTAINS]. Validation Type [POSITIVE]. @31-08-2021 12:57:25.0773 P
[ReportManager] Successfully created attachment [Selenium WebDriver Logs - server] @31-08-2021 12:57:25.0984 PM
[ReportManager] Successfully created attachment [Selenium WebDriver Logs - performance] @31-08-2021 12:57:26.0223 PM
[ReportManager] Successfully created attachment [Selenium WebDriver Logs - browser] @31-08-2021 12:57:26.0235 PM
[ReportManager] Successfully created attachment [Selenium WebDriver Logs - driver] @31-08-2021 12:57:26.0481 PM
[ReportManager] Browser Action [CloseCurrentWindow] successfully performed. @31-08-2021 12:57:26.0547 PM
[ReportManager] Successfully created attachment [Browser Action Test Data - CloseCurrentWindow - Actual Value] @31-08-2021 12:57:26.0549 P
[ReportManager] Successfully loaded the following test data file [src/test/resources/TestDataFiles/Google/SimpleSearch.xlsx]. @31-08-2021 12:57:26.0579 PM
[ReportManager] Successfully created attachment [Test Data - Excel] @31-08-2021 12:57:26.0579 P
[ReportManager] File Action [GetAbsolutePath] successfully performed. With the following test data [Relative Folder Path: "target/downloadedFiles/"]. @31-08-2021 12:57:26.0580 PM
[ReportManager] Attempting to run remotely on: [Linux-64], [GoogleChrome], [http://localhost:4444/wd/hub], Headless Execution. @31-08-2021 12:57:26.0580 PM
[ReportManager] Successfully Opened [GoogleChrome]. @31-08-2021 12:57:27.0039 PM
[ReportManager] Target URL: [https://www.google.com/ncr], and after redirection: [https://www.google.com] @31-08-2021 12:57:27.0059 PM
[ReportManager] Initial URL: [data:,] @31-08-2021 12:57:27.0126 PM
[ReportManager] Browser Action [NavigateToURL] successfully performed. With the following test data [https://www.google.com/ncr]. @31-08-2021 12:57:28.0370 P

################################################################################################################################################
Starting Execution:	[18 out of 23] test cases in the current suite
Test Method:		[tests.gui.google.E_Search_PageObjectModel_Traditional_SHAFTAssertions.navigateToGoogleHomeAndAssertGoogleLogoIsDisplayed]
################################################################################################################################################
[ReportManager] File Action [DoesFileExist] successfully performed. With the following test data [File Path: "src/test/resources/DynamicObjectRepository/tests_gui_google_E_Search_PageObjectModel_Traditional_SHAFTAssertions_navigateToGoogleHomeAndAssertGoogleLogoIsDisplayed_By_xpath_img_id_hplogo_or_alt_Google.png"]. @31-08-2021 12:57:28.0373 PM
[ReportManager] File Action [GetAbsolutePath] successfully performed. With the following test data [Relative Folder Path: "src/test/resources/DynamicObjectRepository/tests_gui_google_E_Search_PageObjectModel_Traditional_SHAFTAssertions_navigateToGoogleHomeAndAssertGoogleLogoIsDisplayed_By_xpath_img_id_hplogo_or_alt_Google.png"]. @31-08-2021 12:57:28.0374 PM
[ReportManager] File Action [ReadFromImageFile] successfully performed. With the following test data [File Path: "/home/runner/work/using_SHAFT_ENGINE/using_SHAFT_ENGINE/src/test/resources/DynamicObjectRepository/tests_gui_google_E_Search_PageObjectModel_Traditional_SHAFTAssertions_navigateToGoogleHomeAndAssertGoogleLogoIsDisplayed_By_xpath_img_id_hplogo_or_alt_Google.png"]. @31-08-2021 12:57:28.0379 PM
[ReportManager] Assertion Failed: Asserting that the Google logo is displayed @31-08-2021 12:57:54.0152 PM
[ReportManager] Successfully created attachment [Validation Test Data - Reference Screenshot] @31-08-2021 12:57:54.0153 PM
[ReportManager] Successfully created attachment [Validation Test Data - Actual Screenshot] @31-08-2021 12:57:54.0153 PM
[ReportManager] Assertion [ValidateElementMatches] FAILED. Expected [Element should match the reference screenshot] and Actual [ELEMENT NOT FOUND]. Comparison Type [EXACT_OPENCV]. Validation Type [POSITIVE]. @31-08-2021 12:57:54.0153 P
[ReportManager] Successfully created attachment [Selenium WebDriver Logs - server] @31-08-2021 12:57:54.0274 PM
[ReportManager] Successfully created attachment [Selenium WebDriver Logs - performance] @31-08-2021 12:57:54.0336 PM
[ReportManager] Successfully created attachment [Selenium WebDriver Logs - browser] @31-08-2021 12:57:54.0354 PM
[ReportManager] Successfully created attachment [Selenium WebDriver Logs - driver] @31-08-2021 12:57:54.0478 PM
[ReportManager] Browser Action [CloseCurrentWindow] successfully performed. @31-08-2021 12:57:54.0538 PM
[ReportManager] Successfully created attachment [Browser Action Test Data - CloseCurrentWindow - Actual Value] @31-08-2021 12:57:54.0539 P
[ReportManager] File Action [GetAbsolutePath] successfully performed. With the following test data [Relative Folder Path: "target/downloadedFiles/"]. @31-08-2021 12:57:54.0541 PM
[ReportManager] Attempting to run remotely on: [Linux-64], [GoogleChrome], [http://localhost:4444/wd/hub], Headless Execution. @31-08-2021 12:57:54.0541 PM
[ReportManager] Successfully Opened [GoogleChrome]. @31-08-2021 12:57:54.0838 PM
[ReportManager] Target URL: [https://www.google.com/ncr], and after redirection: [https://www.google.com] @31-08-2021 12:57:54.0850 PM
[ReportManager] Initial URL: [data:,] @31-08-2021 12:57:54.0907 PM
[ReportManager] Browser Action [NavigateToURL] successfully performed. With the following test data [https://www.google.com/ncr]. @31-08-2021 12:57:56.0190 P

################################################################################################################################################
Starting Execution:	[19 out of 23] test cases in the current suite
Test Method:		[tests.gui.google.E_Search_PageObjectModel_Traditional_SHAFTAssertions.navigateToGoogleHomeAndAssertPageTitle]
################################################################################################################################################
[ReportManager] Browser Action [GetCurrentWindowTitle] successfully performed. With the following test data [Google]. @31-08-2021 12:57:56.0242 PM
[ReportManager] Assertion Passed: Asserting that the page title is Google @31-08-2021 12:57:56.0388 PM
[ReportManager] Successfully created attachment [Screenshot - 1630414676346_navigateToGoogleHomeAndAssertPageTitle_ValidateBrowserAttribute_passed] @31-08-2021 12:57:56.0389 PM
[ReportManager] Assertion [ValidateBrowserAttribute] PASSED. Expected [Value Should be 'Google' for the 'Title' attribute] and Actual [Google]. Comparison Type [EQUALS]. Validation Type [POSITIVE]. @31-08-2021 12:57:56.0389 P
[ReportManager] Successfully created attachment [Selenium WebDriver Logs - server] @31-08-2021 12:57:56.0508 PM
[ReportManager] Successfully created attachment [Selenium WebDriver Logs - performance] @31-08-2021 12:57:56.0563 PM
[ReportManager] Successfully created attachment [Selenium WebDriver Logs - browser] @31-08-2021 12:57:56.0573 PM
[ReportManager] Successfully created attachment [Selenium WebDriver Logs - driver] @31-08-2021 12:57:56.0659 PM
[ReportManager] Browser Action [CloseCurrentWindow] successfully performed. @31-08-2021 12:57:56.0716 PM
[ReportManager] Successfully created attachment [Browser Action Test Data - CloseCurrentWindow - Actual Value] @31-08-2021 12:57:56.0717 P
[ReportManager] File Action [GetAbsolutePath] successfully performed. With the following test data [Relative Folder Path: "target/downloadedFiles/"]. @31-08-2021 12:57:56.0720 PM
[ReportManager] Attempting to run remotely on: [Linux-64], [GoogleChrome], [http://localhost:4444/wd/hub], Headless Execution. @31-08-2021 12:57:56.0720 PM
[ReportManager] Successfully Opened [GoogleChrome]. @31-08-2021 12:57:57.0032 PM
[ReportManager] Target URL: [https://www.google.com/ncr], and after redirection: [https://www.google.com] @31-08-2021 12:57:57.0046 PM
[ReportManager] Initial URL: [data:,] @31-08-2021 12:57:57.0116 PM
[ReportManager] Browser Action [NavigateToURL] successfully performed. With the following test data [https://www.google.com/ncr]. @31-08-2021 12:57:58.0289 P

################################################################################################################################################
Starting Execution:	[20 out of 23] test cases in the current suite
Test Method:		[tests.gui.google.E_Search_PageObjectModel_Traditional_SHAFTAssertions.searchForQueryAndAssertFirstResultTextIsCorrect]
################################################################################################################################################
[ReportManager] Element Action [Type] successfully performed. With the following test data [SHAFT_Engine]. @31-08-2021 12:57:59.0069 PM
[ReportManager] Element Action [KeyPress] successfully performed. With the following test data [ENTER]. @31-08-2021 12:58:00.0538 PM
[ReportManager] Element Action [GetText] successfully performed. With the following test data [SHAFT_ENGINE is a Test Automation Engine that ... - GitHub]. @31-08-2021 12:58:00.0677 PM
[ReportManager] Loaded Shared OpenCV @31-08-2021 12:58:00.0875 PM
[ReportManager] Assertion Failed: Asserting that the correct first result is displayed @31-08-2021 12:58:00.0963 PM
[ReportManager] Successfully created attachment [Screenshot - 1630414680875_searchForQueryAndAssertFirstResultTextIsCorrect_ValidateElementAttribute_failed] @31-08-2021 12:58:00.0964 PM
[ReportManager] Assertion [ValidateElementAttribute] FAILED. Expected [Value Should be 'MohabMohie' for the 'Text' attribute, element locator 'By.xpath: (//h1[contains(text(),'Search Result')]/following-sibling::div//a/h3)[1]'] and Actual [SHAFT_ENGINE is a Test Automation Engine that ... - GitHub]. Comparison Type [CONTAINS]. Validation Type [POSITIVE]. @31-08-2021 12:58:00.0964 P
[ReportManager] Successfully created attachment [Selenium WebDriver Logs - server] @31-08-2021 12:58:01.0162 PM
[ReportManager] Successfully created attachment [Selenium WebDriver Logs - performance] @31-08-2021 12:58:01.0372 PM
[ReportManager] Successfully created attachment [Selenium WebDriver Logs - browser] @31-08-2021 12:58:01.0382 PM
[ReportManager] Successfully created attachment [Selenium WebDriver Logs - driver] @31-08-2021 12:58:01.0638 PM
[ReportManager] Browser Action [CloseCurrentWindow] successfully performed. @31-08-2021 12:58:01.0697 PM
[ReportManager] Successfully created attachment [Browser Action Test Data - CloseCurrentWindow - Actual Value] @31-08-2021 12:58:01.0700 P
[ReportManager] File Action [GetAbsolutePath] successfully performed. With the following test data [Relative Folder Path: "target/downloadedFiles/"]. @31-08-2021 12:58:01.0704 PM
[ReportManager] Attempting to run remotely on: [Linux-64], [GoogleChrome], [http://localhost:4444/wd/hub], Headless Execution. @31-08-2021 12:58:01.0704 PM
[ReportManager] Successfully Opened [GoogleChrome]. @31-08-2021 12:58:01.0981 PM
[ReportManager] Target URL: [https://www.google.com/ncr], and after redirection: [https://www.google.com] @31-08-2021 12:58:02.0004 PM
[ReportManager] Initial URL: [data:,] @31-08-2021 12:58:02.0089 PM
[ReportManager] Browser Action [NavigateToURL] successfully performed. With the following test data [https://www.google.com/ncr]. @31-08-2021 12:58:03.0408 P

################################################################################################################################################
Starting Execution:	[21 out of 23] test cases in the current suite
Test Method:		[tests.gui.google.B_Search_FlatTest_SHAFT.navigateToGoogleHomeAndAssertGoogleLogoIsDisplayed]
################################################################################################################################################
[ReportManager] File Action [DoesFileExist] successfully performed. With the following test data [File Path: "src/test/resources/DynamicObjectRepository/tests_gui_google_B_Search_FlatTest_SHAFT_navigateToGoogleHomeAndAssertGoogleLogoIsDisplayed_By_xpath_img_id_hplogo_or_alt_Google.png"]. @31-08-2021 12:58:03.0419 PM
[ReportManager] File Action [GetAbsolutePath] successfully performed. With the following test data [Relative Folder Path: "src/test/resources/DynamicObjectRepository/tests_gui_google_B_Search_FlatTest_SHAFT_navigateToGoogleHomeAndAssertGoogleLogoIsDisplayed_By_xpath_img_id_hplogo_or_alt_Google.png"]. @31-08-2021 12:58:03.0419 PM
[ReportManager] File Action [ReadFromImageFile] successfully performed. With the following test data [File Path: "/home/runner/work/using_SHAFT_ENGINE/using_SHAFT_ENGINE/src/test/resources/DynamicObjectRepository/tests_gui_google_B_Search_FlatTest_SHAFT_navigateToGoogleHomeAndAssertGoogleLogoIsDisplayed_By_xpath_img_id_hplogo_or_alt_Google.png"]. @31-08-2021 12:58:03.0420 PM
[ReportManager] Assertion Failed: Asserting that the Google logo is displayed @31-08-2021 12:58:29.0184 PM
[ReportManager] Successfully created attachment [Validation Test Data - Reference Screenshot] @31-08-2021 12:58:29.0185 PM
[ReportManager] Successfully created attachment [Validation Test Data - Actual Screenshot] @31-08-2021 12:58:29.0185 PM
[ReportManager] Assertion [ValidateElementMatches] FAILED. Expected [Element should match the reference screenshot] and Actual [ELEMENT NOT FOUND]. Comparison Type [EXACT_OPENCV]. Validation Type [POSITIVE]. @31-08-2021 12:58:29.0185 P
[ReportManager] Successfully created attachment [Selenium WebDriver Logs - server] @31-08-2021 12:58:29.0287 PM
[ReportManager] Successfully created attachment [Selenium WebDriver Logs - performance] @31-08-2021 12:58:29.0337 PM
[ReportManager] Successfully created attachment [Selenium WebDriver Logs - browser] @31-08-2021 12:58:29.0358 PM
[ReportManager] Successfully created attachment [Selenium WebDriver Logs - driver] @31-08-2021 12:58:29.0479 PM
[ReportManager] Browser Action [CloseCurrentWindow] successfully performed. @31-08-2021 12:58:29.0540 PM
[ReportManager] Successfully created attachment [Browser Action Test Data - CloseCurrentWindow - Actual Value] @31-08-2021 12:58:29.0542 P
[ReportManager] File Action [GetAbsolutePath] successfully performed. With the following test data [Relative Folder Path: "target/downloadedFiles/"]. @31-08-2021 12:58:29.0546 PM
[ReportManager] Attempting to run remotely on: [Linux-64], [GoogleChrome], [http://localhost:4444/wd/hub], Headless Execution. @31-08-2021 12:58:29.0547 PM
[ReportManager] Successfully Opened [GoogleChrome]. @31-08-2021 12:58:29.0894 PM
[ReportManager] Target URL: [https://www.google.com/ncr], and after redirection: [https://www.google.com] @31-08-2021 12:58:29.0913 PM
[ReportManager] Initial URL: [data:,] @31-08-2021 12:58:29.0966 PM
[ReportManager] Browser Action [NavigateToURL] successfully performed. With the following test data [https://www.google.com/ncr]. @31-08-2021 12:58:31.0181 P

################################################################################################################################################
Starting Execution:	[22 out of 23] test cases in the current suite
Test Method:		[tests.gui.google.B_Search_FlatTest_SHAFT.navigateToGoogleHomeAndAssertPageTitle]
################################################################################################################################################
[ReportManager] Browser Action [GetCurrentWindowTitle] successfully performed. With the following test data [Google]. @31-08-2021 12:58:31.0227 PM
[ReportManager] Assertion Passed: Asserting that the page title is Google @31-08-2021 12:58:31.0377 PM
[ReportManager] Successfully created attachment [Screenshot - 1630414711334_navigateToGoogleHomeAndAssertPageTitle_ValidateBrowserAttribute_passed] @31-08-2021 12:58:31.0378 PM
[ReportManager] Assertion [ValidateBrowserAttribute] PASSED. Expected [Value Should be 'Google' for the 'Title' attribute] and Actual [Google]. Comparison Type [EQUALS]. Validation Type [POSITIVE]. @31-08-2021 12:58:31.0378 P
[ReportManager] Successfully created attachment [Selenium WebDriver Logs - server] @31-08-2021 12:58:31.0487 PM
[ReportManager] Successfully created attachment [Selenium WebDriver Logs - performance] @31-08-2021 12:58:31.0542 PM
[ReportManager] Successfully created attachment [Selenium WebDriver Logs - browser] @31-08-2021 12:58:31.0553 PM
[ReportManager] Successfully created attachment [Selenium WebDriver Logs - driver] @31-08-2021 12:58:31.0640 PM
[ReportManager] Browser Action [CloseCurrentWindow] successfully performed. @31-08-2021 12:58:31.0697 PM
[ReportManager] Successfully created attachment [Browser Action Test Data - CloseCurrentWindow - Actual Value] @31-08-2021 12:58:31.0699 P
[ReportManager] File Action [GetAbsolutePath] successfully performed. With the following test data [Relative Folder Path: "target/downloadedFiles/"]. @31-08-2021 12:58:31.0714 PM
[ReportManager] Attempting to run remotely on: [Linux-64], [GoogleChrome], [http://localhost:4444/wd/hub], Headless Execution. @31-08-2021 12:58:31.0714 PM
[ReportManager] Successfully Opened [GoogleChrome]. @31-08-2021 12:58:32.0027 PM
[ReportManager] Target URL: [https://www.google.com/ncr], and after redirection: [https://www.google.com] @31-08-2021 12:58:32.0052 PM
[ReportManager] Initial URL: [data:,] @31-08-2021 12:58:32.0114 PM
[ReportManager] Browser Action [NavigateToURL] successfully performed. With the following test data [https://www.google.com/ncr]. @31-08-2021 12:58:33.0428 P

################################################################################################################################################
Starting Execution:	[23 out of 23] test cases in the current suite
Test Method:		[tests.gui.google.B_Search_FlatTest_SHAFT.searchForQueryAndAssertFirstResultTextIsCorrect]
################################################################################################################################################
[ReportManager] Element Action [Type] successfully performed. With the following test data [SHAFT_Engine]. @31-08-2021 12:58:34.0369 PM
[ReportManager] Element Action [KeyPress] successfully performed. With the following test data [ENTER]. @31-08-2021 12:58:35.0872 PM
[ReportManager] Element Action [GetText] successfully performed. With the following test data [SHAFT_ENGINE is a Test Automation Engine that ... - GitHub]. @31-08-2021 12:58:35.0985 PM
[ReportManager] Loaded Shared OpenCV @31-08-2021 12:58:36.0175 PM
[ReportManager] Assertion Failed: Asserting that the correct first result is displayed @31-08-2021 12:58:36.0247 PM
[ReportManager] Successfully created attachment [Screenshot - 1630414716175_searchForQueryAndAssertFirstResultTextIsCorrect_ValidateElementAttribute_failed] @31-08-2021 12:58:36.0248 PM
[ReportManager] Assertion [ValidateElementAttribute] FAILED. Expected [Value Should be 'MohabMohie' for the 'Text' attribute, element locator 'By.xpath: (//h1[contains(text(),'Search Result')]/following-sibling::div//a/h3)[1]'] and Actual [SHAFT_ENGINE is a Test Automation Engine that ... - GitHub]. Comparison Type [CONTAINS]. Validation Type [POSITIVE]. @31-08-2021 12:58:36.0248 P
[ReportManager] Successfully created attachment [Selenium WebDriver Logs - server] @31-08-2021 12:58:36.0448 PM
[ReportManager] Successfully created attachment [Selenium WebDriver Logs - performance] @31-08-2021 12:58:36.0696 PM
[ReportManager] Successfully created attachment [Selenium WebDriver Logs - browser] @31-08-2021 12:58:36.0704 PM
[ReportManager] Successfully created attachment [Selenium WebDriver Logs - driver] @31-08-2021 12:58:36.0973 PM
[ReportManager] Browser Action [CloseCurrentWindow] successfully performed. @31-08-2021 12:58:37.0032 PM
[ReportManager] Successfully created attachment [Browser Action Test Data - CloseCurrentWindow - Actual Value] @31-08-2021 12:58:37.0034 P

################################################################################################################################################
Test Closure Activities
################################################################################################################################################
[ReportManager] Successfully created attachment [SHAFT Engine Logs - Execution log] @31-08-2021 12:58:37.0056 PM

################################################################################################################################################
This test run was powered by SHAFT Engine Version: [SHAFT Engine v5.3.20210822]
SHAFT Engine is licensed under the MIT License: [https://github.com/MohabMohie/SHAFT_ENGINE/blob/master/LICENSE].
################################################################################################################################################