################################################################################################################################################
Detected SHAFT Engine Version: [SHAFT Engine v5.3.20210902]
################################################################################################################################################

################################################################################################################################################
Starting Execution:	[1 out of 23] test cases in the current suite
Test Method:		[tests.cli.demo.cliTest.sampleTestCase]
################################################################################################################################################
[ReportManager] Attempting to perform the following command locally. Command: [ls] @02-10-2021 06:36:54.0757 AM
[ReportManager] Terminal Action [PerformTerminalCommands] successfully performed. With the following test data [Host Name: "localHost" | Command: "ls" | Exit Status: "0"]. @02-10-2021 06:36:54.0776 AM
[ReportManager] Successfully created attachment [Terminal Action Actual Result - Command Log] @02-10-2021 06:36:54.0787 AM
[ReportManager] Assertion Passed: Demoing local terminal actions @02-10-2021 06:36:54.0801 AM
[ReportManager] Assertion [ValidateEquals] PASSED. Expected [pom.xml] and Actual [LICENSE
README.md
allure-results
docker-compose_native.yml
docker-compose_zalenium.yml
extent-reports
pom.xml
readMeImgs
src
target]. Comparison Type [CONTAINS]. Validation Type [POSITIVE]. @02-10-2021 06:36:54.0801 A

################################################################################################################################################
Starting Execution:	[2 out of 23] test cases in the current suite
Test Method:		[tests.api.users.UserData.validateUserEmail]
################################################################################################################################################
[ReportManager] Response status code: [200], status line: [HTTP/1.1 200 OK] @02-10-2021 06:36:57.0731 AM
[ReportManager] Assertion Passed: Evaluating the actual response status code against the expected one... @02-10-2021 06:36:57.0731 AM
[ReportManager] Assertion [ValidateEquals] PASSED. Expected [200] and Actual [200]. Comparison Type [EQUALS]. Validation Type [POSITIVE]. @02-10-2021 06:36:57.0732 AM
[ReportManager] API Action [PerformRequest] successfully performed. With the following test data [Request Type: "GET" | Target Status Code: "200" | Service URL: "https://jsonplaceholder.typicode.com/users" | Content Type: "*/*" | Response Time: "1128ms"]. @02-10-2021 06:36:58.0932 AM
[ReportManager] Successfully created attachment [API Request - Specifications] @02-10-2021 06:36:58.0932 AM
[ReportManager] Successfully created attachment [API Response - JSON Body] @02-10-2021 06:36:59.0328 AM
[ReportManager] Assertion [ValidateEquals] PASSED. Expected and Actual values are attached. Comparison Type [CONTAINS]. Validation Type [POSITIVE]. @02-10-2021 06:36:59.0330 AM
[ReportManager] Successfully created attachment [Validation Test Data - Expected Value] @02-10-2021 06:36:59.0330 AM
[ReportManager] Successfully created attachment [Validation Test Data - Actual Value] @02-10-2021 06:36:59.0332 AM
[ReportManager] API Action [GetResponseJSONValueAsList] successfully performed. With the following test data [$]. @02-10-2021 06:36:59.0355 AM
[ReportManager] API Action [GetResponseJSONValue] successfully performed. With the following test data [name]. @02-10-2021 06:36:59.0385 AM
[ReportManager] API Action [GetResponseJSONValue] successfully performed. With the following test data [email]. @02-10-2021 06:36:59.0417 AM
[ReportManager] Assertion [ValidateEquals] PASSED. Expected [Sincere@april.biz] and Actual [Sincere@april.biz]. Comparison Type [EQUALS]. Validation Type [POSITIVE]. @02-10-2021 06:36:59.0418 AM
[ReportManager] API Action [GetResponseJSONValue] successfully performed. With the following test data [name]. @02-10-2021 06:36:59.0446 AM
[ReportManager] API Action [GetResponseJSONValue] successfully performed. With the following test data [name]. @02-10-2021 06:36:59.0463 AM
[ReportManager] API Action [GetResponseJSONValue] successfully performed. With the following test data [name]. @02-10-2021 06:36:59.0475 AM
[ReportManager] API Action [GetResponseJSONValue] successfully performed. With the following test data [name]. @02-10-2021 06:36:59.0486 AM
[ReportManager] API Action [GetResponseJSONValue] successfully performed. With the following test data [name]. @02-10-2021 06:36:59.0498 AM
[ReportManager] API Action [GetResponseJSONValue] successfully performed. With the following test data [name]. @02-10-2021 06:36:59.0509 AM
[ReportManager] API Action [GetResponseJSONValue] successfully performed. With the following test data [name]. @02-10-2021 06:36:59.0524 AM
[ReportManager] API Action [GetResponseJSONValue] successfully performed. With the following test data [name]. @02-10-2021 06:36:59.0536 AM
[ReportManager] API Action [GetResponseJSONValue] successfully performed. With the following test data [name]. @02-10-2021 06:36:59.0553 A
[ReportManager] File Action [GetAbsolutePath] successfully performed. With the following test data [Relative Folder Path: "target/downloadedFiles/"]. @02-10-2021 06:36:59.0578 AM
[ReportManager] Attempting to run remotely on: [Linux-64], [GoogleChrome], [http://localhost:4444/wd/hub], Headless Execution. @02-10-2021 06:36:59.0610 AM
[ReportManager] Successfully Opened [GoogleChrome]. @02-10-2021 06:37:00.0988 AM
[ReportManager] Target URL: [https://www.google.com/ncr], and after redirection: [https://www.google.com] @02-10-2021 06:37:01.0054 AM
[ReportManager] Initial URL: [data:,] @02-10-2021 06:37:01.0180 AM
[ReportManager] Browser Action [NavigateToURL] successfully performed. With the following test data [https://www.google.com/ncr]. @02-10-2021 06:37:02.0782 A

################################################################################################################################################
Starting Execution:	[3 out of 23] test cases in the current suite
Test Method:		[tests.gui.google.C_Search_PageObjectModel_Traditional.navigateToGoogleHomeAndAssertGoogleLogoIsDisplayed]
################################################################################################################################################
[ReportManager] Element Action [IdentifyUniqueElement] failed. With the following test data [zero elements found matching this locator "By.xpath: //img[@id='hplogo' or @alt='Google']".]. @02-10-2021 06:37:28.0741 AM
[ReportManager] Successfully created attachment [Screenshot - 1633156648524_navigateToGoogleHomeAndAssertGoogleLogoIsDisplayed_IdentifyUniqueElement_failed] @02-10-2021 06:37:28.0749 A
[ReportManager] Successfully created attachment [Selenium WebDriver Logs - server] @02-10-2021 06:37:28.0901 AM
[ReportManager] Successfully created attachment [Selenium WebDriver Logs - performance] @02-10-2021 06:37:28.0987 AM
[ReportManager] Successfully created attachment [Selenium WebDriver Logs - browser] @02-10-2021 06:37:29.0000 AM
[ReportManager] Successfully created attachment [Selenium WebDriver Logs - driver] @02-10-2021 06:37:29.0208 AM
[ReportManager] Browser Action [CloseCurrentWindow] successfully performed. @02-10-2021 06:37:29.0275 AM
[ReportManager] Successfully created attachment [Browser Action Test Data - CloseCurrentWindow - Actual Value] @02-10-2021 06:37:29.0283 A
[ReportManager] File Action [GetAbsolutePath] successfully performed. With the following test data [Relative Folder Path: "target/downloadedFiles/"]. @02-10-2021 06:37:29.0307 AM
[ReportManager] Attempting to run remotely on: [Linux-64], [GoogleChrome], [http://localhost:4444/wd/hub], Headless Execution. @02-10-2021 06:37:29.0307 AM
[ReportManager] Successfully Opened [GoogleChrome]. @02-10-2021 06:37:30.0047 AM
[ReportManager] Target URL: [https://www.google.com/ncr], and after redirection: [https://www.google.com] @02-10-2021 06:37:30.0092 AM
[ReportManager] Initial URL: [data:,] @02-10-2021 06:37:30.0167 AM
[ReportManager] Browser Action [NavigateToURL] successfully performed. With the following test data [https://www.google.com/ncr]. @02-10-2021 06:37:31.0292 A

################################################################################################################################################
Starting Execution:	[4 out of 23] test cases in the current suite
Test Method:		[tests.gui.google.C_Search_PageObjectModel_Traditional.navigateToGoogleHomeAndAssertPageTitle]
################################################################################################################################################
[ReportManager] Browser Action [GetCurrentWindowTitle] successfully performed. With the following test data [Google]. @02-10-2021 06:37:31.0352 AM
[ReportManager] Assertion Passed: Asserting that the page title is Google @02-10-2021 06:37:31.0353 AM
[ReportManager] Assertion [ValidateEquals] PASSED. Expected [Google] and Actual [Google]. Comparison Type [EQUALS]. Validation Type [POSITIVE]. @02-10-2021 06:37:31.0353 A
[ReportManager] Successfully created attachment [Selenium WebDriver Logs - server] @02-10-2021 06:37:31.0483 AM
[ReportManager] Successfully created attachment [Selenium WebDriver Logs - performance] @02-10-2021 06:37:31.0549 AM
[ReportManager] Successfully created attachment [Selenium WebDriver Logs - browser] @02-10-2021 06:37:31.0561 AM
[ReportManager] Successfully created attachment [Selenium WebDriver Logs - driver] @02-10-2021 06:37:31.0681 AM
[ReportManager] Browser Action [CloseCurrentWindow] successfully performed. @02-10-2021 06:37:31.0749 AM
[ReportManager] Successfully created attachment [Browser Action Test Data - CloseCurrentWindow - Actual Value] @02-10-2021 06:37:31.0752 A
[ReportManager] File Action [GetAbsolutePath] successfully performed. With the following test data [Relative Folder Path: "target/downloadedFiles/"]. @02-10-2021 06:37:31.0763 AM
[ReportManager] Attempting to run remotely on: [Linux-64], [GoogleChrome], [http://localhost:4444/wd/hub], Headless Execution. @02-10-2021 06:37:31.0764 AM
[ReportManager] Successfully Opened [GoogleChrome]. @02-10-2021 06:37:32.0495 AM
[ReportManager] Target URL: [https://www.google.com/ncr], and after redirection: [https://www.google.com] @02-10-2021 06:37:32.0515 AM
[ReportManager] Initial URL: [data:,] @02-10-2021 06:37:32.0603 AM
[ReportManager] Browser Action [NavigateToURL] successfully performed. With the following test data [https://www.google.com/ncr]. @02-10-2021 06:37:33.0711 A

################################################################################################################################################
Starting Execution:	[5 out of 23] test cases in the current suite
Test Method:		[tests.gui.google.C_Search_PageObjectModel_Traditional.searchForQueryAndAssertFirstResultTextIsCorrect]
################################################################################################################################################
[ReportManager] Element Action [Type] successfully performed. With the following test data [SHAFT_Engine]. @02-10-2021 06:37:34.0476 AM
[ReportManager] Element Action [KeyPress] successfully performed. With the following test data [ENTER]. @02-10-2021 06:37:36.0220 AM
[ReportManager] Element Action [GetText] successfully performed. With the following test data [SHAFT_ENGINE is a Test Automation Engine that ... - GitHub]. @02-10-2021 06:37:36.0341 AM
[ReportManager] Assertion Failed: Asserting that the correct first result is displayed @02-10-2021 06:37:36.0343 AM
[ReportManager] Assertion [ValidateEquals] FAILED. Expected [MohabMohie] and Actual [SHAFT_ENGINE is a Test Automation Engine that ... - GitHub]. Comparison Type [CONTAINS]. Validation Type [POSITIVE]. @02-10-2021 06:37:36.0343 A
[ReportManager] Successfully created attachment [Selenium WebDriver Logs - server] @02-10-2021 06:37:36.0625 AM
[ReportManager] Successfully created attachment [Selenium WebDriver Logs - performance] @02-10-2021 06:37:36.0930 AM
[ReportManager] Successfully created attachment [Selenium WebDriver Logs - browser] @02-10-2021 06:37:36.0960 AM
[ReportManager] Successfully created attachment [Selenium WebDriver Logs - driver] @02-10-2021 06:37:37.0328 AM
[ReportManager] Browser Action [CloseCurrentWindow] successfully performed. @02-10-2021 06:37:37.0399 AM
[ReportManager] Successfully created attachment [Browser Action Test Data - CloseCurrentWindow - Actual Value] @02-10-2021 06:37:37.0408 A
[ReportManager] Successfully loaded the following test data file [src/test/resources/TestDataFiles/Google/SimpleSearch.xlsx]. @02-10-2021 06:37:38.0181 AM
[ReportManager] Successfully created attachment [Test Data - Excel] @02-10-2021 06:37:38.0181 A
[ReportManager] File Action [GetAbsolutePath] successfully performed. With the following test data [Relative Folder Path: "target/downloadedFiles/"]. @02-10-2021 06:37:38.0182 AM
[ReportManager] Attempting to run remotely on: [Linux-64], [GoogleChrome], [http://localhost:4444/wd/hub], Headless Execution. @02-10-2021 06:37:38.0183 AM
[ReportManager] Successfully Opened [GoogleChrome]. @02-10-2021 06:37:38.0968 AM
[ReportManager] Target URL: [https://www.google.com/ncr], and after redirection: [https://www.google.com] @02-10-2021 06:37:39.0016 AM
[ReportManager] Initial URL: [data:,] @02-10-2021 06:37:39.0075 AM
[ReportManager] Browser Action [NavigateToURL] successfully performed. With the following test data [https://www.google.com/ncr]. @02-10-2021 06:37:42.0177 A

################################################################################################################################################
Starting Execution:	[6 out of 23] test cases in the current suite
Test Method:		[tests.gui.google.E_Search_PageObjectModel_Traditional_SHAFTAssertions.navigateToGoogleHomeAndAssertGoogleLogoIsDisplayed]
################################################################################################################################################
[ReportManager] File Action [DoesFileExist] successfully performed. With the following test data [File Path: "src/test/resources/DynamicObjectRepository/tests_gui_google_E_Search_PageObjectModel_Traditional_SHAFTAssertions_navigateToGoogleHomeAndAssertGoogleLogoIsDisplayed_By_xpath_img_id_hplogo_or_alt_Google.png"]. @02-10-2021 06:37:42.0200 AM
[ReportManager] File Action [GetAbsolutePath] successfully performed. With the following test data [Relative Folder Path: "src/test/resources/DynamicObjectRepository/tests_gui_google_E_Search_PageObjectModel_Traditional_SHAFTAssertions_navigateToGoogleHomeAndAssertGoogleLogoIsDisplayed_By_xpath_img_id_hplogo_or_alt_Google.png"]. @02-10-2021 06:37:42.0201 AM
[ReportManager] File Action [ReadFromImageFile] successfully performed. With the following test data [File Path: "/home/runner/work/using_SHAFT_ENGINE/using_SHAFT_ENGINE/src/test/resources/DynamicObjectRepository/tests_gui_google_E_Search_PageObjectModel_Traditional_SHAFTAssertions_navigateToGoogleHomeAndAssertGoogleLogoIsDisplayed_By_xpath_img_id_hplogo_or_alt_Google.png"]. @02-10-2021 06:37:42.0201 AM
[ReportManager] Assertion Failed: Asserting that the Google logo is displayed @02-10-2021 06:38:08.0064 AM
[ReportManager] Successfully created attachment [Validation Test Data - Reference Screenshot] @02-10-2021 06:38:08.0065 AM
[ReportManager] Successfully created attachment [Validation Test Data - Actual Screenshot] @02-10-2021 06:38:08.0065 AM
[ReportManager] Assertion [ValidateElementMatches] FAILED. Expected [Element should match the reference screenshot] and Actual [ELEMENT NOT FOUND]. Comparison Type [EXACT_OPENCV]. Validation Type [POSITIVE]. @02-10-2021 06:38:08.0065 A
[ReportManager] Successfully created attachment [Selenium WebDriver Logs - server] @02-10-2021 06:38:08.0212 AM
[ReportManager] Successfully created attachment [Selenium WebDriver Logs - performance] @02-10-2021 06:38:08.0264 AM
[ReportManager] Successfully created attachment [Selenium WebDriver Logs - browser] @02-10-2021 06:38:08.0278 AM
[ReportManager] Successfully created attachment [Selenium WebDriver Logs - driver] @02-10-2021 06:38:08.0392 AM
[ReportManager] Browser Action [CloseCurrentWindow] successfully performed. @02-10-2021 06:38:08.0454 AM
[ReportManager] Successfully created attachment [Browser Action Test Data - CloseCurrentWindow - Actual Value] @02-10-2021 06:38:08.0456 A
[ReportManager] File Action [GetAbsolutePath] successfully performed. With the following test data [Relative Folder Path: "target/downloadedFiles/"]. @02-10-2021 06:38:08.0463 AM
[ReportManager] Attempting to run remotely on: [Linux-64], [GoogleChrome], [http://localhost:4444/wd/hub], Headless Execution. @02-10-2021 06:38:08.0463 AM
[ReportManager] Successfully Opened [GoogleChrome]. @02-10-2021 06:38:08.0756 AM
[ReportManager] Target URL: [https://www.google.com/ncr], and after redirection: [https://www.google.com] @02-10-2021 06:38:08.0776 AM
[ReportManager] Initial URL: [data:,] @02-10-2021 06:38:08.0848 AM
[ReportManager] Browser Action [NavigateToURL] successfully performed. With the following test data [https://www.google.com/ncr]. @02-10-2021 06:38:09.0903 A

################################################################################################################################################
Starting Execution:	[7 out of 23] test cases in the current suite
Test Method:		[tests.gui.google.E_Search_PageObjectModel_Traditional_SHAFTAssertions.navigateToGoogleHomeAndAssertPageTitle]
################################################################################################################################################
[ReportManager] Browser Action [GetCurrentWindowTitle] successfully performed. With the following test data [Google]. @02-10-2021 06:38:09.0950 AM
[ReportManager] Assertion Passed: Asserting that the page title is Google @02-10-2021 06:38:10.0115 AM
[ReportManager] Successfully created attachment [Screenshot - 1633156690068_navigateToGoogleHomeAndAssertPageTitle_ValidateBrowserAttribute_passed] @02-10-2021 06:38:10.0118 AM
[ReportManager] Assertion [ValidateBrowserAttribute] PASSED. Expected [Value Should be 'Google' for the 'Title' attribute] and Actual [Google]. Comparison Type [EQUALS]. Validation Type [POSITIVE]. @02-10-2021 06:38:10.0118 A
[ReportManager] Successfully created attachment [Selenium WebDriver Logs - server] @02-10-2021 06:38:10.0233 AM
[ReportManager] Successfully created attachment [Selenium WebDriver Logs - performance] @02-10-2021 06:38:10.0292 AM
[ReportManager] Successfully created attachment [Selenium WebDriver Logs - browser] @02-10-2021 06:38:10.0303 AM
[ReportManager] Successfully created attachment [Selenium WebDriver Logs - driver] @02-10-2021 06:38:10.0394 AM
[ReportManager] Browser Action [CloseCurrentWindow] successfully performed. @02-10-2021 06:38:10.0456 AM
[ReportManager] Successfully created attachment [Browser Action Test Data - CloseCurrentWindow - Actual Value] @02-10-2021 06:38:10.0457 A
[ReportManager] File Action [GetAbsolutePath] successfully performed. With the following test data [Relative Folder Path: "target/downloadedFiles/"]. @02-10-2021 06:38:10.0467 AM
[ReportManager] Attempting to run remotely on: [Linux-64], [GoogleChrome], [http://localhost:4444/wd/hub], Headless Execution. @02-10-2021 06:38:10.0467 AM
[ReportManager] Successfully Opened [GoogleChrome]. @02-10-2021 06:38:10.0755 AM
[ReportManager] Target URL: [https://www.google.com/ncr], and after redirection: [https://www.google.com] @02-10-2021 06:38:10.0775 AM
[ReportManager] Initial URL: [data:,] @02-10-2021 06:38:10.0830 AM
[ReportManager] Browser Action [NavigateToURL] successfully performed. With the following test data [https://www.google.com/ncr]. @02-10-2021 06:38:11.0861 A

################################################################################################################################################
Starting Execution:	[8 out of 23] test cases in the current suite
Test Method:		[tests.gui.google.E_Search_PageObjectModel_Traditional_SHAFTAssertions.searchForQueryAndAssertFirstResultTextIsCorrect]
################################################################################################################################################
[ReportManager] Element Action [Type] successfully performed. With the following test data [SHAFT_Engine]. @02-10-2021 06:38:12.0771 AM
[ReportManager] Element Action [KeyPress] successfully performed. With the following test data [ENTER]. @02-10-2021 06:38:14.0598 AM
[ReportManager] Element Action [GetText] successfully performed. With the following test data [SHAFT_ENGINE is a Test Automation Engine that ... - GitHub]. @02-10-2021 06:38:14.0720 AM
[ReportManager] Loaded Shared OpenCV @02-10-2021 06:38:15.0389 AM
[ReportManager] Assertion Failed: Asserting that the correct first result is displayed @02-10-2021 06:38:15.0516 AM
[ReportManager] Successfully created attachment [Screenshot - 1633156694944_searchForQueryAndAssertFirstResultTextIsCorrect_ValidateElementAttribute_failed] @02-10-2021 06:38:15.0520 AM
[ReportManager] Assertion [ValidateElementAttribute] FAILED. Expected [Value Should be 'MohabMohie' for the 'Text' attribute, element locator 'By.xpath: (//h1[contains(text(),'Search Result')]/following-sibling::div//a/h3)[1]'] and Actual [SHAFT_ENGINE is a Test Automation Engine that ... - GitHub]. Comparison Type [CONTAINS]. Validation Type [POSITIVE]. @02-10-2021 06:38:15.0520 A
[ReportManager] Successfully created attachment [Selenium WebDriver Logs - server] @02-10-2021 06:38:15.0744 AM
[ReportManager] Successfully created attachment [Selenium WebDriver Logs - performance] @02-10-2021 06:38:16.0010 AM
[ReportManager] Successfully created attachment [Selenium WebDriver Logs - browser] @02-10-2021 06:38:16.0023 AM
[ReportManager] Successfully created attachment [Selenium WebDriver Logs - driver] @02-10-2021 06:38:16.0395 AM
[ReportManager] Browser Action [CloseCurrentWindow] successfully performed. @02-10-2021 06:38:16.0464 AM
[ReportManager] Successfully created attachment [Browser Action Test Data - CloseCurrentWindow - Actual Value] @02-10-2021 06:38:16.0475 A
[ReportManager] File Action [GetAbsolutePath] successfully performed. With the following test data [Relative Folder Path: "target/downloadedFiles/"]. @02-10-2021 06:38:16.0499 AM
[ReportManager] Attempting to run remotely on: [Linux-64], [GoogleChrome], [http://localhost:4444/wd/hub], Headless Execution. @02-10-2021 06:38:16.0499 AM
[ReportManager] Successfully Opened [GoogleChrome]. @02-10-2021 06:38:16.0806 AM
[ReportManager] Target URL: [https://www.google.com/ncr], and after redirection: [https://www.google.com] @02-10-2021 06:38:16.0822 AM
[ReportManager] Initial URL: [data:,] @02-10-2021 06:38:16.0879 AM
[ReportManager] Browser Action [NavigateToURL] successfully performed. With the following test data [https://www.google.com/ncr]. @02-10-2021 06:38:17.0948 A

################################################################################################################################################
Starting Execution:	[9 out of 23] test cases in the current suite
Test Method:		[tests.gui.google.B_Search_FlatTest_SHAFT.navigateToGoogleHomeAndAssertGoogleLogoIsDisplayed]
################################################################################################################################################
[ReportManager] File Action [DoesFileExist] successfully performed. With the following test data [File Path: "src/test/resources/DynamicObjectRepository/tests_gui_google_B_Search_FlatTest_SHAFT_navigateToGoogleHomeAndAssertGoogleLogoIsDisplayed_By_xpath_img_id_hplogo_or_alt_Google.png"]. @02-10-2021 06:38:17.0957 AM
[ReportManager] File Action [GetAbsolutePath] successfully performed. With the following test data [Relative Folder Path: "src/test/resources/DynamicObjectRepository/tests_gui_google_B_Search_FlatTest_SHAFT_navigateToGoogleHomeAndAssertGoogleLogoIsDisplayed_By_xpath_img_id_hplogo_or_alt_Google.png"]. @02-10-2021 06:38:17.0957 AM
[ReportManager] File Action [ReadFromImageFile] successfully performed. With the following test data [File Path: "/home/runner/work/using_SHAFT_ENGINE/using_SHAFT_ENGINE/src/test/resources/DynamicObjectRepository/tests_gui_google_B_Search_FlatTest_SHAFT_navigateToGoogleHomeAndAssertGoogleLogoIsDisplayed_By_xpath_img_id_hplogo_or_alt_Google.png"]. @02-10-2021 06:38:17.0957 AM
[ReportManager] Assertion Failed: Asserting that the Google logo is displayed @02-10-2021 06:38:43.0784 AM
[ReportManager] Successfully created attachment [Validation Test Data - Reference Screenshot] @02-10-2021 06:38:43.0785 AM
[ReportManager] Successfully created attachment [Validation Test Data - Actual Screenshot] @02-10-2021 06:38:43.0785 AM
[ReportManager] Assertion [ValidateElementMatches] FAILED. Expected [Element should match the reference screenshot] and Actual [ELEMENT NOT FOUND]. Comparison Type [EXACT_OPENCV]. Validation Type [POSITIVE]. @02-10-2021 06:38:43.0786 A
[ReportManager] Successfully created attachment [Selenium WebDriver Logs - server] @02-10-2021 06:38:43.0893 AM
[ReportManager] Successfully created attachment [Selenium WebDriver Logs - performance] @02-10-2021 06:38:43.0943 AM
[ReportManager] Successfully created attachment [Selenium WebDriver Logs - browser] @02-10-2021 06:38:43.0955 AM
[ReportManager] Successfully created attachment [Selenium WebDriver Logs - driver] @02-10-2021 06:38:44.0049 AM
[ReportManager] Browser Action [CloseCurrentWindow] successfully performed. @02-10-2021 06:38:44.0120 AM
[ReportManager] Successfully created attachment [Browser Action Test Data - CloseCurrentWindow - Actual Value] @02-10-2021 06:38:44.0121 A
[ReportManager] File Action [GetAbsolutePath] successfully performed. With the following test data [Relative Folder Path: "target/downloadedFiles/"]. @02-10-2021 06:38:44.0124 AM
[ReportManager] Attempting to run remotely on: [Linux-64], [GoogleChrome], [http://localhost:4444/wd/hub], Headless Execution. @02-10-2021 06:38:44.0124 AM
[ReportManager] Successfully Opened [GoogleChrome]. @02-10-2021 06:38:44.0439 AM
[ReportManager] Target URL: [https://www.google.com/ncr], and after redirection: [https://www.google.com] @02-10-2021 06:38:44.0460 AM
[ReportManager] Initial URL: [data:,] @02-10-2021 06:38:44.0520 AM
[ReportManager] Browser Action [NavigateToURL] successfully performed. With the following test data [https://www.google.com/ncr]. @02-10-2021 06:38:45.0534 A

################################################################################################################################################
Starting Execution:	[10 out of 23] test cases in the current suite
Test Method:		[tests.gui.google.B_Search_FlatTest_SHAFT.navigateToGoogleHomeAndAssertPageTitle]
################################################################################################################################################
[ReportManager] Browser Action [GetCurrentWindowTitle] successfully performed. With the following test data [Google]. @02-10-2021 06:38:45.0594 AM
[ReportManager] Assertion Passed: Asserting that the page title is Google @02-10-2021 06:38:45.0745 AM
[ReportManager] Successfully created attachment [Screenshot - 1633156725692_navigateToGoogleHomeAndAssertPageTitle_ValidateBrowserAttribute_passed] @02-10-2021 06:38:45.0748 AM
[ReportManager] Assertion [ValidateBrowserAttribute] PASSED. Expected [Value Should be 'Google' for the 'Title' attribute] and Actual [Google]. Comparison Type [EQUALS]. Validation Type [POSITIVE]. @02-10-2021 06:38:45.0748 A
[ReportManager] Successfully created attachment [Selenium WebDriver Logs - server] @02-10-2021 06:38:45.0847 AM
[ReportManager] Successfully created attachment [Selenium WebDriver Logs - performance] @02-10-2021 06:38:45.0895 AM
[ReportManager] Successfully created attachment [Selenium WebDriver Logs - browser] @02-10-2021 06:38:45.0911 AM
[ReportManager] Successfully created attachment [Selenium WebDriver Logs - driver] @02-10-2021 06:38:45.0997 AM
[ReportManager] Browser Action [CloseCurrentWindow] successfully performed. @02-10-2021 06:38:46.0061 AM
[ReportManager] Successfully created attachment [Browser Action Test Data - CloseCurrentWindow - Actual Value] @02-10-2021 06:38:46.0062 A
[ReportManager] File Action [GetAbsolutePath] successfully performed. With the following test data [Relative Folder Path: "target/downloadedFiles/"]. @02-10-2021 06:38:46.0067 AM
[ReportManager] Attempting to run remotely on: [Linux-64], [GoogleChrome], [http://localhost:4444/wd/hub], Headless Execution. @02-10-2021 06:38:46.0067 AM
[ReportManager] Successfully Opened [GoogleChrome]. @02-10-2021 06:38:46.0323 AM
[ReportManager] Target URL: [https://www.google.com/ncr], and after redirection: [https://www.google.com] @02-10-2021 06:38:46.0337 AM
[ReportManager] Initial URL: [data:,] @02-10-2021 06:38:46.0409 AM
[ReportManager] Browser Action [NavigateToURL] successfully performed. With the following test data [https://www.google.com/ncr]. @02-10-2021 06:38:47.0498 A

################################################################################################################################################
Starting Execution:	[11 out of 23] test cases in the current suite
Test Method:		[tests.gui.google.B_Search_FlatTest_SHAFT.searchForQueryAndAssertFirstResultTextIsCorrect]
################################################################################################################################################
[ReportManager] Element Action [Type] successfully performed. With the following test data [SHAFT_Engine]. @02-10-2021 06:38:48.0247 AM
[ReportManager] Element Action [KeyPress] successfully performed. With the following test data [ENTER]. @02-10-2021 06:38:49.0937 AM
[ReportManager] Element Action [GetText] successfully performed. With the following test data [SHAFT_ENGINE is a Test Automation Engine that ... - GitHub]. @02-10-2021 06:38:50.0041 AM
[ReportManager] Loaded Shared OpenCV @02-10-2021 06:38:50.0228 AM
[ReportManager] Assertion Failed: Asserting that the correct first result is displayed @02-10-2021 06:38:50.0304 AM
[ReportManager] Successfully created attachment [Screenshot - 1633156730227_searchForQueryAndAssertFirstResultTextIsCorrect_ValidateElementAttribute_failed] @02-10-2021 06:38:50.0306 AM
[ReportManager] Assertion [ValidateElementAttribute] FAILED. Expected [Value Should be 'MohabMohie' for the 'Text' attribute, element locator 'By.xpath: (//h1[contains(text(),'Search Result')]/following-sibling::div//a/h3)[1]'] and Actual [SHAFT_ENGINE is a Test Automation Engine that ... - GitHub]. Comparison Type [CONTAINS]. Validation Type [POSITIVE]. @02-10-2021 06:38:50.0306 A
[ReportManager] Successfully created attachment [Selenium WebDriver Logs - server] @02-10-2021 06:38:50.0564 AM
[ReportManager] Successfully created attachment [Selenium WebDriver Logs - performance] @02-10-2021 06:38:50.0772 AM
[ReportManager] Successfully created attachment [Selenium WebDriver Logs - browser] @02-10-2021 06:38:50.0793 AM
[ReportManager] Successfully created attachment [Selenium WebDriver Logs - driver] @02-10-2021 06:38:51.0044 AM
[ReportManager] Browser Action [CloseCurrentWindow] successfully performed. @02-10-2021 06:38:51.0107 AM
[ReportManager] Successfully created attachment [Browser Action Test Data - CloseCurrentWindow - Actual Value] @02-10-2021 06:38:51.0110 A
[ReportManager] Successfully loaded the following test data file [src/test/resources/TestDataFiles/Google/SimpleSearch.xlsx]. @02-10-2021 06:38:51.0180 AM
[ReportManager] Successfully created attachment [Test Data - Excel] @02-10-2021 06:38:51.0180 A
[ReportManager] File Action [GetAbsolutePath] successfully performed. With the following test data [Relative Folder Path: "target/downloadedFiles/"]. @02-10-2021 06:38:51.0187 AM
[ReportManager] Attempting to run remotely on: [Linux-64], [GoogleChrome], [http://localhost:4444/wd/hub], Headless Execution. @02-10-2021 06:38:51.0187 AM
[ReportManager] Successfully Opened [GoogleChrome]. @02-10-2021 06:38:51.0447 AM
[ReportManager] Target URL: [https://www.google.com/ncr], and after redirection: [https://www.google.com] @02-10-2021 06:38:51.0475 AM
[ReportManager] Initial URL: [data:,] @02-10-2021 06:38:51.0532 AM
[ReportManager] Browser Action [NavigateToURL] successfully performed. With the following test data [https://www.google.com/ncr]. @02-10-2021 06:38:52.0566 A

################################################################################################################################################
Starting Execution:	[12 out of 23] test cases in the current suite
Test Method:		[tests.gui.google.F_Search_PageObjectModel_Fluent.navigateToGoogleHomeAndAssertGoogleLogoIsDisplayed]
################################################################################################################################################
[ReportManager] File Action [DoesFileExist] successfully performed. With the following test data [File Path: "src/test/resources/DynamicObjectRepository/tests_gui_google_F_Search_PageObjectModel_Fluent_navigateToGoogleHomeAndAssertGoogleLogoIsDisplayed_By_xpath_img_id_hplogo_or_alt_Google.png"]. @02-10-2021 06:38:52.0568 AM
[ReportManager] File Action [GetAbsolutePath] successfully performed. With the following test data [Relative Folder Path: "src/test/resources/DynamicObjectRepository/tests_gui_google_F_Search_PageObjectModel_Fluent_navigateToGoogleHomeAndAssertGoogleLogoIsDisplayed_By_xpath_img_id_hplogo_or_alt_Google.png"]. @02-10-2021 06:38:52.0569 AM
[ReportManager] File Action [ReadFromImageFile] successfully performed. With the following test data [File Path: "/home/runner/work/using_SHAFT_ENGINE/using_SHAFT_ENGINE/src/test/resources/DynamicObjectRepository/tests_gui_google_F_Search_PageObjectModel_Fluent_navigateToGoogleHomeAndAssertGoogleLogoIsDisplayed_By_xpath_img_id_hplogo_or_alt_Google.png"]. @02-10-2021 06:38:52.0569 AM
[ReportManager] Assertion Failed: Asserting that the Google logo is displayed @02-10-2021 06:39:18.0369 AM
[ReportManager] Successfully created attachment [Validation Test Data - Reference Screenshot] @02-10-2021 06:39:18.0369 AM
[ReportManager] Successfully created attachment [Validation Test Data - Actual Screenshot] @02-10-2021 06:39:18.0370 AM
[ReportManager] Assertion [ValidateElementMatches] FAILED. Expected [Element should match the reference screenshot] and Actual [ELEMENT NOT FOUND]. Comparison Type [EXACT_OPENCV]. Validation Type [POSITIVE]. @02-10-2021 06:39:18.0370 A
[ReportManager] Successfully created attachment [Selenium WebDriver Logs - server] @02-10-2021 06:39:18.0470 AM
[ReportManager] Successfully created attachment [Selenium WebDriver Logs - performance] @02-10-2021 06:39:18.0522 AM
[ReportManager] Successfully created attachment [Selenium WebDriver Logs - browser] @02-10-2021 06:39:18.0539 AM
[ReportManager] Successfully created attachment [Selenium WebDriver Logs - driver] @02-10-2021 06:39:18.0634 AM
[ReportManager] Browser Action [CloseCurrentWindow] successfully performed. @02-10-2021 06:39:18.0692 AM
[ReportManager] Successfully created attachment [Browser Action Test Data - CloseCurrentWindow - Actual Value] @02-10-2021 06:39:18.0693 A
[ReportManager] File Action [GetAbsolutePath] successfully performed. With the following test data [Relative Folder Path: "target/downloadedFiles/"]. @02-10-2021 06:39:18.0696 AM
[ReportManager] Attempting to run remotely on: [Linux-64], [GoogleChrome], [http://localhost:4444/wd/hub], Headless Execution. @02-10-2021 06:39:18.0696 AM
[ReportManager] Successfully Opened [GoogleChrome]. @02-10-2021 06:39:18.0951 AM
[ReportManager] Target URL: [https://www.google.com/ncr], and after redirection: [https://www.google.com] @02-10-2021 06:39:18.0973 AM
[ReportManager] Initial URL: [data:,] @02-10-2021 06:39:19.0027 AM
[ReportManager] Browser Action [NavigateToURL] successfully performed. With the following test data [https://www.google.com/ncr]. @02-10-2021 06:39:20.0074 A

################################################################################################################################################
Starting Execution:	[13 out of 23] test cases in the current suite
Test Method:		[tests.gui.google.F_Search_PageObjectModel_Fluent.navigateToGoogleHomeAndAssertPageTitle]
################################################################################################################################################
[ReportManager] Browser Action [GetCurrentWindowTitle] successfully performed. With the following test data [Google]. @02-10-2021 06:39:20.0118 AM
[ReportManager] Assertion Passed: Asserting that the page title is Google @02-10-2021 06:39:20.0266 AM
[ReportManager] Successfully created attachment [Screenshot - 1633156760222_navigateToGoogleHomeAndAssertPageTitle_ValidateBrowserAttribute_passed] @02-10-2021 06:39:20.0267 AM
[ReportManager] Assertion [ValidateBrowserAttribute] PASSED. Expected [Value Should be 'Google' for the 'Title' attribute] and Actual [Google]. Comparison Type [EQUALS]. Validation Type [POSITIVE]. @02-10-2021 06:39:20.0267 A
[ReportManager] Successfully created attachment [Selenium WebDriver Logs - server] @02-10-2021 06:39:20.0356 AM
[ReportManager] Successfully created attachment [Selenium WebDriver Logs - performance] @02-10-2021 06:39:20.0399 AM
[ReportManager] Successfully created attachment [Selenium WebDriver Logs - browser] @02-10-2021 06:39:20.0407 AM
[ReportManager] Successfully created attachment [Selenium WebDriver Logs - driver] @02-10-2021 06:39:20.0485 AM
[ReportManager] Browser Action [CloseCurrentWindow] successfully performed. @02-10-2021 06:39:20.0547 AM
[ReportManager] Successfully created attachment [Browser Action Test Data - CloseCurrentWindow - Actual Value] @02-10-2021 06:39:20.0548 A
[ReportManager] File Action [GetAbsolutePath] successfully performed. With the following test data [Relative Folder Path: "target/downloadedFiles/"]. @02-10-2021 06:39:20.0551 AM
[ReportManager] Attempting to run remotely on: [Linux-64], [GoogleChrome], [http://localhost:4444/wd/hub], Headless Execution. @02-10-2021 06:39:20.0552 AM
[ReportManager] Successfully Opened [GoogleChrome]. @02-10-2021 06:39:20.0848 AM
[ReportManager] Target URL: [https://www.google.com/ncr], and after redirection: [https://www.google.com] @02-10-2021 06:39:20.0861 AM
[ReportManager] Initial URL: [data:,] @02-10-2021 06:39:20.0954 AM
[ReportManager] Browser Action [NavigateToURL] successfully performed. With the following test data [https://www.google.com/ncr]. @02-10-2021 06:39:22.0010 A

################################################################################################################################################
Starting Execution:	[14 out of 23] test cases in the current suite
Test Method:		[tests.gui.google.F_Search_PageObjectModel_Fluent.searchForQueryAndAssertFirstResultTextIsCorrect]
################################################################################################################################################
[ReportManager] Element Action [Type] successfully performed. With the following test data [SHAFT_Engine]. @02-10-2021 06:39:22.0821 AM
[ReportManager] Element Action [KeyPress] successfully performed. With the following test data [ENTER]. @02-10-2021 06:39:24.0453 AM
[ReportManager] Element Action [GetText] successfully performed. With the following test data [SHAFT_ENGINE is a Test Automation Engine that ... - GitHub]. @02-10-2021 06:39:24.0556 AM
[ReportManager] Loaded Shared OpenCV @02-10-2021 06:39:24.0760 AM
[ReportManager] Assertion Failed: Asserting that the correct first result is displayed @02-10-2021 06:39:24.0825 AM
[ReportManager] Successfully created attachment [Screenshot - 1633156764760_searchForQueryAndAssertFirstResultTextIsCorrect_ValidateElementAttribute_failed] @02-10-2021 06:39:24.0827 AM
[ReportManager] Assertion [ValidateElementAttribute] FAILED. Expected [Value Should be 'MohabMohie' for the 'Text' attribute, element locator 'By.xpath: (//h1[contains(text(),'Search Result')]/following-sibling::div//a/h3)[1]'] and Actual [SHAFT_ENGINE is a Test Automation Engine that ... - GitHub]. Comparison Type [CONTAINS]. Validation Type [POSITIVE]. @02-10-2021 06:39:24.0827 A
[ReportManager] Successfully created attachment [Selenium WebDriver Logs - server] @02-10-2021 06:39:25.0051 AM
[ReportManager] Successfully created attachment [Selenium WebDriver Logs - performance] @02-10-2021 06:39:25.0306 AM
[ReportManager] Successfully created attachment [Selenium WebDriver Logs - browser] @02-10-2021 06:39:25.0317 AM
[ReportManager] Successfully created attachment [Selenium WebDriver Logs - driver] @02-10-2021 06:39:25.0582 AM
[ReportManager] Browser Action [CloseCurrentWindow] successfully performed. @02-10-2021 06:39:25.0645 AM
[ReportManager] Successfully created attachment [Browser Action Test Data - CloseCurrentWindow - Actual Value] @02-10-2021 06:39:25.0653 A
[ReportManager] Successfully loaded the following test data file [src/test/resources/TestDataFiles/Google/SimpleSearch.xlsx]. @02-10-2021 06:39:25.0699 AM
[ReportManager] Successfully created attachment [Test Data - Excel] @02-10-2021 06:39:25.0700 A
[ReportManager] File Action [GetAbsolutePath] successfully performed. With the following test data [Relative Folder Path: "target/downloadedFiles/"]. @02-10-2021 06:39:25.0701 AM
[ReportManager] Attempting to run remotely on: [Linux-64], [GoogleChrome], [http://localhost:4444/wd/hub], Headless Execution. @02-10-2021 06:39:25.0701 AM
[ReportManager] Successfully Opened [GoogleChrome]. @02-10-2021 06:39:26.0008 AM
[ReportManager] Target URL: [https://www.google.com/ncr], and after redirection: [https://www.google.com] @02-10-2021 06:39:26.0020 AM
[ReportManager] Initial URL: [data:,] @02-10-2021 06:39:26.0074 AM
[ReportManager] Browser Action [NavigateToURL] successfully performed. With the following test data [https://www.google.com/ncr]. @02-10-2021 06:39:27.0066 A

################################################################################################################################################
Starting Execution:	[15 out of 23] test cases in the current suite
Test Method:		[tests.gui.google.G_Search_PageObjectModel_ThreadSafe.navigateToGoogleHomeAndAssertGoogleLogoIsDisplayed]
################################################################################################################################################
[ReportManager] File Action [DoesFileExist] successfully performed. With the following test data [File Path: "src/test/resources/DynamicObjectRepository/tests_gui_google_G_Search_PageObjectModel_ThreadSafe_navigateToGoogleHomeAndAssertGoogleLogoIsDisplayed_By_xpath_img_id_hplogo_or_alt_Google.png"]. @02-10-2021 06:39:27.0077 AM
[ReportManager] File Action [GetAbsolutePath] successfully performed. With the following test data [Relative Folder Path: "src/test/resources/DynamicObjectRepository/tests_gui_google_G_Search_PageObjectModel_ThreadSafe_navigateToGoogleHomeAndAssertGoogleLogoIsDisplayed_By_xpath_img_id_hplogo_or_alt_Google.png"]. @02-10-2021 06:39:27.0077 AM
[ReportManager] File Action [ReadFromImageFile] successfully performed. With the following test data [File Path: "/home/runner/work/using_SHAFT_ENGINE/using_SHAFT_ENGINE/src/test/resources/DynamicObjectRepository/tests_gui_google_G_Search_PageObjectModel_ThreadSafe_navigateToGoogleHomeAndAssertGoogleLogoIsDisplayed_By_xpath_img_id_hplogo_or_alt_Google.png"]. @02-10-2021 06:39:27.0077 AM
[ReportManager] Assertion Failed: Asserting that the Google logo is displayed @02-10-2021 06:39:52.0835 AM
[ReportManager] Successfully created attachment [Validation Test Data - Reference Screenshot] @02-10-2021 06:39:52.0836 AM
[ReportManager] Successfully created attachment [Validation Test Data - Actual Screenshot] @02-10-2021 06:39:52.0836 AM
[ReportManager] Assertion [ValidateElementMatches] FAILED. Expected [Element should match the reference screenshot] and Actual [ELEMENT NOT FOUND]. Comparison Type [EXACT_OPENCV]. Validation Type [POSITIVE]. @02-10-2021 06:39:52.0836 A
[ReportManager] Successfully created attachment [Selenium WebDriver Logs - server] @02-10-2021 06:39:52.0935 AM
[ReportManager] Successfully created attachment [Selenium WebDriver Logs - performance] @02-10-2021 06:39:52.0990 AM
[ReportManager] Successfully created attachment [Selenium WebDriver Logs - browser] @02-10-2021 06:39:52.0999 AM
[ReportManager] Successfully created attachment [Selenium WebDriver Logs - driver] @02-10-2021 06:39:53.0098 AM
[ReportManager] Browser Action [CloseCurrentWindow] successfully performed. @02-10-2021 06:39:53.0157 AM
[ReportManager] Successfully created attachment [Browser Action Test Data - CloseCurrentWindow - Actual Value] @02-10-2021 06:39:53.0158 A
[ReportManager] File Action [GetAbsolutePath] successfully performed. With the following test data [Relative Folder Path: "target/downloadedFiles/"]. @02-10-2021 06:39:53.0161 AM
[ReportManager] Attempting to run remotely on: [Linux-64], [GoogleChrome], [http://localhost:4444/wd/hub], Headless Execution. @02-10-2021 06:39:53.0161 AM
[ReportManager] Successfully Opened [GoogleChrome]. @02-10-2021 06:39:53.0428 AM
[ReportManager] Target URL: [https://www.google.com/ncr], and after redirection: [https://www.google.com] @02-10-2021 06:39:53.0443 AM
[ReportManager] Initial URL: [data:,] @02-10-2021 06:39:53.0498 AM
[ReportManager] Browser Action [NavigateToURL] successfully performed. With the following test data [https://www.google.com/ncr]. @02-10-2021 06:39:54.0559 A

################################################################################################################################################
Starting Execution:	[16 out of 23] test cases in the current suite
Test Method:		[tests.gui.google.G_Search_PageObjectModel_ThreadSafe.navigateToGoogleHomeAndAssertPageTitle]
################################################################################################################################################
[ReportManager] Browser Action [GetCurrentWindowTitle] successfully performed. With the following test data [Google]. @02-10-2021 06:39:54.0600 AM
[ReportManager] Assertion Passed: Asserting that the page title is Google @02-10-2021 06:39:54.0794 AM
[ReportManager] Successfully created attachment [Screenshot - 1633156794712_navigateToGoogleHomeAndAssertPageTitle_ValidateBrowserAttribute_passed] @02-10-2021 06:39:54.0796 AM
[ReportManager] Assertion [ValidateBrowserAttribute] PASSED. Expected [Value Should be 'Google' for the 'Title' attribute] and Actual [Google]. Comparison Type [EQUALS]. Validation Type [POSITIVE]. @02-10-2021 06:39:54.0796 A
[ReportManager] Successfully created attachment [Selenium WebDriver Logs - server] @02-10-2021 06:39:54.0906 AM
[ReportManager] Successfully created attachment [Selenium WebDriver Logs - performance] @02-10-2021 06:39:54.0959 AM
[ReportManager] Successfully created attachment [Selenium WebDriver Logs - browser] @02-10-2021 06:39:54.0968 AM
[ReportManager] Successfully created attachment [Selenium WebDriver Logs - driver] @02-10-2021 06:39:55.0053 AM
[ReportManager] Browser Action [CloseCurrentWindow] successfully performed. @02-10-2021 06:39:55.0112 AM
[ReportManager] Successfully created attachment [Browser Action Test Data - CloseCurrentWindow - Actual Value] @02-10-2021 06:39:55.0113 A
[ReportManager] File Action [GetAbsolutePath] successfully performed. With the following test data [Relative Folder Path: "target/downloadedFiles/"]. @02-10-2021 06:39:55.0116 AM
[ReportManager] Attempting to run remotely on: [Linux-64], [GoogleChrome], [http://localhost:4444/wd/hub], Headless Execution. @02-10-2021 06:39:55.0117 AM
[ReportManager] Successfully Opened [GoogleChrome]. @02-10-2021 06:39:55.0411 AM
[ReportManager] Target URL: [https://www.google.com/ncr], and after redirection: [https://www.google.com] @02-10-2021 06:39:55.0423 AM
[ReportManager] Initial URL: [data:,] @02-10-2021 06:39:55.0485 AM
[ReportManager] Browser Action [NavigateToURL] successfully performed. With the following test data [https://www.google.com/ncr]. @02-10-2021 06:39:56.0546 A

################################################################################################################################################
Starting Execution:	[17 out of 23] test cases in the current suite
Test Method:		[tests.gui.google.G_Search_PageObjectModel_ThreadSafe.searchForQueryAndAssertFirstResultTextIsCorrect]
################################################################################################################################################
[ReportManager] Element Action [Type] successfully performed. With the following test data [SHAFT_Engine]. @02-10-2021 06:39:57.0420 AM
[ReportManager] Element Action [KeyPress] successfully performed. With the following test data [ENTER]. @02-10-2021 06:39:59.0895 AM
[ReportManager] Element Action [GetText] successfully performed. With the following test data [SHAFT_ENGINE is a Test Automation Engine that ... - GitHub]. @02-10-2021 06:39:59.0985 AM
[ReportManager] Loaded Shared OpenCV @02-10-2021 06:40:00.0173 AM
[ReportManager] Assertion Failed: Asserting that the correct first result is displayed @02-10-2021 06:40:00.0241 AM
[ReportManager] Successfully created attachment [Screenshot - 1633156800173_searchForQueryAndAssertFirstResultTextIsCorrect_ValidateElementAttribute_failed] @02-10-2021 06:40:00.0242 AM
[ReportManager] Assertion [ValidateElementAttribute] FAILED. Expected [Value Should be 'MohabMohie' for the 'Text' attribute, element locator 'By.xpath: (//h1[contains(text(),'Search Result')]/following-sibling::div//a/h3)[1]'] and Actual [SHAFT_ENGINE is a Test Automation Engine that ... - GitHub]. Comparison Type [CONTAINS]. Validation Type [POSITIVE]. @02-10-2021 06:40:00.0242 A
[ReportManager] Successfully created attachment [Selenium WebDriver Logs - server] @02-10-2021 06:40:00.0462 AM
[ReportManager] Successfully created attachment [Selenium WebDriver Logs - performance] @02-10-2021 06:40:00.0692 AM
[ReportManager] Successfully created attachment [Selenium WebDriver Logs - browser] @02-10-2021 06:40:00.0701 AM
[ReportManager] Successfully created attachment [Selenium WebDriver Logs - driver] @02-10-2021 06:40:00.0987 AM
[ReportManager] Browser Action [CloseCurrentWindow] successfully performed. @02-10-2021 06:40:01.0051 AM
[ReportManager] Successfully created attachment [Browser Action Test Data - CloseCurrentWindow - Actual Value] @02-10-2021 06:40:01.0055 A



################################################################################################################################################
Starting Execution:	[18 out of 23] test cases in the current suite
Test Method:		[tests.gui.google.A_Search_FlatTest_NativeSeleniumWebDriver.navigateToGoogleHomeAndAssertGoogleLogoIsDisplayed]
###############################################################################################################################################



################################################################################################################################################
Starting Execution:	[19 out of 23] test cases in the current suite
Test Method:		[tests.gui.google.A_Search_FlatTest_NativeSeleniumWebDriver.navigateToGoogleHomeAndAssertPageTitle]
###############################################################################################################################################



################################################################################################################################################
Starting Execution:	[20 out of 23] test cases in the current suite
Test Method:		[tests.gui.google.A_Search_FlatTest_NativeSeleniumWebDriver.searchForQueryAndAssertFirstResultTextIsCorrect]
###############################################################################################################################################

[ReportManager] Successfully loaded the following test data file [src/test/resources/TestDataFiles/Google/SimpleSearch.xlsx]. @02-10-2021 06:40:03.0631 AM
[ReportManager] Successfully created attachment [Test Data - Excel] @02-10-2021 06:40:03.0631 A
[ReportManager] File Action [GetAbsolutePath] successfully performed. With the following test data [Relative Folder Path: "target/downloadedFiles/"]. @02-10-2021 06:40:03.0632 AM
[ReportManager] Attempting to run remotely on: [Linux-64], [GoogleChrome], [http://localhost:4444/wd/hub], Headless Execution. @02-10-2021 06:40:03.0633 AM
[ReportManager] Successfully Opened [GoogleChrome]. @02-10-2021 06:40:03.0926 AM
[ReportManager] Target URL: [https://www.google.com/ncr], and after redirection: [https://www.google.com] @02-10-2021 06:40:03.0941 AM
[ReportManager] Initial URL: [data:,] @02-10-2021 06:40:04.0004 AM
[ReportManager] Browser Action [NavigateToURL] successfully performed. With the following test data [https://www.google.com/ncr]. @02-10-2021 06:40:04.0998 A

################################################################################################################################################
Starting Execution:	[21 out of 23] test cases in the current suite
Test Method:		[tests.gui.google.D_Search_PageObjectModel_Traditional_DataDriven.navigateToGoogleHomeAndAssertGoogleLogoIsDisplayed]
################################################################################################################################################
[ReportManager] Element Action [IdentifyUniqueElement] failed. With the following test data [zero elements found matching this locator "By.xpath: //img[@id='hplogo' or @alt='Google']".]. @02-10-2021 06:40:30.0623 AM
[ReportManager] Successfully created attachment [Screenshot - 1633156830572_navigateToGoogleHomeAndAssertGoogleLogoIsDisplayed_IdentifyUniqueElement_failed] @02-10-2021 06:40:30.0624 A
[ReportManager] Successfully created attachment [Selenium WebDriver Logs - server] @02-10-2021 06:40:30.0726 AM
[ReportManager] Successfully created attachment [Selenium WebDriver Logs - performance] @02-10-2021 06:40:30.0774 AM
[ReportManager] Successfully created attachment [Selenium WebDriver Logs - browser] @02-10-2021 06:40:30.0783 AM
[ReportManager] Successfully created attachment [Selenium WebDriver Logs - driver] @02-10-2021 06:40:30.0903 AM
[ReportManager] Browser Action [CloseCurrentWindow] successfully performed. @02-10-2021 06:40:30.0964 AM
[ReportManager] Successfully created attachment [Browser Action Test Data - CloseCurrentWindow - Actual Value] @02-10-2021 06:40:30.0965 A
[ReportManager] File Action [GetAbsolutePath] successfully performed. With the following test data [Relative Folder Path: "target/downloadedFiles/"]. @02-10-2021 06:40:30.0969 AM
[ReportManager] Attempting to run remotely on: [Linux-64], [GoogleChrome], [http://localhost:4444/wd/hub], Headless Execution. @02-10-2021 06:40:30.0970 AM
[ReportManager] Successfully Opened [GoogleChrome]. @02-10-2021 06:40:31.0256 AM
[ReportManager] Target URL: [https://www.google.com/ncr], and after redirection: [https://www.google.com] @02-10-2021 06:40:31.0267 AM
[ReportManager] Initial URL: [data:,] @02-10-2021 06:40:31.0321 AM
[ReportManager] Browser Action [NavigateToURL] successfully performed. With the following test data [https://www.google.com/ncr]. @02-10-2021 06:40:32.0398 A

################################################################################################################################################
Starting Execution:	[22 out of 23] test cases in the current suite
Test Method:		[tests.gui.google.D_Search_PageObjectModel_Traditional_DataDriven.navigateToGoogleHomeAndAssertPageTitle]
################################################################################################################################################
[ReportManager] Browser Action [GetCurrentWindowTitle] successfully performed. With the following test data [Google]. @02-10-2021 06:40:32.0438 AM
[ReportManager] Assertion Passed: Asserting that the page title is Google @02-10-2021 06:40:32.0438 AM
[ReportManager] Assertion [ValidateEquals] PASSED. Expected [Google] and Actual [Google]. Comparison Type [EQUALS]. Validation Type [POSITIVE]. @02-10-2021 06:40:32.0438 A
[ReportManager] Successfully created attachment [Selenium WebDriver Logs - server] @02-10-2021 06:40:32.0565 AM
[ReportManager] Successfully created attachment [Selenium WebDriver Logs - performance] @02-10-2021 06:40:32.0612 AM
[ReportManager] Successfully created attachment [Selenium WebDriver Logs - browser] @02-10-2021 06:40:32.0624 AM
[ReportManager] Successfully created attachment [Selenium WebDriver Logs - driver] @02-10-2021 06:40:32.0709 AM
[ReportManager] Browser Action [CloseCurrentWindow] successfully performed. @02-10-2021 06:40:32.0771 AM
[ReportManager] Successfully created attachment [Browser Action Test Data - CloseCurrentWindow - Actual Value] @02-10-2021 06:40:32.0772 A
[ReportManager] File Action [GetAbsolutePath] successfully performed. With the following test data [Relative Folder Path: "target/downloadedFiles/"]. @02-10-2021 06:40:32.0775 AM
[ReportManager] Attempting to run remotely on: [Linux-64], [GoogleChrome], [http://localhost:4444/wd/hub], Headless Execution. @02-10-2021 06:40:32.0775 AM
[ReportManager] Successfully Opened [GoogleChrome]. @02-10-2021 06:40:33.0030 AM
[ReportManager] Target URL: [https://www.google.com/ncr], and after redirection: [https://www.google.com] @02-10-2021 06:40:33.0047 AM
[ReportManager] Initial URL: [data:,] @02-10-2021 06:40:33.0104 AM
[ReportManager] Browser Action [NavigateToURL] successfully performed. With the following test data [https://www.google.com/ncr]. @02-10-2021 06:40:34.0203 A

################################################################################################################################################
Starting Execution:	[23 out of 23] test cases in the current suite
Test Method:		[tests.gui.google.D_Search_PageObjectModel_Traditional_DataDriven.searchForQueryAndAssertFirstResultTextIsCorrect]
################################################################################################################################################
[ReportManager] Element Action [Type] successfully performed. With the following test data [SHAFT_Engine]. @02-10-2021 06:40:35.0056 AM
[ReportManager] Element Action [KeyPress] successfully performed. With the following test data [ENTER]. @02-10-2021 06:40:36.0932 AM
[ReportManager] Element Action [GetText] successfully performed. With the following test data [SHAFT_ENGINE is a Test Automation Engine that ... - GitHub]. @02-10-2021 06:40:37.0052 AM
[ReportManager] Assertion Failed: Asserting that the correct first result is displayed @02-10-2021 06:40:37.0054 AM
[ReportManager] Assertion [ValidateEquals] FAILED. Expected [MohabMohie] and Actual [SHAFT_ENGINE is a Test Automation Engine that ... - GitHub]. Comparison Type [CONTAINS]. Validation Type [POSITIVE]. @02-10-2021 06:40:37.0054 A
[ReportManager] Successfully created attachment [Selenium WebDriver Logs - server] @02-10-2021 06:40:37.0293 AM
[ReportManager] Successfully created attachment [Selenium WebDriver Logs - performance] @02-10-2021 06:40:37.0569 AM
[ReportManager] Successfully created attachment [Selenium WebDriver Logs - browser] @02-10-2021 06:40:37.0578 AM
[ReportManager] Successfully created attachment [Selenium WebDriver Logs - driver] @02-10-2021 06:40:37.0912 AM
[ReportManager] Browser Action [CloseCurrentWindow] successfully performed. @02-10-2021 06:40:37.0971 AM
[ReportManager] Successfully created attachment [Browser Action Test Data - CloseCurrentWindow - Actual Value] @02-10-2021 06:40:37.0976 A

################################################################################################################################################
Test Closure Activities
################################################################################################################################################
[ReportManager] Successfully created attachment [SHAFT Engine Logs - Execution log] @02-10-2021 06:40:37.0997 AM

################################################################################################################################################
This test run was powered by SHAFT Engine Version: [SHAFT Engine v5.3.20210902]
SHAFT Engine is licensed under the MIT License: [https://github.com/MohabMohie/SHAFT_ENGINE/blob/master/LICENSE].
################################################################################################################################################