################################################################################################################################################
Detected SHAFT Engine Version: [SHAFT Engine v5.4.20211030-BETA]
################################################################################################################################################
[ReportManager] An Exception Occured with this Message: src/test/resources/testDataFiles/Google/SimpleSearch.xlsx (No such file or directory). @14-11-2021 01:31:07.0911 AM
[ReportManager] Successfully created attachment [Exception Stack Trace - java.io.FileNotFoundException] @14-11-2021 01:31:07.0912 AM
[ReportManager] Couldn't find the desired file. [src/test/resources/testDataFiles/Google/SimpleSearch.xlsx]. @14-11-2021 01:31:07.0912 A


################################################################################################################################################
Starting Execution:	[1 out of 23] test cases in the current suite
Test Method:		[tests.gui.google.D_Search_PageObjectModel_Traditional_DataDriven.navigateToGoogleHomeAndAssertGoogleLogoIsDisplayed]
###############################################################################################################################################



################################################################################################################################################
Starting Execution:	[2 out of 23] test cases in the current suite
Test Method:		[tests.gui.google.D_Search_PageObjectModel_Traditional_DataDriven.navigateToGoogleHomeAndAssertPageTitle]
###############################################################################################################################################



################################################################################################################################################
Starting Execution:	[3 out of 23] test cases in the current suite
Test Method:		[tests.gui.google.D_Search_PageObjectModel_Traditional_DataDriven.searchForQueryAndAssertFirstResultTextIsCorrect]
###############################################################################################################################################

[ReportManager] An Exception Occured with this Message: src/test/resources/testDataFiles/Google/SimpleSearch.xlsx (No such file or directory). @14-11-2021 01:31:08.0159 AM
[ReportManager] Successfully created attachment [Exception Stack Trace - java.io.FileNotFoundException] @14-11-2021 01:31:08.0160 AM
[ReportManager] Couldn't find the desired file. [src/test/resources/testDataFiles/Google/SimpleSearch.xlsx]. @14-11-2021 01:31:08.0160 A


################################################################################################################################################
Starting Execution:	[4 out of 23] test cases in the current suite
Test Method:		[tests.gui.google.F_Search_PageObjectModel_Fluent.navigateToGoogleHomeAndAssertGoogleLogoIsDisplayed]
###############################################################################################################################################



################################################################################################################################################
Starting Execution:	[5 out of 23] test cases in the current suite
Test Method:		[tests.gui.google.F_Search_PageObjectModel_Fluent.navigateToGoogleHomeAndAssertPageTitle]
###############################################################################################################################################



################################################################################################################################################
Starting Execution:	[6 out of 23] test cases in the current suite
Test Method:		[tests.gui.google.F_Search_PageObjectModel_Fluent.searchForQueryAndAssertFirstResultTextIsCorrect]
###############################################################################################################################################

[ReportManager] File Action [GetAbsolutePath] successfully performed. With the following test data [Relative Folder Path: "target/downloadedFiles/"]. @14-11-2021 01:31:08.0190 AM
[ReportManager] Attempting to run remotely on: [Linux-64], [GoogleChrome], [http://localhost:4444/wd/hub], Headless Execution. @14-11-2021 01:31:08.0208 AM
[ReportManager] Successfully Opened [GoogleChrome]. @14-11-2021 01:31:10.0134 AM
[ReportManager] Target URL: [https://www.google.com/ncr], and after redirection: [https://www.google.com] @14-11-2021 01:31:10.0146 AM
[ReportManager] Initial URL: [data:,] @14-11-2021 01:31:10.0280 AM
[ReportManager] Browser Action [NavigateToURL] successfully performed. With the following test data [https://www.google.com/ncr]. @14-11-2021 01:31:11.0438 A

################################################################################################################################################
Starting Execution:	[7 out of 23] test cases in the current suite
Test Method:		[tests.gui.google.C_Search_PageObjectModel_Traditional.navigateToGoogleHomeAndAssertGoogleLogoIsDisplayed]
################################################################################################################################################
[ReportManager] Element Action [IsElementDisplayed] successfully performed. @14-11-2021 01:31:11.0620 AM
[ReportManager] Assertion Passed: Asserting that the Google logo is displayed @14-11-2021 01:31:11.0625 AM
[ReportManager] Assertion [ValidateTrue] PASSED. Expected [TRUE] and Actual [TRUE]. Validation Type [POSITIVE]. @14-11-2021 01:31:11.0626 A
[ReportManager] Browser Action [CloseCurrentWindow] successfully performed. @14-11-2021 01:31:11.0835 AM
[ReportManager] Successfully created attachment [Browser Action Test Data - CloseCurrentWindow - Actual Value] @14-11-2021 01:31:11.0848 A
[ReportManager] File Action [GetAbsolutePath] successfully performed. With the following test data [Relative Folder Path: "target/downloadedFiles/"]. @14-11-2021 01:31:11.0875 AM
[ReportManager] Attempting to run remotely on: [Linux-64], [GoogleChrome], [http://localhost:4444/wd/hub], Headless Execution. @14-11-2021 01:31:11.0875 AM
[ReportManager] Successfully Opened [GoogleChrome]. @14-11-2021 01:31:12.0320 AM
[ReportManager] Target URL: [https://www.google.com/ncr], and after redirection: [https://www.google.com] @14-11-2021 01:31:12.0321 AM
[ReportManager] Initial URL: [data:,] @14-11-2021 01:31:12.0437 AM
[ReportManager] Browser Action [NavigateToURL] successfully performed. With the following test data [https://www.google.com/ncr]. @14-11-2021 01:31:13.0391 A

################################################################################################################################################
Starting Execution:	[8 out of 23] test cases in the current suite
Test Method:		[tests.gui.google.C_Search_PageObjectModel_Traditional.navigateToGoogleHomeAndAssertPageTitle]
################################################################################################################################################
[ReportManager] Browser Action [GetCurrentWindowTitle] successfully performed. With the following test data [Google]. @14-11-2021 01:31:13.0447 AM
[ReportManager] Assertion Passed: Asserting that the page title is Google @14-11-2021 01:31:13.0450 AM
[ReportManager] Assertion [ValidateEquals] PASSED. Expected [Google] and Actual [Google]. Comparison Type [EQUALS]. Validation Type [POSITIVE]. @14-11-2021 01:31:13.0450 A
[ReportManager] Browser Action [CloseCurrentWindow] successfully performed. @14-11-2021 01:31:13.0608 AM
[ReportManager] Successfully created attachment [Browser Action Test Data - CloseCurrentWindow - Actual Value] @14-11-2021 01:31:13.0615 A
[ReportManager] File Action [GetAbsolutePath] successfully performed. With the following test data [Relative Folder Path: "target/downloadedFiles/"]. @14-11-2021 01:31:13.0627 AM
[ReportManager] Attempting to run remotely on: [Linux-64], [GoogleChrome], [http://localhost:4444/wd/hub], Headless Execution. @14-11-2021 01:31:13.0627 AM
[ReportManager] Successfully Opened [GoogleChrome]. @14-11-2021 01:31:14.0031 AM
[ReportManager] Target URL: [https://www.google.com/ncr], and after redirection: [https://www.google.com] @14-11-2021 01:31:14.0033 AM
[ReportManager] Initial URL: [data:,] @14-11-2021 01:31:14.0134 AM
[ReportManager] Browser Action [NavigateToURL] successfully performed. With the following test data [https://www.google.com/ncr]. @14-11-2021 01:31:14.0985 A

################################################################################################################################################
Starting Execution:	[9 out of 23] test cases in the current suite
Test Method:		[tests.gui.google.C_Search_PageObjectModel_Traditional.searchForQueryAndAssertFirstResultTextIsCorrect]
################################################################################################################################################
[ReportManager] Element Action [Type] successfully performed. With the following test data [SHAFT_Engine]. @14-11-2021 01:31:15.0821 AM
[ReportManager] Element Action [KeyPress] successfully performed. With the following test data [ENTER]. @14-11-2021 01:31:17.0242 AM
[ReportManager] Element Action [GetText] successfully performed. With the following test data [SHAFT: Unified Test Automation Engine - GitHub]. @14-11-2021 01:31:17.0367 AM
[ReportManager] Assertion Failed: Asserting that the correct first result is displayed @14-11-2021 01:31:17.0370 AM
[ReportManager] Assertion [ValidateEquals] FAILED. Expected [MohabMohie] and Actual [SHAFT: Unified Test Automation Engine - GitHub]. Comparison Type [CONTAINS]. Validation Type [POSITIVE]. @14-11-2021 01:31:17.0370 A
[ReportManager] Browser Action [CloseCurrentWindow] successfully performed. @14-11-2021 01:31:17.0694 AM
[ReportManager] Successfully created attachment [Browser Action Test Data - CloseCurrentWindow - Actual Value] @14-11-2021 01:31:17.0713 A



################################################################################################################################################
Starting Execution:	[10 out of 23] test cases in the current suite
Test Method:		[tests.gui.google.A_Search_FlatTest_NativeSeleniumWebDriver.navigateToGoogleHomeAndAssertGoogleLogoIsDisplayed]
###############################################################################################################################################



################################################################################################################################################
Starting Execution:	[11 out of 23] test cases in the current suite
Test Method:		[tests.gui.google.A_Search_FlatTest_NativeSeleniumWebDriver.navigateToGoogleHomeAndAssertPageTitle]
###############################################################################################################################################



################################################################################################################################################
Starting Execution:	[12 out of 23] test cases in the current suite
Test Method:		[tests.gui.google.A_Search_FlatTest_NativeSeleniumWebDriver.searchForQueryAndAssertFirstResultTextIsCorrect]
###############################################################################################################################################

[ReportManager] An Exception Occured with this Message: src/test/resources/testDataFiles/Google/SimpleSearch.xlsx (No such file or directory). @14-11-2021 01:31:46.0451 AM
[ReportManager] Successfully created attachment [Exception Stack Trace - java.io.FileNotFoundException] @14-11-2021 01:31:46.0451 AM
[ReportManager] Couldn't find the desired file. [src/test/resources/testDataFiles/Google/SimpleSearch.xlsx]. @14-11-2021 01:31:46.0452 A


################################################################################################################################################
Starting Execution:	[13 out of 23] test cases in the current suite
Test Method:		[tests.gui.google.G_Search_PageObjectModel_ThreadSafe.navigateToGoogleHomeAndAssertGoogleLogoIsDisplayed]
###############################################################################################################################################



################################################################################################################################################
Starting Execution:	[14 out of 23] test cases in the current suite
Test Method:		[tests.gui.google.G_Search_PageObjectModel_ThreadSafe.navigateToGoogleHomeAndAssertPageTitle]
###############################################################################################################################################



################################################################################################################################################
Starting Execution:	[15 out of 23] test cases in the current suite
Test Method:		[tests.gui.google.G_Search_PageObjectModel_ThreadSafe.searchForQueryAndAssertFirstResultTextIsCorrect]
###############################################################################################################################################

[ReportManager] File Action [GetAbsolutePath] successfully performed. With the following test data [Relative Folder Path: "target/downloadedFiles/"]. @14-11-2021 01:31:46.0490 AM
[ReportManager] Attempting to run remotely on: [Linux-64], [GoogleChrome], [http://localhost:4444/wd/hub], Headless Execution. @14-11-2021 01:31:46.0491 AM
[ReportManager] Successfully Opened [GoogleChrome]. @14-11-2021 01:31:46.0926 AM
[ReportManager] Target URL: [https://www.google.com/ncr], and after redirection: [https://www.google.com] @14-11-2021 01:31:46.0926 AM
[ReportManager] Initial URL: [data:,] @14-11-2021 01:31:47.0027 AM
[ReportManager] Browser Action [NavigateToURL] successfully performed. With the following test data [https://www.google.com/ncr]. @14-11-2021 01:31:47.0946 A

################################################################################################################################################
Starting Execution:	[16 out of 23] test cases in the current suite
Test Method:		[tests.gui.google.B_Search_FlatTest_SHAFT.navigateToGoogleHomeAndAssertGoogleLogoIsDisplayed]
################################################################################################################################################
[ReportManager] File Action [DoesFileExist] successfully performed. With the following test data [File Path: "src/main/resources/dynamicObjectRepository/tests_gui_google_B_Search_FlatTest_SHAFT_navigateToGoogleHomeAndAssertGoogleLogoIsDisplayed_By_xpath_img_id_hplogo_or_alt_Google.png"]. @14-11-2021 01:31:47.0965 AM
[ReportManager] File Action [GetAbsolutePath] successfully performed. With the following test data [Relative Folder Path: "src/main/resources/dynamicObjectRepository/tests_gui_google_B_Search_FlatTest_SHAFT_navigateToGoogleHomeAndAssertGoogleLogoIsDisplayed_By_xpath_img_id_hplogo_or_alt_Google.png"]. @14-11-2021 01:31:47.0965 AM
[ReportManager] File Action [ReadFromImageFile] successfully performed. With the following test data [File Path: "/home/runner/work/using_SHAFT_ENGINE/using_SHAFT_ENGINE/src/main/resources/dynamicObjectRepository/tests_gui_google_B_Search_FlatTest_SHAFT_navigateToGoogleHomeAndAssertGoogleLogoIsDisplayed_By_xpath_img_id_hplogo_or_alt_Google.png"]. @14-11-2021 01:31:47.0965 AM
[ReportManager] File Action [DoesFileExist] successfully performed. With the following test data [File Path: "src/main/resources/dynamicObjectRepository/tests_gui_google_B_Search_FlatTest_SHAFT_navigateToGoogleHomeAndAssertGoogleLogoIsDisplayed_By_xpath_img_id_hplogo_or_alt_Google.png"]. @14-11-2021 01:31:48.0246 AM
[ReportManager] File Action [DoesFileExist] successfully performed. With the following test data [File Path: "src/main/resources/dynamicObjectRepository/tests_gui_google_B_Search_FlatTest_SHAFT_navigateToGoogleHomeAndAssertGoogleLogoIsDisplayed_By_xpath_img_id_hplogo_or_alt_Google.png"]. @14-11-2021 01:31:48.0247 AM
[ReportManager] Loaded Shared OpenCV @14-11-2021 01:31:48.0753 AM
[ReportManager] Successfully identified the element using AI; OpenCV. @14-11-2021 01:31:48.0774 AM
[ReportManager] Assertion Passed: Asserting that the Google logo is displayed @14-11-2021 01:31:48.0776 AM
[ReportManager] Successfully created attachment [Validation Test Data - Reference Screenshot] @14-11-2021 01:31:48.0777 AM
[ReportManager] Successfully created attachment [Validation Test Data - Actual Screenshot] @14-11-2021 01:31:48.0777 AM
[ReportManager] Assertion [ValidateElementMatches] PASSED. Expected [Element should match the reference screenshot] and Actual [TRUE]. Comparison Type [EXACT_OPENCV]. Validation Type [POSITIVE]. @14-11-2021 01:31:48.0777 A
[ReportManager] Browser Action [CloseCurrentWindow] successfully performed. @14-11-2021 01:31:48.0969 AM
[ReportManager] Successfully created attachment [Browser Action Test Data - CloseCurrentWindow - Actual Value] @14-11-2021 01:31:48.0970 A
[ReportManager] File Action [GetAbsolutePath] successfully performed. With the following test data [Relative Folder Path: "target/downloadedFiles/"]. @14-11-2021 01:31:48.0976 AM
[ReportManager] Attempting to run remotely on: [Linux-64], [GoogleChrome], [http://localhost:4444/wd/hub], Headless Execution. @14-11-2021 01:31:48.0977 AM
[ReportManager] Successfully Opened [GoogleChrome]. @14-11-2021 01:31:49.0268 AM
[ReportManager] Target URL: [https://www.google.com/ncr], and after redirection: [https://www.google.com] @14-11-2021 01:31:49.0268 AM
[ReportManager] Initial URL: [data:,] @14-11-2021 01:31:49.0372 AM
[ReportManager] Browser Action [NavigateToURL] successfully performed. With the following test data [https://www.google.com/ncr]. @14-11-2021 01:31:50.0321 A

################################################################################################################################################
Starting Execution:	[17 out of 23] test cases in the current suite
Test Method:		[tests.gui.google.B_Search_FlatTest_SHAFT.navigateToGoogleHomeAndAssertPageTitle]
################################################################################################################################################
[ReportManager] Browser Action [GetCurrentWindowTitle] successfully performed. With the following test data [Google]. @14-11-2021 01:31:50.0367 AM
[ReportManager] Assertion Passed: Asserting that the page title is Google @14-11-2021 01:31:51.0178 AM
[ReportManager] Successfully created attachment [Screenshot - 1636853510621_navigateToGoogleHomeAndAssertPageTitle_ValidateBrowserAttribute_passed] @14-11-2021 01:31:51.0184 AM
[ReportManager] Assertion [ValidateBrowserAttribute] PASSED. Expected [Value Should be 'Google' for the 'Title' attribute] and Actual [Google]. Comparison Type [EQUALS]. Validation Type [POSITIVE]. @14-11-2021 01:31:51.0184 A
[ReportManager] Browser Action [CloseCurrentWindow] successfully performed. @14-11-2021 01:31:51.0343 AM
[ReportManager] Successfully created attachment [Browser Action Test Data - CloseCurrentWindow - Actual Value] @14-11-2021 01:31:51.0344 A
[ReportManager] File Action [GetAbsolutePath] successfully performed. With the following test data [Relative Folder Path: "target/downloadedFiles/"]. @14-11-2021 01:31:51.0347 AM
[ReportManager] Attempting to run remotely on: [Linux-64], [GoogleChrome], [http://localhost:4444/wd/hub], Headless Execution. @14-11-2021 01:31:51.0347 AM
[ReportManager] Successfully Opened [GoogleChrome]. @14-11-2021 01:31:51.0605 AM
[ReportManager] Target URL: [https://www.google.com/ncr], and after redirection: [https://www.google.com] @14-11-2021 01:31:51.0605 AM
[ReportManager] Initial URL: [data:,] @14-11-2021 01:31:51.0693 AM
[ReportManager] Browser Action [NavigateToURL] successfully performed. With the following test data [https://www.google.com/ncr]. @14-11-2021 01:31:52.0613 A

################################################################################################################################################
Starting Execution:	[18 out of 23] test cases in the current suite
Test Method:		[tests.gui.google.B_Search_FlatTest_SHAFT.searchForQueryAndAssertFirstResultTextIsCorrect]
################################################################################################################################################
[ReportManager] Element Action [Type] successfully performed. With the following test data [SHAFT_Engine]. @14-11-2021 01:31:53.0391 AM
[ReportManager] Element Action [KeyPress] successfully performed. With the following test data [ENTER]. @14-11-2021 01:31:54.0820 AM
[ReportManager] Element Action [GetText] successfully performed. With the following test data [SHAFT: Unified Test Automation Engine - GitHub]. @14-11-2021 01:31:54.0955 AM
[ReportManager] Loaded Shared OpenCV @14-11-2021 01:31:55.0370 AM
[ReportManager] Assertion Failed: Asserting that the correct first result is displayed @14-11-2021 01:31:55.0688 AM
[ReportManager] Successfully created attachment [Screenshot - 1636853515370_searchForQueryAndAssertFirstResultTextIsCorrect_ValidateElementAttribute_failed] @14-11-2021 01:31:55.0697 AM
[ReportManager] Assertion [ValidateElementAttribute] FAILED. Expected [Value Should be 'MohabMohie' for the 'Text' attribute, element locator 'By.xpath: (//h1[contains(text(),'Search Result')]/following-sibling::div//a/h3)[1]'] and Actual [SHAFT: Unified Test Automation Engine - GitHub]. Comparison Type [CONTAINS]. Validation Type [POSITIVE]. @14-11-2021 01:31:55.0697 A
[ReportManager] Browser Action [CloseCurrentWindow] successfully performed. @14-11-2021 01:31:55.0966 AM
[ReportManager] Successfully created attachment [Browser Action Test Data - CloseCurrentWindow - Actual Value] @14-11-2021 01:31:55.0970 A
[ReportManager] An Exception Occured with this Message: src/test/resources/testDataFiles/Google/SimpleSearch.xlsx (No such file or directory). @14-11-2021 01:31:55.0978 AM
[ReportManager] Successfully created attachment [Exception Stack Trace - java.io.FileNotFoundException] @14-11-2021 01:31:55.0980 AM
[ReportManager] Couldn't find the desired file. [src/test/resources/testDataFiles/Google/SimpleSearch.xlsx]. @14-11-2021 01:31:55.0981 A


################################################################################################################################################
Starting Execution:	[19 out of 23] test cases in the current suite
Test Method:		[tests.gui.google.E_Search_PageObjectModel_Traditional_SHAFTAssertions.navigateToGoogleHomeAndAssertGoogleLogoIsDisplayed]
###############################################################################################################################################



################################################################################################################################################
Starting Execution:	[20 out of 23] test cases in the current suite
Test Method:		[tests.gui.google.E_Search_PageObjectModel_Traditional_SHAFTAssertions.navigateToGoogleHomeAndAssertPageTitle]
###############################################################################################################################################



################################################################################################################################################
Starting Execution:	[21 out of 23] test cases in the current suite
Test Method:		[tests.gui.google.E_Search_PageObjectModel_Traditional_SHAFTAssertions.searchForQueryAndAssertFirstResultTextIsCorrect]
###############################################################################################################################################


################################################################################################################################################
Starting Execution:	[22 out of 23] test cases in the current suite
Test Method:		[tests.cli.demo.cliTest.sampleTestCase]
################################################################################################################################################
[ReportManager] Attempting to perform the following command locally. Command: [ls] @14-11-2021 01:31:56.0016 AM
[ReportManager] Terminal Action [PerformTerminalCommands] successfully performed. With the following test data [Host Name: "localHost" | Command: "ls" | Exit Status: "0"]. @14-11-2021 01:31:56.0021 AM
[ReportManager] Successfully created attachment [Terminal Action Actual Result - Command Log] @14-11-2021 01:31:56.0021 AM
[ReportManager] Assertion Passed: Demoing local terminal actions @14-11-2021 01:31:56.0022 AM
[ReportManager] Assertion [ValidateEquals] PASSED. Expected [pom.xml] and Actual [LICENSE
README.md
allure-results
docker-compose_native.yml
docker-compose_zalenium.yml
extent-reports
pom.xml
readMeImgs
src
target]. Comparison Type [CONTAINS]. Validation Type [POSITIVE]. @14-11-2021 01:31:56.0022 A

################################################################################################################################################
Starting Execution:	[23 out of 23] test cases in the current suite
Test Method:		[tests.api.users.UserData.validateUserEmail]
################################################################################################################################################
[ReportManager] Response status code: [200], status line: [HTTP/1.1 200 OK] @14-11-2021 01:31:58.0252 AM
[ReportManager] Assertion Passed: Evaluating the actual response status code against the expected one... @14-11-2021 01:31:58.0257 AM
[ReportManager] Assertion [ValidateComparativeRelation] PASSED. Expected [200] and Actual [200]. Comparison Type [EQUALS]. Validation Type [POSITIVE]. @14-11-2021 01:31:58.0257 AM
[ReportManager] API Action [PerformRequest] successfully performed. With the following test data [Request Type: "GET" | Target Status Code: "200" | Service URL: "https://jsonplaceholder.typicode.com/users" | Content Type: "*/*" | Response Time: "739ms"]. @14-11-2021 01:31:59.0284 AM
[ReportManager] Successfully created attachment [API Request - Specifications] @14-11-2021 01:31:59.0285 AM
[ReportManager] Successfully created attachment [API Response - JSON Body] @14-11-2021 01:31:59.0557 AM
[ReportManager] Assertion [ValidateEquals] PASSED. Expected and Actual values are attached. Comparison Type [CONTAINS]. Validation Type [POSITIVE]. @14-11-2021 01:31:59.0560 AM
[ReportManager] Successfully created attachment [Validation Test Data - Expected Value] @14-11-2021 01:31:59.0560 AM
[ReportManager] Successfully created attachment [Validation Test Data - Actual Value] @14-11-2021 01:31:59.0560 AM
[ReportManager] API Action [GetResponseJSONValueAsList] successfully performed. With the following test data [$]. @14-11-2021 01:31:59.0582 AM
[ReportManager] API Action [GetResponseJSONValue] successfully performed. With the following test data [name]. @14-11-2021 01:31:59.0614 AM
[ReportManager] API Action [GetResponseJSONValue] successfully performed. With the following test data [email]. @14-11-2021 01:31:59.0639 AM
[ReportManager] Assertion [ValidateEquals] PASSED. Expected [Sincere@april.biz] and Actual [Sincere@april.biz]. Comparison Type [EQUALS]. Validation Type [POSITIVE]. @14-11-2021 01:31:59.0640 AM
[ReportManager] API Action [GetResponseJSONValue] successfully performed. With the following test data [name]. @14-11-2021 01:31:59.0666 AM
[ReportManager] API Action [GetResponseJSONValue] successfully performed. With the following test data [name]. @14-11-2021 01:31:59.0682 AM
[ReportManager] API Action [GetResponseJSONValue] successfully performed. With the following test data [name]. @14-11-2021 01:31:59.0701 AM
[ReportManager] API Action [GetResponseJSONValue] successfully performed. With the following test data [name]. @14-11-2021 01:31:59.0720 AM
[ReportManager] API Action [GetResponseJSONValue] successfully performed. With the following test data [name]. @14-11-2021 01:31:59.0740 AM
[ReportManager] API Action [GetResponseJSONValue] successfully performed. With the following test data [name]. @14-11-2021 01:31:59.0758 AM
[ReportManager] API Action [GetResponseJSONValue] successfully performed. With the following test data [name]. @14-11-2021 01:31:59.0776 AM
[ReportManager] API Action [GetResponseJSONValue] successfully performed. With the following test data [name]. @14-11-2021 01:31:59.0791 AM
[ReportManager] API Action [GetResponseJSONValue] successfully performed. With the following test data [name]. @14-11-2021 01:31:59.0807 A
[ReportManager] Successfully created attachment [SHAFT Engine Logs - Execution log] @14-11-2021 01:31:59.0845 AM

################################################################################################################################################
This test run was powered by SHAFT Engine Version: [SHAFT Engine v5.4.20211030-BETA]
SHAFT Engine is licensed under the MIT License: [https://github.com/MohabMohie/SHAFT_ENGINE/blob/master/LICENSE].
################################################################################################################################################