################################################################################################################################################
Detected SHAFT Engine Version: [SHAFT Engine v6.1.20220113]
################################################################################################################################################

################################################################################################################################################
Starting Execution:	[1 out of 23] test cases in the current suite
Test Method:		[tests.api.users.UserData.validateUserEmail]
################################################################################################################################################
[ReportManager] Response status code: [200], status line: [HTTP/1.1 200 OK] @28-01-2022 12:46:23.0825 PM
[ReportManager] Assertion Passed: Evaluating the actual response status code against the expected one... @28-01-2022 12:46:23.0855 PM
[ReportManager] Assertion [ValidateComparativeRelation] PASSED. Expected [200] and Actual [200]. Comparison Type [EQUALS]. Validation Type [POSITIVE]. @28-01-2022 12:46:23.0861 PM
[ReportManager] API Action [PerformRequest] successfully performed. With the following test data [Request Type: "GET" | Target Status Code: "200" | Service URL: "https://jsonplaceholder.typicode.com/users" | Content Type: "*/*" | Response Time: "1047ms"]. @28-01-2022 12:46:25.0006 PM
[ReportManager] Successfully created attachment [API Request - Specifications] @28-01-2022 12:46:25.0007 PM
[ReportManager] Successfully created attachment [API Response - JSON Body] @28-01-2022 12:46:25.0214 PM
[ReportManager] Assertion [ValidateEquals] PASSED. Expected and Actual values are attached. Comparison Type [CONTAINS]. Validation Type [POSITIVE]. @28-01-2022 12:46:25.0222 PM
[ReportManager] Successfully created attachment [Validation Test Data - Expected Value] @28-01-2022 12:46:25.0223 PM
[ReportManager] Successfully created attachment [Validation Test Data - Actual Value] @28-01-2022 12:46:25.0224 PM
[ReportManager] API Action [GetResponseJSONValueAsList] successfully performed. With the following test data [$]. @28-01-2022 12:46:25.0244 PM
[ReportManager] API Action [GetResponseJSONValue] successfully performed. With the following test data [name]. @28-01-2022 12:46:25.0270 PM
[ReportManager] API Action [GetResponseJSONValue] successfully performed. With the following test data [email]. @28-01-2022 12:46:25.0292 PM
[ReportManager] Assertion [ValidateEquals] PASSED. Expected [Sincere@april.biz] and Actual [Sincere@april.biz]. Comparison Type [EQUALS]. Validation Type [POSITIVE]. @28-01-2022 12:46:25.0293 PM
[ReportManager] API Action [GetResponseJSONValue] successfully performed. With the following test data [name]. @28-01-2022 12:46:25.0316 PM
[ReportManager] API Action [GetResponseJSONValue] successfully performed. With the following test data [name]. @28-01-2022 12:46:25.0344 PM
[ReportManager] API Action [GetResponseJSONValue] successfully performed. With the following test data [name]. @28-01-2022 12:46:25.0362 PM
[ReportManager] API Action [GetResponseJSONValue] successfully performed. With the following test data [name]. @28-01-2022 12:46:25.0383 PM
[ReportManager] API Action [GetResponseJSONValue] successfully performed. With the following test data [name]. @28-01-2022 12:46:25.0404 PM
[ReportManager] API Action [GetResponseJSONValue] successfully performed. With the following test data [name]. @28-01-2022 12:46:25.0420 PM
[ReportManager] API Action [GetResponseJSONValue] successfully performed. With the following test data [name]. @28-01-2022 12:46:25.0440 PM
[ReportManager] API Action [GetResponseJSONValue] successfully performed. With the following test data [name]. @28-01-2022 12:46:25.0456 PM
[ReportManager] API Action [GetResponseJSONValue] successfully performed. With the following test data [name]. @28-01-2022 12:46:25.0472 P

################################################################################################################################################
Starting Execution:	[2 out of 23] test cases in the current suite
Test Method:		[tests.cli.demo.cliTest.sampleTestCase]
################################################################################################################################################
[ReportManager] Attempting to perform the following command locally. Command: [ls] @28-01-2022 12:46:25.0581 PM
[ReportManager] Terminal Action [PerformTerminalCommands] successfully performed. With the following test data [Host Name: "localHost" | Command: "ls" | Exit Status: "0"]. @28-01-2022 12:46:25.0600 PM
[ReportManager] Successfully created attachment [Terminal Action Actual Result - Command Log] @28-01-2022 12:46:25.0601 PM
[ReportManager] Assertion Passed: Demoing local terminal actions @28-01-2022 12:46:25.0605 PM
[ReportManager] Assertion [ValidateEquals] PASSED. Expected [pom.xml] and Actual [LICENSE
README.md
allure-results
docker-compose_native.yml
docker-compose_zalenium.yml
extent-reports
pom.xml
readMeImgs
src
target]. Comparison Type [CONTAINS]. Validation Type [POSITIVE]. @28-01-2022 12:46:25.0606 P
[ReportManager] File Action [GetAbsolutePath] successfully performed. With the following test data [Relative Folder Path: "target/downloadedFiles/"]. @28-01-2022 12:46:25.0617 PM
[ReportManager] Attempting to run remotely on: [Linux-64], [GoogleChrome], [http://localhost:4444/wd/hub], Headless Execution. @28-01-2022 12:46:25.0635 PM
[ReportManager] Successfully Opened [GoogleChrome]. @28-01-2022 12:46:27.0522 PM
[ReportManager] Target URL: [https://www.google.com/ncr], and after redirection: [https://www.google.com] @28-01-2022 12:46:27.0533 PM
[ReportManager] Initial URL: [data:,] @28-01-2022 12:46:27.0661 PM
[ReportManager] Browser Action [NavigateToURL] successfully performed. With the following test data [https://www.google.com/ncr]. @28-01-2022 12:46:28.0933 P

################################################################################################################################################
Starting Execution:	[3 out of 23] test cases in the current suite
Test Method:		[tests.gui.google.C_Search_PageObjectModel_Traditional.navigateToGoogleHomeAndAssertGoogleLogoIsDisplayed]
################################################################################################################################################
[ReportManager] Element Action [IsElementDisplayed] successfully performed. @28-01-2022 12:46:29.0136 PM
[ReportManager] Assertion Passed: Asserting that the Google logo is displayed @28-01-2022 12:46:29.0138 PM
[ReportManager] Assertion [ValidateTrue] PASSED. Expected [TRUE] and Actual [TRUE]. Validation Type [POSITIVE]. @28-01-2022 12:46:29.0138 P
[ReportManager] Browser Action [CloseCurrentWindow] successfully performed. @28-01-2022 12:46:29.0326 PM
[ReportManager] Successfully created attachment [Browser Action Test Data - CloseCurrentWindow - Actual Value] @28-01-2022 12:46:29.0341 P
[ReportManager] File Action [GetAbsolutePath] successfully performed. With the following test data [Relative Folder Path: "target/downloadedFiles/"]. @28-01-2022 12:46:29.0356 PM
[ReportManager] Attempting to run remotely on: [Linux-64], [GoogleChrome], [http://localhost:4444/wd/hub], Headless Execution. @28-01-2022 12:46:29.0356 PM
[ReportManager] Successfully Opened [GoogleChrome]. @28-01-2022 12:46:29.0793 PM
[ReportManager] Target URL: [https://www.google.com/ncr], and after redirection: [https://www.google.com] @28-01-2022 12:46:29.0793 PM
[ReportManager] Initial URL: [data:,] @28-01-2022 12:46:29.0901 PM
[ReportManager] Browser Action [NavigateToURL] successfully performed. With the following test data [https://www.google.com/ncr]. @28-01-2022 12:46:30.0874 P

################################################################################################################################################
Starting Execution:	[4 out of 23] test cases in the current suite
Test Method:		[tests.gui.google.C_Search_PageObjectModel_Traditional.navigateToGoogleHomeAndAssertPageTitle]
################################################################################################################################################
[ReportManager] Browser Action [GetCurrentWindowTitle] successfully performed. With the following test data [Google]. @28-01-2022 12:46:30.0939 PM
[ReportManager] Assertion Passed: Asserting that the page title is Google @28-01-2022 12:46:30.0940 PM
[ReportManager] Assertion [ValidateEquals] PASSED. Expected [Google] and Actual [Google]. Comparison Type [EQUALS]. Validation Type [POSITIVE]. @28-01-2022 12:46:30.0940 P
[ReportManager] Browser Action [CloseCurrentWindow] successfully performed. @28-01-2022 12:46:31.0124 PM
[ReportManager] Successfully created attachment [Browser Action Test Data - CloseCurrentWindow - Actual Value] @28-01-2022 12:46:31.0127 P
[ReportManager] File Action [GetAbsolutePath] successfully performed. With the following test data [Relative Folder Path: "target/downloadedFiles/"]. @28-01-2022 12:46:31.0136 PM
[ReportManager] Attempting to run remotely on: [Linux-64], [GoogleChrome], [http://localhost:4444/wd/hub], Headless Execution. @28-01-2022 12:46:31.0137 PM
[ReportManager] Successfully Opened [GoogleChrome]. @28-01-2022 12:46:31.0515 PM
[ReportManager] Target URL: [https://www.google.com/ncr], and after redirection: [https://www.google.com] @28-01-2022 12:46:31.0515 PM
[ReportManager] Initial URL: [data:,] @28-01-2022 12:46:31.0602 PM
[ReportManager] Browser Action [NavigateToURL] successfully performed. With the following test data [https://www.google.com/ncr]. @28-01-2022 12:46:32.0562 P

################################################################################################################################################
Starting Execution:	[5 out of 23] test cases in the current suite
Test Method:		[tests.gui.google.C_Search_PageObjectModel_Traditional.searchForQueryAndAssertFirstResultTextIsCorrect]
################################################################################################################################################
[ReportManager] Element Action [Type] successfully performed. With the following test data [SHAFT_Engine]. @28-01-2022 12:46:33.0495 PM
[ReportManager] Element Action [KeyPress] successfully performed. With the following test data [ENTER]. @28-01-2022 12:46:35.0425 PM
[ReportManager] Element Action [GetText] successfully performed. With the following test data [SHAFT_ENGINE is a Test Automation Engine that ... - GitHub]. @28-01-2022 12:46:35.0595 PM
[ReportManager] Assertion Failed: Asserting that the correct first result is displayed @28-01-2022 12:46:35.0597 PM
[ReportManager] Assertion [ValidateEquals] FAILED. Expected [MohabMohie] and Actual [SHAFT_ENGINE is a Test Automation Engine that ... - GitHub]. Comparison Type [CONTAINS]. Validation Type [POSITIVE]. @28-01-2022 12:46:35.0597 P
[ReportManager] Browser Action [CloseCurrentWindow] successfully performed. @28-01-2022 12:46:35.0953 PM
[ReportManager] Successfully created attachment [Browser Action Test Data - CloseCurrentWindow - Actual Value] @28-01-2022 12:46:35.0982 P
[ReportManager] An Exception Occured with this Message: src/test/resources/testDataFiles/Google/SimpleSearch.xlsx (No such file or directory). @28-01-2022 12:46:36.0001 PM
[ReportManager] Successfully created attachment [Exception Stack Trace - java.io.FileNotFoundException] @28-01-2022 12:46:36.0001 PM
[ReportManager] Couldn't find the desired file. [src/test/resources/testDataFiles/Google/SimpleSearch.xlsx]. @28-01-2022 12:46:36.0002 P


################################################################################################################################################
Starting Execution:	[6 out of 23] test cases in the current suite
Test Method:		[tests.gui.google.G_Search_PageObjectModel_ThreadSafe.navigateToGoogleHomeAndAssertGoogleLogoIsDisplayed]
###############################################################################################################################################



################################################################################################################################################
Starting Execution:	[7 out of 23] test cases in the current suite
Test Method:		[tests.gui.google.G_Search_PageObjectModel_ThreadSafe.navigateToGoogleHomeAndAssertPageTitle]
###############################################################################################################################################



################################################################################################################################################
Starting Execution:	[8 out of 23] test cases in the current suite
Test Method:		[tests.gui.google.G_Search_PageObjectModel_ThreadSafe.searchForQueryAndAssertFirstResultTextIsCorrect]
###############################################################################################################################################




################################################################################################################################################
Starting Execution:	[9 out of 23] test cases in the current suite
Test Method:		[tests.gui.google.A_Search_FlatTest_NativeSeleniumWebDriver.navigateToGoogleHomeAndAssertGoogleLogoIsDisplayed]
###############################################################################################################################################



################################################################################################################################################
Starting Execution:	[10 out of 23] test cases in the current suite
Test Method:		[tests.gui.google.A_Search_FlatTest_NativeSeleniumWebDriver.navigateToGoogleHomeAndAssertPageTitle]
###############################################################################################################################################



################################################################################################################################################
Starting Execution:	[11 out of 23] test cases in the current suite
Test Method:		[tests.gui.google.A_Search_FlatTest_NativeSeleniumWebDriver.searchForQueryAndAssertFirstResultTextIsCorrect]
###############################################################################################################################################

[ReportManager] An Exception Occured with this Message: src/test/resources/testDataFiles/Google/SimpleSearch.xlsx (No such file or directory). @28-01-2022 12:46:56.0285 PM
[ReportManager] Successfully created attachment [Exception Stack Trace - java.io.FileNotFoundException] @28-01-2022 12:46:56.0285 PM
[ReportManager] Couldn't find the desired file. [src/test/resources/testDataFiles/Google/SimpleSearch.xlsx]. @28-01-2022 12:46:56.0285 P


################################################################################################################################################
Starting Execution:	[12 out of 23] test cases in the current suite
Test Method:		[tests.gui.google.E_Search_PageObjectModel_Traditional_SHAFTAssertions.navigateToGoogleHomeAndAssertGoogleLogoIsDisplayed]
###############################################################################################################################################



################################################################################################################################################
Starting Execution:	[13 out of 23] test cases in the current suite
Test Method:		[tests.gui.google.E_Search_PageObjectModel_Traditional_SHAFTAssertions.navigateToGoogleHomeAndAssertPageTitle]
###############################################################################################################################################



################################################################################################################################################
Starting Execution:	[14 out of 23] test cases in the current suite
Test Method:		[tests.gui.google.E_Search_PageObjectModel_Traditional_SHAFTAssertions.searchForQueryAndAssertFirstResultTextIsCorrect]
###############################################################################################################################################

[ReportManager] An Exception Occured with this Message: src/test/resources/testDataFiles/Google/SimpleSearch.xlsx (No such file or directory). @28-01-2022 12:46:56.0321 PM
[ReportManager] Successfully created attachment [Exception Stack Trace - java.io.FileNotFoundException] @28-01-2022 12:46:56.0322 PM
[ReportManager] Couldn't find the desired file. [src/test/resources/testDataFiles/Google/SimpleSearch.xlsx]. @28-01-2022 12:46:56.0322 P


################################################################################################################################################
Starting Execution:	[15 out of 23] test cases in the current suite
Test Method:		[tests.gui.google.F_Search_PageObjectModel_Fluent.navigateToGoogleHomeAndAssertGoogleLogoIsDisplayed]
###############################################################################################################################################



################################################################################################################################################
Starting Execution:	[16 out of 23] test cases in the current suite
Test Method:		[tests.gui.google.F_Search_PageObjectModel_Fluent.navigateToGoogleHomeAndAssertPageTitle]
###############################################################################################################################################



################################################################################################################################################
Starting Execution:	[17 out of 23] test cases in the current suite
Test Method:		[tests.gui.google.F_Search_PageObjectModel_Fluent.searchForQueryAndAssertFirstResultTextIsCorrect]
###############################################################################################################################################

[ReportManager] File Action [GetAbsolutePath] successfully performed. With the following test data [Relative Folder Path: "target/downloadedFiles/"]. @28-01-2022 12:46:56.0364 PM
[ReportManager] Attempting to run remotely on: [Linux-64], [GoogleChrome], [http://localhost:4444/wd/hub], Headless Execution. @28-01-2022 12:46:56.0364 PM
[ReportManager] Successfully Opened [GoogleChrome]. @28-01-2022 12:46:56.0785 PM
[ReportManager] Target URL: [https://www.google.com/ncr], and after redirection: [https://www.google.com] @28-01-2022 12:46:56.0786 PM
[ReportManager] Initial URL: [data:,] @28-01-2022 12:46:56.0902 PM
[ReportManager] Browser Action [NavigateToURL] successfully performed. With the following test data [https://www.google.com/ncr]. @28-01-2022 12:46:57.0825 P

################################################################################################################################################
Starting Execution:	[18 out of 23] test cases in the current suite
Test Method:		[tests.gui.google.B_Search_FlatTest_SHAFT.navigateToGoogleHomeAndAssertGoogleLogoIsDisplayed]
################################################################################################################################################
[ReportManager] File Action [DoesFileExist] successfully performed. With the following test data [File Path: "src/main/resources/dynamicObjectRepository/tests_gui_google_B_Search_FlatTest_SHAFT_navigateToGoogleHomeAndAssertGoogleLogoIsDisplayed_By_xpath_img_id_hplogo_or_alt_Google.png"]. @28-01-2022 12:46:57.0831 PM
[ReportManager] File Action [GetAbsolutePath] successfully performed. With the following test data [Relative Folder Path: "src/main/resources/dynamicObjectRepository/tests_gui_google_B_Search_FlatTest_SHAFT_navigateToGoogleHomeAndAssertGoogleLogoIsDisplayed_By_xpath_img_id_hplogo_or_alt_Google.png"]. @28-01-2022 12:46:57.0831 PM
[ReportManager] File Action [ReadFromImageFile] successfully performed. With the following test data [File Path: "/home/runner/work/using_SHAFT_ENGINE/using_SHAFT_ENGINE/src/main/resources/dynamicObjectRepository/tests_gui_google_B_Search_FlatTest_SHAFT_navigateToGoogleHomeAndAssertGoogleLogoIsDisplayed_By_xpath_img_id_hplogo_or_alt_Google.png"]. @28-01-2022 12:46:57.0832 PM
[ReportManager] File Action [DoesFileExist] successfully performed. With the following test data [File Path: "src/main/resources/dynamicObjectRepository/tests_gui_google_B_Search_FlatTest_SHAFT_navigateToGoogleHomeAndAssertGoogleLogoIsDisplayed_By_xpath_img_id_hplogo_or_alt_Google.png"]. @28-01-2022 12:46:58.0110 PM
[ReportManager] File Action [DoesFileExist] successfully performed. With the following test data [File Path: "src/main/resources/dynamicObjectRepository/tests_gui_google_B_Search_FlatTest_SHAFT_navigateToGoogleHomeAndAssertGoogleLogoIsDisplayed_By_xpath_img_id_hplogo_or_alt_Google.png"]. @28-01-2022 12:46:58.0110 PM
[ReportManager] File Action [GetAbsolutePath] successfully performed. With the following test data [Relative Folder Path: "src/main/resources/dynamicObjectRepository/tests_gui_google_B_Search_FlatTest_SHAFT_navigateToGoogleHomeAndAssertGoogleLogoIsDisplayed_By_xpath_img_id_hplogo_or_alt_Google.png"]. @28-01-2022 12:46:58.0132 PM
[ReportManager] File Action [ReadFromImageFile] successfully performed. With the following test data [File Path: "/home/runner/work/using_SHAFT_ENGINE/using_SHAFT_ENGINE/src/main/resources/dynamicObjectRepository/tests_gui_google_B_Search_FlatTest_SHAFT_navigateToGoogleHomeAndAssertGoogleLogoIsDisplayed_By_xpath_img_id_hplogo_or_alt_Google.png"]. @28-01-2022 12:46:58.0132 PM
[ReportManager] Accuracy threshold is [80.0%] and the actual match accuracy is [91.50802493095398%]. @28-01-2022 12:46:58.0137 PM
[ReportManager] Successfully identified the element using AI; OpenCV. @28-01-2022 12:46:58.0137 PM
[ReportManager] Assertion Passed: Asserting that the Google logo is displayed @28-01-2022 12:46:58.0139 PM
[ReportManager] Successfully created attachment [Validation Test Data - Reference Screenshot] @28-01-2022 12:46:58.0140 PM
[ReportManager] Successfully created attachment [Validation Test Data - Actual Screenshot] @28-01-2022 12:46:58.0140 PM
[ReportManager] Assertion [ValidateElementMatches] PASSED. Expected [Element should match the reference screenshot] and Actual [TRUE]. Comparison Type [EXACT_OPENCV]. Validation Type [POSITIVE]. @28-01-2022 12:46:58.0140 P
[ReportManager] Browser Action [CloseCurrentWindow] successfully performed. @28-01-2022 12:46:58.0310 PM
[ReportManager] Successfully created attachment [Browser Action Test Data - CloseCurrentWindow - Actual Value] @28-01-2022 12:46:58.0313 P
[ReportManager] File Action [GetAbsolutePath] successfully performed. With the following test data [Relative Folder Path: "target/downloadedFiles/"]. @28-01-2022 12:46:58.0319 PM
[ReportManager] Attempting to run remotely on: [Linux-64], [GoogleChrome], [http://localhost:4444/wd/hub], Headless Execution. @28-01-2022 12:46:58.0320 PM
[ReportManager] Successfully Opened [GoogleChrome]. @28-01-2022 12:46:58.0743 PM
[ReportManager] Target URL: [https://www.google.com/ncr], and after redirection: [https://www.google.com] @28-01-2022 12:46:58.0743 PM
[ReportManager] Initial URL: [data:,] @28-01-2022 12:46:58.0846 PM
[ReportManager] Browser Action [NavigateToURL] successfully performed. With the following test data [https://www.google.com/ncr]. @28-01-2022 12:46:59.0971 P

################################################################################################################################################
Starting Execution:	[19 out of 23] test cases in the current suite
Test Method:		[tests.gui.google.B_Search_FlatTest_SHAFT.navigateToGoogleHomeAndAssertPageTitle]
################################################################################################################################################
[ReportManager] Browser Action [GetCurrentWindowTitle] successfully performed. With the following test data [Google]. @28-01-2022 12:47:00.0041 PM
[ReportManager] Assertion Passed: Asserting that the page title is Google @28-01-2022 12:47:00.0682 PM
[ReportManager] Successfully created attachment [Screenshot - 1643374020271_navigateToGoogleHomeAndAssertPageTitle_ValidateBrowserAttribute_passed] @28-01-2022 12:47:00.0688 PM
[ReportManager] Assertion [ValidateBrowserAttribute] PASSED. Expected [Value Should be 'Google' for the 'Title' attribute] and Actual [Google]. Comparison Type [EQUALS]. Validation Type [POSITIVE]. @28-01-2022 12:47:00.0688 P
[ReportManager] Browser Action [CloseCurrentWindow] successfully performed. @28-01-2022 12:47:00.0863 PM
[ReportManager] Successfully created attachment [Browser Action Test Data - CloseCurrentWindow - Actual Value] @28-01-2022 12:47:00.0869 P
[ReportManager] File Action [GetAbsolutePath] successfully performed. With the following test data [Relative Folder Path: "target/downloadedFiles/"]. @28-01-2022 12:47:00.0872 PM
[ReportManager] Attempting to run remotely on: [Linux-64], [GoogleChrome], [http://localhost:4444/wd/hub], Headless Execution. @28-01-2022 12:47:00.0872 PM
[ReportManager] Successfully Opened [GoogleChrome]. @28-01-2022 12:47:01.0110 PM
[ReportManager] Target URL: [https://www.google.com/ncr], and after redirection: [https://www.google.com] @28-01-2022 12:47:01.0110 PM
[ReportManager] Initial URL: [data:,] @28-01-2022 12:47:01.0191 PM
[ReportManager] Browser Action [NavigateToURL] successfully performed. With the following test data [https://www.google.com/ncr]. @28-01-2022 12:47:02.0115 P

################################################################################################################################################
Starting Execution:	[20 out of 23] test cases in the current suite
Test Method:		[tests.gui.google.B_Search_FlatTest_SHAFT.searchForQueryAndAssertFirstResultTextIsCorrect]
################################################################################################################################################
[ReportManager] Element Action [Type] successfully performed. With the following test data [SHAFT_Engine]. @28-01-2022 12:47:02.0985 PM
[ReportManager] Element Action [KeyPress] successfully performed. With the following test data [ENTER]. @28-01-2022 12:47:04.0775 PM
[ReportManager] Element Action [GetText] successfully performed. With the following test data [SHAFT_ENGINE is a Test Automation Engine that ... - GitHub]. @28-01-2022 12:47:04.0915 PM
[ReportManager] Assertion Failed: Asserting that the correct first result is displayed @28-01-2022 12:47:05.0606 PM
[ReportManager] Successfully created attachment [Screenshot - 1643374025455_searchForQueryAndAssertFirstResultTextIsCorrect_ValidateElementAttribute_failed] @28-01-2022 12:47:05.0616 PM
[ReportManager] Assertion [ValidateElementAttribute] FAILED. Expected [Value Should be 'MohabMohie' for the 'Text' attribute, element locator 'By.xpath: (//h1[contains(text(),'Search Result')]/following-sibling::div//a/h3)[1]'] and Actual [SHAFT_ENGINE is a Test Automation Engine that ... - GitHub]. Comparison Type [CONTAINS]. Validation Type [POSITIVE]. @28-01-2022 12:47:05.0616 P
[ReportManager] Browser Action [CloseCurrentWindow] successfully performed. @28-01-2022 12:47:05.0877 PM
[ReportManager] Successfully created attachment [Browser Action Test Data - CloseCurrentWindow - Actual Value] @28-01-2022 12:47:05.0882 P
[ReportManager] An Exception Occured with this Message: src/test/resources/testDataFiles/Google/SimpleSearch.xlsx (No such file or directory). @28-01-2022 12:47:05.0887 PM
[ReportManager] Successfully created attachment [Exception Stack Trace - java.io.FileNotFoundException] @28-01-2022 12:47:05.0887 PM
[ReportManager] Couldn't find the desired file. [src/test/resources/testDataFiles/Google/SimpleSearch.xlsx]. @28-01-2022 12:47:05.0887 P


################################################################################################################################################
Starting Execution:	[21 out of 23] test cases in the current suite
Test Method:		[tests.gui.google.D_Search_PageObjectModel_Traditional_DataDriven.navigateToGoogleHomeAndAssertGoogleLogoIsDisplayed]
###############################################################################################################################################



################################################################################################################################################
Starting Execution:	[22 out of 23] test cases in the current suite
Test Method:		[tests.gui.google.D_Search_PageObjectModel_Traditional_DataDriven.navigateToGoogleHomeAndAssertPageTitle]
###############################################################################################################################################



################################################################################################################################################
Starting Execution:	[23 out of 23] test cases in the current suite
Test Method:		[tests.gui.google.D_Search_PageObjectModel_Traditional_DataDriven.searchForQueryAndAssertFirstResultTextIsCorrect]
###############################################################################################################################################

[ReportManager] Successfully created attachment [SHAFT Engine Logs - Execution log] @28-01-2022 12:47:05.0935 PM

################################################################################################################################################
This test run was powered by SHAFT Engine Version: [SHAFT Engine v6.1.20220113]
SHAFT Engine is licensed under the MIT License: [https://github.com/MohabMohie/SHAFT_ENGINE/blob/master/LICENSE].
################################################################################################################################################