################################################################################################################################################
Detected SHAFT Engine Version: [SHAFT Engine v5.4.20211202-BETA]
################################################################################################################################################
[ReportManager] File Action [GetAbsolutePath] successfully performed. With the following test data [Relative Folder Path: "target/downloadedFiles/"]. @29-12-2021 18:38:36.0364 PM
[ReportManager] Attempting to run remotely on: [Linux-64], [GoogleChrome], [http://localhost:4444/wd/hub], Headless Execution. @29-12-2021 18:38:36.0381 PM
[ReportManager] Successfully Opened [GoogleChrome]. @29-12-2021 18:38:38.0690 PM
[ReportManager] Target URL: [https://www.google.com/ncr], and after redirection: [https://www.google.com] @29-12-2021 18:38:38.0702 PM
[ReportManager] Initial URL: [data:,] @29-12-2021 18:38:38.0847 PM
[ReportManager] Browser Action [NavigateToURL] successfully performed. With the following test data [https://www.google.com/ncr]. @29-12-2021 18:38:40.0343 P

################################################################################################################################################
Starting Execution:	[1 out of 23] test cases in the current suite
Test Method:		[tests.gui.google.B_Search_FlatTest_SHAFT.navigateToGoogleHomeAndAssertGoogleLogoIsDisplayed]
################################################################################################################################################
[ReportManager] File Action [DoesFileExist] successfully performed. With the following test data [File Path: "src/main/resources/dynamicObjectRepository/tests_gui_google_B_Search_FlatTest_SHAFT_navigateToGoogleHomeAndAssertGoogleLogoIsDisplayed_By_xpath_img_id_hplogo_or_alt_Google.png"]. @29-12-2021 18:38:40.0496 PM
[ReportManager] File Action [GetAbsolutePath] successfully performed. With the following test data [Relative Folder Path: "src/main/resources/dynamicObjectRepository/tests_gui_google_B_Search_FlatTest_SHAFT_navigateToGoogleHomeAndAssertGoogleLogoIsDisplayed_By_xpath_img_id_hplogo_or_alt_Google.png"]. @29-12-2021 18:38:40.0497 PM
[ReportManager] File Action [ReadFromImageFile] successfully performed. With the following test data [File Path: "/home/runner/work/using_SHAFT_ENGINE/using_SHAFT_ENGINE/src/main/resources/dynamicObjectRepository/tests_gui_google_B_Search_FlatTest_SHAFT_navigateToGoogleHomeAndAssertGoogleLogoIsDisplayed_By_xpath_img_id_hplogo_or_alt_Google.png"]. @29-12-2021 18:38:40.0497 PM
[ReportManager] File Action [DoesFileExist] successfully performed. With the following test data [File Path: "src/main/resources/dynamicObjectRepository/tests_gui_google_B_Search_FlatTest_SHAFT_navigateToGoogleHomeAndAssertGoogleLogoIsDisplayed_By_xpath_img_id_hplogo_or_alt_Google.png"]. @29-12-2021 18:38:40.0798 PM
[ReportManager] File Action [DoesFileExist] successfully performed. With the following test data [File Path: "src/main/resources/dynamicObjectRepository/tests_gui_google_B_Search_FlatTest_SHAFT_navigateToGoogleHomeAndAssertGoogleLogoIsDisplayed_By_xpath_img_id_hplogo_or_alt_Google.png"]. @29-12-2021 18:38:40.0804 PM
[ReportManager] Loaded Shared OpenCV @29-12-2021 18:38:41.0306 PM
[ReportManager] Successfully identified the element using AI; OpenCV. @29-12-2021 18:38:41.0364 PM
[ReportManager] Assertion Passed: Asserting that the Google logo is displayed @29-12-2021 18:38:41.0367 PM
[ReportManager] Successfully created attachment [Validation Test Data - Reference Screenshot] @29-12-2021 18:38:41.0372 PM
[ReportManager] Successfully created attachment [Validation Test Data - Actual Screenshot] @29-12-2021 18:38:41.0373 PM
[ReportManager] Assertion [ValidateElementMatches] PASSED. Expected [Element should match the reference screenshot] and Actual [TRUE]. Comparison Type [EXACT_OPENCV]. Validation Type [POSITIVE]. @29-12-2021 18:38:41.0373 P
[ReportManager] Browser Action [CloseCurrentWindow] successfully performed. @29-12-2021 18:38:41.0564 PM
[ReportManager] Successfully created attachment [Browser Action Test Data - CloseCurrentWindow - Actual Value] @29-12-2021 18:38:41.0572 P
[ReportManager] File Action [GetAbsolutePath] successfully performed. With the following test data [Relative Folder Path: "target/downloadedFiles/"]. @29-12-2021 18:38:41.0590 PM
[ReportManager] Attempting to run remotely on: [Linux-64], [GoogleChrome], [http://localhost:4444/wd/hub], Headless Execution. @29-12-2021 18:38:41.0591 PM
[ReportManager] Successfully Opened [GoogleChrome]. @29-12-2021 18:38:42.0119 PM
[ReportManager] Target URL: [https://www.google.com/ncr], and after redirection: [https://www.google.com] @29-12-2021 18:38:42.0119 PM
[ReportManager] Initial URL: [data:,] @29-12-2021 18:38:42.0232 PM
[ReportManager] Browser Action [NavigateToURL] successfully performed. With the following test data [https://www.google.com/ncr]. @29-12-2021 18:38:43.0276 P

################################################################################################################################################
Starting Execution:	[2 out of 23] test cases in the current suite
Test Method:		[tests.gui.google.B_Search_FlatTest_SHAFT.navigateToGoogleHomeAndAssertPageTitle]
################################################################################################################################################
[ReportManager] Browser Action [GetCurrentWindowTitle] successfully performed. With the following test data [Google]. @29-12-2021 18:38:43.0347 PM
[ReportManager] Assertion Passed: Asserting that the page title is Google @29-12-2021 18:38:43.0976 PM
[ReportManager] Successfully created attachment [Screenshot - 1640803123587_navigateToGoogleHomeAndAssertPageTitle_ValidateBrowserAttribute_passed] @29-12-2021 18:38:43.0994 PM
[ReportManager] Assertion [ValidateBrowserAttribute] PASSED. Expected [Value Should be 'Google' for the 'Title' attribute] and Actual [Google]. Comparison Type [EQUALS]. Validation Type [POSITIVE]. @29-12-2021 18:38:43.0995 P
[ReportManager] Browser Action [CloseCurrentWindow] successfully performed. @29-12-2021 18:38:44.0175 PM
[ReportManager] Successfully created attachment [Browser Action Test Data - CloseCurrentWindow - Actual Value] @29-12-2021 18:38:44.0178 P
[ReportManager] File Action [GetAbsolutePath] successfully performed. With the following test data [Relative Folder Path: "target/downloadedFiles/"]. @29-12-2021 18:38:44.0186 PM
[ReportManager] Attempting to run remotely on: [Linux-64], [GoogleChrome], [http://localhost:4444/wd/hub], Headless Execution. @29-12-2021 18:38:44.0186 PM
[ReportManager] Successfully Opened [GoogleChrome]. @29-12-2021 18:38:44.0684 PM
[ReportManager] Target URL: [https://www.google.com/ncr], and after redirection: [https://www.google.com] @29-12-2021 18:38:44.0684 PM
[ReportManager] Initial URL: [data:,] @29-12-2021 18:38:44.0782 PM
[ReportManager] Browser Action [NavigateToURL] successfully performed. With the following test data [https://www.google.com/ncr]. @29-12-2021 18:38:45.0794 P

################################################################################################################################################
Starting Execution:	[3 out of 23] test cases in the current suite
Test Method:		[tests.gui.google.B_Search_FlatTest_SHAFT.searchForQueryAndAssertFirstResultTextIsCorrect]
################################################################################################################################################
[ReportManager] Element Action [Type] successfully performed. With the following test data [SHAFT_Engine]. @29-12-2021 18:38:46.0322 PM
[ReportManager] Element Action [KeyPress] successfully performed. With the following test data [ENTER]. @29-12-2021 18:38:47.0949 PM
[ReportManager] Element Action [GetText] successfully performed. With the following test data [SHAFT: Unified Test Automation Engine - GitHub]. @29-12-2021 18:38:48.0121 PM
[ReportManager] Loaded Shared OpenCV @29-12-2021 18:38:48.0530 PM
[ReportManager] Assertion Failed: Asserting that the correct first result is displayed @29-12-2021 18:38:48.0799 PM
[ReportManager] Successfully created attachment [Screenshot - 1640803128530_searchForQueryAndAssertFirstResultTextIsCorrect_ValidateElementAttribute_failed] @29-12-2021 18:38:48.0807 PM
[ReportManager] Assertion [ValidateElementAttribute] FAILED. Expected [Value Should be 'MohabMohie' for the 'Text' attribute, element locator 'By.xpath: (//h1[contains(text(),'Search Result')]/following-sibling::div//a/h3)[1]'] and Actual [SHAFT: Unified Test Automation Engine - GitHub]. Comparison Type [CONTAINS]. Validation Type [POSITIVE]. @29-12-2021 18:38:48.0807 P
[ReportManager] Browser Action [CloseCurrentWindow] successfully performed. @29-12-2021 18:38:49.0135 PM
[ReportManager] Successfully created attachment [Browser Action Test Data - CloseCurrentWindow - Actual Value] @29-12-2021 18:38:49.0150 P
[ReportManager] An Exception Occured with this Message: src/test/resources/testDataFiles/Google/SimpleSearch.xlsx (No such file or directory). @29-12-2021 18:38:49.0165 PM
[ReportManager] Successfully created attachment [Exception Stack Trace - java.io.FileNotFoundException] @29-12-2021 18:38:49.0165 PM
[ReportManager] Couldn't find the desired file. [src/test/resources/testDataFiles/Google/SimpleSearch.xlsx]. @29-12-2021 18:38:49.0166 P


################################################################################################################################################
Starting Execution:	[4 out of 23] test cases in the current suite
Test Method:		[tests.gui.google.G_Search_PageObjectModel_ThreadSafe.navigateToGoogleHomeAndAssertGoogleLogoIsDisplayed]
###############################################################################################################################################



################################################################################################################################################
Starting Execution:	[5 out of 23] test cases in the current suite
Test Method:		[tests.gui.google.G_Search_PageObjectModel_ThreadSafe.navigateToGoogleHomeAndAssertPageTitle]
###############################################################################################################################################



################################################################################################################################################
Starting Execution:	[6 out of 23] test cases in the current suite
Test Method:		[tests.gui.google.G_Search_PageObjectModel_ThreadSafe.searchForQueryAndAssertFirstResultTextIsCorrect]
###############################################################################################################################################

[ReportManager] File Action [GetAbsolutePath] successfully performed. With the following test data [Relative Folder Path: "target/downloadedFiles/"]. @29-12-2021 18:38:49.0199 PM
[ReportManager] Attempting to run remotely on: [Linux-64], [GoogleChrome], [http://localhost:4444/wd/hub], Headless Execution. @29-12-2021 18:38:49.0200 PM
[ReportManager] Successfully Opened [GoogleChrome]. @29-12-2021 18:38:49.0624 PM
[ReportManager] Target URL: [https://www.google.com/ncr], and after redirection: [https://www.google.com] @29-12-2021 18:38:49.0626 PM
[ReportManager] Initial URL: [data:,] @29-12-2021 18:38:49.0719 PM
[ReportManager] Browser Action [NavigateToURL] successfully performed. With the following test data [https://www.google.com/ncr]. @29-12-2021 18:38:52.0081 P

################################################################################################################################################
Starting Execution:	[7 out of 23] test cases in the current suite
Test Method:		[tests.gui.google.C_Search_PageObjectModel_Traditional.navigateToGoogleHomeAndAssertGoogleLogoIsDisplayed]
################################################################################################################################################
[ReportManager] Element Action [IsElementDisplayed] successfully performed. @29-12-2021 18:38:52.0220 PM
[ReportManager] Assertion Passed: Asserting that the Google logo is displayed @29-12-2021 18:38:52.0221 PM
[ReportManager] Assertion [ValidateTrue] PASSED. Expected [TRUE] and Actual [TRUE]. Validation Type [POSITIVE]. @29-12-2021 18:38:52.0221 P
[ReportManager] Browser Action [CloseCurrentWindow] successfully performed. @29-12-2021 18:38:52.0385 PM
[ReportManager] Successfully created attachment [Browser Action Test Data - CloseCurrentWindow - Actual Value] @29-12-2021 18:38:52.0390 P
[ReportManager] File Action [GetAbsolutePath] successfully performed. With the following test data [Relative Folder Path: "target/downloadedFiles/"]. @29-12-2021 18:38:52.0399 PM
[ReportManager] Attempting to run remotely on: [Linux-64], [GoogleChrome], [http://localhost:4444/wd/hub], Headless Execution. @29-12-2021 18:38:52.0399 PM
[ReportManager] Successfully Opened [GoogleChrome]. @29-12-2021 18:38:52.0635 PM
[ReportManager] Target URL: [https://www.google.com/ncr], and after redirection: [https://www.google.com] @29-12-2021 18:38:52.0635 PM
[ReportManager] Initial URL: [data:,] @29-12-2021 18:38:52.0721 PM
[ReportManager] Browser Action [NavigateToURL] successfully performed. With the following test data [https://www.google.com/ncr]. @29-12-2021 18:38:53.0642 P

################################################################################################################################################
Starting Execution:	[8 out of 23] test cases in the current suite
Test Method:		[tests.gui.google.C_Search_PageObjectModel_Traditional.navigateToGoogleHomeAndAssertPageTitle]
################################################################################################################################################
[ReportManager] Browser Action [GetCurrentWindowTitle] successfully performed. With the following test data [Google]. @29-12-2021 18:38:53.0733 PM
[ReportManager] Assertion Passed: Asserting that the page title is Google @29-12-2021 18:38:53.0734 PM
[ReportManager] Assertion [ValidateEquals] PASSED. Expected [Google] and Actual [Google]. Comparison Type [EQUALS]. Validation Type [POSITIVE]. @29-12-2021 18:38:53.0734 P
[ReportManager] Browser Action [CloseCurrentWindow] successfully performed. @29-12-2021 18:38:53.0883 PM
[ReportManager] Successfully created attachment [Browser Action Test Data - CloseCurrentWindow - Actual Value] @29-12-2021 18:38:53.0885 P
[ReportManager] File Action [GetAbsolutePath] successfully performed. With the following test data [Relative Folder Path: "target/downloadedFiles/"]. @29-12-2021 18:38:53.0893 PM
[ReportManager] Attempting to run remotely on: [Linux-64], [GoogleChrome], [http://localhost:4444/wd/hub], Headless Execution. @29-12-2021 18:38:53.0894 PM
[ReportManager] Successfully Opened [GoogleChrome]. @29-12-2021 18:38:54.0122 PM
[ReportManager] Target URL: [https://www.google.com/ncr], and after redirection: [https://www.google.com] @29-12-2021 18:38:54.0122 PM
[ReportManager] Initial URL: [data:,] @29-12-2021 18:38:54.0228 PM
[ReportManager] Browser Action [NavigateToURL] successfully performed. With the following test data [https://www.google.com/ncr]. @29-12-2021 18:38:55.0151 P

################################################################################################################################################
Starting Execution:	[9 out of 23] test cases in the current suite
Test Method:		[tests.gui.google.C_Search_PageObjectModel_Traditional.searchForQueryAndAssertFirstResultTextIsCorrect]
################################################################################################################################################
[ReportManager] Element Action [Type] successfully performed. With the following test data [SHAFT_Engine]. @29-12-2021 18:38:55.0606 PM
[ReportManager] Element Action [KeyPress] successfully performed. With the following test data [ENTER]. @29-12-2021 18:38:56.0548 PM
[ReportManager] Element Action [GetText] successfully performed. With the following test data [SHAFT: Unified Test Automation Engine - GitHub]. @29-12-2021 18:38:57.0086 PM
[ReportManager] Assertion Failed: Asserting that the correct first result is displayed @29-12-2021 18:38:57.0086 PM
[ReportManager] Assertion [ValidateEquals] FAILED. Expected [MohabMohie] and Actual [SHAFT: Unified Test Automation Engine - GitHub]. Comparison Type [CONTAINS]. Validation Type [POSITIVE]. @29-12-2021 18:38:57.0087 P
[ReportManager] Browser Action [CloseCurrentWindow] successfully performed. @29-12-2021 18:38:57.0392 PM
[ReportManager] Successfully created attachment [Browser Action Test Data - CloseCurrentWindow - Actual Value] @29-12-2021 18:38:57.0394 P
[ReportManager] An Exception Occured with this Message: src/test/resources/testDataFiles/Google/SimpleSearch.xlsx (No such file or directory). @29-12-2021 18:38:57.0402 PM
[ReportManager] Successfully created attachment [Exception Stack Trace - java.io.FileNotFoundException] @29-12-2021 18:38:57.0402 PM
[ReportManager] Couldn't find the desired file. [src/test/resources/testDataFiles/Google/SimpleSearch.xlsx]. @29-12-2021 18:38:57.0403 P


################################################################################################################################################
Starting Execution:	[10 out of 23] test cases in the current suite
Test Method:		[tests.gui.google.F_Search_PageObjectModel_Fluent.navigateToGoogleHomeAndAssertGoogleLogoIsDisplayed]
###############################################################################################################################################



################################################################################################################################################
Starting Execution:	[11 out of 23] test cases in the current suite
Test Method:		[tests.gui.google.F_Search_PageObjectModel_Fluent.navigateToGoogleHomeAndAssertPageTitle]
###############################################################################################################################################



################################################################################################################################################
Starting Execution:	[12 out of 23] test cases in the current suite
Test Method:		[tests.gui.google.F_Search_PageObjectModel_Fluent.searchForQueryAndAssertFirstResultTextIsCorrect]
###############################################################################################################################################

[ReportManager] An Exception Occured with this Message: src/test/resources/testDataFiles/Google/SimpleSearch.xlsx (No such file or directory). @29-12-2021 18:38:57.0443 PM
[ReportManager] Successfully created attachment [Exception Stack Trace - java.io.FileNotFoundException] @29-12-2021 18:38:57.0444 PM
[ReportManager] Couldn't find the desired file. [src/test/resources/testDataFiles/Google/SimpleSearch.xlsx]. @29-12-2021 18:38:57.0444 P


################################################################################################################################################
Starting Execution:	[13 out of 23] test cases in the current suite
Test Method:		[tests.gui.google.E_Search_PageObjectModel_Traditional_SHAFTAssertions.navigateToGoogleHomeAndAssertGoogleLogoIsDisplayed]
###############################################################################################################################################



################################################################################################################################################
Starting Execution:	[14 out of 23] test cases in the current suite
Test Method:		[tests.gui.google.E_Search_PageObjectModel_Traditional_SHAFTAssertions.navigateToGoogleHomeAndAssertPageTitle]
###############################################################################################################################################



################################################################################################################################################
Starting Execution:	[15 out of 23] test cases in the current suite
Test Method:		[tests.gui.google.E_Search_PageObjectModel_Traditional_SHAFTAssertions.searchForQueryAndAssertFirstResultTextIsCorrect]
###############################################################################################################################################

[ReportManager] An Exception Occured with this Message: src/test/resources/testDataFiles/Google/SimpleSearch.xlsx (No such file or directory). @29-12-2021 18:38:57.0475 PM
[ReportManager] Successfully created attachment [Exception Stack Trace - java.io.FileNotFoundException] @29-12-2021 18:38:57.0476 PM
[ReportManager] Couldn't find the desired file. [src/test/resources/testDataFiles/Google/SimpleSearch.xlsx]. @29-12-2021 18:38:57.0476 P


################################################################################################################################################
Starting Execution:	[16 out of 23] test cases in the current suite
Test Method:		[tests.gui.google.D_Search_PageObjectModel_Traditional_DataDriven.navigateToGoogleHomeAndAssertGoogleLogoIsDisplayed]
###############################################################################################################################################



################################################################################################################################################
Starting Execution:	[17 out of 23] test cases in the current suite
Test Method:		[tests.gui.google.D_Search_PageObjectModel_Traditional_DataDriven.navigateToGoogleHomeAndAssertPageTitle]
###############################################################################################################################################



################################################################################################################################################
Starting Execution:	[18 out of 23] test cases in the current suite
Test Method:		[tests.gui.google.D_Search_PageObjectModel_Traditional_DataDriven.searchForQueryAndAssertFirstResultTextIsCorrect]
###############################################################################################################################################




################################################################################################################################################
Starting Execution:	[19 out of 23] test cases in the current suite
Test Method:		[tests.gui.google.A_Search_FlatTest_NativeSeleniumWebDriver.navigateToGoogleHomeAndAssertGoogleLogoIsDisplayed]
###############################################################################################################################################



################################################################################################################################################
Starting Execution:	[20 out of 23] test cases in the current suite
Test Method:		[tests.gui.google.A_Search_FlatTest_NativeSeleniumWebDriver.navigateToGoogleHomeAndAssertPageTitle]
###############################################################################################################################################



################################################################################################################################################
Starting Execution:	[21 out of 23] test cases in the current suite
Test Method:		[tests.gui.google.A_Search_FlatTest_NativeSeleniumWebDriver.searchForQueryAndAssertFirstResultTextIsCorrect]
###############################################################################################################################################


################################################################################################################################################
Starting Execution:	[22 out of 23] test cases in the current suite
Test Method:		[tests.api.users.UserData.validateUserEmail]
################################################################################################################################################
[ReportManager] Response status code: [200], status line: [HTTP/1.1 200 OK] @29-12-2021 18:39:20.0495 PM
[ReportManager] Assertion Passed: Evaluating the actual response status code against the expected one... @29-12-2021 18:39:20.0504 PM
[ReportManager] Assertion [ValidateComparativeRelation] PASSED. Expected [200] and Actual [200]. Comparison Type [EQUALS]. Validation Type [POSITIVE]. @29-12-2021 18:39:20.0504 PM
[ReportManager] API Action [PerformRequest] successfully performed. With the following test data [Request Type: "GET" | Target Status Code: "200" | Service URL: "https://jsonplaceholder.typicode.com/users" | Content Type: "*/*" | Response Time: "629ms"]. @29-12-2021 18:39:21.0587 PM
[ReportManager] Successfully created attachment [API Request - Specifications] @29-12-2021 18:39:21.0588 PM
[ReportManager] Successfully created attachment [API Response - JSON Body] @29-12-2021 18:39:21.0882 PM
[ReportManager] Assertion [ValidateEquals] PASSED. Expected and Actual values are attached. Comparison Type [CONTAINS]. Validation Type [POSITIVE]. @29-12-2021 18:39:21.0883 PM
[ReportManager] Successfully created attachment [Validation Test Data - Expected Value] @29-12-2021 18:39:21.0884 PM
[ReportManager] Successfully created attachment [Validation Test Data - Actual Value] @29-12-2021 18:39:21.0884 PM
[ReportManager] API Action [GetResponseJSONValueAsList] successfully performed. With the following test data [$]. @29-12-2021 18:39:21.0910 PM
[ReportManager] API Action [GetResponseJSONValue] successfully performed. With the following test data [name]. @29-12-2021 18:39:21.0942 PM
[ReportManager] API Action [GetResponseJSONValue] successfully performed. With the following test data [email]. @29-12-2021 18:39:21.0965 PM
[ReportManager] Assertion [ValidateEquals] PASSED. Expected [Sincere@april.biz] and Actual [Sincere@april.biz]. Comparison Type [EQUALS]. Validation Type [POSITIVE]. @29-12-2021 18:39:21.0966 PM
[ReportManager] API Action [GetResponseJSONValue] successfully performed. With the following test data [name]. @29-12-2021 18:39:21.0994 PM
[ReportManager] API Action [GetResponseJSONValue] successfully performed. With the following test data [name]. @29-12-2021 18:39:22.0016 PM
[ReportManager] API Action [GetResponseJSONValue] successfully performed. With the following test data [name]. @29-12-2021 18:39:22.0027 PM
[ReportManager] API Action [GetResponseJSONValue] successfully performed. With the following test data [name]. @29-12-2021 18:39:22.0049 PM
[ReportManager] API Action [GetResponseJSONValue] successfully performed. With the following test data [name]. @29-12-2021 18:39:22.0070 PM
[ReportManager] API Action [GetResponseJSONValue] successfully performed. With the following test data [name]. @29-12-2021 18:39:22.0087 PM
[ReportManager] API Action [GetResponseJSONValue] successfully performed. With the following test data [name]. @29-12-2021 18:39:22.0103 PM
[ReportManager] API Action [GetResponseJSONValue] successfully performed. With the following test data [name]. @29-12-2021 18:39:22.0120 PM
[ReportManager] API Action [GetResponseJSONValue] successfully performed. With the following test data [name]. @29-12-2021 18:39:22.0134 P

################################################################################################################################################
Starting Execution:	[23 out of 23] test cases in the current suite
Test Method:		[tests.cli.demo.cliTest.sampleTestCase]
################################################################################################################################################
[ReportManager] Attempting to perform the following command locally. Command: [ls] @29-12-2021 18:39:22.0145 PM
[ReportManager] Terminal Action [PerformTerminalCommands] successfully performed. With the following test data [Host Name: "localHost" | Command: "ls" | Exit Status: "0"]. @29-12-2021 18:39:22.0150 PM
[ReportManager] Successfully created attachment [Terminal Action Actual Result - Command Log] @29-12-2021 18:39:22.0151 PM
[ReportManager] Assertion Passed: Demoing local terminal actions @29-12-2021 18:39:22.0151 PM
[ReportManager] Assertion [ValidateEquals] PASSED. Expected [pom.xml] and Actual [LICENSE
README.md
allure-results
docker-compose_native.yml
docker-compose_zalenium.yml
extent-reports
pom.xml
readMeImgs
src
target]. Comparison Type [CONTAINS]. Validation Type [POSITIVE]. @29-12-2021 18:39:22.0151 P
[ReportManager] Successfully created attachment [SHAFT Engine Logs - Execution log] @29-12-2021 18:39:22.0181 PM

################################################################################################################################################
This test run was powered by SHAFT Engine Version: [SHAFT Engine v5.4.20211202-BETA]
SHAFT Engine is licensed under the MIT License: [https://github.com/MohabMohie/SHAFT_ENGINE/blob/master/LICENSE].
################################################################################################################################################