################################################################################################################################################
Detected SHAFT Engine Version: [SHAFT Engine v6.1.20220113]
################################################################################################################################################
[ReportManager] File Action [GetAbsolutePath] successfully performed. With the following test data [Relative Folder Path: "target/downloadedFiles/"]. @07-03-2022 18:36:19.0970 PM
[ReportManager] Attempting to run remotely on: [Linux-64], [GoogleChrome], [http://localhost:4444/wd/hub], Headless Execution. @07-03-2022 18:36:19.0982 PM
[ReportManager] Successfully Opened [GoogleChrome]. @07-03-2022 18:36:21.0786 PM
[ReportManager] Target URL: [https://www.google.com/ncr], and after redirection: [https://www.google.com] @07-03-2022 18:36:21.0797 PM
[ReportManager] Initial URL: [data:,] @07-03-2022 18:36:21.0921 PM
[ReportManager] Browser Action [NavigateToURL] successfully performed. With the following test data [https://www.google.com/ncr]. @07-03-2022 18:36:23.0406 P

################################################################################################################################################
Starting Execution:	[1 out of 23] test cases in the current suite
Test Method:		[tests.gui.google.C_Search_PageObjectModel_Traditional.navigateToGoogleHomeAndAssertGoogleLogoIsDisplayed]
################################################################################################################################################
[ReportManager] Element Action [IsElementDisplayed] successfully performed. @07-03-2022 18:36:23.0754 PM
[ReportManager] Assertion Passed: Asserting that the Google logo is displayed @07-03-2022 18:36:23.0766 PM
[ReportManager] Assertion [ValidateTrue] PASSED. Expected [TRUE] and Actual [TRUE]. Validation Type [POSITIVE]. @07-03-2022 18:36:23.0767 P
[ReportManager] Browser Action [CloseCurrentWindow] successfully performed. @07-03-2022 18:36:23.0962 PM
[ReportManager] Successfully created attachment [Browser Action Test Data - CloseCurrentWindow - Actual Value] @07-03-2022 18:36:23.0970 P
[ReportManager] File Action [GetAbsolutePath] successfully performed. With the following test data [Relative Folder Path: "target/downloadedFiles/"]. @07-03-2022 18:36:24.0005 PM
[ReportManager] Attempting to run remotely on: [Linux-64], [GoogleChrome], [http://localhost:4444/wd/hub], Headless Execution. @07-03-2022 18:36:24.0006 PM
[ReportManager] Successfully Opened [GoogleChrome]. @07-03-2022 18:36:24.0441 PM
[ReportManager] Target URL: [https://www.google.com/ncr], and after redirection: [https://www.google.com] @07-03-2022 18:36:24.0441 PM
[ReportManager] Initial URL: [data:,] @07-03-2022 18:36:24.0535 PM
[ReportManager] Browser Action [NavigateToURL] successfully performed. With the following test data [https://www.google.com/ncr]. @07-03-2022 18:36:25.0627 P

################################################################################################################################################
Starting Execution:	[2 out of 23] test cases in the current suite
Test Method:		[tests.gui.google.C_Search_PageObjectModel_Traditional.navigateToGoogleHomeAndAssertPageTitle]
################################################################################################################################################
[ReportManager] Browser Action [GetCurrentWindowTitle] successfully performed. With the following test data [Google]. @07-03-2022 18:36:25.0706 PM
[ReportManager] Assertion Passed: Asserting that the page title is Google @07-03-2022 18:36:25.0711 PM
[ReportManager] Assertion [ValidateEquals] PASSED. Expected [Google] and Actual [Google]. Comparison Type [EQUALS]. Validation Type [POSITIVE]. @07-03-2022 18:36:25.0712 P
[ReportManager] Browser Action [CloseCurrentWindow] successfully performed. @07-03-2022 18:36:25.0897 PM
[ReportManager] Successfully created attachment [Browser Action Test Data - CloseCurrentWindow - Actual Value] @07-03-2022 18:36:25.0899 P
[ReportManager] File Action [GetAbsolutePath] successfully performed. With the following test data [Relative Folder Path: "target/downloadedFiles/"]. @07-03-2022 18:36:25.0904 PM
[ReportManager] Attempting to run remotely on: [Linux-64], [GoogleChrome], [http://localhost:4444/wd/hub], Headless Execution. @07-03-2022 18:36:25.0905 PM
[ReportManager] Successfully Opened [GoogleChrome]. @07-03-2022 18:36:26.0281 PM
[ReportManager] Target URL: [https://www.google.com/ncr], and after redirection: [https://www.google.com] @07-03-2022 18:36:26.0281 PM
[ReportManager] Initial URL: [data:,] @07-03-2022 18:36:26.0399 PM
[ReportManager] Browser Action [NavigateToURL] successfully performed. With the following test data [https://www.google.com/ncr]. @07-03-2022 18:36:27.0555 P

################################################################################################################################################
Starting Execution:	[3 out of 23] test cases in the current suite
Test Method:		[tests.gui.google.C_Search_PageObjectModel_Traditional.searchForQueryAndAssertFirstResultTextIsCorrect]
################################################################################################################################################
[ReportManager] Element Action [Type] successfully performed. With the following test data [SHAFT_Engine]. @07-03-2022 18:36:28.0834 PM
[ReportManager] Element Action [KeyPress] successfully performed. With the following test data [ENTER]. @07-03-2022 18:36:30.0222 PM
[ReportManager] Element Action [GetText] successfully performed. With the following test data [SHAFT_ENGINE is a Test Automation Engine that ... - GitHub]. @07-03-2022 18:36:30.0368 PM
[ReportManager] Assertion Failed: Asserting that the correct first result is displayed @07-03-2022 18:36:30.0373 PM
[ReportManager] Assertion [ValidateEquals] FAILED. Expected [MohabMohie] and Actual [SHAFT_ENGINE is a Test Automation Engine that ... - GitHub]. Comparison Type [CONTAINS]. Validation Type [POSITIVE]. @07-03-2022 18:36:30.0373 P
[ReportManager] Browser Action [CloseCurrentWindow] successfully performed. @07-03-2022 18:36:30.0659 PM
[ReportManager] Successfully created attachment [Browser Action Test Data - CloseCurrentWindow - Actual Value] @07-03-2022 18:36:30.0689 P
[ReportManager] An Exception Occured with this Message: src/test/resources/testDataFiles/Google/SimpleSearch.xlsx (No such file or directory). @07-03-2022 18:36:30.0763 PM
[ReportManager] Successfully created attachment [Exception Stack Trace - java.io.FileNotFoundException] @07-03-2022 18:36:30.0763 PM
[ReportManager] Couldn't find the desired file. [src/test/resources/testDataFiles/Google/SimpleSearch.xlsx]. @07-03-2022 18:36:30.0764 P


################################################################################################################################################
Starting Execution:	[4 out of 23] test cases in the current suite
Test Method:		[tests.gui.google.D_Search_PageObjectModel_Traditional_DataDriven.navigateToGoogleHomeAndAssertGoogleLogoIsDisplayed]
###############################################################################################################################################



################################################################################################################################################
Starting Execution:	[5 out of 23] test cases in the current suite
Test Method:		[tests.gui.google.D_Search_PageObjectModel_Traditional_DataDriven.navigateToGoogleHomeAndAssertPageTitle]
###############################################################################################################################################



################################################################################################################################################
Starting Execution:	[6 out of 23] test cases in the current suite
Test Method:		[tests.gui.google.D_Search_PageObjectModel_Traditional_DataDriven.searchForQueryAndAssertFirstResultTextIsCorrect]
###############################################################################################################################################




################################################################################################################################################
Starting Execution:	[7 out of 23] test cases in the current suite
Test Method:		[tests.gui.google.A_Search_FlatTest_NativeSeleniumWebDriver.navigateToGoogleHomeAndAssertGoogleLogoIsDisplayed]
###############################################################################################################################################



################################################################################################################################################
Starting Execution:	[8 out of 23] test cases in the current suite
Test Method:		[tests.gui.google.A_Search_FlatTest_NativeSeleniumWebDriver.navigateToGoogleHomeAndAssertPageTitle]
###############################################################################################################################################



################################################################################################################################################
Starting Execution:	[9 out of 23] test cases in the current suite
Test Method:		[tests.gui.google.A_Search_FlatTest_NativeSeleniumWebDriver.searchForQueryAndAssertFirstResultTextIsCorrect]
###############################################################################################################################################

[ReportManager] An Exception Occured with this Message: src/test/resources/testDataFiles/Google/SimpleSearch.xlsx (No such file or directory). @07-03-2022 18:36:49.0120 PM
[ReportManager] Successfully created attachment [Exception Stack Trace - java.io.FileNotFoundException] @07-03-2022 18:36:49.0121 PM
[ReportManager] Couldn't find the desired file. [src/test/resources/testDataFiles/Google/SimpleSearch.xlsx]. @07-03-2022 18:36:49.0121 P


################################################################################################################################################
Starting Execution:	[10 out of 23] test cases in the current suite
Test Method:		[tests.gui.google.G_Search_PageObjectModel_ThreadSafe.navigateToGoogleHomeAndAssertGoogleLogoIsDisplayed]
###############################################################################################################################################



################################################################################################################################################
Starting Execution:	[11 out of 23] test cases in the current suite
Test Method:		[tests.gui.google.G_Search_PageObjectModel_ThreadSafe.navigateToGoogleHomeAndAssertPageTitle]
###############################################################################################################################################



################################################################################################################################################
Starting Execution:	[12 out of 23] test cases in the current suite
Test Method:		[tests.gui.google.G_Search_PageObjectModel_ThreadSafe.searchForQueryAndAssertFirstResultTextIsCorrect]
###############################################################################################################################################

[ReportManager] An Exception Occured with this Message: src/test/resources/testDataFiles/Google/SimpleSearch.xlsx (No such file or directory). @07-03-2022 18:36:49.0143 PM
[ReportManager] Successfully created attachment [Exception Stack Trace - java.io.FileNotFoundException] @07-03-2022 18:36:49.0144 PM
[ReportManager] Couldn't find the desired file. [src/test/resources/testDataFiles/Google/SimpleSearch.xlsx]. @07-03-2022 18:36:49.0144 P


################################################################################################################################################
Starting Execution:	[13 out of 23] test cases in the current suite
Test Method:		[tests.gui.google.E_Search_PageObjectModel_Traditional_SHAFTAssertions.navigateToGoogleHomeAndAssertGoogleLogoIsDisplayed]
###############################################################################################################################################



################################################################################################################################################
Starting Execution:	[14 out of 23] test cases in the current suite
Test Method:		[tests.gui.google.E_Search_PageObjectModel_Traditional_SHAFTAssertions.navigateToGoogleHomeAndAssertPageTitle]
###############################################################################################################################################



################################################################################################################################################
Starting Execution:	[15 out of 23] test cases in the current suite
Test Method:		[tests.gui.google.E_Search_PageObjectModel_Traditional_SHAFTAssertions.searchForQueryAndAssertFirstResultTextIsCorrect]
###############################################################################################################################################

[ReportManager] An Exception Occured with this Message: src/test/resources/testDataFiles/Google/SimpleSearch.xlsx (No such file or directory). @07-03-2022 18:36:49.0182 PM
[ReportManager] Successfully created attachment [Exception Stack Trace - java.io.FileNotFoundException] @07-03-2022 18:36:49.0182 PM
[ReportManager] Couldn't find the desired file. [src/test/resources/testDataFiles/Google/SimpleSearch.xlsx]. @07-03-2022 18:36:49.0182 P


################################################################################################################################################
Starting Execution:	[16 out of 23] test cases in the current suite
Test Method:		[tests.gui.google.F_Search_PageObjectModel_Fluent.navigateToGoogleHomeAndAssertGoogleLogoIsDisplayed]
###############################################################################################################################################



################################################################################################################################################
Starting Execution:	[17 out of 23] test cases in the current suite
Test Method:		[tests.gui.google.F_Search_PageObjectModel_Fluent.navigateToGoogleHomeAndAssertPageTitle]
###############################################################################################################################################



################################################################################################################################################
Starting Execution:	[18 out of 23] test cases in the current suite
Test Method:		[tests.gui.google.F_Search_PageObjectModel_Fluent.searchForQueryAndAssertFirstResultTextIsCorrect]
###############################################################################################################################################

[ReportManager] File Action [GetAbsolutePath] successfully performed. With the following test data [Relative Folder Path: "target/downloadedFiles/"]. @07-03-2022 18:36:49.0207 PM
[ReportManager] Attempting to run remotely on: [Linux-64], [GoogleChrome], [http://localhost:4444/wd/hub], Headless Execution. @07-03-2022 18:36:49.0208 PM
[ReportManager] Successfully Opened [GoogleChrome]. @07-03-2022 18:36:49.0629 PM
[ReportManager] Target URL: [https://www.google.com/ncr], and after redirection: [https://www.google.com] @07-03-2022 18:36:49.0629 PM
[ReportManager] Initial URL: [data:,] @07-03-2022 18:36:49.0709 PM
[ReportManager] Browser Action [NavigateToURL] successfully performed. With the following test data [https://www.google.com/ncr]. @07-03-2022 18:36:50.0727 P

################################################################################################################################################
Starting Execution:	[19 out of 23] test cases in the current suite
Test Method:		[tests.gui.google.B_Search_FlatTest_SHAFT.navigateToGoogleHomeAndAssertGoogleLogoIsDisplayed]
################################################################################################################################################
[ReportManager] File Action [DoesFileExist] successfully performed. With the following test data [File Path: "src/main/resources/dynamicObjectRepository/tests_gui_google_B_Search_FlatTest_SHAFT_navigateToGoogleHomeAndAssertGoogleLogoIsDisplayed_By_xpath_img_id_hplogo_or_alt_Google.png"]. @07-03-2022 18:36:50.0733 PM
[ReportManager] File Action [GetAbsolutePath] successfully performed. With the following test data [Relative Folder Path: "src/main/resources/dynamicObjectRepository/tests_gui_google_B_Search_FlatTest_SHAFT_navigateToGoogleHomeAndAssertGoogleLogoIsDisplayed_By_xpath_img_id_hplogo_or_alt_Google.png"]. @07-03-2022 18:36:50.0733 PM
[ReportManager] File Action [ReadFromImageFile] successfully performed. With the following test data [File Path: "/home/runner/work/using_SHAFT_ENGINE/using_SHAFT_ENGINE/src/main/resources/dynamicObjectRepository/tests_gui_google_B_Search_FlatTest_SHAFT_navigateToGoogleHomeAndAssertGoogleLogoIsDisplayed_By_xpath_img_id_hplogo_or_alt_Google.png"]. @07-03-2022 18:36:50.0733 PM
[ReportManager] File Action [DoesFileExist] successfully performed. With the following test data [File Path: "src/main/resources/dynamicObjectRepository/tests_gui_google_B_Search_FlatTest_SHAFT_navigateToGoogleHomeAndAssertGoogleLogoIsDisplayed_By_xpath_img_id_hplogo_or_alt_Google.png"]. @07-03-2022 18:36:50.0968 PM
[ReportManager] File Action [DoesFileExist] successfully performed. With the following test data [File Path: "src/main/resources/dynamicObjectRepository/tests_gui_google_B_Search_FlatTest_SHAFT_navigateToGoogleHomeAndAssertGoogleLogoIsDisplayed_By_xpath_img_id_hplogo_or_alt_Google.png"]. @07-03-2022 18:36:50.0968 PM
[ReportManager] File Action [GetAbsolutePath] successfully performed. With the following test data [Relative Folder Path: "src/main/resources/dynamicObjectRepository/tests_gui_google_B_Search_FlatTest_SHAFT_navigateToGoogleHomeAndAssertGoogleLogoIsDisplayed_By_xpath_img_id_hplogo_or_alt_Google.png"]. @07-03-2022 18:36:50.0985 PM
[ReportManager] File Action [ReadFromImageFile] successfully performed. With the following test data [File Path: "/home/runner/work/using_SHAFT_ENGINE/using_SHAFT_ENGINE/src/main/resources/dynamicObjectRepository/tests_gui_google_B_Search_FlatTest_SHAFT_navigateToGoogleHomeAndAssertGoogleLogoIsDisplayed_By_xpath_img_id_hplogo_or_alt_Google.png"]. @07-03-2022 18:36:50.0986 PM
[ReportManager] Accuracy threshold is [80.0%] and the actual match accuracy is [91.50802493095398%]. @07-03-2022 18:36:50.0990 PM
[ReportManager] Successfully identified the element using AI; OpenCV. @07-03-2022 18:36:50.0990 PM
[ReportManager] Assertion Passed: Asserting that the Google logo is displayed @07-03-2022 18:36:50.0991 PM
[ReportManager] Successfully created attachment [Validation Test Data - Reference Screenshot] @07-03-2022 18:36:50.0992 PM
[ReportManager] Successfully created attachment [Validation Test Data - Actual Screenshot] @07-03-2022 18:36:50.0992 PM
[ReportManager] Assertion [ValidateElementMatches] PASSED. Expected [Element should match the reference screenshot] and Actual [TRUE]. Comparison Type [EXACT_OPENCV]. Validation Type [POSITIVE]. @07-03-2022 18:36:50.0992 P
[ReportManager] Browser Action [CloseCurrentWindow] successfully performed. @07-03-2022 18:36:51.0085 PM
[ReportManager] Successfully created attachment [Browser Action Test Data - CloseCurrentWindow - Actual Value] @07-03-2022 18:36:51.0086 P
[ReportManager] File Action [GetAbsolutePath] successfully performed. With the following test data [Relative Folder Path: "target/downloadedFiles/"]. @07-03-2022 18:36:51.0094 PM
[ReportManager] Attempting to run remotely on: [Linux-64], [GoogleChrome], [http://localhost:4444/wd/hub], Headless Execution. @07-03-2022 18:36:51.0094 PM
[ReportManager] Successfully Opened [GoogleChrome]. @07-03-2022 18:36:51.0349 PM
[ReportManager] Target URL: [https://www.google.com/ncr], and after redirection: [https://www.google.com] @07-03-2022 18:36:51.0349 PM
[ReportManager] Initial URL: [data:,] @07-03-2022 18:36:51.0429 PM
[ReportManager] Browser Action [NavigateToURL] successfully performed. With the following test data [https://www.google.com/ncr]. @07-03-2022 18:36:52.0486 P

################################################################################################################################################
Starting Execution:	[20 out of 23] test cases in the current suite
Test Method:		[tests.gui.google.B_Search_FlatTest_SHAFT.navigateToGoogleHomeAndAssertPageTitle]
################################################################################################################################################
[ReportManager] Browser Action [GetCurrentWindowTitle] successfully performed. With the following test data [Google]. @07-03-2022 18:36:52.0583 PM
[ReportManager] Assertion Passed: Asserting that the page title is Google @07-03-2022 18:36:53.0119 PM
[ReportManager] Successfully created attachment [Screenshot - 1646678212785_navigateToGoogleHomeAndAssertPageTitle_ValidateBrowserAttribute_passed] @07-03-2022 18:36:53.0125 PM
[ReportManager] Assertion [ValidateBrowserAttribute] PASSED. Expected [Value Should be 'Google' for the 'Title' attribute] and Actual [Google]. Comparison Type [EQUALS]. Validation Type [POSITIVE]. @07-03-2022 18:36:53.0125 P
[ReportManager] Browser Action [CloseCurrentWindow] successfully performed. @07-03-2022 18:36:53.0256 PM
[ReportManager] Successfully created attachment [Browser Action Test Data - CloseCurrentWindow - Actual Value] @07-03-2022 18:36:53.0257 P
[ReportManager] File Action [GetAbsolutePath] successfully performed. With the following test data [Relative Folder Path: "target/downloadedFiles/"]. @07-03-2022 18:36:53.0259 PM
[ReportManager] Attempting to run remotely on: [Linux-64], [GoogleChrome], [http://localhost:4444/wd/hub], Headless Execution. @07-03-2022 18:36:53.0260 PM
[ReportManager] Successfully Opened [GoogleChrome]. @07-03-2022 18:36:53.0494 PM
[ReportManager] Target URL: [https://www.google.com/ncr], and after redirection: [https://www.google.com] @07-03-2022 18:36:53.0494 PM
[ReportManager] Initial URL: [data:,] @07-03-2022 18:36:53.0561 PM
[ReportManager] Browser Action [NavigateToURL] successfully performed. With the following test data [https://www.google.com/ncr]. @07-03-2022 18:36:54.0550 P

################################################################################################################################################
Starting Execution:	[21 out of 23] test cases in the current suite
Test Method:		[tests.gui.google.B_Search_FlatTest_SHAFT.searchForQueryAndAssertFirstResultTextIsCorrect]
################################################################################################################################################
[ReportManager] Element Action [Type] successfully performed. With the following test data [SHAFT_Engine]. @07-03-2022 18:36:55.0316 PM
[ReportManager] Element Action [KeyPress] successfully performed. With the following test data [ENTER]. @07-03-2022 18:36:56.0342 PM
[ReportManager] Element Action [GetText] successfully performed. With the following test data [SHAFT_ENGINE is a Test Automation Engine that ... - GitHub]. @07-03-2022 18:36:56.0458 PM
[ReportManager] Assertion Failed: Asserting that the correct first result is displayed @07-03-2022 18:36:57.0126 PM
[ReportManager] Successfully created attachment [Screenshot - 1646678216972_searchForQueryAndAssertFirstResultTextIsCorrect_ValidateElementAttribute_failed] @07-03-2022 18:36:57.0134 PM
[ReportManager] Assertion [ValidateElementAttribute] FAILED. Expected [Value Should be 'MohabMohie' for the 'Text' attribute, element locator 'By.xpath: (//h1[contains(text(),'Search Result')]/following-sibling::div//a/h3)[1]'] and Actual [SHAFT_ENGINE is a Test Automation Engine that ... - GitHub]. Comparison Type [CONTAINS]. Validation Type [POSITIVE]. @07-03-2022 18:36:57.0134 P
[ReportManager] Browser Action [CloseCurrentWindow] successfully performed. @07-03-2022 18:36:57.0323 PM
[ReportManager] Successfully created attachment [Browser Action Test Data - CloseCurrentWindow - Actual Value] @07-03-2022 18:36:57.0325 P

################################################################################################################################################
Starting Execution:	[22 out of 23] test cases in the current suite
Test Method:		[tests.cli.demo.cliTest.sampleTestCase]
################################################################################################################################################
[ReportManager] Attempting to perform the following command locally. Command: [ls] @07-03-2022 18:36:57.0338 PM
[ReportManager] Terminal Action [PerformTerminalCommands] successfully performed. With the following test data [Host Name: "localHost" | Command: "ls" | Exit Status: "0"]. @07-03-2022 18:36:57.0342 PM
[ReportManager] Successfully created attachment [Terminal Action Actual Result - Command Log] @07-03-2022 18:36:57.0343 PM
[ReportManager] Assertion Passed: Demoing local terminal actions @07-03-2022 18:36:57.0343 PM
[ReportManager] Assertion [ValidateEquals] PASSED. Expected [pom.xml] and Actual [LICENSE
README.md
allure-results
docker-compose_native.yml
docker-compose_zalenium.yml
extent-reports
pom.xml
readMeImgs
src
target]. Comparison Type [CONTAINS]. Validation Type [POSITIVE]. @07-03-2022 18:36:57.0343 P

################################################################################################################################################
Starting Execution:	[23 out of 23] test cases in the current suite
Test Method:		[tests.api.users.UserData.validateUserEmail]
################################################################################################################################################
[ReportManager] Response status code: [200], status line: [HTTP/1.1 200 OK] @07-03-2022 18:36:58.0966 PM
[ReportManager] Assertion Passed: Evaluating the actual response status code against the expected one... @07-03-2022 18:36:58.0971 PM
[ReportManager] Assertion [ValidateComparativeRelation] PASSED. Expected [200] and Actual [200]. Comparison Type [EQUALS]. Validation Type [POSITIVE]. @07-03-2022 18:36:58.0971 PM
[ReportManager] API Action [PerformRequest] successfully performed. With the following test data [Request Type: "GET" | Target Status Code: "200" | Service URL: "https://jsonplaceholder.typicode.com/users" | Content Type: "*/*" | Response Time: "535ms"]. @07-03-2022 18:36:59.0958 PM
[ReportManager] Successfully created attachment [API Request - Specifications] @07-03-2022 18:36:59.0958 PM
[ReportManager] Successfully created attachment [API Response - JSON Body] @07-03-2022 18:37:00.0356 PM
[ReportManager] Assertion [ValidateEquals] PASSED. Expected and Actual values are attached. Comparison Type [CONTAINS]. Validation Type [POSITIVE]. @07-03-2022 18:37:00.0358 PM
[ReportManager] Successfully created attachment [Validation Test Data - Expected Value] @07-03-2022 18:37:00.0359 PM
[ReportManager] Successfully created attachment [Validation Test Data - Actual Value] @07-03-2022 18:37:00.0359 PM
[ReportManager] API Action [GetResponseJSONValueAsList] successfully performed. With the following test data [$]. @07-03-2022 18:37:00.0389 PM
[ReportManager] API Action [GetResponseJSONValue] successfully performed. With the following test data [name]. @07-03-2022 18:37:00.0421 PM
[ReportManager] API Action [GetResponseJSONValue] successfully performed. With the following test data [email]. @07-03-2022 18:37:00.0441 PM
[ReportManager] Assertion [ValidateEquals] PASSED. Expected [Sincere@april.biz] and Actual [Sincere@april.biz]. Comparison Type [EQUALS]. Validation Type [POSITIVE]. @07-03-2022 18:37:00.0441 PM
[ReportManager] API Action [GetResponseJSONValue] successfully performed. With the following test data [name]. @07-03-2022 18:37:00.0465 PM
[ReportManager] API Action [GetResponseJSONValue] successfully performed. With the following test data [name]. @07-03-2022 18:37:00.0480 PM
[ReportManager] API Action [GetResponseJSONValue] successfully performed. With the following test data [name]. @07-03-2022 18:37:00.0499 PM
[ReportManager] API Action [GetResponseJSONValue] successfully performed. With the following test data [name]. @07-03-2022 18:37:00.0513 PM
[ReportManager] API Action [GetResponseJSONValue] successfully performed. With the following test data [name]. @07-03-2022 18:37:00.0529 PM
[ReportManager] API Action [GetResponseJSONValue] successfully performed. With the following test data [name]. @07-03-2022 18:37:00.0542 PM
[ReportManager] API Action [GetResponseJSONValue] successfully performed. With the following test data [name]. @07-03-2022 18:37:00.0559 PM
[ReportManager] API Action [GetResponseJSONValue] successfully performed. With the following test data [name]. @07-03-2022 18:37:00.0574 PM
[ReportManager] API Action [GetResponseJSONValue] successfully performed. With the following test data [name]. @07-03-2022 18:37:00.0587 P
[ReportManager] Successfully created attachment [SHAFT Engine Logs - Execution log] @07-03-2022 18:37:00.0616 PM

################################################################################################################################################
This test run was powered by SHAFT Engine Version: [SHAFT Engine v6.1.20220113]
SHAFT Engine is licensed under the MIT License: [https://github.com/MohabMohie/SHAFT_ENGINE/blob/master/LICENSE].
################################################################################################################################################