{
  "uid" : "6b3776caeb7eadac",
  "name" : "searchForQueryAndAssertFirstResultTextIsCorrect",
  "fullName" : "tests.gui.google.A_Search_FlatTest_NativeSeleniumWebDriver.searchForQueryAndAssertFirstResultTextIsCorrect",
  "historyId" : "fdc05655c0baedca02c68f2849cb257b",
  "time" : {
    "start" : 1634063843578,
    "stop" : 1634063843579,
    "duration" : 1
  },
  "status" : "skipped",
  "statusMessage" : "unknown error: Chrome failed to start: exited abnormally.\n  (unknown error: DevToolsActivePort file doesn't exist)\n  (The process started from chrome location /usr/bin/google-chrome is no longer running, so ChromeDriver is assuming that Chrome has crashed.)\nBuild info: version: '3.141.59', revision: 'e82be7d358', time: '2018-11-14T08:17:03'\nSystem info: host: 'fv-az154-997', ip: '10.1.1.211', os.name: 'Linux', os.arch: 'amd64', os.version: '5.8.0-1042-azure', java.version: '17'\nDriver info: driver.version: A_Search_FlatTest_NativeSeleniumWebDriver\nremote stacktrace: #0 0x561cfe0f48f3 <unknown>\n#1 0x561cfdbd9ba8 <unknown>\n#2 0x561cfdbfce33 <unknown>\n#3 0x561cfdbf89ef <unknown>\n#4 0x561cfdc32995 <unknown>\n#5 0x561cfdc2cd63 <unknown>\n#6 0x561cfdc03144 <unknown>\n#7 0x561cfdc04135 <unknown>\n#8 0x561cfe123c3e <unknown>\n#9 0x561cfe1396b7 <unknown>\n#10 0x561cfe124b95 <unknown>\n#11 0x561cfe13ab05 <unknown>\n#12 0x561cfe1192ab <unknown>\n#13 0x561cfe155248 <unknown>\n#14 0x561cfe1553c8 <unknown>\n#15 0x561cfe17033d <unknown>\n#16 0x7f1d0be90609 start_thread\n",
  "statusTrace" : "org.openqa.selenium.WebDriverException: unknown error: Chrome failed to start: exited abnormally.\n  (unknown error: DevToolsActivePort file doesn't exist)\n  (The process started from chrome location /usr/bin/google-chrome is no longer running, so ChromeDriver is assuming that Chrome has crashed.)\nBuild info: version: '3.141.59', revision: 'e82be7d358', time: '2018-11-14T08:17:03'\nSystem info: host: 'fv-az154-997', ip: '10.1.1.211', os.name: 'Linux', os.arch: 'amd64', os.version: '5.8.0-1042-azure', java.version: '17'\nDriver info: driver.version: A_Search_FlatTest_NativeSeleniumWebDriver\nremote stacktrace: #0 0x561cfe0f48f3 <unknown>\n#1 0x561cfdbd9ba8 <unknown>\n#2 0x561cfdbfce33 <unknown>\n#3 0x561cfdbf89ef <unknown>\n#4 0x561cfdc32995 <unknown>\n#5 0x561cfdc2cd63 <unknown>\n#6 0x561cfdc03144 <unknown>\n#7 0x561cfdc04135 <unknown>\n#8 0x561cfe123c3e <unknown>\n#9 0x561cfe1396b7 <unknown>\n#10 0x561cfe124b95 <unknown>\n#11 0x561cfe13ab05 <unknown>\n#12 0x561cfe1192ab <unknown>\n#13 0x561cfe155248 <unknown>\n#14 0x561cfe1553c8 <unknown>\n#15 0x561cfe17033d <unknown>\n#16 0x7f1d0be90609 start_thread\n\n\tat java.base/jdk.internal.reflect.NativeConstructorAccessorImpl.newInstance0(Native Method)\n\tat java.base/jdk.internal.reflect.NativeConstructorAccessorImpl.newInstance(NativeConstructorAccessorImpl.java:77)\n\tat java.base/jdk.internal.reflect.DelegatingConstructorAccessorImpl.newInstance(DelegatingConstructorAccessorImpl.java:45)\n\tat java.base/java.lang.reflect.Constructor.newInstanceWithCaller(Constructor.java:499)\n\tat java.base/java.lang.reflect.Constructor.newInstance(Constructor.java:480)\n\tat org.openqa.selenium.remote.W3CHandshakeResponse.lambda$errorHandler$0(W3CHandshakeResponse.java:62)\n\tat org.openqa.selenium.remote.HandshakeResponse.lambda$getResponseFunction$0(HandshakeResponse.java:30)\n\tat org.openqa.selenium.remote.ProtocolHandshake.lambda$createSession$0(ProtocolHandshake.java:126)\n\tat java.base/java.util.stream.ReferencePipeline$3$1.accept(ReferencePipeline.java:197)\n\tat java.base/java.util.Spliterators$ArraySpliterator.tryAdvance(Spliterators.java:1002)\n\tat java.base/java.util.stream.ReferencePipeline.forEachWithCancel(ReferencePipeline.java:129)\n\tat java.base/java.util.stream.AbstractPipeline.copyIntoWithCancel(AbstractPipeline.java:527)\n\tat java.base/java.util.stream.AbstractPipeline.copyInto(AbstractPipeline.java:513)\n\tat java.base/java.util.stream.AbstractPipeline.wrapAndCopyInto(AbstractPipeline.java:499)\n\tat java.base/java.util.stream.FindOps$FindOp.evaluateSequential(FindOps.java:150)\n\tat java.base/java.util.stream.AbstractPipeline.evaluate(AbstractPipeline.java:234)\n\tat java.base/java.util.stream.ReferencePipeline.findFirst(ReferencePipeline.java:647)\n\tat org.openqa.selenium.remote.ProtocolHandshake.createSession(ProtocolHandshake.java:128)\n\tat org.openqa.selenium.remote.ProtocolHandshake.createSession(ProtocolHandshake.java:74)\n\tat org.openqa.selenium.remote.HttpCommandExecutor.execute(HttpCommandExecutor.java:136)\n\tat org.openqa.selenium.remote.service.DriverCommandExecutor.execute(DriverCommandExecutor.java:83)\n\tat org.openqa.selenium.remote.RemoteWebDriver.execute(RemoteWebDriver.java:552)\n\tat org.openqa.selenium.remote.RemoteWebDriver.startSession(RemoteWebDriver.java:213)\n\tat org.openqa.selenium.remote.RemoteWebDriver.<init>(RemoteWebDriver.java:131)\n\tat org.openqa.selenium.chrome.ChromeDriver.<init>(ChromeDriver.java:181)\n\tat org.openqa.selenium.chrome.ChromeDriver.<init>(ChromeDriver.java:168)\n\tat org.openqa.selenium.chrome.ChromeDriver.<init>(ChromeDriver.java:123)\n\tat tests.gui.google.A_Search_FlatTest_NativeSeleniumWebDriver.beforeMethod(A_Search_FlatTest_NativeSeleniumWebDriver.java:46)\n\tat java.base/jdk.internal.reflect.NativeMethodAccessorImpl.invoke0(Native Method)\n\tat java.base/jdk.internal.reflect.NativeMethodAccessorImpl.invoke(NativeMethodAccessorImpl.java:77)\n\tat java.base/jdk.internal.reflect.DelegatingMethodAccessorImpl.invoke(DelegatingMethodAccessorImpl.java:43)\n\tat java.base/java.lang.reflect.Method.invoke(Method.java:568)\n\tat org.testng.internal.MethodInvocationHelper.invokeMethod(MethodInvocationHelper.java:133)\n\tat org.testng.internal.MethodInvocationHelper.invokeMethodConsideringTimeout(MethodInvocationHelper.java:62)\n\tat org.testng.internal.ConfigInvoker.invokeConfigurationMethod(ConfigInvoker.java:385)\n\tat org.testng.internal.ConfigInvoker.invokeConfigurations(ConfigInvoker.java:321)\n\tat org.testng.internal.TestInvoker.runConfigMethods(TestInvoker.java:700)\n\tat org.testng.internal.TestInvoker.invokeMethod(TestInvoker.java:527)\n\tat org.testng.internal.TestInvoker.invokeTestMethod(TestInvoker.java:173)\n\tat org.testng.internal.MethodRunner.runInSequence(MethodRunner.java:46)\n\tat org.testng.internal.TestInvoker$MethodInvocationAgent.invoke(TestInvoker.java:824)\n\tat org.testng.internal.TestInvoker.invokeTestMethods(TestInvoker.java:146)\n\tat org.testng.internal.TestMethodWorker.invokeTestMethods(TestMethodWorker.java:146)\n\tat org.testng.internal.TestMethodWorker.run(TestMethodWorker.java:128)\n\tat java.base/java.util.ArrayList.forEach(ArrayList.java:1511)\n\tat org.testng.TestRunner.privateRun(TestRunner.java:794)\n\tat org.testng.TestRunner.run(TestRunner.java:596)\n\tat org.testng.SuiteRunner.runTest(SuiteRunner.java:377)\n\tat org.testng.SuiteRunner.runSequentially(SuiteRunner.java:371)\n\tat org.testng.SuiteRunner.privateRun(SuiteRunner.java:332)\n\tat org.testng.SuiteRunner.run(SuiteRunner.java:276)\n\tat org.testng.SuiteRunnerWorker.runSuite(SuiteRunnerWorker.java:53)\n\tat org.testng.SuiteRunnerWorker.run(SuiteRunnerWorker.java:96)\n\tat org.testng.TestNG.runSuitesSequentially(TestNG.java:1212)\n\tat org.testng.TestNG.runSuitesLocally(TestNG.java:1134)\n\tat org.testng.TestNG.runSuites(TestNG.java:1063)\n\tat org.testng.TestNG.run(TestNG.java:1031)\n\tat org.apache.maven.surefire.testng.TestNGExecutor.run(TestNGExecutor.java:136)\n\tat org.apache.maven.surefire.testng.TestNGDirectoryTestSuite.executeMulti(TestNGDirectoryTestSuite.java:193)\n\tat org.apache.maven.surefire.testng.TestNGDirectoryTestSuite.execute(TestNGDirectoryTestSuite.java:94)\n\tat org.apache.maven.surefire.testng.TestNGProvider.invoke(TestNGProvider.java:145)\n\tat org.apache.maven.surefire.booter.ForkedBooter.runSuitesInProcess(ForkedBooter.java:428)\n\tat org.apache.maven.surefire.booter.ForkedBooter.execute(ForkedBooter.java:162)\n\tat org.apache.maven.surefire.booter.ForkedBooter.run(ForkedBooter.java:562)\n\tat org.apache.maven.surefire.booter.ForkedBooter.main(ForkedBooter.java:548)\n",
  "flaky" : false,
  "newFailed" : false,
  "beforeStages" : [ {
    "name" : "beforeMethod",
    "time" : {
      "start" : 1634063843574,
      "stop" : 1634063843574,
      "duration" : 0
    },
    "description" : "",
    "status" : "broken",
    "steps" : [ ],
    "attachments" : [ ],
    "parameters" : [ ],
    "stepsCount" : 0,
    "attachmentsCount" : 0,
    "shouldDisplayMessage" : false,
    "hasContent" : false
  }, {
    "name" : "beforeClass",
    "time" : {
      "start" : 1634063840723,
      "stop" : 1634063842321,
      "duration" : 1598
    },
    "description" : "",
    "status" : "passed",
    "steps" : [ ],
    "attachments" : [ ],
    "parameters" : [ ],
    "stepsCount" : 0,
    "attachmentsCount" : 0,
    "shouldDisplayMessage" : false,
    "hasContent" : false
  } ],
  "testStage" : {
    "status" : "skipped",
    "statusMessage" : "unknown error: Chrome failed to start: exited abnormally.\n  (unknown error: DevToolsActivePort file doesn't exist)\n  (The process started from chrome location /usr/bin/google-chrome is no longer running, so ChromeDriver is assuming that Chrome has crashed.)\nBuild info: version: '3.141.59', revision: 'e82be7d358', time: '2018-11-14T08:17:03'\nSystem info: host: 'fv-az154-997', ip: '10.1.1.211', os.name: 'Linux', os.arch: 'amd64', os.version: '5.8.0-1042-azure', java.version: '17'\nDriver info: driver.version: A_Search_FlatTest_NativeSeleniumWebDriver\nremote stacktrace: #0 0x561cfe0f48f3 <unknown>\n#1 0x561cfdbd9ba8 <unknown>\n#2 0x561cfdbfce33 <unknown>\n#3 0x561cfdbf89ef <unknown>\n#4 0x561cfdc32995 <unknown>\n#5 0x561cfdc2cd63 <unknown>\n#6 0x561cfdc03144 <unknown>\n#7 0x561cfdc04135 <unknown>\n#8 0x561cfe123c3e <unknown>\n#9 0x561cfe1396b7 <unknown>\n#10 0x561cfe124b95 <unknown>\n#11 0x561cfe13ab05 <unknown>\n#12 0x561cfe1192ab <unknown>\n#13 0x561cfe155248 <unknown>\n#14 0x561cfe1553c8 <unknown>\n#15 0x561cfe17033d <unknown>\n#16 0x7f1d0be90609 start_thread\n",
    "statusTrace" : "org.openqa.selenium.WebDriverException: unknown error: Chrome failed to start: exited abnormally.\n  (unknown error: DevToolsActivePort file doesn't exist)\n  (The process started from chrome location /usr/bin/google-chrome is no longer running, so ChromeDriver is assuming that Chrome has crashed.)\nBuild info: version: '3.141.59', revision: 'e82be7d358', time: '2018-11-14T08:17:03'\nSystem info: host: 'fv-az154-997', ip: '10.1.1.211', os.name: 'Linux', os.arch: 'amd64', os.version: '5.8.0-1042-azure', java.version: '17'\nDriver info: driver.version: A_Search_FlatTest_NativeSeleniumWebDriver\nremote stacktrace: #0 0x561cfe0f48f3 <unknown>\n#1 0x561cfdbd9ba8 <unknown>\n#2 0x561cfdbfce33 <unknown>\n#3 0x561cfdbf89ef <unknown>\n#4 0x561cfdc32995 <unknown>\n#5 0x561cfdc2cd63 <unknown>\n#6 0x561cfdc03144 <unknown>\n#7 0x561cfdc04135 <unknown>\n#8 0x561cfe123c3e <unknown>\n#9 0x561cfe1396b7 <unknown>\n#10 0x561cfe124b95 <unknown>\n#11 0x561cfe13ab05 <unknown>\n#12 0x561cfe1192ab <unknown>\n#13 0x561cfe155248 <unknown>\n#14 0x561cfe1553c8 <unknown>\n#15 0x561cfe17033d <unknown>\n#16 0x7f1d0be90609 start_thread\n\n\tat java.base/jdk.internal.reflect.NativeConstructorAccessorImpl.newInstance0(Native Method)\n\tat java.base/jdk.internal.reflect.NativeConstructorAccessorImpl.newInstance(NativeConstructorAccessorImpl.java:77)\n\tat java.base/jdk.internal.reflect.DelegatingConstructorAccessorImpl.newInstance(DelegatingConstructorAccessorImpl.java:45)\n\tat java.base/java.lang.reflect.Constructor.newInstanceWithCaller(Constructor.java:499)\n\tat java.base/java.lang.reflect.Constructor.newInstance(Constructor.java:480)\n\tat org.openqa.selenium.remote.W3CHandshakeResponse.lambda$errorHandler$0(W3CHandshakeResponse.java:62)\n\tat org.openqa.selenium.remote.HandshakeResponse.lambda$getResponseFunction$0(HandshakeResponse.java:30)\n\tat org.openqa.selenium.remote.ProtocolHandshake.lambda$createSession$0(ProtocolHandshake.java:126)\n\tat java.base/java.util.stream.ReferencePipeline$3$1.accept(ReferencePipeline.java:197)\n\tat java.base/java.util.Spliterators$ArraySpliterator.tryAdvance(Spliterators.java:1002)\n\tat java.base/java.util.stream.ReferencePipeline.forEachWithCancel(ReferencePipeline.java:129)\n\tat java.base/java.util.stream.AbstractPipeline.copyIntoWithCancel(AbstractPipeline.java:527)\n\tat java.base/java.util.stream.AbstractPipeline.copyInto(AbstractPipeline.java:513)\n\tat java.base/java.util.stream.AbstractPipeline.wrapAndCopyInto(AbstractPipeline.java:499)\n\tat java.base/java.util.stream.FindOps$FindOp.evaluateSequential(FindOps.java:150)\n\tat java.base/java.util.stream.AbstractPipeline.evaluate(AbstractPipeline.java:234)\n\tat java.base/java.util.stream.ReferencePipeline.findFirst(ReferencePipeline.java:647)\n\tat org.openqa.selenium.remote.ProtocolHandshake.createSession(ProtocolHandshake.java:128)\n\tat org.openqa.selenium.remote.ProtocolHandshake.createSession(ProtocolHandshake.java:74)\n\tat org.openqa.selenium.remote.HttpCommandExecutor.execute(HttpCommandExecutor.java:136)\n\tat org.openqa.selenium.remote.service.DriverCommandExecutor.execute(DriverCommandExecutor.java:83)\n\tat org.openqa.selenium.remote.RemoteWebDriver.execute(RemoteWebDriver.java:552)\n\tat org.openqa.selenium.remote.RemoteWebDriver.startSession(RemoteWebDriver.java:213)\n\tat org.openqa.selenium.remote.RemoteWebDriver.<init>(RemoteWebDriver.java:131)\n\tat org.openqa.selenium.chrome.ChromeDriver.<init>(ChromeDriver.java:181)\n\tat org.openqa.selenium.chrome.ChromeDriver.<init>(ChromeDriver.java:168)\n\tat org.openqa.selenium.chrome.ChromeDriver.<init>(ChromeDriver.java:123)\n\tat tests.gui.google.A_Search_FlatTest_NativeSeleniumWebDriver.beforeMethod(A_Search_FlatTest_NativeSeleniumWebDriver.java:46)\n\tat java.base/jdk.internal.reflect.NativeMethodAccessorImpl.invoke0(Native Method)\n\tat java.base/jdk.internal.reflect.NativeMethodAccessorImpl.invoke(NativeMethodAccessorImpl.java:77)\n\tat java.base/jdk.internal.reflect.DelegatingMethodAccessorImpl.invoke(DelegatingMethodAccessorImpl.java:43)\n\tat java.base/java.lang.reflect.Method.invoke(Method.java:568)\n\tat org.testng.internal.MethodInvocationHelper.invokeMethod(MethodInvocationHelper.java:133)\n\tat org.testng.internal.MethodInvocationHelper.invokeMethodConsideringTimeout(MethodInvocationHelper.java:62)\n\tat org.testng.internal.ConfigInvoker.invokeConfigurationMethod(ConfigInvoker.java:385)\n\tat org.testng.internal.ConfigInvoker.invokeConfigurations(ConfigInvoker.java:321)\n\tat org.testng.internal.TestInvoker.runConfigMethods(TestInvoker.java:700)\n\tat org.testng.internal.TestInvoker.invokeMethod(TestInvoker.java:527)\n\tat org.testng.internal.TestInvoker.invokeTestMethod(TestInvoker.java:173)\n\tat org.testng.internal.MethodRunner.runInSequence(MethodRunner.java:46)\n\tat org.testng.internal.TestInvoker$MethodInvocationAgent.invoke(TestInvoker.java:824)\n\tat org.testng.internal.TestInvoker.invokeTestMethods(TestInvoker.java:146)\n\tat org.testng.internal.TestMethodWorker.invokeTestMethods(TestMethodWorker.java:146)\n\tat org.testng.internal.TestMethodWorker.run(TestMethodWorker.java:128)\n\tat java.base/java.util.ArrayList.forEach(ArrayList.java:1511)\n\tat org.testng.TestRunner.privateRun(TestRunner.java:794)\n\tat org.testng.TestRunner.run(TestRunner.java:596)\n\tat org.testng.SuiteRunner.runTest(SuiteRunner.java:377)\n\tat org.testng.SuiteRunner.runSequentially(SuiteRunner.java:371)\n\tat org.testng.SuiteRunner.privateRun(SuiteRunner.java:332)\n\tat org.testng.SuiteRunner.run(SuiteRunner.java:276)\n\tat org.testng.SuiteRunnerWorker.runSuite(SuiteRunnerWorker.java:53)\n\tat org.testng.SuiteRunnerWorker.run(SuiteRunnerWorker.java:96)\n\tat org.testng.TestNG.runSuitesSequentially(TestNG.java:1212)\n\tat org.testng.TestNG.runSuitesLocally(TestNG.java:1134)\n\tat org.testng.TestNG.runSuites(TestNG.java:1063)\n\tat org.testng.TestNG.run(TestNG.java:1031)\n\tat org.apache.maven.surefire.testng.TestNGExecutor.run(TestNGExecutor.java:136)\n\tat org.apache.maven.surefire.testng.TestNGDirectoryTestSuite.executeMulti(TestNGDirectoryTestSuite.java:193)\n\tat org.apache.maven.surefire.testng.TestNGDirectoryTestSuite.execute(TestNGDirectoryTestSuite.java:94)\n\tat org.apache.maven.surefire.testng.TestNGProvider.invoke(TestNGProvider.java:145)\n\tat org.apache.maven.surefire.booter.ForkedBooter.runSuitesInProcess(ForkedBooter.java:428)\n\tat org.apache.maven.surefire.booter.ForkedBooter.execute(ForkedBooter.java:162)\n\tat org.apache.maven.surefire.booter.ForkedBooter.run(ForkedBooter.java:562)\n\tat org.apache.maven.surefire.booter.ForkedBooter.main(ForkedBooter.java:548)\n",
    "steps" : [ ],
    "attachments" : [ {
      "uid" : "eaf2f574979f947e",
      "name" : "Attachment: SHAFT Engine Logs - Current Method log: searchForQueryAndAssertFirstResultTextIsCorrect",
      "source" : "eaf2f574979f947e.txt",
      "type" : "text/plain",
      "size" : 479
    } ],
    "parameters" : [ ],
    "stepsCount" : 0,
    "attachmentsCount" : 1,
    "shouldDisplayMessage" : true,
    "hasContent" : true
  },
  "afterStages" : [ {
    "name" : "afterMethod",
    "time" : {
      "start" : 1634063843579,
      "stop" : 1634063843580,
      "duration" : 1
    },
    "description" : "",
    "status" : "broken",
    "steps" : [ ],
    "attachments" : [ ],
    "parameters" : [ ],
    "stepsCount" : 0,
    "attachmentsCount" : 0,
    "shouldDisplayMessage" : false,
    "hasContent" : false
  }, {
    "name" : "closureActivities",
    "time" : {
      "start" : 1634063843587,
      "stop" : 1634063843947,
      "duration" : 360
    },
    "description" : "",
    "status" : "passed",
    "steps" : [ {
      "name" : "Successfully Closed All Drivers.",
      "time" : {
        "start" : 1634063843588,
        "stop" : 1634063843588,
        "duration" : 0
      },
      "status" : "passed",
      "steps" : [ ],
      "attachments" : [ ],
      "parameters" : [ {
        "name" : "actionCounter",
        "value" : "120"
      }, {
        "name" : "logText",
        "value" : "Successfully Closed All Drivers."
      } ],
      "stepsCount" : 0,
      "attachmentsCount" : 0,
      "shouldDisplayMessage" : false,
      "hasContent" : true
    }, {
      "name" : "Issue Summary: Total Issues = 6, New issues for Failed Tests = 6, Open issues for Passed Tests = 0, Open issues for Failed Tests = 0. Kindly check the attached Issue details.",
      "time" : {
        "start" : 1634063843612,
        "stop" : 1634063843612,
        "duration" : 0
      },
      "status" : "passed",
      "steps" : [ ],
      "attachments" : [ {
        "uid" : "6224037eb112d8e7",
        "name" : "Attachment: SHAFT Engine Logs - Issues log CSV: 20211012-183723",
        "source" : "6224037eb112d8e7.csv",
        "type" : "text/csv",
        "size" : 1075
      } ],
      "parameters" : [ {
        "name" : "actionCounter",
        "value" : "121"
      }, {
        "name" : "logText",
        "value" : "Issue Summary: Total Issues = 6, New issues for Failed Tests = 6, Open issues for Passed Tests = 0, Open issues for Failed Tests = 0. Kindly check the attached Issue details."
      }, {
        "name" : "attachments",
        "value" : "[[SHAFT Engine Logs, Issues log CSV: 20211012-183723, java.io.ByteArrayInputStream@2df9d099]]"
      } ],
      "stepsCount" : 0,
      "attachmentsCount" : 1,
      "shouldDisplayMessage" : false,
      "hasContent" : true
    } ],
    "attachments" : [ {
      "uid" : "77be57e5db6421c6",
      "name" : "Attachment: SHAFT Engine Logs - Execution log: 20211012-183723",
      "source" : "77be57e5db6421c6.txt",
      "type" : "text/plain",
      "size" : 55900
    }, {
      "uid" : "1ec28a890e5a2610",
      "name" : "Attachment: HTML - Extent Emailable Execution Report",
      "source" : "1ec28a890e5a2610.html",
      "type" : "text/html",
      "size" : 2072773
    } ],
    "parameters" : [ ],
    "stepsCount" : 2,
    "attachmentsCount" : 3,
    "shouldDisplayMessage" : false,
    "hasContent" : true
  } ],
  "labels" : [ {
    "name" : "package",
    "value" : "tests.gui.google.A_Search_FlatTest_NativeSeleniumWebDriver"
  }, {
    "name" : "testClass",
    "value" : "tests.gui.google.A_Search_FlatTest_NativeSeleniumWebDriver"
  }, {
    "name" : "testMethod",
    "value" : "searchForQueryAndAssertFirstResultTextIsCorrect"
  }, {
    "name" : "parentSuite",
    "value" : "SHAFT: Custom Suite"
  }, {
    "name" : "suite",
    "value" : "SHAFT: Custom Test"
  }, {
    "name" : "subSuite",
    "value" : "tests.gui.google.A_Search_FlatTest_NativeSeleniumWebDriver"
  }, {
    "name" : "host",
    "value" : "fv-az154-997"
  }, {
    "name" : "thread",
    "value" : "4156@fv-az154-997.main(1)"
  }, {
    "name" : "framework",
    "value" : "testng"
  }, {
    "name" : "language",
    "value" : "java"
  }, {
    "name" : "resultFormat",
    "value" : "allure2"
  } ],
  "parameters" : [ ],
  "links" : [ ],
  "hidden" : false,
  "retry" : false,
  "extra" : {
    "severity" : "normal",
    "retries" : [ ],
    "categories" : [ ],
    "history" : {
      "statistic" : {
        "failed" : 0,
        "broken" : 0,
        "skipped" : 599,
        "passed" : 0,
        "unknown" : 0,
        "total" : 599
      },
      "items" : [ {
        "uid" : "9628cb75986922d4",
        "reportUrl" : "https://MohabMohie.github.io/using_SHAFT_ENGINE/allure/1022//#testresult/9628cb75986922d4",
        "status" : "skipped",
        "statusDetails" : "unknown error: Chrome failed to start: exited abnormally.\n  (unknown error: DevToolsActivePort file doesn't exist)\n  (The process started from chrome location /usr/bin/google-chrome is no longer running, so ChromeDriver is assuming that Chrome has crashed.)\nBuild info: version: '3.141.59', revision: 'e82be7d358', time: '2018-11-14T08:17:03'\nSystem info: host: 'fv-az154-997', ip: '10.1.1.129', os.name: 'Linux', os.arch: 'amd64', os.version: '5.8.0-1042-azure', java.version: '17'\nDriver info: driver.version: A_Search_FlatTest_NativeSeleniumWebDriver\nremote stacktrace: #0 0x55e851f7c8f3 <unknown>\n#1 0x55e851a61ba8 <unknown>\n#2 0x55e851a84e33 <unknown>\n#3 0x55e851a809ef <unknown>\n#4 0x55e851aba995 <unknown>\n#5 0x55e851ab4d63 <unknown>\n#6 0x55e851a8b144 <unknown>\n#7 0x55e851a8c135 <unknown>\n#8 0x55e851fabc3e <unknown>\n#9 0x55e851fc16b7 <unknown>\n#10 0x55e851facb95 <unknown>\n#11 0x55e851fc2b05 <unknown>\n#12 0x55e851fa12ab <unknown>\n#13 0x55e851fdd248 <unknown>\n#14 0x55e851fdd3c8 <unknown>\n#15 0x55e851ff833d <unknown>\n#16 0x7fe41b45d609 start_thread\n",
        "time" : {
          "start" : 1634042989303,
          "stop" : 1634042989304,
          "duration" : 1
        }
      }, {
        "uid" : "8482d5454b53fac2",
        "reportUrl" : "https://MohabMohie.github.io/using_SHAFT_ENGINE/allure/1021//#testresult/8482d5454b53fac2",
        "status" : "skipped",
        "statusDetails" : "unknown error: Chrome failed to start: exited abnormally.\n  (unknown error: DevToolsActivePort file doesn't exist)\n  (The process started from chrome location /usr/bin/google-chrome is no longer running, so ChromeDriver is assuming that Chrome has crashed.)\nBuild info: version: '3.141.59', revision: 'e82be7d358', time: '2018-11-14T08:17:03'\nSystem info: host: 'fv-az292-712', ip: '10.1.0.32', os.name: 'Linux', os.arch: 'amd64', os.version: '5.8.0-1042-azure', java.version: '17'\nDriver info: driver.version: A_Search_FlatTest_NativeSeleniumWebDriver\nremote stacktrace: #0 0x55566764c8f3 <unknown>\n#1 0x555667131ba8 <unknown>\n#2 0x555667154e33 <unknown>\n#3 0x5556671509ef <unknown>\n#4 0x55566718a995 <unknown>\n#5 0x555667184d63 <unknown>\n#6 0x55566715b144 <unknown>\n#7 0x55566715c135 <unknown>\n#8 0x55566767bc3e <unknown>\n#9 0x5556676916b7 <unknown>\n#10 0x55566767cb95 <unknown>\n#11 0x555667692b05 <unknown>\n#12 0x5556676712ab <unknown>\n#13 0x5556676ad248 <unknown>\n#14 0x5556676ad3c8 <unknown>\n#15 0x5556676c833d <unknown>\n#16 0x7f6282169609 start_thread\n",
        "time" : {
          "start" : 1634020731983,
          "stop" : 1634020731984,
          "duration" : 1
        }
      }, {
        "uid" : "7ae0349a9d04b79e",
        "reportUrl" : "https://MohabMohie.github.io/using_SHAFT_ENGINE/allure/1020//#testresult/7ae0349a9d04b79e",
        "status" : "skipped",
        "statusDetails" : "unknown error: Chrome failed to start: exited abnormally.\n  (unknown error: DevToolsActivePort file doesn't exist)\n  (The process started from chrome location /usr/bin/google-chrome is no longer running, so ChromeDriver is assuming that Chrome has crashed.)\nBuild info: version: '3.141.59', revision: 'e82be7d358', time: '2018-11-14T08:17:03'\nSystem info: host: 'fv-az201-93', ip: '10.1.0.107', os.name: 'Linux', os.arch: 'amd64', os.version: '5.8.0-1042-azure', java.version: '17'\nDriver info: driver.version: A_Search_FlatTest_NativeSeleniumWebDriver\nremote stacktrace: #0 0x56006087f8f3 <unknown>\n#1 0x560060364ba8 <unknown>\n#2 0x560060387e33 <unknown>\n#3 0x5600603839ef <unknown>\n#4 0x5600603bd995 <unknown>\n#5 0x5600603b7d63 <unknown>\n#6 0x56006038e144 <unknown>\n#7 0x56006038f135 <unknown>\n#8 0x5600608aec3e <unknown>\n#9 0x5600608c46b7 <unknown>\n#10 0x5600608afb95 <unknown>\n#11 0x5600608c5b05 <unknown>\n#12 0x5600608a42ab <unknown>\n#13 0x5600608e0248 <unknown>\n#14 0x5600608e03c8 <unknown>\n#15 0x5600608fb33d <unknown>\n#16 0x7f7215c15609 start_thread\n",
        "time" : {
          "start" : 1634002586874,
          "stop" : 1634002586876,
          "duration" : 2
        }
      }, {
        "uid" : "267a62fbb3f23967",
        "reportUrl" : "https://MohabMohie.github.io/using_SHAFT_ENGINE/allure/1019//#testresult/267a62fbb3f23967",
        "status" : "skipped",
        "statusDetails" : "unknown error: Chrome failed to start: exited abnormally.\n  (unknown error: DevToolsActivePort file doesn't exist)\n  (The process started from chrome location /usr/bin/google-chrome is no longer running, so ChromeDriver is assuming that Chrome has crashed.)\nBuild info: version: '3.141.59', revision: 'e82be7d358', time: '2018-11-14T08:17:03'\nSystem info: host: 'fv-az154-997', ip: '10.1.2.0', os.name: 'Linux', os.arch: 'amd64', os.version: '5.8.0-1042-azure', java.version: '17'\nDriver info: driver.version: A_Search_FlatTest_NativeSeleniumWebDriver\nremote stacktrace: #0 0x5601bfe578f3 <unknown>\n#1 0x5601bf93cba8 <unknown>\n#2 0x5601bf95fe33 <unknown>\n#3 0x5601bf95b9ef <unknown>\n#4 0x5601bf995995 <unknown>\n#5 0x5601bf98fd63 <unknown>\n#6 0x5601bf966144 <unknown>\n#7 0x5601bf967135 <unknown>\n#8 0x5601bfe86c3e <unknown>\n#9 0x5601bfe9c6b7 <unknown>\n#10 0x5601bfe87b95 <unknown>\n#11 0x5601bfe9db05 <unknown>\n#12 0x5601bfe7c2ab <unknown>\n#13 0x5601bfeb8248 <unknown>\n#14 0x5601bfeb83c8 <unknown>\n#15 0x5601bfed333d <unknown>\n#16 0x7f56eff54609 start_thread\n",
        "time" : {
          "start" : 1633977420974,
          "stop" : 1633977420975,
          "duration" : 1
        }
      }, {
        "uid" : "2ab7b608ae99409d",
        "reportUrl" : "https://MohabMohie.github.io/using_SHAFT_ENGINE/allure/1017//#testresult/2ab7b608ae99409d",
        "status" : "skipped",
        "statusDetails" : "unknown error: Chrome failed to start: exited abnormally.\n  (unknown error: DevToolsActivePort file doesn't exist)\n  (The process started from chrome location /usr/bin/google-chrome is no longer running, so ChromeDriver is assuming that Chrome has crashed.)\nBuild info: version: '3.141.59', revision: 'e82be7d358', time: '2018-11-14T08:17:03'\nSystem info: host: 'fv-az292-712', ip: '10.1.2.7', os.name: 'Linux', os.arch: 'amd64', os.version: '5.8.0-1042-azure', java.version: '17'\nDriver info: driver.version: A_Search_FlatTest_NativeSeleniumWebDriver\nremote stacktrace: #0 0x55c8dc1f78f3 <unknown>\n#1 0x55c8dbcdcba8 <unknown>\n#2 0x55c8dbcffe33 <unknown>\n#3 0x55c8dbcfb9ef <unknown>\n#4 0x55c8dbd35995 <unknown>\n#5 0x55c8dbd2fd63 <unknown>\n#6 0x55c8dbd06144 <unknown>\n#7 0x55c8dbd07135 <unknown>\n#8 0x55c8dc226c3e <unknown>\n#9 0x55c8dc23c6b7 <unknown>\n#10 0x55c8dc227b95 <unknown>\n#11 0x55c8dc23db05 <unknown>\n#12 0x55c8dc21c2ab <unknown>\n#13 0x55c8dc258248 <unknown>\n#14 0x55c8dc2583c8 <unknown>\n#15 0x55c8dc27333d <unknown>\n#16 0x7f0e60edc609 start_thread\n",
        "time" : {
          "start" : 1633966685669,
          "stop" : 1633966685670,
          "duration" : 1
        }
      }, {
        "uid" : "a4e4f6203705c09c",
        "reportUrl" : "https://MohabMohie.github.io/using_SHAFT_ENGINE/allure/1016//#testresult/a4e4f6203705c09c",
        "status" : "skipped",
        "statusDetails" : "unknown error: Chrome failed to start: exited abnormally.\n  (unknown error: DevToolsActivePort file doesn't exist)\n  (The process started from chrome location /usr/bin/google-chrome is no longer running, so ChromeDriver is assuming that Chrome has crashed.)\nBuild info: version: '3.141.59', revision: 'e82be7d358', time: '2018-11-14T08:17:03'\nSystem info: host: 'fv-az290-519', ip: '10.1.2.7', os.name: 'Linux', os.arch: 'amd64', os.version: '5.8.0-1042-azure', java.version: '17'\nDriver info: driver.version: A_Search_FlatTest_NativeSeleniumWebDriver\nremote stacktrace: #0 0x55a08457f8f3 <unknown>\n#1 0x55a084064ba8 <unknown>\n#2 0x55a084087e33 <unknown>\n#3 0x55a0840839ef <unknown>\n#4 0x55a0840bd995 <unknown>\n#5 0x55a0840b7d63 <unknown>\n#6 0x55a08408e144 <unknown>\n#7 0x55a08408f135 <unknown>\n#8 0x55a0845aec3e <unknown>\n#9 0x55a0845c46b7 <unknown>\n#10 0x55a0845afb95 <unknown>\n#11 0x55a0845c5b05 <unknown>\n#12 0x55a0845a42ab <unknown>\n#13 0x55a0845e0248 <unknown>\n#14 0x55a0845e03c8 <unknown>\n#15 0x55a0845fb33d <unknown>\n#16 0x7f0418daa609 start_thread\n",
        "time" : {
          "start" : 1633956603460,
          "stop" : 1633956603461,
          "duration" : 1
        }
      }, {
        "uid" : "4c0bf991969b6694",
        "reportUrl" : "https://MohabMohie.github.io/using_SHAFT_ENGINE/allure/1015//#testresult/4c0bf991969b6694",
        "status" : "skipped",
        "statusDetails" : "unknown error: Chrome failed to start: exited abnormally.\n  (unknown error: DevToolsActivePort file doesn't exist)\n  (The process started from chrome location /usr/bin/google-chrome is no longer running, so ChromeDriver is assuming that Chrome has crashed.)\nBuild info: version: '3.141.59', revision: 'e82be7d358', time: '2018-11-14T08:17:03'\nSystem info: host: 'fv-az292-712', ip: '10.1.1.87', os.name: 'Linux', os.arch: 'amd64', os.version: '5.8.0-1042-azure', java.version: '17'\nDriver info: driver.version: A_Search_FlatTest_NativeSeleniumWebDriver\nremote stacktrace: #0 0x55e49eedf8f3 <unknown>\n#1 0x55e49e9c4ba8 <unknown>\n#2 0x55e49e9e7e33 <unknown>\n#3 0x55e49e9e39ef <unknown>\n#4 0x55e49ea1d995 <unknown>\n#5 0x55e49ea17d63 <unknown>\n#6 0x55e49e9ee144 <unknown>\n#7 0x55e49e9ef135 <unknown>\n#8 0x55e49ef0ec3e <unknown>\n#9 0x55e49ef246b7 <unknown>\n#10 0x55e49ef0fb95 <unknown>\n#11 0x55e49ef25b05 <unknown>\n#12 0x55e49ef042ab <unknown>\n#13 0x55e49ef40248 <unknown>\n#14 0x55e49ef403c8 <unknown>\n#15 0x55e49ef5b33d <unknown>\n#16 0x7f592c4cf609 start_thread\n",
        "time" : {
          "start" : 1633934355559,
          "stop" : 1633934355560,
          "duration" : 1
        }
      }, {
        "uid" : "e5cf2cde3e03d55c",
        "reportUrl" : "https://MohabMohie.github.io/using_SHAFT_ENGINE/allure/1014//#testresult/e5cf2cde3e03d55c",
        "status" : "skipped",
        "statusDetails" : "unknown error: Chrome failed to start: exited abnormally.\n  (unknown error: DevToolsActivePort file doesn't exist)\n  (The process started from chrome location /usr/bin/google-chrome is no longer running, so ChromeDriver is assuming that Chrome has crashed.)\nBuild info: version: '3.141.59', revision: 'e82be7d358', time: '2018-11-14T08:17:03'\nSystem info: host: 'fv-az290-519', ip: '10.1.0.247', os.name: 'Linux', os.arch: 'amd64', os.version: '5.8.0-1042-azure', java.version: '17'\nDriver info: driver.version: A_Search_FlatTest_NativeSeleniumWebDriver\nremote stacktrace: #0 0x55e0ce6888f3 <unknown>\n#1 0x55e0ce16dba8 <unknown>\n#2 0x55e0ce190e33 <unknown>\n#3 0x55e0ce18c9ef <unknown>\n#4 0x55e0ce1c6995 <unknown>\n#5 0x55e0ce1c0d63 <unknown>\n#6 0x55e0ce197144 <unknown>\n#7 0x55e0ce198135 <unknown>\n#8 0x55e0ce6b7c3e <unknown>\n#9 0x55e0ce6cd6b7 <unknown>\n#10 0x55e0ce6b8b95 <unknown>\n#11 0x55e0ce6ceb05 <unknown>\n#12 0x55e0ce6ad2ab <unknown>\n#13 0x55e0ce6e9248 <unknown>\n#14 0x55e0ce6e93c8 <unknown>\n#15 0x55e0ce70433d <unknown>\n#16 0x7f787bbe4609 start_thread\n",
        "time" : {
          "start" : 1633916157839,
          "stop" : 1633916157840,
          "duration" : 1
        }
      }, {
        "uid" : "8be5c1e0809f6832",
        "reportUrl" : "https://MohabMohie.github.io/using_SHAFT_ENGINE/allure/1012//#testresult/8be5c1e0809f6832",
        "status" : "skipped",
        "statusDetails" : "unknown error: Chrome failed to start: exited abnormally.\n  (unknown error: DevToolsActivePort file doesn't exist)\n  (The process started from chrome location /usr/bin/google-chrome is no longer running, so ChromeDriver is assuming that Chrome has crashed.)\nBuild info: version: '3.141.59', revision: 'e82be7d358', time: '2018-11-14T08:17:03'\nSystem info: host: 'fv-az216-724', ip: '10.1.0.158', os.name: 'Linux', os.arch: 'amd64', os.version: '5.8.0-1042-azure', java.version: '17'\nDriver info: driver.version: A_Search_FlatTest_NativeSeleniumWebDriver\nremote stacktrace: #0 0x558a9365f8f3 <unknown>\n#1 0x558a93144ba8 <unknown>\n#2 0x558a93167e33 <unknown>\n#3 0x558a931639ef <unknown>\n#4 0x558a9319d995 <unknown>\n#5 0x558a93197d63 <unknown>\n#6 0x558a9316e144 <unknown>\n#7 0x558a9316f135 <unknown>\n#8 0x558a9368ec3e <unknown>\n#9 0x558a936a46b7 <unknown>\n#10 0x558a9368fb95 <unknown>\n#11 0x558a936a5b05 <unknown>\n#12 0x558a936842ab <unknown>\n#13 0x558a936c0248 <unknown>\n#14 0x558a936c03c8 <unknown>\n#15 0x558a936db33d <unknown>\n#16 0x7fad1b92b609 start_thread\n",
        "time" : {
          "start" : 1633891010934,
          "stop" : 1633891010935,
          "duration" : 1
        }
      }, {
        "uid" : "dc3bf683838399b5",
        "reportUrl" : "https://MohabMohie.github.io/using_SHAFT_ENGINE/allure/1011//#testresult/dc3bf683838399b5",
        "status" : "skipped",
        "statusDetails" : "unknown error: Chrome failed to start: exited abnormally.\n  (unknown error: DevToolsActivePort file doesn't exist)\n  (The process started from chrome location /usr/bin/google-chrome is no longer running, so ChromeDriver is assuming that Chrome has crashed.)\nBuild info: version: '3.141.59', revision: 'e82be7d358', time: '2018-11-14T08:17:03'\nSystem info: host: 'fv-az290-519', ip: '10.1.0.143', os.name: 'Linux', os.arch: 'amd64', os.version: '5.8.0-1042-azure', java.version: '17'\nDriver info: driver.version: A_Search_FlatTest_NativeSeleniumWebDriver\nremote stacktrace: #0 0x55733426d8f3 <unknown>\n#1 0x557333d52ba8 <unknown>\n#2 0x557333d75e33 <unknown>\n#3 0x557333d719ef <unknown>\n#4 0x557333dab995 <unknown>\n#5 0x557333da5d63 <unknown>\n#6 0x557333d7c144 <unknown>\n#7 0x557333d7d135 <unknown>\n#8 0x55733429cc3e <unknown>\n#9 0x5573342b26b7 <unknown>\n#10 0x55733429db95 <unknown>\n#11 0x5573342b3b05 <unknown>\n#12 0x5573342922ab <unknown>\n#13 0x5573342ce248 <unknown>\n#14 0x5573342ce3c8 <unknown>\n#15 0x5573342e933d <unknown>\n#16 0x7fc592afe609 start_thread\n",
        "time" : {
          "start" : 1633870079467,
          "stop" : 1633870079468,
          "duration" : 1
        }
      }, {
        "uid" : "cc9f9759609b8e2a",
        "reportUrl" : "https://MohabMohie.github.io/using_SHAFT_ENGINE/allure/1010//#testresult/cc9f9759609b8e2a",
        "status" : "skipped",
        "statusDetails" : "unknown error: Chrome failed to start: exited abnormally.\n  (unknown error: DevToolsActivePort file doesn't exist)\n  (The process started from chrome location /usr/bin/google-chrome is no longer running, so ChromeDriver is assuming that Chrome has crashed.)\nBuild info: version: '3.141.59', revision: 'e82be7d358', time: '2018-11-14T08:17:03'\nSystem info: host: 'fv-az213-193', ip: '10.1.0.42', os.name: 'Linux', os.arch: 'amd64', os.version: '5.8.0-1042-azure', java.version: '17'\nDriver info: driver.version: A_Search_FlatTest_NativeSeleniumWebDriver\nremote stacktrace: #0 0x55c1c44f28f3 <unknown>\n#1 0x55c1c3fd7ba8 <unknown>\n#2 0x55c1c3ffae33 <unknown>\n#3 0x55c1c3ff69ef <unknown>\n#4 0x55c1c4030995 <unknown>\n#5 0x55c1c402ad63 <unknown>\n#6 0x55c1c4001144 <unknown>\n#7 0x55c1c4002135 <unknown>\n#8 0x55c1c4521c3e <unknown>\n#9 0x55c1c45376b7 <unknown>\n#10 0x55c1c4522b95 <unknown>\n#11 0x55c1c4538b05 <unknown>\n#12 0x55c1c45172ab <unknown>\n#13 0x55c1c4553248 <unknown>\n#14 0x55c1c45533c8 <unknown>\n#15 0x55c1c456e33d <unknown>\n#16 0x7f0087dfb609 start_thread\n",
        "time" : {
          "start" : 1633847896637,
          "stop" : 1633847896638,
          "duration" : 1
        }
      }, {
        "uid" : "e241aa3eb5005d8c",
        "reportUrl" : "https://MohabMohie.github.io/using_SHAFT_ENGINE/allure/1009//#testresult/e241aa3eb5005d8c",
        "status" : "skipped",
        "statusDetails" : "unknown error: Chrome failed to start: exited abnormally.\n  (unknown error: DevToolsActivePort file doesn't exist)\n  (The process started from chrome location /usr/bin/google-chrome is no longer running, so ChromeDriver is assuming that Chrome has crashed.)\nBuild info: version: '3.141.59', revision: 'e82be7d358', time: '2018-11-14T08:17:03'\nSystem info: host: 'fv-az204-473', ip: '10.1.0.63', os.name: 'Linux', os.arch: 'amd64', os.version: '5.8.0-1042-azure', java.version: '17'\nDriver info: driver.version: A_Search_FlatTest_NativeSeleniumWebDriver\nremote stacktrace: #0 0x55e2dc1f18f3 <unknown>\n#1 0x55e2dbcd6ba8 <unknown>\n#2 0x55e2dbcf9e33 <unknown>\n#3 0x55e2dbcf59ef <unknown>\n#4 0x55e2dbd2f995 <unknown>\n#5 0x55e2dbd29d63 <unknown>\n#6 0x55e2dbd00144 <unknown>\n#7 0x55e2dbd01135 <unknown>\n#8 0x55e2dc220c3e <unknown>\n#9 0x55e2dc2366b7 <unknown>\n#10 0x55e2dc221b95 <unknown>\n#11 0x55e2dc237b05 <unknown>\n#12 0x55e2dc2162ab <unknown>\n#13 0x55e2dc252248 <unknown>\n#14 0x55e2dc2523c8 <unknown>\n#15 0x55e2dc26d33d <unknown>\n#16 0x7f30210a1609 start_thread\n",
        "time" : {
          "start" : 1633829573367,
          "stop" : 1633829573368,
          "duration" : 1
        }
      }, {
        "uid" : "8e88d1982b501ea3",
        "reportUrl" : "https://MohabMohie.github.io/using_SHAFT_ENGINE/allure/1008//#testresult/8e88d1982b501ea3",
        "status" : "skipped",
        "statusDetails" : "unknown error: Chrome failed to start: exited abnormally.\n  (unknown error: DevToolsActivePort file doesn't exist)\n  (The process started from chrome location /usr/bin/google-chrome is no longer running, so ChromeDriver is assuming that Chrome has crashed.)\nBuild info: version: '3.141.59', revision: 'e82be7d358', time: '2018-11-14T08:17:03'\nSystem info: host: 'fv-az154-997', ip: '10.1.1.9', os.name: 'Linux', os.arch: 'amd64', os.version: '5.8.0-1042-azure', java.version: '17'\nDriver info: driver.version: A_Search_FlatTest_NativeSeleniumWebDriver\nremote stacktrace: #0 0x5615db2578f3 <unknown>\n#1 0x5615dad3cba8 <unknown>\n#2 0x5615dad5fe33 <unknown>\n#3 0x5615dad5b9ef <unknown>\n#4 0x5615dad95995 <unknown>\n#5 0x5615dad8fd63 <unknown>\n#6 0x5615dad66144 <unknown>\n#7 0x5615dad67135 <unknown>\n#8 0x5615db286c3e <unknown>\n#9 0x5615db29c6b7 <unknown>\n#10 0x5615db287b95 <unknown>\n#11 0x5615db29db05 <unknown>\n#12 0x5615db27c2ab <unknown>\n#13 0x5615db2b8248 <unknown>\n#14 0x5615db2b83c8 <unknown>\n#15 0x5615db2d333d <unknown>\n#16 0x7f9dc0cd1609 start_thread\n",
        "time" : {
          "start" : 1633804562517,
          "stop" : 1633804562518,
          "duration" : 1
        }
      }, {
        "uid" : "29806299523f925a",
        "reportUrl" : "https://MohabMohie.github.io/using_SHAFT_ENGINE/allure/1007//#testresult/29806299523f925a",
        "status" : "skipped",
        "statusDetails" : "unknown error: Chrome failed to start: exited abnormally.\n  (unknown error: DevToolsActivePort file doesn't exist)\n  (The process started from chrome location /usr/bin/google-chrome is no longer running, so ChromeDriver is assuming that Chrome has crashed.)\nBuild info: version: '3.141.59', revision: 'e82be7d358', time: '2018-11-14T08:17:03'\nSystem info: host: 'fv-az154-997', ip: '10.1.0.246', os.name: 'Linux', os.arch: 'amd64', os.version: '5.8.0-1042-azure', java.version: '17'\nDriver info: driver.version: A_Search_FlatTest_NativeSeleniumWebDriver\nremote stacktrace: #0 0x559e7ab958f3 <unknown>\n#1 0x559e7a67aba8 <unknown>\n#2 0x559e7a69de33 <unknown>\n#3 0x559e7a6999ef <unknown>\n#4 0x559e7a6d3995 <unknown>\n#5 0x559e7a6cdd63 <unknown>\n#6 0x559e7a6a4144 <unknown>\n#7 0x559e7a6a5135 <unknown>\n#8 0x559e7abc4c3e <unknown>\n#9 0x559e7abda6b7 <unknown>\n#10 0x559e7abc5b95 <unknown>\n#11 0x559e7abdbb05 <unknown>\n#12 0x559e7abba2ab <unknown>\n#13 0x559e7abf6248 <unknown>\n#14 0x559e7abf63c8 <unknown>\n#15 0x559e7ac1133d <unknown>\n#16 0x7f5363ac6609 start_thread\n",
        "time" : {
          "start" : 1633783635122,
          "stop" : 1633783635124,
          "duration" : 2
        }
      }, {
        "uid" : "f31c9b97cbe3013d",
        "reportUrl" : "https://MohabMohie.github.io/using_SHAFT_ENGINE/allure/1006//#testresult/f31c9b97cbe3013d",
        "status" : "skipped",
        "statusDetails" : "unknown error: Chrome failed to start: exited abnormally.\n  (unknown error: DevToolsActivePort file doesn't exist)\n  (The process started from chrome location /usr/bin/google-chrome is no longer running, so ChromeDriver is assuming that Chrome has crashed.)\nBuild info: version: '3.141.59', revision: 'e82be7d358', time: '2018-11-14T08:17:03'\nSystem info: host: 'fv-az213-193', ip: '10.1.0.57', os.name: 'Linux', os.arch: 'amd64', os.version: '5.8.0-1042-azure', java.version: '17'\nDriver info: driver.version: A_Search_FlatTest_NativeSeleniumWebDriver\nremote stacktrace: #0 0x56095e0f88f3 <unknown>\n#1 0x56095dbddba8 <unknown>\n#2 0x56095dc00e33 <unknown>\n#3 0x56095dbfc9ef <unknown>\n#4 0x56095dc36995 <unknown>\n#5 0x56095dc30d63 <unknown>\n#6 0x56095dc07144 <unknown>\n#7 0x56095dc08135 <unknown>\n#8 0x56095e127c3e <unknown>\n#9 0x56095e13d6b7 <unknown>\n#10 0x56095e128b95 <unknown>\n#11 0x56095e13eb05 <unknown>\n#12 0x56095e11d2ab <unknown>\n#13 0x56095e159248 <unknown>\n#14 0x56095e1593c8 <unknown>\n#15 0x56095e17433d <unknown>\n#16 0x7f52cf2a3609 start_thread\n",
        "time" : {
          "start" : 1633761446811,
          "stop" : 1633761446812,
          "duration" : 1
        }
      }, {
        "uid" : "6d1958f444ac03ec",
        "reportUrl" : "https://MohabMohie.github.io/using_SHAFT_ENGINE/allure/1005//#testresult/6d1958f444ac03ec",
        "status" : "skipped",
        "statusDetails" : "unknown error: Chrome failed to start: exited abnormally.\n  (unknown error: DevToolsActivePort file doesn't exist)\n  (The process started from chrome location /usr/bin/google-chrome is no longer running, so ChromeDriver is assuming that Chrome has crashed.)\nBuild info: version: '3.141.59', revision: 'e82be7d358', time: '2018-11-14T08:17:03'\nSystem info: host: 'fv-az212-309', ip: '10.1.0.75', os.name: 'Linux', os.arch: 'amd64', os.version: '5.8.0-1042-azure', java.version: '17'\nDriver info: driver.version: A_Search_FlatTest_NativeSeleniumWebDriver\nremote stacktrace: #0 0x55922c1cd8f3 <unknown>\n#1 0x55922bcb2ba8 <unknown>\n#2 0x55922bcd5e33 <unknown>\n#3 0x55922bcd19ef <unknown>\n#4 0x55922bd0b995 <unknown>\n#5 0x55922bd05d63 <unknown>\n#6 0x55922bcdc144 <unknown>\n#7 0x55922bcdd135 <unknown>\n#8 0x55922c1fcc3e <unknown>\n#9 0x55922c2126b7 <unknown>\n#10 0x55922c1fdb95 <unknown>\n#11 0x55922c213b05 <unknown>\n#12 0x55922c1f22ab <unknown>\n#13 0x55922c22e248 <unknown>\n#14 0x55922c22e3c8 <unknown>\n#15 0x55922c24933d <unknown>\n#16 0x7f5a99faf609 start_thread\n",
        "time" : {
          "start" : 1633742911960,
          "stop" : 1633742911961,
          "duration" : 1
        }
      }, {
        "uid" : "eec28c0a1caa7f84",
        "reportUrl" : "https://MohabMohie.github.io/using_SHAFT_ENGINE/allure/1004//#testresult/eec28c0a1caa7f84",
        "status" : "skipped",
        "statusDetails" : "unknown error: Chrome failed to start: exited abnormally.\n  (unknown error: DevToolsActivePort file doesn't exist)\n  (The process started from chrome location /usr/bin/google-chrome is no longer running, so ChromeDriver is assuming that Chrome has crashed.)\nBuild info: version: '3.141.59', revision: 'e82be7d358', time: '2018-11-14T08:17:03'\nSystem info: host: 'fv-az292-712', ip: '10.1.0.218', os.name: 'Linux', os.arch: 'amd64', os.version: '5.8.0-1042-azure', java.version: '17'\nDriver info: driver.version: A_Search_FlatTest_NativeSeleniumWebDriver\nremote stacktrace: #0 0x55b7c887f8f3 <unknown>\n#1 0x55b7c8364ba8 <unknown>\n#2 0x55b7c8387e33 <unknown>\n#3 0x55b7c83839ef <unknown>\n#4 0x55b7c83bd995 <unknown>\n#5 0x55b7c83b7d63 <unknown>\n#6 0x55b7c838e144 <unknown>\n#7 0x55b7c838f135 <unknown>\n#8 0x55b7c88aec3e <unknown>\n#9 0x55b7c88c46b7 <unknown>\n#10 0x55b7c88afb95 <unknown>\n#11 0x55b7c88c5b05 <unknown>\n#12 0x55b7c88a42ab <unknown>\n#13 0x55b7c88e0248 <unknown>\n#14 0x55b7c88e03c8 <unknown>\n#15 0x55b7c88fb33d <unknown>\n#16 0x7fb3758c7609 start_thread\n",
        "time" : {
          "start" : 1633718214258,
          "stop" : 1633718214261,
          "duration" : 3
        }
      }, {
        "uid" : "1471d48d438a3efe",
        "reportUrl" : "https://MohabMohie.github.io/using_SHAFT_ENGINE/allure/1003//#testresult/1471d48d438a3efe",
        "status" : "skipped",
        "statusDetails" : "unknown error: Chrome failed to start: exited abnormally.\n  (unknown error: DevToolsActivePort file doesn't exist)\n  (The process started from chrome location /usr/bin/google-chrome is no longer running, so ChromeDriver is assuming that Chrome has crashed.)\nBuild info: version: '3.141.59', revision: 'e82be7d358', time: '2018-11-14T08:17:03'\nSystem info: host: 'fv-az212-309', ip: '10.1.1.157', os.name: 'Linux', os.arch: 'amd64', os.version: '5.8.0-1042-azure', java.version: '17'\nDriver info: driver.version: A_Search_FlatTest_NativeSeleniumWebDriver\nremote stacktrace: #0 0x560012ea28f3 <unknown>\n#1 0x560012987ba8 <unknown>\n#2 0x5600129aae33 <unknown>\n#3 0x5600129a69ef <unknown>\n#4 0x5600129e0995 <unknown>\n#5 0x5600129dad63 <unknown>\n#6 0x5600129b1144 <unknown>\n#7 0x5600129b2135 <unknown>\n#8 0x560012ed1c3e <unknown>\n#9 0x560012ee76b7 <unknown>\n#10 0x560012ed2b95 <unknown>\n#11 0x560012ee8b05 <unknown>\n#12 0x560012ec72ab <unknown>\n#13 0x560012f03248 <unknown>\n#14 0x560012f033c8 <unknown>\n#15 0x560012f1e33d <unknown>\n#16 0x7f34ff94c609 start_thread\n",
        "time" : {
          "start" : 1633697403897,
          "stop" : 1633697403900,
          "duration" : 3
        }
      }, {
        "uid" : "50a9fd6be81f539c",
        "reportUrl" : "https://MohabMohie.github.io/using_SHAFT_ENGINE/allure/1002//#testresult/50a9fd6be81f539c",
        "status" : "skipped",
        "statusDetails" : "unknown error: Chrome failed to start: exited abnormally.\n  (unknown error: DevToolsActivePort file doesn't exist)\n  (The process started from chrome location /usr/bin/google-chrome is no longer running, so ChromeDriver is assuming that Chrome has crashed.)\nBuild info: version: '3.141.59', revision: 'e82be7d358', time: '2018-11-14T08:17:03'\nSystem info: host: 'fv-az292-712', ip: '10.1.0.221', os.name: 'Linux', os.arch: 'amd64', os.version: '5.8.0-1042-azure', java.version: '17'\nDriver info: driver.version: A_Search_FlatTest_NativeSeleniumWebDriver\nremote stacktrace: #0 0x55e43a3598f3 <unknown>\n#1 0x55e439e3eba8 <unknown>\n#2 0x55e439e61e33 <unknown>\n#3 0x55e439e5d9ef <unknown>\n#4 0x55e439e97995 <unknown>\n#5 0x55e439e91d63 <unknown>\n#6 0x55e439e68144 <unknown>\n#7 0x55e439e69135 <unknown>\n#8 0x55e43a388c3e <unknown>\n#9 0x55e43a39e6b7 <unknown>\n#10 0x55e43a389b95 <unknown>\n#11 0x55e43a39fb05 <unknown>\n#12 0x55e43a37e2ab <unknown>\n#13 0x55e43a3ba248 <unknown>\n#14 0x55e43a3ba3c8 <unknown>\n#15 0x55e43a3d533d <unknown>\n#16 0x7ff7b106a609 start_thread\n",
        "time" : {
          "start" : 1633675150494,
          "stop" : 1633675150495,
          "duration" : 1
        }
      }, {
        "uid" : "cf08938117c278c9",
        "reportUrl" : "https://MohabMohie.github.io/using_SHAFT_ENGINE/allure/1001//#testresult/cf08938117c278c9",
        "status" : "skipped",
        "statusDetails" : "unknown error: Chrome failed to start: exited abnormally.\n  (unknown error: DevToolsActivePort file doesn't exist)\n  (The process started from chrome location /usr/bin/google-chrome is no longer running, so ChromeDriver is assuming that Chrome has crashed.)\nBuild info: version: '3.141.59', revision: 'e82be7d358', time: '2018-11-14T08:17:03'\nSystem info: host: 'fv-az154-997', ip: '10.1.0.255', os.name: 'Linux', os.arch: 'amd64', os.version: '5.8.0-1042-azure', java.version: '17'\nDriver info: driver.version: A_Search_FlatTest_NativeSeleniumWebDriver\nremote stacktrace: #0 0x56031da938f3 <unknown>\n#1 0x56031d578ba8 <unknown>\n#2 0x56031d59be33 <unknown>\n#3 0x56031d5979ef <unknown>\n#4 0x56031d5d1995 <unknown>\n#5 0x56031d5cbd63 <unknown>\n#6 0x56031d5a2144 <unknown>\n#7 0x56031d5a3135 <unknown>\n#8 0x56031dac2c3e <unknown>\n#9 0x56031dad86b7 <unknown>\n#10 0x56031dac3b95 <unknown>\n#11 0x56031dad9b05 <unknown>\n#12 0x56031dab82ab <unknown>\n#13 0x56031daf4248 <unknown>\n#14 0x56031daf43c8 <unknown>\n#15 0x56031db0f33d <unknown>\n#16 0x7f01cc3ce609 start_thread\n",
        "time" : {
          "start" : 1633657064105,
          "stop" : 1633657064111,
          "duration" : 6
        }
      } ]
    },
    "tags" : [ ]
  },
  "source" : "6b3776caeb7eadac.json",
  "parameterValues" : [ ]
}