################################################################################################################################################
Detected SHAFT Engine Version: [SHAFT Engine v6.1.20220113]
################################################################################################################################################
[ReportManager] File Action [GetAbsolutePath] successfully performed. With the following test data [Relative Folder Path: "target/downloadedFiles/"]. @26-02-2022 01:32:31.0211 AM
[ReportManager] Attempting to run remotely on: [Linux-64], [GoogleChrome], [http://localhost:4444/wd/hub], Headless Execution. @26-02-2022 01:32:31.0228 AM
[ReportManager] Successfully Opened [GoogleChrome]. @26-02-2022 01:32:33.0138 AM
[ReportManager] Target URL: [https://www.google.com/ncr], and after redirection: [https://www.google.com] @26-02-2022 01:32:33.0148 AM
[ReportManager] Initial URL: [data:,] @26-02-2022 01:32:33.0267 AM
[ReportManager] Browser Action [NavigateToURL] successfully performed. With the following test data [https://www.google.com/ncr]. @26-02-2022 01:32:34.0830 A

################################################################################################################################################
Starting Execution:	[1 out of 23] test cases in the current suite
Test Method:		[tests.gui.google.C_Search_PageObjectModel_Traditional.navigateToGoogleHomeAndAssertGoogleLogoIsDisplayed]
################################################################################################################################################
[ReportManager] Element Action [IsElementDisplayed] successfully performed. @26-02-2022 01:32:35.0143 AM
[ReportManager] Assertion Passed: Asserting that the Google logo is displayed @26-02-2022 01:32:35.0155 AM
[ReportManager] Assertion [ValidateTrue] PASSED. Expected [TRUE] and Actual [TRUE]. Validation Type [POSITIVE]. @26-02-2022 01:32:35.0155 A
[ReportManager] Browser Action [CloseCurrentWindow] successfully performed. @26-02-2022 01:32:35.0333 AM
[ReportManager] Successfully created attachment [Browser Action Test Data - CloseCurrentWindow - Actual Value] @26-02-2022 01:32:35.0342 A
[ReportManager] File Action [GetAbsolutePath] successfully performed. With the following test data [Relative Folder Path: "target/downloadedFiles/"]. @26-02-2022 01:32:35.0368 AM
[ReportManager] Attempting to run remotely on: [Linux-64], [GoogleChrome], [http://localhost:4444/wd/hub], Headless Execution. @26-02-2022 01:32:35.0368 AM
[ReportManager] Successfully Opened [GoogleChrome]. @26-02-2022 01:32:35.0754 AM
[ReportManager] Target URL: [https://www.google.com/ncr], and after redirection: [https://www.google.com] @26-02-2022 01:32:35.0756 AM
[ReportManager] Initial URL: [data:,] @26-02-2022 01:32:35.0856 AM
[ReportManager] Browser Action [NavigateToURL] successfully performed. With the following test data [https://www.google.com/ncr]. @26-02-2022 01:32:36.0960 A

################################################################################################################################################
Starting Execution:	[2 out of 23] test cases in the current suite
Test Method:		[tests.gui.google.C_Search_PageObjectModel_Traditional.navigateToGoogleHomeAndAssertPageTitle]
################################################################################################################################################
[ReportManager] Browser Action [GetCurrentWindowTitle] successfully performed. With the following test data [Google]. @26-02-2022 01:32:37.0015 AM
[ReportManager] Assertion Passed: Asserting that the page title is Google @26-02-2022 01:32:37.0020 AM
[ReportManager] Assertion [ValidateEquals] PASSED. Expected [Google] and Actual [Google]. Comparison Type [EQUALS]. Validation Type [POSITIVE]. @26-02-2022 01:32:37.0020 A
[ReportManager] Browser Action [CloseCurrentWindow] successfully performed. @26-02-2022 01:32:37.0180 AM
[ReportManager] Successfully created attachment [Browser Action Test Data - CloseCurrentWindow - Actual Value] @26-02-2022 01:32:37.0189 A
[ReportManager] File Action [GetAbsolutePath] successfully performed. With the following test data [Relative Folder Path: "target/downloadedFiles/"]. @26-02-2022 01:32:37.0200 AM
[ReportManager] Attempting to run remotely on: [Linux-64], [GoogleChrome], [http://localhost:4444/wd/hub], Headless Execution. @26-02-2022 01:32:37.0201 AM
[ReportManager] Successfully Opened [GoogleChrome]. @26-02-2022 01:32:37.0558 AM
[ReportManager] Target URL: [https://www.google.com/ncr], and after redirection: [https://www.google.com] @26-02-2022 01:32:37.0558 AM
[ReportManager] Initial URL: [data:,] @26-02-2022 01:32:37.0641 AM
[ReportManager] Browser Action [NavigateToURL] successfully performed. With the following test data [https://www.google.com/ncr]. @26-02-2022 01:32:38.0651 A

################################################################################################################################################
Starting Execution:	[3 out of 23] test cases in the current suite
Test Method:		[tests.gui.google.C_Search_PageObjectModel_Traditional.searchForQueryAndAssertFirstResultTextIsCorrect]
################################################################################################################################################
[ReportManager] Element Action [Type] successfully performed. With the following test data [SHAFT_Engine]. @26-02-2022 01:32:39.0407 AM
[ReportManager] Element Action [KeyPress] successfully performed. With the following test data [ENTER]. @26-02-2022 01:32:41.0110 AM
[ReportManager] Element Action [GetText] successfully performed. With the following test data [SHAFT_ENGINE is a Test Automation Engine that ... - GitHub]. @26-02-2022 01:32:41.0251 AM
[ReportManager] Assertion Failed: Asserting that the correct first result is displayed @26-02-2022 01:32:41.0255 AM
[ReportManager] Assertion [ValidateEquals] FAILED. Expected [MohabMohie] and Actual [SHAFT_ENGINE is a Test Automation Engine that ... - GitHub]. Comparison Type [CONTAINS]. Validation Type [POSITIVE]. @26-02-2022 01:32:41.0255 A
[ReportManager] Browser Action [CloseCurrentWindow] successfully performed. @26-02-2022 01:32:41.0476 AM
[ReportManager] Successfully created attachment [Browser Action Test Data - CloseCurrentWindow - Actual Value] @26-02-2022 01:32:41.0504 A
[ReportManager] An Exception Occured with this Message: src/test/resources/testDataFiles/Google/SimpleSearch.xlsx (No such file or directory). @26-02-2022 01:32:41.0541 AM
[ReportManager] Successfully created attachment [Exception Stack Trace - java.io.FileNotFoundException] @26-02-2022 01:32:41.0541 AM
[ReportManager] Couldn't find the desired file. [src/test/resources/testDataFiles/Google/SimpleSearch.xlsx]. @26-02-2022 01:32:41.0541 A


################################################################################################################################################
Starting Execution:	[4 out of 23] test cases in the current suite
Test Method:		[tests.gui.google.D_Search_PageObjectModel_Traditional_DataDriven.navigateToGoogleHomeAndAssertGoogleLogoIsDisplayed]
###############################################################################################################################################



################################################################################################################################################
Starting Execution:	[5 out of 23] test cases in the current suite
Test Method:		[tests.gui.google.D_Search_PageObjectModel_Traditional_DataDriven.navigateToGoogleHomeAndAssertPageTitle]
###############################################################################################################################################



################################################################################################################################################
Starting Execution:	[6 out of 23] test cases in the current suite
Test Method:		[tests.gui.google.D_Search_PageObjectModel_Traditional_DataDriven.searchForQueryAndAssertFirstResultTextIsCorrect]
###############################################################################################################################################




################################################################################################################################################
Starting Execution:	[7 out of 23] test cases in the current suite
Test Method:		[tests.gui.google.A_Search_FlatTest_NativeSeleniumWebDriver.navigateToGoogleHomeAndAssertGoogleLogoIsDisplayed]
###############################################################################################################################################



################################################################################################################################################
Starting Execution:	[8 out of 23] test cases in the current suite
Test Method:		[tests.gui.google.A_Search_FlatTest_NativeSeleniumWebDriver.navigateToGoogleHomeAndAssertPageTitle]
###############################################################################################################################################



################################################################################################################################################
Starting Execution:	[9 out of 23] test cases in the current suite
Test Method:		[tests.gui.google.A_Search_FlatTest_NativeSeleniumWebDriver.searchForQueryAndAssertFirstResultTextIsCorrect]
###############################################################################################################################################

[ReportManager] An Exception Occured with this Message: src/test/resources/testDataFiles/Google/SimpleSearch.xlsx (No such file or directory). @26-02-2022 01:33:06.0004 AM
[ReportManager] Successfully created attachment [Exception Stack Trace - java.io.FileNotFoundException] @26-02-2022 01:33:06.0004 AM
[ReportManager] Couldn't find the desired file. [src/test/resources/testDataFiles/Google/SimpleSearch.xlsx]. @26-02-2022 01:33:06.0004 A


################################################################################################################################################
Starting Execution:	[10 out of 23] test cases in the current suite
Test Method:		[tests.gui.google.G_Search_PageObjectModel_ThreadSafe.navigateToGoogleHomeAndAssertGoogleLogoIsDisplayed]
###############################################################################################################################################



################################################################################################################################################
Starting Execution:	[11 out of 23] test cases in the current suite
Test Method:		[tests.gui.google.G_Search_PageObjectModel_ThreadSafe.navigateToGoogleHomeAndAssertPageTitle]
###############################################################################################################################################



################################################################################################################################################
Starting Execution:	[12 out of 23] test cases in the current suite
Test Method:		[tests.gui.google.G_Search_PageObjectModel_ThreadSafe.searchForQueryAndAssertFirstResultTextIsCorrect]
###############################################################################################################################################

[ReportManager] An Exception Occured with this Message: src/test/resources/testDataFiles/Google/SimpleSearch.xlsx (No such file or directory). @26-02-2022 01:33:06.0018 AM
[ReportManager] Successfully created attachment [Exception Stack Trace - java.io.FileNotFoundException] @26-02-2022 01:33:06.0019 AM
[ReportManager] Couldn't find the desired file. [src/test/resources/testDataFiles/Google/SimpleSearch.xlsx]. @26-02-2022 01:33:06.0019 A


################################################################################################################################################
Starting Execution:	[13 out of 23] test cases in the current suite
Test Method:		[tests.gui.google.E_Search_PageObjectModel_Traditional_SHAFTAssertions.navigateToGoogleHomeAndAssertGoogleLogoIsDisplayed]
###############################################################################################################################################



################################################################################################################################################
Starting Execution:	[14 out of 23] test cases in the current suite
Test Method:		[tests.gui.google.E_Search_PageObjectModel_Traditional_SHAFTAssertions.navigateToGoogleHomeAndAssertPageTitle]
###############################################################################################################################################



################################################################################################################################################
Starting Execution:	[15 out of 23] test cases in the current suite
Test Method:		[tests.gui.google.E_Search_PageObjectModel_Traditional_SHAFTAssertions.searchForQueryAndAssertFirstResultTextIsCorrect]
###############################################################################################################################################

[ReportManager] An Exception Occured with this Message: src/test/resources/testDataFiles/Google/SimpleSearch.xlsx (No such file or directory). @26-02-2022 01:33:06.0051 AM
[ReportManager] Successfully created attachment [Exception Stack Trace - java.io.FileNotFoundException] @26-02-2022 01:33:06.0051 AM
[ReportManager] Couldn't find the desired file. [src/test/resources/testDataFiles/Google/SimpleSearch.xlsx]. @26-02-2022 01:33:06.0052 A


################################################################################################################################################
Starting Execution:	[16 out of 23] test cases in the current suite
Test Method:		[tests.gui.google.F_Search_PageObjectModel_Fluent.navigateToGoogleHomeAndAssertGoogleLogoIsDisplayed]
###############################################################################################################################################



################################################################################################################################################
Starting Execution:	[17 out of 23] test cases in the current suite
Test Method:		[tests.gui.google.F_Search_PageObjectModel_Fluent.navigateToGoogleHomeAndAssertPageTitle]
###############################################################################################################################################



################################################################################################################################################
Starting Execution:	[18 out of 23] test cases in the current suite
Test Method:		[tests.gui.google.F_Search_PageObjectModel_Fluent.searchForQueryAndAssertFirstResultTextIsCorrect]
###############################################################################################################################################

[ReportManager] File Action [GetAbsolutePath] successfully performed. With the following test data [Relative Folder Path: "target/downloadedFiles/"]. @26-02-2022 01:33:06.0096 AM
[ReportManager] Attempting to run remotely on: [Linux-64], [GoogleChrome], [http://localhost:4444/wd/hub], Headless Execution. @26-02-2022 01:33:06.0097 AM
[ReportManager] Successfully Opened [GoogleChrome]. @26-02-2022 01:33:06.0495 AM
[ReportManager] Target URL: [https://www.google.com/ncr], and after redirection: [https://www.google.com] @26-02-2022 01:33:06.0495 AM
[ReportManager] Initial URL: [data:,] @26-02-2022 01:33:06.0584 AM
[ReportManager] Browser Action [NavigateToURL] successfully performed. With the following test data [https://www.google.com/ncr]. @26-02-2022 01:33:07.0640 A

################################################################################################################################################
Starting Execution:	[19 out of 23] test cases in the current suite
Test Method:		[tests.gui.google.B_Search_FlatTest_SHAFT.navigateToGoogleHomeAndAssertGoogleLogoIsDisplayed]
################################################################################################################################################
[ReportManager] File Action [DoesFileExist] successfully performed. With the following test data [File Path: "src/main/resources/dynamicObjectRepository/tests_gui_google_B_Search_FlatTest_SHAFT_navigateToGoogleHomeAndAssertGoogleLogoIsDisplayed_By_xpath_img_id_hplogo_or_alt_Google.png"]. @26-02-2022 01:33:07.0649 AM
[ReportManager] File Action [GetAbsolutePath] successfully performed. With the following test data [Relative Folder Path: "src/main/resources/dynamicObjectRepository/tests_gui_google_B_Search_FlatTest_SHAFT_navigateToGoogleHomeAndAssertGoogleLogoIsDisplayed_By_xpath_img_id_hplogo_or_alt_Google.png"]. @26-02-2022 01:33:07.0650 AM
[ReportManager] File Action [ReadFromImageFile] successfully performed. With the following test data [File Path: "/home/runner/work/using_SHAFT_ENGINE/using_SHAFT_ENGINE/src/main/resources/dynamicObjectRepository/tests_gui_google_B_Search_FlatTest_SHAFT_navigateToGoogleHomeAndAssertGoogleLogoIsDisplayed_By_xpath_img_id_hplogo_or_alt_Google.png"]. @26-02-2022 01:33:07.0650 AM
[ReportManager] File Action [DoesFileExist] successfully performed. With the following test data [File Path: "src/main/resources/dynamicObjectRepository/tests_gui_google_B_Search_FlatTest_SHAFT_navigateToGoogleHomeAndAssertGoogleLogoIsDisplayed_By_xpath_img_id_hplogo_or_alt_Google.png"]. @26-02-2022 01:33:07.0922 AM
[ReportManager] File Action [DoesFileExist] successfully performed. With the following test data [File Path: "src/main/resources/dynamicObjectRepository/tests_gui_google_B_Search_FlatTest_SHAFT_navigateToGoogleHomeAndAssertGoogleLogoIsDisplayed_By_xpath_img_id_hplogo_or_alt_Google.png"]. @26-02-2022 01:33:07.0922 AM
[ReportManager] File Action [GetAbsolutePath] successfully performed. With the following test data [Relative Folder Path: "src/main/resources/dynamicObjectRepository/tests_gui_google_B_Search_FlatTest_SHAFT_navigateToGoogleHomeAndAssertGoogleLogoIsDisplayed_By_xpath_img_id_hplogo_or_alt_Google.png"]. @26-02-2022 01:33:07.0944 AM
[ReportManager] File Action [ReadFromImageFile] successfully performed. With the following test data [File Path: "/home/runner/work/using_SHAFT_ENGINE/using_SHAFT_ENGINE/src/main/resources/dynamicObjectRepository/tests_gui_google_B_Search_FlatTest_SHAFT_navigateToGoogleHomeAndAssertGoogleLogoIsDisplayed_By_xpath_img_id_hplogo_or_alt_Google.png"]. @26-02-2022 01:33:07.0945 AM
[ReportManager] Accuracy threshold is [80.0%] and the actual match accuracy is [91.50802493095398%]. @26-02-2022 01:33:07.0948 AM
[ReportManager] Successfully identified the element using AI; OpenCV. @26-02-2022 01:33:07.0949 AM
[ReportManager] Assertion Passed: Asserting that the Google logo is displayed @26-02-2022 01:33:07.0950 AM
[ReportManager] Successfully created attachment [Validation Test Data - Reference Screenshot] @26-02-2022 01:33:07.0951 AM
[ReportManager] Successfully created attachment [Validation Test Data - Actual Screenshot] @26-02-2022 01:33:07.0951 AM
[ReportManager] Assertion [ValidateElementMatches] PASSED. Expected [Element should match the reference screenshot] and Actual [TRUE]. Comparison Type [EXACT_OPENCV]. Validation Type [POSITIVE]. @26-02-2022 01:33:07.0951 A
[ReportManager] Browser Action [CloseCurrentWindow] successfully performed. @26-02-2022 01:33:08.0110 AM
[ReportManager] Successfully created attachment [Browser Action Test Data - CloseCurrentWindow - Actual Value] @26-02-2022 01:33:08.0111 A
[ReportManager] File Action [GetAbsolutePath] successfully performed. With the following test data [Relative Folder Path: "target/downloadedFiles/"]. @26-02-2022 01:33:08.0114 AM
[ReportManager] Attempting to run remotely on: [Linux-64], [GoogleChrome], [http://localhost:4444/wd/hub], Headless Execution. @26-02-2022 01:33:08.0114 AM
[ReportManager] Successfully Opened [GoogleChrome]. @26-02-2022 01:33:08.0421 AM
[ReportManager] Target URL: [https://www.google.com/ncr], and after redirection: [https://www.google.com] @26-02-2022 01:33:08.0421 AM
[ReportManager] Initial URL: [data:,] @26-02-2022 01:33:08.0528 AM
[ReportManager] Browser Action [NavigateToURL] successfully performed. With the following test data [https://www.google.com/ncr]. @26-02-2022 01:33:09.0653 A

################################################################################################################################################
Starting Execution:	[20 out of 23] test cases in the current suite
Test Method:		[tests.gui.google.B_Search_FlatTest_SHAFT.navigateToGoogleHomeAndAssertPageTitle]
################################################################################################################################################
[ReportManager] Browser Action [GetCurrentWindowTitle] successfully performed. With the following test data [Google]. @26-02-2022 01:33:09.0707 AM
[ReportManager] Assertion Passed: Asserting that the page title is Google @26-02-2022 01:33:10.0411 AM
[ReportManager] Successfully created attachment [Screenshot - 1645839189933_navigateToGoogleHomeAndAssertPageTitle_ValidateBrowserAttribute_passed] @26-02-2022 01:33:10.0417 AM
[ReportManager] Assertion [ValidateBrowserAttribute] PASSED. Expected [Value Should be 'Google' for the 'Title' attribute] and Actual [Google]. Comparison Type [EQUALS]. Validation Type [POSITIVE]. @26-02-2022 01:33:10.0418 A
[ReportManager] Browser Action [CloseCurrentWindow] successfully performed. @26-02-2022 01:33:10.0592 AM
[ReportManager] Successfully created attachment [Browser Action Test Data - CloseCurrentWindow - Actual Value] @26-02-2022 01:33:10.0593 A
[ReportManager] File Action [GetAbsolutePath] successfully performed. With the following test data [Relative Folder Path: "target/downloadedFiles/"]. @26-02-2022 01:33:10.0596 AM
[ReportManager] Attempting to run remotely on: [Linux-64], [GoogleChrome], [http://localhost:4444/wd/hub], Headless Execution. @26-02-2022 01:33:10.0596 AM
[ReportManager] Successfully Opened [GoogleChrome]. @26-02-2022 01:33:10.0801 AM
[ReportManager] Target URL: [https://www.google.com/ncr], and after redirection: [https://www.google.com] @26-02-2022 01:33:10.0801 AM
[ReportManager] Initial URL: [data:,] @26-02-2022 01:33:10.0884 AM
[ReportManager] Browser Action [NavigateToURL] successfully performed. With the following test data [https://www.google.com/ncr]. @26-02-2022 01:33:11.0967 A

################################################################################################################################################
Starting Execution:	[21 out of 23] test cases in the current suite
Test Method:		[tests.gui.google.B_Search_FlatTest_SHAFT.searchForQueryAndAssertFirstResultTextIsCorrect]
################################################################################################################################################
[ReportManager] Element Action [Type] successfully performed. With the following test data [SHAFT_Engine]. @26-02-2022 01:33:12.0751 AM
[ReportManager] Element Action [KeyPress] successfully performed. With the following test data [ENTER]. @26-02-2022 01:33:14.0193 AM
[ReportManager] Element Action [GetText] successfully performed. With the following test data [SHAFT_ENGINE is a Test Automation Engine that ... - GitHub]. @26-02-2022 01:33:14.0324 AM
[ReportManager] Assertion Failed: Asserting that the correct first result is displayed @26-02-2022 01:33:14.0980 AM
[ReportManager] Successfully created attachment [Screenshot - 1645839194809_searchForQueryAndAssertFirstResultTextIsCorrect_ValidateElementAttribute_failed] @26-02-2022 01:33:14.0991 AM
[ReportManager] Assertion [ValidateElementAttribute] FAILED. Expected [Value Should be 'MohabMohie' for the 'Text' attribute, element locator 'By.xpath: (//h1[contains(text(),'Search Result')]/following-sibling::div//a/h3)[1]'] and Actual [SHAFT_ENGINE is a Test Automation Engine that ... - GitHub]. Comparison Type [CONTAINS]. Validation Type [POSITIVE]. @26-02-2022 01:33:14.0991 A
[ReportManager] Browser Action [CloseCurrentWindow] successfully performed. @26-02-2022 01:33:15.0294 AM
[ReportManager] Successfully created attachment [Browser Action Test Data - CloseCurrentWindow - Actual Value] @26-02-2022 01:33:15.0297 A

################################################################################################################################################
Starting Execution:	[22 out of 23] test cases in the current suite
Test Method:		[tests.cli.demo.cliTest.sampleTestCase]
################################################################################################################################################
[ReportManager] Attempting to perform the following command locally. Command: [ls] @26-02-2022 01:33:15.0314 AM
[ReportManager] Terminal Action [PerformTerminalCommands] successfully performed. With the following test data [Host Name: "localHost" | Command: "ls" | Exit Status: "0"]. @26-02-2022 01:33:15.0318 AM
[ReportManager] Successfully created attachment [Terminal Action Actual Result - Command Log] @26-02-2022 01:33:15.0318 AM
[ReportManager] Assertion Passed: Demoing local terminal actions @26-02-2022 01:33:15.0318 AM
[ReportManager] Assertion [ValidateEquals] PASSED. Expected [pom.xml] and Actual [LICENSE
README.md
allure-results
docker-compose_native.yml
docker-compose_zalenium.yml
extent-reports
pom.xml
readMeImgs
src
target]. Comparison Type [CONTAINS]. Validation Type [POSITIVE]. @26-02-2022 01:33:15.0318 A

################################################################################################################################################
Starting Execution:	[23 out of 23] test cases in the current suite
Test Method:		[tests.api.users.UserData.validateUserEmail]
################################################################################################################################################
[ReportManager] Response status code: [200], status line: [HTTP/1.1 200 OK] @26-02-2022 01:33:17.0197 AM
[ReportManager] Assertion Passed: Evaluating the actual response status code against the expected one... @26-02-2022 01:33:17.0201 AM
[ReportManager] Assertion [ValidateComparativeRelation] PASSED. Expected [200] and Actual [200]. Comparison Type [EQUALS]. Validation Type [POSITIVE]. @26-02-2022 01:33:17.0201 AM
[ReportManager] API Action [PerformRequest] successfully performed. With the following test data [Request Type: "GET" | Target Status Code: "200" | Service URL: "https://jsonplaceholder.typicode.com/users" | Content Type: "*/*" | Response Time: "589ms"]. @26-02-2022 01:33:18.0161 AM
[ReportManager] Successfully created attachment [API Request - Specifications] @26-02-2022 01:33:18.0161 AM
[ReportManager] Successfully created attachment [API Response - JSON Body] @26-02-2022 01:33:18.0533 AM
[ReportManager] Assertion [ValidateEquals] PASSED. Expected and Actual values are attached. Comparison Type [CONTAINS]. Validation Type [POSITIVE]. @26-02-2022 01:33:18.0534 AM
[ReportManager] Successfully created attachment [Validation Test Data - Expected Value] @26-02-2022 01:33:18.0534 AM
[ReportManager] Successfully created attachment [Validation Test Data - Actual Value] @26-02-2022 01:33:18.0534 AM
[ReportManager] API Action [GetResponseJSONValueAsList] successfully performed. With the following test data [$]. @26-02-2022 01:33:18.0544 AM
[ReportManager] API Action [GetResponseJSONValue] successfully performed. With the following test data [name]. @26-02-2022 01:33:18.0564 AM
[ReportManager] API Action [GetResponseJSONValue] successfully performed. With the following test data [email]. @26-02-2022 01:33:18.0588 AM
[ReportManager] Assertion [ValidateEquals] PASSED. Expected [Sincere@april.biz] and Actual [Sincere@april.biz]. Comparison Type [EQUALS]. Validation Type [POSITIVE]. @26-02-2022 01:33:18.0588 AM
[ReportManager] API Action [GetResponseJSONValue] successfully performed. With the following test data [name]. @26-02-2022 01:33:18.0620 AM
[ReportManager] API Action [GetResponseJSONValue] successfully performed. With the following test data [name]. @26-02-2022 01:33:18.0640 AM
[ReportManager] API Action [GetResponseJSONValue] successfully performed. With the following test data [name]. @26-02-2022 01:33:18.0657 AM
[ReportManager] API Action [GetResponseJSONValue] successfully performed. With the following test data [name]. @26-02-2022 01:33:18.0677 AM
[ReportManager] API Action [GetResponseJSONValue] successfully performed. With the following test data [name]. @26-02-2022 01:33:18.0697 AM
[ReportManager] API Action [GetResponseJSONValue] successfully performed. With the following test data [name]. @26-02-2022 01:33:18.0713 AM
[ReportManager] API Action [GetResponseJSONValue] successfully performed. With the following test data [name]. @26-02-2022 01:33:18.0732 AM
[ReportManager] API Action [GetResponseJSONValue] successfully performed. With the following test data [name]. @26-02-2022 01:33:18.0748 AM
[ReportManager] API Action [GetResponseJSONValue] successfully performed. With the following test data [name]. @26-02-2022 01:33:18.0764 A
[ReportManager] Successfully created attachment [SHAFT Engine Logs - Execution log] @26-02-2022 01:33:18.0793 AM

################################################################################################################################################
This test run was powered by SHAFT Engine Version: [SHAFT Engine v6.1.20220113]
SHAFT Engine is licensed under the MIT License: [https://github.com/MohabMohie/SHAFT_ENGINE/blob/master/LICENSE].
################################################################################################################################################