################################################################################################################################################
Detected SHAFT Engine Version: [SHAFT Engine v6.1.20220113]
################################################################################################################################################
[ReportManager] File Action [GetAbsolutePath] successfully performed. With the following test data [Relative Folder Path: "target/downloadedFiles/"]. @27-02-2022 01:40:46.0049 AM
[ReportManager] Attempting to run remotely on: [Linux-64], [GoogleChrome], [http://localhost:4444/wd/hub], Headless Execution. @27-02-2022 01:40:46.0083 AM
[ReportManager] Successfully Opened [GoogleChrome]. @27-02-2022 01:40:48.0175 AM
[ReportManager] Target URL: [https://www.google.com/ncr], and after redirection: [https://www.google.com] @27-02-2022 01:40:48.0186 AM
[ReportManager] Initial URL: [data:,] @27-02-2022 01:40:48.0343 AM
[ReportManager] Browser Action [NavigateToURL] successfully performed. With the following test data [https://www.google.com/ncr]. @27-02-2022 01:40:49.0977 A

################################################################################################################################################
Starting Execution:	[1 out of 23] test cases in the current suite
Test Method:		[tests.gui.google.C_Search_PageObjectModel_Traditional.navigateToGoogleHomeAndAssertGoogleLogoIsDisplayed]
################################################################################################################################################
[ReportManager] Element Action [IsElementDisplayed] successfully performed. @27-02-2022 01:40:50.0381 AM
[ReportManager] Assertion Passed: Asserting that the Google logo is displayed @27-02-2022 01:40:50.0396 AM
[ReportManager] Assertion [ValidateTrue] PASSED. Expected [TRUE] and Actual [TRUE]. Validation Type [POSITIVE]. @27-02-2022 01:40:50.0397 A
[ReportManager] Browser Action [CloseCurrentWindow] successfully performed. @27-02-2022 01:40:50.0602 AM
[ReportManager] Successfully created attachment [Browser Action Test Data - CloseCurrentWindow - Actual Value] @27-02-2022 01:40:50.0606 A
[ReportManager] File Action [GetAbsolutePath] successfully performed. With the following test data [Relative Folder Path: "target/downloadedFiles/"]. @27-02-2022 01:40:50.0626 AM
[ReportManager] Attempting to run remotely on: [Linux-64], [GoogleChrome], [http://localhost:4444/wd/hub], Headless Execution. @27-02-2022 01:40:50.0627 AM
[ReportManager] Successfully Opened [GoogleChrome]. @27-02-2022 01:40:51.0090 AM
[ReportManager] Target URL: [https://www.google.com/ncr], and after redirection: [https://www.google.com] @27-02-2022 01:40:51.0090 AM
[ReportManager] Initial URL: [data:,] @27-02-2022 01:40:51.0187 AM
[ReportManager] Browser Action [NavigateToURL] successfully performed. With the following test data [https://www.google.com/ncr]. @27-02-2022 01:40:52.0403 A

################################################################################################################################################
Starting Execution:	[2 out of 23] test cases in the current suite
Test Method:		[tests.gui.google.C_Search_PageObjectModel_Traditional.navigateToGoogleHomeAndAssertPageTitle]
################################################################################################################################################
[ReportManager] Browser Action [GetCurrentWindowTitle] successfully performed. With the following test data [Google]. @27-02-2022 01:40:52.0480 AM
[ReportManager] Assertion Passed: Asserting that the page title is Google @27-02-2022 01:40:52.0485 AM
[ReportManager] Assertion [ValidateEquals] PASSED. Expected [Google] and Actual [Google]. Comparison Type [EQUALS]. Validation Type [POSITIVE]. @27-02-2022 01:40:52.0486 A
[ReportManager] Browser Action [CloseCurrentWindow] successfully performed. @27-02-2022 01:40:52.0653 AM
[ReportManager] Successfully created attachment [Browser Action Test Data - CloseCurrentWindow - Actual Value] @27-02-2022 01:40:52.0656 A
[ReportManager] File Action [GetAbsolutePath] successfully performed. With the following test data [Relative Folder Path: "target/downloadedFiles/"]. @27-02-2022 01:40:52.0662 AM
[ReportManager] Attempting to run remotely on: [Linux-64], [GoogleChrome], [http://localhost:4444/wd/hub], Headless Execution. @27-02-2022 01:40:52.0662 AM
[ReportManager] Successfully Opened [GoogleChrome]. @27-02-2022 01:40:53.0091 AM
[ReportManager] Target URL: [https://www.google.com/ncr], and after redirection: [https://www.google.com] @27-02-2022 01:40:53.0092 AM
[ReportManager] Initial URL: [data:,] @27-02-2022 01:40:53.0200 AM
[ReportManager] Browser Action [NavigateToURL] successfully performed. With the following test data [https://www.google.com/ncr]. @27-02-2022 01:40:54.0420 A

################################################################################################################################################
Starting Execution:	[3 out of 23] test cases in the current suite
Test Method:		[tests.gui.google.C_Search_PageObjectModel_Traditional.searchForQueryAndAssertFirstResultTextIsCorrect]
################################################################################################################################################
[ReportManager] Element Action [Type] successfully performed. With the following test data [SHAFT_Engine]. @27-02-2022 01:40:55.0390 AM
[ReportManager] Element Action [KeyPress] successfully performed. With the following test data [ENTER]. @27-02-2022 01:40:56.0875 AM
[ReportManager] Element Action [GetText] successfully performed. With the following test data [SHAFT_ENGINE is a Test Automation Engine that ... - GitHub]. @27-02-2022 01:40:57.0009 AM
[ReportManager] Assertion Failed: Asserting that the correct first result is displayed @27-02-2022 01:40:57.0013 AM
[ReportManager] Assertion [ValidateEquals] FAILED. Expected [MohabMohie] and Actual [SHAFT_ENGINE is a Test Automation Engine that ... - GitHub]. Comparison Type [CONTAINS]. Validation Type [POSITIVE]. @27-02-2022 01:40:57.0013 A
[ReportManager] Browser Action [CloseCurrentWindow] successfully performed. @27-02-2022 01:40:57.0392 AM
[ReportManager] Successfully created attachment [Browser Action Test Data - CloseCurrentWindow - Actual Value] @27-02-2022 01:40:57.0420 A
[ReportManager] An Exception Occured with this Message: src/test/resources/testDataFiles/Google/SimpleSearch.xlsx (No such file or directory). @27-02-2022 01:40:57.0439 AM
[ReportManager] Successfully created attachment [Exception Stack Trace - java.io.FileNotFoundException] @27-02-2022 01:40:57.0439 AM
[ReportManager] Couldn't find the desired file. [src/test/resources/testDataFiles/Google/SimpleSearch.xlsx]. @27-02-2022 01:40:57.0440 A


################################################################################################################################################
Starting Execution:	[4 out of 23] test cases in the current suite
Test Method:		[tests.gui.google.D_Search_PageObjectModel_Traditional_DataDriven.navigateToGoogleHomeAndAssertGoogleLogoIsDisplayed]
###############################################################################################################################################



################################################################################################################################################
Starting Execution:	[5 out of 23] test cases in the current suite
Test Method:		[tests.gui.google.D_Search_PageObjectModel_Traditional_DataDriven.navigateToGoogleHomeAndAssertPageTitle]
###############################################################################################################################################



################################################################################################################################################
Starting Execution:	[6 out of 23] test cases in the current suite
Test Method:		[tests.gui.google.D_Search_PageObjectModel_Traditional_DataDriven.searchForQueryAndAssertFirstResultTextIsCorrect]
###############################################################################################################################################




################################################################################################################################################
Starting Execution:	[7 out of 23] test cases in the current suite
Test Method:		[tests.gui.google.A_Search_FlatTest_NativeSeleniumWebDriver.navigateToGoogleHomeAndAssertGoogleLogoIsDisplayed]
###############################################################################################################################################



################################################################################################################################################
Starting Execution:	[8 out of 23] test cases in the current suite
Test Method:		[tests.gui.google.A_Search_FlatTest_NativeSeleniumWebDriver.navigateToGoogleHomeAndAssertPageTitle]
###############################################################################################################################################



################################################################################################################################################
Starting Execution:	[9 out of 23] test cases in the current suite
Test Method:		[tests.gui.google.A_Search_FlatTest_NativeSeleniumWebDriver.searchForQueryAndAssertFirstResultTextIsCorrect]
###############################################################################################################################################

[ReportManager] An Exception Occured with this Message: src/test/resources/testDataFiles/Google/SimpleSearch.xlsx (No such file or directory). @27-02-2022 01:41:18.0623 AM
[ReportManager] Successfully created attachment [Exception Stack Trace - java.io.FileNotFoundException] @27-02-2022 01:41:18.0624 AM
[ReportManager] Couldn't find the desired file. [src/test/resources/testDataFiles/Google/SimpleSearch.xlsx]. @27-02-2022 01:41:18.0624 A


################################################################################################################################################
Starting Execution:	[10 out of 23] test cases in the current suite
Test Method:		[tests.gui.google.G_Search_PageObjectModel_ThreadSafe.navigateToGoogleHomeAndAssertGoogleLogoIsDisplayed]
###############################################################################################################################################



################################################################################################################################################
Starting Execution:	[11 out of 23] test cases in the current suite
Test Method:		[tests.gui.google.G_Search_PageObjectModel_ThreadSafe.navigateToGoogleHomeAndAssertPageTitle]
###############################################################################################################################################



################################################################################################################################################
Starting Execution:	[12 out of 23] test cases in the current suite
Test Method:		[tests.gui.google.G_Search_PageObjectModel_ThreadSafe.searchForQueryAndAssertFirstResultTextIsCorrect]
###############################################################################################################################################

[ReportManager] An Exception Occured with this Message: src/test/resources/testDataFiles/Google/SimpleSearch.xlsx (No such file or directory). @27-02-2022 01:41:18.0649 AM
[ReportManager] Successfully created attachment [Exception Stack Trace - java.io.FileNotFoundException] @27-02-2022 01:41:18.0649 AM
[ReportManager] Couldn't find the desired file. [src/test/resources/testDataFiles/Google/SimpleSearch.xlsx]. @27-02-2022 01:41:18.0650 A


################################################################################################################################################
Starting Execution:	[13 out of 23] test cases in the current suite
Test Method:		[tests.gui.google.E_Search_PageObjectModel_Traditional_SHAFTAssertions.navigateToGoogleHomeAndAssertGoogleLogoIsDisplayed]
###############################################################################################################################################



################################################################################################################################################
Starting Execution:	[14 out of 23] test cases in the current suite
Test Method:		[tests.gui.google.E_Search_PageObjectModel_Traditional_SHAFTAssertions.navigateToGoogleHomeAndAssertPageTitle]
###############################################################################################################################################



################################################################################################################################################
Starting Execution:	[15 out of 23] test cases in the current suite
Test Method:		[tests.gui.google.E_Search_PageObjectModel_Traditional_SHAFTAssertions.searchForQueryAndAssertFirstResultTextIsCorrect]
###############################################################################################################################################

[ReportManager] An Exception Occured with this Message: src/test/resources/testDataFiles/Google/SimpleSearch.xlsx (No such file or directory). @27-02-2022 01:41:18.0681 AM
[ReportManager] Successfully created attachment [Exception Stack Trace - java.io.FileNotFoundException] @27-02-2022 01:41:18.0682 AM
[ReportManager] Couldn't find the desired file. [src/test/resources/testDataFiles/Google/SimpleSearch.xlsx]. @27-02-2022 01:41:18.0684 A


################################################################################################################################################
Starting Execution:	[16 out of 23] test cases in the current suite
Test Method:		[tests.gui.google.F_Search_PageObjectModel_Fluent.navigateToGoogleHomeAndAssertGoogleLogoIsDisplayed]
###############################################################################################################################################



################################################################################################################################################
Starting Execution:	[17 out of 23] test cases in the current suite
Test Method:		[tests.gui.google.F_Search_PageObjectModel_Fluent.navigateToGoogleHomeAndAssertPageTitle]
###############################################################################################################################################



################################################################################################################################################
Starting Execution:	[18 out of 23] test cases in the current suite
Test Method:		[tests.gui.google.F_Search_PageObjectModel_Fluent.searchForQueryAndAssertFirstResultTextIsCorrect]
###############################################################################################################################################

[ReportManager] File Action [GetAbsolutePath] successfully performed. With the following test data [Relative Folder Path: "target/downloadedFiles/"]. @27-02-2022 01:41:18.0709 AM
[ReportManager] Attempting to run remotely on: [Linux-64], [GoogleChrome], [http://localhost:4444/wd/hub], Headless Execution. @27-02-2022 01:41:18.0709 AM
[ReportManager] Successfully Opened [GoogleChrome]. @27-02-2022 01:41:19.0214 AM
[ReportManager] Target URL: [https://www.google.com/ncr], and after redirection: [https://www.google.com] @27-02-2022 01:41:19.0215 AM
[ReportManager] Initial URL: [data:,] @27-02-2022 01:41:19.0311 AM
[ReportManager] Browser Action [NavigateToURL] successfully performed. With the following test data [https://www.google.com/ncr]. @27-02-2022 01:41:20.0547 A

################################################################################################################################################
Starting Execution:	[19 out of 23] test cases in the current suite
Test Method:		[tests.gui.google.B_Search_FlatTest_SHAFT.navigateToGoogleHomeAndAssertGoogleLogoIsDisplayed]
################################################################################################################################################
[ReportManager] File Action [DoesFileExist] successfully performed. With the following test data [File Path: "src/main/resources/dynamicObjectRepository/tests_gui_google_B_Search_FlatTest_SHAFT_navigateToGoogleHomeAndAssertGoogleLogoIsDisplayed_By_xpath_img_id_hplogo_or_alt_Google.png"]. @27-02-2022 01:41:20.0555 AM
[ReportManager] File Action [GetAbsolutePath] successfully performed. With the following test data [Relative Folder Path: "src/main/resources/dynamicObjectRepository/tests_gui_google_B_Search_FlatTest_SHAFT_navigateToGoogleHomeAndAssertGoogleLogoIsDisplayed_By_xpath_img_id_hplogo_or_alt_Google.png"]. @27-02-2022 01:41:20.0555 AM
[ReportManager] File Action [ReadFromImageFile] successfully performed. With the following test data [File Path: "/home/runner/work/using_SHAFT_ENGINE/using_SHAFT_ENGINE/src/main/resources/dynamicObjectRepository/tests_gui_google_B_Search_FlatTest_SHAFT_navigateToGoogleHomeAndAssertGoogleLogoIsDisplayed_By_xpath_img_id_hplogo_or_alt_Google.png"]. @27-02-2022 01:41:20.0556 AM
[ReportManager] File Action [DoesFileExist] successfully performed. With the following test data [File Path: "src/main/resources/dynamicObjectRepository/tests_gui_google_B_Search_FlatTest_SHAFT_navigateToGoogleHomeAndAssertGoogleLogoIsDisplayed_By_xpath_img_id_hplogo_or_alt_Google.png"]. @27-02-2022 01:41:20.0813 AM
[ReportManager] File Action [DoesFileExist] successfully performed. With the following test data [File Path: "src/main/resources/dynamicObjectRepository/tests_gui_google_B_Search_FlatTest_SHAFT_navigateToGoogleHomeAndAssertGoogleLogoIsDisplayed_By_xpath_img_id_hplogo_or_alt_Google.png"]. @27-02-2022 01:41:20.0813 AM
[ReportManager] File Action [GetAbsolutePath] successfully performed. With the following test data [Relative Folder Path: "src/main/resources/dynamicObjectRepository/tests_gui_google_B_Search_FlatTest_SHAFT_navigateToGoogleHomeAndAssertGoogleLogoIsDisplayed_By_xpath_img_id_hplogo_or_alt_Google.png"]. @27-02-2022 01:41:20.0832 AM
[ReportManager] File Action [ReadFromImageFile] successfully performed. With the following test data [File Path: "/home/runner/work/using_SHAFT_ENGINE/using_SHAFT_ENGINE/src/main/resources/dynamicObjectRepository/tests_gui_google_B_Search_FlatTest_SHAFT_navigateToGoogleHomeAndAssertGoogleLogoIsDisplayed_By_xpath_img_id_hplogo_or_alt_Google.png"]. @27-02-2022 01:41:20.0832 AM
[ReportManager] Accuracy threshold is [80.0%] and the actual match accuracy is [91.50802493095398%]. @27-02-2022 01:41:20.0837 AM
[ReportManager] Successfully identified the element using AI; OpenCV. @27-02-2022 01:41:20.0837 AM
[ReportManager] Assertion Passed: Asserting that the Google logo is displayed @27-02-2022 01:41:20.0839 AM
[ReportManager] Successfully created attachment [Validation Test Data - Reference Screenshot] @27-02-2022 01:41:20.0839 AM
[ReportManager] Successfully created attachment [Validation Test Data - Actual Screenshot] @27-02-2022 01:41:20.0840 AM
[ReportManager] Assertion [ValidateElementMatches] PASSED. Expected [Element should match the reference screenshot] and Actual [TRUE]. Comparison Type [EXACT_OPENCV]. Validation Type [POSITIVE]. @27-02-2022 01:41:20.0840 A
[ReportManager] Browser Action [CloseCurrentWindow] successfully performed. @27-02-2022 01:41:20.0991 AM
[ReportManager] Successfully created attachment [Browser Action Test Data - CloseCurrentWindow - Actual Value] @27-02-2022 01:41:20.0992 A
[ReportManager] File Action [GetAbsolutePath] successfully performed. With the following test data [Relative Folder Path: "target/downloadedFiles/"]. @27-02-2022 01:41:20.0996 AM
[ReportManager] Attempting to run remotely on: [Linux-64], [GoogleChrome], [http://localhost:4444/wd/hub], Headless Execution. @27-02-2022 01:41:21.0003 AM
[ReportManager] Successfully Opened [GoogleChrome]. @27-02-2022 01:41:21.0213 AM
[ReportManager] Target URL: [https://www.google.com/ncr], and after redirection: [https://www.google.com] @27-02-2022 01:41:21.0213 AM
[ReportManager] Initial URL: [data:,] @27-02-2022 01:41:21.0295 AM
[ReportManager] Browser Action [NavigateToURL] successfully performed. With the following test data [https://www.google.com/ncr]. @27-02-2022 01:41:22.0521 A

################################################################################################################################################
Starting Execution:	[20 out of 23] test cases in the current suite
Test Method:		[tests.gui.google.B_Search_FlatTest_SHAFT.navigateToGoogleHomeAndAssertPageTitle]
################################################################################################################################################
[ReportManager] Browser Action [GetCurrentWindowTitle] successfully performed. With the following test data [Google]. @27-02-2022 01:41:22.0592 AM
[ReportManager] Assertion Passed: Asserting that the page title is Google @27-02-2022 01:41:23.0225 AM
[ReportManager] Successfully created attachment [Screenshot - 1645926082831_navigateToGoogleHomeAndAssertPageTitle_ValidateBrowserAttribute_passed] @27-02-2022 01:41:23.0232 AM
[ReportManager] Assertion [ValidateBrowserAttribute] PASSED. Expected [Value Should be 'Google' for the 'Title' attribute] and Actual [Google]. Comparison Type [EQUALS]. Validation Type [POSITIVE]. @27-02-2022 01:41:23.0232 A
[ReportManager] Browser Action [CloseCurrentWindow] successfully performed. @27-02-2022 01:41:23.0378 AM
[ReportManager] Successfully created attachment [Browser Action Test Data - CloseCurrentWindow - Actual Value] @27-02-2022 01:41:23.0380 A
[ReportManager] File Action [GetAbsolutePath] successfully performed. With the following test data [Relative Folder Path: "target/downloadedFiles/"]. @27-02-2022 01:41:23.0385 AM
[ReportManager] Attempting to run remotely on: [Linux-64], [GoogleChrome], [http://localhost:4444/wd/hub], Headless Execution. @27-02-2022 01:41:23.0386 AM
[ReportManager] Successfully Opened [GoogleChrome]. @27-02-2022 01:41:23.0631 AM
[ReportManager] Target URL: [https://www.google.com/ncr], and after redirection: [https://www.google.com] @27-02-2022 01:41:23.0631 AM
[ReportManager] Initial URL: [data:,] @27-02-2022 01:41:23.0715 AM
[ReportManager] Browser Action [NavigateToURL] successfully performed. With the following test data [https://www.google.com/ncr]. @27-02-2022 01:41:24.0888 A

################################################################################################################################################
Starting Execution:	[21 out of 23] test cases in the current suite
Test Method:		[tests.gui.google.B_Search_FlatTest_SHAFT.searchForQueryAndAssertFirstResultTextIsCorrect]
################################################################################################################################################
[ReportManager] Element Action [Type] successfully performed. With the following test data [SHAFT_Engine]. @27-02-2022 01:41:25.0971 AM
[ReportManager] Element Action [KeyPress] successfully performed. With the following test data [ENTER]. @27-02-2022 01:41:27.0203 AM
[ReportManager] Element Action [GetText] successfully performed. With the following test data [SHAFT_ENGINE is a Test Automation Engine that ... - GitHub]. @27-02-2022 01:41:27.0323 AM
[ReportManager] Assertion Failed: Asserting that the correct first result is displayed @27-02-2022 01:41:28.0067 AM
[ReportManager] Successfully created attachment [Screenshot - 1645926087890_searchForQueryAndAssertFirstResultTextIsCorrect_ValidateElementAttribute_failed] @27-02-2022 01:41:28.0076 AM
[ReportManager] Assertion [ValidateElementAttribute] FAILED. Expected [Value Should be 'MohabMohie' for the 'Text' attribute, element locator 'By.xpath: (//h1[contains(text(),'Search Result')]/following-sibling::div//a/h3)[1]'] and Actual [SHAFT_ENGINE is a Test Automation Engine that ... - GitHub]. Comparison Type [CONTAINS]. Validation Type [POSITIVE]. @27-02-2022 01:41:28.0076 A
[ReportManager] Browser Action [CloseCurrentWindow] successfully performed. @27-02-2022 01:41:28.0335 AM
[ReportManager] Successfully created attachment [Browser Action Test Data - CloseCurrentWindow - Actual Value] @27-02-2022 01:41:28.0339 A

################################################################################################################################################
Starting Execution:	[22 out of 23] test cases in the current suite
Test Method:		[tests.cli.demo.cliTest.sampleTestCase]
################################################################################################################################################
[ReportManager] Attempting to perform the following command locally. Command: [ls] @27-02-2022 01:41:28.0353 AM
[ReportManager] Terminal Action [PerformTerminalCommands] successfully performed. With the following test data [Host Name: "localHost" | Command: "ls" | Exit Status: "0"]. @27-02-2022 01:41:28.0357 AM
[ReportManager] Successfully created attachment [Terminal Action Actual Result - Command Log] @27-02-2022 01:41:28.0358 AM
[ReportManager] Assertion Passed: Demoing local terminal actions @27-02-2022 01:41:28.0358 AM
[ReportManager] Assertion [ValidateEquals] PASSED. Expected [pom.xml] and Actual [LICENSE
README.md
allure-results
docker-compose_native.yml
docker-compose_zalenium.yml
extent-reports
pom.xml
readMeImgs
src
target]. Comparison Type [CONTAINS]. Validation Type [POSITIVE]. @27-02-2022 01:41:28.0358 A

################################################################################################################################################
Starting Execution:	[23 out of 23] test cases in the current suite
Test Method:		[tests.api.users.UserData.validateUserEmail]
################################################################################################################################################
[ReportManager] Response status code: [200], status line: [HTTP/1.1 200 OK] @27-02-2022 01:41:30.0434 AM
[ReportManager] Assertion Passed: Evaluating the actual response status code against the expected one... @27-02-2022 01:41:30.0439 AM
[ReportManager] Assertion [ValidateComparativeRelation] PASSED. Expected [200] and Actual [200]. Comparison Type [EQUALS]. Validation Type [POSITIVE]. @27-02-2022 01:41:30.0439 AM
[ReportManager] API Action [PerformRequest] successfully performed. With the following test data [Request Type: "GET" | Target Status Code: "200" | Service URL: "https://jsonplaceholder.typicode.com/users" | Content Type: "*/*" | Response Time: "667ms"]. @27-02-2022 01:41:31.0572 AM
[ReportManager] Successfully created attachment [API Request - Specifications] @27-02-2022 01:41:31.0573 AM
[ReportManager] Successfully created attachment [API Response - JSON Body] @27-02-2022 01:41:31.0821 AM
[ReportManager] Assertion [ValidateEquals] PASSED. Expected and Actual values are attached. Comparison Type [CONTAINS]. Validation Type [POSITIVE]. @27-02-2022 01:41:31.0823 AM
[ReportManager] Successfully created attachment [Validation Test Data - Expected Value] @27-02-2022 01:41:31.0824 AM
[ReportManager] Successfully created attachment [Validation Test Data - Actual Value] @27-02-2022 01:41:31.0824 AM
[ReportManager] API Action [GetResponseJSONValueAsList] successfully performed. With the following test data [$]. @27-02-2022 01:41:31.0844 AM
[ReportManager] API Action [GetResponseJSONValue] successfully performed. With the following test data [name]. @27-02-2022 01:41:31.0874 AM
[ReportManager] API Action [GetResponseJSONValue] successfully performed. With the following test data [email]. @27-02-2022 01:41:31.0942 AM
[ReportManager] Assertion [ValidateEquals] PASSED. Expected [Sincere@april.biz] and Actual [Sincere@april.biz]. Comparison Type [EQUALS]. Validation Type [POSITIVE]. @27-02-2022 01:41:31.0942 AM
[ReportManager] API Action [GetResponseJSONValue] successfully performed. With the following test data [name]. @27-02-2022 01:41:31.0957 AM
[ReportManager] API Action [GetResponseJSONValue] successfully performed. With the following test data [name]. @27-02-2022 01:41:31.0970 AM
[ReportManager] API Action [GetResponseJSONValue] successfully performed. With the following test data [name]. @27-02-2022 01:41:31.0982 AM
[ReportManager] API Action [GetResponseJSONValue] successfully performed. With the following test data [name]. @27-02-2022 01:41:31.0995 AM
[ReportManager] API Action [GetResponseJSONValue] successfully performed. With the following test data [name]. @27-02-2022 01:41:32.0009 AM
[ReportManager] API Action [GetResponseJSONValue] successfully performed. With the following test data [name]. @27-02-2022 01:41:32.0021 AM
[ReportManager] API Action [GetResponseJSONValue] successfully performed. With the following test data [name]. @27-02-2022 01:41:32.0033 AM
[ReportManager] API Action [GetResponseJSONValue] successfully performed. With the following test data [name]. @27-02-2022 01:41:32.0045 AM
[ReportManager] API Action [GetResponseJSONValue] successfully performed. With the following test data [name]. @27-02-2022 01:41:32.0058 A
[ReportManager] Successfully created attachment [SHAFT Engine Logs - Execution log] @27-02-2022 01:41:32.0074 AM

################################################################################################################################################
This test run was powered by SHAFT Engine Version: [SHAFT Engine v6.1.20220113]
SHAFT Engine is licensed under the MIT License: [https://github.com/MohabMohie/SHAFT_ENGINE/blob/master/LICENSE].
################################################################################################################################################