################################################################################################################################################
Detected SHAFT Engine Version: [SHAFT Engine v6.1.20220113]
################################################################################################################################################
[ReportManager] File Action [GetAbsolutePath] successfully performed. With the following test data [Relative Folder Path: "target/downloadedFiles/"]. @04-03-2022 01:53:13.0782 AM
[ReportManager] Attempting to run remotely on: [Linux-64], [GoogleChrome], [http://localhost:4444/wd/hub], Headless Execution. @04-03-2022 01:53:13.0798 AM
[ReportManager] Successfully Opened [GoogleChrome]. @04-03-2022 01:53:15.0614 AM
[ReportManager] Target URL: [https://www.google.com/ncr], and after redirection: [https://www.google.com] @04-03-2022 01:53:15.0625 AM
[ReportManager] Initial URL: [data:,] @04-03-2022 01:53:15.0768 AM
[ReportManager] Browser Action [NavigateToURL] successfully performed. With the following test data [https://www.google.com/ncr]. @04-03-2022 01:53:17.0867 A

################################################################################################################################################
Starting Execution:	[1 out of 23] test cases in the current suite
Test Method:		[tests.gui.google.C_Search_PageObjectModel_Traditional.navigateToGoogleHomeAndAssertGoogleLogoIsDisplayed]
################################################################################################################################################
[ReportManager] Element Action [IsElementDisplayed] successfully performed. @04-03-2022 01:53:18.0218 AM
[ReportManager] Assertion Passed: Asserting that the Google logo is displayed @04-03-2022 01:53:18.0231 AM
[ReportManager] Assertion [ValidateTrue] PASSED. Expected [TRUE] and Actual [TRUE]. Validation Type [POSITIVE]. @04-03-2022 01:53:18.0231 A
[ReportManager] Browser Action [CloseCurrentWindow] successfully performed. @04-03-2022 01:53:18.0421 AM
[ReportManager] Successfully created attachment [Browser Action Test Data - CloseCurrentWindow - Actual Value] @04-03-2022 01:53:18.0432 A
[ReportManager] File Action [GetAbsolutePath] successfully performed. With the following test data [Relative Folder Path: "target/downloadedFiles/"]. @04-03-2022 01:53:18.0448 AM
[ReportManager] Attempting to run remotely on: [Linux-64], [GoogleChrome], [http://localhost:4444/wd/hub], Headless Execution. @04-03-2022 01:53:18.0448 AM
[ReportManager] Successfully Opened [GoogleChrome]. @04-03-2022 01:53:18.0818 AM
[ReportManager] Target URL: [https://www.google.com/ncr], and after redirection: [https://www.google.com] @04-03-2022 01:53:18.0818 AM
[ReportManager] Initial URL: [data:,] @04-03-2022 01:53:18.0918 AM
[ReportManager] Browser Action [NavigateToURL] successfully performed. With the following test data [https://www.google.com/ncr]. @04-03-2022 01:53:20.0079 A

################################################################################################################################################
Starting Execution:	[2 out of 23] test cases in the current suite
Test Method:		[tests.gui.google.C_Search_PageObjectModel_Traditional.navigateToGoogleHomeAndAssertPageTitle]
################################################################################################################################################
[ReportManager] Browser Action [GetCurrentWindowTitle] successfully performed. With the following test data [Google]. @04-03-2022 01:53:20.0137 AM
[ReportManager] Assertion Passed: Asserting that the page title is Google @04-03-2022 01:53:20.0143 AM
[ReportManager] Assertion [ValidateEquals] PASSED. Expected [Google] and Actual [Google]. Comparison Type [EQUALS]. Validation Type [POSITIVE]. @04-03-2022 01:53:20.0143 A
[ReportManager] Browser Action [CloseCurrentWindow] successfully performed. @04-03-2022 01:53:20.0327 AM
[ReportManager] Successfully created attachment [Browser Action Test Data - CloseCurrentWindow - Actual Value] @04-03-2022 01:53:20.0328 A
[ReportManager] File Action [GetAbsolutePath] successfully performed. With the following test data [Relative Folder Path: "target/downloadedFiles/"]. @04-03-2022 01:53:20.0337 AM
[ReportManager] Attempting to run remotely on: [Linux-64], [GoogleChrome], [http://localhost:4444/wd/hub], Headless Execution. @04-03-2022 01:53:20.0337 AM
[ReportManager] Successfully Opened [GoogleChrome]. @04-03-2022 01:53:20.0774 AM
[ReportManager] Target URL: [https://www.google.com/ncr], and after redirection: [https://www.google.com] @04-03-2022 01:53:20.0774 AM
[ReportManager] Initial URL: [data:,] @04-03-2022 01:53:20.0858 AM
[ReportManager] Browser Action [NavigateToURL] successfully performed. With the following test data [https://www.google.com/ncr]. @04-03-2022 01:53:22.0080 A

################################################################################################################################################
Starting Execution:	[3 out of 23] test cases in the current suite
Test Method:		[tests.gui.google.C_Search_PageObjectModel_Traditional.searchForQueryAndAssertFirstResultTextIsCorrect]
################################################################################################################################################
[ReportManager] Element Action [Type] successfully performed. With the following test data [SHAFT_Engine]. @04-03-2022 01:53:23.0004 AM
[ReportManager] Element Action [KeyPress] successfully performed. With the following test data [ENTER]. @04-03-2022 01:53:24.0265 AM
[ReportManager] Element Action [GetText] successfully performed. With the following test data [SHAFT_ENGINE is a Test Automation Engine that ... - GitHub]. @04-03-2022 01:53:24.0393 AM
[ReportManager] Assertion Failed: Asserting that the correct first result is displayed @04-03-2022 01:53:24.0396 AM
[ReportManager] Assertion [ValidateEquals] FAILED. Expected [MohabMohie] and Actual [SHAFT_ENGINE is a Test Automation Engine that ... - GitHub]. Comparison Type [CONTAINS]. Validation Type [POSITIVE]. @04-03-2022 01:53:24.0396 A
[ReportManager] Browser Action [CloseCurrentWindow] successfully performed. @04-03-2022 01:53:24.0672 AM
[ReportManager] Successfully created attachment [Browser Action Test Data - CloseCurrentWindow - Actual Value] @04-03-2022 01:53:24.0685 A
[ReportManager] An Exception Occured with this Message: src/test/resources/testDataFiles/Google/SimpleSearch.xlsx (No such file or directory). @04-03-2022 01:53:24.0725 AM
[ReportManager] Successfully created attachment [Exception Stack Trace - java.io.FileNotFoundException] @04-03-2022 01:53:24.0726 AM
[ReportManager] Couldn't find the desired file. [src/test/resources/testDataFiles/Google/SimpleSearch.xlsx]. @04-03-2022 01:53:24.0726 A


################################################################################################################################################
Starting Execution:	[4 out of 23] test cases in the current suite
Test Method:		[tests.gui.google.D_Search_PageObjectModel_Traditional_DataDriven.navigateToGoogleHomeAndAssertGoogleLogoIsDisplayed]
###############################################################################################################################################



################################################################################################################################################
Starting Execution:	[5 out of 23] test cases in the current suite
Test Method:		[tests.gui.google.D_Search_PageObjectModel_Traditional_DataDriven.navigateToGoogleHomeAndAssertPageTitle]
###############################################################################################################################################



################################################################################################################################################
Starting Execution:	[6 out of 23] test cases in the current suite
Test Method:		[tests.gui.google.D_Search_PageObjectModel_Traditional_DataDriven.searchForQueryAndAssertFirstResultTextIsCorrect]
###############################################################################################################################################




################################################################################################################################################
Starting Execution:	[7 out of 23] test cases in the current suite
Test Method:		[tests.gui.google.A_Search_FlatTest_NativeSeleniumWebDriver.navigateToGoogleHomeAndAssertGoogleLogoIsDisplayed]
###############################################################################################################################################



################################################################################################################################################
Starting Execution:	[8 out of 23] test cases in the current suite
Test Method:		[tests.gui.google.A_Search_FlatTest_NativeSeleniumWebDriver.navigateToGoogleHomeAndAssertPageTitle]
###############################################################################################################################################



################################################################################################################################################
Starting Execution:	[9 out of 23] test cases in the current suite
Test Method:		[tests.gui.google.A_Search_FlatTest_NativeSeleniumWebDriver.searchForQueryAndAssertFirstResultTextIsCorrect]
###############################################################################################################################################

[ReportManager] An Exception Occured with this Message: src/test/resources/testDataFiles/Google/SimpleSearch.xlsx (No such file or directory). @04-03-2022 01:53:44.0840 AM
[ReportManager] Successfully created attachment [Exception Stack Trace - java.io.FileNotFoundException] @04-03-2022 01:53:44.0840 AM
[ReportManager] Couldn't find the desired file. [src/test/resources/testDataFiles/Google/SimpleSearch.xlsx]. @04-03-2022 01:53:44.0841 A


################################################################################################################################################
Starting Execution:	[10 out of 23] test cases in the current suite
Test Method:		[tests.gui.google.G_Search_PageObjectModel_ThreadSafe.navigateToGoogleHomeAndAssertGoogleLogoIsDisplayed]
###############################################################################################################################################



################################################################################################################################################
Starting Execution:	[11 out of 23] test cases in the current suite
Test Method:		[tests.gui.google.G_Search_PageObjectModel_ThreadSafe.navigateToGoogleHomeAndAssertPageTitle]
###############################################################################################################################################



################################################################################################################################################
Starting Execution:	[12 out of 23] test cases in the current suite
Test Method:		[tests.gui.google.G_Search_PageObjectModel_ThreadSafe.searchForQueryAndAssertFirstResultTextIsCorrect]
###############################################################################################################################################

[ReportManager] An Exception Occured with this Message: src/test/resources/testDataFiles/Google/SimpleSearch.xlsx (No such file or directory). @04-03-2022 01:53:44.0864 AM
[ReportManager] Successfully created attachment [Exception Stack Trace - java.io.FileNotFoundException] @04-03-2022 01:53:44.0865 AM
[ReportManager] Couldn't find the desired file. [src/test/resources/testDataFiles/Google/SimpleSearch.xlsx]. @04-03-2022 01:53:44.0866 A


################################################################################################################################################
Starting Execution:	[13 out of 23] test cases in the current suite
Test Method:		[tests.gui.google.E_Search_PageObjectModel_Traditional_SHAFTAssertions.navigateToGoogleHomeAndAssertGoogleLogoIsDisplayed]
###############################################################################################################################################



################################################################################################################################################
Starting Execution:	[14 out of 23] test cases in the current suite
Test Method:		[tests.gui.google.E_Search_PageObjectModel_Traditional_SHAFTAssertions.navigateToGoogleHomeAndAssertPageTitle]
###############################################################################################################################################



################################################################################################################################################
Starting Execution:	[15 out of 23] test cases in the current suite
Test Method:		[tests.gui.google.E_Search_PageObjectModel_Traditional_SHAFTAssertions.searchForQueryAndAssertFirstResultTextIsCorrect]
###############################################################################################################################################

[ReportManager] An Exception Occured with this Message: src/test/resources/testDataFiles/Google/SimpleSearch.xlsx (No such file or directory). @04-03-2022 01:53:44.0892 AM
[ReportManager] Successfully created attachment [Exception Stack Trace - java.io.FileNotFoundException] @04-03-2022 01:53:44.0893 AM
[ReportManager] Couldn't find the desired file. [src/test/resources/testDataFiles/Google/SimpleSearch.xlsx]. @04-03-2022 01:53:44.0895 A


################################################################################################################################################
Starting Execution:	[16 out of 23] test cases in the current suite
Test Method:		[tests.gui.google.F_Search_PageObjectModel_Fluent.navigateToGoogleHomeAndAssertGoogleLogoIsDisplayed]
###############################################################################################################################################



################################################################################################################################################
Starting Execution:	[17 out of 23] test cases in the current suite
Test Method:		[tests.gui.google.F_Search_PageObjectModel_Fluent.navigateToGoogleHomeAndAssertPageTitle]
###############################################################################################################################################



################################################################################################################################################
Starting Execution:	[18 out of 23] test cases in the current suite
Test Method:		[tests.gui.google.F_Search_PageObjectModel_Fluent.searchForQueryAndAssertFirstResultTextIsCorrect]
###############################################################################################################################################

[ReportManager] File Action [GetAbsolutePath] successfully performed. With the following test data [Relative Folder Path: "target/downloadedFiles/"]. @04-03-2022 01:53:44.0918 AM
[ReportManager] Attempting to run remotely on: [Linux-64], [GoogleChrome], [http://localhost:4444/wd/hub], Headless Execution. @04-03-2022 01:53:44.0919 AM
[ReportManager] Successfully Opened [GoogleChrome]. @04-03-2022 01:53:45.0338 AM
[ReportManager] Target URL: [https://www.google.com/ncr], and after redirection: [https://www.google.com] @04-03-2022 01:53:45.0338 AM
[ReportManager] Initial URL: [data:,] @04-03-2022 01:53:45.0418 AM
[ReportManager] Browser Action [NavigateToURL] successfully performed. With the following test data [https://www.google.com/ncr]. @04-03-2022 01:53:46.0494 A

################################################################################################################################################
Starting Execution:	[19 out of 23] test cases in the current suite
Test Method:		[tests.gui.google.B_Search_FlatTest_SHAFT.navigateToGoogleHomeAndAssertGoogleLogoIsDisplayed]
################################################################################################################################################
[ReportManager] File Action [DoesFileExist] successfully performed. With the following test data [File Path: "src/main/resources/dynamicObjectRepository/tests_gui_google_B_Search_FlatTest_SHAFT_navigateToGoogleHomeAndAssertGoogleLogoIsDisplayed_By_xpath_img_id_hplogo_or_alt_Google.png"]. @04-03-2022 01:53:46.0508 AM
[ReportManager] File Action [GetAbsolutePath] successfully performed. With the following test data [Relative Folder Path: "src/main/resources/dynamicObjectRepository/tests_gui_google_B_Search_FlatTest_SHAFT_navigateToGoogleHomeAndAssertGoogleLogoIsDisplayed_By_xpath_img_id_hplogo_or_alt_Google.png"]. @04-03-2022 01:53:46.0508 AM
[ReportManager] File Action [ReadFromImageFile] successfully performed. With the following test data [File Path: "/home/runner/work/using_SHAFT_ENGINE/using_SHAFT_ENGINE/src/main/resources/dynamicObjectRepository/tests_gui_google_B_Search_FlatTest_SHAFT_navigateToGoogleHomeAndAssertGoogleLogoIsDisplayed_By_xpath_img_id_hplogo_or_alt_Google.png"]. @04-03-2022 01:53:46.0509 AM
[ReportManager] File Action [DoesFileExist] successfully performed. With the following test data [File Path: "src/main/resources/dynamicObjectRepository/tests_gui_google_B_Search_FlatTest_SHAFT_navigateToGoogleHomeAndAssertGoogleLogoIsDisplayed_By_xpath_img_id_hplogo_or_alt_Google.png"]. @04-03-2022 01:53:46.0744 AM
[ReportManager] File Action [DoesFileExist] successfully performed. With the following test data [File Path: "src/main/resources/dynamicObjectRepository/tests_gui_google_B_Search_FlatTest_SHAFT_navigateToGoogleHomeAndAssertGoogleLogoIsDisplayed_By_xpath_img_id_hplogo_or_alt_Google.png"]. @04-03-2022 01:53:46.0745 AM
[ReportManager] File Action [GetAbsolutePath] successfully performed. With the following test data [Relative Folder Path: "src/main/resources/dynamicObjectRepository/tests_gui_google_B_Search_FlatTest_SHAFT_navigateToGoogleHomeAndAssertGoogleLogoIsDisplayed_By_xpath_img_id_hplogo_or_alt_Google.png"]. @04-03-2022 01:53:46.0771 AM
[ReportManager] File Action [ReadFromImageFile] successfully performed. With the following test data [File Path: "/home/runner/work/using_SHAFT_ENGINE/using_SHAFT_ENGINE/src/main/resources/dynamicObjectRepository/tests_gui_google_B_Search_FlatTest_SHAFT_navigateToGoogleHomeAndAssertGoogleLogoIsDisplayed_By_xpath_img_id_hplogo_or_alt_Google.png"]. @04-03-2022 01:53:46.0771 AM
[ReportManager] Accuracy threshold is [80.0%] and the actual match accuracy is [91.50802493095398%]. @04-03-2022 01:53:46.0775 AM
[ReportManager] Successfully identified the element using AI; OpenCV. @04-03-2022 01:53:46.0775 AM
[ReportManager] Assertion Passed: Asserting that the Google logo is displayed @04-03-2022 01:53:46.0776 AM
[ReportManager] Successfully created attachment [Validation Test Data - Reference Screenshot] @04-03-2022 01:53:46.0777 AM
[ReportManager] Successfully created attachment [Validation Test Data - Actual Screenshot] @04-03-2022 01:53:46.0777 AM
[ReportManager] Assertion [ValidateElementMatches] PASSED. Expected [Element should match the reference screenshot] and Actual [TRUE]. Comparison Type [EXACT_OPENCV]. Validation Type [POSITIVE]. @04-03-2022 01:53:46.0777 A
[ReportManager] Browser Action [CloseCurrentWindow] successfully performed. @04-03-2022 01:53:46.0915 AM
[ReportManager] Successfully created attachment [Browser Action Test Data - CloseCurrentWindow - Actual Value] @04-03-2022 01:53:46.0916 A
[ReportManager] File Action [GetAbsolutePath] successfully performed. With the following test data [Relative Folder Path: "target/downloadedFiles/"]. @04-03-2022 01:53:46.0918 AM
[ReportManager] Attempting to run remotely on: [Linux-64], [GoogleChrome], [http://localhost:4444/wd/hub], Headless Execution. @04-03-2022 01:53:46.0919 AM
[ReportManager] Successfully Opened [GoogleChrome]. @04-03-2022 01:53:47.0137 AM
[ReportManager] Target URL: [https://www.google.com/ncr], and after redirection: [https://www.google.com] @04-03-2022 01:53:47.0137 AM
[ReportManager] Initial URL: [data:,] @04-03-2022 01:53:47.0208 AM
[ReportManager] Browser Action [NavigateToURL] successfully performed. With the following test data [https://www.google.com/ncr]. @04-03-2022 01:53:48.0285 A

################################################################################################################################################
Starting Execution:	[20 out of 23] test cases in the current suite
Test Method:		[tests.gui.google.B_Search_FlatTest_SHAFT.navigateToGoogleHomeAndAssertPageTitle]
################################################################################################################################################
[ReportManager] Browser Action [GetCurrentWindowTitle] successfully performed. With the following test data [Google]. @04-03-2022 01:53:48.0331 AM
[ReportManager] Assertion Passed: Asserting that the page title is Google @04-03-2022 01:53:48.0905 AM
[ReportManager] Successfully created attachment [Screenshot - 1646358828537_navigateToGoogleHomeAndAssertPageTitle_ValidateBrowserAttribute_passed] @04-03-2022 01:53:48.0910 AM
[ReportManager] Assertion [ValidateBrowserAttribute] PASSED. Expected [Value Should be 'Google' for the 'Title' attribute] and Actual [Google]. Comparison Type [EQUALS]. Validation Type [POSITIVE]. @04-03-2022 01:53:48.0910 A
[ReportManager] Browser Action [CloseCurrentWindow] successfully performed. @04-03-2022 01:53:49.0092 AM
[ReportManager] Successfully created attachment [Browser Action Test Data - CloseCurrentWindow - Actual Value] @04-03-2022 01:53:49.0093 A
[ReportManager] File Action [GetAbsolutePath] successfully performed. With the following test data [Relative Folder Path: "target/downloadedFiles/"]. @04-03-2022 01:53:49.0096 AM
[ReportManager] Attempting to run remotely on: [Linux-64], [GoogleChrome], [http://localhost:4444/wd/hub], Headless Execution. @04-03-2022 01:53:49.0096 AM
[ReportManager] Successfully Opened [GoogleChrome]. @04-03-2022 01:53:49.0304 AM
[ReportManager] Target URL: [https://www.google.com/ncr], and after redirection: [https://www.google.com] @04-03-2022 01:53:49.0304 AM
[ReportManager] Initial URL: [data:,] @04-03-2022 01:53:49.0369 AM
[ReportManager] Browser Action [NavigateToURL] successfully performed. With the following test data [https://www.google.com/ncr]. @04-03-2022 01:53:50.0383 A

################################################################################################################################################
Starting Execution:	[21 out of 23] test cases in the current suite
Test Method:		[tests.gui.google.B_Search_FlatTest_SHAFT.searchForQueryAndAssertFirstResultTextIsCorrect]
################################################################################################################################################
[ReportManager] Element Action [Type] successfully performed. With the following test data [SHAFT_Engine]. @04-03-2022 01:53:51.0175 AM
[ReportManager] Element Action [KeyPress] successfully performed. With the following test data [ENTER]. @04-03-2022 01:53:51.0812 AM
[ReportManager] Element Action [GetText] successfully performed. With the following test data [SHAFT_ENGINE is a Test Automation Engine that ... - GitHub]. @04-03-2022 01:53:52.0190 AM
[ReportManager] Assertion Failed: Asserting that the correct first result is displayed @04-03-2022 01:53:52.0970 AM
[ReportManager] Successfully created attachment [Screenshot - 1646358832824_searchForQueryAndAssertFirstResultTextIsCorrect_ValidateElementAttribute_failed] @04-03-2022 01:53:52.0978 AM
[ReportManager] Assertion [ValidateElementAttribute] FAILED. Expected [Value Should be 'MohabMohie' for the 'Text' attribute, element locator 'By.xpath: (//h1[contains(text(),'Search Result')]/following-sibling::div//a/h3)[1]'] and Actual [SHAFT_ENGINE is a Test Automation Engine that ... - GitHub]. Comparison Type [CONTAINS]. Validation Type [POSITIVE]. @04-03-2022 01:53:52.0978 A
[ReportManager] Browser Action [CloseCurrentWindow] successfully performed. @04-03-2022 01:53:53.0220 AM
[ReportManager] Successfully created attachment [Browser Action Test Data - CloseCurrentWindow - Actual Value] @04-03-2022 01:53:53.0222 A

################################################################################################################################################
Starting Execution:	[22 out of 23] test cases in the current suite
Test Method:		[tests.cli.demo.cliTest.sampleTestCase]
################################################################################################################################################
[ReportManager] Attempting to perform the following command locally. Command: [ls] @04-03-2022 01:53:53.0236 AM
[ReportManager] Terminal Action [PerformTerminalCommands] successfully performed. With the following test data [Host Name: "localHost" | Command: "ls" | Exit Status: "0"]. @04-03-2022 01:53:53.0241 AM
[ReportManager] Successfully created attachment [Terminal Action Actual Result - Command Log] @04-03-2022 01:53:53.0242 AM
[ReportManager] Assertion Passed: Demoing local terminal actions @04-03-2022 01:53:53.0242 AM
[ReportManager] Assertion [ValidateEquals] PASSED. Expected [pom.xml] and Actual [LICENSE
README.md
allure-results
docker-compose_native.yml
docker-compose_zalenium.yml
extent-reports
pom.xml
readMeImgs
src
target]. Comparison Type [CONTAINS]. Validation Type [POSITIVE]. @04-03-2022 01:53:53.0242 A

################################################################################################################################################
Starting Execution:	[23 out of 23] test cases in the current suite
Test Method:		[tests.api.users.UserData.validateUserEmail]
################################################################################################################################################
[ReportManager] Response status code: [200], status line: [HTTP/1.1 200 OK] @04-03-2022 01:53:54.0990 AM
[ReportManager] Assertion Passed: Evaluating the actual response status code against the expected one... @04-03-2022 01:53:54.0995 AM
[ReportManager] Assertion [ValidateComparativeRelation] PASSED. Expected [200] and Actual [200]. Comparison Type [EQUALS]. Validation Type [POSITIVE]. @04-03-2022 01:53:54.0995 AM
[ReportManager] API Action [PerformRequest] successfully performed. With the following test data [Request Type: "GET" | Target Status Code: "200" | Service URL: "https://jsonplaceholder.typicode.com/users" | Content Type: "*/*" | Response Time: "702ms"]. @04-03-2022 01:53:55.0921 AM
[ReportManager] Successfully created attachment [API Request - Specifications] @04-03-2022 01:53:55.0922 AM
[ReportManager] Successfully created attachment [API Response - JSON Body] @04-03-2022 01:53:56.0247 AM
[ReportManager] Assertion [ValidateEquals] PASSED. Expected and Actual values are attached. Comparison Type [CONTAINS]. Validation Type [POSITIVE]. @04-03-2022 01:53:56.0248 AM
[ReportManager] Successfully created attachment [Validation Test Data - Expected Value] @04-03-2022 01:53:56.0248 AM
[ReportManager] Successfully created attachment [Validation Test Data - Actual Value] @04-03-2022 01:53:56.0248 AM
[ReportManager] API Action [GetResponseJSONValueAsList] successfully performed. With the following test data [$]. @04-03-2022 01:53:56.0297 AM
[ReportManager] API Action [GetResponseJSONValue] successfully performed. With the following test data [name]. @04-03-2022 01:53:56.0336 AM
[ReportManager] API Action [GetResponseJSONValue] successfully performed. With the following test data [email]. @04-03-2022 01:53:56.0374 AM
[ReportManager] Assertion [ValidateEquals] PASSED. Expected [Sincere@april.biz] and Actual [Sincere@april.biz]. Comparison Type [EQUALS]. Validation Type [POSITIVE]. @04-03-2022 01:53:56.0375 AM
[ReportManager] API Action [GetResponseJSONValue] successfully performed. With the following test data [name]. @04-03-2022 01:53:56.0395 AM
[ReportManager] API Action [GetResponseJSONValue] successfully performed. With the following test data [name]. @04-03-2022 01:53:56.0411 AM
[ReportManager] API Action [GetResponseJSONValue] successfully performed. With the following test data [name]. @04-03-2022 01:53:56.0425 AM
[ReportManager] API Action [GetResponseJSONValue] successfully performed. With the following test data [name]. @04-03-2022 01:53:56.0440 AM
[ReportManager] API Action [GetResponseJSONValue] successfully performed. With the following test data [name]. @04-03-2022 01:53:56.0455 AM
[ReportManager] API Action [GetResponseJSONValue] successfully performed. With the following test data [name]. @04-03-2022 01:53:56.0469 AM
[ReportManager] API Action [GetResponseJSONValue] successfully performed. With the following test data [name]. @04-03-2022 01:53:56.0483 AM
[ReportManager] API Action [GetResponseJSONValue] successfully performed. With the following test data [name]. @04-03-2022 01:53:56.0496 AM
[ReportManager] API Action [GetResponseJSONValue] successfully performed. With the following test data [name]. @04-03-2022 01:53:56.0508 A
[ReportManager] Successfully created attachment [SHAFT Engine Logs - Execution log] @04-03-2022 01:53:56.0535 AM

################################################################################################################################################
This test run was powered by SHAFT Engine Version: [SHAFT Engine v6.1.20220113]
SHAFT Engine is licensed under the MIT License: [https://github.com/MohabMohie/SHAFT_ENGINE/blob/master/LICENSE].
################################################################################################################################################