################################################################################################################################################
Detected SHAFT Engine Version: [SHAFT Engine v5.3.20210822]
################################################################################################################################################

################################################################################################################################################
Starting Execution:	[1 out of 23] test cases in the current suite
Test Method:		[tests.api.users.UserData.validateUserEmail]
################################################################################################################################################
[ReportManager] Response status code: [200], status line: [HTTP/1.1 200 OK] @30-08-2021 18:41:43.0456 PM
[ReportManager] Assertion Passed: Evaluating the actual response status code against the expected one... @30-08-2021 18:41:43.0467 PM
[ReportManager] Assertion [ValidateEquals] PASSED. Expected [200] and Actual [200]. Comparison Type [EQUALS]. Validation Type [POSITIVE]. @30-08-2021 18:41:43.0471 PM
[ReportManager] API Action [PerformRequest] successfully performed. With the following test data [Request Type: "GET" | Target Status Code: "200" | Service URL: "https://jsonplaceholder.typicode.com/users" | Content Type: "*/*" | Response Time: "920ms"]. @30-08-2021 18:41:44.0422 PM
[ReportManager] Successfully created attachment [API Response - JSON Body] @30-08-2021 18:41:44.0631 PM
[ReportManager] Assertion [ValidateEquals] PASSED. Expected and Actual values are attached. Comparison Type [CONTAINS]. Validation Type [POSITIVE]. @30-08-2021 18:41:44.0633 PM
[ReportManager] Successfully created attachment [Validation Test Data - Expected Value] @30-08-2021 18:41:44.0633 PM
[ReportManager] Successfully created attachment [Validation Test Data - Actual Value] @30-08-2021 18:41:44.0633 PM
[ReportManager] API Action [GetResponseJSONValueAsList] successfully performed. With the following test data [$]. @30-08-2021 18:41:44.0645 PM
[ReportManager] API Action [GetResponseJSONValue] successfully performed. With the following test data [name]. @30-08-2021 18:41:44.0671 PM
[ReportManager] API Action [GetResponseJSONValue] successfully performed. With the following test data [email]. @30-08-2021 18:41:44.0682 PM
[ReportManager] Assertion [ValidateEquals] PASSED. Expected [Sincere@april.biz] and Actual [Sincere@april.biz]. Comparison Type [EQUALS]. Validation Type [POSITIVE]. @30-08-2021 18:41:44.0683 PM
[ReportManager] API Action [GetResponseJSONValue] successfully performed. With the following test data [name]. @30-08-2021 18:41:44.0692 PM
[ReportManager] API Action [GetResponseJSONValue] successfully performed. With the following test data [name]. @30-08-2021 18:41:44.0703 PM
[ReportManager] API Action [GetResponseJSONValue] successfully performed. With the following test data [name]. @30-08-2021 18:41:44.0713 PM
[ReportManager] API Action [GetResponseJSONValue] successfully performed. With the following test data [name]. @30-08-2021 18:41:44.0732 PM
[ReportManager] API Action [GetResponseJSONValue] successfully performed. With the following test data [name]. @30-08-2021 18:41:44.0743 PM
[ReportManager] API Action [GetResponseJSONValue] successfully performed. With the following test data [name]. @30-08-2021 18:41:44.0753 PM
[ReportManager] API Action [GetResponseJSONValue] successfully performed. With the following test data [name]. @30-08-2021 18:41:44.0762 PM
[ReportManager] API Action [GetResponseJSONValue] successfully performed. With the following test data [name]. @30-08-2021 18:41:44.0771 PM
[ReportManager] API Action [GetResponseJSONValue] successfully performed. With the following test data [name]. @30-08-2021 18:41:44.0780 P

################################################################################################################################################
Starting Execution:	[2 out of 23] test cases in the current suite
Test Method:		[tests.cli.demo.cliTest.sampleTestCase]
################################################################################################################################################
[ReportManager] Attempting to perform the following command locally. Command: [ls] @30-08-2021 18:41:44.0899 PM
[ReportManager] Terminal Action [PerformTerminalCommands] successfully performed. With the following test data [Host Name: "localHost" | Command: "ls" | Exit Status: "0"]. @30-08-2021 18:41:44.0916 PM
[ReportManager] Successfully created attachment [Terminal Action Actual Result - Command Log] @30-08-2021 18:41:44.0917 PM
[ReportManager] Assertion Passed: Demoing local terminal actions @30-08-2021 18:41:44.0917 PM
[ReportManager] Assertion [ValidateEquals] PASSED. Expected [pom.xml] and Actual [LICENSE
README.md
allure-results
docker-compose_native.yml
docker-compose_zalenium.yml
extent-reports
pom.xml
src
target]. Comparison Type [CONTAINS]. Validation Type [POSITIVE]. @30-08-2021 18:41:44.0917 P
[ReportManager] Successfully loaded the following test data file [src/test/resources/TestDataFiles/Google/SimpleSearch.xlsx]. @30-08-2021 18:41:45.0677 PM
[ReportManager] Successfully created attachment [Test Data - Excel] @30-08-2021 18:41:45.0678 P
[ReportManager] File Action [GetAbsolutePath] successfully performed. With the following test data [Relative Folder Path: "target/downloadedFiles/"]. @30-08-2021 18:41:45.0685 PM
[ReportManager] Attempting to run remotely on: [Linux-64], [GoogleChrome], [http://localhost:4444/wd/hub], Headless Execution. @30-08-2021 18:41:45.0708 PM
[ReportManager] Successfully Opened [GoogleChrome]. @30-08-2021 18:41:46.0982 PM
[ReportManager] Target URL: [https://www.google.com/ncr], and after redirection: [https://www.google.com] @30-08-2021 18:41:47.0033 PM
[ReportManager] Initial URL: [data:,] @30-08-2021 18:41:47.0127 PM
[ReportManager] Browser Action [NavigateToURL] successfully performed. With the following test data [https://www.google.com/ncr]. @30-08-2021 18:41:48.0665 P

################################################################################################################################################
Starting Execution:	[3 out of 23] test cases in the current suite
Test Method:		[tests.gui.google.F_Search_PageObjectModel_Fluent.navigateToGoogleHomeAndAssertGoogleLogoIsDisplayed]
################################################################################################################################################
[ReportManager] File Action [DoesFileExist] successfully performed. With the following test data [File Path: "src/test/resources/DynamicObjectRepository/tests_gui_google_F_Search_PageObjectModel_Fluent_navigateToGoogleHomeAndAssertGoogleLogoIsDisplayed_By_xpath_img_id_hplogo_or_alt_Google.png"]. @30-08-2021 18:41:48.0711 PM
[ReportManager] File Action [GetAbsolutePath] successfully performed. With the following test data [Relative Folder Path: "src/test/resources/DynamicObjectRepository/tests_gui_google_F_Search_PageObjectModel_Fluent_navigateToGoogleHomeAndAssertGoogleLogoIsDisplayed_By_xpath_img_id_hplogo_or_alt_Google.png"]. @30-08-2021 18:41:48.0711 PM
[ReportManager] File Action [ReadFromImageFile] successfully performed. With the following test data [File Path: "/home/runner/work/using_SHAFT_ENGINE/using_SHAFT_ENGINE/src/test/resources/DynamicObjectRepository/tests_gui_google_F_Search_PageObjectModel_Fluent_navigateToGoogleHomeAndAssertGoogleLogoIsDisplayed_By_xpath_img_id_hplogo_or_alt_Google.png"]. @30-08-2021 18:41:48.0712 PM
[ReportManager] Assertion Failed: Asserting that the Google logo is displayed @30-08-2021 18:42:14.0665 PM
[ReportManager] Successfully created attachment [Validation Test Data - Reference Screenshot] @30-08-2021 18:42:14.0665 PM
[ReportManager] Successfully created attachment [Validation Test Data - Actual Screenshot] @30-08-2021 18:42:14.0666 PM
[ReportManager] Assertion [ValidateElementMatches] FAILED. Expected [Element should match the reference screenshot] and Actual [ELEMENT NOT FOUND]. Comparison Type [EXACT_OPENCV]. Validation Type [POSITIVE]. @30-08-2021 18:42:14.0666 P
[ReportManager] Successfully created attachment [Selenium WebDriver Logs - server] @30-08-2021 18:42:14.0846 PM
[ReportManager] Successfully created attachment [Selenium WebDriver Logs - performance] @30-08-2021 18:42:14.0965 PM
[ReportManager] Successfully created attachment [Selenium WebDriver Logs - browser] @30-08-2021 18:42:14.0978 PM
[ReportManager] Successfully created attachment [Selenium WebDriver Logs - driver] @30-08-2021 18:42:15.0135 PM
[ReportManager] Browser Action [CloseCurrentWindow] successfully performed. @30-08-2021 18:42:15.0198 PM
[ReportManager] Successfully created attachment [Browser Action Test Data - CloseCurrentWindow - Actual Value] @30-08-2021 18:42:15.0207 P
[ReportManager] File Action [GetAbsolutePath] successfully performed. With the following test data [Relative Folder Path: "target/downloadedFiles/"]. @30-08-2021 18:42:15.0219 PM
[ReportManager] Attempting to run remotely on: [Linux-64], [GoogleChrome], [http://localhost:4444/wd/hub], Headless Execution. @30-08-2021 18:42:15.0219 PM
[ReportManager] Successfully Opened [GoogleChrome]. @30-08-2021 18:42:15.0796 PM
[ReportManager] Target URL: [https://www.google.com/ncr], and after redirection: [https://www.google.com] @30-08-2021 18:42:15.0836 PM
[ReportManager] Initial URL: [data:,] @30-08-2021 18:42:15.0918 PM
[ReportManager] Browser Action [NavigateToURL] successfully performed. With the following test data [https://www.google.com/ncr]. @30-08-2021 18:42:17.0096 P

################################################################################################################################################
Starting Execution:	[4 out of 23] test cases in the current suite
Test Method:		[tests.gui.google.F_Search_PageObjectModel_Fluent.navigateToGoogleHomeAndAssertPageTitle]
################################################################################################################################################
[ReportManager] Browser Action [GetCurrentWindowTitle] successfully performed. With the following test data [Google]. @30-08-2021 18:42:17.0161 PM
[ReportManager] Assertion Passed: Asserting that the page title is Google @30-08-2021 18:42:17.0366 PM
[ReportManager] Successfully created attachment [Screenshot - 1630348937258_navigateToGoogleHomeAndAssertPageTitle_ValidateBrowserAttribute_passed] @30-08-2021 18:42:17.0372 PM
[ReportManager] Assertion [ValidateBrowserAttribute] PASSED. Expected [Value Should be 'Google' for the 'Title' attribute] and Actual [Google]. Comparison Type [EQUALS]. Validation Type [POSITIVE]. @30-08-2021 18:42:17.0372 P
[ReportManager] Successfully created attachment [Selenium WebDriver Logs - server] @30-08-2021 18:42:17.0493 PM
[ReportManager] Successfully created attachment [Selenium WebDriver Logs - performance] @30-08-2021 18:42:17.0551 PM
[ReportManager] Successfully created attachment [Selenium WebDriver Logs - browser] @30-08-2021 18:42:17.0564 PM
[ReportManager] Successfully created attachment [Selenium WebDriver Logs - driver] @30-08-2021 18:42:17.0707 PM
[ReportManager] Browser Action [CloseCurrentWindow] successfully performed. @30-08-2021 18:42:17.0771 PM
[ReportManager] Successfully created attachment [Browser Action Test Data - CloseCurrentWindow - Actual Value] @30-08-2021 18:42:17.0773 P
[ReportManager] File Action [GetAbsolutePath] successfully performed. With the following test data [Relative Folder Path: "target/downloadedFiles/"]. @30-08-2021 18:42:17.0787 PM
[ReportManager] Attempting to run remotely on: [Linux-64], [GoogleChrome], [http://localhost:4444/wd/hub], Headless Execution. @30-08-2021 18:42:17.0788 PM
[ReportManager] Successfully Opened [GoogleChrome]. @30-08-2021 18:42:18.0457 PM
[ReportManager] Target URL: [https://www.google.com/ncr], and after redirection: [https://www.google.com] @30-08-2021 18:42:18.0485 PM
[ReportManager] Initial URL: [data:,] @30-08-2021 18:42:18.0546 PM
[ReportManager] Browser Action [NavigateToURL] successfully performed. With the following test data [https://www.google.com/ncr]. @30-08-2021 18:42:19.0714 P

################################################################################################################################################
Starting Execution:	[5 out of 23] test cases in the current suite
Test Method:		[tests.gui.google.F_Search_PageObjectModel_Fluent.searchForQueryAndAssertFirstResultTextIsCorrect]
################################################################################################################################################
[ReportManager] Element Action [Type] successfully performed. With the following test data [SHAFT_Engine]. @30-08-2021 18:42:20.0460 PM
[ReportManager] Element Action [KeyPress] successfully performed. With the following test data [ENTER]. @30-08-2021 18:42:23.0479 PM
[ReportManager] Element Action [GetText] successfully performed. With the following test data [SHAFT_ENGINE is a Test Automation Engine that ... - GitHub]. @30-08-2021 18:42:23.0583 PM
[ReportManager] Loaded Shared OpenCV @30-08-2021 18:42:24.0223 PM
[ReportManager] Assertion Failed: Asserting that the correct first result is displayed @30-08-2021 18:42:24.0325 PM
[ReportManager] Successfully created attachment [Screenshot - 1630348943801_searchForQueryAndAssertFirstResultTextIsCorrect_ValidateElementAttribute_failed] @30-08-2021 18:42:24.0332 PM
[ReportManager] Assertion [ValidateElementAttribute] FAILED. Expected [Value Should be 'MohabMohie' for the 'Text' attribute, element locator 'By.xpath: (//h1[contains(text(),'Search Result')]/following-sibling::div//a/h3)[1]'] and Actual [SHAFT_ENGINE is a Test Automation Engine that ... - GitHub]. Comparison Type [CONTAINS]. Validation Type [POSITIVE]. @30-08-2021 18:42:24.0332 P
[ReportManager] Successfully created attachment [Selenium WebDriver Logs - server] @30-08-2021 18:42:24.0554 PM
[ReportManager] Successfully created attachment [Selenium WebDriver Logs - performance] @30-08-2021 18:42:24.0768 PM
[ReportManager] Successfully created attachment [Selenium WebDriver Logs - browser] @30-08-2021 18:42:24.0783 PM
[ReportManager] Successfully created attachment [Selenium WebDriver Logs - driver] @30-08-2021 18:42:25.0045 PM
[ReportManager] Browser Action [CloseCurrentWindow] successfully performed. @30-08-2021 18:42:25.0116 PM
[ReportManager] Successfully created attachment [Browser Action Test Data - CloseCurrentWindow - Actual Value] @30-08-2021 18:42:25.0118 P
[ReportManager] Successfully loaded the following test data file [src/test/resources/TestDataFiles/Google/SimpleSearch.xlsx]. @30-08-2021 18:42:25.0153 PM
[ReportManager] Successfully created attachment [Test Data - Excel] @30-08-2021 18:42:25.0154 P
[ReportManager] File Action [GetAbsolutePath] successfully performed. With the following test data [Relative Folder Path: "target/downloadedFiles/"]. @30-08-2021 18:42:25.0155 PM
[ReportManager] Attempting to run remotely on: [Linux-64], [GoogleChrome], [http://localhost:4444/wd/hub], Headless Execution. @30-08-2021 18:42:25.0155 PM
[ReportManager] Successfully Opened [GoogleChrome]. @30-08-2021 18:42:25.0715 PM
[ReportManager] Target URL: [https://www.google.com/ncr], and after redirection: [https://www.google.com] @30-08-2021 18:42:25.0739 PM
[ReportManager] Initial URL: [data:,] @30-08-2021 18:42:25.0827 PM
[ReportManager] Browser Action [NavigateToURL] successfully performed. With the following test data [https://www.google.com/ncr]. @30-08-2021 18:42:26.0887 P

################################################################################################################################################
Starting Execution:	[6 out of 23] test cases in the current suite
Test Method:		[tests.gui.google.G_Search_PageObjectModel_ThreadSafe.navigateToGoogleHomeAndAssertGoogleLogoIsDisplayed]
################################################################################################################################################
[ReportManager] File Action [DoesFileExist] successfully performed. With the following test data [File Path: "src/test/resources/DynamicObjectRepository/tests_gui_google_G_Search_PageObjectModel_ThreadSafe_navigateToGoogleHomeAndAssertGoogleLogoIsDisplayed_By_xpath_img_id_hplogo_or_alt_Google.png"]. @30-08-2021 18:42:26.0898 PM
[ReportManager] File Action [GetAbsolutePath] successfully performed. With the following test data [Relative Folder Path: "src/test/resources/DynamicObjectRepository/tests_gui_google_G_Search_PageObjectModel_ThreadSafe_navigateToGoogleHomeAndAssertGoogleLogoIsDisplayed_By_xpath_img_id_hplogo_or_alt_Google.png"]. @30-08-2021 18:42:26.0898 PM
[ReportManager] File Action [ReadFromImageFile] successfully performed. With the following test data [File Path: "/home/runner/work/using_SHAFT_ENGINE/using_SHAFT_ENGINE/src/test/resources/DynamicObjectRepository/tests_gui_google_G_Search_PageObjectModel_ThreadSafe_navigateToGoogleHomeAndAssertGoogleLogoIsDisplayed_By_xpath_img_id_hplogo_or_alt_Google.png"]. @30-08-2021 18:42:26.0899 PM
[ReportManager] Assertion Failed: Asserting that the Google logo is displayed @30-08-2021 18:42:52.0621 PM
[ReportManager] Successfully created attachment [Validation Test Data - Reference Screenshot] @30-08-2021 18:42:52.0622 PM
[ReportManager] Successfully created attachment [Validation Test Data - Actual Screenshot] @30-08-2021 18:42:52.0622 PM
[ReportManager] Assertion [ValidateElementMatches] FAILED. Expected [Element should match the reference screenshot] and Actual [ELEMENT NOT FOUND]. Comparison Type [EXACT_OPENCV]. Validation Type [POSITIVE]. @30-08-2021 18:42:52.0622 P
[ReportManager] Successfully created attachment [Selenium WebDriver Logs - server] @30-08-2021 18:42:52.0756 PM
[ReportManager] Successfully created attachment [Selenium WebDriver Logs - performance] @30-08-2021 18:42:52.0812 PM
[ReportManager] Successfully created attachment [Selenium WebDriver Logs - browser] @30-08-2021 18:42:52.0825 PM
[ReportManager] Successfully created attachment [Selenium WebDriver Logs - driver] @30-08-2021 18:42:52.0948 PM
[ReportManager] Browser Action [CloseCurrentWindow] successfully performed. @30-08-2021 18:42:53.0010 PM
[ReportManager] Successfully created attachment [Browser Action Test Data - CloseCurrentWindow - Actual Value] @30-08-2021 18:42:53.0012 P
[ReportManager] File Action [GetAbsolutePath] successfully performed. With the following test data [Relative Folder Path: "target/downloadedFiles/"]. @30-08-2021 18:42:53.0015 PM
[ReportManager] Attempting to run remotely on: [Linux-64], [GoogleChrome], [http://localhost:4444/wd/hub], Headless Execution. @30-08-2021 18:42:53.0015 PM
[ReportManager] Successfully Opened [GoogleChrome]. @30-08-2021 18:42:53.0271 PM
[ReportManager] Target URL: [https://www.google.com/ncr], and after redirection: [https://www.google.com] @30-08-2021 18:42:53.0309 PM
[ReportManager] Initial URL: [data:,] @30-08-2021 18:42:53.0358 PM
[ReportManager] Browser Action [NavigateToURL] successfully performed. With the following test data [https://www.google.com/ncr]. @30-08-2021 18:42:54.0430 P

################################################################################################################################################
Starting Execution:	[7 out of 23] test cases in the current suite
Test Method:		[tests.gui.google.G_Search_PageObjectModel_ThreadSafe.navigateToGoogleHomeAndAssertPageTitle]
################################################################################################################################################
[ReportManager] Browser Action [GetCurrentWindowTitle] successfully performed. With the following test data [Google]. @30-08-2021 18:42:54.0485 PM
[ReportManager] Assertion Passed: Asserting that the page title is Google @30-08-2021 18:42:54.0609 PM
[ReportManager] Successfully created attachment [Screenshot - 1630348974571_navigateToGoogleHomeAndAssertPageTitle_ValidateBrowserAttribute_passed] @30-08-2021 18:42:54.0609 PM
[ReportManager] Assertion [ValidateBrowserAttribute] PASSED. Expected [Value Should be 'Google' for the 'Title' attribute] and Actual [Google]. Comparison Type [EQUALS]. Validation Type [POSITIVE]. @30-08-2021 18:42:54.0609 P
[ReportManager] Successfully created attachment [Selenium WebDriver Logs - server] @30-08-2021 18:42:54.0710 PM
[ReportManager] Successfully created attachment [Selenium WebDriver Logs - performance] @30-08-2021 18:42:54.0760 PM
[ReportManager] Successfully created attachment [Selenium WebDriver Logs - browser] @30-08-2021 18:42:54.0770 PM
[ReportManager] Successfully created attachment [Selenium WebDriver Logs - driver] @30-08-2021 18:42:54.0839 PM
[ReportManager] Browser Action [CloseCurrentWindow] successfully performed. @30-08-2021 18:42:54.0899 PM
[ReportManager] Successfully created attachment [Browser Action Test Data - CloseCurrentWindow - Actual Value] @30-08-2021 18:42:54.0902 P
[ReportManager] File Action [GetAbsolutePath] successfully performed. With the following test data [Relative Folder Path: "target/downloadedFiles/"]. @30-08-2021 18:42:54.0906 PM
[ReportManager] Attempting to run remotely on: [Linux-64], [GoogleChrome], [http://localhost:4444/wd/hub], Headless Execution. @30-08-2021 18:42:54.0906 PM
[ReportManager] Successfully Opened [GoogleChrome]. @30-08-2021 18:42:55.0152 PM
[ReportManager] Target URL: [https://www.google.com/ncr], and after redirection: [https://www.google.com] @30-08-2021 18:42:55.0185 PM
[ReportManager] Initial URL: [data:,] @30-08-2021 18:42:55.0249 PM
[ReportManager] Browser Action [NavigateToURL] successfully performed. With the following test data [https://www.google.com/ncr]. @30-08-2021 18:42:56.0294 P

################################################################################################################################################
Starting Execution:	[8 out of 23] test cases in the current suite
Test Method:		[tests.gui.google.G_Search_PageObjectModel_ThreadSafe.searchForQueryAndAssertFirstResultTextIsCorrect]
################################################################################################################################################
[ReportManager] Element Action [Type] successfully performed. With the following test data [SHAFT_Engine]. @30-08-2021 18:42:56.0917 PM
[ReportManager] Element Action [KeyPress] successfully performed. With the following test data [ENTER]. @30-08-2021 18:42:58.0094 PM
[ReportManager] Element Action [GetText] successfully performed. With the following test data [SHAFT_ENGINE is a Test Automation Engine that ... - GitHub]. @30-08-2021 18:42:58.0191 PM
[ReportManager] Loaded Shared OpenCV @30-08-2021 18:42:58.0362 PM
[ReportManager] Assertion Failed: Asserting that the correct first result is displayed @30-08-2021 18:42:58.0423 PM
[ReportManager] Successfully created attachment [Screenshot - 1630348978362_searchForQueryAndAssertFirstResultTextIsCorrect_ValidateElementAttribute_failed] @30-08-2021 18:42:58.0425 PM
[ReportManager] Assertion [ValidateElementAttribute] FAILED. Expected [Value Should be 'MohabMohie' for the 'Text' attribute, element locator 'By.xpath: (//h1[contains(text(),'Search Result')]/following-sibling::div//a/h3)[1]'] and Actual [SHAFT_ENGINE is a Test Automation Engine that ... - GitHub]. Comparison Type [CONTAINS]. Validation Type [POSITIVE]. @30-08-2021 18:42:58.0425 P
[ReportManager] Successfully created attachment [Selenium WebDriver Logs - server] @30-08-2021 18:42:58.0584 PM
[ReportManager] Successfully created attachment [Selenium WebDriver Logs - performance] @30-08-2021 18:42:58.0744 PM
[ReportManager] Successfully created attachment [Selenium WebDriver Logs - browser] @30-08-2021 18:42:58.0761 PM
[ReportManager] Successfully created attachment [Selenium WebDriver Logs - driver] @30-08-2021 18:42:58.0965 PM
[ReportManager] Browser Action [CloseCurrentWindow] successfully performed. @30-08-2021 18:42:59.0024 PM
[ReportManager] Successfully created attachment [Browser Action Test Data - CloseCurrentWindow - Actual Value] @30-08-2021 18:42:59.0026 P



################################################################################################################################################
Starting Execution:	[9 out of 23] test cases in the current suite
Test Method:		[tests.gui.google.A_Search_FlatTest_NativeSeleniumWebDriver.navigateToGoogleHomeAndAssertGoogleLogoIsDisplayed]
###############################################################################################################################################



################################################################################################################################################
Starting Execution:	[10 out of 23] test cases in the current suite
Test Method:		[tests.gui.google.A_Search_FlatTest_NativeSeleniumWebDriver.navigateToGoogleHomeAndAssertPageTitle]
###############################################################################################################################################



################################################################################################################################################
Starting Execution:	[11 out of 23] test cases in the current suite
Test Method:		[tests.gui.google.A_Search_FlatTest_NativeSeleniumWebDriver.searchForQueryAndAssertFirstResultTextIsCorrect]
###############################################################################################################################################

[ReportManager] File Action [GetAbsolutePath] successfully performed. With the following test data [Relative Folder Path: "target/downloadedFiles/"]. @30-08-2021 18:43:00.0653 PM
[ReportManager] Attempting to run remotely on: [Linux-64], [GoogleChrome], [http://localhost:4444/wd/hub], Headless Execution. @30-08-2021 18:43:00.0653 PM
[ReportManager] Successfully Opened [GoogleChrome]. @30-08-2021 18:43:01.0059 PM
[ReportManager] Target URL: [https://www.google.com/ncr], and after redirection: [https://www.google.com] @30-08-2021 18:43:01.0105 PM
[ReportManager] Initial URL: [data:,] @30-08-2021 18:43:01.0200 PM
[ReportManager] Browser Action [NavigateToURL] successfully performed. With the following test data [https://www.google.com/ncr]. @30-08-2021 18:43:02.0396 P

################################################################################################################################################
Starting Execution:	[12 out of 23] test cases in the current suite
Test Method:		[tests.gui.google.C_Search_PageObjectModel_Traditional.navigateToGoogleHomeAndAssertGoogleLogoIsDisplayed]
################################################################################################################################################
[ReportManager] Element Action [IdentifyUniqueElement] failed. With the following test data [zero elements found matching this locator "By.xpath: //img[@id='hplogo' or @alt='Google']".]. @30-08-2021 18:43:27.0976 PM
[ReportManager] Successfully created attachment [Screenshot - 1630349007938_navigateToGoogleHomeAndAssertGoogleLogoIsDisplayed_IdentifyUniqueElement_failed] @30-08-2021 18:43:27.0977 P
[ReportManager] Successfully created attachment [Selenium WebDriver Logs - server] @30-08-2021 18:43:28.0064 PM
[ReportManager] Successfully created attachment [Selenium WebDriver Logs - performance] @30-08-2021 18:43:28.0106 PM
[ReportManager] Successfully created attachment [Selenium WebDriver Logs - browser] @30-08-2021 18:43:28.0115 PM
[ReportManager] Successfully created attachment [Selenium WebDriver Logs - driver] @30-08-2021 18:43:28.0205 PM
[ReportManager] Browser Action [CloseCurrentWindow] successfully performed. @30-08-2021 18:43:28.0267 PM
[ReportManager] Successfully created attachment [Browser Action Test Data - CloseCurrentWindow - Actual Value] @30-08-2021 18:43:28.0270 P
[ReportManager] File Action [GetAbsolutePath] successfully performed. With the following test data [Relative Folder Path: "target/downloadedFiles/"]. @30-08-2021 18:43:28.0272 PM
[ReportManager] Attempting to run remotely on: [Linux-64], [GoogleChrome], [http://localhost:4444/wd/hub], Headless Execution. @30-08-2021 18:43:28.0272 PM
[ReportManager] Successfully Opened [GoogleChrome]. @30-08-2021 18:43:28.0501 PM
[ReportManager] Target URL: [https://www.google.com/ncr], and after redirection: [https://www.google.com] @30-08-2021 18:43:28.0516 PM
[ReportManager] Initial URL: [data:,] @30-08-2021 18:43:28.0570 PM
[ReportManager] Browser Action [NavigateToURL] successfully performed. With the following test data [https://www.google.com/ncr]. @30-08-2021 18:43:29.0616 P

################################################################################################################################################
Starting Execution:	[13 out of 23] test cases in the current suite
Test Method:		[tests.gui.google.C_Search_PageObjectModel_Traditional.navigateToGoogleHomeAndAssertPageTitle]
################################################################################################################################################
[ReportManager] Browser Action [GetCurrentWindowTitle] successfully performed. With the following test data [Google]. @30-08-2021 18:43:29.0663 PM
[ReportManager] Assertion Passed: Asserting that the page title is Google @30-08-2021 18:43:29.0664 PM
[ReportManager] Assertion [ValidateEquals] PASSED. Expected [Google] and Actual [Google]. Comparison Type [EQUALS]. Validation Type [POSITIVE]. @30-08-2021 18:43:29.0664 P
[ReportManager] Successfully created attachment [Selenium WebDriver Logs - server] @30-08-2021 18:43:29.0765 PM
[ReportManager] Successfully created attachment [Selenium WebDriver Logs - performance] @30-08-2021 18:43:29.0814 PM
[ReportManager] Successfully created attachment [Selenium WebDriver Logs - browser] @30-08-2021 18:43:29.0823 PM
[ReportManager] Successfully created attachment [Selenium WebDriver Logs - driver] @30-08-2021 18:43:29.0902 PM
[ReportManager] Browser Action [CloseCurrentWindow] successfully performed. @30-08-2021 18:43:29.0961 PM
[ReportManager] Successfully created attachment [Browser Action Test Data - CloseCurrentWindow - Actual Value] @30-08-2021 18:43:29.0964 P
[ReportManager] File Action [GetAbsolutePath] successfully performed. With the following test data [Relative Folder Path: "target/downloadedFiles/"]. @30-08-2021 18:43:29.0966 PM
[ReportManager] Attempting to run remotely on: [Linux-64], [GoogleChrome], [http://localhost:4444/wd/hub], Headless Execution. @30-08-2021 18:43:29.0966 PM
[ReportManager] Successfully Opened [GoogleChrome]. @30-08-2021 18:43:30.0192 PM
[ReportManager] Target URL: [https://www.google.com/ncr], and after redirection: [https://www.google.com] @30-08-2021 18:43:30.0205 PM
[ReportManager] Initial URL: [data:,] @30-08-2021 18:43:30.0279 PM
[ReportManager] Browser Action [NavigateToURL] successfully performed. With the following test data [https://www.google.com/ncr]. @30-08-2021 18:43:31.0261 P

################################################################################################################################################
Starting Execution:	[14 out of 23] test cases in the current suite
Test Method:		[tests.gui.google.C_Search_PageObjectModel_Traditional.searchForQueryAndAssertFirstResultTextIsCorrect]
################################################################################################################################################
[ReportManager] Element Action [Type] successfully performed. With the following test data [SHAFT_Engine]. @30-08-2021 18:43:31.0877 PM
[ReportManager] Element Action [KeyPress] successfully performed. With the following test data [ENTER]. @30-08-2021 18:43:33.0185 PM
[ReportManager] Element Action [GetText] successfully performed. With the following test data [SHAFT_ENGINE is a Test Automation Engine that ... - GitHub]. @30-08-2021 18:43:33.0275 PM
[ReportManager] Assertion Failed: Asserting that the correct first result is displayed @30-08-2021 18:43:33.0276 PM
[ReportManager] Assertion [ValidateEquals] FAILED. Expected [MohabMohie] and Actual [SHAFT_ENGINE is a Test Automation Engine that ... - GitHub]. Comparison Type [CONTAINS]. Validation Type [POSITIVE]. @30-08-2021 18:43:33.0276 P
[ReportManager] Successfully created attachment [Selenium WebDriver Logs - server] @30-08-2021 18:43:33.0464 PM
[ReportManager] Successfully created attachment [Selenium WebDriver Logs - performance] @30-08-2021 18:43:33.0615 PM
[ReportManager] Successfully created attachment [Selenium WebDriver Logs - browser] @30-08-2021 18:43:33.0626 PM
[ReportManager] Successfully created attachment [Selenium WebDriver Logs - driver] @30-08-2021 18:43:33.0836 PM
[ReportManager] Browser Action [CloseCurrentWindow] successfully performed. @30-08-2021 18:43:33.0899 PM
[ReportManager] Successfully created attachment [Browser Action Test Data - CloseCurrentWindow - Actual Value] @30-08-2021 18:43:33.0902 P
[ReportManager] Successfully loaded the following test data file [src/test/resources/TestDataFiles/Google/SimpleSearch.xlsx]. @30-08-2021 18:43:33.0931 PM
[ReportManager] Successfully created attachment [Test Data - Excel] @30-08-2021 18:43:33.0931 P
[ReportManager] File Action [GetAbsolutePath] successfully performed. With the following test data [Relative Folder Path: "target/downloadedFiles/"]. @30-08-2021 18:43:33.0932 PM
[ReportManager] Attempting to run remotely on: [Linux-64], [GoogleChrome], [http://localhost:4444/wd/hub], Headless Execution. @30-08-2021 18:43:33.0932 PM
[ReportManager] Successfully Opened [GoogleChrome]. @30-08-2021 18:43:34.0224 PM
[ReportManager] Target URL: [https://www.google.com/ncr], and after redirection: [https://www.google.com] @30-08-2021 18:43:34.0238 PM
[ReportManager] Initial URL: [data:,] @30-08-2021 18:43:34.0293 PM
[ReportManager] Browser Action [NavigateToURL] successfully performed. With the following test data [https://www.google.com/ncr]. @30-08-2021 18:43:35.0297 P

################################################################################################################################################
Starting Execution:	[15 out of 23] test cases in the current suite
Test Method:		[tests.gui.google.D_Search_PageObjectModel_Traditional_DataDriven.navigateToGoogleHomeAndAssertGoogleLogoIsDisplayed]
################################################################################################################################################
[ReportManager] Element Action [IdentifyUniqueElement] failed. With the following test data [zero elements found matching this locator "By.xpath: //img[@id='hplogo' or @alt='Google']".]. @30-08-2021 18:44:00.0857 PM
[ReportManager] Successfully created attachment [Screenshot - 1630349040817_navigateToGoogleHomeAndAssertGoogleLogoIsDisplayed_IdentifyUniqueElement_failed] @30-08-2021 18:44:00.0857 P
[ReportManager] Successfully created attachment [Selenium WebDriver Logs - server] @30-08-2021 18:44:00.0942 PM
[ReportManager] Successfully created attachment [Selenium WebDriver Logs - performance] @30-08-2021 18:44:00.0997 PM
[ReportManager] Successfully created attachment [Selenium WebDriver Logs - browser] @30-08-2021 18:44:01.0006 PM
[ReportManager] Successfully created attachment [Selenium WebDriver Logs - driver] @30-08-2021 18:44:01.0100 PM
[ReportManager] Browser Action [CloseCurrentWindow] successfully performed. @30-08-2021 18:44:01.0165 PM
[ReportManager] Successfully created attachment [Browser Action Test Data - CloseCurrentWindow - Actual Value] @30-08-2021 18:44:01.0166 P
[ReportManager] File Action [GetAbsolutePath] successfully performed. With the following test data [Relative Folder Path: "target/downloadedFiles/"]. @30-08-2021 18:44:01.0169 PM
[ReportManager] Attempting to run remotely on: [Linux-64], [GoogleChrome], [http://localhost:4444/wd/hub], Headless Execution. @30-08-2021 18:44:01.0170 PM
[ReportManager] Successfully Opened [GoogleChrome]. @30-08-2021 18:44:01.0434 PM
[ReportManager] Target URL: [https://www.google.com/ncr], and after redirection: [https://www.google.com] @30-08-2021 18:44:01.0452 PM
[ReportManager] Initial URL: [data:,] @30-08-2021 18:44:01.0505 PM
[ReportManager] Browser Action [NavigateToURL] successfully performed. With the following test data [https://www.google.com/ncr]. @30-08-2021 18:44:02.0518 P

################################################################################################################################################
Starting Execution:	[16 out of 23] test cases in the current suite
Test Method:		[tests.gui.google.D_Search_PageObjectModel_Traditional_DataDriven.navigateToGoogleHomeAndAssertPageTitle]
################################################################################################################################################
[ReportManager] Browser Action [GetCurrentWindowTitle] successfully performed. With the following test data [Google]. @30-08-2021 18:44:02.0567 PM
[ReportManager] Assertion Passed: Asserting that the page title is Google @30-08-2021 18:44:02.0567 PM
[ReportManager] Assertion [ValidateEquals] PASSED. Expected [Google] and Actual [Google]. Comparison Type [EQUALS]. Validation Type [POSITIVE]. @30-08-2021 18:44:02.0567 P
[ReportManager] Successfully created attachment [Selenium WebDriver Logs - server] @30-08-2021 18:44:02.0661 PM
[ReportManager] Successfully created attachment [Selenium WebDriver Logs - performance] @30-08-2021 18:44:02.0704 PM
[ReportManager] Successfully created attachment [Selenium WebDriver Logs - browser] @30-08-2021 18:44:02.0711 PM
[ReportManager] Successfully created attachment [Selenium WebDriver Logs - driver] @30-08-2021 18:44:02.0789 PM
[ReportManager] Browser Action [CloseCurrentWindow] successfully performed. @30-08-2021 18:44:02.0848 PM
[ReportManager] Successfully created attachment [Browser Action Test Data - CloseCurrentWindow - Actual Value] @30-08-2021 18:44:02.0849 P
[ReportManager] File Action [GetAbsolutePath] successfully performed. With the following test data [Relative Folder Path: "target/downloadedFiles/"]. @30-08-2021 18:44:02.0853 PM
[ReportManager] Attempting to run remotely on: [Linux-64], [GoogleChrome], [http://localhost:4444/wd/hub], Headless Execution. @30-08-2021 18:44:02.0854 PM
[ReportManager] Successfully Opened [GoogleChrome]. @30-08-2021 18:44:03.0077 PM
[ReportManager] Target URL: [https://www.google.com/ncr], and after redirection: [https://www.google.com] @30-08-2021 18:44:03.0090 PM
[ReportManager] Initial URL: [data:,] @30-08-2021 18:44:03.0133 PM
[ReportManager] Browser Action [NavigateToURL] successfully performed. With the following test data [https://www.google.com/ncr]. @30-08-2021 18:44:06.0256 P

################################################################################################################################################
Starting Execution:	[17 out of 23] test cases in the current suite
Test Method:		[tests.gui.google.D_Search_PageObjectModel_Traditional_DataDriven.searchForQueryAndAssertFirstResultTextIsCorrect]
################################################################################################################################################
[ReportManager] Element Action [Type] successfully performed. With the following test data [SHAFT_Engine]. @30-08-2021 18:44:06.0853 PM
[ReportManager] Element Action [KeyPress] successfully performed. With the following test data [ENTER]. @30-08-2021 18:44:08.0161 PM
[ReportManager] Element Action [GetText] successfully performed. With the following test data [SHAFT_ENGINE is a Test Automation Engine that ... - GitHub]. @30-08-2021 18:44:08.0255 PM
[ReportManager] Assertion Failed: Asserting that the correct first result is displayed @30-08-2021 18:44:08.0256 PM
[ReportManager] Assertion [ValidateEquals] FAILED. Expected [MohabMohie] and Actual [SHAFT_ENGINE is a Test Automation Engine that ... - GitHub]. Comparison Type [CONTAINS]. Validation Type [POSITIVE]. @30-08-2021 18:44:08.0256 P
[ReportManager] Successfully created attachment [Selenium WebDriver Logs - server] @30-08-2021 18:44:08.0398 PM
[ReportManager] Successfully created attachment [Selenium WebDriver Logs - performance] @30-08-2021 18:44:08.0566 PM
[ReportManager] Successfully created attachment [Selenium WebDriver Logs - browser] @30-08-2021 18:44:08.0576 PM
[ReportManager] Successfully created attachment [Selenium WebDriver Logs - driver] @30-08-2021 18:44:08.0791 PM
[ReportManager] Browser Action [CloseCurrentWindow] successfully performed. @30-08-2021 18:44:08.0851 PM
[ReportManager] Successfully created attachment [Browser Action Test Data - CloseCurrentWindow - Actual Value] @30-08-2021 18:44:08.0854 P
[ReportManager] Successfully loaded the following test data file [src/test/resources/TestDataFiles/Google/SimpleSearch.xlsx]. @30-08-2021 18:44:08.0883 PM
[ReportManager] Successfully created attachment [Test Data - Excel] @30-08-2021 18:44:08.0884 P
[ReportManager] File Action [GetAbsolutePath] successfully performed. With the following test data [Relative Folder Path: "target/downloadedFiles/"]. @30-08-2021 18:44:08.0885 PM
[ReportManager] Attempting to run remotely on: [Linux-64], [GoogleChrome], [http://localhost:4444/wd/hub], Headless Execution. @30-08-2021 18:44:08.0886 PM
[ReportManager] Successfully Opened [GoogleChrome]. @30-08-2021 18:44:09.0132 PM
[ReportManager] Target URL: [https://www.google.com/ncr], and after redirection: [https://www.google.com] @30-08-2021 18:44:09.0145 PM
[ReportManager] Initial URL: [data:,] @30-08-2021 18:44:09.0192 PM
[ReportManager] Browser Action [NavigateToURL] successfully performed. With the following test data [https://www.google.com/ncr]. @30-08-2021 18:44:10.0191 P

################################################################################################################################################
Starting Execution:	[18 out of 23] test cases in the current suite
Test Method:		[tests.gui.google.E_Search_PageObjectModel_Traditional_SHAFTAssertions.navigateToGoogleHomeAndAssertGoogleLogoIsDisplayed]
################################################################################################################################################
[ReportManager] File Action [DoesFileExist] successfully performed. With the following test data [File Path: "src/test/resources/DynamicObjectRepository/tests_gui_google_E_Search_PageObjectModel_Traditional_SHAFTAssertions_navigateToGoogleHomeAndAssertGoogleLogoIsDisplayed_By_xpath_img_id_hplogo_or_alt_Google.png"]. @30-08-2021 18:44:10.0200 PM
[ReportManager] File Action [GetAbsolutePath] successfully performed. With the following test data [Relative Folder Path: "src/test/resources/DynamicObjectRepository/tests_gui_google_E_Search_PageObjectModel_Traditional_SHAFTAssertions_navigateToGoogleHomeAndAssertGoogleLogoIsDisplayed_By_xpath_img_id_hplogo_or_alt_Google.png"]. @30-08-2021 18:44:10.0200 PM
[ReportManager] File Action [ReadFromImageFile] successfully performed. With the following test data [File Path: "/home/runner/work/using_SHAFT_ENGINE/using_SHAFT_ENGINE/src/test/resources/DynamicObjectRepository/tests_gui_google_E_Search_PageObjectModel_Traditional_SHAFTAssertions_navigateToGoogleHomeAndAssertGoogleLogoIsDisplayed_By_xpath_img_id_hplogo_or_alt_Google.png"]. @30-08-2021 18:44:10.0201 PM
[ReportManager] Assertion Failed: Asserting that the Google logo is displayed @30-08-2021 18:44:35.0868 PM
[ReportManager] Successfully created attachment [Validation Test Data - Reference Screenshot] @30-08-2021 18:44:35.0868 PM
[ReportManager] Successfully created attachment [Validation Test Data - Actual Screenshot] @30-08-2021 18:44:35.0868 PM
[ReportManager] Assertion [ValidateElementMatches] FAILED. Expected [Element should match the reference screenshot] and Actual [ELEMENT NOT FOUND]. Comparison Type [EXACT_OPENCV]. Validation Type [POSITIVE]. @30-08-2021 18:44:35.0868 P
[ReportManager] Successfully created attachment [Selenium WebDriver Logs - server] @30-08-2021 18:44:35.0974 PM
[ReportManager] Successfully created attachment [Selenium WebDriver Logs - performance] @30-08-2021 18:44:36.0015 PM
[ReportManager] Successfully created attachment [Selenium WebDriver Logs - browser] @30-08-2021 18:44:36.0026 PM
[ReportManager] Successfully created attachment [Selenium WebDriver Logs - driver] @30-08-2021 18:44:36.0117 PM
[ReportManager] Browser Action [CloseCurrentWindow] successfully performed. @30-08-2021 18:44:36.0175 PM
[ReportManager] Successfully created attachment [Browser Action Test Data - CloseCurrentWindow - Actual Value] @30-08-2021 18:44:36.0176 P
[ReportManager] File Action [GetAbsolutePath] successfully performed. With the following test data [Relative Folder Path: "target/downloadedFiles/"]. @30-08-2021 18:44:36.0178 PM
[ReportManager] Attempting to run remotely on: [Linux-64], [GoogleChrome], [http://localhost:4444/wd/hub], Headless Execution. @30-08-2021 18:44:36.0179 PM
[ReportManager] Successfully Opened [GoogleChrome]. @30-08-2021 18:44:36.0399 PM
[ReportManager] Target URL: [https://www.google.com/ncr], and after redirection: [https://www.google.com] @30-08-2021 18:44:36.0416 PM
[ReportManager] Initial URL: [data:,] @30-08-2021 18:44:36.0466 PM
[ReportManager] Browser Action [NavigateToURL] successfully performed. With the following test data [https://www.google.com/ncr]. @30-08-2021 18:44:37.0487 P

################################################################################################################################################
Starting Execution:	[19 out of 23] test cases in the current suite
Test Method:		[tests.gui.google.E_Search_PageObjectModel_Traditional_SHAFTAssertions.navigateToGoogleHomeAndAssertPageTitle]
################################################################################################################################################
[ReportManager] Browser Action [GetCurrentWindowTitle] successfully performed. With the following test data [Google]. @30-08-2021 18:44:37.0527 PM
[ReportManager] Assertion Passed: Asserting that the page title is Google @30-08-2021 18:44:37.0653 PM
[ReportManager] Successfully created attachment [Screenshot - 1630349077617_navigateToGoogleHomeAndAssertPageTitle_ValidateBrowserAttribute_passed] @30-08-2021 18:44:37.0654 PM
[ReportManager] Assertion [ValidateBrowserAttribute] PASSED. Expected [Value Should be 'Google' for the 'Title' attribute] and Actual [Google]. Comparison Type [EQUALS]. Validation Type [POSITIVE]. @30-08-2021 18:44:37.0654 P
[ReportManager] Successfully created attachment [Selenium WebDriver Logs - server] @30-08-2021 18:44:37.0754 PM
[ReportManager] Successfully created attachment [Selenium WebDriver Logs - performance] @30-08-2021 18:44:37.0799 PM
[ReportManager] Successfully created attachment [Selenium WebDriver Logs - browser] @30-08-2021 18:44:37.0812 PM
[ReportManager] Successfully created attachment [Selenium WebDriver Logs - driver] @30-08-2021 18:44:37.0886 PM
[ReportManager] Browser Action [CloseCurrentWindow] successfully performed. @30-08-2021 18:44:37.0945 PM
[ReportManager] Successfully created attachment [Browser Action Test Data - CloseCurrentWindow - Actual Value] @30-08-2021 18:44:37.0946 P
[ReportManager] File Action [GetAbsolutePath] successfully performed. With the following test data [Relative Folder Path: "target/downloadedFiles/"]. @30-08-2021 18:44:37.0949 PM
[ReportManager] Attempting to run remotely on: [Linux-64], [GoogleChrome], [http://localhost:4444/wd/hub], Headless Execution. @30-08-2021 18:44:37.0951 PM
[ReportManager] Successfully Opened [GoogleChrome]. @30-08-2021 18:44:38.0165 PM
[ReportManager] Target URL: [https://www.google.com/ncr], and after redirection: [https://www.google.com] @30-08-2021 18:44:38.0177 PM
[ReportManager] Initial URL: [data:,] @30-08-2021 18:44:38.0224 PM
[ReportManager] Browser Action [NavigateToURL] successfully performed. With the following test data [https://www.google.com/ncr]. @30-08-2021 18:44:39.0307 P

################################################################################################################################################
Starting Execution:	[20 out of 23] test cases in the current suite
Test Method:		[tests.gui.google.E_Search_PageObjectModel_Traditional_SHAFTAssertions.searchForQueryAndAssertFirstResultTextIsCorrect]
################################################################################################################################################
[ReportManager] Element Action [Type] successfully performed. With the following test data [SHAFT_Engine]. @30-08-2021 18:44:40.0069 PM
[ReportManager] Element Action [KeyPress] successfully performed. With the following test data [ENTER]. @30-08-2021 18:44:41.0012 PM
[ReportManager] Element Action [GetText] successfully performed. With the following test data [SHAFT_ENGINE is a Test Automation Engine that ... - GitHub]. @30-08-2021 18:44:41.0500 PM
[ReportManager] Loaded Shared OpenCV @30-08-2021 18:44:41.0842 PM
[ReportManager] Assertion Failed: Asserting that the correct first result is displayed @30-08-2021 18:44:41.0938 PM
[ReportManager] Successfully created attachment [Screenshot - 1630349081842_searchForQueryAndAssertFirstResultTextIsCorrect_ValidateElementAttribute_failed] @30-08-2021 18:44:41.0945 PM
[ReportManager] Assertion [ValidateElementAttribute] FAILED. Expected [Value Should be 'MohabMohie' for the 'Text' attribute, element locator 'By.xpath: (//h1[contains(text(),'Search Result')]/following-sibling::div//a/h3)[1]'] and Actual [SHAFT_ENGINE is a Test Automation Engine that ... - GitHub]. Comparison Type [CONTAINS]. Validation Type [POSITIVE]. @30-08-2021 18:44:41.0945 P
[ReportManager] Successfully created attachment [Selenium WebDriver Logs - server] @30-08-2021 18:44:42.0111 PM
[ReportManager] Successfully created attachment [Selenium WebDriver Logs - performance] @30-08-2021 18:44:42.0337 PM
[ReportManager] Successfully created attachment [Selenium WebDriver Logs - browser] @30-08-2021 18:44:42.0349 PM
[ReportManager] Successfully created attachment [Selenium WebDriver Logs - driver] @30-08-2021 18:44:42.0592 PM
[ReportManager] Browser Action [CloseCurrentWindow] successfully performed. @30-08-2021 18:44:42.0657 PM
[ReportManager] Successfully created attachment [Browser Action Test Data - CloseCurrentWindow - Actual Value] @30-08-2021 18:44:42.0659 P
[ReportManager] File Action [GetAbsolutePath] successfully performed. With the following test data [Relative Folder Path: "target/downloadedFiles/"]. @30-08-2021 18:44:42.0663 PM
[ReportManager] Attempting to run remotely on: [Linux-64], [GoogleChrome], [http://localhost:4444/wd/hub], Headless Execution. @30-08-2021 18:44:42.0664 PM
[ReportManager] Successfully Opened [GoogleChrome]. @30-08-2021 18:44:43.0000 PM
[ReportManager] Target URL: [https://www.google.com/ncr], and after redirection: [https://www.google.com] @30-08-2021 18:44:43.0020 PM
[ReportManager] Initial URL: [data:,] @30-08-2021 18:44:43.0111 PM
[ReportManager] Browser Action [NavigateToURL] successfully performed. With the following test data [https://www.google.com/ncr]. @30-08-2021 18:44:44.0366 P

################################################################################################################################################
Starting Execution:	[21 out of 23] test cases in the current suite
Test Method:		[tests.gui.google.B_Search_FlatTest_SHAFT.navigateToGoogleHomeAndAssertGoogleLogoIsDisplayed]
################################################################################################################################################
[ReportManager] File Action [DoesFileExist] successfully performed. With the following test data [File Path: "src/test/resources/DynamicObjectRepository/tests_gui_google_B_Search_FlatTest_SHAFT_navigateToGoogleHomeAndAssertGoogleLogoIsDisplayed_By_xpath_img_id_hplogo_or_alt_Google.png"]. @30-08-2021 18:44:44.0378 PM
[ReportManager] File Action [GetAbsolutePath] successfully performed. With the following test data [Relative Folder Path: "src/test/resources/DynamicObjectRepository/tests_gui_google_B_Search_FlatTest_SHAFT_navigateToGoogleHomeAndAssertGoogleLogoIsDisplayed_By_xpath_img_id_hplogo_or_alt_Google.png"]. @30-08-2021 18:44:44.0378 PM
[ReportManager] File Action [ReadFromImageFile] successfully performed. With the following test data [File Path: "/home/runner/work/using_SHAFT_ENGINE/using_SHAFT_ENGINE/src/test/resources/DynamicObjectRepository/tests_gui_google_B_Search_FlatTest_SHAFT_navigateToGoogleHomeAndAssertGoogleLogoIsDisplayed_By_xpath_img_id_hplogo_or_alt_Google.png"]. @30-08-2021 18:44:44.0378 PM
[ReportManager] Assertion Failed: Asserting that the Google logo is displayed @30-08-2021 18:45:10.0212 PM
[ReportManager] Successfully created attachment [Validation Test Data - Reference Screenshot] @30-08-2021 18:45:10.0212 PM
[ReportManager] Successfully created attachment [Validation Test Data - Actual Screenshot] @30-08-2021 18:45:10.0213 PM
[ReportManager] Assertion [ValidateElementMatches] FAILED. Expected [Element should match the reference screenshot] and Actual [ELEMENT NOT FOUND]. Comparison Type [EXACT_OPENCV]. Validation Type [POSITIVE]. @30-08-2021 18:45:10.0213 P
[ReportManager] Successfully created attachment [Selenium WebDriver Logs - server] @30-08-2021 18:45:10.0322 PM
[ReportManager] Successfully created attachment [Selenium WebDriver Logs - performance] @30-08-2021 18:45:10.0374 PM
[ReportManager] Successfully created attachment [Selenium WebDriver Logs - browser] @30-08-2021 18:45:10.0383 PM
[ReportManager] Successfully created attachment [Selenium WebDriver Logs - driver] @30-08-2021 18:45:10.0481 PM
[ReportManager] Browser Action [CloseCurrentWindow] successfully performed. @30-08-2021 18:45:10.0542 PM
[ReportManager] Successfully created attachment [Browser Action Test Data - CloseCurrentWindow - Actual Value] @30-08-2021 18:45:10.0543 P
[ReportManager] File Action [GetAbsolutePath] successfully performed. With the following test data [Relative Folder Path: "target/downloadedFiles/"]. @30-08-2021 18:45:10.0555 PM
[ReportManager] Attempting to run remotely on: [Linux-64], [GoogleChrome], [http://localhost:4444/wd/hub], Headless Execution. @30-08-2021 18:45:10.0555 PM
[ReportManager] Successfully Opened [GoogleChrome]. @30-08-2021 18:45:10.0882 PM
[ReportManager] Target URL: [https://www.google.com/ncr], and after redirection: [https://www.google.com] @30-08-2021 18:45:10.0897 PM
[ReportManager] Initial URL: [data:,] @30-08-2021 18:45:10.0963 PM
[ReportManager] Browser Action [NavigateToURL] successfully performed. With the following test data [https://www.google.com/ncr]. @30-08-2021 18:45:12.0189 P

################################################################################################################################################
Starting Execution:	[22 out of 23] test cases in the current suite
Test Method:		[tests.gui.google.B_Search_FlatTest_SHAFT.navigateToGoogleHomeAndAssertPageTitle]
################################################################################################################################################
[ReportManager] Browser Action [GetCurrentWindowTitle] successfully performed. With the following test data [Google]. @30-08-2021 18:45:12.0259 PM
[ReportManager] Assertion Passed: Asserting that the page title is Google @30-08-2021 18:45:12.0379 PM
[ReportManager] Successfully created attachment [Screenshot - 1630349112344_navigateToGoogleHomeAndAssertPageTitle_ValidateBrowserAttribute_passed] @30-08-2021 18:45:12.0380 PM
[ReportManager] Assertion [ValidateBrowserAttribute] PASSED. Expected [Value Should be 'Google' for the 'Title' attribute] and Actual [Google]. Comparison Type [EQUALS]. Validation Type [POSITIVE]. @30-08-2021 18:45:12.0380 P
[ReportManager] Successfully created attachment [Selenium WebDriver Logs - server] @30-08-2021 18:45:12.0492 PM
[ReportManager] Successfully created attachment [Selenium WebDriver Logs - performance] @30-08-2021 18:45:12.0555 PM
[ReportManager] Successfully created attachment [Selenium WebDriver Logs - browser] @30-08-2021 18:45:12.0574 PM
[ReportManager] Successfully created attachment [Selenium WebDriver Logs - driver] @30-08-2021 18:45:12.0646 PM
[ReportManager] Browser Action [CloseCurrentWindow] successfully performed. @30-08-2021 18:45:12.0705 PM
[ReportManager] Successfully created attachment [Browser Action Test Data - CloseCurrentWindow - Actual Value] @30-08-2021 18:45:12.0706 P
[ReportManager] File Action [GetAbsolutePath] successfully performed. With the following test data [Relative Folder Path: "target/downloadedFiles/"]. @30-08-2021 18:45:12.0710 PM
[ReportManager] Attempting to run remotely on: [Linux-64], [GoogleChrome], [http://localhost:4444/wd/hub], Headless Execution. @30-08-2021 18:45:12.0710 PM
[ReportManager] Successfully Opened [GoogleChrome]. @30-08-2021 18:45:13.0043 PM
[ReportManager] Target URL: [https://www.google.com/ncr], and after redirection: [https://www.google.com] @30-08-2021 18:45:13.0073 PM
[ReportManager] Initial URL: [data:,] @30-08-2021 18:45:13.0133 PM
[ReportManager] Browser Action [NavigateToURL] successfully performed. With the following test data [https://www.google.com/ncr]. @30-08-2021 18:45:14.0364 P

################################################################################################################################################
Starting Execution:	[23 out of 23] test cases in the current suite
Test Method:		[tests.gui.google.B_Search_FlatTest_SHAFT.searchForQueryAndAssertFirstResultTextIsCorrect]
################################################################################################################################################
[ReportManager] Element Action [Type] successfully performed. With the following test data [SHAFT_Engine]. @30-08-2021 18:45:14.0927 PM
[ReportManager] Element Action [KeyPress] successfully performed. With the following test data [ENTER]. @30-08-2021 18:45:16.0121 PM
[ReportManager] Element Action [GetText] successfully performed. With the following test data [SHAFT_ENGINE is a Test Automation Engine that ... - GitHub]. @30-08-2021 18:45:16.0210 PM
[ReportManager] Loaded Shared OpenCV @30-08-2021 18:45:16.0364 PM
[ReportManager] Assertion Failed: Asserting that the correct first result is displayed @30-08-2021 18:45:16.0425 PM
[ReportManager] Successfully created attachment [Screenshot - 1630349116364_searchForQueryAndAssertFirstResultTextIsCorrect_ValidateElementAttribute_failed] @30-08-2021 18:45:16.0426 PM
[ReportManager] Assertion [ValidateElementAttribute] FAILED. Expected [Value Should be 'MohabMohie' for the 'Text' attribute, element locator 'By.xpath: (//h1[contains(text(),'Search Result')]/following-sibling::div//a/h3)[1]'] and Actual [SHAFT_ENGINE is a Test Automation Engine that ... - GitHub]. Comparison Type [CONTAINS]. Validation Type [POSITIVE]. @30-08-2021 18:45:16.0426 P
[ReportManager] Successfully created attachment [Selenium WebDriver Logs - server] @30-08-2021 18:45:16.0573 PM
[ReportManager] Successfully created attachment [Selenium WebDriver Logs - performance] @30-08-2021 18:45:16.0717 PM
[ReportManager] Successfully created attachment [Selenium WebDriver Logs - browser] @30-08-2021 18:45:16.0725 PM
[ReportManager] Successfully created attachment [Selenium WebDriver Logs - driver] @30-08-2021 18:45:16.0909 PM
[ReportManager] Browser Action [CloseCurrentWindow] successfully performed. @30-08-2021 18:45:16.0976 PM
[ReportManager] Successfully created attachment [Browser Action Test Data - CloseCurrentWindow - Actual Value] @30-08-2021 18:45:16.0978 P

################################################################################################################################################
Test Closure Activities
################################################################################################################################################
[ReportManager] Successfully created attachment [SHAFT Engine Logs - Execution log] @30-08-2021 18:45:16.0996 PM

################################################################################################################################################
This test run was powered by SHAFT Engine Version: [SHAFT Engine v5.3.20210822]
SHAFT Engine is licensed under the MIT License: [https://github.com/MohabMohie/SHAFT_ENGINE/blob/master/LICENSE].
################################################################################################################################################