################################################################################################################################################
Detected SHAFT Engine Version: [SHAFT Engine v6.1.20220113]
################################################################################################################################################
[ReportManager] File Action [GetAbsolutePath] successfully performed. With the following test data [Relative Folder Path: "target/downloadedFiles/"]. @25-03-2022 18:39:04.0775 PM
[ReportManager] Attempting to run remotely on: [Linux-64], [GoogleChrome], [http://localhost:4444/wd/hub], Headless Execution. @25-03-2022 18:39:04.0787 PM
[ReportManager] Successfully Opened [GoogleChrome]. @25-03-2022 18:39:06.0773 PM
[ReportManager] Target URL: [https://www.google.com/ncr], and after redirection: [https://www.google.com] @25-03-2022 18:39:06.0785 PM
[ReportManager] Initial URL: [data:,] @25-03-2022 18:39:06.0898 PM
[ReportManager] Browser Action [NavigateToURL] successfully performed. With the following test data [https://www.google.com/ncr]. @25-03-2022 18:39:08.0213 P

################################################################################################################################################
Starting Execution:	[1 out of 23] test cases in the current suite
Test Method:		[tests.gui.google.C_Search_PageObjectModel_Traditional.navigateToGoogleHomeAndAssertGoogleLogoIsDisplayed]
################################################################################################################################################
[ReportManager] Element Action [IsElementDisplayed] successfully performed. @25-03-2022 18:39:08.0530 PM
[ReportManager] Assertion Passed: Asserting that the Google logo is displayed @25-03-2022 18:39:08.0541 PM
[ReportManager] Assertion [ValidateTrue] PASSED. Expected [TRUE] and Actual [TRUE]. Validation Type [POSITIVE]. @25-03-2022 18:39:08.0541 P
[ReportManager] Browser Action [CloseCurrentWindow] successfully performed. @25-03-2022 18:39:08.0780 PM
[ReportManager] Successfully created attachment [Browser Action Test Data - CloseCurrentWindow - Actual Value] @25-03-2022 18:39:08.0785 P
[ReportManager] File Action [GetAbsolutePath] successfully performed. With the following test data [Relative Folder Path: "target/downloadedFiles/"]. @25-03-2022 18:39:08.0810 PM
[ReportManager] Attempting to run remotely on: [Linux-64], [GoogleChrome], [http://localhost:4444/wd/hub], Headless Execution. @25-03-2022 18:39:08.0810 PM
[ReportManager] Successfully Opened [GoogleChrome]. @25-03-2022 18:39:09.0159 PM
[ReportManager] Target URL: [https://www.google.com/ncr], and after redirection: [https://www.google.com] @25-03-2022 18:39:09.0159 PM
[ReportManager] Initial URL: [data:,] @25-03-2022 18:39:09.0267 PM
[ReportManager] Browser Action [NavigateToURL] successfully performed. With the following test data [https://www.google.com/ncr]. @25-03-2022 18:39:10.0431 P

################################################################################################################################################
Starting Execution:	[2 out of 23] test cases in the current suite
Test Method:		[tests.gui.google.C_Search_PageObjectModel_Traditional.navigateToGoogleHomeAndAssertPageTitle]
################################################################################################################################################
[ReportManager] Browser Action [GetCurrentWindowTitle] successfully performed. With the following test data [Google]. @25-03-2022 18:39:10.0487 PM
[ReportManager] Assertion Passed: Asserting that the page title is Google @25-03-2022 18:39:10.0492 PM
[ReportManager] Assertion [ValidateEquals] PASSED. Expected [Google] and Actual [Google]. Comparison Type [EQUALS]. Validation Type [POSITIVE]. @25-03-2022 18:39:10.0492 P
[ReportManager] Browser Action [CloseCurrentWindow] successfully performed. @25-03-2022 18:39:10.0648 PM
[ReportManager] Successfully created attachment [Browser Action Test Data - CloseCurrentWindow - Actual Value] @25-03-2022 18:39:10.0649 P
[ReportManager] File Action [GetAbsolutePath] successfully performed. With the following test data [Relative Folder Path: "target/downloadedFiles/"]. @25-03-2022 18:39:10.0657 PM
[ReportManager] Attempting to run remotely on: [Linux-64], [GoogleChrome], [http://localhost:4444/wd/hub], Headless Execution. @25-03-2022 18:39:10.0658 PM
[ReportManager] Successfully Opened [GoogleChrome]. @25-03-2022 18:39:11.0050 PM
[ReportManager] Target URL: [https://www.google.com/ncr], and after redirection: [https://www.google.com] @25-03-2022 18:39:11.0051 PM
[ReportManager] Initial URL: [data:,] @25-03-2022 18:39:11.0126 PM
[ReportManager] Browser Action [NavigateToURL] successfully performed. With the following test data [https://www.google.com/ncr]. @25-03-2022 18:39:12.0270 P

################################################################################################################################################
Starting Execution:	[3 out of 23] test cases in the current suite
Test Method:		[tests.gui.google.C_Search_PageObjectModel_Traditional.searchForQueryAndAssertFirstResultTextIsCorrect]
################################################################################################################################################
[ReportManager] Element Action [Type] successfully performed. With the following test data [SHAFT_Engine]. @25-03-2022 18:39:13.0120 PM
[ReportManager] Element Action [KeyPress] successfully performed. With the following test data [ENTER]. @25-03-2022 18:39:14.0455 PM
[ReportManager] Element Action [GetText] successfully performed. With the following test data [SHAFT_ENGINE is a Test Automation Engine that ... - GitHub]. @25-03-2022 18:39:14.0574 PM
[ReportManager] Assertion Failed: Asserting that the correct first result is displayed @25-03-2022 18:39:14.0578 PM
[ReportManager] Assertion [ValidateEquals] FAILED. Expected [MohabMohie] and Actual [SHAFT_ENGINE is a Test Automation Engine that ... - GitHub]. Comparison Type [CONTAINS]. Validation Type [POSITIVE]. @25-03-2022 18:39:14.0578 P
[ReportManager] Browser Action [CloseCurrentWindow] successfully performed. @25-03-2022 18:39:14.0887 PM
[ReportManager] Successfully created attachment [Browser Action Test Data - CloseCurrentWindow - Actual Value] @25-03-2022 18:39:14.0896 P
[ReportManager] An Exception Occured with this Message: src/test/resources/testDataFiles/Google/SimpleSearch.xlsx (No such file or directory). @25-03-2022 18:39:14.0911 PM
[ReportManager] Successfully created attachment [Exception Stack Trace - java.io.FileNotFoundException] @25-03-2022 18:39:14.0911 PM
[ReportManager] Couldn't find the desired file. [src/test/resources/testDataFiles/Google/SimpleSearch.xlsx]. @25-03-2022 18:39:14.0912 P


################################################################################################################################################
Starting Execution:	[4 out of 23] test cases in the current suite
Test Method:		[tests.gui.google.D_Search_PageObjectModel_Traditional_DataDriven.navigateToGoogleHomeAndAssertGoogleLogoIsDisplayed]
###############################################################################################################################################



################################################################################################################################################
Starting Execution:	[5 out of 23] test cases in the current suite
Test Method:		[tests.gui.google.D_Search_PageObjectModel_Traditional_DataDriven.navigateToGoogleHomeAndAssertPageTitle]
###############################################################################################################################################



################################################################################################################################################
Starting Execution:	[6 out of 23] test cases in the current suite
Test Method:		[tests.gui.google.D_Search_PageObjectModel_Traditional_DataDriven.searchForQueryAndAssertFirstResultTextIsCorrect]
###############################################################################################################################################




################################################################################################################################################
Starting Execution:	[7 out of 23] test cases in the current suite
Test Method:		[tests.gui.google.A_Search_FlatTest_NativeSeleniumWebDriver.navigateToGoogleHomeAndAssertGoogleLogoIsDisplayed]
###############################################################################################################################################



################################################################################################################################################
Starting Execution:	[8 out of 23] test cases in the current suite
Test Method:		[tests.gui.google.A_Search_FlatTest_NativeSeleniumWebDriver.navigateToGoogleHomeAndAssertPageTitle]
###############################################################################################################################################



################################################################################################################################################
Starting Execution:	[9 out of 23] test cases in the current suite
Test Method:		[tests.gui.google.A_Search_FlatTest_NativeSeleniumWebDriver.searchForQueryAndAssertFirstResultTextIsCorrect]
###############################################################################################################################################

[ReportManager] An Exception Occured with this Message: src/test/resources/testDataFiles/Google/SimpleSearch.xlsx (No such file or directory). @25-03-2022 18:39:33.0600 PM
[ReportManager] Successfully created attachment [Exception Stack Trace - java.io.FileNotFoundException] @25-03-2022 18:39:33.0601 PM
[ReportManager] Couldn't find the desired file. [src/test/resources/testDataFiles/Google/SimpleSearch.xlsx]. @25-03-2022 18:39:33.0601 P


################################################################################################################################################
Starting Execution:	[10 out of 23] test cases in the current suite
Test Method:		[tests.gui.google.G_Search_PageObjectModel_ThreadSafe.navigateToGoogleHomeAndAssertGoogleLogoIsDisplayed]
###############################################################################################################################################



################################################################################################################################################
Starting Execution:	[11 out of 23] test cases in the current suite
Test Method:		[tests.gui.google.G_Search_PageObjectModel_ThreadSafe.navigateToGoogleHomeAndAssertPageTitle]
###############################################################################################################################################



################################################################################################################################################
Starting Execution:	[12 out of 23] test cases in the current suite
Test Method:		[tests.gui.google.G_Search_PageObjectModel_ThreadSafe.searchForQueryAndAssertFirstResultTextIsCorrect]
###############################################################################################################################################

[ReportManager] An Exception Occured with this Message: src/test/resources/testDataFiles/Google/SimpleSearch.xlsx (No such file or directory). @25-03-2022 18:39:33.0634 PM
[ReportManager] Successfully created attachment [Exception Stack Trace - java.io.FileNotFoundException] @25-03-2022 18:39:33.0634 PM
[ReportManager] Couldn't find the desired file. [src/test/resources/testDataFiles/Google/SimpleSearch.xlsx]. @25-03-2022 18:39:33.0635 P


################################################################################################################################################
Starting Execution:	[13 out of 23] test cases in the current suite
Test Method:		[tests.gui.google.E_Search_PageObjectModel_Traditional_SHAFTAssertions.navigateToGoogleHomeAndAssertGoogleLogoIsDisplayed]
###############################################################################################################################################



################################################################################################################################################
Starting Execution:	[14 out of 23] test cases in the current suite
Test Method:		[tests.gui.google.E_Search_PageObjectModel_Traditional_SHAFTAssertions.navigateToGoogleHomeAndAssertPageTitle]
###############################################################################################################################################



################################################################################################################################################
Starting Execution:	[15 out of 23] test cases in the current suite
Test Method:		[tests.gui.google.E_Search_PageObjectModel_Traditional_SHAFTAssertions.searchForQueryAndAssertFirstResultTextIsCorrect]
###############################################################################################################################################

[ReportManager] An Exception Occured with this Message: src/test/resources/testDataFiles/Google/SimpleSearch.xlsx (No such file or directory). @25-03-2022 18:39:33.0665 PM
[ReportManager] Successfully created attachment [Exception Stack Trace - java.io.FileNotFoundException] @25-03-2022 18:39:33.0672 PM
[ReportManager] Couldn't find the desired file. [src/test/resources/testDataFiles/Google/SimpleSearch.xlsx]. @25-03-2022 18:39:33.0672 P


################################################################################################################################################
Starting Execution:	[16 out of 23] test cases in the current suite
Test Method:		[tests.gui.google.F_Search_PageObjectModel_Fluent.navigateToGoogleHomeAndAssertGoogleLogoIsDisplayed]
###############################################################################################################################################



################################################################################################################################################
Starting Execution:	[17 out of 23] test cases in the current suite
Test Method:		[tests.gui.google.F_Search_PageObjectModel_Fluent.navigateToGoogleHomeAndAssertPageTitle]
###############################################################################################################################################



################################################################################################################################################
Starting Execution:	[18 out of 23] test cases in the current suite
Test Method:		[tests.gui.google.F_Search_PageObjectModel_Fluent.searchForQueryAndAssertFirstResultTextIsCorrect]
###############################################################################################################################################

[ReportManager] File Action [GetAbsolutePath] successfully performed. With the following test data [Relative Folder Path: "target/downloadedFiles/"]. @25-03-2022 18:39:33.0708 PM
[ReportManager] Attempting to run remotely on: [Linux-64], [GoogleChrome], [http://localhost:4444/wd/hub], Headless Execution. @25-03-2022 18:39:33.0709 PM
[ReportManager] Successfully Opened [GoogleChrome]. @25-03-2022 18:39:34.0120 PM
[ReportManager] Target URL: [https://www.google.com/ncr], and after redirection: [https://www.google.com] @25-03-2022 18:39:34.0120 PM
[ReportManager] Initial URL: [data:,] @25-03-2022 18:39:34.0206 PM
[ReportManager] Browser Action [NavigateToURL] successfully performed. With the following test data [https://www.google.com/ncr]. @25-03-2022 18:39:36.0890 P

################################################################################################################################################
Starting Execution:	[19 out of 23] test cases in the current suite
Test Method:		[tests.gui.google.B_Search_FlatTest_SHAFT.navigateToGoogleHomeAndAssertGoogleLogoIsDisplayed]
################################################################################################################################################
[ReportManager] File Action [DoesFileExist] successfully performed. With the following test data [File Path: "src/main/resources/dynamicObjectRepository/tests_gui_google_B_Search_FlatTest_SHAFT_navigateToGoogleHomeAndAssertGoogleLogoIsDisplayed_By_xpath_img_id_hplogo_or_alt_Google.png"]. @25-03-2022 18:39:36.0896 PM
[ReportManager] File Action [GetAbsolutePath] successfully performed. With the following test data [Relative Folder Path: "src/main/resources/dynamicObjectRepository/tests_gui_google_B_Search_FlatTest_SHAFT_navigateToGoogleHomeAndAssertGoogleLogoIsDisplayed_By_xpath_img_id_hplogo_or_alt_Google.png"]. @25-03-2022 18:39:36.0896 PM
[ReportManager] File Action [ReadFromImageFile] successfully performed. With the following test data [File Path: "/home/runner/work/using_SHAFT_ENGINE/using_SHAFT_ENGINE/src/main/resources/dynamicObjectRepository/tests_gui_google_B_Search_FlatTest_SHAFT_navigateToGoogleHomeAndAssertGoogleLogoIsDisplayed_By_xpath_img_id_hplogo_or_alt_Google.png"]. @25-03-2022 18:39:36.0897 PM
[ReportManager] File Action [DoesFileExist] successfully performed. With the following test data [File Path: "src/main/resources/dynamicObjectRepository/tests_gui_google_B_Search_FlatTest_SHAFT_navigateToGoogleHomeAndAssertGoogleLogoIsDisplayed_By_xpath_img_id_hplogo_or_alt_Google.png"]. @25-03-2022 18:39:37.0148 PM
[ReportManager] File Action [DoesFileExist] successfully performed. With the following test data [File Path: "src/main/resources/dynamicObjectRepository/tests_gui_google_B_Search_FlatTest_SHAFT_navigateToGoogleHomeAndAssertGoogleLogoIsDisplayed_By_xpath_img_id_hplogo_or_alt_Google.png"]. @25-03-2022 18:39:37.0148 PM
[ReportManager] File Action [GetAbsolutePath] successfully performed. With the following test data [Relative Folder Path: "src/main/resources/dynamicObjectRepository/tests_gui_google_B_Search_FlatTest_SHAFT_navigateToGoogleHomeAndAssertGoogleLogoIsDisplayed_By_xpath_img_id_hplogo_or_alt_Google.png"]. @25-03-2022 18:39:37.0170 PM
[ReportManager] File Action [ReadFromImageFile] successfully performed. With the following test data [File Path: "/home/runner/work/using_SHAFT_ENGINE/using_SHAFT_ENGINE/src/main/resources/dynamicObjectRepository/tests_gui_google_B_Search_FlatTest_SHAFT_navigateToGoogleHomeAndAssertGoogleLogoIsDisplayed_By_xpath_img_id_hplogo_or_alt_Google.png"]. @25-03-2022 18:39:37.0170 PM
[ReportManager] Accuracy threshold is [80.0%] and the actual match accuracy is [91.50802493095398%]. @25-03-2022 18:39:37.0174 PM
[ReportManager] Successfully identified the element using AI; OpenCV. @25-03-2022 18:39:37.0174 PM
[ReportManager] Assertion Passed: Asserting that the Google logo is displayed @25-03-2022 18:39:37.0175 PM
[ReportManager] Successfully created attachment [Validation Test Data - Reference Screenshot] @25-03-2022 18:39:37.0176 PM
[ReportManager] Successfully created attachment [Validation Test Data - Actual Screenshot] @25-03-2022 18:39:37.0176 PM
[ReportManager] Assertion [ValidateElementMatches] PASSED. Expected [Element should match the reference screenshot] and Actual [TRUE]. Comparison Type [EXACT_OPENCV]. Validation Type [POSITIVE]. @25-03-2022 18:39:37.0176 P
[ReportManager] Browser Action [CloseCurrentWindow] successfully performed. @25-03-2022 18:39:37.0330 PM
[ReportManager] Successfully created attachment [Browser Action Test Data - CloseCurrentWindow - Actual Value] @25-03-2022 18:39:37.0332 P
[ReportManager] File Action [GetAbsolutePath] successfully performed. With the following test data [Relative Folder Path: "target/downloadedFiles/"]. @25-03-2022 18:39:37.0334 PM
[ReportManager] Attempting to run remotely on: [Linux-64], [GoogleChrome], [http://localhost:4444/wd/hub], Headless Execution. @25-03-2022 18:39:37.0335 PM
[ReportManager] Successfully Opened [GoogleChrome]. @25-03-2022 18:39:37.0537 PM
[ReportManager] Target URL: [https://www.google.com/ncr], and after redirection: [https://www.google.com] @25-03-2022 18:39:37.0537 PM
[ReportManager] Initial URL: [data:,] @25-03-2022 18:39:37.0599 PM
[ReportManager] Browser Action [NavigateToURL] successfully performed. With the following test data [https://www.google.com/ncr]. @25-03-2022 18:39:38.0734 P

################################################################################################################################################
Starting Execution:	[20 out of 23] test cases in the current suite
Test Method:		[tests.gui.google.B_Search_FlatTest_SHAFT.navigateToGoogleHomeAndAssertPageTitle]
################################################################################################################################################
[ReportManager] Browser Action [GetCurrentWindowTitle] successfully performed. With the following test data [Google]. @25-03-2022 18:39:38.0789 PM
[ReportManager] Assertion Passed: Asserting that the page title is Google @25-03-2022 18:39:39.0383 PM
[ReportManager] Successfully created attachment [Screenshot - 1648233579016_navigateToGoogleHomeAndAssertPageTitle_ValidateBrowserAttribute_passed] @25-03-2022 18:39:39.0390 PM
[ReportManager] Assertion [ValidateBrowserAttribute] PASSED. Expected [Value Should be 'Google' for the 'Title' attribute] and Actual [Google]. Comparison Type [EQUALS]. Validation Type [POSITIVE]. @25-03-2022 18:39:39.0390 P
[ReportManager] Browser Action [CloseCurrentWindow] successfully performed. @25-03-2022 18:39:39.0530 PM
[ReportManager] Successfully created attachment [Browser Action Test Data - CloseCurrentWindow - Actual Value] @25-03-2022 18:39:39.0531 P
[ReportManager] File Action [GetAbsolutePath] successfully performed. With the following test data [Relative Folder Path: "target/downloadedFiles/"]. @25-03-2022 18:39:39.0538 PM
[ReportManager] Attempting to run remotely on: [Linux-64], [GoogleChrome], [http://localhost:4444/wd/hub], Headless Execution. @25-03-2022 18:39:39.0538 PM
[ReportManager] Successfully Opened [GoogleChrome]. @25-03-2022 18:39:39.0797 PM
[ReportManager] Target URL: [https://www.google.com/ncr], and after redirection: [https://www.google.com] @25-03-2022 18:39:39.0797 PM
[ReportManager] Initial URL: [data:,] @25-03-2022 18:39:39.0864 PM
[ReportManager] Browser Action [NavigateToURL] successfully performed. With the following test data [https://www.google.com/ncr]. @25-03-2022 18:39:41.0011 P

################################################################################################################################################
Starting Execution:	[21 out of 23] test cases in the current suite
Test Method:		[tests.gui.google.B_Search_FlatTest_SHAFT.searchForQueryAndAssertFirstResultTextIsCorrect]
################################################################################################################################################
[ReportManager] Element Action [Type] successfully performed. With the following test data [SHAFT_Engine]. @25-03-2022 18:39:41.0757 PM
[ReportManager] Element Action [KeyPress] successfully performed. With the following test data [ENTER]. @25-03-2022 18:39:43.0032 PM
[ReportManager] Element Action [GetText] successfully performed. With the following test data [SHAFT_ENGINE is a Test Automation Engine that ... - GitHub]. @25-03-2022 18:39:43.0147 PM
[ReportManager] Assertion Failed: Asserting that the correct first result is displayed @25-03-2022 18:39:43.0789 PM
[ReportManager] Successfully created attachment [Screenshot - 1648233583642_searchForQueryAndAssertFirstResultTextIsCorrect_ValidateElementAttribute_failed] @25-03-2022 18:39:43.0797 PM
[ReportManager] Assertion [ValidateElementAttribute] FAILED. Expected [Value Should be 'MohabMohie' for the 'Text' attribute, element locator 'By.xpath: (//h1[contains(text(),'Search Result')]/following-sibling::div//a/h3)[1]'] and Actual [SHAFT_ENGINE is a Test Automation Engine that ... - GitHub]. Comparison Type [CONTAINS]. Validation Type [POSITIVE]. @25-03-2022 18:39:43.0797 P
[ReportManager] Browser Action [CloseCurrentWindow] successfully performed. @25-03-2022 18:39:43.0991 PM
[ReportManager] Successfully created attachment [Browser Action Test Data - CloseCurrentWindow - Actual Value] @25-03-2022 18:39:43.0994 P

################################################################################################################################################
Starting Execution:	[22 out of 23] test cases in the current suite
Test Method:		[tests.cli.demo.cliTest.sampleTestCase]
################################################################################################################################################
[ReportManager] Attempting to perform the following command locally. Command: [ls] @25-03-2022 18:39:44.0008 PM
[ReportManager] Terminal Action [PerformTerminalCommands] successfully performed. With the following test data [Host Name: "localHost" | Command: "ls" | Exit Status: "0"]. @25-03-2022 18:39:44.0013 PM
[ReportManager] Successfully created attachment [Terminal Action Actual Result - Command Log] @25-03-2022 18:39:44.0014 PM
[ReportManager] Assertion Passed: Demoing local terminal actions @25-03-2022 18:39:44.0014 PM
[ReportManager] Assertion [ValidateEquals] PASSED. Expected [pom.xml] and Actual [LICENSE
README.md
allure-results
docker-compose_native.yml
docker-compose_zalenium.yml
extent-reports
generateJdkMac.sh
pom.xml
readMeImgs
src
target]. Comparison Type [CONTAINS]. Validation Type [POSITIVE]. @25-03-2022 18:39:44.0014 P

################################################################################################################################################
Starting Execution:	[23 out of 23] test cases in the current suite
Test Method:		[tests.api.users.UserData.validateUserEmail]
################################################################################################################################################
[ReportManager] Response status code: [200], status line: [HTTP/1.1 200 OK] @25-03-2022 18:39:45.0874 PM
[ReportManager] Assertion Passed: Evaluating the actual response status code against the expected one... @25-03-2022 18:39:45.0879 PM
[ReportManager] Assertion [ValidateComparativeRelation] PASSED. Expected [200] and Actual [200]. Comparison Type [EQUALS]. Validation Type [POSITIVE]. @25-03-2022 18:39:45.0879 PM
[ReportManager] API Action [PerformRequest] successfully performed. With the following test data [Request Type: "GET" | Target Status Code: "200" | Service URL: "https://jsonplaceholder.typicode.com/users" | Content Type: "*/*" | Response Time: "743ms"]. @25-03-2022 18:39:46.0801 PM
[ReportManager] Successfully created attachment [API Request - Specifications] @25-03-2022 18:39:46.0802 PM
[ReportManager] Successfully created attachment [API Response - JSON Body] @25-03-2022 18:39:47.0045 PM
[ReportManager] Assertion [ValidateEquals] PASSED. Expected and Actual values are attached. Comparison Type [CONTAINS]. Validation Type [POSITIVE]. @25-03-2022 18:39:47.0046 PM
[ReportManager] Successfully created attachment [Validation Test Data - Expected Value] @25-03-2022 18:39:47.0046 PM
[ReportManager] Successfully created attachment [Validation Test Data - Actual Value] @25-03-2022 18:39:47.0046 PM
[ReportManager] API Action [GetResponseJSONValueAsList] successfully performed. With the following test data [$]. @25-03-2022 18:39:47.0057 PM
[ReportManager] API Action [GetResponseJSONValue] successfully performed. With the following test data [name]. @25-03-2022 18:39:47.0080 PM
[ReportManager] API Action [GetResponseJSONValue] successfully performed. With the following test data [email]. @25-03-2022 18:39:47.0099 PM
[ReportManager] Assertion [ValidateEquals] PASSED. Expected [Sincere@april.biz] and Actual [Sincere@april.biz]. Comparison Type [EQUALS]. Validation Type [POSITIVE]. @25-03-2022 18:39:47.0100 PM
[ReportManager] API Action [GetResponseJSONValue] successfully performed. With the following test data [name]. @25-03-2022 18:39:47.0123 PM
[ReportManager] API Action [GetResponseJSONValue] successfully performed. With the following test data [name]. @25-03-2022 18:39:47.0141 PM
[ReportManager] API Action [GetResponseJSONValue] successfully performed. With the following test data [name]. @25-03-2022 18:39:47.0158 PM
[ReportManager] API Action [GetResponseJSONValue] successfully performed. With the following test data [name]. @25-03-2022 18:39:47.0179 PM
[ReportManager] API Action [GetResponseJSONValue] successfully performed. With the following test data [name]. @25-03-2022 18:39:47.0197 PM
[ReportManager] API Action [GetResponseJSONValue] successfully performed. With the following test data [name]. @25-03-2022 18:39:47.0211 PM
[ReportManager] API Action [GetResponseJSONValue] successfully performed. With the following test data [name]. @25-03-2022 18:39:47.0232 PM
[ReportManager] API Action [GetResponseJSONValue] successfully performed. With the following test data [name]. @25-03-2022 18:39:47.0246 PM
[ReportManager] API Action [GetResponseJSONValue] successfully performed. With the following test data [name]. @25-03-2022 18:39:47.0260 P
[ReportManager] Successfully created attachment [SHAFT Engine Logs - Execution log] @25-03-2022 18:39:47.0288 PM

################################################################################################################################################
This test run was powered by SHAFT Engine Version: [SHAFT Engine v6.1.20220113]
SHAFT Engine is licensed under the MIT License: [https://github.com/MohabMohie/SHAFT_ENGINE/blob/master/LICENSE].
################################################################################################################################################