################################################################################################################################################
Detected SHAFT Engine Version: [SHAFT Engine v6.1.20220113]
################################################################################################################################################
[ReportManager] File Action [GetAbsolutePath] successfully performed. With the following test data [Relative Folder Path: "target/downloadedFiles/"]. @02-03-2022 06:39:07.0857 AM
[ReportManager] Attempting to run remotely on: [Linux-64], [GoogleChrome], [http://localhost:4444/wd/hub], Headless Execution. @02-03-2022 06:39:07.0878 AM
[ReportManager] Successfully Opened [GoogleChrome]. @02-03-2022 06:39:09.0994 AM
[ReportManager] Target URL: [https://www.google.com/ncr], and after redirection: [https://www.google.com] @02-03-2022 06:39:10.0007 AM
[ReportManager] Initial URL: [data:,] @02-03-2022 06:39:10.0114 AM
[ReportManager] Browser Action [NavigateToURL] successfully performed. With the following test data [https://www.google.com/ncr]. @02-03-2022 06:39:11.0660 A

################################################################################################################################################
Starting Execution:	[1 out of 23] test cases in the current suite
Test Method:		[tests.gui.google.C_Search_PageObjectModel_Traditional.navigateToGoogleHomeAndAssertGoogleLogoIsDisplayed]
################################################################################################################################################
[ReportManager] Element Action [IsElementDisplayed] successfully performed. @02-03-2022 06:39:11.0950 AM
[ReportManager] Assertion Passed: Asserting that the Google logo is displayed @02-03-2022 06:39:11.0962 AM
[ReportManager] Assertion [ValidateTrue] PASSED. Expected [TRUE] and Actual [TRUE]. Validation Type [POSITIVE]. @02-03-2022 06:39:11.0962 A
[ReportManager] Browser Action [CloseCurrentWindow] successfully performed. @02-03-2022 06:39:12.0146 AM
[ReportManager] Successfully created attachment [Browser Action Test Data - CloseCurrentWindow - Actual Value] @02-03-2022 06:39:12.0157 A
[ReportManager] File Action [GetAbsolutePath] successfully performed. With the following test data [Relative Folder Path: "target/downloadedFiles/"]. @02-03-2022 06:39:12.0176 AM
[ReportManager] Attempting to run remotely on: [Linux-64], [GoogleChrome], [http://localhost:4444/wd/hub], Headless Execution. @02-03-2022 06:39:12.0177 AM
[ReportManager] Successfully Opened [GoogleChrome]. @02-03-2022 06:39:12.0571 AM
[ReportManager] Target URL: [https://www.google.com/ncr], and after redirection: [https://www.google.com] @02-03-2022 06:39:12.0571 AM
[ReportManager] Initial URL: [data:,] @02-03-2022 06:39:12.0677 AM
[ReportManager] Browser Action [NavigateToURL] successfully performed. With the following test data [https://www.google.com/ncr]. @02-03-2022 06:39:14.0949 A

################################################################################################################################################
Starting Execution:	[2 out of 23] test cases in the current suite
Test Method:		[tests.gui.google.C_Search_PageObjectModel_Traditional.navigateToGoogleHomeAndAssertPageTitle]
################################################################################################################################################
[ReportManager] Browser Action [GetCurrentWindowTitle] successfully performed. With the following test data [Google]. @02-03-2022 06:39:15.0031 AM
[ReportManager] Assertion Passed: Asserting that the page title is Google @02-03-2022 06:39:15.0040 AM
[ReportManager] Assertion [ValidateEquals] PASSED. Expected [Google] and Actual [Google]. Comparison Type [EQUALS]. Validation Type [POSITIVE]. @02-03-2022 06:39:15.0041 A
[ReportManager] Browser Action [CloseCurrentWindow] successfully performed. @02-03-2022 06:39:15.0246 AM
[ReportManager] Successfully created attachment [Browser Action Test Data - CloseCurrentWindow - Actual Value] @02-03-2022 06:39:15.0249 A
[ReportManager] File Action [GetAbsolutePath] successfully performed. With the following test data [Relative Folder Path: "target/downloadedFiles/"]. @02-03-2022 06:39:15.0258 AM
[ReportManager] Attempting to run remotely on: [Linux-64], [GoogleChrome], [http://localhost:4444/wd/hub], Headless Execution. @02-03-2022 06:39:15.0263 AM
[ReportManager] Successfully Opened [GoogleChrome]. @02-03-2022 06:39:15.0750 AM
[ReportManager] Target URL: [https://www.google.com/ncr], and after redirection: [https://www.google.com] @02-03-2022 06:39:15.0750 AM
[ReportManager] Initial URL: [data:,] @02-03-2022 06:39:15.0828 AM
[ReportManager] Browser Action [NavigateToURL] successfully performed. With the following test data [https://www.google.com/ncr]. @02-03-2022 06:39:17.0020 A

################################################################################################################################################
Starting Execution:	[3 out of 23] test cases in the current suite
Test Method:		[tests.gui.google.C_Search_PageObjectModel_Traditional.searchForQueryAndAssertFirstResultTextIsCorrect]
################################################################################################################################################
[ReportManager] Element Action [Type] successfully performed. With the following test data [SHAFT_Engine]. @02-03-2022 06:39:17.0836 AM
[ReportManager] Element Action [KeyPress] successfully performed. With the following test data [ENTER]. @02-03-2022 06:39:19.0103 AM
[ReportManager] Element Action [GetText] successfully performed. With the following test data [SHAFT_ENGINE is a Test Automation Engine that ... - GitHub]. @02-03-2022 06:39:19.0288 AM
[ReportManager] Assertion Failed: Asserting that the correct first result is displayed @02-03-2022 06:39:19.0291 AM
[ReportManager] Assertion [ValidateEquals] FAILED. Expected [MohabMohie] and Actual [SHAFT_ENGINE is a Test Automation Engine that ... - GitHub]. Comparison Type [CONTAINS]. Validation Type [POSITIVE]. @02-03-2022 06:39:19.0292 A
[ReportManager] Browser Action [CloseCurrentWindow] successfully performed. @02-03-2022 06:39:19.0571 AM
[ReportManager] Successfully created attachment [Browser Action Test Data - CloseCurrentWindow - Actual Value] @02-03-2022 06:39:19.0593 A
[ReportManager] An Exception Occured with this Message: src/test/resources/testDataFiles/Google/SimpleSearch.xlsx (No such file or directory). @02-03-2022 06:39:19.0608 AM
[ReportManager] Successfully created attachment [Exception Stack Trace - java.io.FileNotFoundException] @02-03-2022 06:39:19.0608 AM
[ReportManager] Couldn't find the desired file. [src/test/resources/testDataFiles/Google/SimpleSearch.xlsx]. @02-03-2022 06:39:19.0609 A


################################################################################################################################################
Starting Execution:	[4 out of 23] test cases in the current suite
Test Method:		[tests.gui.google.D_Search_PageObjectModel_Traditional_DataDriven.navigateToGoogleHomeAndAssertGoogleLogoIsDisplayed]
###############################################################################################################################################



################################################################################################################################################
Starting Execution:	[5 out of 23] test cases in the current suite
Test Method:		[tests.gui.google.D_Search_PageObjectModel_Traditional_DataDriven.navigateToGoogleHomeAndAssertPageTitle]
###############################################################################################################################################



################################################################################################################################################
Starting Execution:	[6 out of 23] test cases in the current suite
Test Method:		[tests.gui.google.D_Search_PageObjectModel_Traditional_DataDriven.searchForQueryAndAssertFirstResultTextIsCorrect]
###############################################################################################################################################




################################################################################################################################################
Starting Execution:	[7 out of 23] test cases in the current suite
Test Method:		[tests.gui.google.A_Search_FlatTest_NativeSeleniumWebDriver.navigateToGoogleHomeAndAssertGoogleLogoIsDisplayed]
###############################################################################################################################################



################################################################################################################################################
Starting Execution:	[8 out of 23] test cases in the current suite
Test Method:		[tests.gui.google.A_Search_FlatTest_NativeSeleniumWebDriver.navigateToGoogleHomeAndAssertPageTitle]
###############################################################################################################################################



################################################################################################################################################
Starting Execution:	[9 out of 23] test cases in the current suite
Test Method:		[tests.gui.google.A_Search_FlatTest_NativeSeleniumWebDriver.searchForQueryAndAssertFirstResultTextIsCorrect]
###############################################################################################################################################

[ReportManager] An Exception Occured with this Message: src/test/resources/testDataFiles/Google/SimpleSearch.xlsx (No such file or directory). @02-03-2022 06:39:49.0312 AM
[ReportManager] Successfully created attachment [Exception Stack Trace - java.io.FileNotFoundException] @02-03-2022 06:39:49.0312 AM
[ReportManager] Couldn't find the desired file. [src/test/resources/testDataFiles/Google/SimpleSearch.xlsx]. @02-03-2022 06:39:49.0313 A


################################################################################################################################################
Starting Execution:	[10 out of 23] test cases in the current suite
Test Method:		[tests.gui.google.G_Search_PageObjectModel_ThreadSafe.navigateToGoogleHomeAndAssertGoogleLogoIsDisplayed]
###############################################################################################################################################



################################################################################################################################################
Starting Execution:	[11 out of 23] test cases in the current suite
Test Method:		[tests.gui.google.G_Search_PageObjectModel_ThreadSafe.navigateToGoogleHomeAndAssertPageTitle]
###############################################################################################################################################



################################################################################################################################################
Starting Execution:	[12 out of 23] test cases in the current suite
Test Method:		[tests.gui.google.G_Search_PageObjectModel_ThreadSafe.searchForQueryAndAssertFirstResultTextIsCorrect]
###############################################################################################################################################

[ReportManager] An Exception Occured with this Message: src/test/resources/testDataFiles/Google/SimpleSearch.xlsx (No such file or directory). @02-03-2022 06:39:49.0337 AM
[ReportManager] Successfully created attachment [Exception Stack Trace - java.io.FileNotFoundException] @02-03-2022 06:39:49.0338 AM
[ReportManager] Couldn't find the desired file. [src/test/resources/testDataFiles/Google/SimpleSearch.xlsx]. @02-03-2022 06:39:49.0338 A


################################################################################################################################################
Starting Execution:	[13 out of 23] test cases in the current suite
Test Method:		[tests.gui.google.E_Search_PageObjectModel_Traditional_SHAFTAssertions.navigateToGoogleHomeAndAssertGoogleLogoIsDisplayed]
###############################################################################################################################################



################################################################################################################################################
Starting Execution:	[14 out of 23] test cases in the current suite
Test Method:		[tests.gui.google.E_Search_PageObjectModel_Traditional_SHAFTAssertions.navigateToGoogleHomeAndAssertPageTitle]
###############################################################################################################################################



################################################################################################################################################
Starting Execution:	[15 out of 23] test cases in the current suite
Test Method:		[tests.gui.google.E_Search_PageObjectModel_Traditional_SHAFTAssertions.searchForQueryAndAssertFirstResultTextIsCorrect]
###############################################################################################################################################

[ReportManager] An Exception Occured with this Message: src/test/resources/testDataFiles/Google/SimpleSearch.xlsx (No such file or directory). @02-03-2022 06:39:49.0364 AM
[ReportManager] Successfully created attachment [Exception Stack Trace - java.io.FileNotFoundException] @02-03-2022 06:39:49.0364 AM
[ReportManager] Couldn't find the desired file. [src/test/resources/testDataFiles/Google/SimpleSearch.xlsx]. @02-03-2022 06:39:49.0365 A


################################################################################################################################################
Starting Execution:	[16 out of 23] test cases in the current suite
Test Method:		[tests.gui.google.F_Search_PageObjectModel_Fluent.navigateToGoogleHomeAndAssertGoogleLogoIsDisplayed]
###############################################################################################################################################



################################################################################################################################################
Starting Execution:	[17 out of 23] test cases in the current suite
Test Method:		[tests.gui.google.F_Search_PageObjectModel_Fluent.navigateToGoogleHomeAndAssertPageTitle]
###############################################################################################################################################



################################################################################################################################################
Starting Execution:	[18 out of 23] test cases in the current suite
Test Method:		[tests.gui.google.F_Search_PageObjectModel_Fluent.searchForQueryAndAssertFirstResultTextIsCorrect]
###############################################################################################################################################

[ReportManager] File Action [GetAbsolutePath] successfully performed. With the following test data [Relative Folder Path: "target/downloadedFiles/"]. @02-03-2022 06:39:49.0386 AM
[ReportManager] Attempting to run remotely on: [Linux-64], [GoogleChrome], [http://localhost:4444/wd/hub], Headless Execution. @02-03-2022 06:39:49.0386 AM
[ReportManager] Successfully Opened [GoogleChrome]. @02-03-2022 06:39:49.0801 AM
[ReportManager] Target URL: [https://www.google.com/ncr], and after redirection: [https://www.google.com] @02-03-2022 06:39:49.0801 AM
[ReportManager] Initial URL: [data:,] @02-03-2022 06:39:49.0879 AM
[ReportManager] Browser Action [NavigateToURL] successfully performed. With the following test data [https://www.google.com/ncr]. @02-03-2022 06:39:51.0011 A

################################################################################################################################################
Starting Execution:	[19 out of 23] test cases in the current suite
Test Method:		[tests.gui.google.B_Search_FlatTest_SHAFT.navigateToGoogleHomeAndAssertGoogleLogoIsDisplayed]
################################################################################################################################################
[ReportManager] File Action [DoesFileExist] successfully performed. With the following test data [File Path: "src/main/resources/dynamicObjectRepository/tests_gui_google_B_Search_FlatTest_SHAFT_navigateToGoogleHomeAndAssertGoogleLogoIsDisplayed_By_xpath_img_id_hplogo_or_alt_Google.png"]. @02-03-2022 06:39:51.0017 AM
[ReportManager] File Action [GetAbsolutePath] successfully performed. With the following test data [Relative Folder Path: "src/main/resources/dynamicObjectRepository/tests_gui_google_B_Search_FlatTest_SHAFT_navigateToGoogleHomeAndAssertGoogleLogoIsDisplayed_By_xpath_img_id_hplogo_or_alt_Google.png"]. @02-03-2022 06:39:51.0017 AM
[ReportManager] File Action [ReadFromImageFile] successfully performed. With the following test data [File Path: "/home/runner/work/using_SHAFT_ENGINE/using_SHAFT_ENGINE/src/main/resources/dynamicObjectRepository/tests_gui_google_B_Search_FlatTest_SHAFT_navigateToGoogleHomeAndAssertGoogleLogoIsDisplayed_By_xpath_img_id_hplogo_or_alt_Google.png"]. @02-03-2022 06:39:51.0017 AM
[ReportManager] File Action [DoesFileExist] successfully performed. With the following test data [File Path: "src/main/resources/dynamicObjectRepository/tests_gui_google_B_Search_FlatTest_SHAFT_navigateToGoogleHomeAndAssertGoogleLogoIsDisplayed_By_xpath_img_id_hplogo_or_alt_Google.png"]. @02-03-2022 06:39:51.0290 AM
[ReportManager] File Action [DoesFileExist] successfully performed. With the following test data [File Path: "src/main/resources/dynamicObjectRepository/tests_gui_google_B_Search_FlatTest_SHAFT_navigateToGoogleHomeAndAssertGoogleLogoIsDisplayed_By_xpath_img_id_hplogo_or_alt_Google.png"]. @02-03-2022 06:39:51.0291 AM
[ReportManager] File Action [GetAbsolutePath] successfully performed. With the following test data [Relative Folder Path: "src/main/resources/dynamicObjectRepository/tests_gui_google_B_Search_FlatTest_SHAFT_navigateToGoogleHomeAndAssertGoogleLogoIsDisplayed_By_xpath_img_id_hplogo_or_alt_Google.png"]. @02-03-2022 06:39:51.0319 AM
[ReportManager] File Action [ReadFromImageFile] successfully performed. With the following test data [File Path: "/home/runner/work/using_SHAFT_ENGINE/using_SHAFT_ENGINE/src/main/resources/dynamicObjectRepository/tests_gui_google_B_Search_FlatTest_SHAFT_navigateToGoogleHomeAndAssertGoogleLogoIsDisplayed_By_xpath_img_id_hplogo_or_alt_Google.png"]. @02-03-2022 06:39:51.0319 AM
[ReportManager] Accuracy threshold is [80.0%] and the actual match accuracy is [91.50802493095398%]. @02-03-2022 06:39:51.0323 AM
[ReportManager] Successfully identified the element using AI; OpenCV. @02-03-2022 06:39:51.0323 AM
[ReportManager] Assertion Passed: Asserting that the Google logo is displayed @02-03-2022 06:39:51.0324 AM
[ReportManager] Successfully created attachment [Validation Test Data - Reference Screenshot] @02-03-2022 06:39:51.0325 AM
[ReportManager] Successfully created attachment [Validation Test Data - Actual Screenshot] @02-03-2022 06:39:51.0326 AM
[ReportManager] Assertion [ValidateElementMatches] PASSED. Expected [Element should match the reference screenshot] and Actual [TRUE]. Comparison Type [EXACT_OPENCV]. Validation Type [POSITIVE]. @02-03-2022 06:39:51.0326 A
[ReportManager] Browser Action [CloseCurrentWindow] successfully performed. @02-03-2022 06:39:51.0462 AM
[ReportManager] Successfully created attachment [Browser Action Test Data - CloseCurrentWindow - Actual Value] @02-03-2022 06:39:51.0463 A
[ReportManager] File Action [GetAbsolutePath] successfully performed. With the following test data [Relative Folder Path: "target/downloadedFiles/"]. @02-03-2022 06:39:51.0465 AM
[ReportManager] Attempting to run remotely on: [Linux-64], [GoogleChrome], [http://localhost:4444/wd/hub], Headless Execution. @02-03-2022 06:39:51.0466 AM
[ReportManager] Successfully Opened [GoogleChrome]. @02-03-2022 06:39:51.0686 AM
[ReportManager] Target URL: [https://www.google.com/ncr], and after redirection: [https://www.google.com] @02-03-2022 06:39:51.0686 AM
[ReportManager] Initial URL: [data:,] @02-03-2022 06:39:51.0771 AM
[ReportManager] Browser Action [NavigateToURL] successfully performed. With the following test data [https://www.google.com/ncr]. @02-03-2022 06:39:52.0946 A

################################################################################################################################################
Starting Execution:	[20 out of 23] test cases in the current suite
Test Method:		[tests.gui.google.B_Search_FlatTest_SHAFT.navigateToGoogleHomeAndAssertPageTitle]
################################################################################################################################################
[ReportManager] Browser Action [GetCurrentWindowTitle] successfully performed. With the following test data [Google]. @02-03-2022 06:39:52.0999 AM
[ReportManager] Assertion Passed: Asserting that the page title is Google @02-03-2022 06:39:53.0609 AM
[ReportManager] Successfully created attachment [Screenshot - 1646203193218_navigateToGoogleHomeAndAssertPageTitle_ValidateBrowserAttribute_passed] @02-03-2022 06:39:53.0615 AM
[ReportManager] Assertion [ValidateBrowserAttribute] PASSED. Expected [Value Should be 'Google' for the 'Title' attribute] and Actual [Google]. Comparison Type [EQUALS]. Validation Type [POSITIVE]. @02-03-2022 06:39:53.0615 A
[ReportManager] Browser Action [CloseCurrentWindow] successfully performed. @02-03-2022 06:39:53.0750 AM
[ReportManager] Successfully created attachment [Browser Action Test Data - CloseCurrentWindow - Actual Value] @02-03-2022 06:39:53.0751 A
[ReportManager] File Action [GetAbsolutePath] successfully performed. With the following test data [Relative Folder Path: "target/downloadedFiles/"]. @02-03-2022 06:39:53.0754 AM
[ReportManager] Attempting to run remotely on: [Linux-64], [GoogleChrome], [http://localhost:4444/wd/hub], Headless Execution. @02-03-2022 06:39:53.0754 AM
[ReportManager] Successfully Opened [GoogleChrome]. @02-03-2022 06:39:53.0942 AM
[ReportManager] Target URL: [https://www.google.com/ncr], and after redirection: [https://www.google.com] @02-03-2022 06:39:53.0942 AM
[ReportManager] Initial URL: [data:,] @02-03-2022 06:39:54.0018 AM
[ReportManager] Browser Action [NavigateToURL] successfully performed. With the following test data [https://www.google.com/ncr]. @02-03-2022 06:39:55.0152 A

################################################################################################################################################
Starting Execution:	[21 out of 23] test cases in the current suite
Test Method:		[tests.gui.google.B_Search_FlatTest_SHAFT.searchForQueryAndAssertFirstResultTextIsCorrect]
################################################################################################################################################
[ReportManager] Element Action [Type] successfully performed. With the following test data [SHAFT_Engine]. @02-03-2022 06:39:55.0968 AM
[ReportManager] Element Action [KeyPress] successfully performed. With the following test data [ENTER]. @02-03-2022 06:39:57.0160 AM
[ReportManager] Element Action [GetText] successfully performed. With the following test data [SHAFT_ENGINE is a Test Automation Engine that ... - GitHub]. @02-03-2022 06:39:57.0296 AM
[ReportManager] Assertion Failed: Asserting that the correct first result is displayed @02-03-2022 06:39:57.0961 AM
[ReportManager] Successfully created attachment [Screenshot - 1646203197811_searchForQueryAndAssertFirstResultTextIsCorrect_ValidateElementAttribute_failed] @02-03-2022 06:39:57.0969 AM
[ReportManager] Assertion [ValidateElementAttribute] FAILED. Expected [Value Should be 'MohabMohie' for the 'Text' attribute, element locator 'By.xpath: (//h1[contains(text(),'Search Result')]/following-sibling::div//a/h3)[1]'] and Actual [SHAFT_ENGINE is a Test Automation Engine that ... - GitHub]. Comparison Type [CONTAINS]. Validation Type [POSITIVE]. @02-03-2022 06:39:57.0969 A
[ReportManager] Browser Action [CloseCurrentWindow] successfully performed. @02-03-2022 06:39:58.0211 AM
[ReportManager] Successfully created attachment [Browser Action Test Data - CloseCurrentWindow - Actual Value] @02-03-2022 06:39:58.0214 A

################################################################################################################################################
Starting Execution:	[22 out of 23] test cases in the current suite
Test Method:		[tests.cli.demo.cliTest.sampleTestCase]
################################################################################################################################################
[ReportManager] Attempting to perform the following command locally. Command: [ls] @02-03-2022 06:39:58.0238 AM
[ReportManager] Terminal Action [PerformTerminalCommands] successfully performed. With the following test data [Host Name: "localHost" | Command: "ls" | Exit Status: "0"]. @02-03-2022 06:39:58.0242 AM
[ReportManager] Successfully created attachment [Terminal Action Actual Result - Command Log] @02-03-2022 06:39:58.0243 AM
[ReportManager] Assertion Passed: Demoing local terminal actions @02-03-2022 06:39:58.0243 AM
[ReportManager] Assertion [ValidateEquals] PASSED. Expected [pom.xml] and Actual [LICENSE
README.md
allure-results
docker-compose_native.yml
docker-compose_zalenium.yml
extent-reports
pom.xml
readMeImgs
src
target]. Comparison Type [CONTAINS]. Validation Type [POSITIVE]. @02-03-2022 06:39:58.0243 A

################################################################################################################################################
Starting Execution:	[23 out of 23] test cases in the current suite
Test Method:		[tests.api.users.UserData.validateUserEmail]
################################################################################################################################################
[ReportManager] Response status code: [200], status line: [HTTP/1.1 200 OK] @02-03-2022 06:40:00.0354 AM
[ReportManager] Assertion Passed: Evaluating the actual response status code against the expected one... @02-03-2022 06:40:00.0359 AM
[ReportManager] Assertion [ValidateComparativeRelation] PASSED. Expected [200] and Actual [200]. Comparison Type [EQUALS]. Validation Type [POSITIVE]. @02-03-2022 06:40:00.0359 AM
[ReportManager] API Action [PerformRequest] successfully performed. With the following test data [Request Type: "GET" | Target Status Code: "200" | Service URL: "https://jsonplaceholder.typicode.com/users" | Content Type: "*/*" | Response Time: "730ms"]. @02-03-2022 06:40:01.0416 AM
[ReportManager] Successfully created attachment [API Request - Specifications] @02-03-2022 06:40:01.0417 AM
[ReportManager] Successfully created attachment [API Response - JSON Body] @02-03-2022 06:40:01.0707 AM
[ReportManager] Assertion [ValidateEquals] PASSED. Expected and Actual values are attached. Comparison Type [CONTAINS]. Validation Type [POSITIVE]. @02-03-2022 06:40:01.0707 AM
[ReportManager] Successfully created attachment [Validation Test Data - Expected Value] @02-03-2022 06:40:01.0708 AM
[ReportManager] Successfully created attachment [Validation Test Data - Actual Value] @02-03-2022 06:40:01.0708 AM
[ReportManager] API Action [GetResponseJSONValueAsList] successfully performed. With the following test data [$]. @02-03-2022 06:40:01.0732 AM
[ReportManager] API Action [GetResponseJSONValue] successfully performed. With the following test data [name]. @02-03-2022 06:40:01.0762 AM
[ReportManager] API Action [GetResponseJSONValue] successfully performed. With the following test data [email]. @02-03-2022 06:40:01.0787 AM
[ReportManager] Assertion [ValidateEquals] PASSED. Expected [Sincere@april.biz] and Actual [Sincere@april.biz]. Comparison Type [EQUALS]. Validation Type [POSITIVE]. @02-03-2022 06:40:01.0787 AM
[ReportManager] API Action [GetResponseJSONValue] successfully performed. With the following test data [name]. @02-03-2022 06:40:01.0816 AM
[ReportManager] API Action [GetResponseJSONValue] successfully performed. With the following test data [name]. @02-03-2022 06:40:01.0833 AM
[ReportManager] API Action [GetResponseJSONValue] successfully performed. With the following test data [name]. @02-03-2022 06:40:01.0852 AM
[ReportManager] API Action [GetResponseJSONValue] successfully performed. With the following test data [name]. @02-03-2022 06:40:01.0871 AM
[ReportManager] API Action [GetResponseJSONValue] successfully performed. With the following test data [name]. @02-03-2022 06:40:01.0892 AM
[ReportManager] API Action [GetResponseJSONValue] successfully performed. With the following test data [name]. @02-03-2022 06:40:01.0908 AM
[ReportManager] API Action [GetResponseJSONValue] successfully performed. With the following test data [name]. @02-03-2022 06:40:01.0927 AM
[ReportManager] API Action [GetResponseJSONValue] successfully performed. With the following test data [name]. @02-03-2022 06:40:01.0946 AM
[ReportManager] API Action [GetResponseJSONValue] successfully performed. With the following test data [name]. @02-03-2022 06:40:01.0963 A
[ReportManager] Successfully created attachment [SHAFT Engine Logs - Execution log] @02-03-2022 06:40:01.0991 AM

################################################################################################################################################
This test run was powered by SHAFT Engine Version: [SHAFT Engine v6.1.20220113]
SHAFT Engine is licensed under the MIT License: [https://github.com/MohabMohie/SHAFT_ENGINE/blob/master/LICENSE].
################################################################################################################################################