################################################################################################################################################
Detected SHAFT Engine Version: [SHAFT Engine v6.1.20220113]
################################################################################################################################################
[ReportManager] File Action [GetAbsolutePath] successfully performed. With the following test data [Relative Folder Path: "target/downloadedFiles/"]. @13-03-2022 06:39:56.0751 AM
[ReportManager] Attempting to run remotely on: [Linux-64], [GoogleChrome], [http://localhost:4444/wd/hub], Headless Execution. @13-03-2022 06:39:56.0770 AM
[ReportManager] Successfully Opened [GoogleChrome]. @13-03-2022 06:39:58.0940 AM
[ReportManager] Target URL: [https://www.google.com/ncr], and after redirection: [https://www.google.com] @13-03-2022 06:39:58.0953 AM
[ReportManager] Initial URL: [data:,] @13-03-2022 06:39:59.0097 AM
[ReportManager] Browser Action [NavigateToURL] successfully performed. With the following test data [https://www.google.com/ncr]. @13-03-2022 06:40:00.0744 A

################################################################################################################################################
Starting Execution:	[1 out of 23] test cases in the current suite
Test Method:		[tests.gui.google.C_Search_PageObjectModel_Traditional.navigateToGoogleHomeAndAssertGoogleLogoIsDisplayed]
################################################################################################################################################
[ReportManager] Element Action [IsElementDisplayed] successfully performed. @13-03-2022 06:40:01.0108 AM
[ReportManager] Assertion Passed: Asserting that the Google logo is displayed @13-03-2022 06:40:01.0132 AM
[ReportManager] Assertion [ValidateTrue] PASSED. Expected [TRUE] and Actual [TRUE]. Validation Type [POSITIVE]. @13-03-2022 06:40:01.0132 A
[ReportManager] Browser Action [CloseCurrentWindow] successfully performed. @13-03-2022 06:40:01.0340 AM
[ReportManager] Successfully created attachment [Browser Action Test Data - CloseCurrentWindow - Actual Value] @13-03-2022 06:40:01.0350 A
[ReportManager] File Action [GetAbsolutePath] successfully performed. With the following test data [Relative Folder Path: "target/downloadedFiles/"]. @13-03-2022 06:40:01.0382 AM
[ReportManager] Attempting to run remotely on: [Linux-64], [GoogleChrome], [http://localhost:4444/wd/hub], Headless Execution. @13-03-2022 06:40:01.0382 AM
[ReportManager] Successfully Opened [GoogleChrome]. @13-03-2022 06:40:01.0881 AM
[ReportManager] Target URL: [https://www.google.com/ncr], and after redirection: [https://www.google.com] @13-03-2022 06:40:01.0881 AM
[ReportManager] Initial URL: [data:,] @13-03-2022 06:40:01.0980 AM
[ReportManager] Browser Action [NavigateToURL] successfully performed. With the following test data [https://www.google.com/ncr]. @13-03-2022 06:40:03.0273 A

################################################################################################################################################
Starting Execution:	[2 out of 23] test cases in the current suite
Test Method:		[tests.gui.google.C_Search_PageObjectModel_Traditional.navigateToGoogleHomeAndAssertPageTitle]
################################################################################################################################################
[ReportManager] Browser Action [GetCurrentWindowTitle] successfully performed. With the following test data [Google]. @13-03-2022 06:40:03.0344 AM
[ReportManager] Assertion Passed: Asserting that the page title is Google @13-03-2022 06:40:03.0350 AM
[ReportManager] Assertion [ValidateEquals] PASSED. Expected [Google] and Actual [Google]. Comparison Type [EQUALS]. Validation Type [POSITIVE]. @13-03-2022 06:40:03.0351 A
[ReportManager] Browser Action [CloseCurrentWindow] successfully performed. @13-03-2022 06:40:03.0540 AM
[ReportManager] Successfully created attachment [Browser Action Test Data - CloseCurrentWindow - Actual Value] @13-03-2022 06:40:03.0542 A
[ReportManager] File Action [GetAbsolutePath] successfully performed. With the following test data [Relative Folder Path: "target/downloadedFiles/"]. @13-03-2022 06:40:03.0549 AM
[ReportManager] Attempting to run remotely on: [Linux-64], [GoogleChrome], [http://localhost:4444/wd/hub], Headless Execution. @13-03-2022 06:40:03.0549 AM
[ReportManager] Successfully Opened [GoogleChrome]. @13-03-2022 06:40:03.0979 AM
[ReportManager] Target URL: [https://www.google.com/ncr], and after redirection: [https://www.google.com] @13-03-2022 06:40:03.0979 AM
[ReportManager] Initial URL: [data:,] @13-03-2022 06:40:04.0065 AM
[ReportManager] Browser Action [NavigateToURL] successfully performed. With the following test data [https://www.google.com/ncr]. @13-03-2022 06:40:05.0281 A

################################################################################################################################################
Starting Execution:	[3 out of 23] test cases in the current suite
Test Method:		[tests.gui.google.C_Search_PageObjectModel_Traditional.searchForQueryAndAssertFirstResultTextIsCorrect]
################################################################################################################################################
[ReportManager] Element Action [Type] successfully performed. With the following test data [SHAFT_Engine]. @13-03-2022 06:40:06.0252 AM
[ReportManager] Element Action [KeyPress] successfully performed. With the following test data [ENTER]. @13-03-2022 06:40:07.0616 AM
[ReportManager] Element Action [GetText] successfully performed. With the following test data [SHAFT_ENGINE is a Test Automation Engine that ... - GitHub]. @13-03-2022 06:40:07.0765 AM
[ReportManager] Assertion Failed: Asserting that the correct first result is displayed @13-03-2022 06:40:07.0769 AM
[ReportManager] Assertion [ValidateEquals] FAILED. Expected [MohabMohie] and Actual [SHAFT_ENGINE is a Test Automation Engine that ... - GitHub]. Comparison Type [CONTAINS]. Validation Type [POSITIVE]. @13-03-2022 06:40:07.0769 A
[ReportManager] Browser Action [CloseCurrentWindow] successfully performed. @13-03-2022 06:40:08.0075 AM
[ReportManager] Successfully created attachment [Browser Action Test Data - CloseCurrentWindow - Actual Value] @13-03-2022 06:40:08.0118 A
[ReportManager] An Exception Occured with this Message: src/test/resources/testDataFiles/Google/SimpleSearch.xlsx (No such file or directory). @13-03-2022 06:40:08.0145 AM
[ReportManager] Successfully created attachment [Exception Stack Trace - java.io.FileNotFoundException] @13-03-2022 06:40:08.0146 AM
[ReportManager] Couldn't find the desired file. [src/test/resources/testDataFiles/Google/SimpleSearch.xlsx]. @13-03-2022 06:40:08.0147 A


################################################################################################################################################
Starting Execution:	[4 out of 23] test cases in the current suite
Test Method:		[tests.gui.google.D_Search_PageObjectModel_Traditional_DataDriven.navigateToGoogleHomeAndAssertGoogleLogoIsDisplayed]
###############################################################################################################################################



################################################################################################################################################
Starting Execution:	[5 out of 23] test cases in the current suite
Test Method:		[tests.gui.google.D_Search_PageObjectModel_Traditional_DataDriven.navigateToGoogleHomeAndAssertPageTitle]
###############################################################################################################################################



################################################################################################################################################
Starting Execution:	[6 out of 23] test cases in the current suite
Test Method:		[tests.gui.google.D_Search_PageObjectModel_Traditional_DataDriven.searchForQueryAndAssertFirstResultTextIsCorrect]
###############################################################################################################################################




################################################################################################################################################
Starting Execution:	[7 out of 23] test cases in the current suite
Test Method:		[tests.gui.google.A_Search_FlatTest_NativeSeleniumWebDriver.navigateToGoogleHomeAndAssertGoogleLogoIsDisplayed]
###############################################################################################################################################



################################################################################################################################################
Starting Execution:	[8 out of 23] test cases in the current suite
Test Method:		[tests.gui.google.A_Search_FlatTest_NativeSeleniumWebDriver.navigateToGoogleHomeAndAssertPageTitle]
###############################################################################################################################################



################################################################################################################################################
Starting Execution:	[9 out of 23] test cases in the current suite
Test Method:		[tests.gui.google.A_Search_FlatTest_NativeSeleniumWebDriver.searchForQueryAndAssertFirstResultTextIsCorrect]
###############################################################################################################################################

[ReportManager] An Exception Occured with this Message: src/test/resources/testDataFiles/Google/SimpleSearch.xlsx (No such file or directory). @13-03-2022 06:40:32.0768 AM
[ReportManager] Successfully created attachment [Exception Stack Trace - java.io.FileNotFoundException] @13-03-2022 06:40:32.0768 AM
[ReportManager] Couldn't find the desired file. [src/test/resources/testDataFiles/Google/SimpleSearch.xlsx]. @13-03-2022 06:40:32.0768 A


################################################################################################################################################
Starting Execution:	[10 out of 23] test cases in the current suite
Test Method:		[tests.gui.google.G_Search_PageObjectModel_ThreadSafe.navigateToGoogleHomeAndAssertGoogleLogoIsDisplayed]
###############################################################################################################################################



################################################################################################################################################
Starting Execution:	[11 out of 23] test cases in the current suite
Test Method:		[tests.gui.google.G_Search_PageObjectModel_ThreadSafe.navigateToGoogleHomeAndAssertPageTitle]
###############################################################################################################################################



################################################################################################################################################
Starting Execution:	[12 out of 23] test cases in the current suite
Test Method:		[tests.gui.google.G_Search_PageObjectModel_ThreadSafe.searchForQueryAndAssertFirstResultTextIsCorrect]
###############################################################################################################################################

[ReportManager] An Exception Occured with this Message: src/test/resources/testDataFiles/Google/SimpleSearch.xlsx (No such file or directory). @13-03-2022 06:40:32.0792 AM
[ReportManager] Successfully created attachment [Exception Stack Trace - java.io.FileNotFoundException] @13-03-2022 06:40:32.0793 AM
[ReportManager] Couldn't find the desired file. [src/test/resources/testDataFiles/Google/SimpleSearch.xlsx]. @13-03-2022 06:40:32.0793 A


################################################################################################################################################
Starting Execution:	[13 out of 23] test cases in the current suite
Test Method:		[tests.gui.google.E_Search_PageObjectModel_Traditional_SHAFTAssertions.navigateToGoogleHomeAndAssertGoogleLogoIsDisplayed]
###############################################################################################################################################



################################################################################################################################################
Starting Execution:	[14 out of 23] test cases in the current suite
Test Method:		[tests.gui.google.E_Search_PageObjectModel_Traditional_SHAFTAssertions.navigateToGoogleHomeAndAssertPageTitle]
###############################################################################################################################################



################################################################################################################################################
Starting Execution:	[15 out of 23] test cases in the current suite
Test Method:		[tests.gui.google.E_Search_PageObjectModel_Traditional_SHAFTAssertions.searchForQueryAndAssertFirstResultTextIsCorrect]
###############################################################################################################################################

[ReportManager] An Exception Occured with this Message: src/test/resources/testDataFiles/Google/SimpleSearch.xlsx (No such file or directory). @13-03-2022 06:40:32.0819 AM
[ReportManager] Successfully created attachment [Exception Stack Trace - java.io.FileNotFoundException] @13-03-2022 06:40:32.0819 AM
[ReportManager] Couldn't find the desired file. [src/test/resources/testDataFiles/Google/SimpleSearch.xlsx]. @13-03-2022 06:40:32.0823 A


################################################################################################################################################
Starting Execution:	[16 out of 23] test cases in the current suite
Test Method:		[tests.gui.google.F_Search_PageObjectModel_Fluent.navigateToGoogleHomeAndAssertGoogleLogoIsDisplayed]
###############################################################################################################################################



################################################################################################################################################
Starting Execution:	[17 out of 23] test cases in the current suite
Test Method:		[tests.gui.google.F_Search_PageObjectModel_Fluent.navigateToGoogleHomeAndAssertPageTitle]
###############################################################################################################################################



################################################################################################################################################
Starting Execution:	[18 out of 23] test cases in the current suite
Test Method:		[tests.gui.google.F_Search_PageObjectModel_Fluent.searchForQueryAndAssertFirstResultTextIsCorrect]
###############################################################################################################################################

[ReportManager] File Action [GetAbsolutePath] successfully performed. With the following test data [Relative Folder Path: "target/downloadedFiles/"]. @13-03-2022 06:40:32.0843 AM
[ReportManager] Attempting to run remotely on: [Linux-64], [GoogleChrome], [http://localhost:4444/wd/hub], Headless Execution. @13-03-2022 06:40:32.0843 AM
[ReportManager] Successfully Opened [GoogleChrome]. @13-03-2022 06:40:33.0336 AM
[ReportManager] Target URL: [https://www.google.com/ncr], and after redirection: [https://www.google.com] @13-03-2022 06:40:33.0336 AM
[ReportManager] Initial URL: [data:,] @13-03-2022 06:40:33.0427 AM
[ReportManager] Browser Action [NavigateToURL] successfully performed. With the following test data [https://www.google.com/ncr]. @13-03-2022 06:40:34.0569 A

################################################################################################################################################
Starting Execution:	[19 out of 23] test cases in the current suite
Test Method:		[tests.gui.google.B_Search_FlatTest_SHAFT.navigateToGoogleHomeAndAssertGoogleLogoIsDisplayed]
################################################################################################################################################
[ReportManager] File Action [DoesFileExist] successfully performed. With the following test data [File Path: "src/main/resources/dynamicObjectRepository/tests_gui_google_B_Search_FlatTest_SHAFT_navigateToGoogleHomeAndAssertGoogleLogoIsDisplayed_By_xpath_img_id_hplogo_or_alt_Google.png"]. @13-03-2022 06:40:34.0584 AM
[ReportManager] File Action [GetAbsolutePath] successfully performed. With the following test data [Relative Folder Path: "src/main/resources/dynamicObjectRepository/tests_gui_google_B_Search_FlatTest_SHAFT_navigateToGoogleHomeAndAssertGoogleLogoIsDisplayed_By_xpath_img_id_hplogo_or_alt_Google.png"]. @13-03-2022 06:40:34.0584 AM
[ReportManager] File Action [ReadFromImageFile] successfully performed. With the following test data [File Path: "/home/runner/work/using_SHAFT_ENGINE/using_SHAFT_ENGINE/src/main/resources/dynamicObjectRepository/tests_gui_google_B_Search_FlatTest_SHAFT_navigateToGoogleHomeAndAssertGoogleLogoIsDisplayed_By_xpath_img_id_hplogo_or_alt_Google.png"]. @13-03-2022 06:40:34.0585 AM
[ReportManager] File Action [DoesFileExist] successfully performed. With the following test data [File Path: "src/main/resources/dynamicObjectRepository/tests_gui_google_B_Search_FlatTest_SHAFT_navigateToGoogleHomeAndAssertGoogleLogoIsDisplayed_By_xpath_img_id_hplogo_or_alt_Google.png"]. @13-03-2022 06:40:34.0862 AM
[ReportManager] File Action [DoesFileExist] successfully performed. With the following test data [File Path: "src/main/resources/dynamicObjectRepository/tests_gui_google_B_Search_FlatTest_SHAFT_navigateToGoogleHomeAndAssertGoogleLogoIsDisplayed_By_xpath_img_id_hplogo_or_alt_Google.png"]. @13-03-2022 06:40:34.0863 AM
[ReportManager] File Action [GetAbsolutePath] successfully performed. With the following test data [Relative Folder Path: "src/main/resources/dynamicObjectRepository/tests_gui_google_B_Search_FlatTest_SHAFT_navigateToGoogleHomeAndAssertGoogleLogoIsDisplayed_By_xpath_img_id_hplogo_or_alt_Google.png"]. @13-03-2022 06:40:34.0892 AM
[ReportManager] File Action [ReadFromImageFile] successfully performed. With the following test data [File Path: "/home/runner/work/using_SHAFT_ENGINE/using_SHAFT_ENGINE/src/main/resources/dynamicObjectRepository/tests_gui_google_B_Search_FlatTest_SHAFT_navigateToGoogleHomeAndAssertGoogleLogoIsDisplayed_By_xpath_img_id_hplogo_or_alt_Google.png"]. @13-03-2022 06:40:34.0892 AM
[ReportManager] Accuracy threshold is [80.0%] and the actual match accuracy is [91.50802493095398%]. @13-03-2022 06:40:34.0896 AM
[ReportManager] Successfully identified the element using AI; OpenCV. @13-03-2022 06:40:34.0896 AM
[ReportManager] Assertion Passed: Asserting that the Google logo is displayed @13-03-2022 06:40:34.0900 AM
[ReportManager] Successfully created attachment [Validation Test Data - Reference Screenshot] @13-03-2022 06:40:34.0901 AM
[ReportManager] Successfully created attachment [Validation Test Data - Actual Screenshot] @13-03-2022 06:40:34.0901 AM
[ReportManager] Assertion [ValidateElementMatches] PASSED. Expected [Element should match the reference screenshot] and Actual [TRUE]. Comparison Type [EXACT_OPENCV]. Validation Type [POSITIVE]. @13-03-2022 06:40:34.0901 A
[ReportManager] Browser Action [CloseCurrentWindow] successfully performed. @13-03-2022 06:40:35.0050 AM
[ReportManager] Successfully created attachment [Browser Action Test Data - CloseCurrentWindow - Actual Value] @13-03-2022 06:40:35.0051 A
[ReportManager] File Action [GetAbsolutePath] successfully performed. With the following test data [Relative Folder Path: "target/downloadedFiles/"]. @13-03-2022 06:40:35.0058 AM
[ReportManager] Attempting to run remotely on: [Linux-64], [GoogleChrome], [http://localhost:4444/wd/hub], Headless Execution. @13-03-2022 06:40:35.0059 AM
[ReportManager] Successfully Opened [GoogleChrome]. @13-03-2022 06:40:35.0292 AM
[ReportManager] Target URL: [https://www.google.com/ncr], and after redirection: [https://www.google.com] @13-03-2022 06:40:35.0292 AM
[ReportManager] Initial URL: [data:,] @13-03-2022 06:40:35.0373 AM
[ReportManager] Browser Action [NavigateToURL] successfully performed. With the following test data [https://www.google.com/ncr]. @13-03-2022 06:40:36.0583 A

################################################################################################################################################
Starting Execution:	[20 out of 23] test cases in the current suite
Test Method:		[tests.gui.google.B_Search_FlatTest_SHAFT.navigateToGoogleHomeAndAssertPageTitle]
################################################################################################################################################
[ReportManager] Browser Action [GetCurrentWindowTitle] successfully performed. With the following test data [Google]. @13-03-2022 06:40:36.0633 AM
[ReportManager] Assertion Passed: Asserting that the page title is Google @13-03-2022 06:40:37.0407 AM
[ReportManager] Successfully created attachment [Screenshot - 1647153636894_navigateToGoogleHomeAndAssertPageTitle_ValidateBrowserAttribute_passed] @13-03-2022 06:40:37.0414 AM
[ReportManager] Assertion [ValidateBrowserAttribute] PASSED. Expected [Value Should be 'Google' for the 'Title' attribute] and Actual [Google]. Comparison Type [EQUALS]. Validation Type [POSITIVE]. @13-03-2022 06:40:37.0415 A
[ReportManager] Browser Action [CloseCurrentWindow] successfully performed. @13-03-2022 06:40:37.0562 AM
[ReportManager] Successfully created attachment [Browser Action Test Data - CloseCurrentWindow - Actual Value] @13-03-2022 06:40:37.0563 A
[ReportManager] File Action [GetAbsolutePath] successfully performed. With the following test data [Relative Folder Path: "target/downloadedFiles/"]. @13-03-2022 06:40:37.0566 AM
[ReportManager] Attempting to run remotely on: [Linux-64], [GoogleChrome], [http://localhost:4444/wd/hub], Headless Execution. @13-03-2022 06:40:37.0567 AM
[ReportManager] Successfully Opened [GoogleChrome]. @13-03-2022 06:40:37.0806 AM
[ReportManager] Target URL: [https://www.google.com/ncr], and after redirection: [https://www.google.com] @13-03-2022 06:40:37.0806 AM
[ReportManager] Initial URL: [data:,] @13-03-2022 06:40:37.0885 AM
[ReportManager] Browser Action [NavigateToURL] successfully performed. With the following test data [https://www.google.com/ncr]. @13-03-2022 06:40:39.0012 A

################################################################################################################################################
Starting Execution:	[21 out of 23] test cases in the current suite
Test Method:		[tests.gui.google.B_Search_FlatTest_SHAFT.searchForQueryAndAssertFirstResultTextIsCorrect]
################################################################################################################################################
[ReportManager] Element Action [Type] successfully performed. With the following test data [SHAFT_Engine]. @13-03-2022 06:40:39.0909 AM
[ReportManager] Element Action [KeyPress] successfully performed. With the following test data [ENTER]. @13-03-2022 06:40:40.0531 AM
[ReportManager] Element Action [GetText] successfully performed. With the following test data [SHAFT_ENGINE is a Test Automation Engine that ... - GitHub]. @13-03-2022 06:40:41.0148 AM
[ReportManager] Assertion Failed: Asserting that the correct first result is displayed @13-03-2022 06:40:41.0864 AM
[ReportManager] Successfully created attachment [Screenshot - 1647153641693_searchForQueryAndAssertFirstResultTextIsCorrect_ValidateElementAttribute_failed] @13-03-2022 06:40:41.0878 AM
[ReportManager] Assertion [ValidateElementAttribute] FAILED. Expected [Value Should be 'MohabMohie' for the 'Text' attribute, element locator 'By.xpath: (//h1[contains(text(),'Search Result')]/following-sibling::div//a/h3)[1]'] and Actual [SHAFT_ENGINE is a Test Automation Engine that ... - GitHub]. Comparison Type [CONTAINS]. Validation Type [POSITIVE]. @13-03-2022 06:40:41.0878 A
[ReportManager] Browser Action [CloseCurrentWindow] successfully performed. @13-03-2022 06:40:42.0166 AM
[ReportManager] Successfully created attachment [Browser Action Test Data - CloseCurrentWindow - Actual Value] @13-03-2022 06:40:42.0170 A

################################################################################################################################################
Starting Execution:	[22 out of 23] test cases in the current suite
Test Method:		[tests.cli.demo.cliTest.sampleTestCase]
################################################################################################################################################
[ReportManager] Attempting to perform the following command locally. Command: [ls] @13-03-2022 06:40:42.0181 AM
[ReportManager] Terminal Action [PerformTerminalCommands] successfully performed. With the following test data [Host Name: "localHost" | Command: "ls" | Exit Status: "0"]. @13-03-2022 06:40:42.0185 AM
[ReportManager] Successfully created attachment [Terminal Action Actual Result - Command Log] @13-03-2022 06:40:42.0185 AM
[ReportManager] Assertion Passed: Demoing local terminal actions @13-03-2022 06:40:42.0186 AM
[ReportManager] Assertion [ValidateEquals] PASSED. Expected [pom.xml] and Actual [LICENSE
README.md
allure-results
docker-compose_native.yml
docker-compose_zalenium.yml
extent-reports
pom.xml
readMeImgs
src
target]. Comparison Type [CONTAINS]. Validation Type [POSITIVE]. @13-03-2022 06:40:42.0186 A

################################################################################################################################################
Starting Execution:	[23 out of 23] test cases in the current suite
Test Method:		[tests.api.users.UserData.validateUserEmail]
################################################################################################################################################
[ReportManager] Response status code: [200], status line: [HTTP/1.1 200 OK] @13-03-2022 06:40:44.0290 AM
[ReportManager] Assertion Passed: Evaluating the actual response status code against the expected one... @13-03-2022 06:40:44.0295 AM
[ReportManager] Assertion [ValidateComparativeRelation] PASSED. Expected [200] and Actual [200]. Comparison Type [EQUALS]. Validation Type [POSITIVE]. @13-03-2022 06:40:44.0295 AM
[ReportManager] API Action [PerformRequest] successfully performed. With the following test data [Request Type: "GET" | Target Status Code: "200" | Service URL: "https://jsonplaceholder.typicode.com/users" | Content Type: "*/*" | Response Time: "724ms"]. @13-03-2022 06:40:45.0440 AM
[ReportManager] Successfully created attachment [API Request - Specifications] @13-03-2022 06:40:45.0441 AM
[ReportManager] Successfully created attachment [API Response - JSON Body] @13-03-2022 06:40:45.0664 AM
[ReportManager] Assertion [ValidateEquals] PASSED. Expected and Actual values are attached. Comparison Type [CONTAINS]. Validation Type [POSITIVE]. @13-03-2022 06:40:45.0666 AM
[ReportManager] Successfully created attachment [Validation Test Data - Expected Value] @13-03-2022 06:40:45.0666 AM
[ReportManager] Successfully created attachment [Validation Test Data - Actual Value] @13-03-2022 06:40:45.0667 AM
[ReportManager] API Action [GetResponseJSONValueAsList] successfully performed. With the following test data [$]. @13-03-2022 06:40:45.0685 AM
[ReportManager] API Action [GetResponseJSONValue] successfully performed. With the following test data [name]. @13-03-2022 06:40:45.0706 AM
[ReportManager] API Action [GetResponseJSONValue] successfully performed. With the following test data [email]. @13-03-2022 06:40:45.0717 AM
[ReportManager] Assertion [ValidateEquals] PASSED. Expected [Sincere@april.biz] and Actual [Sincere@april.biz]. Comparison Type [EQUALS]. Validation Type [POSITIVE]. @13-03-2022 06:40:45.0717 AM
[ReportManager] API Action [GetResponseJSONValue] successfully performed. With the following test data [name]. @13-03-2022 06:40:45.0728 AM
[ReportManager] API Action [GetResponseJSONValue] successfully performed. With the following test data [name]. @13-03-2022 06:40:45.0740 AM
[ReportManager] API Action [GetResponseJSONValue] successfully performed. With the following test data [name]. @13-03-2022 06:40:45.0750 AM
[ReportManager] API Action [GetResponseJSONValue] successfully performed. With the following test data [name]. @13-03-2022 06:40:45.0760 AM
[ReportManager] API Action [GetResponseJSONValue] successfully performed. With the following test data [name]. @13-03-2022 06:40:45.0770 AM
[ReportManager] API Action [GetResponseJSONValue] successfully performed. With the following test data [name]. @13-03-2022 06:40:45.0780 AM
[ReportManager] API Action [GetResponseJSONValue] successfully performed. With the following test data [name]. @13-03-2022 06:40:45.0791 AM
[ReportManager] API Action [GetResponseJSONValue] successfully performed. With the following test data [name]. @13-03-2022 06:40:45.0803 AM
[ReportManager] API Action [GetResponseJSONValue] successfully performed. With the following test data [name]. @13-03-2022 06:40:45.0821 A
[ReportManager] Successfully created attachment [SHAFT Engine Logs - Execution log] @13-03-2022 06:40:45.0851 AM

################################################################################################################################################
This test run was powered by SHAFT Engine Version: [SHAFT Engine v6.1.20220113]
SHAFT Engine is licensed under the MIT License: [https://github.com/MohabMohie/SHAFT_ENGINE/blob/master/LICENSE].
################################################################################################################################################