################################################################################################################################################
Detected SHAFT Engine Version: [SHAFT Engine v5.3.20210902]
################################################################################################################################################

################################################################################################################################################
Starting Execution:	[1 out of 23] test cases in the current suite
Test Method:		[tests.cli.demo.cliTest.sampleTestCase]
################################################################################################################################################
[ReportManager] Attempting to perform the following command locally. Command: [ls] @16-10-2021 12:47:43.0031 PM
[ReportManager] Terminal Action [PerformTerminalCommands] successfully performed. With the following test data [Host Name: "localHost" | Command: "ls" | Exit Status: "0"]. @16-10-2021 12:47:43.0073 PM
[ReportManager] Successfully created attachment [Terminal Action Actual Result - Command Log] @16-10-2021 12:47:43.0082 PM
[ReportManager] Assertion Passed: Demoing local terminal actions @16-10-2021 12:47:43.0096 PM
[ReportManager] Assertion [ValidateEquals] PASSED. Expected [pom.xml] and Actual [LICENSE
README.md
allure-results
docker-compose_native.yml
docker-compose_zalenium.yml
extent-reports
pom.xml
readMeImgs
src
target]. Comparison Type [CONTAINS]. Validation Type [POSITIVE]. @16-10-2021 12:47:43.0097 P

################################################################################################################################################
Starting Execution:	[2 out of 23] test cases in the current suite
Test Method:		[tests.api.users.UserData.validateUserEmail]
################################################################################################################################################
[ReportManager] Response status code: [200], status line: [HTTP/1.1 200 OK] @16-10-2021 12:47:46.0073 PM
[ReportManager] Assertion Passed: Evaluating the actual response status code against the expected one... @16-10-2021 12:47:46.0074 PM
[ReportManager] Assertion [ValidateEquals] PASSED. Expected [200] and Actual [200]. Comparison Type [EQUALS]. Validation Type [POSITIVE]. @16-10-2021 12:47:46.0074 PM
[ReportManager] API Action [PerformRequest] successfully performed. With the following test data [Request Type: "GET" | Target Status Code: "200" | Service URL: "https://jsonplaceholder.typicode.com/users" | Content Type: "*/*" | Response Time: "1148ms"]. @16-10-2021 12:47:47.0374 PM
[ReportManager] Successfully created attachment [API Request - Specifications] @16-10-2021 12:47:47.0375 PM
[ReportManager] Successfully created attachment [API Response - JSON Body] @16-10-2021 12:47:47.0673 PM
[ReportManager] Assertion [ValidateEquals] PASSED. Expected and Actual values are attached. Comparison Type [CONTAINS]. Validation Type [POSITIVE]. @16-10-2021 12:47:47.0674 PM
[ReportManager] Successfully created attachment [Validation Test Data - Expected Value] @16-10-2021 12:47:47.0675 PM
[ReportManager] Successfully created attachment [Validation Test Data - Actual Value] @16-10-2021 12:47:47.0675 PM
[ReportManager] API Action [GetResponseJSONValueAsList] successfully performed. With the following test data [$]. @16-10-2021 12:47:47.0687 PM
[ReportManager] API Action [GetResponseJSONValue] successfully performed. With the following test data [name]. @16-10-2021 12:47:47.0719 PM
[ReportManager] API Action [GetResponseJSONValue] successfully performed. With the following test data [email]. @16-10-2021 12:47:47.0750 PM
[ReportManager] Assertion [ValidateEquals] PASSED. Expected [Sincere@april.biz] and Actual [Sincere@april.biz]. Comparison Type [EQUALS]. Validation Type [POSITIVE]. @16-10-2021 12:47:47.0751 PM
[ReportManager] API Action [GetResponseJSONValue] successfully performed. With the following test data [name]. @16-10-2021 12:47:47.0778 PM
[ReportManager] API Action [GetResponseJSONValue] successfully performed. With the following test data [name]. @16-10-2021 12:47:47.0803 PM
[ReportManager] API Action [GetResponseJSONValue] successfully performed. With the following test data [name]. @16-10-2021 12:47:47.0831 PM
[ReportManager] API Action [GetResponseJSONValue] successfully performed. With the following test data [name]. @16-10-2021 12:47:47.0852 PM
[ReportManager] API Action [GetResponseJSONValue] successfully performed. With the following test data [name]. @16-10-2021 12:47:47.0875 PM
[ReportManager] API Action [GetResponseJSONValue] successfully performed. With the following test data [name]. @16-10-2021 12:47:47.0902 PM
[ReportManager] API Action [GetResponseJSONValue] successfully performed. With the following test data [name]. @16-10-2021 12:47:47.0950 PM
[ReportManager] API Action [GetResponseJSONValue] successfully performed. With the following test data [name]. @16-10-2021 12:47:47.0970 PM
[ReportManager] API Action [GetResponseJSONValue] successfully performed. With the following test data [name]. @16-10-2021 12:47:47.0988 P
[ReportManager] File Action [GetAbsolutePath] successfully performed. With the following test data [Relative Folder Path: "target/downloadedFiles/"]. @16-10-2021 12:47:48.0005 PM
[ReportManager] Attempting to run remotely on: [Linux-64], [GoogleChrome], [http://localhost:4444/wd/hub], Headless Execution. @16-10-2021 12:47:48.0036 PM
[ReportManager] Successfully Opened [GoogleChrome]. @16-10-2021 12:47:49.0569 PM
[ReportManager] Target URL: [https://www.google.com/ncr], and after redirection: [https://www.google.com] @16-10-2021 12:47:49.0621 PM
[ReportManager] Initial URL: [data:,] @16-10-2021 12:47:49.0723 PM
[ReportManager] Browser Action [NavigateToURL] successfully performed. With the following test data [https://www.google.com/ncr]. @16-10-2021 12:47:51.0351 P

################################################################################################################################################
Starting Execution:	[3 out of 23] test cases in the current suite
Test Method:		[tests.gui.google.C_Search_PageObjectModel_Traditional.navigateToGoogleHomeAndAssertGoogleLogoIsDisplayed]
################################################################################################################################################
[ReportManager] Element Action [IsElementDisplayed] successfully performed. @16-10-2021 12:47:51.0528 PM
[ReportManager] Assertion Passed: Asserting that the Google logo is displayed @16-10-2021 12:47:51.0528 PM
[ReportManager] Assertion [ValidateTrue] PASSED. Expected [TRUE] and Actual [TRUE]. Validation Type [POSITIVE]. @16-10-2021 12:47:51.0529 P
[ReportManager] Browser Action [CloseCurrentWindow] successfully performed. @16-10-2021 12:47:51.0688 PM
[ReportManager] Successfully created attachment [Browser Action Test Data - CloseCurrentWindow - Actual Value] @16-10-2021 12:47:51.0702 P
[ReportManager] File Action [GetAbsolutePath] successfully performed. With the following test data [Relative Folder Path: "target/downloadedFiles/"]. @16-10-2021 12:47:51.0724 PM
[ReportManager] Attempting to run remotely on: [Linux-64], [GoogleChrome], [http://localhost:4444/wd/hub], Headless Execution. @16-10-2021 12:47:51.0724 PM
[ReportManager] Successfully Opened [GoogleChrome]. @16-10-2021 12:47:52.0458 PM
[ReportManager] Target URL: [https://www.google.com/ncr], and after redirection: [https://www.google.com] @16-10-2021 12:47:52.0517 PM
[ReportManager] Initial URL: [data:,] @16-10-2021 12:47:52.0654 PM
[ReportManager] Browser Action [NavigateToURL] successfully performed. With the following test data [https://www.google.com/ncr]. @16-10-2021 12:47:53.0874 P

################################################################################################################################################
Starting Execution:	[4 out of 23] test cases in the current suite
Test Method:		[tests.gui.google.C_Search_PageObjectModel_Traditional.navigateToGoogleHomeAndAssertPageTitle]
################################################################################################################################################
[ReportManager] Browser Action [GetCurrentWindowTitle] successfully performed. With the following test data [Google]. @16-10-2021 12:47:53.0942 PM
[ReportManager] Assertion Passed: Asserting that the page title is Google @16-10-2021 12:47:53.0942 PM
[ReportManager] Assertion [ValidateEquals] PASSED. Expected [Google] and Actual [Google]. Comparison Type [EQUALS]. Validation Type [POSITIVE]. @16-10-2021 12:47:53.0942 P
[ReportManager] Browser Action [CloseCurrentWindow] successfully performed. @16-10-2021 12:47:54.0099 PM
[ReportManager] Successfully created attachment [Browser Action Test Data - CloseCurrentWindow - Actual Value] @16-10-2021 12:47:54.0100 P
[ReportManager] File Action [GetAbsolutePath] successfully performed. With the following test data [Relative Folder Path: "target/downloadedFiles/"]. @16-10-2021 12:47:54.0106 PM
[ReportManager] Attempting to run remotely on: [Linux-64], [GoogleChrome], [http://localhost:4444/wd/hub], Headless Execution. @16-10-2021 12:47:54.0107 PM
[ReportManager] Successfully Opened [GoogleChrome]. @16-10-2021 12:47:54.0847 PM
[ReportManager] Target URL: [https://www.google.com/ncr], and after redirection: [https://www.google.com] @16-10-2021 12:47:54.0872 PM
[ReportManager] Initial URL: [data:,] @16-10-2021 12:47:54.0952 PM
[ReportManager] Browser Action [NavigateToURL] successfully performed. With the following test data [https://www.google.com/ncr]. @16-10-2021 12:47:56.0001 P

################################################################################################################################################
Starting Execution:	[5 out of 23] test cases in the current suite
Test Method:		[tests.gui.google.C_Search_PageObjectModel_Traditional.searchForQueryAndAssertFirstResultTextIsCorrect]
################################################################################################################################################
[ReportManager] Element Action [Type] successfully performed. With the following test data [SHAFT_Engine]. @16-10-2021 12:47:56.0824 PM
[ReportManager] Element Action [KeyPress] successfully performed. With the following test data [ENTER]. @16-10-2021 12:47:58.0614 PM
[ReportManager] Element Action [GetText] successfully performed. With the following test data [SHAFT_ENGINE is a Test Automation Engine that ... - GitHub]. @16-10-2021 12:47:58.0741 PM
[ReportManager] Assertion Failed: Asserting that the correct first result is displayed @16-10-2021 12:47:58.0743 PM
[ReportManager] Assertion [ValidateEquals] FAILED. Expected [MohabMohie] and Actual [SHAFT_ENGINE is a Test Automation Engine that ... - GitHub]. Comparison Type [CONTAINS]. Validation Type [POSITIVE]. @16-10-2021 12:47:58.0743 P
[ReportManager] Browser Action [CloseCurrentWindow] successfully performed. @16-10-2021 12:47:59.0075 PM
[ReportManager] Successfully created attachment [Browser Action Test Data - CloseCurrentWindow - Actual Value] @16-10-2021 12:47:59.0092 P
[ReportManager] Successfully loaded the following test data file [src/test/resources/TestDataFiles/Google/SimpleSearch.xlsx]. @16-10-2021 12:47:59.0988 PM
[ReportManager] Successfully created attachment [Test Data - Excel] @16-10-2021 12:47:59.0988 P
[ReportManager] File Action [GetAbsolutePath] successfully performed. With the following test data [Relative Folder Path: "target/downloadedFiles/"]. @16-10-2021 12:47:59.0990 PM
[ReportManager] Attempting to run remotely on: [Linux-64], [GoogleChrome], [http://localhost:4444/wd/hub], Headless Execution. @16-10-2021 12:47:59.0990 PM
[ReportManager] Successfully Opened [GoogleChrome]. @16-10-2021 12:48:00.0829 PM
[ReportManager] Target URL: [https://www.google.com/ncr], and after redirection: [https://www.google.com] @16-10-2021 12:48:00.0866 PM
[ReportManager] Initial URL: [data:,] @16-10-2021 12:48:00.0943 PM
[ReportManager] Browser Action [NavigateToURL] successfully performed. With the following test data [https://www.google.com/ncr]. @16-10-2021 12:48:02.0029 P

################################################################################################################################################
Starting Execution:	[6 out of 23] test cases in the current suite
Test Method:		[tests.gui.google.D_Search_PageObjectModel_Traditional_DataDriven.navigateToGoogleHomeAndAssertGoogleLogoIsDisplayed]
################################################################################################################################################
[ReportManager] Element Action [IsElementDisplayed] successfully performed. @16-10-2021 12:48:02.0150 PM
[ReportManager] Assertion Passed: Asserting that the Google logo is displayed @16-10-2021 12:48:02.0151 PM
[ReportManager] Assertion [ValidateTrue] PASSED. Expected [TRUE] and Actual [TRUE]. Validation Type [POSITIVE]. @16-10-2021 12:48:02.0151 P
[ReportManager] Browser Action [CloseCurrentWindow] successfully performed. @16-10-2021 12:48:02.0300 PM
[ReportManager] Successfully created attachment [Browser Action Test Data - CloseCurrentWindow - Actual Value] @16-10-2021 12:48:02.0305 P
[ReportManager] File Action [GetAbsolutePath] successfully performed. With the following test data [Relative Folder Path: "target/downloadedFiles/"]. @16-10-2021 12:48:02.0321 PM
[ReportManager] Attempting to run remotely on: [Linux-64], [GoogleChrome], [http://localhost:4444/wd/hub], Headless Execution. @16-10-2021 12:48:02.0321 PM
[ReportManager] Successfully Opened [GoogleChrome]. @16-10-2021 12:48:02.0694 PM
[ReportManager] Target URL: [https://www.google.com/ncr], and after redirection: [https://www.google.com] @16-10-2021 12:48:02.0715 PM
[ReportManager] Initial URL: [data:,] @16-10-2021 12:48:02.0775 PM
[ReportManager] Browser Action [NavigateToURL] successfully performed. With the following test data [https://www.google.com/ncr]. @16-10-2021 12:48:03.0780 P

################################################################################################################################################
Starting Execution:	[7 out of 23] test cases in the current suite
Test Method:		[tests.gui.google.D_Search_PageObjectModel_Traditional_DataDriven.navigateToGoogleHomeAndAssertPageTitle]
################################################################################################################################################
[ReportManager] Browser Action [GetCurrentWindowTitle] successfully performed. With the following test data [Google]. @16-10-2021 12:48:03.0830 PM
[ReportManager] Assertion Passed: Asserting that the page title is Google @16-10-2021 12:48:03.0831 PM
[ReportManager] Assertion [ValidateEquals] PASSED. Expected [Google] and Actual [Google]. Comparison Type [EQUALS]. Validation Type [POSITIVE]. @16-10-2021 12:48:03.0831 P
[ReportManager] Browser Action [CloseCurrentWindow] successfully performed. @16-10-2021 12:48:03.0982 PM
[ReportManager] Successfully created attachment [Browser Action Test Data - CloseCurrentWindow - Actual Value] @16-10-2021 12:48:03.0983 P
[ReportManager] File Action [GetAbsolutePath] successfully performed. With the following test data [Relative Folder Path: "target/downloadedFiles/"]. @16-10-2021 12:48:03.0985 PM
[ReportManager] Attempting to run remotely on: [Linux-64], [GoogleChrome], [http://localhost:4444/wd/hub], Headless Execution. @16-10-2021 12:48:03.0986 PM
[ReportManager] Successfully Opened [GoogleChrome]. @16-10-2021 12:48:04.0308 PM
[ReportManager] Target URL: [https://www.google.com/ncr], and after redirection: [https://www.google.com] @16-10-2021 12:48:04.0349 PM
[ReportManager] Initial URL: [data:,] @16-10-2021 12:48:04.0425 PM
[ReportManager] Browser Action [NavigateToURL] successfully performed. With the following test data [https://www.google.com/ncr]. @16-10-2021 12:48:05.0440 P

################################################################################################################################################
Starting Execution:	[8 out of 23] test cases in the current suite
Test Method:		[tests.gui.google.D_Search_PageObjectModel_Traditional_DataDriven.searchForQueryAndAssertFirstResultTextIsCorrect]
################################################################################################################################################
[ReportManager] Element Action [Type] successfully performed. With the following test data [SHAFT_Engine]. @16-10-2021 12:48:06.0258 PM
[ReportManager] Element Action [KeyPress] successfully performed. With the following test data [ENTER]. @16-10-2021 12:48:07.0763 PM
[ReportManager] Element Action [GetText] successfully performed. With the following test data [SHAFT_ENGINE is a Test Automation Engine that ... - GitHub]. @16-10-2021 12:48:07.0903 PM
[ReportManager] Assertion Failed: Asserting that the correct first result is displayed @16-10-2021 12:48:07.0903 PM
[ReportManager] Assertion [ValidateEquals] FAILED. Expected [MohabMohie] and Actual [SHAFT_ENGINE is a Test Automation Engine that ... - GitHub]. Comparison Type [CONTAINS]. Validation Type [POSITIVE]. @16-10-2021 12:48:07.0903 P
[ReportManager] Browser Action [CloseCurrentWindow] successfully performed. @16-10-2021 12:48:08.0209 PM
[ReportManager] Successfully created attachment [Browser Action Test Data - CloseCurrentWindow - Actual Value] @16-10-2021 12:48:08.0211 P
[ReportManager] Successfully loaded the following test data file [src/test/resources/TestDataFiles/Google/SimpleSearch.xlsx]. @16-10-2021 12:48:08.0272 PM
[ReportManager] Successfully created attachment [Test Data - Excel] @16-10-2021 12:48:08.0273 P
[ReportManager] File Action [GetAbsolutePath] successfully performed. With the following test data [Relative Folder Path: "target/downloadedFiles/"]. @16-10-2021 12:48:08.0282 PM
[ReportManager] Attempting to run remotely on: [Linux-64], [GoogleChrome], [http://localhost:4444/wd/hub], Headless Execution. @16-10-2021 12:48:08.0282 PM
[ReportManager] Successfully Opened [GoogleChrome]. @16-10-2021 12:48:08.0592 PM
[ReportManager] Target URL: [https://www.google.com/ncr], and after redirection: [https://www.google.com] @16-10-2021 12:48:08.0610 PM
[ReportManager] Initial URL: [data:,] @16-10-2021 12:48:08.0675 PM
[ReportManager] Browser Action [NavigateToURL] successfully performed. With the following test data [https://www.google.com/ncr]. @16-10-2021 12:48:09.0673 P

################################################################################################################################################
Starting Execution:	[9 out of 23] test cases in the current suite
Test Method:		[tests.gui.google.E_Search_PageObjectModel_Traditional_SHAFTAssertions.navigateToGoogleHomeAndAssertGoogleLogoIsDisplayed]
################################################################################################################################################
[ReportManager] File Action [DoesFileExist] successfully performed. With the following test data [File Path: "src/test/resources/DynamicObjectRepository/tests_gui_google_E_Search_PageObjectModel_Traditional_SHAFTAssertions_navigateToGoogleHomeAndAssertGoogleLogoIsDisplayed_By_xpath_img_id_hplogo_or_alt_Google.png"]. @16-10-2021 12:48:09.0692 PM
[ReportManager] File Action [GetAbsolutePath] successfully performed. With the following test data [Relative Folder Path: "src/test/resources/DynamicObjectRepository/tests_gui_google_E_Search_PageObjectModel_Traditional_SHAFTAssertions_navigateToGoogleHomeAndAssertGoogleLogoIsDisplayed_By_xpath_img_id_hplogo_or_alt_Google.png"]. @16-10-2021 12:48:09.0692 PM
[ReportManager] File Action [ReadFromImageFile] successfully performed. With the following test data [File Path: "/home/runner/work/using_SHAFT_ENGINE/using_SHAFT_ENGINE/src/test/resources/DynamicObjectRepository/tests_gui_google_E_Search_PageObjectModel_Traditional_SHAFTAssertions_navigateToGoogleHomeAndAssertGoogleLogoIsDisplayed_By_xpath_img_id_hplogo_or_alt_Google.png"]. @16-10-2021 12:48:09.0693 PM
[ReportManager] File Action [DoesFileExist] successfully performed. With the following test data [File Path: "src/test/resources/DynamicObjectRepository/tests_gui_google_E_Search_PageObjectModel_Traditional_SHAFTAssertions_navigateToGoogleHomeAndAssertGoogleLogoIsDisplayed_By_xpath_img_id_hplogo_or_alt_Google.png"]. @16-10-2021 12:48:09.0982 PM
[ReportManager] File Action [DoesFileExist] successfully performed. With the following test data [File Path: "src/test/resources/DynamicObjectRepository/tests_gui_google_E_Search_PageObjectModel_Traditional_SHAFTAssertions_navigateToGoogleHomeAndAssertGoogleLogoIsDisplayed_By_xpath_img_id_hplogo_or_alt_Google.png"]. @16-10-2021 12:48:09.0982 PM
[ReportManager] Loaded Shared OpenCV @16-10-2021 12:48:10.0474 PM
[ReportManager] Successfully identified the element using AI; OpenCV. @16-10-2021 12:48:10.0498 PM
[ReportManager] Assertion Passed: Asserting that the Google logo is displayed @16-10-2021 12:48:10.0498 PM
[ReportManager] Successfully created attachment [Validation Test Data - Reference Screenshot] @16-10-2021 12:48:10.0499 PM
[ReportManager] Successfully created attachment [Validation Test Data - Actual Screenshot] @16-10-2021 12:48:10.0500 PM
[ReportManager] Assertion [ValidateElementMatches] PASSED. Expected [Element should match the reference screenshot] and Actual [TRUE]. Comparison Type [EXACT_OPENCV]. Validation Type [POSITIVE]. @16-10-2021 12:48:10.0500 P
[ReportManager] Browser Action [CloseCurrentWindow] successfully performed. @16-10-2021 12:48:10.0645 PM
[ReportManager] Successfully created attachment [Browser Action Test Data - CloseCurrentWindow - Actual Value] @16-10-2021 12:48:10.0646 P
[ReportManager] File Action [GetAbsolutePath] successfully performed. With the following test data [Relative Folder Path: "target/downloadedFiles/"]. @16-10-2021 12:48:10.0654 PM
[ReportManager] Attempting to run remotely on: [Linux-64], [GoogleChrome], [http://localhost:4444/wd/hub], Headless Execution. @16-10-2021 12:48:10.0655 PM
[ReportManager] Successfully Opened [GoogleChrome]. @16-10-2021 12:48:11.0000 PM
[ReportManager] Target URL: [https://www.google.com/ncr], and after redirection: [https://www.google.com] @16-10-2021 12:48:11.0034 PM
[ReportManager] Initial URL: [data:,] @16-10-2021 12:48:11.0115 PM
[ReportManager] Browser Action [NavigateToURL] successfully performed. With the following test data [https://www.google.com/ncr]. @16-10-2021 12:48:12.0222 P

################################################################################################################################################
Starting Execution:	[10 out of 23] test cases in the current suite
Test Method:		[tests.gui.google.E_Search_PageObjectModel_Traditional_SHAFTAssertions.navigateToGoogleHomeAndAssertPageTitle]
################################################################################################################################################
[ReportManager] Browser Action [GetCurrentWindowTitle] successfully performed. With the following test data [Google]. @16-10-2021 12:48:12.0289 PM
[ReportManager] Assertion Passed: Asserting that the page title is Google @16-10-2021 12:48:12.0659 PM
[ReportManager] Successfully created attachment [Screenshot - 1634388492392_navigateToGoogleHomeAndAssertPageTitle_ValidateBrowserAttribute_passed] @16-10-2021 12:48:12.0665 PM
[ReportManager] Assertion [ValidateBrowserAttribute] PASSED. Expected [Value Should be 'Google' for the 'Title' attribute] and Actual [Google]. Comparison Type [EQUALS]. Validation Type [POSITIVE]. @16-10-2021 12:48:12.0665 P
[ReportManager] Browser Action [CloseCurrentWindow] successfully performed. @16-10-2021 12:48:12.0822 PM
[ReportManager] Successfully created attachment [Browser Action Test Data - CloseCurrentWindow - Actual Value] @16-10-2021 12:48:12.0823 P
[ReportManager] File Action [GetAbsolutePath] successfully performed. With the following test data [Relative Folder Path: "target/downloadedFiles/"]. @16-10-2021 12:48:12.0835 PM
[ReportManager] Attempting to run remotely on: [Linux-64], [GoogleChrome], [http://localhost:4444/wd/hub], Headless Execution. @16-10-2021 12:48:12.0835 PM
[ReportManager] Successfully Opened [GoogleChrome]. @16-10-2021 12:48:13.0141 PM
[ReportManager] Target URL: [https://www.google.com/ncr], and after redirection: [https://www.google.com] @16-10-2021 12:48:13.0167 PM
[ReportManager] Initial URL: [data:,] @16-10-2021 12:48:13.0226 PM
[ReportManager] Browser Action [NavigateToURL] successfully performed. With the following test data [https://www.google.com/ncr]. @16-10-2021 12:48:14.0247 P

################################################################################################################################################
Starting Execution:	[11 out of 23] test cases in the current suite
Test Method:		[tests.gui.google.E_Search_PageObjectModel_Traditional_SHAFTAssertions.searchForQueryAndAssertFirstResultTextIsCorrect]
################################################################################################################################################
[ReportManager] Element Action [Type] successfully performed. With the following test data [SHAFT_Engine]. @16-10-2021 12:48:15.0096 PM
[ReportManager] Element Action [KeyPress] successfully performed. With the following test data [ENTER]. @16-10-2021 12:48:16.0605 PM
[ReportManager] Element Action [GetText] successfully performed. With the following test data [SHAFT_ENGINE is a Test Automation Engine that ... - GitHub]. @16-10-2021 12:48:16.0724 PM
[ReportManager] Loaded Shared OpenCV @16-10-2021 12:48:16.0945 PM
[ReportManager] Assertion Failed: Asserting that the correct first result is displayed @16-10-2021 12:48:17.0058 PM
[ReportManager] Successfully created attachment [Screenshot - 1634388496945_searchForQueryAndAssertFirstResultTextIsCorrect_ValidateElementAttribute_failed] @16-10-2021 12:48:17.0069 PM
[ReportManager] Assertion [ValidateElementAttribute] FAILED. Expected [Value Should be 'MohabMohie' for the 'Text' attribute, element locator 'By.xpath: (//h1[contains(text(),'Search Result')]/following-sibling::div//a/h3)[1]'] and Actual [SHAFT_ENGINE is a Test Automation Engine that ... - GitHub]. Comparison Type [CONTAINS]. Validation Type [POSITIVE]. @16-10-2021 12:48:17.0069 P
[ReportManager] Browser Action [CloseCurrentWindow] successfully performed. @16-10-2021 12:48:17.0395 PM
[ReportManager] Successfully created attachment [Browser Action Test Data - CloseCurrentWindow - Actual Value] @16-10-2021 12:48:17.0398 P
[ReportManager] Successfully loaded the following test data file [src/test/resources/TestDataFiles/Google/SimpleSearch.xlsx]. @16-10-2021 12:48:17.0449 PM
[ReportManager] Successfully created attachment [Test Data - Excel] @16-10-2021 12:48:17.0449 P
[ReportManager] File Action [GetAbsolutePath] successfully performed. With the following test data [Relative Folder Path: "target/downloadedFiles/"]. @16-10-2021 12:48:17.0451 PM
[ReportManager] Attempting to run remotely on: [Linux-64], [GoogleChrome], [http://localhost:4444/wd/hub], Headless Execution. @16-10-2021 12:48:17.0452 PM
[ReportManager] Successfully Opened [GoogleChrome]. @16-10-2021 12:48:17.0779 PM
[ReportManager] Target URL: [https://www.google.com/ncr], and after redirection: [https://www.google.com] @16-10-2021 12:48:17.0794 PM
[ReportManager] Initial URL: [data:,] @16-10-2021 12:48:17.0847 PM
[ReportManager] Browser Action [NavigateToURL] successfully performed. With the following test data [https://www.google.com/ncr]. @16-10-2021 12:48:18.0828 P

################################################################################################################################################
Starting Execution:	[12 out of 23] test cases in the current suite
Test Method:		[tests.gui.google.G_Search_PageObjectModel_ThreadSafe.navigateToGoogleHomeAndAssertGoogleLogoIsDisplayed]
################################################################################################################################################
[ReportManager] File Action [DoesFileExist] successfully performed. With the following test data [File Path: "src/test/resources/DynamicObjectRepository/tests_gui_google_G_Search_PageObjectModel_ThreadSafe_navigateToGoogleHomeAndAssertGoogleLogoIsDisplayed_By_xpath_img_id_hplogo_or_alt_Google.png"]. @16-10-2021 12:48:18.0832 PM
[ReportManager] File Action [GetAbsolutePath] successfully performed. With the following test data [Relative Folder Path: "src/test/resources/DynamicObjectRepository/tests_gui_google_G_Search_PageObjectModel_ThreadSafe_navigateToGoogleHomeAndAssertGoogleLogoIsDisplayed_By_xpath_img_id_hplogo_or_alt_Google.png"]. @16-10-2021 12:48:18.0833 PM
[ReportManager] File Action [ReadFromImageFile] successfully performed. With the following test data [File Path: "/home/runner/work/using_SHAFT_ENGINE/using_SHAFT_ENGINE/src/test/resources/DynamicObjectRepository/tests_gui_google_G_Search_PageObjectModel_ThreadSafe_navigateToGoogleHomeAndAssertGoogleLogoIsDisplayed_By_xpath_img_id_hplogo_or_alt_Google.png"]. @16-10-2021 12:48:18.0833 PM
[ReportManager] File Action [DoesFileExist] successfully performed. With the following test data [File Path: "src/test/resources/DynamicObjectRepository/tests_gui_google_G_Search_PageObjectModel_ThreadSafe_navigateToGoogleHomeAndAssertGoogleLogoIsDisplayed_By_xpath_img_id_hplogo_or_alt_Google.png"]. @16-10-2021 12:48:19.0045 PM
[ReportManager] File Action [DoesFileExist] successfully performed. With the following test data [File Path: "src/test/resources/DynamicObjectRepository/tests_gui_google_G_Search_PageObjectModel_ThreadSafe_navigateToGoogleHomeAndAssertGoogleLogoIsDisplayed_By_xpath_img_id_hplogo_or_alt_Google.png"]. @16-10-2021 12:48:19.0045 PM
[ReportManager] Loaded Shared OpenCV @16-10-2021 12:48:19.0045 PM
[ReportManager] Successfully identified the element using AI; OpenCV. @16-10-2021 12:48:19.0048 PM
[ReportManager] Assertion Passed: Asserting that the Google logo is displayed @16-10-2021 12:48:19.0049 PM
[ReportManager] Successfully created attachment [Validation Test Data - Reference Screenshot] @16-10-2021 12:48:19.0050 PM
[ReportManager] Successfully created attachment [Validation Test Data - Actual Screenshot] @16-10-2021 12:48:19.0050 PM
[ReportManager] Assertion [ValidateElementMatches] PASSED. Expected [Element should match the reference screenshot] and Actual [TRUE]. Comparison Type [EXACT_OPENCV]. Validation Type [POSITIVE]. @16-10-2021 12:48:19.0050 P
[ReportManager] Browser Action [CloseCurrentWindow] successfully performed. @16-10-2021 12:48:19.0204 PM
[ReportManager] Successfully created attachment [Browser Action Test Data - CloseCurrentWindow - Actual Value] @16-10-2021 12:48:19.0205 P
[ReportManager] File Action [GetAbsolutePath] successfully performed. With the following test data [Relative Folder Path: "target/downloadedFiles/"]. @16-10-2021 12:48:19.0213 PM
[ReportManager] Attempting to run remotely on: [Linux-64], [GoogleChrome], [http://localhost:4444/wd/hub], Headless Execution. @16-10-2021 12:48:19.0213 PM
[ReportManager] Successfully Opened [GoogleChrome]. @16-10-2021 12:48:19.0552 PM
[ReportManager] Target URL: [https://www.google.com/ncr], and after redirection: [https://www.google.com] @16-10-2021 12:48:19.0566 PM
[ReportManager] Initial URL: [data:,] @16-10-2021 12:48:19.0630 PM
[ReportManager] Browser Action [NavigateToURL] successfully performed. With the following test data [https://www.google.com/ncr]. @16-10-2021 12:48:20.0604 P

################################################################################################################################################
Starting Execution:	[13 out of 23] test cases in the current suite
Test Method:		[tests.gui.google.G_Search_PageObjectModel_ThreadSafe.navigateToGoogleHomeAndAssertPageTitle]
################################################################################################################################################
[ReportManager] Browser Action [GetCurrentWindowTitle] successfully performed. With the following test data [Google]. @16-10-2021 12:48:20.0663 PM
[ReportManager] Assertion Passed: Asserting that the page title is Google @16-10-2021 12:48:20.0818 PM
[ReportManager] Successfully created attachment [Screenshot - 1634388500754_navigateToGoogleHomeAndAssertPageTitle_ValidateBrowserAttribute_passed] @16-10-2021 12:48:20.0819 PM
[ReportManager] Assertion [ValidateBrowserAttribute] PASSED. Expected [Value Should be 'Google' for the 'Title' attribute] and Actual [Google]. Comparison Type [EQUALS]. Validation Type [POSITIVE]. @16-10-2021 12:48:20.0819 P
[ReportManager] Browser Action [CloseCurrentWindow] successfully performed. @16-10-2021 12:48:20.0975 PM
[ReportManager] Successfully created attachment [Browser Action Test Data - CloseCurrentWindow - Actual Value] @16-10-2021 12:48:20.0976 P
[ReportManager] File Action [GetAbsolutePath] successfully performed. With the following test data [Relative Folder Path: "target/downloadedFiles/"]. @16-10-2021 12:48:20.0983 PM
[ReportManager] Attempting to run remotely on: [Linux-64], [GoogleChrome], [http://localhost:4444/wd/hub], Headless Execution. @16-10-2021 12:48:20.0983 PM
[ReportManager] Successfully Opened [GoogleChrome]. @16-10-2021 12:48:21.0307 PM
[ReportManager] Target URL: [https://www.google.com/ncr], and after redirection: [https://www.google.com] @16-10-2021 12:48:21.0325 PM
[ReportManager] Initial URL: [data:,] @16-10-2021 12:48:21.0392 PM
[ReportManager] Browser Action [NavigateToURL] successfully performed. With the following test data [https://www.google.com/ncr]. @16-10-2021 12:48:22.0343 P

################################################################################################################################################
Starting Execution:	[14 out of 23] test cases in the current suite
Test Method:		[tests.gui.google.G_Search_PageObjectModel_ThreadSafe.searchForQueryAndAssertFirstResultTextIsCorrect]
################################################################################################################################################
[ReportManager] Element Action [Type] successfully performed. With the following test data [SHAFT_Engine]. @16-10-2021 12:48:23.0139 PM
[ReportManager] Element Action [KeyPress] successfully performed. With the following test data [ENTER]. @16-10-2021 12:48:24.0655 PM
[ReportManager] Element Action [GetText] successfully performed. With the following test data [SHAFT_ENGINE is a Test Automation Engine that ... - GitHub]. @16-10-2021 12:48:24.0768 PM
[ReportManager] Loaded Shared OpenCV @16-10-2021 12:48:24.0978 PM
[ReportManager] Assertion Failed: Asserting that the correct first result is displayed @16-10-2021 12:48:25.0059 PM
[ReportManager] Successfully created attachment [Screenshot - 1634388504978_searchForQueryAndAssertFirstResultTextIsCorrect_ValidateElementAttribute_failed] @16-10-2021 12:48:25.0061 PM
[ReportManager] Assertion [ValidateElementAttribute] FAILED. Expected [Value Should be 'MohabMohie' for the 'Text' attribute, element locator 'By.xpath: (//h1[contains(text(),'Search Result')]/following-sibling::div//a/h3)[1]'] and Actual [SHAFT_ENGINE is a Test Automation Engine that ... - GitHub]. Comparison Type [CONTAINS]. Validation Type [POSITIVE]. @16-10-2021 12:48:25.0062 P
[ReportManager] Browser Action [CloseCurrentWindow] successfully performed. @16-10-2021 12:48:25.0402 PM
[ReportManager] Successfully created attachment [Browser Action Test Data - CloseCurrentWindow - Actual Value] @16-10-2021 12:48:25.0405 P
[ReportManager] Successfully loaded the following test data file [src/test/resources/TestDataFiles/Google/SimpleSearch.xlsx]. @16-10-2021 12:48:25.0444 PM
[ReportManager] Successfully created attachment [Test Data - Excel] @16-10-2021 12:48:25.0445 P
[ReportManager] File Action [GetAbsolutePath] successfully performed. With the following test data [Relative Folder Path: "target/downloadedFiles/"]. @16-10-2021 12:48:25.0446 PM
[ReportManager] Attempting to run remotely on: [Linux-64], [GoogleChrome], [http://localhost:4444/wd/hub], Headless Execution. @16-10-2021 12:48:25.0446 PM
[ReportManager] Successfully Opened [GoogleChrome]. @16-10-2021 12:48:25.0720 PM
[ReportManager] Target URL: [https://www.google.com/ncr], and after redirection: [https://www.google.com] @16-10-2021 12:48:25.0734 PM
[ReportManager] Initial URL: [data:,] @16-10-2021 12:48:25.0794 PM
[ReportManager] Browser Action [NavigateToURL] successfully performed. With the following test data [https://www.google.com/ncr]. @16-10-2021 12:48:26.0779 P

################################################################################################################################################
Starting Execution:	[15 out of 23] test cases in the current suite
Test Method:		[tests.gui.google.F_Search_PageObjectModel_Fluent.navigateToGoogleHomeAndAssertGoogleLogoIsDisplayed]
################################################################################################################################################
[ReportManager] File Action [DoesFileExist] successfully performed. With the following test data [File Path: "src/test/resources/DynamicObjectRepository/tests_gui_google_F_Search_PageObjectModel_Fluent_navigateToGoogleHomeAndAssertGoogleLogoIsDisplayed_By_xpath_img_id_hplogo_or_alt_Google.png"]. @16-10-2021 12:48:26.0782 PM
[ReportManager] File Action [GetAbsolutePath] successfully performed. With the following test data [Relative Folder Path: "src/test/resources/DynamicObjectRepository/tests_gui_google_F_Search_PageObjectModel_Fluent_navigateToGoogleHomeAndAssertGoogleLogoIsDisplayed_By_xpath_img_id_hplogo_or_alt_Google.png"]. @16-10-2021 12:48:26.0782 PM
[ReportManager] File Action [ReadFromImageFile] successfully performed. With the following test data [File Path: "/home/runner/work/using_SHAFT_ENGINE/using_SHAFT_ENGINE/src/test/resources/DynamicObjectRepository/tests_gui_google_F_Search_PageObjectModel_Fluent_navigateToGoogleHomeAndAssertGoogleLogoIsDisplayed_By_xpath_img_id_hplogo_or_alt_Google.png"]. @16-10-2021 12:48:26.0785 PM
[ReportManager] File Action [DoesFileExist] successfully performed. With the following test data [File Path: "src/test/resources/DynamicObjectRepository/tests_gui_google_F_Search_PageObjectModel_Fluent_navigateToGoogleHomeAndAssertGoogleLogoIsDisplayed_By_xpath_img_id_hplogo_or_alt_Google.png"]. @16-10-2021 12:48:27.0010 PM
[ReportManager] File Action [DoesFileExist] successfully performed. With the following test data [File Path: "src/test/resources/DynamicObjectRepository/tests_gui_google_F_Search_PageObjectModel_Fluent_navigateToGoogleHomeAndAssertGoogleLogoIsDisplayed_By_xpath_img_id_hplogo_or_alt_Google.png"]. @16-10-2021 12:48:27.0011 PM
[ReportManager] Loaded Shared OpenCV @16-10-2021 12:48:27.0011 PM
[ReportManager] Successfully identified the element using AI; OpenCV. @16-10-2021 12:48:27.0014 PM
[ReportManager] Assertion Passed: Asserting that the Google logo is displayed @16-10-2021 12:48:27.0014 PM
[ReportManager] Successfully created attachment [Validation Test Data - Reference Screenshot] @16-10-2021 12:48:27.0014 PM
[ReportManager] Successfully created attachment [Validation Test Data - Actual Screenshot] @16-10-2021 12:48:27.0015 PM
[ReportManager] Assertion [ValidateElementMatches] PASSED. Expected [Element should match the reference screenshot] and Actual [TRUE]. Comparison Type [EXACT_OPENCV]. Validation Type [POSITIVE]. @16-10-2021 12:48:27.0015 P
[ReportManager] Browser Action [CloseCurrentWindow] successfully performed. @16-10-2021 12:48:27.0166 PM
[ReportManager] Successfully created attachment [Browser Action Test Data - CloseCurrentWindow - Actual Value] @16-10-2021 12:48:27.0168 P
[ReportManager] File Action [GetAbsolutePath] successfully performed. With the following test data [Relative Folder Path: "target/downloadedFiles/"]. @16-10-2021 12:48:27.0170 PM
[ReportManager] Attempting to run remotely on: [Linux-64], [GoogleChrome], [http://localhost:4444/wd/hub], Headless Execution. @16-10-2021 12:48:27.0170 PM
[ReportManager] Successfully Opened [GoogleChrome]. @16-10-2021 12:48:27.0470 PM
[ReportManager] Target URL: [https://www.google.com/ncr], and after redirection: [https://www.google.com] @16-10-2021 12:48:27.0482 PM
[ReportManager] Initial URL: [data:,] @16-10-2021 12:48:27.0539 PM
[ReportManager] Browser Action [NavigateToURL] successfully performed. With the following test data [https://www.google.com/ncr]. @16-10-2021 12:48:28.0528 P

################################################################################################################################################
Starting Execution:	[16 out of 23] test cases in the current suite
Test Method:		[tests.gui.google.F_Search_PageObjectModel_Fluent.navigateToGoogleHomeAndAssertPageTitle]
################################################################################################################################################
[ReportManager] Browser Action [GetCurrentWindowTitle] successfully performed. With the following test data [Google]. @16-10-2021 12:48:28.0581 PM
[ReportManager] Assertion Passed: Asserting that the page title is Google @16-10-2021 12:48:28.0703 PM
[ReportManager] Successfully created attachment [Screenshot - 1634388508662_navigateToGoogleHomeAndAssertPageTitle_ValidateBrowserAttribute_passed] @16-10-2021 12:48:28.0704 PM
[ReportManager] Assertion [ValidateBrowserAttribute] PASSED. Expected [Value Should be 'Google' for the 'Title' attribute] and Actual [Google]. Comparison Type [EQUALS]. Validation Type [POSITIVE]. @16-10-2021 12:48:28.0704 P
[ReportManager] Browser Action [CloseCurrentWindow] successfully performed. @16-10-2021 12:48:28.0845 PM
[ReportManager] Successfully created attachment [Browser Action Test Data - CloseCurrentWindow - Actual Value] @16-10-2021 12:48:28.0846 P
[ReportManager] File Action [GetAbsolutePath] successfully performed. With the following test data [Relative Folder Path: "target/downloadedFiles/"]. @16-10-2021 12:48:28.0855 PM
[ReportManager] Attempting to run remotely on: [Linux-64], [GoogleChrome], [http://localhost:4444/wd/hub], Headless Execution. @16-10-2021 12:48:28.0855 PM
[ReportManager] Successfully Opened [GoogleChrome]. @16-10-2021 12:48:29.0167 PM
[ReportManager] Target URL: [https://www.google.com/ncr], and after redirection: [https://www.google.com] @16-10-2021 12:48:29.0187 PM
[ReportManager] Initial URL: [data:,] @16-10-2021 12:48:29.0244 PM
[ReportManager] Browser Action [NavigateToURL] successfully performed. With the following test data [https://www.google.com/ncr]. @16-10-2021 12:48:30.0238 P

################################################################################################################################################
Starting Execution:	[17 out of 23] test cases in the current suite
Test Method:		[tests.gui.google.F_Search_PageObjectModel_Fluent.searchForQueryAndAssertFirstResultTextIsCorrect]
################################################################################################################################################
[ReportManager] Element Action [Type] successfully performed. With the following test data [SHAFT_Engine]. @16-10-2021 12:48:30.0993 PM
[ReportManager] Element Action [KeyPress] successfully performed. With the following test data [ENTER]. @16-10-2021 12:48:32.0553 PM
[ReportManager] Element Action [GetText] successfully performed. With the following test data [SHAFT_ENGINE is a Test Automation Engine that ... - GitHub]. @16-10-2021 12:48:32.0664 PM
[ReportManager] Loaded Shared OpenCV @16-10-2021 12:48:32.0900 PM
[ReportManager] Assertion Failed: Asserting that the correct first result is displayed @16-10-2021 12:48:32.0979 PM
[ReportManager] Successfully created attachment [Screenshot - 1634388512900_searchForQueryAndAssertFirstResultTextIsCorrect_ValidateElementAttribute_failed] @16-10-2021 12:48:32.0985 PM
[ReportManager] Assertion [ValidateElementAttribute] FAILED. Expected [Value Should be 'MohabMohie' for the 'Text' attribute, element locator 'By.xpath: (//h1[contains(text(),'Search Result')]/following-sibling::div//a/h3)[1]'] and Actual [SHAFT_ENGINE is a Test Automation Engine that ... - GitHub]. Comparison Type [CONTAINS]. Validation Type [POSITIVE]. @16-10-2021 12:48:32.0985 P
[ReportManager] Browser Action [CloseCurrentWindow] successfully performed. @16-10-2021 12:48:33.0245 PM
[ReportManager] Successfully created attachment [Browser Action Test Data - CloseCurrentWindow - Actual Value] @16-10-2021 12:48:33.0247 P
[ReportManager] File Action [GetAbsolutePath] successfully performed. With the following test data [Relative Folder Path: "target/downloadedFiles/"]. @16-10-2021 12:48:33.0253 PM
[ReportManager] Attempting to run remotely on: [Linux-64], [GoogleChrome], [http://localhost:4444/wd/hub], Headless Execution. @16-10-2021 12:48:33.0253 PM
[ReportManager] Successfully Opened [GoogleChrome]. @16-10-2021 12:48:33.0526 PM
[ReportManager] Target URL: [https://www.google.com/ncr], and after redirection: [https://www.google.com] @16-10-2021 12:48:33.0539 PM
[ReportManager] Initial URL: [data:,] @16-10-2021 12:48:33.0586 PM
[ReportManager] Browser Action [NavigateToURL] successfully performed. With the following test data [https://www.google.com/ncr]. @16-10-2021 12:48:34.0594 P

################################################################################################################################################
Starting Execution:	[18 out of 23] test cases in the current suite
Test Method:		[tests.gui.google.B_Search_FlatTest_SHAFT.navigateToGoogleHomeAndAssertGoogleLogoIsDisplayed]
################################################################################################################################################
[ReportManager] File Action [DoesFileExist] successfully performed. With the following test data [File Path: "src/test/resources/DynamicObjectRepository/tests_gui_google_B_Search_FlatTest_SHAFT_navigateToGoogleHomeAndAssertGoogleLogoIsDisplayed_By_xpath_img_id_hplogo_or_alt_Google.png"]. @16-10-2021 12:48:34.0599 PM
[ReportManager] File Action [GetAbsolutePath] successfully performed. With the following test data [Relative Folder Path: "src/test/resources/DynamicObjectRepository/tests_gui_google_B_Search_FlatTest_SHAFT_navigateToGoogleHomeAndAssertGoogleLogoIsDisplayed_By_xpath_img_id_hplogo_or_alt_Google.png"]. @16-10-2021 12:48:34.0599 PM
[ReportManager] File Action [ReadFromImageFile] successfully performed. With the following test data [File Path: "/home/runner/work/using_SHAFT_ENGINE/using_SHAFT_ENGINE/src/test/resources/DynamicObjectRepository/tests_gui_google_B_Search_FlatTest_SHAFT_navigateToGoogleHomeAndAssertGoogleLogoIsDisplayed_By_xpath_img_id_hplogo_or_alt_Google.png"]. @16-10-2021 12:48:34.0600 PM
[ReportManager] File Action [DoesFileExist] successfully performed. With the following test data [File Path: "src/test/resources/DynamicObjectRepository/tests_gui_google_B_Search_FlatTest_SHAFT_navigateToGoogleHomeAndAssertGoogleLogoIsDisplayed_By_xpath_img_id_hplogo_or_alt_Google.png"]. @16-10-2021 12:48:34.0814 PM
[ReportManager] File Action [DoesFileExist] successfully performed. With the following test data [File Path: "src/test/resources/DynamicObjectRepository/tests_gui_google_B_Search_FlatTest_SHAFT_navigateToGoogleHomeAndAssertGoogleLogoIsDisplayed_By_xpath_img_id_hplogo_or_alt_Google.png"]. @16-10-2021 12:48:34.0815 PM
[ReportManager] Loaded Shared OpenCV @16-10-2021 12:48:34.0815 PM
[ReportManager] Successfully identified the element using AI; OpenCV. @16-10-2021 12:48:34.0817 PM
[ReportManager] Assertion Passed: Asserting that the Google logo is displayed @16-10-2021 12:48:34.0818 PM
[ReportManager] Successfully created attachment [Validation Test Data - Reference Screenshot] @16-10-2021 12:48:34.0818 PM
[ReportManager] Successfully created attachment [Validation Test Data - Actual Screenshot] @16-10-2021 12:48:34.0819 PM
[ReportManager] Assertion [ValidateElementMatches] PASSED. Expected [Element should match the reference screenshot] and Actual [TRUE]. Comparison Type [EXACT_OPENCV]. Validation Type [POSITIVE]. @16-10-2021 12:48:34.0819 P
[ReportManager] Browser Action [CloseCurrentWindow] successfully performed. @16-10-2021 12:48:34.0969 PM
[ReportManager] Successfully created attachment [Browser Action Test Data - CloseCurrentWindow - Actual Value] @16-10-2021 12:48:34.0970 P
[ReportManager] File Action [GetAbsolutePath] successfully performed. With the following test data [Relative Folder Path: "target/downloadedFiles/"]. @16-10-2021 12:48:34.0976 PM
[ReportManager] Attempting to run remotely on: [Linux-64], [GoogleChrome], [http://localhost:4444/wd/hub], Headless Execution. @16-10-2021 12:48:34.0976 PM
[ReportManager] Successfully Opened [GoogleChrome]. @16-10-2021 12:48:35.0247 PM
[ReportManager] Target URL: [https://www.google.com/ncr], and after redirection: [https://www.google.com] @16-10-2021 12:48:35.0264 PM
[ReportManager] Initial URL: [data:,] @16-10-2021 12:48:35.0328 PM
[ReportManager] Browser Action [NavigateToURL] successfully performed. With the following test data [https://www.google.com/ncr]. @16-10-2021 12:48:36.0320 P

################################################################################################################################################
Starting Execution:	[19 out of 23] test cases in the current suite
Test Method:		[tests.gui.google.B_Search_FlatTest_SHAFT.navigateToGoogleHomeAndAssertPageTitle]
################################################################################################################################################
[ReportManager] Browser Action [GetCurrentWindowTitle] successfully performed. With the following test data [Google]. @16-10-2021 12:48:36.0362 PM
[ReportManager] Assertion Passed: Asserting that the page title is Google @16-10-2021 12:48:36.0489 PM
[ReportManager] Successfully created attachment [Screenshot - 1634388516446_navigateToGoogleHomeAndAssertPageTitle_ValidateBrowserAttribute_passed] @16-10-2021 12:48:36.0490 PM
[ReportManager] Assertion [ValidateBrowserAttribute] PASSED. Expected [Value Should be 'Google' for the 'Title' attribute] and Actual [Google]. Comparison Type [EQUALS]. Validation Type [POSITIVE]. @16-10-2021 12:48:36.0490 P
[ReportManager] Browser Action [CloseCurrentWindow] successfully performed. @16-10-2021 12:48:36.0625 PM
[ReportManager] Successfully created attachment [Browser Action Test Data - CloseCurrentWindow - Actual Value] @16-10-2021 12:48:36.0626 P
[ReportManager] File Action [GetAbsolutePath] successfully performed. With the following test data [Relative Folder Path: "target/downloadedFiles/"]. @16-10-2021 12:48:36.0630 PM
[ReportManager] Attempting to run remotely on: [Linux-64], [GoogleChrome], [http://localhost:4444/wd/hub], Headless Execution. @16-10-2021 12:48:36.0630 PM
[ReportManager] Successfully Opened [GoogleChrome]. @16-10-2021 12:48:36.0900 PM
[ReportManager] Target URL: [https://www.google.com/ncr], and after redirection: [https://www.google.com] @16-10-2021 12:48:36.0918 PM
[ReportManager] Initial URL: [data:,] @16-10-2021 12:48:37.0002 PM
[ReportManager] Browser Action [NavigateToURL] successfully performed. With the following test data [https://www.google.com/ncr]. @16-10-2021 12:48:37.0965 P

################################################################################################################################################
Starting Execution:	[20 out of 23] test cases in the current suite
Test Method:		[tests.gui.google.B_Search_FlatTest_SHAFT.searchForQueryAndAssertFirstResultTextIsCorrect]
################################################################################################################################################
[ReportManager] Element Action [Type] successfully performed. With the following test data [SHAFT_Engine]. @16-10-2021 12:48:38.0707 PM
[ReportManager] Element Action [KeyPress] successfully performed. With the following test data [ENTER]. @16-10-2021 12:48:40.0311 PM
[ReportManager] Element Action [GetText] successfully performed. With the following test data [SHAFT_ENGINE is a Test Automation Engine that ... - GitHub]. @16-10-2021 12:48:40.0418 PM
[ReportManager] Loaded Shared OpenCV @16-10-2021 12:48:40.0630 PM
[ReportManager] Assertion Failed: Asserting that the correct first result is displayed @16-10-2021 12:48:40.0700 PM
[ReportManager] Successfully created attachment [Screenshot - 1634388520630_searchForQueryAndAssertFirstResultTextIsCorrect_ValidateElementAttribute_failed] @16-10-2021 12:48:40.0702 PM
[ReportManager] Assertion [ValidateElementAttribute] FAILED. Expected [Value Should be 'MohabMohie' for the 'Text' attribute, element locator 'By.xpath: (//h1[contains(text(),'Search Result')]/following-sibling::div//a/h3)[1]'] and Actual [SHAFT_ENGINE is a Test Automation Engine that ... - GitHub]. Comparison Type [CONTAINS]. Validation Type [POSITIVE]. @16-10-2021 12:48:40.0702 P
[ReportManager] Browser Action [CloseCurrentWindow] successfully performed. @16-10-2021 12:48:40.0991 PM
[ReportManager] Successfully created attachment [Browser Action Test Data - CloseCurrentWindow - Actual Value] @16-10-2021 12:48:40.0994 P



################################################################################################################################################
Starting Execution:	[21 out of 23] test cases in the current suite
Test Method:		[tests.gui.google.A_Search_FlatTest_NativeSeleniumWebDriver.navigateToGoogleHomeAndAssertGoogleLogoIsDisplayed]
###############################################################################################################################################



################################################################################################################################################
Starting Execution:	[22 out of 23] test cases in the current suite
Test Method:		[tests.gui.google.A_Search_FlatTest_NativeSeleniumWebDriver.navigateToGoogleHomeAndAssertPageTitle]
###############################################################################################################################################



################################################################################################################################################
Starting Execution:	[23 out of 23] test cases in the current suite
Test Method:		[tests.gui.google.A_Search_FlatTest_NativeSeleniumWebDriver.searchForQueryAndAssertFirstResultTextIsCorrect]
###############################################################################################################################################


################################################################################################################################################
Test Closure Activities
################################################################################################################################################
[ReportManager] Successfully created attachment [SHAFT Engine Logs - Execution log] @16-10-2021 12:48:43.0846 PM

################################################################################################################################################
This test run was powered by SHAFT Engine Version: [SHAFT Engine v5.3.20210902]
SHAFT Engine is licensed under the MIT License: [https://github.com/MohabMohie/SHAFT_ENGINE/blob/master/LICENSE].
################################################################################################################################################