################################################################################################################################################
Detected SHAFT Engine Version: [SHAFT Engine v6.1.20220113]
################################################################################################################################################
[ReportManager] File Action [GetAbsolutePath] successfully performed. With the following test data [Relative Folder Path: "target/downloadedFiles/"]. @17-03-2022 01:50:19.0838 AM
[ReportManager] Attempting to run remotely on: [Linux-64], [GoogleChrome], [http://localhost:4444/wd/hub], Headless Execution. @17-03-2022 01:50:19.0851 AM
[ReportManager] Successfully Opened [GoogleChrome]. @17-03-2022 01:50:21.0777 AM
[ReportManager] Target URL: [https://www.google.com/ncr], and after redirection: [https://www.google.com] @17-03-2022 01:50:21.0792 AM
[ReportManager] Initial URL: [data:,] @17-03-2022 01:50:21.0948 AM
[ReportManager] Browser Action [NavigateToURL] successfully performed. With the following test data [https://www.google.com/ncr]. @17-03-2022 01:50:23.0519 A

################################################################################################################################################
Starting Execution:	[1 out of 23] test cases in the current suite
Test Method:		[tests.gui.google.C_Search_PageObjectModel_Traditional.navigateToGoogleHomeAndAssertGoogleLogoIsDisplayed]
################################################################################################################################################
[ReportManager] Element Action [IsElementDisplayed] successfully performed. @17-03-2022 01:50:23.0902 AM
[ReportManager] Assertion Passed: Asserting that the Google logo is displayed @17-03-2022 01:50:23.0917 AM
[ReportManager] Assertion [ValidateTrue] PASSED. Expected [TRUE] and Actual [TRUE]. Validation Type [POSITIVE]. @17-03-2022 01:50:23.0918 A
[ReportManager] Browser Action [CloseCurrentWindow] successfully performed. @17-03-2022 01:50:24.0108 AM
[ReportManager] Successfully created attachment [Browser Action Test Data - CloseCurrentWindow - Actual Value] @17-03-2022 01:50:24.0119 A
[ReportManager] File Action [GetAbsolutePath] successfully performed. With the following test data [Relative Folder Path: "target/downloadedFiles/"]. @17-03-2022 01:50:24.0143 AM
[ReportManager] Attempting to run remotely on: [Linux-64], [GoogleChrome], [http://localhost:4444/wd/hub], Headless Execution. @17-03-2022 01:50:24.0143 AM
[ReportManager] Successfully Opened [GoogleChrome]. @17-03-2022 01:50:24.0540 AM
[ReportManager] Target URL: [https://www.google.com/ncr], and after redirection: [https://www.google.com] @17-03-2022 01:50:24.0540 AM
[ReportManager] Initial URL: [data:,] @17-03-2022 01:50:24.0646 AM
[ReportManager] Browser Action [NavigateToURL] successfully performed. With the following test data [https://www.google.com/ncr]. @17-03-2022 01:50:25.0862 A

################################################################################################################################################
Starting Execution:	[2 out of 23] test cases in the current suite
Test Method:		[tests.gui.google.C_Search_PageObjectModel_Traditional.navigateToGoogleHomeAndAssertPageTitle]
################################################################################################################################################
[ReportManager] Browser Action [GetCurrentWindowTitle] successfully performed. With the following test data [Google]. @17-03-2022 01:50:25.0942 AM
[ReportManager] Assertion Passed: Asserting that the page title is Google @17-03-2022 01:50:25.0948 AM
[ReportManager] Assertion [ValidateEquals] PASSED. Expected [Google] and Actual [Google]. Comparison Type [EQUALS]. Validation Type [POSITIVE]. @17-03-2022 01:50:25.0948 A
[ReportManager] Browser Action [CloseCurrentWindow] successfully performed. @17-03-2022 01:50:26.0108 AM
[ReportManager] Successfully created attachment [Browser Action Test Data - CloseCurrentWindow - Actual Value] @17-03-2022 01:50:26.0113 A
[ReportManager] File Action [GetAbsolutePath] successfully performed. With the following test data [Relative Folder Path: "target/downloadedFiles/"]. @17-03-2022 01:50:26.0126 AM
[ReportManager] Attempting to run remotely on: [Linux-64], [GoogleChrome], [http://localhost:4444/wd/hub], Headless Execution. @17-03-2022 01:50:26.0126 AM
[ReportManager] Successfully Opened [GoogleChrome]. @17-03-2022 01:50:26.0520 AM
[ReportManager] Target URL: [https://www.google.com/ncr], and after redirection: [https://www.google.com] @17-03-2022 01:50:26.0520 AM
[ReportManager] Initial URL: [data:,] @17-03-2022 01:50:26.0611 AM
[ReportManager] Browser Action [NavigateToURL] successfully performed. With the following test data [https://www.google.com/ncr]. @17-03-2022 01:50:27.0847 A

################################################################################################################################################
Starting Execution:	[3 out of 23] test cases in the current suite
Test Method:		[tests.gui.google.C_Search_PageObjectModel_Traditional.searchForQueryAndAssertFirstResultTextIsCorrect]
################################################################################################################################################
[ReportManager] Element Action [Type] successfully performed. With the following test data [SHAFT_Engine]. @17-03-2022 01:50:28.0876 AM
[ReportManager] Element Action [KeyPress] successfully performed. With the following test data [ENTER]. @17-03-2022 01:50:30.0110 AM
[ReportManager] Element Action [GetText] successfully performed. With the following test data [SHAFT_ENGINE is a Test Automation Engine that ... - GitHub]. @17-03-2022 01:50:30.0260 AM
[ReportManager] Assertion Failed: Asserting that the correct first result is displayed @17-03-2022 01:50:30.0264 AM
[ReportManager] Assertion [ValidateEquals] FAILED. Expected [MohabMohie] and Actual [SHAFT_ENGINE is a Test Automation Engine that ... - GitHub]. Comparison Type [CONTAINS]. Validation Type [POSITIVE]. @17-03-2022 01:50:30.0264 A
[ReportManager] Browser Action [CloseCurrentWindow] successfully performed. @17-03-2022 01:50:30.0520 AM
[ReportManager] Successfully created attachment [Browser Action Test Data - CloseCurrentWindow - Actual Value] @17-03-2022 01:50:30.0536 A
[ReportManager] An Exception Occured with this Message: src/test/resources/testDataFiles/Google/SimpleSearch.xlsx (No such file or directory). @17-03-2022 01:50:30.0550 AM
[ReportManager] Successfully created attachment [Exception Stack Trace - java.io.FileNotFoundException] @17-03-2022 01:50:30.0551 AM
[ReportManager] Couldn't find the desired file. [src/test/resources/testDataFiles/Google/SimpleSearch.xlsx]. @17-03-2022 01:50:30.0551 A


################################################################################################################################################
Starting Execution:	[4 out of 23] test cases in the current suite
Test Method:		[tests.gui.google.D_Search_PageObjectModel_Traditional_DataDriven.navigateToGoogleHomeAndAssertGoogleLogoIsDisplayed]
###############################################################################################################################################



################################################################################################################################################
Starting Execution:	[5 out of 23] test cases in the current suite
Test Method:		[tests.gui.google.D_Search_PageObjectModel_Traditional_DataDriven.navigateToGoogleHomeAndAssertPageTitle]
###############################################################################################################################################



################################################################################################################################################
Starting Execution:	[6 out of 23] test cases in the current suite
Test Method:		[tests.gui.google.D_Search_PageObjectModel_Traditional_DataDriven.searchForQueryAndAssertFirstResultTextIsCorrect]
###############################################################################################################################################




################################################################################################################################################
Starting Execution:	[7 out of 23] test cases in the current suite
Test Method:		[tests.gui.google.A_Search_FlatTest_NativeSeleniumWebDriver.navigateToGoogleHomeAndAssertGoogleLogoIsDisplayed]
###############################################################################################################################################



################################################################################################################################################
Starting Execution:	[8 out of 23] test cases in the current suite
Test Method:		[tests.gui.google.A_Search_FlatTest_NativeSeleniumWebDriver.navigateToGoogleHomeAndAssertPageTitle]
###############################################################################################################################################



################################################################################################################################################
Starting Execution:	[9 out of 23] test cases in the current suite
Test Method:		[tests.gui.google.A_Search_FlatTest_NativeSeleniumWebDriver.searchForQueryAndAssertFirstResultTextIsCorrect]
###############################################################################################################################################

[ReportManager] An Exception Occured with this Message: src/test/resources/testDataFiles/Google/SimpleSearch.xlsx (No such file or directory). @17-03-2022 01:50:49.0242 AM
[ReportManager] Successfully created attachment [Exception Stack Trace - java.io.FileNotFoundException] @17-03-2022 01:50:49.0242 AM
[ReportManager] Couldn't find the desired file. [src/test/resources/testDataFiles/Google/SimpleSearch.xlsx]. @17-03-2022 01:50:49.0243 A


################################################################################################################################################
Starting Execution:	[10 out of 23] test cases in the current suite
Test Method:		[tests.gui.google.G_Search_PageObjectModel_ThreadSafe.navigateToGoogleHomeAndAssertGoogleLogoIsDisplayed]
###############################################################################################################################################



################################################################################################################################################
Starting Execution:	[11 out of 23] test cases in the current suite
Test Method:		[tests.gui.google.G_Search_PageObjectModel_ThreadSafe.navigateToGoogleHomeAndAssertPageTitle]
###############################################################################################################################################



################################################################################################################################################
Starting Execution:	[12 out of 23] test cases in the current suite
Test Method:		[tests.gui.google.G_Search_PageObjectModel_ThreadSafe.searchForQueryAndAssertFirstResultTextIsCorrect]
###############################################################################################################################################

[ReportManager] An Exception Occured with this Message: src/test/resources/testDataFiles/Google/SimpleSearch.xlsx (No such file or directory). @17-03-2022 01:50:49.0278 AM
[ReportManager] Successfully created attachment [Exception Stack Trace - java.io.FileNotFoundException] @17-03-2022 01:50:49.0278 AM
[ReportManager] Couldn't find the desired file. [src/test/resources/testDataFiles/Google/SimpleSearch.xlsx]. @17-03-2022 01:50:49.0279 A


################################################################################################################################################
Starting Execution:	[13 out of 23] test cases in the current suite
Test Method:		[tests.gui.google.E_Search_PageObjectModel_Traditional_SHAFTAssertions.navigateToGoogleHomeAndAssertGoogleLogoIsDisplayed]
###############################################################################################################################################



################################################################################################################################################
Starting Execution:	[14 out of 23] test cases in the current suite
Test Method:		[tests.gui.google.E_Search_PageObjectModel_Traditional_SHAFTAssertions.navigateToGoogleHomeAndAssertPageTitle]
###############################################################################################################################################



################################################################################################################################################
Starting Execution:	[15 out of 23] test cases in the current suite
Test Method:		[tests.gui.google.E_Search_PageObjectModel_Traditional_SHAFTAssertions.searchForQueryAndAssertFirstResultTextIsCorrect]
###############################################################################################################################################

[ReportManager] An Exception Occured with this Message: src/test/resources/testDataFiles/Google/SimpleSearch.xlsx (No such file or directory). @17-03-2022 01:50:49.0322 AM
[ReportManager] Successfully created attachment [Exception Stack Trace - java.io.FileNotFoundException] @17-03-2022 01:50:49.0323 AM
[ReportManager] Couldn't find the desired file. [src/test/resources/testDataFiles/Google/SimpleSearch.xlsx]. @17-03-2022 01:50:49.0323 A


################################################################################################################################################
Starting Execution:	[16 out of 23] test cases in the current suite
Test Method:		[tests.gui.google.F_Search_PageObjectModel_Fluent.navigateToGoogleHomeAndAssertGoogleLogoIsDisplayed]
###############################################################################################################################################



################################################################################################################################################
Starting Execution:	[17 out of 23] test cases in the current suite
Test Method:		[tests.gui.google.F_Search_PageObjectModel_Fluent.navigateToGoogleHomeAndAssertPageTitle]
###############################################################################################################################################



################################################################################################################################################
Starting Execution:	[18 out of 23] test cases in the current suite
Test Method:		[tests.gui.google.F_Search_PageObjectModel_Fluent.searchForQueryAndAssertFirstResultTextIsCorrect]
###############################################################################################################################################

[ReportManager] File Action [GetAbsolutePath] successfully performed. With the following test data [Relative Folder Path: "target/downloadedFiles/"]. @17-03-2022 01:50:49.0345 AM
[ReportManager] Attempting to run remotely on: [Linux-64], [GoogleChrome], [http://localhost:4444/wd/hub], Headless Execution. @17-03-2022 01:50:49.0345 AM
[ReportManager] Successfully Opened [GoogleChrome]. @17-03-2022 01:50:49.0840 AM
[ReportManager] Target URL: [https://www.google.com/ncr], and after redirection: [https://www.google.com] @17-03-2022 01:50:49.0841 AM
[ReportManager] Initial URL: [data:,] @17-03-2022 01:50:49.0930 AM
[ReportManager] Browser Action [NavigateToURL] successfully performed. With the following test data [https://www.google.com/ncr]. @17-03-2022 01:50:51.0102 A

################################################################################################################################################
Starting Execution:	[19 out of 23] test cases in the current suite
Test Method:		[tests.gui.google.B_Search_FlatTest_SHAFT.navigateToGoogleHomeAndAssertGoogleLogoIsDisplayed]
################################################################################################################################################
[ReportManager] File Action [DoesFileExist] successfully performed. With the following test data [File Path: "src/main/resources/dynamicObjectRepository/tests_gui_google_B_Search_FlatTest_SHAFT_navigateToGoogleHomeAndAssertGoogleLogoIsDisplayed_By_xpath_img_id_hplogo_or_alt_Google.png"]. @17-03-2022 01:50:51.0109 AM
[ReportManager] File Action [GetAbsolutePath] successfully performed. With the following test data [Relative Folder Path: "src/main/resources/dynamicObjectRepository/tests_gui_google_B_Search_FlatTest_SHAFT_navigateToGoogleHomeAndAssertGoogleLogoIsDisplayed_By_xpath_img_id_hplogo_or_alt_Google.png"]. @17-03-2022 01:50:51.0110 AM
[ReportManager] File Action [ReadFromImageFile] successfully performed. With the following test data [File Path: "/home/runner/work/using_SHAFT_ENGINE/using_SHAFT_ENGINE/src/main/resources/dynamicObjectRepository/tests_gui_google_B_Search_FlatTest_SHAFT_navigateToGoogleHomeAndAssertGoogleLogoIsDisplayed_By_xpath_img_id_hplogo_or_alt_Google.png"]. @17-03-2022 01:50:51.0110 AM
[ReportManager] File Action [DoesFileExist] successfully performed. With the following test data [File Path: "src/main/resources/dynamicObjectRepository/tests_gui_google_B_Search_FlatTest_SHAFT_navigateToGoogleHomeAndAssertGoogleLogoIsDisplayed_By_xpath_img_id_hplogo_or_alt_Google.png"]. @17-03-2022 01:50:51.0463 AM
[ReportManager] File Action [DoesFileExist] successfully performed. With the following test data [File Path: "src/main/resources/dynamicObjectRepository/tests_gui_google_B_Search_FlatTest_SHAFT_navigateToGoogleHomeAndAssertGoogleLogoIsDisplayed_By_xpath_img_id_hplogo_or_alt_Google.png"]. @17-03-2022 01:50:51.0463 AM
[ReportManager] File Action [GetAbsolutePath] successfully performed. With the following test data [Relative Folder Path: "src/main/resources/dynamicObjectRepository/tests_gui_google_B_Search_FlatTest_SHAFT_navigateToGoogleHomeAndAssertGoogleLogoIsDisplayed_By_xpath_img_id_hplogo_or_alt_Google.png"]. @17-03-2022 01:50:51.0488 AM
[ReportManager] File Action [ReadFromImageFile] successfully performed. With the following test data [File Path: "/home/runner/work/using_SHAFT_ENGINE/using_SHAFT_ENGINE/src/main/resources/dynamicObjectRepository/tests_gui_google_B_Search_FlatTest_SHAFT_navigateToGoogleHomeAndAssertGoogleLogoIsDisplayed_By_xpath_img_id_hplogo_or_alt_Google.png"]. @17-03-2022 01:50:51.0488 AM
[ReportManager] Accuracy threshold is [80.0%] and the actual match accuracy is [10.7122503221035%]. @17-03-2022 01:50:51.0494 AM
[ReportManager] File Action [GetAbsolutePath] successfully performed. With the following test data [Relative Folder Path: "src/main/resources/dynamicObjectRepository/tests_gui_google_B_Search_FlatTest_SHAFT_navigateToGoogleHomeAndAssertGoogleLogoIsDisplayed_By_xpath_img_id_hplogo_or_alt_Google.png"]. @17-03-2022 01:50:51.0502 AM
[ReportManager] File Action [ReadFromImageFile] successfully performed. With the following test data [File Path: "/home/runner/work/using_SHAFT_ENGINE/using_SHAFT_ENGINE/src/main/resources/dynamicObjectRepository/tests_gui_google_B_Search_FlatTest_SHAFT_navigateToGoogleHomeAndAssertGoogleLogoIsDisplayed_By_xpath_img_id_hplogo_or_alt_Google.png"]. @17-03-2022 01:50:51.0502 AM
[ReportManager] Accuracy threshold is [70.0%] and the actual match accuracy is [0.0%]. @17-03-2022 01:50:51.0506 AM
[ReportManager] File Action [GetAbsolutePath] successfully performed. With the following test data [Relative Folder Path: "src/main/resources/dynamicObjectRepository/tests_gui_google_B_Search_FlatTest_SHAFT_navigateToGoogleHomeAndAssertGoogleLogoIsDisplayed_By_xpath_img_id_hplogo_or_alt_Google.png"]. @17-03-2022 01:50:51.0515 AM
[ReportManager] File Action [ReadFromImageFile] successfully performed. With the following test data [File Path: "/home/runner/work/using_SHAFT_ENGINE/using_SHAFT_ENGINE/src/main/resources/dynamicObjectRepository/tests_gui_google_B_Search_FlatTest_SHAFT_navigateToGoogleHomeAndAssertGoogleLogoIsDisplayed_By_xpath_img_id_hplogo_or_alt_Google.png"]. @17-03-2022 01:50:51.0515 AM
[ReportManager] Accuracy threshold is [60.0%] and the actual match accuracy is [16.07392579317093%]. @17-03-2022 01:50:51.0519 AM
[ReportManager] Assertion Failed: Asserting that the Google logo is displayed @17-03-2022 01:50:51.0520 AM
[ReportManager] Successfully created attachment [Validation Test Data - Reference Screenshot] @17-03-2022 01:50:51.0520 AM
[ReportManager] Successfully created attachment [Validation Test Data - Actual Screenshot] @17-03-2022 01:50:51.0521 AM
[ReportManager] Assertion [ValidateElementMatches] FAILED. Expected [Element should match the reference screenshot] and Actual [FALSE]. Comparison Type [EXACT_OPENCV]. Validation Type [POSITIVE]. @17-03-2022 01:50:51.0521 A
[ReportManager] Browser Action [CloseCurrentWindow] successfully performed. @17-03-2022 01:50:51.0669 AM
[ReportManager] Successfully created attachment [Browser Action Test Data - CloseCurrentWindow - Actual Value] @17-03-2022 01:50:51.0670 A
[ReportManager] File Action [GetAbsolutePath] successfully performed. With the following test data [Relative Folder Path: "target/downloadedFiles/"]. @17-03-2022 01:50:51.0674 AM
[ReportManager] Attempting to run remotely on: [Linux-64], [GoogleChrome], [http://localhost:4444/wd/hub], Headless Execution. @17-03-2022 01:50:51.0674 AM
[ReportManager] Successfully Opened [GoogleChrome]. @17-03-2022 01:50:51.0911 AM
[ReportManager] Target URL: [https://www.google.com/ncr], and after redirection: [https://www.google.com] @17-03-2022 01:50:51.0911 AM
[ReportManager] Initial URL: [data:,] @17-03-2022 01:50:52.0005 AM
[ReportManager] Browser Action [NavigateToURL] successfully performed. With the following test data [https://www.google.com/ncr]. @17-03-2022 01:50:53.0251 A

################################################################################################################################################
Starting Execution:	[20 out of 23] test cases in the current suite
Test Method:		[tests.gui.google.B_Search_FlatTest_SHAFT.navigateToGoogleHomeAndAssertPageTitle]
################################################################################################################################################
[ReportManager] Browser Action [GetCurrentWindowTitle] successfully performed. With the following test data [Google]. @17-03-2022 01:50:53.0314 AM
[ReportManager] Assertion Passed: Asserting that the page title is Google @17-03-2022 01:50:53.0993 AM
[ReportManager] Successfully created attachment [Screenshot - 1647481853590_navigateToGoogleHomeAndAssertPageTitle_ValidateBrowserAttribute_passed] @17-03-2022 01:50:54.0001 AM
[ReportManager] Assertion [ValidateBrowserAttribute] PASSED. Expected [Value Should be 'Google' for the 'Title' attribute] and Actual [Google]. Comparison Type [EQUALS]. Validation Type [POSITIVE]. @17-03-2022 01:50:54.0001 A
[ReportManager] Browser Action [CloseCurrentWindow] successfully performed. @17-03-2022 01:50:54.0142 AM
[ReportManager] Successfully created attachment [Browser Action Test Data - CloseCurrentWindow - Actual Value] @17-03-2022 01:50:54.0144 A
[ReportManager] File Action [GetAbsolutePath] successfully performed. With the following test data [Relative Folder Path: "target/downloadedFiles/"]. @17-03-2022 01:50:54.0150 AM
[ReportManager] Attempting to run remotely on: [Linux-64], [GoogleChrome], [http://localhost:4444/wd/hub], Headless Execution. @17-03-2022 01:50:54.0150 AM
[ReportManager] Successfully Opened [GoogleChrome]. @17-03-2022 01:50:54.0378 AM
[ReportManager] Target URL: [https://www.google.com/ncr], and after redirection: [https://www.google.com] @17-03-2022 01:50:54.0378 AM
[ReportManager] Initial URL: [data:,] @17-03-2022 01:50:54.0461 AM
[ReportManager] Browser Action [NavigateToURL] successfully performed. With the following test data [https://www.google.com/ncr]. @17-03-2022 01:50:55.0736 A

################################################################################################################################################
Starting Execution:	[21 out of 23] test cases in the current suite
Test Method:		[tests.gui.google.B_Search_FlatTest_SHAFT.searchForQueryAndAssertFirstResultTextIsCorrect]
################################################################################################################################################
[ReportManager] Element Action [Type] successfully performed. With the following test data [SHAFT_Engine]. @17-03-2022 01:50:56.0606 AM
[ReportManager] Element Action [KeyPress] successfully performed. With the following test data [ENTER]. @17-03-2022 01:50:58.0011 AM
[ReportManager] Element Action [GetText] successfully performed. With the following test data [SHAFT_ENGINE is a Test Automation Engine that ... - GitHub]. @17-03-2022 01:50:58.0148 AM
[ReportManager] Assertion Failed: Asserting that the correct first result is displayed @17-03-2022 01:50:58.0774 AM
[ReportManager] Successfully created attachment [Screenshot - 1647481858624_searchForQueryAndAssertFirstResultTextIsCorrect_ValidateElementAttribute_failed] @17-03-2022 01:50:58.0781 AM
[ReportManager] Assertion [ValidateElementAttribute] FAILED. Expected [Value Should be 'MohabMohie' for the 'Text' attribute, element locator 'By.xpath: (//h1[contains(text(),'Search Result')]/following-sibling::div//a/h3)[1]'] and Actual [SHAFT_ENGINE is a Test Automation Engine that ... - GitHub]. Comparison Type [CONTAINS]. Validation Type [POSITIVE]. @17-03-2022 01:50:58.0781 A
[ReportManager] Browser Action [CloseCurrentWindow] successfully performed. @17-03-2022 01:50:59.0040 AM
[ReportManager] Successfully created attachment [Browser Action Test Data - CloseCurrentWindow - Actual Value] @17-03-2022 01:50:59.0043 A

################################################################################################################################################
Starting Execution:	[22 out of 23] test cases in the current suite
Test Method:		[tests.cli.demo.cliTest.sampleTestCase]
################################################################################################################################################
[ReportManager] Attempting to perform the following command locally. Command: [ls] @17-03-2022 01:50:59.0050 AM
[ReportManager] Terminal Action [PerformTerminalCommands] successfully performed. With the following test data [Host Name: "localHost" | Command: "ls" | Exit Status: "0"]. @17-03-2022 01:50:59.0060 AM
[ReportManager] Successfully created attachment [Terminal Action Actual Result - Command Log] @17-03-2022 01:50:59.0060 AM
[ReportManager] Assertion Passed: Demoing local terminal actions @17-03-2022 01:50:59.0060 AM
[ReportManager] Assertion [ValidateEquals] PASSED. Expected [pom.xml] and Actual [LICENSE
README.md
allure-results
docker-compose_native.yml
docker-compose_zalenium.yml
extent-reports
generateJdkMac.sh
pom.xml
readMeImgs
src
target]. Comparison Type [CONTAINS]. Validation Type [POSITIVE]. @17-03-2022 01:50:59.0060 A

################################################################################################################################################
Starting Execution:	[23 out of 23] test cases in the current suite
Test Method:		[tests.api.users.UserData.validateUserEmail]
################################################################################################################################################
[ReportManager] Response status code: [200], status line: [HTTP/1.1 200 OK] @17-03-2022 01:51:01.0268 AM
[ReportManager] Assertion Passed: Evaluating the actual response status code against the expected one... @17-03-2022 01:51:01.0274 AM
[ReportManager] Assertion [ValidateComparativeRelation] PASSED. Expected [200] and Actual [200]. Comparison Type [EQUALS]. Validation Type [POSITIVE]. @17-03-2022 01:51:01.0274 AM
[ReportManager] API Action [PerformRequest] successfully performed. With the following test data [Request Type: "GET" | Target Status Code: "200" | Service URL: "https://jsonplaceholder.typicode.com/users" | Content Type: "*/*" | Response Time: "860ms"]. @17-03-2022 01:51:02.0298 AM
[ReportManager] Successfully created attachment [API Request - Specifications] @17-03-2022 01:51:02.0299 AM
[ReportManager] Successfully created attachment [API Response - JSON Body] @17-03-2022 01:51:02.0807 AM
[ReportManager] Assertion [ValidateEquals] PASSED. Expected and Actual values are attached. Comparison Type [CONTAINS]. Validation Type [POSITIVE]. @17-03-2022 01:51:02.0807 AM
[ReportManager] Successfully created attachment [Validation Test Data - Expected Value] @17-03-2022 01:51:02.0808 AM
[ReportManager] Successfully created attachment [Validation Test Data - Actual Value] @17-03-2022 01:51:02.0808 AM
[ReportManager] API Action [GetResponseJSONValueAsList] successfully performed. With the following test data [$]. @17-03-2022 01:51:02.0816 AM
[ReportManager] API Action [GetResponseJSONValue] successfully performed. With the following test data [name]. @17-03-2022 01:51:02.0839 AM
[ReportManager] API Action [GetResponseJSONValue] successfully performed. With the following test data [email]. @17-03-2022 01:51:02.0852 AM
[ReportManager] Assertion [ValidateEquals] PASSED. Expected [Sincere@april.biz] and Actual [Sincere@april.biz]. Comparison Type [EQUALS]. Validation Type [POSITIVE]. @17-03-2022 01:51:02.0852 AM
[ReportManager] API Action [GetResponseJSONValue] successfully performed. With the following test data [name]. @17-03-2022 01:51:02.0864 AM
[ReportManager] API Action [GetResponseJSONValue] successfully performed. With the following test data [name]. @17-03-2022 01:51:02.0876 AM
[ReportManager] API Action [GetResponseJSONValue] successfully performed. With the following test data [name]. @17-03-2022 01:51:02.0888 AM
[ReportManager] API Action [GetResponseJSONValue] successfully performed. With the following test data [name]. @17-03-2022 01:51:02.0900 AM
[ReportManager] API Action [GetResponseJSONValue] successfully performed. With the following test data [name]. @17-03-2022 01:51:02.0912 AM
[ReportManager] API Action [GetResponseJSONValue] successfully performed. With the following test data [name]. @17-03-2022 01:51:02.0923 AM
[ReportManager] API Action [GetResponseJSONValue] successfully performed. With the following test data [name]. @17-03-2022 01:51:02.0935 AM
[ReportManager] API Action [GetResponseJSONValue] successfully performed. With the following test data [name]. @17-03-2022 01:51:02.0947 AM
[ReportManager] API Action [GetResponseJSONValue] successfully performed. With the following test data [name]. @17-03-2022 01:51:02.0959 A
[ReportManager] Successfully created attachment [SHAFT Engine Logs - Execution log] @17-03-2022 01:51:02.0984 AM

################################################################################################################################################
This test run was powered by SHAFT Engine Version: [SHAFT Engine v6.1.20220113]
SHAFT Engine is licensed under the MIT License: [https://github.com/MohabMohie/SHAFT_ENGINE/blob/master/LICENSE].
################################################################################################################################################