################################################################################################################################################
Detected SHAFT Engine Version: [SHAFT Engine v6.1.20220113]
################################################################################################################################################
[ReportManager] File Action [GetAbsolutePath] successfully performed. With the following test data [Relative Folder Path: "target/downloadedFiles/"]. @04-02-2022 18:30:38.0003 PM
[ReportManager] Attempting to run remotely on: [Linux-64], [GoogleChrome], [http://localhost:4444/wd/hub], Headless Execution. @04-02-2022 18:30:38.0040 PM
[ReportManager] Successfully Opened [GoogleChrome]. @04-02-2022 18:30:40.0378 PM
[ReportManager] Target URL: [https://www.google.com/ncr], and after redirection: [https://www.google.com] @04-02-2022 18:30:40.0390 PM
[ReportManager] Initial URL: [data:,] @04-02-2022 18:30:40.0516 PM
[ReportManager] Browser Action [NavigateToURL] successfully performed. With the following test data [https://www.google.com/ncr]. @04-02-2022 18:30:41.0854 P

################################################################################################################################################
Starting Execution:	[1 out of 23] test cases in the current suite
Test Method:		[tests.gui.google.C_Search_PageObjectModel_Traditional.navigateToGoogleHomeAndAssertGoogleLogoIsDisplayed]
################################################################################################################################################
[ReportManager] Element Action [IsElementDisplayed] successfully performed. @04-02-2022 18:30:42.0299 PM
[ReportManager] Assertion Passed: Asserting that the Google logo is displayed @04-02-2022 18:30:42.0312 PM
[ReportManager] Assertion [ValidateTrue] PASSED. Expected [TRUE] and Actual [TRUE]. Validation Type [POSITIVE]. @04-02-2022 18:30:42.0313 P
[ReportManager] Browser Action [CloseCurrentWindow] successfully performed. @04-02-2022 18:30:42.0525 PM
[ReportManager] Successfully created attachment [Browser Action Test Data - CloseCurrentWindow - Actual Value] @04-02-2022 18:30:42.0531 P
[ReportManager] File Action [GetAbsolutePath] successfully performed. With the following test data [Relative Folder Path: "target/downloadedFiles/"]. @04-02-2022 18:30:42.0559 PM
[ReportManager] Attempting to run remotely on: [Linux-64], [GoogleChrome], [http://localhost:4444/wd/hub], Headless Execution. @04-02-2022 18:30:42.0560 PM
[ReportManager] Successfully Opened [GoogleChrome]. @04-02-2022 18:30:43.0154 PM
[ReportManager] Target URL: [https://www.google.com/ncr], and after redirection: [https://www.google.com] @04-02-2022 18:30:43.0154 PM
[ReportManager] Initial URL: [data:,] @04-02-2022 18:30:43.0260 PM
[ReportManager] Browser Action [NavigateToURL] successfully performed. With the following test data [https://www.google.com/ncr]. @04-02-2022 18:30:44.0374 P

################################################################################################################################################
Starting Execution:	[2 out of 23] test cases in the current suite
Test Method:		[tests.gui.google.C_Search_PageObjectModel_Traditional.navigateToGoogleHomeAndAssertPageTitle]
################################################################################################################################################
[ReportManager] Browser Action [GetCurrentWindowTitle] successfully performed. With the following test data [Google]. @04-02-2022 18:30:44.0432 PM
[ReportManager] Assertion Passed: Asserting that the page title is Google @04-02-2022 18:30:44.0448 PM
[ReportManager] Assertion [ValidateEquals] PASSED. Expected [Google] and Actual [Google]. Comparison Type [EQUALS]. Validation Type [POSITIVE]. @04-02-2022 18:30:44.0448 P
[ReportManager] Browser Action [CloseCurrentWindow] successfully performed. @04-02-2022 18:30:44.0623 PM
[ReportManager] Successfully created attachment [Browser Action Test Data - CloseCurrentWindow - Actual Value] @04-02-2022 18:30:44.0625 P
[ReportManager] File Action [GetAbsolutePath] successfully performed. With the following test data [Relative Folder Path: "target/downloadedFiles/"]. @04-02-2022 18:30:44.0636 PM
[ReportManager] Attempting to run remotely on: [Linux-64], [GoogleChrome], [http://localhost:4444/wd/hub], Headless Execution. @04-02-2022 18:30:44.0637 PM
[ReportManager] Successfully Opened [GoogleChrome]. @04-02-2022 18:30:45.0072 PM
[ReportManager] Target URL: [https://www.google.com/ncr], and after redirection: [https://www.google.com] @04-02-2022 18:30:45.0072 PM
[ReportManager] Initial URL: [data:,] @04-02-2022 18:30:45.0172 PM
[ReportManager] Browser Action [NavigateToURL] successfully performed. With the following test data [https://www.google.com/ncr]. @04-02-2022 18:30:46.0257 P

################################################################################################################################################
Starting Execution:	[3 out of 23] test cases in the current suite
Test Method:		[tests.gui.google.C_Search_PageObjectModel_Traditional.searchForQueryAndAssertFirstResultTextIsCorrect]
################################################################################################################################################
[ReportManager] Element Action [Type] successfully performed. With the following test data [SHAFT_Engine]. @04-02-2022 18:30:47.0226 PM
[ReportManager] Element Action [KeyPress] successfully performed. With the following test data [ENTER]. @04-02-2022 18:30:48.0780 PM
[ReportManager] Element Action [GetText] successfully performed. With the following test data [SHAFT: Unified Test Automation Engine - GitHub]. @04-02-2022 18:30:48.0920 PM
[ReportManager] Assertion Failed: Asserting that the correct first result is displayed @04-02-2022 18:30:48.0923 PM
[ReportManager] Assertion [ValidateEquals] FAILED. Expected [MohabMohie] and Actual [SHAFT: Unified Test Automation Engine - GitHub]. Comparison Type [CONTAINS]. Validation Type [POSITIVE]. @04-02-2022 18:30:48.0923 P
[ReportManager] Browser Action [CloseCurrentWindow] successfully performed. @04-02-2022 18:30:49.0310 PM
[ReportManager] Successfully created attachment [Browser Action Test Data - CloseCurrentWindow - Actual Value] @04-02-2022 18:30:49.0340 P
[ReportManager] An Exception Occured with this Message: src/test/resources/testDataFiles/Google/SimpleSearch.xlsx (No such file or directory). @04-02-2022 18:30:49.0356 PM
[ReportManager] Successfully created attachment [Exception Stack Trace - java.io.FileNotFoundException] @04-02-2022 18:30:49.0356 PM
[ReportManager] Couldn't find the desired file. [src/test/resources/testDataFiles/Google/SimpleSearch.xlsx]. @04-02-2022 18:30:49.0357 P


################################################################################################################################################
Starting Execution:	[4 out of 23] test cases in the current suite
Test Method:		[tests.gui.google.D_Search_PageObjectModel_Traditional_DataDriven.navigateToGoogleHomeAndAssertGoogleLogoIsDisplayed]
###############################################################################################################################################



################################################################################################################################################
Starting Execution:	[5 out of 23] test cases in the current suite
Test Method:		[tests.gui.google.D_Search_PageObjectModel_Traditional_DataDriven.navigateToGoogleHomeAndAssertPageTitle]
###############################################################################################################################################



################################################################################################################################################
Starting Execution:	[6 out of 23] test cases in the current suite
Test Method:		[tests.gui.google.D_Search_PageObjectModel_Traditional_DataDriven.searchForQueryAndAssertFirstResultTextIsCorrect]
###############################################################################################################################################




################################################################################################################################################
Starting Execution:	[7 out of 23] test cases in the current suite
Test Method:		[tests.gui.google.A_Search_FlatTest_NativeSeleniumWebDriver.navigateToGoogleHomeAndAssertGoogleLogoIsDisplayed]
###############################################################################################################################################



################################################################################################################################################
Starting Execution:	[8 out of 23] test cases in the current suite
Test Method:		[tests.gui.google.A_Search_FlatTest_NativeSeleniumWebDriver.navigateToGoogleHomeAndAssertPageTitle]
###############################################################################################################################################



################################################################################################################################################
Starting Execution:	[9 out of 23] test cases in the current suite
Test Method:		[tests.gui.google.A_Search_FlatTest_NativeSeleniumWebDriver.searchForQueryAndAssertFirstResultTextIsCorrect]
###############################################################################################################################################

[ReportManager] An Exception Occured with this Message: src/test/resources/testDataFiles/Google/SimpleSearch.xlsx (No such file or directory). @04-02-2022 18:31:10.0214 PM
[ReportManager] Successfully created attachment [Exception Stack Trace - java.io.FileNotFoundException] @04-02-2022 18:31:10.0214 PM
[ReportManager] Couldn't find the desired file. [src/test/resources/testDataFiles/Google/SimpleSearch.xlsx]. @04-02-2022 18:31:10.0217 P


################################################################################################################################################
Starting Execution:	[10 out of 23] test cases in the current suite
Test Method:		[tests.gui.google.G_Search_PageObjectModel_ThreadSafe.navigateToGoogleHomeAndAssertGoogleLogoIsDisplayed]
###############################################################################################################################################



################################################################################################################################################
Starting Execution:	[11 out of 23] test cases in the current suite
Test Method:		[tests.gui.google.G_Search_PageObjectModel_ThreadSafe.navigateToGoogleHomeAndAssertPageTitle]
###############################################################################################################################################



################################################################################################################################################
Starting Execution:	[12 out of 23] test cases in the current suite
Test Method:		[tests.gui.google.G_Search_PageObjectModel_ThreadSafe.searchForQueryAndAssertFirstResultTextIsCorrect]
###############################################################################################################################################

[ReportManager] An Exception Occured with this Message: src/test/resources/testDataFiles/Google/SimpleSearch.xlsx (No such file or directory). @04-02-2022 18:31:10.0250 PM
[ReportManager] Successfully created attachment [Exception Stack Trace - java.io.FileNotFoundException] @04-02-2022 18:31:10.0251 PM
[ReportManager] Couldn't find the desired file. [src/test/resources/testDataFiles/Google/SimpleSearch.xlsx]. @04-02-2022 18:31:10.0252 P


################################################################################################################################################
Starting Execution:	[13 out of 23] test cases in the current suite
Test Method:		[tests.gui.google.E_Search_PageObjectModel_Traditional_SHAFTAssertions.navigateToGoogleHomeAndAssertGoogleLogoIsDisplayed]
###############################################################################################################################################



################################################################################################################################################
Starting Execution:	[14 out of 23] test cases in the current suite
Test Method:		[tests.gui.google.E_Search_PageObjectModel_Traditional_SHAFTAssertions.navigateToGoogleHomeAndAssertPageTitle]
###############################################################################################################################################



################################################################################################################################################
Starting Execution:	[15 out of 23] test cases in the current suite
Test Method:		[tests.gui.google.E_Search_PageObjectModel_Traditional_SHAFTAssertions.searchForQueryAndAssertFirstResultTextIsCorrect]
###############################################################################################################################################

[ReportManager] An Exception Occured with this Message: src/test/resources/testDataFiles/Google/SimpleSearch.xlsx (No such file or directory). @04-02-2022 18:31:10.0287 PM
[ReportManager] Successfully created attachment [Exception Stack Trace - java.io.FileNotFoundException] @04-02-2022 18:31:10.0288 PM
[ReportManager] Couldn't find the desired file. [src/test/resources/testDataFiles/Google/SimpleSearch.xlsx]. @04-02-2022 18:31:10.0289 P


################################################################################################################################################
Starting Execution:	[16 out of 23] test cases in the current suite
Test Method:		[tests.gui.google.F_Search_PageObjectModel_Fluent.navigateToGoogleHomeAndAssertGoogleLogoIsDisplayed]
###############################################################################################################################################



################################################################################################################################################
Starting Execution:	[17 out of 23] test cases in the current suite
Test Method:		[tests.gui.google.F_Search_PageObjectModel_Fluent.navigateToGoogleHomeAndAssertPageTitle]
###############################################################################################################################################



################################################################################################################################################
Starting Execution:	[18 out of 23] test cases in the current suite
Test Method:		[tests.gui.google.F_Search_PageObjectModel_Fluent.searchForQueryAndAssertFirstResultTextIsCorrect]
###############################################################################################################################################

[ReportManager] File Action [GetAbsolutePath] successfully performed. With the following test data [Relative Folder Path: "target/downloadedFiles/"]. @04-02-2022 18:31:10.0320 PM
[ReportManager] Attempting to run remotely on: [Linux-64], [GoogleChrome], [http://localhost:4444/wd/hub], Headless Execution. @04-02-2022 18:31:10.0321 PM
[ReportManager] Successfully Opened [GoogleChrome]. @04-02-2022 18:31:10.0938 PM
[ReportManager] Target URL: [https://www.google.com/ncr], and after redirection: [https://www.google.com] @04-02-2022 18:31:10.0938 PM
[ReportManager] Initial URL: [data:,] @04-02-2022 18:31:11.0037 PM
[ReportManager] Browser Action [NavigateToURL] successfully performed. With the following test data [https://www.google.com/ncr]. @04-02-2022 18:31:12.0536 P

################################################################################################################################################
Starting Execution:	[19 out of 23] test cases in the current suite
Test Method:		[tests.gui.google.B_Search_FlatTest_SHAFT.navigateToGoogleHomeAndAssertGoogleLogoIsDisplayed]
################################################################################################################################################
[ReportManager] File Action [DoesFileExist] successfully performed. With the following test data [File Path: "src/main/resources/dynamicObjectRepository/tests_gui_google_B_Search_FlatTest_SHAFT_navigateToGoogleHomeAndAssertGoogleLogoIsDisplayed_By_xpath_img_id_hplogo_or_alt_Google.png"]. @04-02-2022 18:31:12.0545 PM
[ReportManager] File Action [GetAbsolutePath] successfully performed. With the following test data [Relative Folder Path: "src/main/resources/dynamicObjectRepository/tests_gui_google_B_Search_FlatTest_SHAFT_navigateToGoogleHomeAndAssertGoogleLogoIsDisplayed_By_xpath_img_id_hplogo_or_alt_Google.png"]. @04-02-2022 18:31:12.0545 PM
[ReportManager] File Action [ReadFromImageFile] successfully performed. With the following test data [File Path: "/home/runner/work/using_SHAFT_ENGINE/using_SHAFT_ENGINE/src/main/resources/dynamicObjectRepository/tests_gui_google_B_Search_FlatTest_SHAFT_navigateToGoogleHomeAndAssertGoogleLogoIsDisplayed_By_xpath_img_id_hplogo_or_alt_Google.png"]. @04-02-2022 18:31:12.0546 PM
[ReportManager] File Action [DoesFileExist] successfully performed. With the following test data [File Path: "src/main/resources/dynamicObjectRepository/tests_gui_google_B_Search_FlatTest_SHAFT_navigateToGoogleHomeAndAssertGoogleLogoIsDisplayed_By_xpath_img_id_hplogo_or_alt_Google.png"]. @04-02-2022 18:31:12.0898 PM
[ReportManager] File Action [DoesFileExist] successfully performed. With the following test data [File Path: "src/main/resources/dynamicObjectRepository/tests_gui_google_B_Search_FlatTest_SHAFT_navigateToGoogleHomeAndAssertGoogleLogoIsDisplayed_By_xpath_img_id_hplogo_or_alt_Google.png"]. @04-02-2022 18:31:12.0899 PM
[ReportManager] File Action [GetAbsolutePath] successfully performed. With the following test data [Relative Folder Path: "src/main/resources/dynamicObjectRepository/tests_gui_google_B_Search_FlatTest_SHAFT_navigateToGoogleHomeAndAssertGoogleLogoIsDisplayed_By_xpath_img_id_hplogo_or_alt_Google.png"]. @04-02-2022 18:31:12.0923 PM
[ReportManager] File Action [ReadFromImageFile] successfully performed. With the following test data [File Path: "/home/runner/work/using_SHAFT_ENGINE/using_SHAFT_ENGINE/src/main/resources/dynamicObjectRepository/tests_gui_google_B_Search_FlatTest_SHAFT_navigateToGoogleHomeAndAssertGoogleLogoIsDisplayed_By_xpath_img_id_hplogo_or_alt_Google.png"]. @04-02-2022 18:31:12.0924 PM
[ReportManager] Accuracy threshold is [80.0%] and the actual match accuracy is [9.397280216217041%]. @04-02-2022 18:31:12.0930 PM
[ReportManager] File Action [GetAbsolutePath] successfully performed. With the following test data [Relative Folder Path: "src/main/resources/dynamicObjectRepository/tests_gui_google_B_Search_FlatTest_SHAFT_navigateToGoogleHomeAndAssertGoogleLogoIsDisplayed_By_xpath_img_id_hplogo_or_alt_Google.png"]. @04-02-2022 18:31:12.0935 PM
[ReportManager] File Action [ReadFromImageFile] successfully performed. With the following test data [File Path: "/home/runner/work/using_SHAFT_ENGINE/using_SHAFT_ENGINE/src/main/resources/dynamicObjectRepository/tests_gui_google_B_Search_FlatTest_SHAFT_navigateToGoogleHomeAndAssertGoogleLogoIsDisplayed_By_xpath_img_id_hplogo_or_alt_Google.png"]. @04-02-2022 18:31:12.0935 PM
[ReportManager] Accuracy threshold is [70.0%] and the actual match accuracy is [0.0%]. @04-02-2022 18:31:12.0938 PM
[ReportManager] File Action [GetAbsolutePath] successfully performed. With the following test data [Relative Folder Path: "src/main/resources/dynamicObjectRepository/tests_gui_google_B_Search_FlatTest_SHAFT_navigateToGoogleHomeAndAssertGoogleLogoIsDisplayed_By_xpath_img_id_hplogo_or_alt_Google.png"]. @04-02-2022 18:31:12.0944 PM
[ReportManager] File Action [ReadFromImageFile] successfully performed. With the following test data [File Path: "/home/runner/work/using_SHAFT_ENGINE/using_SHAFT_ENGINE/src/main/resources/dynamicObjectRepository/tests_gui_google_B_Search_FlatTest_SHAFT_navigateToGoogleHomeAndAssertGoogleLogoIsDisplayed_By_xpath_img_id_hplogo_or_alt_Google.png"]. @04-02-2022 18:31:12.0944 PM
[ReportManager] Accuracy threshold is [60.0%] and the actual match accuracy is [16.84129536151886%]. @04-02-2022 18:31:12.0950 PM
[ReportManager] Assertion Failed: Asserting that the Google logo is displayed @04-02-2022 18:31:12.0950 PM
[ReportManager] Successfully created attachment [Validation Test Data - Reference Screenshot] @04-02-2022 18:31:12.0954 PM
[ReportManager] Successfully created attachment [Validation Test Data - Actual Screenshot] @04-02-2022 18:31:12.0955 PM
[ReportManager] Assertion [ValidateElementMatches] FAILED. Expected [Element should match the reference screenshot] and Actual [FALSE]. Comparison Type [EXACT_OPENCV]. Validation Type [POSITIVE]. @04-02-2022 18:31:12.0956 P
[ReportManager] Browser Action [CloseCurrentWindow] successfully performed. @04-02-2022 18:31:13.0140 PM
[ReportManager] Successfully created attachment [Browser Action Test Data - CloseCurrentWindow - Actual Value] @04-02-2022 18:31:13.0141 P
[ReportManager] File Action [GetAbsolutePath] successfully performed. With the following test data [Relative Folder Path: "target/downloadedFiles/"]. @04-02-2022 18:31:13.0145 PM
[ReportManager] Attempting to run remotely on: [Linux-64], [GoogleChrome], [http://localhost:4444/wd/hub], Headless Execution. @04-02-2022 18:31:13.0149 PM
[ReportManager] Successfully Opened [GoogleChrome]. @04-02-2022 18:31:13.0438 PM
[ReportManager] Target URL: [https://www.google.com/ncr], and after redirection: [https://www.google.com] @04-02-2022 18:31:13.0438 PM
[ReportManager] Initial URL: [data:,] @04-02-2022 18:31:13.0528 PM
[ReportManager] Browser Action [NavigateToURL] successfully performed. With the following test data [https://www.google.com/ncr]. @04-02-2022 18:31:14.0619 P

################################################################################################################################################
Starting Execution:	[20 out of 23] test cases in the current suite
Test Method:		[tests.gui.google.B_Search_FlatTest_SHAFT.navigateToGoogleHomeAndAssertPageTitle]
################################################################################################################################################
[ReportManager] Browser Action [GetCurrentWindowTitle] successfully performed. With the following test data [Google]. @04-02-2022 18:31:14.0671 PM
[ReportManager] Assertion Passed: Asserting that the page title is Google @04-02-2022 18:31:15.0332 PM
[ReportManager] Successfully created attachment [Screenshot - 1643999474930_navigateToGoogleHomeAndAssertPageTitle_ValidateBrowserAttribute_passed] @04-02-2022 18:31:15.0339 PM
[ReportManager] Assertion [ValidateBrowserAttribute] PASSED. Expected [Value Should be 'Google' for the 'Title' attribute] and Actual [Google]. Comparison Type [EQUALS]. Validation Type [POSITIVE]. @04-02-2022 18:31:15.0340 P
[ReportManager] Browser Action [CloseCurrentWindow] successfully performed. @04-02-2022 18:31:15.0507 PM
[ReportManager] Successfully created attachment [Browser Action Test Data - CloseCurrentWindow - Actual Value] @04-02-2022 18:31:15.0510 P
[ReportManager] File Action [GetAbsolutePath] successfully performed. With the following test data [Relative Folder Path: "target/downloadedFiles/"]. @04-02-2022 18:31:15.0514 PM
[ReportManager] Attempting to run remotely on: [Linux-64], [GoogleChrome], [http://localhost:4444/wd/hub], Headless Execution. @04-02-2022 18:31:15.0515 PM
[ReportManager] Successfully Opened [GoogleChrome]. @04-02-2022 18:31:15.0769 PM
[ReportManager] Target URL: [https://www.google.com/ncr], and after redirection: [https://www.google.com] @04-02-2022 18:31:15.0769 PM
[ReportManager] Initial URL: [data:,] @04-02-2022 18:31:15.0862 PM
[ReportManager] Browser Action [NavigateToURL] successfully performed. With the following test data [https://www.google.com/ncr]. @04-02-2022 18:31:17.0092 P

################################################################################################################################################
Starting Execution:	[21 out of 23] test cases in the current suite
Test Method:		[tests.gui.google.B_Search_FlatTest_SHAFT.searchForQueryAndAssertFirstResultTextIsCorrect]
################################################################################################################################################
[ReportManager] Element Action [Type] successfully performed. With the following test data [SHAFT_Engine]. @04-02-2022 18:31:18.0009 PM
[ReportManager] Element Action [KeyPress] successfully performed. With the following test data [ENTER]. @04-02-2022 18:31:19.0584 PM
[ReportManager] Element Action [GetText] successfully performed. With the following test data [SHAFT: Unified Test Automation Engine - GitHub]. @04-02-2022 18:31:19.0758 PM
[ReportManager] Assertion Failed: Asserting that the correct first result is displayed @04-02-2022 18:31:20.0500 PM
[ReportManager] Successfully created attachment [Screenshot - 1643999480310_searchForQueryAndAssertFirstResultTextIsCorrect_ValidateElementAttribute_failed] @04-02-2022 18:31:20.0509 PM
[ReportManager] Assertion [ValidateElementAttribute] FAILED. Expected [Value Should be 'MohabMohie' for the 'Text' attribute, element locator 'By.xpath: (//h1[contains(text(),'Search Result')]/following-sibling::div//a/h3)[1]'] and Actual [SHAFT: Unified Test Automation Engine - GitHub]. Comparison Type [CONTAINS]. Validation Type [POSITIVE]. @04-02-2022 18:31:20.0510 P
[ReportManager] Browser Action [CloseCurrentWindow] successfully performed. @04-02-2022 18:31:20.0764 PM
[ReportManager] Successfully created attachment [Browser Action Test Data - CloseCurrentWindow - Actual Value] @04-02-2022 18:31:20.0766 P

################################################################################################################################################
Starting Execution:	[22 out of 23] test cases in the current suite
Test Method:		[tests.cli.demo.cliTest.sampleTestCase]
################################################################################################################################################
[ReportManager] Attempting to perform the following command locally. Command: [ls] @04-02-2022 18:31:20.0779 PM
[ReportManager] Terminal Action [PerformTerminalCommands] successfully performed. With the following test data [Host Name: "localHost" | Command: "ls" | Exit Status: "0"]. @04-02-2022 18:31:20.0788 PM
[ReportManager] Successfully created attachment [Terminal Action Actual Result - Command Log] @04-02-2022 18:31:20.0789 PM
[ReportManager] Assertion Passed: Demoing local terminal actions @04-02-2022 18:31:20.0789 PM
[ReportManager] Assertion [ValidateEquals] PASSED. Expected [pom.xml] and Actual [LICENSE
README.md
allure-results
docker-compose_native.yml
docker-compose_zalenium.yml
extent-reports
pom.xml
readMeImgs
src
target]. Comparison Type [CONTAINS]. Validation Type [POSITIVE]. @04-02-2022 18:31:20.0789 P

################################################################################################################################################
Starting Execution:	[23 out of 23] test cases in the current suite
Test Method:		[tests.api.users.UserData.validateUserEmail]
################################################################################################################################################
[ReportManager] Response status code: [200], status line: [HTTP/1.1 200 OK] @04-02-2022 18:31:23.0036 PM
[ReportManager] Assertion Passed: Evaluating the actual response status code against the expected one... @04-02-2022 18:31:23.0041 PM
[ReportManager] Assertion [ValidateComparativeRelation] PASSED. Expected [200] and Actual [200]. Comparison Type [EQUALS]. Validation Type [POSITIVE]. @04-02-2022 18:31:23.0041 PM
[ReportManager] API Action [PerformRequest] successfully performed. With the following test data [Request Type: "GET" | Target Status Code: "200" | Service URL: "https://jsonplaceholder.typicode.com/users" | Content Type: "*/*" | Response Time: "830ms"]. @04-02-2022 18:31:24.0183 PM
[ReportManager] Successfully created attachment [API Request - Specifications] @04-02-2022 18:31:24.0183 PM
[ReportManager] Successfully created attachment [API Response - JSON Body] @04-02-2022 18:31:24.0425 PM
[ReportManager] Assertion [ValidateEquals] PASSED. Expected and Actual values are attached. Comparison Type [CONTAINS]. Validation Type [POSITIVE]. @04-02-2022 18:31:24.0425 PM
[ReportManager] Successfully created attachment [Validation Test Data - Expected Value] @04-02-2022 18:31:24.0426 PM
[ReportManager] Successfully created attachment [Validation Test Data - Actual Value] @04-02-2022 18:31:24.0426 PM
[ReportManager] API Action [GetResponseJSONValueAsList] successfully performed. With the following test data [$]. @04-02-2022 18:31:24.0437 PM
[ReportManager] API Action [GetResponseJSONValue] successfully performed. With the following test data [name]. @04-02-2022 18:31:24.0466 PM
[ReportManager] API Action [GetResponseJSONValue] successfully performed. With the following test data [email]. @04-02-2022 18:31:24.0479 PM
[ReportManager] Assertion [ValidateEquals] PASSED. Expected [Sincere@april.biz] and Actual [Sincere@april.biz]. Comparison Type [EQUALS]. Validation Type [POSITIVE]. @04-02-2022 18:31:24.0479 PM
[ReportManager] API Action [GetResponseJSONValue] successfully performed. With the following test data [name]. @04-02-2022 18:31:24.0491 PM
[ReportManager] API Action [GetResponseJSONValue] successfully performed. With the following test data [name]. @04-02-2022 18:31:24.0503 PM
[ReportManager] API Action [GetResponseJSONValue] successfully performed. With the following test data [name]. @04-02-2022 18:31:24.0515 PM
[ReportManager] API Action [GetResponseJSONValue] successfully performed. With the following test data [name]. @04-02-2022 18:31:24.0530 PM
[ReportManager] API Action [GetResponseJSONValue] successfully performed. With the following test data [name]. @04-02-2022 18:31:24.0545 PM
[ReportManager] API Action [GetResponseJSONValue] successfully performed. With the following test data [name]. @04-02-2022 18:31:24.0556 PM
[ReportManager] API Action [GetResponseJSONValue] successfully performed. With the following test data [name]. @04-02-2022 18:31:24.0567 PM
[ReportManager] API Action [GetResponseJSONValue] successfully performed. With the following test data [name]. @04-02-2022 18:31:24.0578 PM
[ReportManager] API Action [GetResponseJSONValue] successfully performed. With the following test data [name]. @04-02-2022 18:31:24.0593 P
[ReportManager] Successfully created attachment [SHAFT Engine Logs - Execution log] @04-02-2022 18:31:24.0615 PM

################################################################################################################################################
This test run was powered by SHAFT Engine Version: [SHAFT Engine v6.1.20220113]
SHAFT Engine is licensed under the MIT License: [https://github.com/MohabMohie/SHAFT_ENGINE/blob/master/LICENSE].
################################################################################################################################################